-2.21,1.78,9.50,0.06,-0.00,-0.02
-2.21,1.78,9.50,0.06,-0.00,-0.02
-2.21,1.78,9.50,0.06,-0.00,-0.02
-2.21,1.78,9.50,0.06,-0.00,-0.02
-2.21,1.78,9.50,0.06,-0.00,-0.02
-2.21,1.78,9.50,0.06,-0.00,-0.02
-2.19,1.79,9.50,0.09,0.00,-0.01
-2.19,1.79,9.50,0.09,0.00,-0.01
-2.19,1.79,9.50,0.09,0.00,-0.01
-2.19,1.79,9.50,0.09,0.00,-0.01
-2.19,1.79,9.50,0.09,0.00,-0.01
-2.23,2.00,9.49,0.12,-0.01,-0.03
-2.23,2.00,9.49,0.12,-0.01,-0.03
-2.23,2.00,9.49,0.12,-0.01,-0.03
-2.23,2.00,9.49,0.12,-0.01,-0.03
-2.23,2.00,9.49,0.12,-0.01,-0.03
-2.23,2.00,9.49,0.12,-0.01,-0.03
-2.13,1.99,9.38,0.07,-0.02,-0.02
-2.13,1.99,9.38,0.07,-0.02,-0.02
-2.13,1.99,9.38,0.07,-0.02,-0.02
-2.13,1.99,9.38,0.07,-0.02,-0.02
-2.13,1.99,9.38,0.07,-0.02,-0.02
-2.14,2.02,9.43,0.02,-0.01,-0.02
-2.14,2.02,9.43,0.02,-0.01,-0.02
-2.14,2.02,9.43,0.02,-0.01,-0.02
-2.14,2.02,9.43,0.02,-0.01,-0.02
-2.14,2.02,9.43,0.02,-0.01,-0.02
-2.14,2.00,9.46,0.02,-0.01,-0.02
-2.20,2.00,9.46,0.00,0.00,-0.01
-2.20,2.00,9.46,0.00,0.00,-0.01
-2.20,2.00,9.46,0.00,0.00,-0.01
-2.20,2.00,9.46,0.00,0.00,-0.01
-2.20,2.00,9.46,0.00,0.00,-0.01
-2.16,2.00,9.47,0.01,-0.01,-0.01
-2.16,2.00,9.47,0.01,-0.01,-0.01
-2.16,2.00,9.47,0.01,-0.01,-0.01
-2.16,2.00,9.47,0.01,-0.01,-0.01
-2.16,2.00,9.47,0.01,-0.01,-0.01
-2.16,2.01,9.46,0.01,-0.00,-0.01
-2.16,2.01,9.46,0.01,-0.00,-0.01
-2.16,2.01,9.46,0.01,-0.00,-0.01
-2.16,2.01,9.46,0.01,-0.00,-0.01
-2.16,2.01,9.46,0.01,-0.00,-0.01
-2.16,2.01,9.46,0.01,-0.00,-0.01
-2.17,2.01,9.46,0.01,0.00,-0.01
-2.17,2.01,9.46,0.01,0.00,-0.01
-2.17,2.01,9.46,0.01,0.00,-0.01
-2.17,2.01,9.46,0.01,0.00,-0.01
-2.17,2.01,9.46,0.01,0.00,-0.01
-2.15,2.00,9.45,0.01,0.00,-0.01
-2.15,2.00,9.45,0.01,0.00,-0.01
-2.15,2.00,9.45,0.01,0.00,-0.01
-2.15,2.00,9.45,0.01,0.00,-0.01
-2.15,2.00,9.45,0.01,0.00,-0.01
-2.15,2.00,9.45,0.01,0.00,-0.01
-2.20,2.02,9.46,0.01,0.00,-0.01
-2.20,2.02,9.46,0.01,0.00,-0.01
-2.20,2.02,9.46,0.01,0.00,-0.01
-2.20,2.02,9.46,0.01,0.00,-0.01
-2.20,2.02,9.46,0.01,0.00,-0.01
-2.15,2.00,9.45,0.01,-0.00,-0.01
-2.15,2.00,9.45,0.01,-0.00,-0.01
-2.15,2.00,9.45,0.01,-0.00,-0.01
-2.15,2.00,9.45,0.01,-0.00,-0.01
-2.15,2.00,9.45,0.01,-0.00,-0.01
-2.16,2.02,9.46,0.01,0.00,-0.01
-2.16,2.02,9.46,0.01,0.00,-0.01
-2.16,2.02,9.46,0.01,0.00,-0.01
-2.16,2.02,9.46,0.01,0.00,-0.01
-2.16,2.02,9.46,0.01,0.00,-0.01
-2.16,2.02,9.46,0.01,0.00,-0.01
-2.17,2.02,9.45,0.00,0.01,-0.01
-2.17,2.02,9.45,0.00,0.01,-0.01
-2.17,2.02,9.45,0.00,0.01,-0.01
-2.17,2.02,9.45,0.00,0.01,-0.01
-2.17,2.02,9.45,0.00,0.01,-0.01
-2.19,2.01,9.45,0.00,0.00,-0.02
-2.19,2.01,9.45,0.00,0.00,-0.02
-2.19,2.01,9.45,0.00,0.00,-0.02
-2.19,2.01,9.45,0.00,0.00,-0.02
-2.19,2.01,9.45,0.00,0.00,-0.02
-2.19,2.01,9.45,0.00,0.00,-0.02
-2.18,2.00,9.45,0.00,-0.00,-0.02
-2.18,2.00,9.45,0.00,-0.00,-0.02
-2.18,2.00,9.45,0.00,-0.00,-0.02
-2.18,2.00,9.45,0.00,-0.00,-0.02
-2.18,2.00,9.45,0.00,-0.00,-0.02
-2.18,1.99,9.45,0.00,-0.00,-0.02
-2.18,1.99,9.45,0.00,-0.00,-0.02
-2.18,1.99,9.45,0.00,-0.00,-0.02
-2.18,1.99,9.45,0.00,-0.00,-0.02
-2.18,1.99,9.45,0.00,-0.00,-0.02
-2.19,1.99,9.45,0.00,0.00,-0.02
-2.19,1.99,9.45,0.00,0.00,-0.02
-2.19,1.99,9.45,0.00,0.00,-0.02
-2.19,1.99,9.45,0.00,0.00,-0.02
-2.19,1.99,9.45,0.00,0.00,-0.02
-2.19,1.99,9.45,0.00,0.00,-0.02
-2.19,1.99,9.45,0.00,0.00,-0.02
-2.19,1.99,9.45,0.00,0.00,-0.02
-2.19,1.99,9.45,0.00,0.00,-0.02
-2.19,1.99,9.45,0.00,0.00,-0.02
-2.19,1.99,9.45,0.00,0.00,-0.02
-2.18,2.00,9.44,0.00,0.01,-0.02
-2.18,2.00,9.44,0.00,0.01,-0.02
-2.18,2.00,9.44,0.00,0.01,-0.02
-2.18,2.00,9.44,0.00,0.01,-0.02
-2.18,2.00,9.44,0.00,0.01,-0.02
-2.19,1.97,9.46,0.00,0.01,-0.02
-2.19,1.97,9.46,0.00,0.03,-0.02
-2.19,1.97,9.46,0.00,0.03,-0.02
-2.19,1.97,9.46,0.00,0.03,-0.02
-2.19,1.97,9.46,0.00,0.03,-0.02
-2.19,1.97,9.46,0.00,0.03,-0.02
-2.22,1.99,9.43,0.01,0.07,-0.03
-2.22,1.99,9.43,0.01,0.07,-0.03
-2.22,1.99,9.43,0.01,0.07,-0.03
-2.22,1.99,9.43,0.01,0.07,-0.03
-2.22,1.99,9.43,0.01,0.07,-0.03
-2.37,2.00,9.41,0.02,0.09,-0.04
-2.37,2.00,9.41,0.02,0.09,-0.04
-2.37,2.00,9.41,0.02,0.09,-0.04
-2.37,2.00,9.41,0.02,0.09,-0.04
-2.37,2.00,9.41,0.02,0.09,-0.04
-2.37,2.00,9.41,0.02,0.09,-0.04
-2.41,1.98,9.39,0.02,0.06,-0.03
-2.41,1.98,9.39,0.02,0.06,-0.03
-2.41,1.98,9.39,0.02,0.06,-0.03
-2.41,1.98,9.39,0.02,0.06,-0.03
-2.41,1.98,9.39,0.02,0.06,-0.03
-2.45,2.06,9.65,0.02,0.03,-0.02
-2.45,2.06,9.65,0.02,0.03,-0.02
-2.45,2.06,9.65,0.02,0.03,-0.02
-2.45,2.06,9.65,0.02,0.03,-0.02
-2.45,2.06,9.65,0.02,0.03,-0.02
-3.57,2.98,10.78,-0.01,0.30,-0.19
-3.57,2.98,10.78,-0.01,0.30,-0.19
-3.57,2.98,10.78,-0.01,0.30,-0.19
-3.57,2.98,10.78,-0.01,0.30,-0.19
-3.57,2.98,10.78,-0.01,0.30,-0.19
-3.57,2.98,10.78,-0.01,0.30,-0.19
-6.28,3.37,12.62,-0.24,0.81,-1.01
-6.28,3.37,12.62,-0.24,0.81,-1.01
-6.28,3.37,12.62,-0.24,0.81,-1.01
-6.28,3.37,12.62,-0.24,0.81,-1.01
-6.28,3.37,12.62,-0.24,0.81,-1.01
-5.28,1.13,12.50,-0.82,0.93,-2.19
-5.28,1.13,12.50,-0.82,0.93,-2.19
-5.28,1.13,12.50,-0.82,0.93,-2.19
-5.28,1.13,12.50,-0.82,0.93,-2.19
-5.28,1.13,12.50,-0.82,0.93,-2.19
-4.22,-2.08,9.69,-0.82,0.97,-3.17
-4.22,-2.08,9.69,-2.09,0.97,-3.17
-4.22,-2.08,9.69,-2.09,0.97,-3.17
-4.22,-2.08,9.69,-2.09,0.97,-3.17
-4.22,-2.08,9.69,-2.09,0.97,-3.17
-4.22,-2.08,9.69,-2.09,0.97,-3.17
-4.30,-5.53,8.09,-3.10,0.08,-3.23
-4.30,-5.53,8.09,-3.10,0.08,-3.23
-4.30,-5.53,8.09,-3.10,0.08,-3.23
-4.30,-5.53,8.09,-3.10,0.08,-3.23
-4.30,-5.53,8.09,-3.10,0.08,-3.23
-3.07,-7.26,5.99,-2.93,-0.57,-3.43
-3.07,-7.26,5.99,-2.93,-0.57,-3.43
-3.07,-7.26,5.99,-2.93,-0.57,-3.43
-3.07,-7.26,5.99,-2.93,-0.57,-3.43
-3.07,-7.26,5.99,-2.93,-0.57,-3.43
-1.57,-6.51,4.21,-1.82,-0.36,-3.66
-1.57,-6.51,4.21,-1.82,-0.36,-3.66
-1.57,-6.51,4.21,-1.82,-0.36,-3.66
-1.57,-6.51,4.21,-1.82,-0.36,-3.66
-1.57,-6.51,4.21,-1.82,-0.36,-3.66
-1.57,-6.51,4.21,-1.82,-0.36,-3.66
1.35,-5.79,2.94,-1.02,-0.59,-3.42
1.35,-5.79,2.94,-1.02,-0.59,-3.42
1.35,-5.79,2.94,-1.02,-0.59,-3.42
1.35,-5.79,2.94,-1.02,-0.59,-3.42
1.35,-5.79,2.94,-1.02,-0.59,-3.42
3.69,-4.64,2.55,-0.45,-0.11,-2.87
3.69,-4.64,2.55,-0.45,-0.11,-2.87
3.69,-4.64,2.55,-0.45,-0.11,-2.87
3.69,-4.64,2.55,-0.45,-0.11,-2.87
3.69,-4.64,2.55,-0.45,-0.11,-2.87
6.19,-3.71,2.50,-0.45,-0.11,-1.99
6.19,-3.71,2.50,0.07,-0.08,-1.99
6.19,-3.71,2.50,0.07,-0.08,-1.99
6.19,-3.71,2.50,0.07,-0.08,-1.99
6.19,-3.71,2.50,0.07,-0.08,-1.99
6.19,-3.71,2.50,0.07,-0.08,-1.99
7.27,-4.13,2.92,0.42,0.09,-0.78
7.27,-4.13,2.92,0.42,0.09,-0.78
7.27,-4.13,2.92,0.42,0.09,-0.78
7.27,-4.13,2.92,0.42,0.09,-0.78
7.27,-4.13,2.92,0.42,0.09,-0.78
7.01,-5.05,5.47,0.51,0.50,-0.14
7.01,-5.05,5.47,0.51,0.50,-0.14
7.01,-5.05,5.47,0.51,0.50,-0.14
7.01,-5.05,5.47,0.51,0.50,-0.14
7.01,-5.05,5.47,0.51,0.50,-0.14
7.01,-5.05,5.47,0.51,0.50,-0.14
6.50,-5.80,4.88,0.20,0.29,-0.07
6.50,-5.80,4.88,0.20,0.29,-0.07
6.50,-5.80,4.88,0.20,0.29,-0.07
6.50,-5.80,4.88,0.20,0.29,-0.07
6.50,-5.80,4.88,0.20,0.29,-0.07
6.56,-5.22,5.13,0.16,0.20,-0.10
6.56,-5.22,5.13,0.16,0.20,-0.10
6.56,-5.22,5.13,0.16,0.20,-0.10
6.56,-5.22,5.13,0.16,0.20,-0.10
6.56,-5.22,5.13,0.16,0.20,-0.10
6.87,-4.96,5.27,0.11,-0.03,0.09
6.87,-4.96,5.27,0.11,-0.03,0.09
6.87,-4.96,5.27,0.11,-0.03,0.09
6.87,-4.96,5.27,0.11,-0.03,0.09
6.87,-4.96,5.27,0.11,-0.03,0.09
6.87,-4.96,5.27,0.11,-0.03,0.09
8.42,-4.25,4.22,0.02,-0.22,0.49
8.42,-4.25,4.22,0.02,-0.22,0.49
8.42,-4.25,4.22,0.02,-0.22,0.49
8.42,-4.25,4.22,0.02,-0.22,0.49
8.42,-4.25,4.22,0.02,-0.22,0.49
8.28,-3.41,3.22,0.30,-0.88,1.51
8.28,-3.41,3.22,0.30,-0.88,1.51
8.28,-3.41,3.22,0.30,-0.88,1.51
8.28,-3.41,3.22,0.30,-0.88,1.51
8.28,-3.41,3.22,0.30,-0.88,1.51
4.34,-3.98,3.54,1.09,-1.45,2.80
4.34,-3.98,3.54,1.09,-1.45,2.80
4.34,-3.98,3.54,1.09,-1.45,2.80
4.34,-3.98,3.54,1.09,-1.45,2.80
4.34,-3.98,3.54,1.09,-1.45,2.80
4.34,-3.98,3.54,1.09,-1.45,2.80
0.18,-5.04,4.73,1.56,-1.10,2.92
0.18,-5.04,4.73,1.56,-1.10,2.92
0.18,-5.04,4.73,1.56,-1.10,2.92
0.18,-5.04,4.73,1.56,-1.10,2.92
0.18,-5.04,4.73,1.56,-1.10,2.92
-1.20,-5.53,6.04,1.49,-0.60,2.33
-1.20,-5.53,6.04,1.49,-0.60,2.33
-1.20,-5.53,6.04,1.49,-0.60,2.33
-1.20,-5.53,6.04,1.49,-0.60,2.33
-1.20,-5.53,6.04,1.49,-0.60,2.33
-1.77,-5.76,6.56,1.23,-0.16,1.86
-1.77,-5.76,6.56,1.23,-0.16,1.86
-1.77,-5.76,6.56,1.23,-0.16,1.86
-1.77,-5.76,6.56,1.23,-0.16,1.86
-1.77,-5.76,6.56,1.23,-0.16,1.86
-1.77,-5.76,6.56,1.23,-0.16,1.86
-1.47,-6.35,8.16,1.30,0.13,1.34
-1.47,-6.35,8.16,1.30,0.13,1.34
-1.47,-6.35,8.16,1.30,0.13,1.34
-1.47,-6.35,8.16,1.30,0.13,1.34
-1.47,-6.35,8.16,1.30,0.13,1.34
-0.06,-6.20,10.56,1.38,0.00,0.59
-0.06,-6.20,10.56,1.38,0.00,0.59
-0.06,-6.20,10.56,1.38,0.00,0.59
-0.06,-6.20,10.56,1.38,0.00,0.59
-0.06,-6.20,10.56,1.38,0.00,0.59
1.02,-6.06,9.95,1.38,0.36,0.30
1.02,-6.06,9.95,1.40,0.36,0.30
1.02,-6.06,9.95,1.40,0.36,0.30
1.02,-6.06,9.95,1.40,0.36,0.30
1.02,-6.06,9.95,1.40,0.36,0.30
1.02,-6.06,9.95,1.40,0.36,0.30
1.05,-3.98,10.00,1.92,0.45,0.46
1.05,-3.98,10.00,1.92,0.45,0.46
1.05,-3.98,10.00,1.92,0.45,0.46
1.05,-3.98,10.00,1.92,0.45,0.46
1.05,-3.98,10.00,1.92,0.45,0.46
-1.18,-2.06,11.43,2.43,0.06,0.97
-1.18,-2.06,11.43,2.43,0.06,0.97
-1.18,-2.06,11.43,2.43,0.06,0.97
-1.18,-2.06,11.43,2.43,0.06,0.97
-1.18,-2.06,11.43,2.43,0.06,0.97
-1.18,-2.06,11.43,2.43,0.06,0.97
-0.66,-0.48,10.56,2.38,-0.18,1.56
-0.66,-0.48,10.56,2.38,-0.18,1.56
-0.66,-0.48,10.56,2.38,-0.18,1.56
-0.66,-0.48,10.56,2.38,-0.18,1.56
-0.66,-0.48,10.56,2.38,-0.18,1.56
-1.41,1.55,12.43,1.55,0.60,1.15
-1.41,1.55,12.43,1.55,0.60,1.15
-1.41,1.55,12.43,1.55,0.60,1.15
-1.41,1.55,12.43,1.55,0.60,1.15
-1.41,1.55,12.43,1.55,0.60,1.15
-4.46,2.47,9.46,0.80,1.34,0.68
-4.46,2.47,9.46,0.80,1.34,0.68
-4.46,2.47,9.46,0.80,1.34,0.68
-4.46,2.47,9.46,0.80,1.34,0.68
-4.46,2.47,9.46,0.80,1.34,0.68
-4.46,2.47,9.46,0.80,1.34,0.68
-2.47,3.01,9.11,0.15,0.10,0.43
-2.47,3.01,9.11,0.15,0.10,0.43
-2.47,3.01,9.11,0.15,0.10,0.43
-2.47,3.01,9.11,0.15,0.10,0.43
-2.47,3.01,9.11,0.15,0.10,0.43
-0.69,2.57,9.58,0.05,-0.14,0.18
-0.69,2.57,9.58,0.05,-0.14,0.18
-0.69,2.57,9.58,0.05,-0.14,0.18
-0.69,2.57,9.58,0.05,-0.14,0.18
-0.69,2.57,9.58,0.05,-0.14,0.18
-0.69,2.57,9.58,0.05,-0.14,0.18
-2.55,2.35,9.33,-0.01,0.28,0.05
-2.55,2.35,9.33,-0.01,0.28,0.05
-2.55,2.35,9.33,-0.01,0.28,0.05
-2.55,2.35,9.33,-0.01,0.28,0.05
-2.55,2.35,9.33,-0.01,0.28,0.05
-2.04,2.50,9.33,0.01,0.03,0.01
-2.04,2.50,9.33,0.01,0.03,0.01
-2.04,2.50,9.33,0.01,0.03,0.01
-2.04,2.50,9.33,0.01,0.03,0.01
-2.04,2.50,9.33,0.01,0.03,0.01
-2.14,2.45,9.33,0.01,-0.00,-0.02
-2.14,2.45,9.33,0.01,-0.00,-0.02
-2.14,2.45,9.33,0.01,-0.00,-0.02
-2.14,2.45,9.33,0.01,-0.00,-0.02
-2.14,2.45,9.33,0.01,-0.00,-0.02
-2.14,2.45,9.33,0.01,-0.00,-0.02
-2.19,2.44,9.31,0.01,0.01,-0.02
-2.19,2.44,9.31,0.01,0.01,-0.02
-2.19,2.44,9.31,0.01,0.01,-0.02
-2.19,2.44,9.31,0.01,0.01,-0.02
-2.19,2.44,9.31,0.01,0.01,-0.02
-2.14,2.47,9.33,0.00,0.00,-0.03
-2.14,2.47,9.33,0.00,0.00,-0.03
-2.14,2.47,9.33,0.00,0.00,-0.03
-2.14,2.47,9.33,0.00,0.00,-0.03
-2.14,2.47,9.33,0.00,0.00,-0.03
-2.14,2.47,9.33,0.00,0.00,-0.03
-2.22,2.43,9.31,-0.00,0.02,-0.04
-2.22,2.43,9.31,-0.00,0.02,-0.04
-2.22,2.43,9.31,-0.00,0.02,-0.04
-2.22,2.43,9.31,-0.00,0.02,-0.04
-2.22,2.43,9.31,-0.00,0.02,-0.04
-2.23,2.42,9.32,0.00,0.01,-0.03
-2.23,2.42,9.32,0.00,0.01,-0.03
-2.23,2.42,9.32,0.00,0.01,-0.03
-2.23,2.42,9.32,0.00,0.01,-0.03
-2.23,2.42,9.32,0.00,0.01,-0.03
-2.24,2.42,9.33,0.00,0.01,-0.02
-2.24,2.42,9.33,0.00,0.01,-0.02
-2.24,2.42,9.33,0.00,0.01,-0.02
-2.24,2.42,9.33,0.00,0.01,-0.02
-2.24,2.42,9.33,0.00,0.01,-0.02
-2.24,2.42,9.33,0.00,0.01,-0.02
-2.23,2.42,9.33,0.01,0.00,-0.02
-2.23,2.42,9.33,0.01,0.00,-0.02
-2.23,2.42,9.33,0.01,0.00,-0.02
-2.23,2.42,9.33,0.01,0.00,-0.02
-2.23,2.42,9.33,0.01,0.00,-0.02
-2.23,2.44,9.32,0.01,0.00,-0.02
-2.23,2.44,9.32,0.01,0.00,-0.02
-2.23,2.44,9.32,0.01,0.00,-0.02
-2.23,2.44,9.32,0.01,0.00,-0.02
-2.23,2.44,9.32,0.01,0.00,-0.02
-2.23,2.43,9.35,0.01,0.00,-0.02
-2.23,2.43,9.35,0.01,0.00,-0.02
-2.23,2.43,9.35,0.01,0.00,-0.02
-2.23,2.43,9.35,0.01,0.00,-0.02
-2.23,2.43,9.35,0.01,0.00,-0.02
-2.23,2.43,9.35,0.01,0.00,-0.02
-2.26,2.43,9.30,0.00,0.01,-0.02
-2.26,2.43,9.30,0.00,0.01,-0.02
-2.26,2.43,9.30,0.00,0.01,-0.02
-2.26,2.43,9.30,0.00,0.01,-0.02
-2.26,2.43,9.30,0.00,0.01,-0.02
-2.24,2.42,9.33,0.01,-0.00,-0.02
-2.24,2.42,9.33,0.01,-0.00,-0.02
-2.24,2.42,9.33,0.01,-0.00,-0.02
-2.24,2.42,9.33,0.01,-0.00,-0.02
-2.24,2.42,9.33,0.01,-0.00,-0.02
-2.23,2.42,9.33,0.01,-0.00,-0.02
-2.23,2.42,9.33,0.01,0.00,-0.02
-2.23,2.42,9.33,0.01,0.00,-0.02
-2.23,2.42,9.33,0.01,0.00,-0.02
-2.23,2.42,9.33,0.01,0.00,-0.02
-2.23,2.42,9.33,0.01,0.00,-0.02
-2.26,2.42,9.34,0.01,0.00,-0.02
-2.26,2.42,9.34,0.01,0.00,-0.02
-2.26,2.42,9.34,0.01,0.00,-0.02
-2.26,2.42,9.34,0.01,0.00,-0.02
-2.26,2.42,9.34,0.01,0.00,-0.02
-2.26,2.45,9.32,0.01,0.00,-0.01
-2.26,2.45,9.32,0.01,0.00,-0.01
-2.26,2.45,9.32,0.01,0.00,-0.01
-2.26,2.45,9.32,0.01,0.00,-0.01
-2.26,2.45,9.32,0.01,0.00,-0.01
-2.26,2.45,9.32,0.01,0.00,-0.01
-2.25,2.43,9.33,0.01,0.00,-0.02
-2.25,2.43,9.33,0.01,0.00,-0.02
-2.25,2.43,9.33,0.01,0.00,-0.02
-2.25,2.43,9.33,0.01,0.00,-0.02
-2.25,2.43,9.33,0.01,0.00,-0.02
-2.25,2.44,9.34,0.01,-0.00,-0.01
-2.25,2.44,9.34,0.01,-0.00,-0.01
-2.25,2.44,9.34,0.01,-0.00,-0.01
-2.25,2.44,9.34,0.01,-0.00,-0.01
-2.25,2.44,9.34,0.01,-0.00,-0.01
-2.24,2.45,9.33,0.01,-0.00,-0.01
-2.24,2.45,9.33,0.01,-0.00,-0.01
-2.24,2.45,9.33,0.01,-0.00,-0.01
-2.24,2.45,9.33,0.01,-0.00,-0.01
-2.24,2.45,9.33,0.01,-0.00,-0.01
-2.24,2.45,9.33,0.01,-0.00,-0.01
-2.26,2.45,9.33,0.01,0.00,-0.01
-2.26,2.45,9.33,0.01,0.00,-0.01
-2.26,2.45,9.33,0.01,0.00,-0.01
-2.26,2.45,9.33,0.01,0.00,-0.01
-2.26,2.45,9.33,0.01,0.00,-0.01
-2.24,2.46,9.33,0.01,-0.00,-0.01
-2.24,2.46,9.33,0.01,-0.00,-0.01
-2.24,2.46,9.33,0.01,-0.00,-0.01
-2.24,2.46,9.33,0.01,-0.00,-0.01
-2.24,2.46,9.33,0.01,-0.00,-0.01
-2.24,2.46,9.33,0.01,-0.00,-0.01
-2.26,2.47,9.33,0.01,0.00,-0.01
-2.26,2.47,9.33,0.01,0.00,-0.01
-2.26,2.47,9.33,0.01,0.00,-0.01
-2.26,2.47,9.33,0.01,0.00,-0.01
-2.26,2.47,9.33,0.01,0.00,-0.01
-2.24,2.48,9.33,0.01,-0.00,-0.01
-2.24,2.48,9.33,0.01,-0.00,-0.01
-2.24,2.48,9.33,0.01,-0.00,-0.01
-2.24,2.48,9.33,0.01,-0.00,-0.01
-2.24,2.48,9.33,0.01,-0.00,-0.01
-2.25,2.47,9.34,0.01,0.01,-0.02
-2.25,2.47,9.34,0.01,0.01,-0.02
-2.25,2.47,9.34,0.01,0.01,-0.02
-2.25,2.47,9.34,0.01,0.01,-0.02
-2.25,2.47,9.34,0.01,0.01,-0.02
-2.25,2.47,9.34,0.01,0.01,-0.02
-2.29,2.53,9.38,0.00,0.02,-0.02
-2.29,2.53,9.38,0.00,0.02,-0.02
-2.29,2.53,9.38,0.00,0.02,-0.02
-2.29,2.53,9.38,0.00,0.02,-0.02
-2.29,2.53,9.38,0.00,0.02,-0.02
-2.50,2.78,9.77,-0.01,0.16,-0.09
-2.50,2.78,9.77,-0.01,0.16,-0.09
-2.50,2.78,9.77,-0.01,0.16,-0.09
-2.50,2.78,9.77,-0.01,0.16,-0.09
-2.50,2.78,9.77,-0.01,0.16,-0.09
-2.50,2.78,9.77,-0.01,0.16,-0.09
-4.46,3.49,11.33,-0.13,0.76,-0.52
-4.46,3.49,11.33,-0.13,0.76,-0.52
-4.46,3.49,11.33,-0.13,0.76,-0.52
-4.46,3.49,11.33,-0.13,0.76,-0.52
-4.46,3.49,11.33,-0.13,0.76,-0.52
-8.36,2.57,11.92,-0.48,1.66,-1.60
-8.36,2.57,11.92,-0.48,1.66,-1.60
-8.36,2.57,11.92,-0.48,1.66,-1.60
-8.36,2.57,11.92,-0.48,1.66,-1.60
-8.36,2.57,11.92,-0.48,1.66,-1.60
-7.09,0.08,10.02,-1.27,1.68,-3.16
-7.09,0.08,10.02,-1.27,1.68,-3.16
-7.09,0.08,10.02,-1.27,1.68,-3.16
-7.09,0.08,10.02,-1.27,1.68,-3.16
-7.09,0.08,10.02,-1.27,1.68,-3.16
-7.09,0.08,10.02,-1.27,1.68,-3.16
-6.26,-3.58,7.33,-2.28,1.55,-4.13
-6.26,-3.58,7.33,-2.28,1.55,-4.13
-6.26,-3.58,7.33,-2.28,1.55,-4.13
-6.26,-3.58,7.33,-2.28,1.55,-4.13
-6.26,-3.58,7.33,-2.28,1.55,-4.13
-5.19,-5.66,5.07,-2.29,0.92,-4.10
-5.19,-5.66,5.07,-2.29,0.92,-4.10
-5.19,-5.66,5.07,-2.29,0.92,-4.10
-5.19,-5.66,5.07,-2.29,0.92,-4.10
-5.19,-5.66,5.07,-2.29,0.92,-4.10
-2.61,-5.58,3.17,-0.91,0.45,-4.15
-2.61,-5.58,3.17,-0.91,0.45,-4.15
-2.61,-5.58,3.17,-0.91,0.45,-4.15
-2.61,-5.58,3.17,-0.91,0.45,-4.15
-2.61,-5.58,3.17,-0.91,0.45,-4.15
-2.61,-5.58,3.17,-0.91,0.45,-4.15
-0.08,-5.54,3.51,-0.01,0.74,-3.63
-0.08,-5.54,3.51,-0.01,0.74,-3.63
-0.08,-5.54,3.51,-0.01,0.74,-3.63
-0.08,-5.54,3.51,-0.01,0.74,-3.63
-0.08,-5.54,3.51,-0.01,0.74,-3.63
1.97,-5.67,4.82,0.32,1.05,-2.71
1.97,-5.67,4.82,0.32,1.05,-2.71
1.97,-5.67,4.82,0.32,1.05,-2.71
1.97,-5.67,4.82,0.32,1.05,-2.71
1.97,-5.67,4.82,0.32,1.05,-2.71
2.41,-6.21,6.14,0.35,1.09,-1.66
2.41,-6.21,6.14,0.35,1.09,-1.66
2.41,-6.21,6.14,0.35,1.09,-1.66
2.41,-6.21,6.14,0.35,1.09,-1.66
2.41,-6.21,6.14,0.35,1.09,-1.66
2.41,-6.21,6.14,0.35,1.09,-1.66
2.51,-6.58,6.39,0.19,0.82,-0.78
2.51,-6.58,6.39,0.19,0.82,-0.78
2.51,-6.58,6.39,0.19,0.82,-0.78
2.51,-6.58,6.39,0.19,0.82,-0.78
2.51,-6.58,6.39,0.19,0.82,-0.78
1.03,-7.55,6.16,-0.01,0.65,-0.17
1.03,-7.55,6.16,-0.01,0.65,-0.17
1.03,-7.55,6.16,-0.01,0.65,-0.17
1.03,-7.55,6.16,-0.01,0.65,-0.17
1.03,-7.55,6.16,-0.01,0.65,-0.17
1.70,-7.38,6.64,0.09,0.39,-0.07
1.70,-7.38,6.64,0.09,0.39,-0.07
1.70,-7.38,6.64,0.09,0.39,-0.07
1.70,-7.38,6.64,0.09,0.39,-0.07
1.70,-7.38,6.64,0.09,0.39,-0.07
1.70,-7.38,6.64,0.09,0.39,-0.07
1.51,-7.48,6.29,0.05,0.09,-0.04
1.51,-7.48,6.29,0.05,0.09,-0.04
1.51,-7.48,6.29,0.05,0.09,-0.04
1.51,-7.48,6.29,0.05,0.09,-0.04
1.51,-7.48,6.29,0.05,0.09,-0.04
1.34,-7.49,6.18,-0.00,0.10,-0.06
1.34,-7.49,6.18,-0.00,0.10,-0.06
1.34,-7.49,6.18,-0.00,0.10,-0.06
1.34,-7.49,6.18,-0.00,0.10,-0.06
1.34,-7.49,6.18,-0.00,0.10,-0.06
1.27,-7.51,6.20,-0.00,0.05,0.01
1.27,-7.51,6.20,-0.00,0.05,0.01
1.27,-7.51,6.20,-0.00,0.05,0.01
1.27,-7.51,6.20,-0.00,0.05,0.01
1.27,-7.51,6.20,-0.00,0.05,0.01
1.27,-7.51,6.20,-0.00,0.05,0.01
1.40,-7.64,6.21,0.03,-0.05,0.04
1.40,-7.64,6.21,0.03,-0.05,0.04
1.40,-7.64,6.21,0.03,-0.05,0.04
1.40,-7.64,6.21,0.03,-0.05,0.04
1.40,-7.64,6.21,0.03,-0.05,0.04
1.43,-7.50,6.14,0.03,-0.10,0.08
1.43,-7.50,6.14,0.03,-0.10,0.08
1.43,-7.50,6.14,0.03,-0.10,0.08
1.43,-7.50,6.14,0.03,-0.10,0.08
1.43,-7.50,6.14,0.03,-0.10,0.08
1.38,-7.30,6.55,0.06,-0.18,0.14
1.38,-7.30,6.55,0.06,-0.18,0.14
1.38,-7.30,6.55,0.06,-0.18,0.14
1.38,-7.30,6.55,0.06,-0.18,0.14
1.38,-7.30,6.55,0.06,-0.18,0.14
1.38,-7.30,6.55,0.06,-0.18,0.14
2.29,-6.19,6.61,0.10,-0.79,0.28
2.29,-6.19,6.61,0.10,-0.79,0.28
2.29,-6.19,6.61,0.10,-0.79,0.28
2.29,-6.19,6.61,0.10,-0.79,0.28
2.29,-6.19,6.61,0.10,-0.79,0.28
3.48,-5.43,5.76,0.03,-1.69,0.93
3.48,-5.43,5.76,0.03,-1.69,0.93
3.48,-5.43,5.76,0.03,-1.69,0.93
3.48,-5.43,5.76,0.03,-1.69,0.93
3.48,-5.43,5.76,0.03,-1.69,0.93
2.11,-5.46,5.70,0.03,-1.69,2.06
2.11,-5.46,5.70,0.19,-1.67,2.06
2.11,-5.46,5.70,0.19,-1.67,2.06
2.11,-5.46,5.70,0.19,-1.67,2.06
2.11,-5.46,5.70,0.19,-1.67,2.06
2.11,-5.46,5.70,0.19,-1.67,2.06
0.15,-6.70,5.73,0.52,-2.31,2.80
0.15,-6.70,5.73,0.52,-2.31,2.80
0.15,-6.70,5.73,0.52,-2.31,2.80
0.15,-6.70,5.73,0.52,-2.31,2.80
0.15,-6.70,5.73,0.52,-2.31,2.80
-1.94,-7.12,6.33,0.83,-2.11,2.91
-1.94,-7.12,6.33,0.83,-2.11,2.91
-1.94,-7.12,6.33,0.83,-2.11,2.91
-1.94,-7.12,6.33,0.83,-2.11,2.91
-1.94,-7.12,6.33,0.83,-2.11,2.91
-1.94,-7.12,6.33,0.83,-2.11,2.91
-3.18,-7.06,7.70,0.91,-1.29,2.30
-3.18,-7.06,7.70,0.91,-1.29,2.30
-3.18,-7.06,7.70,0.91,-1.29,2.30
-3.18,-7.06,7.70,0.91,-1.29,2.30
-3.18,-7.06,7.70,0.91,-1.29,2.30
-2.47,-6.99,7.43,0.86,-0.97,1.50
-2.47,-6.99,7.43,0.86,-0.97,1.50
-2.47,-6.99,7.43,0.86,-0.97,1.50
-2.47,-6.99,7.43,0.86,-0.97,1.50
-2.47,-6.99,7.43,0.86,-0.97,1.50
-2.38,-5.91,7.97,0.90,-0.80,1.12
-2.38,-5.91,7.97,0.90,-0.80,1.12
-2.38,-5.91,7.97,0.90,-0.80,1.12
-2.38,-5.91,7.97,0.90,-0.80,1.12
-2.38,-5.91,7.97,0.90,-0.80,1.12
-2.38,-5.91,7.97,0.90,-0.80,1.12
-1.71,-5.10,8.20,0.99,-0.66,0.52
-1.71,-5.10,8.20,0.99,-0.66,0.52
-1.71,-5.10,8.20,0.99,-0.66,0.52
-1.71,-5.10,8.20,0.99,-0.66,0.52
-1.71,-5.10,8.20,0.99,-0.66,0.52
-0.45,-4.16,8.38,1.17,-0.40,0.31
-0.45,-4.16,8.38,1.17,-0.40,0.31
-0.45,-4.16,8.38,1.17,-0.40,0.31
-0.45,-4.16,8.38,1.17,-0.40,0.31
-0.45,-4.16,8.38,1.17,-0.40,0.31
0.03,-3.39,9.19,1.73,-0.25,0.63
0.03,-3.39,9.19,1.73,-0.25,0.63
0.03,-3.39,9.19,1.73,-0.25,0.63
0.03,-3.39,9.19,1.73,-0.25,0.63
0.03,-3.39,9.19,1.73,-0.25,0.63
0.03,-3.39,9.19,1.73,-0.25,0.63
-0.63,-2.02,10.33,2.00,-0.18,1.11
-0.63,-2.02,10.33,2.00,-0.18,1.11
-0.63,-2.02,10.33,2.00,-0.18,1.11
-0.63,-2.02,10.33,2.00,-0.18,1.11
-0.63,-2.02,10.33,2.00,-0.18,1.11
-1.05,0.13,11.47,1.96,-0.24,1.40
-1.05,0.13,11.47,1.96,-0.24,1.40
-1.05,0.13,11.47,1.96,-0.24,1.40
-1.05,0.13,11.47,1.96,-0.24,1.40
-1.05,0.13,11.47,1.96,-0.24,1.40
-1.05,0.13,11.47,1.96,-0.24,1.40
-0.58,2.02,10.91,1.59,-0.19,1.38
-0.58,2.02,10.91,1.59,-0.19,1.38
-0.58,2.02,10.91,1.59,-0.19,1.38
-0.58,2.02,10.91,1.59,-0.19,1.38
-0.58,2.02,10.91,1.59,-0.19,1.38
-0.96,1.62,9.14,0.87,0.64,0.92
-0.96,1.62,9.14,0.87,0.64,0.92
-0.96,1.62,9.14,0.87,0.64,0.92
-0.96,1.62,9.14,0.87,0.64,0.92
-0.96,1.62,9.14,0.87,0.64,0.92
-4.74,3.46,10.99,0.44,1.26,0.50
-4.74,3.46,10.99,0.44,1.26,0.50
-4.74,3.46,10.99,0.44,1.26,0.50
-4.74,3.46,10.99,0.44,1.26,0.50
-4.74,3.46,10.99,0.44,1.26,0.50
-4.74,3.46,10.99,0.44,1.26,0.50
-1.29,2.64,8.71,-0.11,0.13,0.35
-1.29,2.64,8.71,-0.11,0.13,0.35
-1.29,2.64,8.71,-0.11,0.13,0.35
-1.29,2.64,8.71,-0.11,0.13,0.35
-1.29,2.64,8.71,-0.11,0.13,0.35
-1.96,2.43,9.77,-0.00,0.16,0.03
-1.96,2.43,9.77,-0.00,0.16,0.03
-1.96,2.43,9.77,-0.00,0.16,0.03
-1.96,2.43,9.77,-0.00,0.16,0.03
-1.96,2.43,9.77,-0.00,0.16,0.03
-1.96,2.43,9.24,-0.00,0.16,0.03
-1.95,2.43,9.24,0.00,0.09,0.04
-1.95,2.43,9.24,0.00,0.09,0.04
-1.95,2.43,9.24,0.00,0.09,0.04
-1.95,2.43,9.24,0.00,0.09,0.04
-1.95,2.43,9.24,0.00,0.09,0.04
-1.93,2.52,9.43,0.03,0.02,0.02
-1.93,2.52,9.43,0.03,0.02,0.02
-1.93,2.52,9.43,0.03,0.02,0.02
-1.93,2.52,9.43,0.03,0.02,0.02
-1.93,2.52,9.43,0.03,0.02,0.02
-2.11,2.54,9.33,0.03,0.03,-0.00
-2.11,2.54,9.33,0.03,0.03,-0.00
-2.11,2.54,9.33,0.03,0.03,-0.00
-2.11,2.54,9.33,0.03,0.03,-0.00
-2.11,2.54,9.33,0.03,0.03,-0.00
-2.11,2.54,9.33,0.03,0.03,-0.00
-2.03,2.51,9.31,0.02,0.01,-0.01
-2.03,2.51,9.31,0.02,0.01,-0.01
-2.03,2.51,9.31,0.02,0.01,-0.01
-2.03,2.51,9.31,0.02,0.01,-0.01
-2.03,2.51,9.31,0.02,0.01,-0.01
-2.08,2.56,9.34,0.02,0.01,-0.01
-2.08,2.56,9.34,0.02,0.01,-0.01
-2.08,2.56,9.34,0.02,0.01,-0.01
-2.08,2.56,9.34,0.02,0.01,-0.01
-2.08,2.56,9.34,0.02,0.01,-0.01
-2.07,2.51,9.31,0.02,0.01,-0.01
-2.07,2.51,9.31,0.02,0.00,-0.01
-2.07,2.51,9.31,0.02,0.00,-0.01
-2.07,2.51,9.31,0.02,0.00,-0.01
-2.07,2.51,9.31,0.02,0.00,-0.01
-2.07,2.51,9.31,0.02,0.00,-0.01
-2.11,2.54,9.34,0.02,0.01,-0.01
-2.11,2.54,9.34,0.02,0.01,-0.01
-2.11,2.54,9.34,0.02,0.01,-0.01
-2.11,2.54,9.34,0.02,0.01,-0.01
-2.11,2.54,9.34,0.02,0.01,-0.01
-2.13,2.54,9.31,0.02,0.01,-0.01
-2.13,2.54,9.31,0.02,0.01,-0.01
-2.13,2.54,9.31,0.02,0.01,-0.01
-2.13,2.54,9.31,0.02,0.01,-0.01
-2.13,2.54,9.31,0.02,0.01,-0.01
-2.13,2.54,9.31,0.02,0.01,-0.01
-2.09,2.57,9.32,0.01,0.00,-0.01
-2.09,2.57,9.32,0.01,0.00,-0.01
-2.09,2.57,9.32,0.01,0.00,-0.01
-2.09,2.57,9.32,0.01,0.00,-0.01
-2.09,2.57,9.32,0.01,0.00,-0.01
-2.09,2.57,9.34,0.01,0.00,-0.01
-2.09,2.57,9.34,0.01,0.00,-0.01
-2.09,2.57,9.34,0.01,0.00,-0.01
-2.09,2.57,9.34,0.01,0.00,-0.01
-2.09,2.57,9.34,0.01,0.00,-0.01
-2.09,2.56,9.31,0.01,0.00,-0.02
-2.09,2.56,9.31,0.01,0.00,-0.02
-2.09,2.56,9.31,0.01,0.00,-0.02
-2.09,2.56,9.31,0.01,0.00,-0.02
-2.09,2.56,9.31,0.01,0.00,-0.02
-2.09,2.56,9.31,0.01,0.00,-0.02
-2.11,2.57,9.33,0.01,0.00,-0.02
-2.11,2.57,9.33,0.01,0.00,-0.02
-2.11,2.57,9.33,0.01,0.00,-0.02
-2.11,2.57,9.33,0.01,0.00,-0.02
-2.11,2.57,9.33,0.01,0.00,-0.02
-2.11,2.56,9.32,0.01,0.00,-0.02
-2.11,2.56,9.32,0.01,0.00,-0.02
-2.11,2.56,9.32,0.01,0.00,-0.02
-2.11,2.56,9.32,0.01,0.00,-0.02
-2.11,2.56,9.32,0.01,0.00,-0.02
-2.10,2.57,9.33,0.01,0.00,-0.02
-2.10,2.57,9.33,0.00,0.00,-0.02
-2.10,2.57,9.33,0.00,0.00,-0.02
-2.10,2.57,9.33,0.00,0.00,-0.02
-2.10,2.57,9.33,0.00,0.00,-0.02
-2.10,2.57,9.33,0.00,0.00,-0.02
-2.14,2.56,9.32,0.00,0.01,-0.02
-2.14,2.56,9.32,0.00,0.01,-0.02
-2.14,2.56,9.32,0.00,0.01,-0.02
-2.14,2.56,9.32,0.00,0.01,-0.02
-2.14,2.56,9.32,0.00,0.01,-0.02
-2.13,2.54,9.34,0.00,0.00,-0.02
-2.13,2.54,9.34,0.00,0.00,-0.02
-2.13,2.54,9.34,0.00,0.00,-0.02
-2.13,2.54,9.34,0.00,0.00,-0.02
-2.13,2.54,9.34,0.00,0.00,-0.02
-2.13,2.54,9.34,0.00,0.00,-0.02
-2.14,2.54,9.33,0.00,0.00,-0.02
-2.14,2.54,9.33,0.00,0.00,-0.02
-2.14,2.54,9.33,0.00,0.00,-0.02
-2.14,2.54,9.33,0.00,0.00,-0.02
-2.14,2.54,9.33,0.00,0.00,-0.02
-2.14,2.54,9.34,0.00,0.00,-0.02
-2.14,2.54,9.34,0.00,0.00,-0.02
-2.14,2.54,9.34,0.00,0.00,-0.02
-2.14,2.54,9.34,0.00,0.00,-0.02
-2.14,2.54,9.34,0.00,0.00,-0.02
-2.15,2.53,9.33,0.00,0.00,-0.02
-2.15,2.53,9.33,0.00,0.00,-0.02
-2.15,2.53,9.33,0.00,0.00,-0.02
-2.15,2.53,9.33,0.00,0.00,-0.02
-2.15,2.53,9.33,0.00,0.00,-0.02
-2.15,2.53,9.33,0.00,0.00,-0.02
-2.16,2.54,9.33,0.01,0.00,-0.02
-2.16,2.54,9.33,0.01,0.00,-0.02
-2.16,2.54,9.33,0.01,0.00,-0.02
-2.16,2.54,9.33,0.01,0.00,-0.02
-2.16,2.54,9.33,0.01,0.00,-0.02
-2.16,2.53,9.35,0.01,0.00,-0.02
-2.16,2.53,9.35,0.01,0.00,-0.02
-2.16,2.53,9.35,0.01,0.00,-0.02
-2.16,2.53,9.35,0.01,0.00,-0.02
-2.16,2.53,9.35,0.01,0.00,-0.02
-2.12,2.53,9.33,0.01,0.01,-0.02
-2.12,2.53,9.33,0.01,0.01,-0.02
-2.12,2.53,9.33,0.01,0.01,-0.02
-2.12,2.53,9.33,0.01,0.01,-0.02
-2.12,2.53,9.33,0.01,0.01,-0.02
-2.12,2.53,9.33,0.01,0.01,-0.02
-2.22,2.54,9.33,0.01,0.02,-0.02
-2.22,2.54,9.33,0.01,0.02,-0.02
-2.22,2.54,9.33,0.01,0.02,-0.02
-2.22,2.54,9.33,0.01,0.02,-0.02
-2.22,2.54,9.33,0.01,0.02,-0.02
-2.12,2.58,9.35,0.01,0.01,-0.02
-2.12,2.58,9.35,0.01,0.01,-0.02
-2.12,2.58,9.35,0.01,0.01,-0.02
-2.12,2.58,9.35,0.01,0.01,-0.02
-2.12,2.58,9.35,0.01,0.01,-0.02
-2.12,2.58,9.35,0.01,0.01,-0.02
-1.75,2.57,9.38,0.01,0.11,-0.05
-1.75,2.57,9.38,0.01,0.11,-0.05
-1.75,2.57,9.38,0.01,0.11,-0.05
-1.75,2.57,9.38,0.01,0.11,-0.05
-1.75,2.57,9.38,0.01,0.11,-0.05
-2.62,2.80,9.77,-0.04,0.53,-0.17
-2.62,2.80,9.77,-0.04,0.53,-0.17
-2.62,2.80,9.77,-0.04,0.53,-0.17
-2.62,2.80,9.77,-0.04,0.53,-0.17
-2.62,2.80,9.77,-0.04,0.53,-0.17
-5.35,3.52,11.03,-0.12,0.94,-0.64
-5.35,3.52,11.03,-0.12,0.94,-0.64
-5.35,3.52,11.03,-0.12,0.94,-0.64
-5.35,3.52,11.03,-0.12,0.94,-0.64
-5.35,3.52,11.03,-0.12,0.94,-0.64
-5.35,3.52,11.03,-0.12,0.94,-0.64
-8.41,2.62,11.39,-0.38,1.30,-1.61
-8.41,2.62,11.39,-0.38,1.30,-1.61
-8.41,2.62,11.39,-0.38,1.30,-1.61
-8.41,2.62,11.39,-0.38,1.30,-1.61
-8.41,2.62,11.39,-0.38,1.30,-1.61
-6.97,-0.03,10.25,-1.23,1.09,-2.53
-6.97,-0.03,10.25,-1.23,1.09,-2.53
-6.97,-0.03,10.25,-1.23,1.09,-2.53
-6.97,-0.03,10.25,-1.23,1.09,-2.53
-6.97,-0.03,10.25,-1.23,1.09,-2.53
-5.99,-2.54,8.00,-2.17,0.86,-3.35
-5.99,-2.54,8.00,-2.17,0.86,-3.35
-5.99,-2.54,8.00,-2.17,0.86,-3.35
-5.99,-2.54,8.00,-2.17,0.86,-3.35
-5.99,-2.54,8.00,-2.17,0.86,-3.35
-5.99,-2.54,8.00,-2.17,0.86,-3.35
-5.21,-5.23,5.82,-2.53,0.36,-3.49
-5.21,-5.23,5.82,-2.53,0.36,-3.49
-5.21,-5.23,5.82,-2.53,0.36,-3.49
-5.21,-5.23,5.82,-2.53,0.36,-3.49
-5.21,-5.23,5.82,-2.53,0.36,-3.49
-3.72,-5.57,4.19,-1.80,0.48,-3.93
-3.72,-5.57,4.19,-1.80,0.48,-3.93
-3.72,-5.57,4.19,-1.80,0.48,-3.93
-3.72,-5.57,4.19,-1.80,0.48,-3.93
-3.72,-5.57,4.19,-1.80,0.48,-3.93
-0.40,-5.33,3.18,-0.82,0.46,-3.84
-0.40,-5.33,3.18,-0.82,0.46,-3.84
-0.40,-5.33,3.18,-0.82,0.46,-3.84
-0.40,-5.33,3.18,-0.82,0.46,-3.84
-0.40,-5.33,3.18,-0.82,0.46,-3.84
2.35,-5.54,4.06,-0.19,0.73,-3.14
2.35,-5.54,4.06,-0.19,0.73,-3.14
2.35,-5.54,4.06,-0.19,0.73,-3.14
2.35,-5.54,4.06,-0.19,0.73,-3.14
2.35,-5.54,4.06,-0.19,0.73,-3.14
2.35,-5.54,4.06,-0.19,0.73,-3.14
3.89,-6.05,5.31,0.17,0.86,-2.00
3.89,-6.05,5.31,0.17,0.86,-2.00
3.89,-6.05,5.31,0.17,0.86,-2.00
3.89,-6.05,5.31,0.17,0.86,-2.00
3.89,-6.05,5.31,0.17,0.86,-2.00
3.87,-6.32,5.73,0.12,1.04,-0.92
3.87,-6.32,5.73,0.12,1.04,-0.92
3.87,-6.32,5.73,0.12,1.04,-0.92
3.87,-6.32,5.73,0.12,1.04,-0.92
3.87,-6.32,5.73,0.12,1.04,-0.92
3.87,-6.32,5.73,0.12,1.04,-0.92
2.09,-7.59,5.90,-0.12,0.99,-0.20
2.09,-7.59,5.90,-0.12,0.99,-0.20
2.09,-7.59,5.90,-0.12,0.99,-0.20
2.09,-7.59,5.90,-0.12,0.99,-0.20
2.09,-7.59,5.90,-0.12,0.99,-0.20
2.51,-7.84,6.30,-0.14,0.52,-0.12
2.51,-7.84,6.30,-0.14,0.52,-0.12
2.51,-7.84,6.30,-0.14,0.52,-0.12
2.51,-7.84,6.30,-0.14,0.52,-0.12
2.51,-7.84,6.30,-0.14,0.52,-0.12
1.80,-7.74,5.79,-0.08,0.21,-0.06
1.80,-7.74,5.79,-0.08,0.21,-0.06
1.80,-7.74,5.79,-0.08,0.21,-0.06
1.80,-7.74,5.79,-0.08,0.21,-0.06
1.80,-7.74,5.79,-0.08,0.21,-0.06
1.80,-7.74,5.79,-0.08,0.21,-0.06
2.00,-7.85,5.66,0.00,0.11,-0.03
2.00,-7.85,5.66,0.00,0.11,-0.03
2.00,-7.85,5.66,0.00,0.11,-0.03
2.00,-7.85,5.66,0.00,0.11,-0.03
2.00,-7.85,5.66,0.00,0.11,-0.03
2.07,-7.83,5.59,0.04,0.01,0.00
2.07,-7.83,5.59,0.04,0.01,0.00
2.07,-7.83,5.59,0.04,0.01,0.00
2.07,-7.83,5.59,0.04,0.01,0.00
2.07,-7.83,5.59,0.04,0.01,0.00
2.10,-7.87,5.67,0.05,-0.02,-0.00
2.10,-7.87,5.67,0.05,-0.02,-0.00
2.10,-7.87,5.67,0.05,-0.02,-0.00
2.10,-7.87,5.67,0.05,-0.02,-0.00
2.10,-7.87,5.67,0.05,-0.02,-0.00
2.10,-7.87,5.67,0.05,-0.02,-0.00
2.10,-7.78,5.61,0.06,-0.04,-0.00
2.10,-7.78,5.61,0.06,-0.04,-0.00
2.10,-7.78,5.61,0.06,-0.04,-0.00
2.10,-7.78,5.61,0.06,-0.04,-0.00
2.10,-7.78,5.61,0.06,-0.04,-0.00
2.14,-7.86,5.61,0.04,-0.03,0.01
2.14,-7.86,5.61,0.04,-0.03,0.01
2.14,-7.86,5.61,0.04,-0.03,0.01
2.14,-7.86,5.61,0.04,-0.03,0.01
2.14,-7.86,5.61,0.04,-0.03,0.01
2.13,-7.75,5.60,0.03,-0.01,0.00
2.13,-7.75,5.60,0.03,-0.01,0.00
2.13,-7.75,5.60,0.03,-0.01,0.00
2.13,-7.75,5.60,0.03,-0.01,0.00
2.13,-7.75,5.60,0.03,-0.01,0.00
2.13,-7.75,5.60,0.03,-0.01,0.00
2.16,-7.79,5.73,0.04,-0.03,-0.00
2.16,-7.79,5.73,0.04,-0.03,-0.00
2.16,-7.79,5.73,0.04,-0.03,-0.00
2.16,-7.79,5.73,0.04,-0.03,-0.00
2.16,-7.79,5.73,0.04,-0.03,-0.00
2.15,-7.79,5.81,0.07,-0.04,0.03
2.15,-7.79,5.81,0.07,-0.04,0.03
2.15,-7.79,5.81,0.07,-0.04,0.03
2.15,-7.79,5.81,0.07,-0.04,0.03
2.15,-7.79,5.81,0.07,-0.04,0.03
2.10,-7.72,6.01,0.11,-0.08,0.06
2.10,-7.72,6.01,0.11,-0.08,0.06
2.10,-7.72,6.01,0.11,-0.08,0.06
2.10,-7.72,6.01,0.11,-0.08,0.06
2.10,-7.72,6.01,0.11,-0.08,0.06
2.10,-7.72,6.01,0.11,-0.08,0.06
2.35,-7.17,6.18,0.13,-0.22,0.13
2.35,-7.17,6.18,0.13,-0.22,0.13
2.35,-7.17,6.18,0.13,-0.22,0.13
2.35,-7.17,6.18,0.13,-0.22,0.13
2.35,-7.17,6.18,0.13,-0.22,0.13
2.97,-6.58,5.99,0.08,-0.55,0.33
2.97,-6.58,5.99,0.08,-0.55,0.33
2.97,-6.58,5.99,0.08,-0.55,0.33
2.97,-6.58,5.99,0.08,-0.55,0.33
2.97,-6.58,5.99,0.08,-0.55,0.33
3.77,-6.18,5.98,0.08,-0.55,0.79
3.77,-6.18,5.98,0.12,-1.02,0.79
3.77,-6.18,5.98,0.12,-1.02,0.79
3.77,-6.18,5.98,0.12,-1.02,0.79
3.77,-6.18,5.98,0.12,-1.02,0.79
3.77,-6.18,5.98,0.12,-1.02,0.79
2.54,-6.25,6.05,0.41,-1.13,1.67
2.54,-6.25,6.05,0.41,-1.13,1.67
2.54,-6.25,6.05,0.41,-1.13,1.67
2.54,-6.25,6.05,0.41,-1.13,1.67
2.54,-6.25,6.05,0.41,-1.13,1.67
0.35,-6.27,5.69,0.57,-1.14,2.35
0.35,-6.27,5.69,0.57,-1.14,2.35
0.35,-6.27,5.69,0.57,-1.14,2.35
0.35,-6.27,5.69,0.57,-1.14,2.35
0.35,-6.27,5.69,0.57,-1.14,2.35
0.35,-6.27,5.69,0.57,-1.14,2.35
-0.87,-6.28,5.27,0.71,-2.05,2.53
-0.87,-6.28,5.27,0.71,-2.05,2.53
-0.87,-6.28,5.27,0.71,-2.05,2.53
-0.87,-6.28,5.27,0.71,-2.05,2.53
-0.87,-6.28,5.27,0.71,-2.05,2.53
-3.07,-5.90,5.76,0.89,-1.81,2.55
-3.07,-5.90,5.76,0.89,-1.81,2.55
-3.07,-5.90,5.76,0.89,-1.81,2.55
-3.07,-5.90,5.76,0.89,-1.81,2.55
-3.07,-5.90,5.76,0.89,-1.81,2.55
-4.07,-6.14,7.50,0.91,-1.18,2.01
-4.07,-6.14,7.50,0.91,-1.18,2.01
-4.07,-6.14,7.50,0.91,-1.18,2.01
-4.07,-6.14,7.50,0.91,-1.18,2.01
-4.07,-6.14,7.50,0.91,-1.18,2.01
-4.07,-6.14,7.50,0.91,-1.18,2.01
-2.10,-6.35,8.15,0.99,-0.81,1.16
-2.10,-6.35,8.15,0.99,-0.81,1.16
-2.10,-6.35,8.15,0.99,-0.81,1.16
-2.10,-6.35,8.15,0.99,-0.81,1.16
-2.10,-6.35,8.15,0.99,-0.81,1.16
-0.52,-5.38,8.44,1.18,-0.57,0.51
-0.52,-5.38,8.44,1.18,-0.57,0.51
-0.52,-5.38,8.44,1.18,-0.57,0.51
-0.52,-5.38,8.44,1.18,-0.57,0.51
-0.52,-5.38,8.44,1.18,-0.57,0.51
0.43,-4.27,9.01,1.11,-0.03,0.42
0.43,-4.27,9.01,1.11,-0.03,0.42
0.43,-4.27,9.01,1.11,-0.03,0.42
0.43,-4.27,9.01,1.11,-0.03,0.42
0.43,-4.27,9.01,1.11,-0.03,0.42
0.43,-4.27,9.01,1.11,-0.03,0.42
-0.82,-3.17,9.88,1.44,0.08,0.82
-0.82,-3.17,9.88,1.44,0.08,0.82
-0.82,-3.17,9.88,1.44,0.08,0.82
-0.82,-3.17,9.88,1.44,0.08,0.82
-0.82,-3.17,9.88,1.44,0.08,0.82
-2.49,-2.27,11.22,1.99,-0.17,1.27
-2.49,-2.27,11.22,1.99,-0.17,1.27
-2.49,-2.27,11.22,1.99,-0.17,1.27
-2.49,-2.27,11.22,1.99,-0.17,1.27
-2.49,-2.27,11.22,1.99,-0.17,1.27
-0.61,-0.04,12.23,2.56,-0.67,1.76
-0.61,-0.04,12.23,2.56,-0.67,1.76
-0.61,-0.04,12.23,2.56,-0.67,1.76
-0.61,-0.04,12.23,2.56,-0.67,1.76
-0.61,-0.04,12.23,2.56,-0.67,1.76
-0.61,-0.04,12.23,2.56,-0.67,1.76
-2.33,2.64,11.22,1.76,0.47,1.30
-2.33,2.64,11.22,1.76,0.47,1.30
-2.33,2.64,11.22,1.76,0.47,1.30
-2.33,2.64,11.22,1.76,0.47,1.30
-2.33,2.64,11.22,1.76,0.47,1.30
-1.74,2.25,8.07,0.48,0.53,0.74
-1.74,2.25,8.07,0.48,0.53,0.74
-1.74,2.25,8.07,0.48,0.53,0.74
-1.74,2.25,8.07,0.48,0.53,0.74
-1.74,2.25,8.07,0.48,0.53,0.74
-1.74,2.25,8.07,0.48,0.53,0.74
-3.58,3.19,9.86,0.15,0.41,0.25
-3.58,3.19,9.86,0.15,0.41,0.25
-3.58,3.19,9.86,0.15,0.41,0.25
-3.58,3.19,9.86,0.15,0.41,0.25
-3.58,3.19,9.86,0.15,0.41,0.25
-0.89,2.50,9.28,-0.05,-0.09,0.13
-0.89,2.50,9.28,-0.05,-0.09,0.13
-0.89,2.50,9.28,-0.05,-0.09,0.13
-0.89,2.50,9.28,-0.05,-0.09,0.13
-0.89,2.50,9.28,-0.05,-0.09,0.13
-0.89,2.50,9.28,-0.05,-0.09,0.13
-1.63,2.45,9.57,-0.02,0.13,0.03
-1.63,2.45,9.57,-0.02,0.13,0.03
-1.63,2.45,9.57,-0.02,0.13,0.03
-1.63,2.45,9.57,-0.02,0.13,0.03
-1.63,2.45,9.57,-0.02,0.13,0.03
-2.04,2.55,9.36,-0.00,0.11,0.02
-2.04,2.55,9.36,-0.00,0.11,0.02
-2.04,2.55,9.36,-0.00,0.11,0.02
-2.04,2.55,9.36,-0.00,0.11,0.02
-2.04,2.55,9.36,-0.00,0.11,0.02
-1.63,2.51,9.41,0.02,-0.02,0.01
-1.63,2.51,9.41,0.02,-0.02,0.01
-1.63,2.51,9.41,0.02,-0.02,0.01
-1.63,2.51,9.41,0.02,-0.02,0.01
-1.63,2.51,9.41,0.02,-0.02,0.01
-1.63,2.51,9.41,0.02,-0.02,0.01
-1.98,2.51,9.38,0.02,0.04,-0.01
-1.98,2.51,9.38,0.02,0.04,-0.01
-1.98,2.51,9.38,0.02,0.04,-0.01
-1.98,2.51,9.38,0.02,0.04,-0.01
-1.98,2.51,9.38,0.02,0.04,-0.01
-1.85,2.53,9.36,0.02,0.01,-0.01
-1.85,2.53,9.36,0.02,0.01,-0.01
-1.85,2.53,9.36,0.02,0.01,-0.01
-1.85,2.53,9.36,0.02,0.01,-0.01
-1.85,2.53,9.36,0.02,0.01,-0.01
-1.85,2.53,9.36,0.02,0.01,-0.01
-1.90,2.54,9.35,0.02,0.02,-0.02
-1.90,2.54,9.35,0.02,0.02,-0.02
-1.90,2.54,9.35,0.02,0.02,-0.02
-1.90,2.54,9.35,0.02,0.02,-0.02
-1.90,2.54,9.35,0.02,0.02,-0.02
-1.95,2.53,9.37,0.02,0.02,-0.02
-1.95,2.53,9.37,0.02,0.02,-0.02
-1.95,2.53,9.37,0.02,0.02,-0.02
-1.95,2.53,9.37,0.02,0.02,-0.02
-1.95,2.53,9.37,0.02,0.02,-0.02
-1.93,2.54,9.35,0.02,0.01,-0.01
-1.93,2.54,9.35,0.02,0.01,-0.01
-1.93,2.54,9.35,0.02,0.01,-0.01
-1.93,2.54,9.35,0.02,0.01,-0.01
-1.93,2.54,9.35,0.02,0.01,-0.01
-1.93,2.54,9.35,0.02,0.01,-0.01
-1.94,2.56,9.34,0.02,0.00,-0.01
-1.94,2.56,9.34,0.02,0.00,-0.01
-1.94,2.56,9.34,0.02,0.00,-0.01
-1.94,2.56,9.34,0.02,0.00,-0.01
-1.94,2.56,9.34,0.02,0.00,-0.01
-1.92,2.57,9.37,0.02,-0.01,-0.01
-1.92,2.57,9.37,0.02,-0.01,-0.01
-1.92,2.57,9.37,0.02,-0.01,-0.01
-1.92,2.57,9.37,0.02,-0.01,-0.01
-1.92,2.57,9.37,0.02,-0.01,-0.01
-1.91,2.58,9.34,0.01,0.00,-0.01
-1.91,2.58,9.34,0.01,0.00,-0.01
-1.91,2.58,9.34,0.01,0.00,-0.01
-1.91,2.58,9.34,0.01,0.00,-0.01
-1.91,2.58,9.34,0.01,0.00,-0.01
-1.91,2.58,9.34,0.01,0.00,-0.01
-1.92,2.57,9.38,0.01,0.01,-0.02
-1.92,2.57,9.38,0.01,0.01,-0.02
-1.92,2.57,9.38,0.01,0.01,-0.02
-1.92,2.57,9.38,0.01,0.01,-0.02
-1.92,2.57,9.38,0.01,0.01,-0.02
-1.95,2.58,9.33,0.01,0.01,-0.01
-1.95,2.58,9.33,0.01,0.01,-0.01
-1.95,2.58,9.33,0.01,0.01,-0.01
-1.95,2.58,9.33,0.01,0.01,-0.01
-1.95,2.58,9.33,0.01,0.01,-0.01
-1.91,2.58,9.37,0.01,0.01,-0.02
-1.91,2.58,9.37,0.01,0.00,-0.02
-1.91,2.58,9.37,0.01,0.00,-0.02
-1.91,2.58,9.37,0.01,0.00,-0.02
-1.91,2.58,9.37,0.01,0.00,-0.02
-1.91,2.58,9.37,0.01,0.00,-0.02
-1.96,2.56,9.35,0.00,0.01,-0.02
-1.96,2.56,9.35,0.00,0.01,-0.02
-1.96,2.56,9.35,0.00,0.01,-0.02
-1.96,2.56,9.35,0.00,0.01,-0.02
-1.96,2.56,9.35,0.00,0.01,-0.02
-1.96,2.57,9.37,0.00,0.01,-0.02
-1.96,2.57,9.37,0.00,0.01,-0.02
-1.96,2.57,9.37,0.00,0.01,-0.02
-1.96,2.57,9.37,0.00,0.01,-0.02
-1.96,2.57,9.37,0.00,0.01,-0.02
-1.96,2.57,9.37,0.00,0.01,-0.02
-1.98,2.57,9.36,0.00,0.01,-0.02
-1.98,2.57,9.36,0.00,0.01,-0.02
-1.98,2.57,9.36,0.00,0.01,-0.02
-1.98,2.57,9.36,0.00,0.01,-0.02
-1.98,2.57,9.36,0.00,0.01,-0.02
-1.96,2.56,9.36,0.00,0.00,-0.02
-1.96,2.56,9.36,0.00,0.00,-0.02
-1.96,2.56,9.36,0.00,0.00,-0.02
-1.96,2.56,9.36,0.00,0.00,-0.02
-1.96,2.56,9.36,0.00,0.00,-0.02
-1.96,2.56,9.36,0.00,0.00,-0.02
-1.99,2.55,9.37,0.00,0.01,-0.01
-1.99,2.55,9.37,0.00,0.01,-0.01
-1.99,2.55,9.37,0.00,0.01,-0.01
-1.99,2.55,9.37,0.00,0.01,-0.01
-1.99,2.55,9.37,0.00,0.01,-0.01
-1.97,2.56,9.37,0.00,-0.00,-0.01
-1.97,2.56,9.37,0.00,-0.00,-0.01
-1.97,2.56,9.37,0.00,-0.00,-0.01
-1.97,2.56,9.37,0.00,-0.00,-0.01
-1.97,2.56,9.37,0.00,-0.00,-0.01
-1.99,2.56,9.37,0.01,0.00,-0.02
-1.99,2.56,9.37,0.01,0.00,-0.02
-1.99,2.56,9.37,0.01,0.00,-0.02
-1.99,2.56,9.37,0.01,0.00,-0.02
-1.99,2.56,9.37,0.01,0.00,-0.02
-1.99,2.56,9.37,0.01,0.00,-0.02
-1.97,2.57,9.36,0.01,-0.00,-0.02
-1.97,2.57,9.36,0.01,-0.00,-0.02
-1.97,2.57,9.36,0.01,-0.00,-0.02
-1.97,2.57,9.36,0.01,-0.00,-0.02
-1.97,2.57,9.36,0.01,-0.00,-0.02
-1.97,2.55,9.37,0.00,0.00,-0.02
-1.97,2.55,9.37,0.00,0.00,-0.02
-1.97,2.55,9.37,0.00,0.00,-0.02
-1.97,2.55,9.37,0.00,0.00,-0.02
-1.97,2.55,9.37,0.00,0.00,-0.02
-2.00,2.53,9.36,-0.00,0.01,-0.01
-2.00,2.53,9.36,-0.00,0.01,-0.01
-2.00,2.53,9.36,-0.00,0.01,-0.01
-2.00,2.53,9.36,-0.00,0.01,-0.01
-2.00,2.53,9.36,-0.00,0.01,-0.01
-2.00,2.53,9.36,-0.00,0.01,-0.01
-2.00,2.55,9.37,0.01,0.01,-0.02
-2.00,2.55,9.37,0.01,0.01,-0.02
-2.00,2.55,9.37,0.01,0.01,-0.02
-2.00,2.55,9.37,0.01,0.01,-0.02
-2.00,2.55,9.37,0.01,0.01,-0.02
-2.00,2.54,9.42,0.02,0.02,-0.02
-2.00,2.54,9.42,0.02,0.02,-0.02
-2.00,2.54,9.42,0.02,0.02,-0.02
-2.00,2.54,9.42,0.02,0.02,-0.02
-2.00,2.54,9.42,0.02,0.02,-0.02
-2.00,2.54,9.42,0.02,0.02,-0.02
-1.77,2.74,9.68,0.02,0.10,-0.05
-1.77,2.74,9.68,0.02,0.10,-0.05
-1.77,2.74,9.68,0.02,0.10,-0.05
-1.77,2.74,9.68,0.02,0.10,-0.05
-1.77,2.74,9.68,0.02,0.10,-0.05
-3.10,3.48,10.66,-0.06,0.63,-0.34
-3.10,3.48,10.66,-0.06,0.63,-0.34
-3.10,3.48,10.66,-0.06,0.63,-0.34
-3.10,3.48,10.66,-0.06,0.63,-0.34
-3.10,3.48,10.66,-0.06,0.63,-0.34
-6.58,3.42,11.84,-0.37,1.41,-1.21
-6.58,3.42,11.84,-0.37,1.41,-1.21
-6.58,3.42,11.84,-0.37,1.41,-1.21
-6.58,3.42,11.84,-0.37,1.41,-1.21
-6.58,3.42,11.84,-0.37,1.41,-1.21
-6.58,3.42,11.84,-0.37,1.41,-1.21
-8.25,0.86,10.57,-1.04,1.60,-2.47
-8.25,0.86,10.57,-1.04,1.60,-2.47
-8.25,0.86,10.57,-1.04,1.60,-2.47
-8.25,0.86,10.57,-1.04,1.60,-2.47
-8.25,0.86,10.57,-1.04,1.60,-2.47
-5.74,-2.09,8.96,-1.94,0.99,-3.29
-5.74,-2.09,8.96,-1.94,0.99,-3.29
-5.74,-2.09,8.96,-1.94,0.99,-3.29
-5.74,-2.09,8.96,-1.94,0.99,-3.29
-5.74,-2.09,8.96,-1.94,0.99,-3.29
-4.61,-4.48,7.13,-2.46,0.46,-3.28
-4.61,-4.48,7.13,-2.46,0.46,-3.28
-4.61,-4.48,7.13,-2.46,0.46,-3.28
-4.61,-4.48,7.13,-2.46,0.46,-3.28
-4.61,-4.48,7.13,-2.46,0.46,-3.28
-4.61,-4.48,7.13,-2.46,0.46,-3.28
-3.60,-6.09,4.48,-2.08,0.23,-3.27
-3.60,-6.09,4.48,-2.08,0.23,-3.27
-3.60,-6.09,4.48,-2.08,0.23,-3.27
-3.60,-6.09,4.48,-2.08,0.23,-3.27
-3.60,-6.09,4.48,-2.08,0.23,-3.27
-2.85,-5.84,3.04,-1.01,0.85,-3.48
-2.85,-5.84,3.04,-1.01,0.85,-3.48
-2.85,-5.84,3.04,-1.01,0.85,-3.48
-2.85,-5.84,3.04,-1.01,0.85,-3.48
-2.85,-5.84,3.04,-1.01,0.85,-3.48
0.07,-5.76,3.45,-0.46,1.03,-3.24
0.07,-5.76,3.45,-0.46,1.03,-3.24
0.07,-5.76,3.45,-0.46,1.03,-3.24
0.07,-5.76,3.45,-0.46,1.03,-3.24
0.07,-5.76,3.45,-0.46,1.03,-3.24
0.07,-5.76,3.45,-0.46,1.03,-3.24
2.04,-6.16,4.65,0.00,1.10,-2.52
2.04,-6.16,4.65,0.00,1.10,-2.52
2.04,-6.16,4.65,0.00,1.10,-2.52
2.04,-6.16,4.65,0.00,1.10,-2.52
2.04,-6.16,4.65,0.00,1.10,-2.52
2.69,-6.73,5.44,0.12,1.16,-1.51
2.69,-6.73,5.44,0.12,1.16,-1.51
2.69,-6.73,5.44,0.12,1.16,-1.51
2.69,-6.73,5.44,0.12,1.16,-1.51
2.69,-6.73,5.44,0.12,1.16,-1.51
3.32,-6.84,6.89,0.11,0.97,-0.69
3.32,-6.84,6.89,0.11,0.97,-0.69
3.32,-6.84,6.89,0.11,0.97,-0.69
3.32,-6.84,6.89,0.11,0.97,-0.69
3.32,-6.84,6.89,0.11,0.97,-0.69
3.32,-6.84,6.89,0.11,0.97,-0.69
1.56,-8.07,5.87,-0.15,0.50,-0.11
1.56,-8.07,5.87,-0.15,0.50,-0.11
1.56,-8.07,5.87,-0.15,0.50,-0.11
1.56,-8.07,5.87,-0.15,0.50,-0.11
1.56,-8.07,5.87,-0.15,0.50,-0.11
2.04,-7.94,5.81,-0.02,0.09,-0.05
2.04,-7.94,5.81,-0.02,0.09,-0.05
2.04,-7.94,5.81,-0.02,0.09,-0.05
2.04,-7.94,5.81,-0.02,0.09,-0.05
2.04,-7.94,5.81,-0.02,0.09,-0.05
1.65,-7.91,5.54,-0.02,0.09,-0.05
1.65,-7.91,5.54,-0.01,-0.01,-0.03
1.65,-7.91,5.54,-0.01,-0.01,-0.03
1.65,-7.91,5.54,-0.01,-0.01,-0.03
1.65,-7.91,5.54,-0.01,-0.01,-0.03
1.65,-7.91,5.54,-0.01,-0.01,-0.03
1.73,-8.00,5.43,0.02,0.05,-0.01
1.73,-8.00,5.43,0.02,0.05,-0.01
1.73,-8.00,5.43,0.02,0.05,-0.01
1.73,-8.00,5.43,0.02,0.05,-0.01
1.73,-8.00,5.43,0.02,0.05,-0.01
1.72,-8.05,5.47,0.02,0.02,0.00
1.72,-8.05,5.47,0.02,0.02,0.00
1.72,-8.05,5.47,0.02,0.02,0.00
1.72,-8.05,5.47,0.02,0.02,0.00
1.72,-8.05,5.47,0.02,0.02,0.00
1.72,-8.05,5.47,0.02,0.02,0.00
1.74,-8.04,5.46,0.04,-0.01,0.00
1.74,-8.04,5.46,0.04,-0.01,0.00
1.74,-8.04,5.46,0.04,-0.01,0.00
1.74,-8.04,5.46,0.04,-0.01,0.00
1.74,-8.04,5.46,0.04,-0.01,0.00
1.81,-8.07,5.44,0.04,-0.04,0.01
1.81,-8.07,5.44,0.04,-0.04,0.01
1.81,-8.07,5.44,0.04,-0.04,0.01
1.81,-8.07,5.44,0.04,-0.04,0.01
1.81,-8.07,5.44,0.04,-0.04,0.01
1.80,-8.03,5.44,0.04,-0.03,0.01
1.80,-8.03,5.44,0.04,-0.03,0.01
1.80,-8.03,5.44,0.04,-0.03,0.01
1.80,-8.03,5.44,0.04,-0.03,0.01
1.80,-8.03,5.44,0.04,-0.03,0.01
1.80,-8.03,5.44,0.04,-0.03,0.01
1.81,-8.04,5.42,0.04,-0.02,0.01
1.81,-8.04,5.42,0.04,-0.02,0.01
1.81,-8.04,5.42,0.04,-0.02,0.01
1.81,-8.04,5.42,0.04,-0.02,0.01
1.81,-8.04,5.42,0.04,-0.02,0.01
1.75,-8.02,5.44,0.03,-0.00,-0.01
1.75,-8.02,5.44,0.03,-0.00,-0.01
1.75,-8.02,5.44,0.03,-0.00,-0.01
1.75,-8.02,5.44,0.03,-0.00,-0.01
1.75,-8.02,5.44,0.03,-0.00,-0.01
1.76,-8.01,5.51,0.01,0.02,-0.02
1.76,-8.01,5.51,0.01,0.02,-0.02
1.76,-8.01,5.51,0.01,0.02,-0.02
1.76,-8.01,5.51,0.01,0.02,-0.02
1.76,-8.01,5.51,0.01,0.02,-0.02
1.76,-8.01,5.51,0.01,0.02,-0.02
1.75,-8.00,5.51,0.00,0.03,-0.02
1.75,-8.00,5.51,0.00,0.03,-0.02
1.75,-8.00,5.51,0.00,0.03,-0.02
1.75,-8.00,5.51,0.00,0.03,-0.02
1.75,-8.00,5.51,0.00,0.03,-0.02
1.73,-7.98,5.50,-0.00,0.04,-0.02
1.73,-7.98,5.50,-0.00,0.04,-0.02
1.73,-7.98,5.50,-0.00,0.04,-0.02
1.73,-7.98,5.50,-0.00,0.04,-0.02
1.73,-7.98,5.50,-0.00,0.04,-0.02
1.76,-7.94,5.53,-0.01,0.02,-0.02
1.76,-7.94,5.53,-0.01,0.02,-0.02
1.76,-7.94,5.53,-0.01,0.02,-0.02
1.76,-7.94,5.53,-0.01,0.02,-0.02
1.76,-7.94,5.53,-0.01,0.02,-0.02
1.76,-7.94,5.53,-0.01,0.02,-0.02
1.75,-7.94,5.63,0.01,0.02,0.00
1.75,-7.94,5.63,0.01,0.02,0.00
1.75,-7.94,5.63,0.01,0.02,0.00
1.75,-7.94,5.63,0.01,0.02,0.00
1.75,-7.94,5.63,0.01,0.02,0.00
2.07,-7.31,6.21,0.00,-0.13,0.06
2.07,-7.31,6.21,0.00,-0.13,0.06
2.07,-7.31,6.21,0.00,-0.13,0.06
2.07,-7.31,6.21,0.00,-0.13,0.06
2.07,-7.31,6.21,0.00,-0.13,0.06
3.25,-5.68,5.42,-0.10,-0.84,0.41
3.25,-5.68,5.42,-0.10,-0.84,0.41
3.25,-5.68,5.42,-0.10,-0.84,0.41
3.25,-5.68,5.42,-0.10,-0.84,0.41
3.25,-5.68,5.42,-0.10,-0.84,0.41
3.25,-5.68,5.42,-0.10,-0.84,0.41
3.11,-4.91,5.11,-0.12,-1.56,1.55
3.11,-4.91,5.11,-0.12,-1.56,1.55
3.11,-4.91,5.11,-0.12,-1.56,1.55
3.11,-4.91,5.11,-0.12,-1.56,1.55
3.11,-4.91,5.11,-0.12,-1.56,1.55
-0.65,-5.72,4.85,0.23,-1.50,2.87
-0.65,-5.72,4.85,0.23,-1.50,2.87
-0.65,-5.72,4.85,0.23,-1.50,2.87
-0.65,-5.72,4.85,0.23,-1.50,2.87
-0.65,-5.72,4.85,0.23,-1.50,2.87
-3.15,-7.08,5.51,0.23,-1.50,3.19
-3.15,-7.08,5.51,0.78,-2.71,3.19
-3.15,-7.08,5.51,0.78,-2.71,3.19
-3.15,-7.08,5.51,0.78,-2.71,3.19
-3.15,-7.08,5.51,0.78,-2.71,3.19
-3.15,-7.08,5.51,0.78,-2.71,3.19
-3.32,-7.72,6.28,1.51,-3.06,2.72
-3.32,-7.72,6.28,1.51,-3.06,2.72
-3.32,-7.72,6.28,1.51,-3.06,2.72
-3.32,-7.72,6.28,1.51,-3.06,2.72
-3.32,-7.72,6.28,1.51,-3.06,2.72
-1.45,-7.49,7.44,2.10,-2.15,1.77
-1.45,-7.49,7.44,2.10,-2.15,1.77
-1.45,-7.49,7.44,2.10,-2.15,1.77
-1.45,-7.49,7.44,2.10,-2.15,1.77
-1.45,-7.49,7.44,2.10,-2.15,1.77
-0.05,-4.71,8.80,2.10,-2.15,1.77
-0.05,-4.71,8.80,2.65,-0.97,1.22
-0.05,-4.71,8.80,2.65,-0.97,1.22
-0.05,-4.71,8.80,2.65,-0.97,1.22
-0.05,-4.71,8.80,2.65,-0.97,1.22
-0.05,-4.71,8.80,2.65,-0.97,1.22
0.08,-0.94,10.14,3.02,-0.42,1.40
0.08,-0.94,10.14,3.02,-0.42,1.40
0.08,-0.94,10.14,3.02,-0.42,1.40
0.08,-0.94,10.14,3.02,-0.42,1.40
0.08,-0.94,10.14,3.02,-0.42,1.40
-0.27,1.84,10.89,2.61,-0.02,1.56
-0.27,1.84,10.89,2.61,-0.02,1.56
-0.27,1.84,10.89,2.61,-0.02,1.56
-0.27,1.84,10.89,2.61,-0.02,1.56
-0.27,1.84,10.89,2.61,-0.02,1.56
-0.71,2.77,12.36,2.61,-0.02,1.56
-0.71,2.77,12.36,1.77,0.15,1.45
-0.71,2.77,12.36,1.77,0.15,1.45
-0.71,2.77,12.36,1.77,0.15,1.45
-0.71,2.77,12.36,1.77,0.15,1.45
-0.71,2.77,12.36,1.77,0.15,1.45
-5.17,2.97,11.92,0.96,1.26,0.86
-5.17,2.97,11.92,0.96,1.26,0.86
-5.17,2.97,11.92,0.96,1.26,0.86
-5.17,2.97,11.92,0.96,1.26,0.86
-5.17,2.97,11.92,0.96,1.26,0.86
-2.33,2.20,8.04,-0.03,0.44,0.11
-2.33,2.20,8.04,-0.03,0.44,0.11
-2.33,2.20,8.04,-0.03,0.44,0.11
-2.33,2.20,8.04,-0.03,0.44,0.11
-2.33,2.20,8.04,-0.03,0.44,0.11
-2.33,2.20,8.04,-0.03,0.44,0.11
-1.02,3.28,10.17,0.13,-0.16,0.07
-1.02,3.28,10.17,0.13,-0.16,0.07
-1.02,3.28,10.17,0.13,-0.16,0.07
-1.02,3.28,10.17,0.13,-0.16,0.07
-1.02,3.28,10.17,0.13,-0.16,0.07
-1.64,2.36,9.12,-0.04,0.14,0.00
-1.64,2.36,9.12,-0.04,0.14,0.00
-1.64,2.36,9.12,-0.04,0.14,0.00
-1.64,2.36,9.12,-0.04,0.14,0.00
-1.64,2.36,9.12,-0.04,0.14,0.00
-1.64,2.36,9.12,-0.04,0.14,0.00
-1.98,2.59,9.51,0.02,0.12,0.02
-1.98,2.59,9.51,0.02,0.12,0.02
-1.98,2.59,9.51,0.02,0.12,0.02
-1.98,2.59,9.51,0.02,0.12,0.02
-1.98,2.59,9.51,0.02,0.12,0.02
-1.69,2.72,9.34,0.01,0.05,0.02
-1.69,2.72,9.34,0.01,0.05,0.02
-1.69,2.72,9.34,0.01,0.05,0.02
-1.69,2.72,9.34,0.01,0.05,0.02
-1.69,2.72,9.34,0.01,0.05,0.02
-1.95,2.62,9.34,0.01,0.07,-0.01
-1.95,2.62,9.34,0.01,0.07,-0.01
-1.95,2.62,9.34,0.01,0.07,-0.01
-1.95,2.62,9.34,0.01,0.07,-0.01
-1.95,2.62,9.34,0.01,0.07,-0.01
-1.95,2.62,9.34,0.01,0.07,-0.01
-1.98,2.67,9.34,0.01,0.03,-0.01
-1.98,2.67,9.34,0.01,0.03,-0.01
-1.98,2.67,9.34,0.01,0.03,-0.01
-1.98,2.67,9.34,0.01,0.03,-0.01
-1.98,2.67,9.34,0.01,0.03,-0.01
-1.90,2.61,9.32,0.01,0.01,-0.01
-1.90,2.61,9.32,0.01,0.01,-0.01
-1.90,2.61,9.32,0.01,0.01,-0.01
-1.90,2.61,9.32,0.01,0.01,-0.01
-1.90,2.61,9.32,0.01,0.01,-0.01
-1.90,2.61,9.32,0.01,0.01,-0.01
-2.00,2.59,9.34,0.01,0.02,-0.01
-2.00,2.59,9.34,0.01,0.02,-0.01
-2.00,2.59,9.34,0.01,0.02,-0.01
-2.00,2.59,9.34,0.01,0.02,-0.01
-2.00,2.59,9.34,0.01,0.02,-0.01
-1.99,2.64,9.34,0.01,0.01,-0.01
-1.99,2.64,9.34,0.01,0.01,-0.01
-1.99,2.64,9.34,0.01,0.01,-0.01
-1.99,2.64,9.34,0.01,0.01,-0.01
-1.99,2.64,9.34,0.01,0.01,-0.01
-1.99,2.64,9.34,0.01,0.01,-0.01
-1.98,2.66,9.32,0.02,-0.00,-0.00
-1.98,2.66,9.32,0.02,-0.00,-0.00
-1.98,2.66,9.32,0.02,-0.00,-0.00
-1.98,2.66,9.32,0.02,-0.00,-0.00
-1.98,2.66,9.32,0.02,-0.00,-0.00
-1.94,2.67,9.34,0.02,-0.01,0.00
-1.94,2.67,9.34,0.02,-0.01,0.00
-1.94,2.67,9.34,0.02,-0.01,0.00
-1.94,2.67,9.34,0.02,-0.01,0.00
-1.94,2.67,9.34,0.02,-0.01,0.00
-1.94,2.67,9.34,0.02,-0.01,0.00
-1.92,2.67,9.32,0.02,-0.00,0.00
-1.92,2.67,9.32,0.02,-0.00,0.00
-1.92,2.67,9.32,0.02,-0.00,0.00
-1.92,2.67,9.32,0.02,-0.00,0.00
-1.92,2.67,9.32,0.02,-0.00,0.00
-1.94,2.68,9.33,0.02,0.00,-0.00
-1.94,2.68,9.33,0.02,0.00,-0.00
-1.94,2.68,9.33,0.02,0.00,-0.00
-1.94,2.68,9.33,0.02,0.00,-0.00
-1.94,2.68,9.33,0.02,0.00,-0.00
-1.95,2.70,9.33,0.02,-0.01,-0.01
-1.95,2.70,9.33,0.02,-0.01,-0.01
-1.95,2.70,9.33,0.02,-0.01,-0.01
-1.95,2.70,9.33,0.02,-0.01,-0.01
-1.95,2.70,9.33,0.02,-0.01,-0.01
-1.95,2.70,9.33,0.02,-0.01,-0.01
-1.92,2.71,9.31,0.02,-0.01,-0.01
-1.92,2.71,9.31,0.02,-0.01,-0.01
-1.92,2.71,9.31,0.02,-0.01,-0.01
-1.92,2.71,9.31,0.02,-0.01,-0.01
-1.92,2.71,9.31,0.02,-0.01,-0.01
-1.92,2.71,9.34,0.01,0.00,-0.01
-1.92,2.71,9.34,0.01,0.00,-0.01
-1.92,2.71,9.34,0.01,0.00,-0.01
-1.92,2.71,9.34,0.01,0.00,-0.01
-1.92,2.71,9.34,0.01,0.00,-0.01
-1.92,2.71,9.34,0.01,0.00,-0.01
-1.96,2.70,9.31,0.01,0.01,-0.01
-1.96,2.70,9.31,0.01,0.01,-0.01
-1.96,2.70,9.31,0.01,0.01,-0.01
-1.96,2.70,9.31,0.01,0.01,-0.01
-1.96,2.70,9.31,0.01,0.01,-0.01
-1.95,2.71,9.33,0.01,0.00,-0.02
-1.95,2.71,9.33,0.01,0.00,-0.02
-1.95,2.71,9.33,0.01,0.00,-0.02
-1.95,2.71,9.33,0.01,0.00,-0.02
-1.95,2.71,9.33,0.01,0.00,-0.02
-1.95,2.70,9.32,0.01,0.01,-0.02
-1.95,2.70,9.32,0.01,0.01,-0.02
-1.95,2.70,9.32,0.01,0.01,-0.02
-1.95,2.70,9.32,0.01,0.01,-0.02
-1.95,2.70,9.32,0.01,0.01,-0.02
-1.95,2.70,9.32,0.01,0.01,-0.02
-1.93,2.71,9.34,0.00,0.03,-0.02
-1.93,2.71,9.34,0.00,0.03,-0.02
-1.93,2.71,9.34,0.00,0.03,-0.02
-1.93,2.71,9.34,0.00,0.03,-0.02
-1.93,2.71,9.34,0.00,0.03,-0.02
-2.06,2.71,9.30,0.01,0.06,-0.02
-2.06,2.71,9.30,0.01,0.06,-0.02
-2.06,2.71,9.30,0.01,0.06,-0.02
-2.06,2.71,9.30,0.01,0.06,-0.02
-2.06,2.71,9.30,0.01,0.06,-0.02
-2.06,2.71,9.30,0.01,0.06,-0.02
-2.06,2.70,9.30,0.01,0.02,-0.02
-2.06,2.70,9.30,0.01,0.02,-0.02
-2.06,2.70,9.30,0.01,0.02,-0.02
-2.06,2.70,9.30,0.01,0.02,-0.02
-2.06,2.70,9.30,0.01,0.02,-0.02
-2.04,2.71,9.32,0.01,0.01,-0.02
-2.04,2.71,9.32,0.01,0.01,-0.02
-2.04,2.71,9.32,0.01,0.01,-0.02
-2.04,2.71,9.32,0.01,0.01,-0.02
-2.04,2.71,9.32,0.01,0.01,-0.02
-2.06,2.70,9.30,0.00,0.01,-0.02
-2.06,2.70,9.30,0.00,0.01,-0.02
-2.06,2.70,9.30,0.00,0.01,-0.02
-2.06,2.70,9.30,0.00,0.01,-0.02
-2.06,2.70,9.30,0.00,0.01,-0.02
-2.06,2.70,9.30,0.00,0.01,-0.02
-2.06,2.70,9.31,0.00,0.00,-0.02
-2.06,2.70,9.31,0.00,0.00,-0.02
-2.06,2.70,9.31,0.00,0.00,-0.02
-2.06,2.70,9.31,0.00,0.00,-0.02
-2.06,2.70,9.31,0.00,0.00,-0.02
-2.06,2.71,9.31,0.01,0.00,-0.02
-2.06,2.71,9.31,0.01,0.00,-0.02
-2.06,2.71,9.31,0.01,0.00,-0.02
-2.06,2.71,9.31,0.01,0.00,-0.02
-2.06,2.71,9.31,0.01,0.00,-0.02
-2.06,2.71,9.31,0.01,0.00,-0.02
-2.06,2.70,9.31,0.01,0.00,-0.02
-2.06,2.70,9.31,0.01,0.00,-0.02
-2.06,2.70,9.31,0.01,0.00,-0.02
-2.06,2.70,9.31,0.01,0.00,-0.02
-2.06,2.70,9.31,0.01,0.00,-0.02
-2.08,2.68,9.31,0.00,0.01,-0.01
-2.08,2.68,9.31,0.00,0.01,-0.01
-2.08,2.68,9.31,0.00,0.01,-0.01
-2.08,2.68,9.31,0.00,0.01,-0.01
-2.08,2.68,9.31,0.00,0.01,-0.01
-2.10,2.70,9.30,0.00,0.00,-0.01
-2.10,2.70,9.30,0.00,0.00,-0.01
-2.10,2.70,9.30,0.00,0.00,-0.01
-2.10,2.70,9.30,0.00,0.00,-0.01
-2.10,2.70,9.30,0.00,0.00,-0.01
-2.10,2.70,9.30,0.00,0.00,-0.01
-2.06,2.68,9.31,0.01,-0.00,-0.02
-2.06,2.68,9.31,0.01,-0.00,-0.02
-2.06,2.68,9.31,0.01,-0.00,-0.02
-2.06,2.68,9.31,0.01,-0.00,-0.02
-2.06,2.68,9.31,0.01,-0.00,-0.02
-2.09,2.68,9.31,0.01,0.00,-0.01
-2.09,2.68,9.31,0.01,0.00,-0.01
-2.09,2.68,9.31,0.01,0.00,-0.01
-2.09,2.68,9.31,0.01,0.00,-0.01
-2.09,2.68,9.31,0.01,0.00,-0.01
-2.09,2.68,9.31,0.01,0.00,-0.01
-2.18,2.76,9.37,0.02,-0.01,-0.01
-2.18,2.76,9.37,0.02,-0.01,-0.01
-2.18,2.76,9.37,0.02,-0.01,-0.01
-2.18,2.76,9.37,0.02,-0.01,-0.01
-2.18,2.76,9.37,0.02,-0.01,-0.01
-2.21,2.70,9.25,0.02,0.02,-0.07
-2.21,2.70,9.25,0.02,0.02,-0.07
-2.21,2.70,9.25,0.02,0.02,-0.07
-2.21,2.70,9.25,0.02,0.02,-0.07
-2.21,2.70,9.25,0.02,0.02,-0.07
-2.21,2.70,9.25,0.02,0.02,-0.07
-2.57,3.04,9.71,0.00,0.01,-0.12
-2.57,3.04,9.71,0.00,0.01,-0.12
-2.57,3.04,9.71,0.00,0.01,-0.12
-2.57,3.04,9.71,0.00,0.01,-0.12
-2.57,3.04,9.71,0.00,0.01,-0.12
-4.05,3.59,10.62,-0.04,0.24,-0.66
-4.05,3.59,10.62,-0.04,0.24,-0.66
-4.05,3.59,10.62,-0.04,0.24,-0.66
-4.05,3.59,10.62,-0.04,0.24,-0.66
-4.05,3.59,10.62,-0.04,0.24,-0.66
-6.36,2.86,11.35,-0.35,1.17,-1.99
-6.36,2.86,11.35,-0.35,1.17,-1.99
-6.36,2.86,11.35,-0.35,1.17,-1.99
-6.36,2.86,11.35,-0.35,1.17,-1.99
-6.36,2.86,11.35,-0.35,1.17,-1.99
-6.36,2.86,11.35,-0.35,1.17,-1.99
-7.95,-0.61,10.13,-1.20,2.36,-3.73
-7.95,-0.61,10.13,-1.20,2.36,-3.73
-7.95,-0.61,10.13,-1.20,2.36,-3.73
-7.95,-0.61,10.13,-1.20,2.36,-3.73
-7.95,-0.61,10.13,-1.20,2.36,-3.73
-7.12,-2.24,8.72,-1.58,2.12,-4.45
-7.12,-2.24,8.72,-1.58,2.12,-4.45
-7.12,-2.24,8.72,-1.58,2.12,-4.45
-7.12,-2.24,8.72,-1.58,2.12,-4.45
-7.12,-2.24,8.72,-1.58,2.12,-4.45
-7.12,-2.24,4.83,-1.58,2.12,-4.45
-6.12,-5.24,4.83,-1.34,2.23,-4.53
-6.12,-5.24,4.83,-1.34,2.23,-4.53
-6.12,-5.24,4.83,-1.34,2.23,-4.53
-6.12,-5.24,4.83,-1.34,2.23,-4.53
-6.12,-5.24,4.83,-1.34,2.23,-4.53
-4.43,-5.44,3.18,0.07,2.98,-4.35
-4.43,-5.44,3.18,0.07,2.98,-4.35
-4.43,-5.44,3.18,0.07,2.98,-4.35
-4.43,-5.44,3.18,0.07,2.98,-4.35
-4.43,-5.44,3.18,0.07,2.98,-4.35
-2.53,-4.50,4.39,1.19,2.85,-3.51
-2.53,-4.50,4.39,1.19,2.85,-3.51
-2.53,-4.50,4.39,1.19,2.85,-3.51
-2.53,-4.50,4.39,1.19,2.85,-3.51
-2.53,-4.50,4.39,1.19,2.85,-3.51
-2.53,-4.50,4.39,1.19,2.85,-3.51
-1.13,-5.04,5.08,0.85,1.81,-1.94
-1.13,-5.04,5.08,0.85,1.81,-1.94
-1.13,-5.04,5.08,0.85,1.81,-1.94
-1.13,-5.04,5.08,0.85,1.81,-1.94
-1.13,-5.04,5.08,0.85,1.81,-1.94
-1.94,-6.59,4.94,0.50,1.10,-0.59
-1.94,-6.59,4.94,0.50,1.10,-0.59
-1.94,-6.59,4.94,0.50,1.10,-0.59
-1.94,-6.59,4.94,0.50,1.10,-0.59
-1.94,-6.59,4.94,0.50,1.10,-0.59
-3.05,-7.43,6.48,0.50,0.59,-0.01
-3.05,-7.43,6.48,0.14,0.59,-0.01
-3.05,-7.43,6.48,0.14,0.59,-0.01
-3.05,-7.43,6.48,0.14,0.59,-0.01
-3.05,-7.43,6.48,0.14,0.59,-0.01
-3.05,-7.43,6.48,0.14,0.59,-0.01
-3.36,-7.96,4.97,-0.20,0.30,0.19
-3.36,-7.96,4.97,-0.20,0.30,0.19
-3.36,-7.96,4.97,-0.20,0.30,0.19
-3.36,-7.96,4.97,-0.20,0.30,0.19
-3.36,-7.96,4.97,-0.20,0.30,0.19
-3.36,-8.27,4.73,-0.03,0.02,0.17
-3.36,-8.27,4.73,-0.03,0.02,0.17
-3.36,-8.27,4.73,-0.03,0.02,0.17
-3.36,-8.27,4.73,-0.03,0.02,0.17
-3.36,-8.27,4.73,-0.03,0.02,0.17
-3.36,-8.27,4.73,-0.03,0.02,0.17
-3.16,-8.21,4.79,0.06,0.02,0.00
-3.16,-8.21,4.79,0.06,0.02,0.00
-3.16,-8.21,4.79,0.06,0.02,0.00
-3.16,-8.21,4.79,0.06,0.02,0.00
-3.16,-8.21,4.79,0.06,0.02,0.00
-3.20,-8.07,4.61,0.06,0.03,-0.05
-3.20,-8.07,4.61,0.06,0.03,-0.05
-3.20,-8.07,4.61,0.06,0.03,-0.05
-3.20,-8.07,4.61,0.06,0.03,-0.05
-3.20,-8.07,4.61,0.06,0.03,-0.05
-3.21,-8.11,4.59,-0.00,-0.04,-0.03
-3.21,-8.11,4.59,-0.00,-0.04,-0.03
-3.21,-8.11,4.59,-0.00,-0.04,-0.03
-3.21,-8.11,4.59,-0.00,-0.04,-0.03
-3.21,-8.11,4.59,-0.00,-0.04,-0.03
-3.21,-8.11,4.59,-0.00,-0.04,-0.03
-3.09,-8.09,4.84,-0.05,-0.15,-0.00
-3.09,-8.09,4.84,-0.05,-0.15,-0.00
-3.09,-8.09,4.84,-0.05,-0.15,-0.00
-3.09,-8.09,4.84,-0.05,-0.15,-0.00
-3.09,-8.09,4.84,-0.05,-0.15,-0.00
-2.99,-8.00,5.22,-0.08,-0.31,0.07
-2.99,-8.00,5.22,-0.08,-0.31,0.07
-2.99,-8.00,5.22,-0.08,-0.31,0.07
-2.99,-8.00,5.22,-0.08,-0.31,0.07
-2.99,-8.00,5.22,-0.08,-0.31,0.07
-2.99,-8.00,5.22,-0.08,-0.31,0.07
-2.45,-6.73,6.13,-0.17,-1.04,0.22
-2.45,-6.73,6.13,-0.17,-1.04,0.22
-2.45,-6.73,6.13,-0.17,-1.04,0.22
-2.45,-6.73,6.13,-0.17,-1.04,0.22
-2.45,-6.73,6.13,-0.17,-1.04,0.22
-1.71,-5.47,6.02,-0.54,-2.76,0.70
-1.71,-5.47,6.02,-0.54,-2.76,0.70
-1.71,-5.47,6.02,-0.54,-2.76,0.70
-1.71,-5.47,6.02,-0.54,-2.76,0.70
-1.71,-5.47,6.02,-0.54,-2.76,0.70
-0.81,-5.44,4.43,-0.35,-4.60,1.76
-0.81,-5.44,4.43,-0.35,-4.60,1.76
-0.81,-5.44,4.43,-0.35,-4.60,1.76
-0.81,-5.44,4.43,-0.35,-4.60,1.76
-0.81,-5.44,4.43,-0.35,-4.60,1.76
-0.81,-5.44,4.43,-0.35,-4.60,1.76
-0.31,-5.25,4.42,0.72,-4.61,2.87
-0.31,-5.25,4.42,0.72,-4.61,2.87
-0.31,-5.25,4.42,0.72,-4.61,2.87
-0.31,-5.25,4.42,0.72,-4.61,2.87
-0.31,-5.25,4.42,0.72,-4.61,2.87
-2.92,-5.49,7.72,1.50,-2.88,3.36
-2.92,-5.49,7.72,1.50,-2.88,3.36
-2.92,-5.49,7.72,1.50,-2.88,3.36
-2.92,-5.49,7.72,1.50,-2.88,3.36
-2.92,-5.49,7.72,1.50,-2.88,3.36
-2.92,-5.49,7.72,1.50,-2.88,3.36
-4.21,-6.33,9.70,1.86,-1.68,2.86
-4.21,-6.33,9.70,1.86,-1.68,2.86
-4.21,-6.33,9.70,1.86,-1.68,2.86
-4.21,-6.33,9.70,1.86,-1.68,2.86
-4.21,-6.33,9.70,1.86,-1.68,2.86
-2.69,-4.44,9.98,2.10,-1.18,1.81
-2.69,-4.44,9.98,2.10,-1.18,1.81
-2.69,-4.44,9.98,2.10,-1.18,1.81
-2.69,-4.44,9.98,2.10,-1.18,1.81
-2.69,-4.44,9.98,2.10,-1.18,1.81
-1.36,-1.66,10.26,2.16,-0.80,1.35
-1.36,-1.66,10.26,2.16,-0.80,1.35
-1.36,-1.66,10.26,2.16,-0.80,1.35
-1.36,-1.66,10.26,2.16,-0.80,1.35
-1.36,-1.66,10.26,2.16,-0.80,1.35
-1.36,-1.66,10.26,2.16,-0.80,1.35
-0.91,0.08,10.88,1.79,-0.31,1.35
-0.91,0.08,10.88,1.79,-0.31,1.35
-0.91,0.08,10.88,1.79,-0.31,1.35
-0.91,0.08,10.88,1.79,-0.31,1.35
-0.91,0.08,10.88,1.79,-0.31,1.35
-0.55,1.45,10.48,1.53,-0.05,1.49
-0.55,1.45,10.48,1.53,-0.05,1.49
-0.55,1.45,10.48,1.53,-0.05,1.49
-0.55,1.45,10.48,1.53,-0.05,1.49
-0.55,1.45,10.48,1.53,-0.05,1.49
-0.55,1.45,10.48,1.53,-0.05,1.49
-1.16,1.97,10.83,1.05,0.01,1.53
-1.16,1.97,10.83,1.05,0.01,1.53
-1.16,1.97,10.83,1.05,0.01,1.53
-1.16,1.97,10.83,1.05,0.01,1.53
-1.16,1.97,10.83,1.05,0.01,1.53
-5.30,3.29,10.33,0.87,1.18,1.18
-5.30,3.29,10.33,0.87,1.18,1.18
-5.30,3.29,10.33,0.87,1.18,1.18
-5.30,3.29,10.33,0.87,1.18,1.18
-5.30,3.29,10.33,0.87,1.18,1.18
-1.67,2.34,8.80,-0.10,0.37,0.40
-1.67,2.34,8.80,-0.10,0.37,0.40
-1.67,2.34,8.80,-0.10,0.37,0.40
-1.67,2.34,8.80,-0.10,0.37,0.40
-1.67,2.34,8.80,-0.10,0.37,0.40
-1.67,2.34,8.80,-0.10,0.37,0.40
-0.81,3.01,9.93,0.04,0.02,0.04
-0.81,3.01,9.93,0.04,0.02,0.04
-0.81,3.01,9.93,0.04,0.02,0.04
-0.81,3.01,9.93,0.04,0.02,0.04
-0.81,3.01,9.93,0.04,0.02,0.04
-2.68,2.41,9.11,-0.09,0.42,0.03
-2.68,2.41,9.11,-0.09,0.42,0.03
-2.68,2.41,9.11,-0.09,0.42,0.03
-2.68,2.41,9.11,-0.09,0.42,0.03
-2.68,2.41,9.11,-0.09,0.42,0.03
-2.68,2.41,9.11,-0.09,0.42,0.03
-2.04,2.53,9.45,0.01,0.01,0.02
-2.04,2.53,9.45,0.01,0.01,0.02
-2.04,2.53,9.45,0.01,0.01,0.02
-2.04,2.53,9.45,0.01,0.01,0.02
-2.04,2.53,9.45,0.01,0.01,0.02
-1.89,2.61,9.29,0.03,-0.05,0.01
-1.89,2.61,9.29,0.03,-0.05,0.01
-1.89,2.61,9.29,0.03,-0.05,0.01
-1.89,2.61,9.29,0.03,-0.05,0.01
-1.89,2.61,9.29,0.03,-0.05,0.01
-1.89,2.61,9.29,0.03,-0.05,0.01
-1.97,2.60,9.32,0.01,0.02,-0.00
-1.97,2.60,9.32,0.01,0.02,-0.00
-1.97,2.60,9.32,0.01,0.02,-0.00
-1.97,2.60,9.32,0.01,0.02,-0.00
-1.97,2.60,9.32,0.01,0.02,-0.00
-2.07,2.62,9.31,0.01,0.03,-0.01
-2.07,2.62,9.31,0.01,0.03,-0.01
-2.07,2.62,9.31,0.01,0.03,-0.01
-2.07,2.62,9.31,0.01,0.03,-0.01
-2.07,2.62,9.31,0.01,0.03,-0.01
-1.99,2.59,9.32,0.00,0.00,-0.01
-1.99,2.59,9.32,0.00,0.00,-0.01
-1.99,2.59,9.32,0.00,0.00,-0.01
-1.99,2.59,9.32,0.00,0.00,-0.01
-1.99,2.59,9.32,0.00,0.00,-0.01
-1.99,2.59,9.32,0.00,0.00,-0.01
-2.05,2.58,9.32,0.00,-0.00,-0.01
-2.05,2.58,9.32,0.00,-0.00,-0.01
-2.05,2.58,9.32,0.00,-0.00,-0.01
-2.05,2.58,9.32,0.00,-0.00,-0.01
-2.05,2.58,9.32,0.00,-0.00,-0.01
-2.01,2.57,9.35,0.00,-0.00,-0.01
-2.01,2.57,9.35,0.00,-0.00,-0.01
-2.01,2.57,9.35,0.00,-0.00,-0.01
-2.01,2.57,9.35,0.00,-0.00,-0.01
-2.01,2.57,9.35,0.00,-0.00,-0.01
-2.01,2.57,9.35,0.00,-0.00,-0.01
-2.09,2.60,9.31,0.00,0.01,-0.01
-2.09,2.60,9.31,0.00,0.01,-0.01
-2.09,2.60,9.31,0.00,0.01,-0.01
-2.09,2.60,9.31,0.00,0.01,-0.01
-2.09,2.60,9.31,0.00,0.01,-0.01
-2.03,2.59,9.34,0.01,-0.01,-0.02
-2.03,2.59,9.34,0.01,-0.01,-0.02
-2.03,2.59,9.34,0.01,-0.01,-0.02
-2.03,2.59,9.34,0.01,-0.01,-0.02
-2.03,2.59,9.34,0.01,-0.01,-0.02
-2.03,2.59,9.34,0.01,-0.01,-0.02
-2.01,2.59,9.33,0.01,-0.02,-0.02
-2.01,2.59,9.33,0.01,-0.02,-0.02
-2.01,2.59,9.33,0.01,-0.02,-0.02
-2.01,2.59,9.33,0.01,-0.02,-0.02
-2.01,2.59,9.33,0.01,-0.02,-0.02
-2.00,2.58,9.34,0.01,-0.01,-0.01
-2.00,2.58,9.34,0.01,-0.01,-0.01
-2.00,2.58,9.34,0.01,-0.01,-0.01
-2.00,2.58,9.34,0.01,-0.01,-0.01
-2.00,2.58,9.34,0.01,-0.01,-0.01
-2.01,2.59,9.34,0.01,-0.01,-0.01
-2.01,2.59,9.34,0.01,-0.01,-0.01
-2.01,2.59,9.34,0.01,-0.01,-0.01
-2.01,2.59,9.34,0.01,-0.01,-0.01
-2.01,2.59,9.34,0.01,-0.01,-0.01
-2.01,2.59,9.34,0.01,-0.01,-0.01
-2.01,2.61,9.34,0.01,-0.01,-0.01
-2.01,2.61,9.34,0.01,-0.01,-0.01
-2.01,2.61,9.34,0.01,-0.01,-0.01
-2.01,2.61,9.34,0.01,-0.01,-0.01
-2.01,2.61,9.34,0.01,-0.01,-0.01
-2.00,2.60,9.34,0.01,-0.01,-0.02
-2.00,2.60,9.34,0.01,-0.01,-0.02
-2.00,2.60,9.34,0.01,-0.01,-0.02
-2.00,2.60,9.34,0.01,-0.01,-0.02
-2.00,2.60,9.34,0.01,-0.01,-0.02
-2.00,2.60,9.34,0.01,-0.01,-0.02
-1.98,2.60,9.34,0.01,-0.01,-0.01
-1.98,2.60,9.34,0.01,-0.01,-0.01
-1.98,2.60,9.34,0.01,-0.01,-0.01
-1.98,2.60,9.34,0.01,-0.01,-0.01
-1.98,2.60,9.34,0.01,-0.01,-0.01
-2.02,2.60,9.35,0.01,-0.00,-0.01
-2.02,2.60,9.35,0.01,-0.00,-0.01
-2.02,2.60,9.35,0.01,-0.00,-0.01
-2.02,2.60,9.35,0.01,-0.00,-0.01
-2.02,2.60,9.35,0.01,-0.00,-0.01
-2.02,2.62,9.34,0.01,-0.00,-0.01
-1.98,2.62,9.34,0.01,-0.01,-0.01
-1.98,2.62,9.34,0.01,-0.01,-0.01
-1.98,2.62,9.34,0.01,-0.01,-0.01
-1.98,2.62,9.34,0.01,-0.01,-0.01
-1.98,2.62,9.34,0.01,-0.01,-0.01
-2.00,2.63,9.35,0.01,-0.00,-0.01
-2.00,2.63,9.35,0.01,-0.00,-0.01
-2.00,2.63,9.35,0.01,-0.00,-0.01
-2.00,2.63,9.35,0.01,-0.00,-0.01
-2.00,2.63,9.35,0.01,-0.00,-0.01
-1.99,2.63,9.34,0.01,-0.00,-0.01
-1.99,2.63,9.34,0.01,-0.00,-0.01
-1.99,2.63,9.34,0.01,-0.00,-0.01
-1.99,2.63,9.34,0.01,-0.00,-0.01
-1.99,2.63,9.34,0.01,-0.00,-0.01
-1.99,2.63,9.34,0.01,-0.00,-0.01
-1.99,2.63,9.36,0.01,-0.00,-0.01
-1.99,2.63,9.36,0.01,-0.00,-0.01
-1.99,2.63,9.36,0.01,-0.00,-0.01
-1.99,2.63,9.36,0.01,-0.00,-0.01
-1.99,2.63,9.36,0.01,-0.00,-0.01
-2.00,2.64,9.33,0.01,0.00,-0.01
-2.00,2.64,9.33,0.01,0.00,-0.01
-2.00,2.64,9.33,0.01,0.00,-0.01
-2.00,2.64,9.33,0.01,0.00,-0.01
-2.00,2.64,9.33,0.01,0.00,-0.01
-1.99,2.65,9.34,0.01,-0.00,-0.01
-1.99,2.65,9.34,0.01,-0.00,-0.01
-1.99,2.65,9.34,0.01,-0.00,-0.01
-1.99,2.65,9.34,0.01,-0.00,-0.01
-1.99,2.65,9.34,0.01,-0.00,-0.01
-1.99,2.65,9.34,0.01,-0.00,-0.01
-1.98,2.64,9.34,0.02,-0.01,-0.01
-1.98,2.64,9.34,0.02,-0.01,-0.01
-1.98,2.64,9.34,0.02,-0.01,-0.01
-1.98,2.64,9.34,0.02,-0.01,-0.01
-1.98,2.64,9.34,0.02,-0.01,-0.01
-1.97,2.66,9.35,0.01,-0.01,-0.01
-1.97,2.66,9.35,0.01,-0.01,-0.01
-1.97,2.66,9.35,0.01,-0.01,-0.01
-1.97,2.66,9.35,0.01,-0.01,-0.01
-1.97,2.66,9.35,0.01,-0.01,-0.01
-1.96,2.66,9.34,0.01,-0.01,-0.01
-1.96,2.66,9.34,0.01,-0.01,-0.01
-1.96,2.66,9.34,0.01,-0.01,-0.01
-1.96,2.66,9.34,0.01,-0.01,-0.01
-1.96,2.66,9.34,0.01,-0.01,-0.01
-1.96,2.66,9.34,0.01,-0.01,-0.01
-1.96,2.66,9.34,0.01,-0.00,-0.01
-1.96,2.66,9.34,0.01,-0.00,-0.01
-1.96,2.66,9.34,0.01,-0.00,-0.01
-1.96,2.66,9.34,0.01,-0.00,-0.01
-1.96,2.66,9.34,0.01,-0.00,-0.01
-1.98,2.67,9.34,0.01,-0.00,-0.01
-1.98,2.67,9.34,0.01,-0.00,-0.01
-1.98,2.67,9.34,0.01,-0.00,-0.01
-1.98,2.67,9.34,0.01,-0.00,-0.01
-1.98,2.67,9.34,0.01,-0.00,-0.01
-1.97,2.67,9.34,0.01,-0.01,-0.01
-1.97,2.67,9.34,0.01,-0.01,-0.01
-1.97,2.67,9.34,0.01,-0.01,-0.01
-1.97,2.67,9.34,0.01,-0.01,-0.01
-1.97,2.67,9.34,0.01,-0.01,-0.01
-1.97,2.67,9.34,0.01,-0.01,-0.01
-1.96,2.66,9.34,0.00,-0.01,-0.02
-1.96,2.66,9.34,0.00,-0.01,-0.02
-1.96,2.66,9.34,0.00,-0.01,-0.02
-1.96,2.66,9.34,0.00,-0.01,-0.02
-1.96,2.66,9.34,0.00,-0.01,-0.02
-1.97,2.64,9.36,0.00,-0.00,-0.02
-1.97,2.64,9.36,0.00,-0.00,-0.02
-1.97,2.64,9.36,0.00,-0.00,-0.02
-1.97,2.64,9.36,0.00,-0.00,-0.02
-1.97,2.64,9.36,0.00,-0.00,-0.02
-1.97,2.66,9.34,0.01,-0.00,-0.01
-1.97,2.66,9.34,0.01,-0.00,-0.01
-1.97,2.66,9.34,0.01,-0.00,-0.01
-1.97,2.66,9.34,0.01,-0.00,-0.01