-3.00,1.99,9.24,0.00,-0.00,-0.02
-3.00,1.99,9.24,0.00,-0.00,-0.02
-2.97,1.97,9.23,0.00,-0.01,-0.02
-2.97,1.97,9.23,0.00,-0.01,-0.02
-2.97,1.97,9.23,0.00,-0.01,-0.02
-2.97,1.97,9.23,0.00,-0.01,-0.02
-2.97,1.97,9.23,0.00,-0.01,-0.02
-2.97,1.97,9.23,0.00,-0.01,-0.02
-2.99,1.97,9.24,0.00,-0.00,-0.02
-2.99,1.97,9.24,0.00,-0.00,-0.02
-2.99,1.97,9.24,0.00,-0.00,-0.02
-2.99,1.97,9.24,0.00,-0.00,-0.02
-2.99,1.97,9.24,0.00,-0.00,-0.02
-2.99,1.97,9.24,0.00,-0.00,-0.02
-2.99,1.97,9.24,0.00,-0.00,-0.02
-2.99,1.97,9.24,0.00,-0.00,-0.02
-2.99,1.97,9.24,0.00,-0.00,-0.02
-2.99,1.97,9.24,0.00,-0.00,-0.02
-2.99,1.97,9.25,0.01,-0.00,-0.02
-2.99,1.97,9.25,0.01,-0.00,-0.02
-2.99,1.97,9.25,0.01,-0.00,-0.02
-2.99,1.97,9.25,0.01,-0.00,-0.02
-2.99,1.97,9.25,0.01,-0.00,-0.02
-2.99,1.97,9.25,0.01,-0.00,-0.02
-2.97,1.98,9.25,0.01,-0.00,-0.01
-2.97,1.98,9.25,0.01,-0.00,-0.01
-2.97,1.98,9.25,0.01,-0.00,-0.01
-2.97,1.98,9.25,0.01,-0.00,-0.01
-2.97,1.98,9.25,0.01,-0.00,-0.01
-2.99,1.96,9.22,0.01,0.01,-0.01
-2.99,1.96,9.22,0.01,0.01,-0.01
-2.99,1.96,9.22,0.01,0.01,-0.01
-2.99,1.96,9.22,0.01,0.01,-0.01
-2.99,1.96,9.22,0.01,0.01,-0.01
-2.99,1.96,9.22,0.01,0.01,-0.01
-2.99,2.00,9.26,0.02,0.02,-0.01
-2.99,2.00,9.26,0.02,0.02,-0.01
-2.99,2.00,9.26,0.02,0.02,-0.01
-2.99,2.00,9.26,0.02,0.02,-0.01
-2.99,2.00,9.26,0.02,0.02,-0.01
-3.03,2.00,9.22,0.03,0.02,-0.01
-3.03,2.00,9.22,0.03,0.02,-0.01
-3.03,2.00,9.22,0.03,0.02,-0.01
-3.03,2.00,9.22,0.03,0.02,-0.01
-3.03,2.00,9.22,0.03,0.02,-0.01
-3.01,2.03,9.20,0.02,-0.00,-0.01
-3.01,2.03,9.20,0.02,-0.00,-0.01
-3.01,2.03,9.20,0.02,-0.00,-0.01
-3.01,2.03,9.20,0.02,-0.00,-0.01
-3.01,2.03,9.20,0.02,-0.00,-0.01
-3.01,2.03,9.20,0.02,-0.00,-0.01
-3.02,2.01,9.22,0.01,-0.00,-0.02
-3.02,2.01,9.22,0.01,-0.00,-0.02
-3.02,2.01,9.22,0.01,-0.00,-0.02
-3.02,2.01,9.22,0.01,-0.00,-0.02
-3.02,2.01,9.22,0.01,-0.00,-0.02
-3.00,2.03,9.21,0.01,-0.01,-0.02
-3.00,2.03,9.21,0.01,-0.01,-0.02
-3.00,2.03,9.21,0.01,-0.01,-0.02
-3.00,2.03,9.21,0.01,-0.01,-0.02
-3.00,2.03,9.21,0.01,-0.01,-0.02
-3.00,2.03,9.21,0.01,-0.01,-0.02
-3.00,2.00,9.23,0.00,-0.00,-0.02
-3.00,2.00,9.23,0.00,-0.00,-0.02
-3.00,2.00,9.23,0.00,-0.00,-0.02
-3.00,2.00,9.23,0.00,-0.00,-0.02
-3.00,2.00,9.23,0.00,-0.00,-0.02
-2.99,2.01,9.23,0.00,-0.00,-0.02
-2.99,2.01,9.23,0.00,-0.00,-0.02
-2.99,2.01,9.23,0.00,-0.00,-0.02
-2.99,2.01,9.23,0.00,-0.00,-0.02
-2.99,2.01,9.23,0.00,-0.00,-0.02
-3.01,2.00,9.23,0.00,-0.00,-0.02
-3.01,2.00,9.23,0.00,0.00,-0.02
-3.01,2.00,9.23,0.00,0.00,-0.02
-3.01,2.00,9.23,0.00,0.00,-0.02
-3.01,2.00,9.23,0.00,0.00,-0.02
-3.01,2.00,9.23,0.00,0.00,-0.02
-3.02,2.01,9.22,0.00,0.00,-0.02
-3.02,2.01,9.22,0.00,0.00,-0.02
-3.02,2.01,9.22,0.00,0.00,-0.02
-3.02,2.01,9.22,0.00,0.00,-0.02
-3.02,2.01,9.22,0.00,0.00,-0.02
-3.01,2.00,9.23,0.00,0.00,-0.02
-3.01,2.00,9.23,0.00,0.00,-0.02
-3.01,2.00,9.23,0.00,0.00,-0.02
-3.01,2.00,9.23,0.00,0.00,-0.02
-3.01,2.00,9.23,0.00,0.00,-0.02
-3.01,2.00,9.23,0.00,0.00,-0.02
-3.02,2.00,9.23,0.00,0.00,-0.02
-3.02,2.00,9.23,0.00,0.00,-0.02
-3.02,2.00,9.23,0.00,0.00,-0.02
-3.02,2.00,9.23,0.00,0.00,-0.02
-3.02,2.00,9.23,0.00,0.00,-0.02
-3.02,1.99,9.24,0.00,-0.01,-0.02
-3.02,1.99,9.24,0.00,-0.01,-0.02
-3.02,1.99,9.24,0.00,-0.01,-0.02
-3.02,1.99,9.24,0.00,-0.01,-0.02
-3.02,1.99,9.24,0.00,-0.01,-0.02
-3.02,1.99,9.24,0.00,-0.01,-0.02
-3.02,2.01,9.23,0.01,-0.00,-0.01
-3.02,2.01,9.23,0.01,-0.00,-0.01
-3.02,2.01,9.23,0.01,-0.00,-0.01
-3.02,2.01,9.23,0.01,-0.00,-0.01
-3.02,2.01,9.23,0.01,-0.00,-0.01
-3.01,1.99,9.23,0.01,-0.00,-0.02
-3.01,1.99,9.23,0.01,-0.00,-0.02
-3.01,1.99,9.23,0.01,-0.00,-0.02
-3.01,1.99,9.23,0.01,-0.00,-0.02
-3.01,1.99,9.23,0.01,-0.00,-0.02
-3.01,1.99,9.24,0.01,-0.00,-0.02
-3.01,1.99,9.24,0.01,-0.00,-0.02
-3.01,1.99,9.24,0.01,-0.00,-0.02
-3.01,1.99,9.24,0.01,-0.00,-0.02
-3.01,1.99,9.24,0.01,-0.00,-0.02
-3.01,1.99,9.24,0.01,-0.00,-0.02
-3.02,1.99,9.23,0.01,-0.00,-0.02
-3.02,1.99,9.23,0.01,-0.00,-0.02
-3.02,1.99,9.23,0.01,-0.00,-0.02
-3.02,1.99,9.23,0.01,-0.00,-0.02
-3.02,1.99,9.23,0.01,-0.00,-0.02
-3.02,1.98,9.23,0.01,-0.00,-0.01
-3.02,1.98,9.23,0.01,-0.00,-0.01
-3.02,1.98,9.23,0.01,-0.00,-0.01
-3.02,1.98,9.23,0.01,-0.00,-0.01
-3.02,1.98,9.23,0.01,-0.00,-0.01
-3.03,2.00,9.23,0.01,-0.00,-0.01
-3.03,2.00,9.23,0.01,-0.00,-0.01
-3.03,2.00,9.23,0.01,-0.00,-0.01
-3.03,2.00,9.23,0.01,-0.00,-0.01
-3.03,2.00,9.23,0.01,-0.00,-0.01
-3.03,2.00,9.23,0.01,-0.00,-0.01
-3.01,1.98,9.22,0.01,-0.01,-0.02
-3.01,1.98,9.22,0.01,-0.01,-0.02
-3.01,1.98,9.22,0.01,-0.01,-0.02
-3.01,1.98,9.22,0.01,-0.01,-0.02
-3.01,1.98,9.22,0.01,-0.01,-0.02
-3.00,1.99,9.25,0.01,-0.00,-0.01
-3.00,1.99,9.25,0.01,-0.00,-0.01
-3.00,1.99,9.25,0.01,-0.00,-0.01
-3.00,1.99,9.25,0.01,-0.00,-0.01
-3.00,1.99,9.25,0.01,-0.00,-0.01
-3.00,1.99,9.25,0.01,-0.00,-0.01
-3.03,1.99,9.24,0.02,0.00,-0.01
-3.03,1.99,9.24,0.02,0.00,-0.01
-3.03,1.99,9.24,0.02,0.00,-0.01
-3.03,1.99,9.24,0.02,0.00,-0.01
-3.03,1.99,9.24,0.02,0.00,-0.01
-3.34,2.18,9.71,0.05,0.03,-0.02
-3.34,2.18,9.71,0.05,0.03,-0.02
-3.34,2.18,9.71,0.05,0.03,-0.02
-3.34,2.18,9.71,0.05,0.03,-0.02
-3.34,2.18,9.71,0.05,0.03,-0.02
-4.41,3.19,11.58,0.09,0.51,-0.36
-4.41,3.19,11.58,0.09,0.51,-0.36
-4.41,3.19,11.58,0.09,0.51,-0.36
-4.41,3.19,11.58,0.09,0.51,-0.36
-4.41,3.19,11.58,0.09,0.51,-0.36
-4.41,3.19,11.58,0.09,0.51,-0.36
-8.97,2.18,12.17,-0.40,2.08,-1.65
-8.97,2.18,12.17,-0.40,2.08,-1.65
-8.97,2.18,12.17,-0.40,2.08,-1.65
-8.97,2.18,12.17,-0.40,2.08,-1.65
-8.97,2.18,12.17,-0.40,2.08,-1.65
-7.74,-0.66,10.53,-1.27,2.01,-3.08
-7.74,-0.66,10.53,-1.27,2.01,-3.08
-7.74,-0.66,10.53,-1.27,2.01,-3.08
-7.74,-0.66,10.53,-1.27,2.01,-3.08
-7.74,-0.66,10.53,-1.27,2.01,-3.08
-7.74,-0.66,10.53,-1.27,2.01,-3.08
-6.70,-3.55,8.47,-1.95,0.86,-3.97
-6.70,-3.55,8.47,-1.95,0.86,-3.97
-6.70,-3.55,8.47,-1.95,0.86,-3.97
-6.70,-3.55,8.47,-1.95,0.86,-3.97
-6.70,-3.55,8.47,-1.95,0.86,-3.97
-5.20,-6.13,5.97,-2.06,-0.46,-3.80
-5.20,-6.13,5.97,-2.06,-0.46,-3.80
-5.20,-6.13,5.97,-2.06,-0.46,-3.80
-5.20,-6.13,5.97,-2.06,-0.46,-3.80
-5.20,-6.13,5.97,-2.06,-0.46,-3.80
-3.35,-6.50,4.51,-1.21,-0.92,-3.60
-3.35,-6.50,4.51,-1.21,-0.92,-3.60
-3.35,-6.50,4.51,-1.21,-0.92,-3.60
-3.35,-6.50,4.51,-1.21,-0.92,-3.60
-3.35,-6.50,4.51,-1.21,-0.92,-3.60
-3.35,-6.50,4.51,-1.21,-0.92,-3.60
-0.59,-6.23,3.49,-0.61,-0.59,-3.13
-0.59,-6.23,3.49,-0.61,-0.59,-3.13
-0.59,-6.23,3.49,-0.61,-0.59,-3.13
-0.59,-6.23,3.49,-0.61,-0.59,-3.13
-0.59,-6.23,3.49,-0.61,-0.59,-3.13
1.16,-5.76,2.89,-0.08,0.30,-2.71
1.16,-5.76,2.89,-0.08,0.30,-2.71
1.16,-5.76,2.89,-0.08,0.30,-2.71
1.16,-5.76,2.89,-0.08,0.30,-2.71
1.16,-5.76,2.89,-0.08,0.30,-2.71
1.16,-5.76,3.40,-0.08,0.30,-2.71
2.77,-5.13,3.40,0.56,0.69,-2.12
2.77,-5.13,3.40,0.56,0.69,-2.12
2.77,-5.13,3.40,0.56,0.69,-2.12
2.77,-5.13,3.40,0.56,0.69,-2.12
2.77,-5.13,3.40,0.56,0.69,-2.12
4.06,-4.57,4.70,0.86,0.70,-1.31
4.06,-4.57,4.70,0.86,0.70,-1.31
4.06,-4.57,4.70,0.86,0.70,-1.31
4.06,-4.57,4.70,0.86,0.70,-1.31
4.06,-4.57,4.70,0.86,0.70,-1.31
4.05,-4.69,6.28,0.85,0.75,-0.72
4.05,-4.69,6.28,0.85,0.75,-0.72
4.05,-4.69,6.28,0.85,0.75,-0.72
4.05,-4.69,6.28,0.85,0.75,-0.72
4.05,-4.69,6.28,0.85,0.75,-0.72
4.05,-4.69,6.28,0.85,0.75,-0.72
4.24,-4.42,7.61,0.78,0.49,-0.37
4.24,-4.42,7.61,0.78,0.49,-0.37
4.24,-4.42,7.61,0.78,0.49,-0.37
4.24,-4.42,7.61,0.78,0.49,-0.37
4.24,-4.42,7.61,0.78,0.49,-0.37
2.81,-4.70,9.04,0.30,0.83,-0.28
2.81,-4.70,9.04,0.30,0.83,-0.28
2.81,-4.70,9.04,0.30,0.83,-0.28
2.81,-4.70,9.04,0.30,0.83,-0.28
2.81,-4.70,9.04,0.30,0.83,-0.28
2.94,-5.25,8.17,0.01,0.36,-0.07
2.94,-5.25,8.17,0.01,0.36,-0.07
2.94,-5.25,8.17,0.01,0.36,-0.07
2.94,-5.25,8.17,0.01,0.36,-0.07
2.94,-5.25,8.17,0.01,0.36,-0.07
2.94,-5.25,8.17,0.01,0.36,-0.07
2.87,-5.21,7.75,0.07,0.15,-0.01
2.87,-5.21,7.75,0.07,0.15,-0.01
2.87,-5.21,7.75,0.07,0.15,-0.01
2.87,-5.21,7.75,0.07,0.15,-0.01
2.87,-5.21,7.75,0.07,0.15,-0.01
2.62,-5.05,8.10,0.07,0.16,-0.01
2.62,-5.05,8.10,0.07,0.16,-0.01
2.62,-5.05,8.10,0.07,0.16,-0.01
2.62,-5.05,8.10,0.07,0.16,-0.01
2.62,-5.05,8.10,0.07,0.16,-0.01
2.62,-5.05,8.10,0.07,0.16,-0.01
2.63,-5.13,8.10,0.01,0.08,0.00
2.63,-5.13,8.10,0.01,0.08,0.00
2.63,-5.13,8.10,0.01,0.08,0.00
2.63,-5.13,8.10,0.01,0.08,0.00
2.63,-5.13,8.10,0.01,0.08,0.00
3.02,-4.59,8.23,-0.03,-0.04,0.05
3.02,-4.59,8.23,-0.03,-0.04,0.05
3.02,-4.59,8.23,-0.03,-0.04,0.05
3.02,-4.59,8.23,-0.03,-0.04,0.05
3.02,-4.59,8.23,-0.03,-0.04,0.05
3.91,-3.67,6.84,-0.20,-0.41,0.36
3.91,-3.67,6.84,-0.20,-0.41,0.36
3.91,-3.67,6.84,-0.20,-0.41,0.36
3.91,-3.67,6.84,-0.20,-0.41,0.36
3.91,-3.67,6.84,-0.20,-0.41,0.36
3.91,-3.67,6.84,-0.20,-0.41,0.36
3.92,-3.26,5.90,-0.52,-0.91,1.17
3.92,-3.26,5.90,-0.52,-0.91,1.17
3.92,-3.26,5.90,-0.52,-0.91,1.17
3.92,-3.26,5.90,-0.52,-0.91,1.17
3.92,-3.26,5.90,-0.52,-0.91,1.17
2.33,-4.73,4.77,-0.53,-1.91,2.24
2.33,-4.73,4.77,-0.53,-1.91,2.24
2.33,-4.73,4.77,-0.53,-1.91,2.24
2.33,-4.73,4.77,-0.53,-1.91,2.24
2.33,-4.73,4.77,-0.53,-1.91,2.24
0.67,-6.43,5.09,0.39,-3.20,2.85
0.67,-6.43,5.09,0.39,-3.20,2.85
0.67,-6.43,5.09,0.39,-3.20,2.85
0.67,-6.43,5.09,0.39,-3.20,2.85
0.67,-6.43,5.09,0.39,-3.20,2.85
0.67,-6.43,5.09,0.39,-3.20,2.85
3.05,-6.38,5.96,1.59,-3.61,2.60
3.05,-6.38,5.96,1.59,-3.61,2.60
3.05,-6.38,5.96,1.59,-3.61,2.60
3.05,-6.38,5.96,1.59,-3.61,2.60
3.05,-6.38,5.96,1.59,-3.61,2.60
2.16,-5.29,7.24,2.10,-1.36,2.14
2.16,-5.29,7.24,2.10,-1.36,2.14
2.16,-5.29,7.24,2.10,-1.36,2.14
2.16,-5.29,7.24,2.10,-1.36,2.14
2.16,-5.29,7.24,2.10,-1.36,2.14
2.16,-5.29,7.24,2.10,-1.36,2.14
-0.74,-3.66,8.57,2.23,0.36,1.92
-0.74,-3.66,8.57,2.23,0.36,1.92
-0.74,-3.66,8.57,2.23,0.36,1.92
-0.74,-3.66,8.57,2.23,0.36,1.92
-0.74,-3.66,8.57,2.23,0.36,1.92
-0.74,-4.36,9.91,1.98,0.69,1.61
-0.74,-4.36,9.91,1.98,0.69,1.61
-0.74,-4.36,9.91,1.98,0.69,1.61
-0.74,-4.36,9.91,1.98,0.69,1.61
-0.74,-4.36,9.91,1.98,0.69,1.61
-1.42,-2.56,11.43,1.98,0.69,0.86
-1.42,-2.56,11.43,1.70,1.02,0.86
-1.42,-2.56,11.43,1.70,1.02,0.86
-1.42,-2.56,11.43,1.70,1.02,0.86
-1.42,-2.56,11.43,1.70,1.02,0.86
-1.42,-2.56,11.43,1.70,1.02,0.86
-0.28,-0.87,11.69,1.15,0.59,0.29
-0.28,-0.87,11.69,1.15,0.59,0.29
-0.28,-0.87,11.69,1.15,0.59,0.29
-0.28,-0.87,11.69,1.15,0.59,0.29
-0.28,-0.87,11.69,1.15,0.59,0.29
-0.87,-1.60,11.37,0.94,0.53,0.30
-0.87,-1.60,11.37,0.94,0.53,0.30
-0.87,-1.60,11.37,0.94,0.53,0.30
-0.87,-1.60,11.37,0.94,0.53,0.30
-0.87,-1.60,11.37,0.94,0.53,0.30
-0.87,-1.60,11.37,0.94,0.53,0.30
-2.16,-1.77,11.92,1.50,0.20,1.04
-2.16,-1.77,11.92,1.50,0.20,1.04
-2.16,-1.77,11.92,1.50,0.20,1.04
-2.16,-1.77,11.92,1.50,0.20,1.04
-2.16,-1.77,11.92,1.50,0.20,1.04
-1.30,1.02,10.47,1.64,-0.06,1.57
-1.30,1.02,10.47,1.64,-0.06,1.57
-1.30,1.02,10.47,1.64,-0.06,1.57
-1.30,1.02,10.47,1.64,-0.06,1.57
-1.30,1.02,10.47,1.64,-0.06,1.57
-1.30,1.02,10.47,1.64,-0.06,1.57
-5.13,3.10,10.29,0.94,0.37,0.90
-5.13,3.10,10.29,0.94,0.37,0.90
-5.13,3.10,10.29,0.94,0.37,0.90
-5.13,3.10,10.29,0.94,0.37,0.90
-5.13,3.10,10.29,0.94,0.37,0.90
-2.08,2.65,8.63,0.29,0.03,0.26
-2.08,2.65,8.63,0.29,0.03,0.26
-2.08,2.65,8.63,0.29,0.03,0.26
-2.08,2.65,8.63,0.29,0.03,0.26
-2.08,2.65,8.63,0.29,0.03,0.26
-2.08,2.65,8.63,0.29,0.03,0.26
-1.06,2.95,9.92,0.12,-0.14,0.09
-1.06,2.95,9.92,0.12,-0.14,0.09
-1.06,2.95,9.92,0.12,-0.14,0.09
-1.06,2.95,9.92,0.12,-0.14,0.09
-1.06,2.95,9.92,0.12,-0.14,0.09
-1.96,2.60,9.12,-0.01,0.21,-0.01
-1.96,2.60,9.12,-0.01,0.21,-0.01
-1.96,2.60,9.12,-0.01,0.21,-0.01
-1.96,2.60,9.12,-0.01,0.21,-0.01
-1.96,2.60,9.12,-0.01,0.21,-0.01
-2.00,2.68,9.44,-0.02,0.17,-0.02
-2.00,2.68,9.44,-0.02,0.17,-0.02
-2.00,2.68,9.44,-0.02,0.17,-0.02
-2.00,2.68,9.44,-0.02,0.17,-0.02
-2.00,2.68,9.44,-0.02,0.17,-0.02
-2.00,2.68,9.44,-0.02,0.17,-0.02
-1.88,2.57,9.37,-0.02,0.00,0.02
-1.88,2.57,9.37,-0.02,0.00,0.02
-1.88,2.57,9.37,-0.02,0.00,0.02
-1.88,2.57,9.37,-0.02,0.00,0.02
-1.88,2.57,9.37,-0.02,0.00,0.02
-1.88,2.60,9.35,0.01,-0.00,0.01
-1.88,2.60,9.35,0.01,-0.00,0.01
-1.88,2.60,9.35,0.01,-0.00,0.01
-1.88,2.60,9.35,0.01,-0.00,0.01
-1.88,2.60,9.35,0.01,-0.00,0.01
-1.88,2.60,9.35,0.01,-0.00,0.01
-1.96,2.59,9.32,-0.00,0.03,0.00
-1.96,2.59,9.32,-0.00,0.03,0.00
-1.96,2.59,9.32,-0.00,0.03,0.00
-1.96,2.59,9.32,-0.00,0.03,0.00
-1.96,2.59,9.32,-0.00,0.03,0.00
-2.04,2.57,9.30,-0.00,0.04,-0.01
-2.04,2.57,9.30,-0.00,0.04,-0.01
-2.04,2.57,9.30,-0.00,0.04,-0.01
-2.04,2.57,9.30,-0.00,0.04,-0.01
-2.04,2.57,9.30,-0.00,0.04,-0.01
-2.06,2.54,9.33,-0.01,0.03,-0.01
-2.06,2.54,9.33,-0.01,0.03,-0.01
-2.06,2.54,9.33,-0.01,0.03,-0.01
-2.06,2.54,9.33,-0.01,0.03,-0.01
-2.06,2.54,9.33,-0.01,0.03,-0.01
-2.06,2.54,9.33,-0.01,0.03,-0.01
-2.07,2.52,9.34,-0.01,0.03,-0.02
-2.07,2.52,9.34,-0.01,0.03,-0.02
-2.07,2.52,9.34,-0.01,0.03,-0.02
-2.07,2.52,9.34,-0.01,0.03,-0.02
-2.07,2.52,9.34,-0.01,0.03,-0.02
-2.15,2.54,9.31,-0.00,0.03,-0.02
-2.15,2.54,9.31,-0.00,0.03,-0.02
-2.15,2.54,9.31,-0.00,0.03,-0.02
-2.15,2.54,9.31,-0.00,0.03,-0.02
-2.15,2.54,9.31,-0.00,0.03,-0.02
-2.15,2.54,9.31,-0.00,0.03,-0.02
-2.17,2.53,9.32,0.00,0.02,-0.02
-2.17,2.53,9.32,0.00,0.02,-0.02
-2.17,2.53,9.32,0.00,0.02,-0.02
-2.17,2.53,9.32,0.00,0.02,-0.02
-2.17,2.53,9.32,0.00,0.02,-0.02
-2.12,2.53,9.34,0.00,0.01,-0.01
-2.12,2.53,9.34,0.00,0.01,-0.01
-2.12,2.53,9.34,0.00,0.01,-0.01
-2.12,2.53,9.34,0.00,0.01,-0.01
-2.12,2.53,9.34,0.00,0.01,-0.01
-2.13,2.56,9.32,0.01,0.01,-0.01
-2.13,2.56,9.32,0.01,0.01,-0.01
-2.13,2.56,9.32,0.01,0.01,-0.01
-2.13,2.56,9.32,0.01,0.01,-0.01
-2.13,2.56,9.32,0.01,0.01,-0.01
-2.13,2.56,9.32,0.01,0.01,-0.01
-2.13,2.56,9.31,0.01,0.00,-0.01
-2.13,2.56,9.31,0.01,0.00,-0.01
-2.13,2.56,9.31,0.01,0.00,-0.01
-2.13,2.56,9.31,0.01,0.00,-0.01
-2.13,2.56,9.31,0.01,0.00,-0.01
-2.12,2.56,9.32,0.01,-0.00,-0.01
-2.12,2.56,9.32,0.01,-0.00,-0.01
-2.12,2.56,9.32,0.01,-0.00,-0.01
-2.12,2.56,9.32,0.01,-0.00,-0.01
-2.12,2.56,9.32,0.01,-0.00,-0.01
-2.12,2.56,9.32,0.01,-0.00,-0.01
-2.14,2.55,9.31,0.01,0.00,-0.02
-2.14,2.55,9.31,0.01,0.00,-0.02
-2.14,2.55,9.31,0.01,0.00,-0.02
-2.14,2.55,9.31,0.01,0.00,-0.02
-2.14,2.55,9.31,0.01,0.00,-0.02
-2.13,2.54,9.32,0.01,0.01,-0.02
-2.13,2.54,9.32,0.01,0.01,-0.02
-2.13,2.54,9.32,0.01,0.01,-0.02
-2.13,2.54,9.32,0.01,0.01,-0.02
-2.13,2.54,9.32,0.01,0.01,-0.02
-2.15,2.55,9.34,0.01,-0.00,-0.01
-2.15,2.55,9.34,0.01,-0.00,-0.01
-2.15,2.55,9.34,0.01,-0.00,-0.01
-2.15,2.55,9.34,0.01,-0.00,-0.01
-2.15,2.55,9.34,0.01,-0.00,-0.01
-2.15,2.55,9.34,0.01,-0.00,-0.01
-2.13,2.56,9.32,0.02,-0.01,-0.00
-2.13,2.56,9.32,0.02,-0.01,-0.00
-2.13,2.56,9.32,0.02,-0.01,-0.00
-2.13,2.56,9.32,0.02,-0.01,-0.00
-2.13,2.56,9.32,0.02,-0.01,-0.00
-2.15,2.58,9.33,0.01,-0.00,-0.00
-2.15,2.58,9.33,0.01,-0.00,-0.00
-2.15,2.58,9.33,0.01,-0.00,-0.00
-2.15,2.58,9.33,0.01,-0.00,-0.00
-2.15,2.58,9.33,0.01,-0.00,-0.00
-2.15,2.58,9.33,0.01,-0.00,-0.00
-2.18,2.59,9.31,0.01,-0.00,-0.01
-2.18,2.59,9.31,0.01,-0.00,-0.01
-2.18,2.59,9.31,0.01,-0.00,-0.01
-2.18,2.59,9.31,0.01,-0.00,-0.01
-2.18,2.59,9.31,0.01,-0.00,-0.01
-2.13,2.55,9.33,0.01,-0.01,-0.01
-2.13,2.55,9.33,0.01,-0.01,-0.01
-2.13,2.55,9.33,0.01,-0.01,-0.01
-2.13,2.55,9.33,0.01,-0.01,-0.01
-2.13,2.55,9.33,0.01,-0.01,-0.01
-2.12,2.56,9.33,0.01,-0.00,-0.01
-2.12,2.56,9.33,0.01,-0.00,-0.01
-2.12,2.56,9.33,0.01,-0.00,-0.01
-2.12,2.56,9.33,0.01,-0.00,-0.01
-2.12,2.56,9.33,0.01,-0.00,-0.01
-2.12,2.56,9.33,0.01,-0.00,-0.01
-2.14,2.57,9.32,0.01,-0.00,-0.01
-2.14,2.57,9.32,0.01,-0.00,-0.01
-2.14,2.57,9.32,0.01,-0.00,-0.01
-2.14,2.57,9.32,0.01,-0.00,-0.01
-2.14,2.57,9.32,0.01,-0.00,-0.01
-2.10,2.61,9.32,0.02,-0.00,-0.01
-2.10,2.61,9.32,0.02,-0.00,-0.01
-2.10,2.61,9.32,0.02,-0.00,-0.01
-2.10,2.61,9.32,0.02,-0.00,-0.01
-2.10,2.61,9.32,0.02,-0.00,-0.01
-2.10,2.61,9.31,0.02,-0.00,-0.01
-2.10,2.62,9.31,0.02,0.00,-0.01
-2.10,2.62,9.31,0.02,0.00,-0.01
-2.10,2.62,9.31,0.02,0.00,-0.01
-2.10,2.62,9.31,0.02,0.00,-0.01
-2.10,2.62,9.31,0.02,0.00,-0.01
-2.11,2.62,9.32,0.01,0.00,-0.01
-2.11,2.62,9.32,0.01,0.00,-0.01
-2.11,2.62,9.32,0.01,0.00,-0.01
-2.11,2.62,9.32,0.01,0.00,-0.01
-2.11,2.62,9.32,0.01,0.00,-0.01
-2.12,2.61,9.31,0.01,0.01,-0.02
-2.12,2.61,9.31,0.01,0.01,-0.02
-2.12,2.61,9.31,0.01,0.01,-0.02
-2.12,2.61,9.31,0.01,0.01,-0.02
-2.12,2.61,9.31,0.01,0.01,-0.02
-2.12,2.61,9.31,0.01,0.01,-0.02
-2.13,2.59,9.33,0.00,0.01,-0.02
-2.13,2.59,9.33,0.00,0.01,-0.02
-2.13,2.59,9.33,0.00,0.01,-0.02
-2.13,2.59,9.33,0.00,0.01,-0.02
-2.13,2.59,9.33,0.00,0.01,-0.02
-2.14,2.60,9.33,0.01,0.02,-0.02
-2.14,2.60,9.33,0.01,0.02,-0.02
-2.14,2.60,9.33,0.01,0.02,-0.02
-2.14,2.60,9.33,0.01,0.02,-0.02
-2.14,2.60,9.33,0.01,0.02,-0.02
-2.14,2.60,9.37,0.01,0.02,-0.02
-2.17,2.56,9.37,0.02,0.04,-0.02
-2.17,2.56,9.37,0.02,0.04,-0.02
-2.17,2.56,9.37,0.02,0.04,-0.02
-2.17,2.56,9.37,0.02,0.04,-0.02
-2.17,2.56,9.37,0.02,0.04,-0.02
-2.28,2.61,9.34,0.06,0.06,-0.02
-2.28,2.61,9.34,0.06,0.06,-0.02
-2.28,2.61,9.34,0.06,0.06,-0.02
-2.28,2.61,9.34,0.06,0.06,-0.02
-2.28,2.61,9.34,0.06,0.06,-0.02
-2.36,2.87,9.44,0.09,0.07,-0.01
-2.36,2.87,9.44,0.09,0.07,-0.01
-2.36,2.87,9.44,0.09,0.07,-0.01
-2.36,2.87,9.44,0.09,0.07,-0.01
-2.36,2.87,9.44,0.09,0.07,-0.01
-2.36,2.87,9.44,0.09,0.07,-0.01
-3.17,3.73,10.53,0.04,0.23,-0.22
-3.17,3.73,10.53,0.04,0.23,-0.22
-3.17,3.73,10.53,0.04,0.23,-0.22
-3.17,3.73,10.53,0.04,0.23,-0.22
-3.17,3.73,10.53,0.04,0.23,-0.22
-5.90,4.79,14.04,-0.29,0.59,-0.92
-5.90,4.79,14.04,-0.29,0.59,-0.92
-5.90,4.79,14.04,-0.29,0.59,-0.92
-5.90,4.79,14.04,-0.29,0.59,-0.92
-5.90,4.79,14.04,-0.29,0.59,-0.92
-4.84,2.25,13.33,-1.08,0.95,-2.25
-4.84,2.25,13.33,-1.08,0.95,-2.25
-4.84,2.25,13.33,-1.08,0.95,-2.25
-4.84,2.25,13.33,-1.08,0.95,-2.25
-4.84,2.25,13.33,-1.08,0.95,-2.25
-4.84,2.25,13.33,-1.08,0.95,-2.25
-5.48,-1.71,9.52,-2.51,1.66,-3.59
-5.48,-1.71,9.52,-2.51,1.66,-3.59
-5.48,-1.71,9.52,-2.51,1.66,-3.59
-5.48,-1.71,9.52,-2.51,1.66,-3.59
-5.48,-1.71,9.52,-2.51,1.66,-3.59
-4.87,-5.48,7.19,-3.09,0.09,-3.42
-4.87,-5.48,7.19,-3.09,0.09,-3.42
-4.87,-5.48,7.19,-3.09,0.09,-3.42
-4.87,-5.48,7.19,-3.09,0.09,-3.42
-4.87,-5.48,7.19,-3.09,0.09,-3.42
-2.97,-6.17,5.42,-2.40,-0.91,-3.15
-2.97,-6.17,5.42,-2.40,-0.91,-3.15
-2.97,-6.17,5.42,-2.40,-0.91,-3.15
-2.97,-6.17,5.42,-2.40,-0.91,-3.15
-2.97,-6.17,5.42,-2.40,-0.91,-3.15
-2.97,-6.17,5.42,-2.40,-0.91,-3.15
-2.79,-6.32,3.79,-1.10,0.38,-3.22
-2.79,-6.32,3.79,-1.10,0.38,-3.22
-2.79,-6.32,3.79,-1.10,0.38,-3.22
-2.79,-6.32,3.79,-1.10,0.38,-3.22
-2.79,-6.32,3.79,-1.10,0.38,-3.22
0.46,-5.89,3.59,0.33,0.19,-3.11
0.46,-5.89,3.59,0.33,0.19,-3.11
0.46,-5.89,3.59,0.33,0.19,-3.11
0.46,-5.89,3.59,0.33,0.19,-3.11
0.46,-5.89,3.59,0.33,0.19,-3.11
2.04,-4.54,4.33,0.83,0.79,-2.63
2.04,-4.54,4.33,0.83,0.79,-2.63
2.04,-4.54,4.33,0.83,0.79,-2.63
2.04,-4.54,4.33,0.83,0.79,-2.63
2.04,-4.54,4.33,0.83,0.79,-2.63
2.04,-4.54,4.33,0.83,0.79,-2.63
3.82,-3.52,5.23,0.94,0.82,-1.84
3.82,-3.52,5.23,0.94,0.82,-1.84
3.82,-3.52,5.23,0.94,0.82,-1.84
3.82,-3.52,5.23,0.94,0.82,-1.84
3.82,-3.52,5.23,0.94,0.82,-1.84
3.83,-2.88,6.51,1.11,0.91,-1.28
3.83,-2.88,6.51,1.11,0.91,-1.28
3.83,-2.88,6.51,1.11,0.91,-1.28
3.83,-2.88,6.51,1.11,0.91,-1.28
3.83,-2.88,6.51,1.11,0.91,-1.28
4.12,-2.22,8.83,1.13,0.83,-0.75
4.12,-2.22,8.83,1.13,0.83,-0.75
4.12,-2.22,8.83,1.13,0.83,-0.75
4.12,-2.22,8.83,1.13,0.83,-0.75
4.12,-2.22,8.83,1.13,0.83,-0.75
4.12,-2.22,8.83,1.13,0.83,-0.75
1.82,-2.81,9.70,0.41,0.89,-0.38
1.82,-2.81,9.70,0.41,0.89,-0.38
1.82,-2.81,9.70,0.41,0.89,-0.38
1.82,-2.81,9.70,0.41,0.89,-0.38
1.82,-2.81,9.70,0.41,0.89,-0.38
2.60,-3.77,9.06,-0.01,0.01,0.01
2.60,-3.77,9.06,-0.01,0.01,0.01
2.60,-3.77,9.06,-0.01,0.01,0.01
2.60,-3.77,9.06,-0.01,0.01,0.01
2.60,-3.77,9.06,-0.01,0.01,0.01
2.90,-3.82,8.58,-0.00,-0.15,0.05
2.90,-3.82,8.58,-0.00,-0.15,0.05
2.90,-3.82,8.58,-0.00,-0.15,0.05
2.90,-3.82,8.58,-0.00,-0.15,0.05
2.90,-3.82,8.58,-0.00,-0.15,0.05
2.90,-3.82,8.58,-0.00,-0.15,0.05
2.58,-3.72,8.69,-0.01,-0.01,0.02
2.58,-3.72,8.69,-0.01,-0.01,0.02
2.58,-3.72,8.69,-0.01,-0.01,0.02
2.58,-3.72,8.69,-0.01,-0.01,0.02
2.58,-3.72,8.69,-0.01,-0.01,0.02
2.48,-3.76,8.78,-0.03,0.04,-0.03
2.48,-3.76,8.78,-0.03,0.04,-0.03
2.48,-3.76,8.78,-0.03,0.04,-0.03
2.48,-3.76,8.78,-0.03,0.04,-0.03
2.48,-3.76,8.78,-0.03,0.04,-0.03
2.41,-3.84,8.78,-0.02,0.02,-0.04
2.41,-3.84,8.78,-0.02,0.02,-0.04
2.41,-3.84,8.78,-0.02,0.02,-0.04
2.41,-3.84,8.78,-0.02,0.02,-0.04
2.41,-3.84,8.78,-0.02,0.02,-0.04
2.41,-3.84,8.78,-0.02,0.02,-0.04
2.46,-3.91,8.74,-0.02,0.00,-0.02
2.46,-3.91,8.74,-0.02,0.00,-0.02
2.46,-3.91,8.74,-0.02,0.00,-0.02
2.46,-3.91,8.74,-0.02,0.00,-0.02
2.46,-3.91,8.74,-0.02,0.00,-0.02
2.42,-3.97,8.76,-0.03,0.03,-0.01
2.42,-3.97,8.76,-0.03,0.03,-0.01
2.42,-3.97,8.76,-0.03,0.03,-0.01
2.42,-3.97,8.76,-0.03,0.03,-0.01
2.42,-3.97,8.76,-0.03,0.03,-0.01
2.40,-3.87,8.76,-0.01,0.02,-0.02
2.40,-3.87,8.76,-0.01,0.02,-0.02
2.40,-3.87,8.76,-0.01,0.02,-0.02
2.40,-3.87,8.76,-0.01,0.02,-0.02
2.40,-3.87,8.76,-0.01,0.02,-0.02
2.40,-3.87,8.76,-0.01,0.02,-0.02
2.59,-3.51,8.56,-0.01,-0.03,-0.02
2.59,-3.51,8.56,-0.01,-0.03,-0.02
2.59,-3.51,8.56,-0.01,-0.03,-0.02
2.59,-3.51,8.56,-0.01,-0.03,-0.02
2.59,-3.51,8.56,-0.01,-0.03,-0.02
3.05,-2.41,7.93,-0.11,-0.15,0.09
3.05,-2.41,7.93,-0.11,-0.15,0.09
3.05,-2.41,7.93,-0.11,-0.15,0.09
3.05,-2.41,7.93,-0.11,-0.15,0.09
3.05,-2.41,7.93,-0.11,-0.15,0.09
3.86,-2.03,7.13,-0.50,-0.60,0.49
3.86,-2.03,7.13,-0.50,-0.60,0.49
3.86,-2.03,7.13,-0.50,-0.60,0.49
3.86,-2.03,7.13,-0.50,-0.60,0.49
3.86,-2.03,7.13,-0.50,-0.60,0.49
3.86,-2.03,7.13,-0.50,-0.60,0.49
4.28,-3.14,5.49,-0.98,-1.37,1.25
4.28,-3.14,5.49,-0.98,-1.37,1.25
4.28,-3.14,5.49,-0.98,-1.37,1.25
4.28,-3.14,5.49,-0.98,-1.37,1.25
4.28,-3.14,5.49,-0.98,-1.37,1.25
3.62,-4.50,4.59,-0.77,-2.41,2.22
3.62,-4.50,4.59,-0.77,-2.41,2.22
3.62,-4.50,4.59,-0.77,-2.41,2.22
3.62,-4.50,4.59,-0.77,-2.41,2.22
3.62,-4.50,4.59,-0.77,-2.41,2.22
1.80,-5.31,5.07,0.34,-2.12,2.91
1.80,-5.31,5.07,0.34,-2.12,2.91
1.80,-5.31,5.07,0.34,-2.12,2.91
1.80,-5.31,5.07,0.34,-2.12,2.91
1.80,-5.31,5.07,0.34,-2.12,2.91
1.80,-5.31,5.07,0.34,-2.12,2.91
0.75,-5.45,6.73,1.65,-1.67,3.18
0.75,-5.45,6.73,1.65,-1.67,3.18
0.75,-5.45,6.73,1.65,-1.67,3.18
0.75,-5.45,6.73,1.65,-1.67,3.18
0.75,-5.45,6.73,1.65,-1.67,3.18
1.00,-4.89,9.22,2.24,-1.25,3.17
1.00,-4.89,9.22,2.24,-1.25,3.17
1.00,-4.89,9.22,2.24,-1.25,3.17
1.00,-4.89,9.22,2.24,-1.25,3.17
1.00,-4.89,9.22,2.24,-1.25,3.17
-2.24,-4.50,11.78,2.29,0.65,2.12
-2.24,-4.50,11.78,2.29,0.65,2.12
-2.24,-4.50,11.78,2.29,0.65,2.12
-2.24,-4.50,11.78,2.29,0.65,2.12
-2.24,-4.50,11.78,2.29,0.65,2.12
-2.24,-4.50,11.78,2.29,0.65,2.12
-1.72,-4.26,12.42,1.86,0.50,1.14
-1.72,-4.26,12.42,1.86,0.50,1.14
-1.72,-4.26,12.42,1.86,0.50,1.14
-1.72,-4.26,12.42,1.86,0.50,1.14
-1.72,-4.26,12.42,1.86,0.50,1.14
-2.95,-2.20,9.97,2.05,0.70,0.61
-2.95,-2.20,9.97,2.05,0.70,0.61
-2.95,-2.20,9.97,2.05,0.70,0.61
-2.95,-2.20,9.97,2.05,0.70,0.61
-2.95,-2.20,9.97,2.05,0.70,0.61
-2.95,-2.20,9.97,2.05,0.70,0.61
-0.80,0.83,8.94,2.00,-0.05,0.76
-0.80,0.83,8.94,2.00,-0.05,0.76
-0.80,0.83,8.94,2.00,-0.05,0.76
-0.80,0.83,8.94,2.00,-0.05,0.76
-0.80,0.83,8.94,2.00,-0.05,0.76
-0.31,2.23,9.84,1.60,-0.13,1.17
-0.31,2.23,9.84,1.60,-0.13,1.17
-0.31,2.23,9.84,1.60,-0.13,1.17
-0.31,2.23,9.84,1.60,-0.13,1.17
-0.31,2.23,9.84,1.60,-0.13,1.17
-3.19,3.22,14.03,1.18,0.25,1.16
-3.19,3.22,14.03,1.18,0.25,1.16
-3.19,3.22,14.03,1.18,0.25,1.16
-3.19,3.22,14.03,1.18,0.25,1.16
-3.19,3.22,14.03,1.18,0.25,1.16
-3.19,3.22,14.03,1.18,0.25,1.16
-4.30,1.53,10.15,0.12,0.79,0.33
-4.30,1.53,10.15,0.12,0.79,0.33
-4.30,1.53,10.15,0.12,0.79,0.33
-4.30,1.53,10.15,0.12,0.79,0.33
-4.30,1.53,10.15,0.12,0.79,0.33
-0.90,3.33,8.66,0.13,-0.27,0.12
-0.90,3.33,8.66,0.13,-0.27,0.12
-0.90,3.33,8.66,0.13,-0.27,0.12
-0.90,3.33,8.66,0.13,-0.27,0.12
-0.90,3.33,8.66,0.13,-0.27,0.12
-0.90,3.33,8.66,0.13,-0.27,0.12
-1.26,2.69,9.78,0.06,-0.06,0.07
-1.26,2.69,9.78,0.06,-0.06,0.07
-1.26,2.69,9.78,0.06,-0.06,0.07
-1.26,2.69,9.78,0.06,-0.06,0.07
-1.26,2.69,9.78,0.06,-0.06,0.07
-1.92,2.54,9.47,0.00,0.14,0.03
-1.92,2.54,9.47,0.00,0.14,0.03
-1.92,2.54,9.47,0.00,0.14,0.03
-1.92,2.54,9.47,0.00,0.14,0.03
-1.92,2.54,9.47,0.00,0.14,0.03
-1.42,2.63,9.34,0.03,0.03,0.04
-1.42,2.63,9.34,0.03,0.03,0.04
-1.42,2.63,9.34,0.03,0.03,0.04
-1.42,2.63,9.34,0.03,0.03,0.04
-1.42,2.63,9.34,0.03,0.03,0.04
-1.42,2.63,9.34,0.03,0.03,0.04
-1.99,2.76,9.36,0.03,0.10,-0.00
-1.99,2.76,9.36,0.03,0.10,-0.00
-1.99,2.76,9.36,0.03,0.10,-0.00
-1.99,2.76,9.36,0.03,0.10,-0.00
-1.99,2.76,9.36,0.03,0.10,-0.00
-1.73,2.62,9.36,0.02,0.02,-0.01
-1.73,2.62,9.36,0.02,0.02,-0.01
-1.73,2.62,9.36,0.02,0.02,-0.01
-1.73,2.62,9.36,0.02,0.02,-0.01
-1.73,2.62,9.36,0.02,0.02,-0.01
-1.73,2.62,9.36,0.02,0.02,-0.01
-1.88,2.69,9.36,0.01,-0.02,-0.00
-1.88,2.69,9.36,0.01,-0.02,-0.00
-1.88,2.69,9.36,0.01,-0.02,-0.00
-1.88,2.69,9.36,0.01,-0.02,-0.00
-1.88,2.69,9.36,0.01,-0.02,-0.00
-1.79,2.62,9.37,0.01,-0.06,-0.00
-1.79,2.62,9.37,0.01,-0.06,-0.00
-1.79,2.62,9.37,0.01,-0.06,-0.00
-1.79,2.62,9.37,0.01,-0.06,-0.00
-1.79,2.62,9.37,0.01,-0.06,-0.00
-1.69,2.67,9.37,0.01,-0.04,-0.00
-1.69,2.67,9.37,0.01,-0.04,-0.00
-1.69,2.67,9.37,0.01,-0.04,-0.00
-1.69,2.67,9.37,0.01,-0.04,-0.00
-1.69,2.67,9.37,0.01,-0.04,-0.00
-1.69,2.67,9.37,0.01,-0.04,-0.00
-1.79,2.66,9.37,0.01,0.01,-0.02
-1.79,2.66,9.37,0.01,0.01,-0.02
-1.79,2.66,9.37,0.01,0.01,-0.02
-1.79,2.66,9.37,0.01,0.01,-0.02
-1.79,2.66,9.37,0.01,0.01,-0.02
-1.74,2.68,9.36,0.01,-0.00,-0.01
-1.74,2.68,9.36,0.01,-0.00,-0.01
-1.74,2.68,9.36,0.01,-0.00,-0.01
-1.74,2.68,9.36,0.01,-0.00,-0.01
-1.74,2.68,9.36,0.01,-0.00,-0.01
-1.79,2.70,9.36,0.01,-0.00,-0.01
-1.79,2.70,9.36,0.01,-0.00,-0.01
-1.79,2.70,9.36,0.01,-0.00,-0.01
-1.79,2.70,9.36,0.01,-0.00,-0.01
-1.79,2.70,9.36,0.01,-0.00,-0.01
-1.79,2.70,9.36,0.01,-0.00,-0.01
-1.74,2.67,9.36,0.02,-0.01,-0.01
-1.74,2.67,9.36,0.02,-0.01,-0.01
-1.74,2.67,9.36,0.02,-0.01,-0.01
-1.74,2.67,9.36,0.02,-0.01,-0.01
-1.74,2.67,9.36,0.02,-0.01,-0.01
-1.73,2.67,9.37,0.02,-0.01,-0.01
-1.73,2.67,9.37,0.02,-0.01,-0.01
-1.73,2.67,9.37,0.02,-0.01,-0.01
-1.73,2.67,9.37,0.02,-0.01,-0.01
-1.73,2.67,9.37,0.02,-0.01,-0.01
-1.73,2.70,9.36,0.02,-0.01,-0.01
-1.73,2.70,9.36,0.02,-0.01,-0.01
-1.73,2.70,9.36,0.02,-0.01,-0.01
-1.73,2.70,9.36,0.02,-0.01,-0.01
-1.73,2.70,9.36,0.02,-0.01,-0.01
-1.73,2.70,9.36,0.02,-0.01,-0.01
-1.72,2.71,9.36,0.02,-0.00,-0.01
-1.72,2.71,9.36,0.02,-0.00,-0.01
-1.72,2.71,9.36,0.02,-0.00,-0.01
-1.72,2.71,9.36,0.02,-0.00,-0.01
-1.72,2.71,9.36,0.02,-0.00,-0.01
-1.72,2.73,9.36,0.02,-0.00,-0.01
-1.72,2.73,9.36,0.02,-0.00,-0.01
-1.72,2.73,9.36,0.02,-0.00,-0.01
-1.72,2.73,9.36,0.02,-0.00,-0.01
-1.72,2.73,9.36,0.02,-0.00,-0.01
-1.73,2.73,9.35,0.02,0.01,-0.01
-1.73,2.73,9.35,0.02,0.01,-0.01
-1.73,2.73,9.35,0.02,0.01,-0.01
-1.73,2.73,9.35,0.02,0.01,-0.01
-1.73,2.73,9.35,0.02,0.01,-0.01
-1.73,2.73,9.35,0.02,0.01,-0.01
-1.74,2.74,9.36,0.02,0.01,-0.01
-1.74,2.74,9.36,0.02,0.01,-0.01
-1.74,2.74,9.36,0.02,0.01,-0.01
-1.74,2.74,9.36,0.02,0.01,-0.01
-1.74,2.74,9.36,0.02,0.01,-0.01
-1.74,2.71,9.38,0.02,0.02,-0.01
-1.74,2.71,9.38,0.02,0.02,-0.01
-1.74,2.71,9.38,0.02,0.02,-0.01
-1.74,2.71,9.38,0.02,0.02,-0.01
-1.74,2.71,9.38,0.02,0.02,-0.01
-1.74,2.71,9.38,0.02,0.02,-0.01
-1.77,2.79,9.33,0.04,0.03,0.00
-1.77,2.79,9.33,0.04,0.03,0.00
-1.77,2.79,9.33,0.04,0.03,0.00
-1.77,2.79,9.33,0.04,0.03,0.00
-1.77,2.79,9.33,0.04,0.03,0.00
-1.79,2.82,9.31,0.04,0.03,-0.00
-1.79,2.82,9.31,0.04,0.03,-0.00
-1.79,2.82,9.31,0.04,0.03,-0.00
-1.79,2.82,9.31,0.04,0.03,-0.00
-1.79,2.82,9.31,0.04,0.03,-0.00
-1.76,2.83,9.32,0.02,0.02,-0.01
-1.76,2.83,9.32,0.02,0.02,-0.01
-1.76,2.83,9.32,0.02,0.02,-0.01
-1.76,2.83,9.32,0.02,0.02,-0.01
-1.76,2.83,9.32,0.02,0.02,-0.01
-1.76,2.83,9.32,0.02,0.02,-0.01
-1.86,2.83,9.32,0.00,0.03,-0.02
-1.86,2.83,9.32,0.00,0.03,-0.02
-1.86,2.83,9.32,0.00,0.03,-0.02
-1.86,2.83,9.32,0.00,0.03,-0.02
-1.86,2.83,9.32,0.00,0.03,-0.02
-1.81,2.83,9.29,0.01,0.04,-0.03
-1.81,2.83,9.29,0.01,0.04,-0.03
-1.81,2.83,9.29,0.01,0.04,-0.03
-1.81,2.83,9.29,0.01,0.04,-0.03
-1.81,2.83,9.29,0.01,0.04,-0.03
-1.74,2.74,9.44,0.00,0.07,-0.04
-1.74,2.74,9.44,0.00,0.07,-0.04
-1.74,2.74,9.44,0.00,0.07,-0.04
-1.74,2.74,9.44,0.00,0.07,-0.04
-1.74,2.74,9.44,0.00,0.07,-0.04
-1.74,2.74,9.44,0.00,0.07,-0.04
-1.98,2.87,9.89,-0.02,0.27,-0.07
-1.98,2.87,9.89,-0.02,0.27,-0.07
-1.98,2.87,9.89,-0.02,0.27,-0.07
-1.98,2.87,9.89,-0.02,0.27,-0.07
-1.98,2.87,9.89,-0.02,0.27,-0.07
-3.76,3.31,11.11,-0.08,0.67,-0.35
-3.76,3.31,11.11,-0.08,0.67,-0.35
-3.76,3.31,11.11,-0.08,0.67,-0.35
-3.76,3.31,11.11,-0.08,0.67,-0.35
-3.76,3.31,11.11,-0.08,0.67,-0.35
-5.50,3.95,12.75,-0.08,0.67,-0.35
-5.50,3.95,12.75,-0.35,0.86,-1.00
-5.50,3.95,12.75,-0.35,0.86,-1.00
-5.50,3.95,12.75,-0.35,0.86,-1.00
-5.50,3.95,12.75,-0.35,0.86,-1.00
-5.50,3.95,12.75,-0.35,0.86,-1.00
-7.16,1.72,11.90,-1.28,1.52,-2.01
-7.16,1.72,11.90,-1.28,1.52,-2.01
-7.16,1.72,11.90,-1.28,1.52,-2.01
-7.16,1.72,11.90,-1.28,1.52,-2.01
-7.16,1.72,11.90,-1.28,1.52,-2.01
-5.99,-1.95,10.66,-2.30,1.27,-2.75
-5.99,-1.95,10.66,-2.30,1.27,-2.75
-5.99,-1.95,10.66,-2.30,1.27,-2.75
-5.99,-1.95,10.66,-2.30,1.27,-2.75
-5.99,-1.95,10.66,-2.30,1.27,-2.75
-5.99,-1.95,10.66,-2.30,1.27,-2.75
-5.83,-4.06,7.85,-2.43,0.02,-2.96
-5.83,-4.06,7.85,-2.43,0.02,-2.96
-5.83,-4.06,7.85,-2.43,0.02,-2.96
-5.83,-4.06,7.85,-2.43,0.02,-2.96
-5.83,-4.06,7.85,-2.43,0.02,-2.96
-4.45,-4.65,5.62,-2.12,-0.51,-2.94
-4.45,-4.65,5.62,-2.12,-0.51,-2.94
-4.45,-4.65,5.62,-2.12,-0.51,-2.94
-4.45,-4.65,5.62,-2.12,-0.51,-2.94
-4.45,-4.65,5.62,-2.12,-0.51,-2.94
-3.56,-5.50,3.79,-1.50,0.31,-3.29
-3.56,-5.50,3.79,-1.50,0.31,-3.29
-3.56,-5.50,3.79,-1.50,0.31,-3.29
-3.56,-5.50,3.79,-1.50,0.31,-3.29
-3.56,-5.50,3.79,-1.50,0.31,-3.29
-3.56,-5.50,3.79,-1.50,0.31,-3.29
-1.19,-5.75,3.67,-0.46,0.18,-3.24
-1.19,-5.75,3.67,-0.46,0.18,-3.24
-1.19,-5.75,3.67,-0.46,0.18,-3.24
-1.19,-5.75,3.67,-0.46,0.18,-3.24
-1.19,-5.75,3.67,-0.46,0.18,-3.24
1.98,-4.95,3.89,0.21,-0.25,-2.76
1.98,-4.95,3.89,0.21,-0.25,-2.76
1.98,-4.95,3.89,0.21,-0.25,-2.76
1.98,-4.95,3.89,0.21,-0.25,-2.76
1.98,-4.95,3.89,0.21,-0.25,-2.76
3.82,-4.51,4.26,0.47,0.64,-2.14
3.82,-4.51,4.26,0.47,0.64,-2.14
3.82,-4.51,4.26,0.47,0.64,-2.14
3.82,-4.51,4.26,0.47,0.64,-2.14
3.82,-4.51,4.26,0.47,0.64,-2.14
3.82,-4.51,4.26,0.47,0.64,-2.14
5.19,-3.89,4.95,0.93,0.98,-1.52
5.19,-3.89,4.95,0.93,0.98,-1.52
5.19,-3.89,4.95,0.93,0.98,-1.52
5.19,-3.89,4.95,0.93,0.98,-1.52
5.19,-3.89,4.95,0.93,0.98,-1.52
5.62,-3.73,6.55,1.19,0.71,-0.83
5.62,-3.73,6.55,1.19,0.71,-0.83
5.62,-3.73,6.55,1.19,0.71,-0.83
5.62,-3.73,6.55,1.19,0.71,-0.83
5.62,-3.73,6.55,1.19,0.71,-0.83
3.99,-3.11,10.69,1.03,1.11,-0.47
3.99,-3.11,10.69,1.03,1.11,-0.47
3.99,-3.11,10.69,1.03,1.11,-0.47
3.99,-3.11,10.69,1.03,1.11,-0.47
3.99,-3.11,10.69,1.03,1.11,-0.47
3.99,-3.11,10.69,1.03,1.11,-0.47
2.99,-4.89,7.98,0.08,0.48,-0.17
2.99,-4.89,7.98,0.08,0.48,-0.17
2.99,-4.89,7.98,0.08,0.48,-0.17
2.99,-4.89,7.98,0.08,0.48,-0.17
2.99,-4.89,7.98,0.08,0.48,-0.17
3.43,-4.35,8.06,0.03,0.05,-0.03
3.43,-4.35,8.06,0.03,0.05,-0.03
3.43,-4.35,8.06,0.03,0.05,-0.03
3.43,-4.35,8.06,0.03,0.05,-0.03
3.43,-4.35,8.06,0.03,0.05,-0.03
3.43,-4.35,8.06,0.03,0.05,-0.03
3.12,-4.23,8.33,0.03,0.02,0.02
3.12,-4.23,8.33,0.03,0.02,0.02
3.12,-4.23,8.33,0.03,0.02,0.02
3.12,-4.23,8.33,0.03,0.02,0.02
3.12,-4.23,8.33,0.03,0.02,0.02
3.39,-3.76,8.22,-0.01,0.00,0.08
3.39,-3.76,8.22,-0.01,0.00,0.08
3.39,-3.76,8.22,-0.01,0.00,0.08
3.39,-3.76,8.22,-0.01,0.00,0.08
3.39,-3.76,8.22,-0.01,0.00,0.08
3.58,-3.28,8.44,-0.05,-0.07,0.26
3.58,-3.28,8.44,-0.05,-0.07,0.26
3.58,-3.28,8.44,-0.05,-0.07,0.26
3.58,-3.28,8.44,-0.05,-0.07,0.26
3.58,-3.28,8.44,-0.05,-0.07,0.26
3.58,-3.28,8.44,-0.05,-0.07,0.26
3.89,-3.38,7.60,-0.36,-0.50,0.81
3.89,-3.38,7.60,-0.36,-0.50,0.81
3.89,-3.38,7.60,-0.36,-0.50,0.81
3.89,-3.38,7.60,-0.36,-0.50,0.81
3.89,-3.38,7.60,-0.36,-0.50,0.81
4.28,-3.99,6.41,-0.55,-1.49,1.65
4.28,-3.99,6.41,-0.55,-1.49,1.65
4.28,-3.99,6.41,-0.55,-1.49,1.65
4.28,-3.99,6.41,-0.55,-1.49,1.65
4.28,-3.99,6.41,-0.55,-1.49,1.65
2.97,-4.77,5.57,-0.12,-1.73,2.32
2.97,-4.77,5.57,-0.12,-1.73,2.32
2.97,-4.77,5.57,-0.12,-1.73,2.32
2.97,-4.77,5.57,-0.12,-1.73,2.32
2.97,-4.77,5.57,-0.12,-1.73,2.32
2.97,-4.77,5.57,-0.12,-1.73,2.32
1.64,-5.26,5.26,0.72,-1.50,2.57
1.64,-5.26,5.26,0.72,-1.50,2.57
1.64,-5.26,5.26,0.72,-1.50,2.57
1.64,-5.26,5.26,0.72,-1.50,2.57
1.64,-5.26,5.26,0.72,-1.50,2.57
0.03,-5.04,6.54,1.48,-0.91,2.31
0.03,-5.04,6.54,1.48,-0.91,2.31
0.03,-5.04,6.54,1.48,-0.91,2.31
0.03,-5.04,6.54,1.48,-0.91,2.31
0.03,-5.04,6.54,1.48,-0.91,2.31
-1.26,-4.72,8.13,1.95,-0.61,1.80
-1.26,-4.72,8.13,1.95,-0.61,1.80
-1.26,-4.72,8.13,1.95,-0.61,1.80
-1.26,-4.72,8.13,1.95,-0.61,1.80
-1.26,-4.72,8.13,1.95,-0.61,1.80
-1.26,-4.72,8.13,1.95,-0.61,1.80
-0.23,-3.37,9.60,2.15,-0.67,1.14
-0.23,-3.37,9.60,2.15,-0.67,1.14
-0.23,-3.37,9.60,2.15,-0.67,1.14
-0.23,-3.37,9.60,2.15,-0.67,1.14
-0.23,-3.37,9.60,2.15,-0.67,1.14
0.36,-1.56,10.75,2.28,-0.36,0.48
0.36,-1.56,10.75,2.28,-0.36,0.48
0.36,-1.56,10.75,2.28,-0.36,0.48
0.36,-1.56,10.75,2.28,-0.36,0.48
0.36,-1.56,10.75,2.28,-0.36,0.48
1.69,-0.15,10.74,2.28,-0.14,0.12
1.69,-0.15,10.74,2.28,-0.14,0.12
1.69,-0.15,10.74,2.28,-0.14,0.12
1.69,-0.15,10.74,2.28,-0.14,0.12
1.69,-0.15,10.74,2.28,-0.14,0.12
1.69,-0.15,10.74,2.28,-0.14,0.12
2.13,1.87,10.55,2.35,-0.05,0.25
2.13,1.87,10.55,2.35,-0.05,0.25
2.13,1.87,10.55,2.35,-0.05,0.25
2.13,1.87,10.55,2.35,-0.05,0.25
2.13,1.87,10.55,2.35,-0.05,0.25
3.76,3.12,10.37,1.86,-0.76,0.38
3.76,3.12,10.37,1.86,-0.76,0.38
3.76,3.12,10.37,1.86,-0.76,0.38
3.76,3.12,10.37,1.86,-0.76,0.38
3.76,3.12,10.37,1.86,-0.76,0.38
3.76,3.12,10.37,1.86,-0.76,0.38
3.76,3.71,10.35,1.17,-0.44,0.61
3.76,3.71,10.35,1.17,-0.44,0.61
3.76,3.71,10.35,1.17,-0.44,0.61
3.76,3.71,10.35,1.17,-0.44,0.61
3.76,3.71,10.35,1.17,-0.44,0.61
2.67,3.87,10.03,1.02,0.29,0.79
2.67,3.87,10.03,1.02,0.29,0.79
2.67,3.87,10.03,1.02,0.29,0.79
2.67,3.87,10.03,1.02,0.29,0.79
2.67,3.87,10.03,1.02,0.29,0.79
2.69,3.88,8.52,0.96,0.66,0.77
2.69,3.88,8.52,0.96,0.66,0.77
2.69,3.88,8.52,0.96,0.66,0.77
2.69,3.88,8.52,0.96,0.66,0.77
2.69,3.88,8.52,0.96,0.66,0.77
2.69,3.88,8.52,0.96,0.66,0.77
2.18,4.07,7.51,0.82,0.98,0.91
2.18,4.07,7.51,0.82,0.98,0.91
2.18,4.07,7.51,0.82,0.98,0.91
2.18,4.07,7.51,0.82,0.98,0.91
2.18,4.07,7.51,0.82,0.98,0.91
1.31,5.35,7.74,0.69,1.54,0.91
1.31,5.35,7.74,0.69,1.54,0.91
1.31,5.35,7.74,0.69,1.54,0.91
1.31,5.35,7.74,0.69,1.54,0.91
1.31,5.35,7.74,0.69,1.54,0.91
1.31,6.33,8.76,0.69,1.54,0.91
0.25,6.33,8.76,0.42,1.91,0.67
0.25,6.33,8.76,0.42,1.91,0.67
0.25,6.33,8.76,0.42,1.91,0.67
0.25,6.33,8.76,0.42,1.91,0.67
0.25,6.33,8.76,0.42,1.91,0.67
-0.41,5.97,10.45,-0.30,1.44,0.30
-0.41,5.97,10.45,-0.30,1.44,0.30
-0.41,5.97,10.45,-0.30,1.44,0.30
-0.41,5.97,10.45,-0.30,1.44,0.30
-0.41,5.97,10.45,-0.30,1.44,0.30
-0.30,5.08,8.03,-0.75,0.90,0.06
-0.30,5.08,8.03,-0.75,0.90,0.06
-0.30,5.08,8.03,-0.75,0.90,0.06
-0.30,5.08,8.03,-0.75,0.90,0.06
-0.30,5.08,8.03,-0.75,0.90,0.06
-0.30,5.08,8.03,-0.75,0.90,0.06
-1.33,4.37,9.31,-0.72,0.56,-0.21
-1.33,4.37,9.31,-0.72,0.56,-0.21
-1.33,4.37,9.31,-0.72,0.56,-0.21
-1.33,4.37,9.31,-0.72,0.56,-0.21
-1.33,4.37,9.31,-0.72,0.56,-0.21
-1.42,2.72,9.20,-0.48,0.39,-0.26
-1.42,2.72,9.20,-0.48,0.39,-0.26
-1.42,2.72,9.20,-0.48,0.39,-0.26
-1.42,2.72,9.20,-0.48,0.39,-0.26
-1.42,2.72,9.20,-0.48,0.39,-0.26
-2.19,2.94,9.18,-0.11,0.24,-0.18
-2.19,2.94,9.18,-0.11,0.24,-0.18
-2.19,2.94,9.18,-0.11,0.24,-0.18
-2.19,2.94,9.18,-0.11,0.24,-0.18
-2.19,2.94,9.18,-0.11,0.24,-0.18
-2.19,2.94,9.18,-0.11,0.24,-0.18
-1.63,3.54,9.07,-0.04,-0.04,-0.02
-1.63,3.54,9.07,-0.04,-0.04,-0.02
-1.63,3.54,9.07,-0.04,-0.04,-0.02
-1.63,3.54,9.07,-0.04,-0.04,-0.02
-1.63,3.54,9.07,-0.04,-0.04,-0.02
-1.95,3.29,9.10,-0.04,0.02,-0.05
-1.95,3.29,9.10,-0.04,0.02,-0.05
-1.95,3.29,9.10,-0.04,0.02,-0.05
-1.95,3.29,9.10,-0.04,0.02,-0.05
-1.95,3.29,9.10,-0.04,0.02,-0.05
-2.11,3.22,9.13,-0.03,-0.03,-0.04
-2.11,3.22,9.13,-0.03,-0.03,-0.04
-2.11,3.22,9.13,-0.03,-0.03,-0.04
-2.11,3.22,9.13,-0.03,-0.03,-0.04
-2.11,3.22,9.13,-0.03,-0.03,-0.04
-2.11,3.22,9.13,-0.03,-0.03,-0.04
-1.51,3.33,9.19,-0.01,-0.18,-0.01
-1.51,3.33,9.19,-0.01,-0.18,-0.01
-1.51,3.33,9.19,-0.01,-0.18,-0.01
-1.51,3.33,9.19,-0.01,-0.18,-0.01
-1.51,3.33,9.19,-0.01,-0.18,-0.01
-1.22,3.32,9.21,0.01,-0.13,-0.02
-1.22,3.32,9.21,0.01,-0.13,-0.02
-1.22,3.32,9.21,0.01,-0.13,-0.02
-1.22,3.32,9.21,0.01,-0.13,-0.02
-1.22,3.32,9.21,0.01,-0.13,-0.02
-1.47,3.30,9.17,0.02,-0.00,-0.02
-1.47,3.30,9.17,0.02,-0.00,-0.02
-1.47,3.30,9.17,0.02,-0.00,-0.02
-1.47,3.30,9.17,0.02,-0.00,-0.02
-1.47,3.30,9.17,0.02,-0.00,-0.02
-1.47,3.30,9.17,0.02,-0.00,-0.02
-1.45,3.30,9.19,0.01,-0.00,-0.01
-1.45,3.30,9.19,0.01,-0.00,-0.01
-1.45,3.30,9.19,0.01,-0.00,-0.01
-1.45,3.30,9.19,0.01,-0.00,-0.01
-1.45,3.30,9.19,0.01,-0.00,-0.01
-1.56,3.30,9.17,0.01,0.01,-0.01
-1.56,3.30,9.17,0.01,0.01,-0.01
-1.56,3.30,9.17,0.01,0.01,-0.01
-1.56,3.30,9.17,0.01,0.01,-0.01
-1.56,3.30,9.17,0.01,0.01,-0.01
-1.53,3.29,9.19,0.01,-0.00,-0.01
-1.53,3.29,9.19,0.01,-0.00,-0.01
-1.53,3.29,9.19,0.01,-0.00,-0.01
-1.53,3.29,9.19,0.01,-0.00,-0.01
-1.53,3.29,9.19,0.01,-0.00,-0.01
-1.53,3.29,9.19,0.01,-0.00,-0.01
-1.57,3.30,9.18,0.00,0.00,-0.02
-1.57,3.30,9.18,0.00,0.00,-0.02
-1.57,3.30,9.18,0.00,0.00,-0.02
-1.57,3.30,9.18,0.00,0.00,-0.02
-1.57,3.30,9.18,0.00,0.00,-0.02
-1.51,3.30,9.18,0.01,-0.01,-0.02
-1.51,3.30,9.18,0.01,-0.01,-0.02
-1.51,3.30,9.18,0.01,-0.01,-0.02
-1.51,3.30,9.18,0.01,-0.01,-0.02
-1.51,3.30,9.18,0.01,-0.01,-0.02
-1.51,3.30,9.19,0.01,-0.01,-0.02
-1.55,3.30,9.19,0.01,-0.01,-0.01
-1.55,3.30,9.19,0.01,-0.01,-0.01
-1.55,3.30,9.19,0.01,-0.01,-0.01
-1.55,3.30,9.19,0.01,-0.01,-0.01
-1.55,3.30,9.19,0.01,-0.01,-0.01
-1.49,3.32,9.19,0.01,-0.02,-0.01
-1.49,3.32,9.19,0.01,-0.02,-0.01
-1.49,3.32,9.19,0.01,-0.02,-0.01
-1.49,3.32,9.19,0.01,-0.02,-0.01
-1.49,3.32,9.19,0.01,-0.02,-0.01
-1.49,3.32,9.19,0.01,-0.00,-0.01
-1.49,3.32,9.19,0.01,-0.00,-0.01
-1.49,3.32,9.19,0.01,-0.00,-0.01
-1.49,3.32,9.19,0.01,-0.00,-0.01
-1.49,3.32,9.19,0.01,-0.00,-0.01
-1.49,3.32,9.19,0.01,-0.00,-0.01
-1.50,3.30,9.19,0.01,0.00,-0.01
-1.50,3.30,9.19,0.01,0.00,-0.01
-1.50,3.30,9.19,0.01,0.00,-0.01
-1.50,3.30,9.19,0.01,0.00,-0.01
-1.50,3.30,9.19,0.01,0.00,-0.01
-1.52,3.32,9.20,0.01,0.01,-0.01
-1.52,3.32,9.20,0.01,0.01,-0.01
-1.52,3.32,9.20,0.01,0.01,-0.01
-1.52,3.32,9.20,0.01,0.01,-0.01
-1.52,3.32,9.20,0.01,0.01,-0.01
-1.49,3.32,9.20,0.02,0.02,-0.02
-1.49,3.32,9.20,0.02,0.02,-0.02
-1.49,3.32,9.20,0.02,0.02,-0.02
-1.49,3.32,9.20,0.02,0.02,-0.02
-1.49,3.32,9.20,0.02,0.02,-0.02
-1.49,3.32,9.20,0.02,0.02,-0.02
-1.36,3.33,9.24,0.02,0.05,-0.02
-1.36,3.33,9.24,0.02,0.05,-0.02
-1.36,3.33,9.24,0.02,0.05,-0.02
-1.36,3.33,9.24,0.02,0.05,-0.02
-1.36,3.33,9.24,0.02,0.05,-0.02
-1.58,3.34,9.23,0.02,0.16,-0.04
-1.58,3.34,9.23,0.02,0.16,-0.04
-1.58,3.34,9.23,0.02,0.16,-0.04
-1.58,3.34,9.23,0.02,0.16,-0.04
-1.58,3.34,9.23,0.02,0.16,-0.04
-1.58,3.34,9.23,0.02,0.16,-0.04
-1.87,3.42,9.38,0.03,0.27,-0.08
-1.87,3.42,9.38,0.03,0.27,-0.08
-1.87,3.42,9.38,0.03,0.27,-0.08
-1.87,3.42,9.38,0.03,0.27,-0.08
-1.87,3.42,9.38,0.03,0.27,-0.08
-2.55,3.97,10.08,0.06,0.38,-0.22
-2.55,3.97,10.08,0.06,0.38,-0.22
-2.55,3.97,10.08,0.06,0.38,-0.22
-2.55,3.97,10.08,0.06,0.38,-0.22
-2.55,3.97,10.08,0.06,0.38,-0.22
-4.60,5.05,11.26,0.07,0.40,-0.64
-4.60,5.05,11.26,0.07,0.40,-0.64
-4.60,5.05,11.26,0.07,0.40,-0.64
-4.60,5.05,11.26,0.07,0.40,-0.64
-4.60,5.05,11.26,0.07,0.40,-0.64
-4.60,5.05,11.26,0.07,0.40,-0.64
-5.48,5.52,11.91,-0.19,0.33,-1.33
-5.48,5.52,11.91,-0.19,0.33,-1.33
-5.48,5.52,11.91,-0.19,0.33,-1.33
-5.48,5.52,11.91,-0.19,0.33,-1.33
-5.48,5.52,11.91,-0.19,0.33,-1.33
-4.93,3.40,11.88,-1.32,0.79,-2.41
-4.93,3.40,11.88,-1.32,0.79,-2.41
-4.93,3.40,11.88,-1.32,0.79,-2.41
-4.93,3.40,11.88,-1.32,0.79,-2.41
-4.93,3.40,11.88,-1.32,0.79,-2.41
-4.93,3.40,11.88,-1.32,0.79,-2.41
-4.32,-1.20,10.49,-3.22,0.97,-3.37
-4.32,-1.20,10.49,-3.22,0.97,-3.37
-4.32,-1.20,10.49,-3.22,0.97,-3.37
-4.32,-1.20,10.49,-3.22,0.97,-3.37
-4.32,-1.20,10.49,-3.22,0.97,-3.37
-5.21,-5.23,7.20,-3.37,0.23,-3.63
-5.21,-5.23,7.20,-3.37,0.23,-3.63
-5.21,-5.23,7.20,-3.37,0.23,-3.63
-5.21,-5.23,7.20,-3.37,0.23,-3.63
-5.21,-5.23,7.20,-3.37,0.23,-3.63
-4.02,-6.32,4.52,-2.56,-0.06,-3.75
-4.02,-6.32,4.52,-2.56,-0.06,-3.75
-4.02,-6.32,4.52,-2.56,-0.06,-3.75
-4.02,-6.32,4.52,-2.56,-0.06,-3.75
-4.02,-6.32,4.52,-2.56,-0.06,-3.75
-4.02,-6.32,4.52,-2.56,-0.06,-3.75
-1.57,-6.38,3.07,-1.85,0.96,-4.13
-1.57,-6.38,3.07,-1.85,0.96,-4.13
-1.57,-6.38,3.07,-1.85,0.96,-4.13
-1.57,-6.38,3.07,-1.85,0.96,-4.13
-1.57,-6.38,3.07,-1.85,0.96,-4.13
2.61,-5.14,2.57,-0.22,1.59,-4.00
2.61,-5.14,2.57,-0.22,1.59,-4.00
2.61,-5.14,2.57,-0.22,1.59,-4.00
2.61,-5.14,2.57,-0.22,1.59,-4.00
2.61,-5.14,2.57,-0.22,1.59,-4.00
4.94,-3.06,4.08,-0.22,1.16,-2.44
4.94,-3.06,4.08,1.34,1.16,-2.44
4.94,-3.06,4.08,1.34,1.16,-2.44
4.94,-3.06,4.08,1.34,1.16,-2.44
4.94,-3.06,4.08,1.34,1.16,-2.44
4.94,-3.06,4.08,1.34,1.16,-2.44
4.58,-2.53,4.79,1.65,0.80,-0.93
4.58,-2.53,4.79,1.65,0.80,-0.93
4.58,-2.53,4.79,1.65,0.80,-0.93
4.58,-2.53,4.79,1.65,0.80,-0.93
4.58,-2.53,4.79,1.65,0.80,-0.93
4.19,-3.58,8.35,0.68,0.73,-0.24
4.19,-3.58,8.35,0.68,0.73,-0.24
4.19,-3.58,8.35,0.68,0.73,-0.24
4.19,-3.58,8.35,0.68,0.73,-0.24
4.19,-3.58,8.35,0.68,0.73,-0.24
4.19,-3.58,8.35,0.68,0.73,-0.24
2.20,-4.91,8.04,-0.08,0.93,0.03
2.20,-4.91,8.04,-0.08,0.93,0.03
2.20,-4.91,8.04,-0.08,0.93,0.03
2.20,-4.91,8.04,-0.08,0.93,0.03
2.20,-4.91,8.04,-0.08,0.93,0.03
2.79,-5.30,7.96,-0.33,-0.30,-0.06
2.79,-5.30,7.96,-0.33,-0.30,-0.06
2.79,-5.30,7.96,-0.33,-0.30,-0.06
2.79,-5.30,7.96,-0.33,-0.30,-0.06
2.79,-5.30,7.96,-0.33,-0.30,-0.06
4.08,-5.83,6.62,-0.20,-0.77,0.05
4.08,-5.83,6.62,-0.20,-0.77,0.05
4.08,-5.83,6.62,-0.20,-0.77,0.05
4.08,-5.83,6.62,-0.20,-0.77,0.05
4.08,-5.83,6.62,-0.20,-0.77,0.05
4.08,-5.83,6.62,-0.20,-0.77,0.05
3.83,-5.94,7.77,0.00,-0.02,0.16
3.83,-5.94,7.77,0.00,-0.02,0.16
3.83,-5.94,7.77,0.00,-0.02,0.16
3.83,-5.94,7.77,0.00,-0.02,0.16
3.83,-5.94,7.77,0.00,-0.02,0.16
1.99,-6.27,7.20,-0.06,0.31,0.19
1.99,-6.27,7.20,-0.06,0.31,0.19
1.99,-6.27,7.20,-0.06,0.31,0.19
1.99,-6.27,7.20,-0.06,0.31,0.19
1.99,-6.27,7.20,-0.06,0.31,0.19
2.88,-6.18,7.90,-0.09,-0.27,0.05
2.88,-6.18,7.90,-0.09,-0.27,0.05
2.88,-6.18,7.90,-0.09,-0.27,0.05
2.88,-6.18,7.90,-0.09,-0.27,0.05
2.88,-6.18,7.90,-0.09,-0.27,0.05
2.88,-6.18,7.90,-0.09,-0.27,0.05
3.42,-6.46,6.90,0.17,-0.17,-0.01
3.42,-6.46,6.90,0.17,-0.17,-0.01
3.42,-6.46,6.90,0.17,-0.17,-0.01
3.42,-6.46,6.90,0.17,-0.17,-0.01
3.42,-6.46,6.90,0.17,-0.17,-0.01
2.99,-6.00,7.39,0.17,0.38,0.02
2.99,-6.00,7.39,0.17,0.38,0.02
2.99,-6.00,7.39,0.17,0.38,0.02
2.99,-6.00,7.39,0.17,0.38,0.02
2.99,-6.00,7.39,0.17,0.38,0.02
2.99,-6.00,7.39,0.17,0.38,0.02
2.41,-5.24,7.27,-0.08,0.15,-0.07
2.41,-5.24,7.27,-0.08,0.15,-0.07
2.41,-5.24,7.27,-0.08,0.15,-0.07
2.41,-5.24,7.27,-0.08,0.15,-0.07
2.41,-5.24,7.27,-0.08,0.15,-0.07
3.53,-5.77,6.72,0.00,-0.21,-0.14
3.53,-5.77,6.72,0.00,-0.21,-0.14
3.53,-5.77,6.72,0.00,-0.21,-0.14
3.53,-5.77,6.72,0.00,-0.21,-0.14
3.53,-5.77,6.72,0.00,-0.21,-0.14
4.22,-4.40,8.76,0.30,0.03,0.17
4.22,-4.40,8.76,0.30,0.03,0.17
4.22,-4.40,8.76,0.30,0.03,0.17
4.22,-4.40,8.76,0.30,0.03,0.17
4.22,-4.40,8.76,0.30,0.03,0.17
4.22,-4.40,8.76,0.30,0.03,0.17
3.49,-3.89,5.01,0.16,0.14,0.70
3.49,-3.89,5.01,0.16,0.14,0.70
3.49,-3.89,5.01,0.16,0.14,0.70
3.49,-3.89,5.01,0.16,0.14,0.70
3.49,-3.89,5.01,0.16,0.14,0.70
4.03,-3.39,5.14,0.54,-0.50,1.42
4.03,-3.39,5.14,0.54,-0.50,1.42
4.03,-3.39,5.14,0.54,-0.50,1.42
4.03,-3.39,5.14,0.54,-0.50,1.42
4.03,-3.39,5.14,0.54,-0.50,1.42
4.03,-3.39,4.84,0.54,-0.50,1.42
1.76,-3.57,4.84,0.82,-0.56,2.40
1.76,-3.57,4.84,0.82,-0.56,2.40
1.76,-3.57,4.84,0.82,-0.56,2.40
1.76,-3.57,4.84,0.82,-0.56,2.40
1.76,-3.57,4.84,0.82,-0.56,2.40
0.03,-3.78,6.42,1.82,-1.79,3.02
0.03,-3.78,6.42,1.82,-1.79,3.02
0.03,-3.78,6.42,1.82,-1.79,3.02
0.03,-3.78,6.42,1.82,-1.79,3.02
0.03,-3.78,6.42,1.82,-1.79,3.02
1.12,-2.05,9.08,2.91,-1.69,2.39
1.12,-2.05,9.08,2.91,-1.69,2.39
1.12,-2.05,9.08,2.91,-1.69,2.39
1.12,-2.05,9.08,2.91,-1.69,2.39
1.12,-2.05,9.08,2.91,-1.69,2.39
1.12,-2.05,9.08,2.91,-1.69,2.39
-0.68,-0.00,11.68,3.14,-0.00,1.98
-0.68,-0.00,11.68,3.14,-0.00,1.98
-0.68,-0.00,11.68,3.14,-0.00,1.98
-0.68,-0.00,11.68,3.14,-0.00,1.98
-0.68,-0.00,11.68,3.14,-0.00,1.98
1.82,1.87,11.91,2.83,-0.42,1.91
1.82,1.87,11.91,2.83,-0.42,1.91
1.82,1.87,11.91,2.83,-0.42,1.91
1.82,1.87,11.91,2.83,-0.42,1.91
1.82,1.87,11.91,2.83,-0.42,1.91
2.33,3.32,11.27,2.25,-0.29,1.43
2.33,3.32,11.27,2.25,-0.29,1.43
2.33,3.32,11.27,2.25,-0.29,1.43
2.33,3.32,11.27,2.25,-0.29,1.43
2.33,3.32,11.27,2.25,-0.29,1.43
2.33,3.32,11.27,2.25,-0.29,1.43
2.89,3.87,10.06,1.66,-0.15,0.76
2.89,3.87,10.06,1.66,-0.15,0.76
2.89,3.87,10.06,1.66,-0.15,0.76
2.89,3.87,10.06,1.66,-0.15,0.76
2.89,3.87,10.06,1.66,-0.15,0.76
3.55,4.06,9.56,1.29,0.00,0.87
3.55,4.06,9.56,1.29,0.00,0.87
3.55,4.06,9.56,1.29,0.00,0.87
3.55,4.06,9.56,1.29,0.00,0.87
3.55,4.06,9.56,1.29,0.00,0.87
3.55,4.06,9.56,1.29,0.00,0.87
2.98,4.84,9.59,1.15,0.60,1.02
2.98,4.84,9.59,1.15,0.60,1.02
2.98,4.84,9.59,1.15,0.60,1.02
2.98,4.84,9.59,1.15,0.60,1.02
2.98,4.84,9.59,1.15,0.60,1.02
2.27,4.94,8.07,0.84,0.88,1.12
2.27,4.94,8.07,0.84,0.88,1.12
2.27,4.94,8.07,0.84,0.88,1.12
2.27,4.94,8.07,0.84,0.88,1.12
2.27,4.94,8.07,0.84,0.88,1.12
1.24,6.76,7.54,0.75,1.26,0.99
1.24,6.76,7.54,0.75,1.26,0.99
1.24,6.76,7.54,0.75,1.26,0.99
1.24,6.76,7.54,0.75,1.26,0.99
1.24,6.76,7.54,0.75,1.26,0.99
1.24,6.76,7.54,0.75,1.26,0.99
0.80,7.29,10.04,0.30,1.44,0.44
0.80,7.29,10.04,0.30,1.44,0.44
0.80,7.29,10.04,0.30,1.44,0.44
0.80,7.29,10.04,0.30,1.44,0.44
0.80,7.29,10.04,0.30,1.44,0.44
1.41,4.85,8.09,-0.49,1.28,0.19
1.41,4.85,8.09,-0.49,1.28,0.19
1.41,4.85,8.09,-0.49,1.28,0.19
1.41,4.85,8.09,-0.49,1.28,0.19
1.41,4.85,8.09,-0.49,1.28,0.19
-0.23,4.86,8.86,-0.49,1.28,-0.04
-0.23,4.86,8.86,-0.72,1.03,-0.04
-0.23,4.86,8.86,-0.72,1.03,-0.04
-0.23,4.86,8.86,-0.72,1.03,-0.04
-0.23,4.86,8.86,-0.72,1.03,-0.04
-0.23,4.86,8.86,-0.72,1.03,-0.04
-0.80,3.94,9.07,-0.76,0.64,-0.16
-0.80,3.94,9.07,-0.76,0.64,-0.16
-0.80,3.94,9.07,-0.76,0.64,-0.16
-0.80,3.94,9.07,-0.76,0.64,-0.16
-0.80,3.94,9.07,-0.76,0.64,-0.16
-1.01,2.99,9.24,-0.40,0.17,-0.18
-1.01,2.99,9.24,-0.40,0.17,-0.18
-1.01,2.99,9.24,-0.40,0.17,-0.18
-1.01,2.99,9.24,-0.40,0.17,-0.18
-1.01,2.99,9.24,-0.40,0.17,-0.18
-1.01,2.99,9.24,-0.40,0.17,-0.18
-0.41,3.16,9.24,-0.13,-0.02,-0.10
-0.41,3.16,9.24,-0.13,-0.02,-0.10
-0.41,3.16,9.24,-0.13,-0.02,-0.10
-0.41,3.16,9.24,-0.13,-0.02,-0.10
-0.41,3.16,9.24,-0.13,-0.02,-0.10
-0.75,3.54,9.29,-0.07,0.09,-0.02
-0.75,3.54,9.29,-0.07,0.09,-0.02
-0.75,3.54,9.29,-0.07,0.09,-0.02
-0.75,3.54,9.29,-0.07,0.09,-0.02
-0.75,3.54,9.29,-0.07,0.09,-0.02
-1.16,3.47,9.19,-0.06,0.16,-0.04
-1.16,3.47,9.19,-0.06,0.16,-0.04
-1.16,3.47,9.19,-0.06,0.16,-0.04
-1.16,3.47,9.19,-0.06,0.16,-0.04
-1.16,3.47,9.19,-0.06,0.16,-0.04
-1.16,3.47,9.19,-0.06,0.16,-0.04
-1.05,3.27,9.26,-0.06,0.09,-0.05
-1.05,3.27,9.26,-0.06,0.09,-0.05
-1.05,3.27,9.26,-0.06,0.09,-0.05
-1.05,3.27,9.26,-0.06,0.09,-0.05
-1.05,3.27,9.26,-0.06,0.09,-0.05
-1.02,3.27,9.23,-0.02,0.04,-0.04
-1.02,3.27,9.23,-0.02,0.04,-0.04
-1.02,3.27,9.23,-0.02,0.04,-0.04
-1.02,3.27,9.23,-0.02,0.04,-0.04
-1.02,3.27,9.23,-0.02,0.04,-0.04
-0.98,3.31,9.23,0.00,-0.00,-0.02
-0.98,3.31,9.23,0.00,-0.00,-0.02
-0.98,3.31,9.23,0.00,-0.00,-0.02
-0.98,3.31,9.23,0.00,-0.00,-0.02
-0.98,3.31,9.23,0.00,-0.00,-0.02
-0.98,3.31,9.23,0.00,-0.00,-0.02
-1.02,3.33,9.23,0.01,-0.00,-0.01
-1.02,3.33,9.23,0.01,-0.00,-0.01
-1.02,3.33,9.23,0.01,-0.00,-0.01
-1.02,3.33,9.23,0.01,-0.00,-0.01
-1.02,3.33,9.23,0.01,-0.00,-0.01
-1.02,3.35,9.24,0.01,0.00,-0.01
-1.02,3.35,9.24,0.01,0.00,-0.01
-1.02,3.35,9.24,0.01,0.00,-0.01
-1.02,3.35,9.24,0.01,0.00,-0.01
-1.02,3.35,9.24,0.01,0.00,-0.01
-1.04,3.33,9.24,0.01,0.00,-0.02
-1.04,3.33,9.24,0.01,0.00,-0.02
-1.04,3.33,9.24,0.01,0.00,-0.02
-1.04,3.33,9.24,0.01,0.00,-0.02
-1.04,3.33,9.24,0.01,0.00,-0.02
-1.04,3.33,9.24,0.01,0.00,-0.02
-1.07,3.30,9.24,0.01,0.01,-0.02
-1.07,3.30,9.24,0.01,0.01,-0.02
-1.07,3.30,9.24,0.01,0.01,-0.02
-1.07,3.30,9.24,0.01,0.01,-0.02
-1.07,3.30,9.24,0.01,0.01,-0.02
-1.07,3.29,9.24,0.01,0.01,-0.02
-1.07,3.29,9.24,0.01,0.01,-0.02
-1.07,3.29,9.24,0.01,0.01,-0.02
-1.07,3.29,9.24,0.01,0.01,-0.02
-1.07,3.29,9.24,0.01,0.01,-0.02
-1.07,3.29,9.24,0.01,0.01,-0.02
-1.06,3.31,9.25,0.01,0.00,-0.01
-1.06,3.31,9.25,0.01,0.00,-0.01
-1.06,3.31,9.25,0.01,0.00,-0.01
-1.06,3.31,9.25,0.01,0.00,-0.01
-1.06,3.31,9.25,0.01,0.00,-0.01
-1.06,3.34,9.23,0.01,0.00,-0.01
-1.06,3.34,9.23,0.01,0.00,-0.01
-1.06,3.34,9.23,0.01,0.00,-0.01
-1.06,3.34,9.23,0.01,0.00,-0.01
-1.06,3.34,9.23,0.01,0.00,-0.01
-1.04,3.33,9.26,0.01,0.02,-0.01
-1.04,3.33,9.26,0.01,0.02,-0.01
-1.04,3.33,9.26,0.01,0.02,-0.01
-1.04,3.33,9.26,0.01,0.02,-0.01
-1.04,3.33,9.26,0.01,0.02,-0.01
-1.04,3.33,9.26,0.01,0.02,-0.01
-1.08,3.34,9.23,0.02,0.05,-0.01
-1.08,3.34,9.23,0.02,0.05,-0.01
-1.08,3.34,9.23,0.02,0.05,-0.01
-1.08,3.34,9.23,0.02,0.05,-0.01
-1.08,3.34,9.23,0.02,0.05,-0.01
-1.18,3.32,9.20,0.02,0.06,-0.01
-1.18,3.32,9.20,0.02,0.06,-0.01
-1.18,3.32,9.20,0.02,0.06,-0.01
-1.18,3.32,9.20,0.02,0.06,-0.01
-1.18,3.32,9.20,0.02,0.06,-0.01
-1.18,3.32,9.20,0.02,0.06,-0.01
-1.24,3.31,9.23,0.03,0.05,-0.00
-1.24,3.31,9.23,0.03,0.05,-0.00
-1.24,3.31,9.23,0.03,0.05,-0.00
-1.24,3.31,9.23,0.03,0.05,-0.00
-1.24,3.31,9.23,0.03,0.05,-0.00
-1.17,3.41,9.19,0.04,0.03,0.01
-1.17,3.41,9.19,0.04,0.03,0.01
-1.17,3.41,9.19,0.04,0.03,0.01
-1.17,3.41,9.19,0.04,0.03,0.01
-1.17,3.41,9.19,0.04,0.03,0.01
-1.22,3.45,9.19,0.04,0.02,-0.01
-1.22,3.45,9.19,0.04,0.02,-0.01
-1.22,3.45,9.19,0.04,0.02,-0.01
-1.22,3.45,9.19,0.04,0.02,-0.01
-1.22,3.45,9.19,0.04,0.02,-0.01
-1.22,3.45,9.19,0.04,0.02,-0.01
-1.25,3.43,9.18,0.02,0.03,-0.01
-1.25,3.43,9.18,0.02,0.03,-0.01
-1.25,3.43,9.18,0.02,0.03,-0.01
-1.25,3.43,9.18,0.02,0.03,-0.01
-1.25,3.43,9.18,0.02,0.03,-0.01
-1.28,3.43,9.18,0.03,0.02,-0.01
-1.28,3.43,9.18,0.03,0.02,-0.01
-1.28,3.43,9.18,0.03,0.02,-0.01
-1.28,3.43,9.18,0.03,0.02,-0.01
-1.28,3.43,9.18,0.03,0.02,-0.01
-1.28,3.43,9.18,0.03,0.02,-0.01
-1.28,3.48,9.16,0.03,0.00,-0.01
-1.28,3.48,9.16,0.03,0.00,-0.01
-1.28,3.48,9.16,0.03,0.00,-0.01
-1.28,3.48,9.16,0.03,0.00,-0.01
-1.28,3.48,9.16,0.03,0.00,-0.01
-1.31,3.47,9.13,0.03,-0.02,-0.02
-1.31,3.47,9.13,0.03,-0.02,-0.02
-1.31,3.47,9.13,0.03,-0.02,-0.02
-1.31,3.47,9.13,0.03,-0.02,-0.02
-1.31,3.47,9.13,0.03,-0.02,-0.02
-1.31,3.47,9.13,0.03,-0.02,-0.02
-1.23,3.44,9.20,0.06,-0.06,-0.00
-1.23,3.44,9.20,0.06,-0.06,-0.00
-1.23,3.44,9.20,0.06,-0.06,-0.00
-1.23,3.44,9.20,0.06,-0.06,-0.00
-1.23,3.44,9.20,0.06,-0.06,-0.00
-1.13,3.66,9.17,0.10,-0.07,0.01
-1.13,3.66,9.17,0.10,-0.07,0.01
-1.13,3.66,9.17,0.10,-0.07,0.01
-1.13,3.66,9.17,0.10,-0.07,0.01
-1.13,3.66,9.17,0.10,-0.07,0.01
-1.04,3.74,9.19,0.11,-0.08,-0.03
-1.04,3.74,9.19,0.11,-0.08,-0.03
-1.04,3.74,9.19,0.11,-0.08,-0.03
-1.04,3.74,9.19,0.11,-0.08,-0.03
-1.04,3.74,9.19,0.11,-0.08,-0.03
-1.04,3.74,9.19,0.11,-0.08,-0.03
-0.93,3.83,9.30,0.09,0.05,-0.08
-0.93,3.83,9.30,0.09,0.05,-0.08
-0.93,3.83,9.30,0.09,0.05,-0.08
-0.93,3.83,9.30,0.09,0.05,-0.08
-0.93,3.83,9.30,0.09,0.05,-0.08
-2.20,4.98,10.55,0.13,0.55,-0.33
-2.20,4.98,10.55,0.13,0.55,-0.33
-2.20,4.98,10.55,0.13,0.55,-0.33
-2.20,4.98,10.55,0.13,0.55,-0.33
-2.20,4.98,10.55,0.13,0.55,-0.33
-2.20,4.98,10.55,0.13,0.55,-0.33
-6.13,7.05,12.05,0.06,1.69,-1.25
-6.13,7.05,12.05,0.06,1.69,-1.25
-6.13,7.05,12.05,0.06,1.69,-1.25
-6.13,7.05,12.05,0.06,1.69,-1.25
-6.13,7.05,12.05,0.06,1.69,-1.25
-6.88,4.16,11.57,-0.68,1.96,-2.76
-6.88,4.16,11.57,-0.68,1.96,-2.76
-6.88,4.16,11.57,-0.68,1.96,-2.76
-6.88,4.16,11.57,-0.68,1.96,-2.76
-6.88,4.16,11.57,-0.68,1.96,-2.76
-6.88,4.16,11.57,-0.68,1.96,-2.76
-8.20,0.84,10.28,-1.68,1.22,-4.14
-8.20,0.84,10.28,-1.68,1.22,-4.14
-8.20,0.84,10.28,-1.68,1.22,-4.14
-8.20,0.84,10.28,-1.68,1.22,-4.14
-8.20,0.84,10.28,-1.68,1.22,-4.14
-5.69,-2.27,6.92,-2.51,-0.88,-4.02
-5.69,-2.27,6.92,-2.51,-0.88,-4.02
-5.69,-2.27,6.92,-2.51,-0.88,-4.02
-5.69,-2.27,6.92,-2.51,-0.88,-4.02
-5.69,-2.27,6.92,-2.51,-0.88,-4.02
-2.95,-5.02,4.84,-2.66,-1.14,-3.76
-2.95,-5.02,4.84,-2.66,-1.14,-3.76
-2.95,-5.02,4.84,-2.66,-1.14,-3.76
-2.95,-5.02,4.84,-2.66,-1.14,-3.76
-2.95,-5.02,4.84,-2.66,-1.14,-3.76
-2.95,-5.02,4.84,-2.66,-1.14,-3.76
-1.51,-5.82,3.78,-1.98,-0.01,-3.89
-1.51,-5.82,3.78,-1.98,-0.01,-3.89
-1.51,-5.82,3.78,-1.98,-0.01,-3.89
-1.51,-5.82,3.78,-1.98,-0.01,-3.89
-1.51,-5.82,3.78,-1.98,-0.01,-3.89
2.29,-5.80,2.66,-0.34,0.50,-3.76
2.29,-5.80,2.66,-0.34,0.50,-3.76
2.29,-5.80,2.66,-0.34,0.50,-3.76
2.29,-5.80,2.66,-0.34,0.50,-3.76
2.29,-5.80,2.66,-0.34,0.50,-3.76
4.02,-4.47,3.90,1.53,1.60,-2.86
4.02,-4.47,3.90,1.53,1.60,-2.86
4.02,-4.47,3.90,1.53,1.60,-2.86
4.02,-4.47,3.90,1.53,1.60,-2.86
4.02,-4.47,3.90,1.53,1.60,-2.86
4.02,-4.47,3.90,1.53,1.60,-2.86
3.61,-1.13,9.32,2.20,1.57,-1.52
3.61,-1.13,9.32,2.20,1.57,-1.52
3.61,-1.13,9.32,2.20,1.57,-1.52
3.61,-1.13,9.32,2.20,1.57,-1.52
3.61,-1.13,9.32,2.20,1.57,-1.52
-0.27,-3.45,7.60,0.93,0.67,-0.33
-0.27,-3.45,7.60,0.93,0.67,-0.33
-0.27,-3.45,7.60,0.93,0.67,-0.33
-0.27,-3.45,7.60,0.93,0.67,-0.33
-0.27,-3.45,7.60,0.93,0.67,-0.33
-0.27,-3.45,7.60,0.93,0.67,-0.33
1.87,-3.34,8.60,0.52,-0.97,-0.31
1.87,-3.34,8.60,0.52,-0.97,-0.31
1.87,-3.34,8.60,0.52,-0.97,-0.31
1.87,-3.34,8.60,0.52,-0.97,-0.31
1.87,-3.34,8.60,0.52,-0.97,-0.31
3.90,-3.39,6.88,0.21,-2.41,-0.41
3.90,-3.39,6.88,0.21,-2.41,-0.41
3.90,-3.39,6.88,0.21,-2.41,-0.41
3.90,-3.39,6.88,0.21,-2.41,-0.41
3.90,-3.39,6.88,0.21,-2.41,-0.41
6.46,-3.05,5.21,0.34,-3.23,-0.32
6.46,-3.05,5.21,0.34,-3.23,-0.32
6.46,-3.05,5.21,0.34,-3.23,-0.32
6.46,-3.05,5.21,0.34,-3.23,-0.32
6.46,-3.05,5.21,0.34,-3.23,-0.32
6.46,-3.05,5.21,0.34,-3.23,-0.32
8.43,-2.50,3.91,0.47,-2.92,-0.35
8.43,-2.50,3.91,0.47,-2.92,-0.35
8.43,-2.50,3.91,0.47,-2.92,-0.35
8.43,-2.50,3.91,0.47,-2.92,-0.35
8.43,-2.50,3.91,0.47,-2.92,-0.35
11.79,-2.34,3.22,0.02,-1.74,-0.41
11.79,-2.34,3.22,0.02,-1.74,-0.41
11.79,-2.34,3.22,0.02,-1.74,-0.41
11.79,-2.34,3.22,0.02,-1.74,-0.41
11.79,-2.34,3.22,0.02,-1.74,-0.41
9.82,-2.50,4.42,0.02,-1.74,0.03
9.82,-2.50,4.42,-0.51,0.81,0.03
9.82,-2.50,4.42,-0.51,0.81,0.03
9.82,-2.50,4.42,-0.51,0.81,0.03
9.82,-2.50,4.42,-0.51,0.81,0.03
9.82,-2.50,4.42,-0.51,0.81,0.03
7.32,-3.10,5.02,-0.74,2.64,0.38
7.32,-3.10,5.02,-0.74,2.64,0.38
7.32,-3.10,5.02,-0.74,2.64,0.38
7.32,-3.10,5.02,-0.74,2.64,0.38
7.32,-3.10,5.02,-0.74,2.64,0.38
6.90,-3.51,6.23,-0.43,2.39,0.69
6.90,-3.51,6.23,-0.43,2.39,0.69
6.90,-3.51,6.23,-0.43,2.39,0.69
6.90,-3.51,6.23,-0.43,2.39,0.69
6.90,-3.51,6.23,-0.43,2.39,0.69
6.90,-3.51,6.23,-0.43,2.39,0.69
3.59,-4.14,7.11,-0.16,2.48,0.84
3.59,-4.14,7.11,-0.16,2.48,0.84
3.59,-4.14,7.11,-0.16,2.48,0.84
3.59,-4.14,7.11,-0.16,2.48,0.84
3.59,-4.14,7.11,-0.16,2.48,0.84
2.12,-4.08,7.69,0.02,1.74,0.79
2.12,-4.08,7.69,0.02,1.74,0.79
2.12,-4.08,7.69,0.02,1.74,0.79
2.12,-4.08,7.69,0.02,1.74,0.79
2.12,-4.08,7.69,0.02,1.74,0.79
2.12,-4.08,7.69,0.02,1.74,0.79
3.42,-3.45,8.69,0.15,0.55,0.99
3.42,-3.45,8.69,0.15,0.55,0.99
3.42,-3.45,8.69,0.15,0.55,0.99
3.42,-3.45,8.69,0.15,0.55,0.99
3.42,-3.45,8.69,0.15,0.55,0.99
2.35,-3.19,6.37,0.25,-0.26,1.83
2.35,-3.19,6.37,0.25,-0.26,1.83
2.35,-3.19,6.37,0.25,-0.26,1.83
2.35,-3.19,6.37,0.25,-0.26,1.83
2.35,-3.19,6.37,0.25,-0.26,1.83
1.33,-2.32,5.67,1.06,-1.75,2.66
1.33,-2.32,5.67,1.06,-1.75,2.66
1.33,-2.32,5.67,1.06,-1.75,2.66
1.33,-2.32,5.67,1.06,-1.75,2.66
1.33,-2.32,5.67,1.06,-1.75,2.66
1.33,-2.32,5.67,1.06,-1.75,2.66
1.57,-1.77,7.24,1.82,-1.82,2.48
1.57,-1.77,7.24,1.82,-1.82,2.48
1.57,-1.77,7.24,1.82,-1.82,2.48
1.57,-1.77,7.24,1.82,-1.82,2.48
1.57,-1.77,7.24,1.82,-1.82,2.48
-0.21,-1.74,7.85,2.00,-0.07,1.99
-0.21,-1.74,7.85,2.00,-0.07,1.99
-0.21,-1.74,7.85,2.00,-0.07,1.99
-0.21,-1.74,7.85,2.00,-0.07,1.99
-0.21,-1.74,7.85,2.00,-0.07,1.99
-0.21,-1.74,7.85,2.00,-0.07,1.99
-1.85,-0.90,9.91,2.12,0.61,1.69
-1.85,-0.90,9.91,2.12,0.61,1.69
-1.85,-0.90,9.91,2.12,0.61,1.69
-1.85,-0.90,9.91,2.12,0.61,1.69
-1.85,-0.90,9.91,2.12,0.61,1.69
-0.86,0.95,11.66,2.14,0.14,1.05
-0.86,0.95,11.66,2.14,0.14,1.05
-0.86,0.95,11.66,2.14,0.14,1.05
-0.86,0.95,11.66,2.14,0.14,1.05
-0.86,0.95,11.66,2.14,0.14,1.05
1.29,2.36,11.76,2.10,-0.20,0.81
1.29,2.36,11.76,2.10,-0.20,0.81
1.29,2.36,11.76,2.10,-0.20,0.81
1.29,2.36,11.76,2.10,-0.20,0.81
1.29,2.36,11.76,2.10,-0.20,0.81
1.29,2.36,11.76,2.10,-0.20,0.81
2.07,4.08,10.87,2.13,0.07,0.82
2.07,4.08,10.87,2.13,0.07,0.82
2.07,4.08,10.87,2.13,0.07,0.82
2.07,4.08,10.87,2.13,0.07,0.82
2.07,4.08,10.87,2.13,0.07,0.82
3.59,4.81,9.52,1.76,0.07,1.12
3.59,4.81,9.52,1.76,0.07,1.12
3.59,4.81,9.52,1.76,0.07,1.12
3.59,4.81,9.52,1.76,0.07,1.12
3.59,4.81,9.52,1.76,0.07,1.12
3.59,4.81,9.52,1.76,0.07,1.12
2.17,6.32,9.44,1.44,0.72,1.22
2.17,6.32,9.44,1.44,0.72,1.22
2.17,6.32,9.44,1.44,0.72,1.22
2.17,6.32,9.44,1.44,0.72,1.22
2.17,6.32,9.44,1.44,0.72,1.22
0.84,6.37,7.19,1.07,1.03,1.41
0.84,6.37,7.19,1.07,1.03,1.41
0.84,6.37,7.19,1.07,1.03,1.41
0.84,6.37,7.19,1.07,1.03,1.41
0.84,6.37,7.19,1.07,1.03,1.41
0.84,6.37,7.19,1.07,1.03,1.41
-2.65,8.43,8.35,0.35,1.79,0.93
-2.65,8.43,8.35,0.35,1.79,0.93
-2.65,8.43,8.35,0.35,1.79,0.93
-2.65,8.43,8.35,0.35,1.79,0.93
-2.65,8.43,8.35,0.35,1.79,0.93
0.67,6.53,9.22,-0.81,1.22,0.65
0.67,6.53,9.22,-0.81,1.22,0.65
0.67,6.53,9.22,-0.81,1.22,0.65
0.67,6.53,9.22,-0.81,1.22,0.65
0.67,6.53,9.22,-0.81,1.22,0.65
0.67,6.53,9.22,-0.81,1.22,0.65
2.72,4.29,8.93,-0.98,0.65,0.14
2.72,4.29,8.93,-0.98,0.65,0.14
2.72,4.29,8.93,-0.98,0.65,0.14
2.72,4.29,8.93,-0.98,0.65,0.14
2.72,4.29,8.93,-0.98,0.65,0.14
-1.44,3.89,8.62,-0.88,1.10,-0.19
-1.44,3.89,8.62,-0.88,1.10,-0.19
-1.44,3.89,8.62,-0.88,1.10,-0.19
-1.44,3.89,8.62,-0.88,1.10,-0.19
-1.44,3.89,8.62,-0.88,1.10,-0.19
-1.44,3.89,8.62,-0.88,1.10,-0.19
-1.71,3.77,9.17,-0.72,0.52,-0.16
-1.71,3.77,9.17,-0.72,0.52,-0.16
-1.71,3.77,9.17,-0.72,0.52,-0.16
-1.71,3.77,9.17,-0.72,0.52,-0.16
-1.71,3.77,9.17,-0.72,0.52,-0.16
-0.93,2.70,9.21,-0.32,0.02,-0.20
-0.93,2.70,9.21,-0.32,0.02,-0.20
-0.93,2.70,9.21,-0.32,0.02,-0.20
-0.93,2.70,9.21,-0.32,0.02,-0.20
-0.93,2.70,9.21,-0.32,0.02,-0.20
-2.02,3.06,9.27,-0.04,0.17,-0.07
-2.02,3.06,9.27,-0.04,0.17,-0.07
-2.02,3.06,9.27,-0.04,0.17,-0.07
-2.02,3.06,9.27,-0.04,0.17,-0.07
-2.02,3.06,9.27,-0.04,0.17,-0.07
-2.02,3.06,9.27,-0.04,0.17,-0.07
-0.79,3.43,9.29,-0.02,-0.14,0.02
-0.79,3.43,9.29,-0.02,-0.14,0.02
-0.79,3.43,9.29,-0.02,-0.14,0.02
-0.79,3.43,9.29,-0.02,-0.14,0.02
-0.79,3.43,9.29,-0.02,-0.14,0.02
-1.73,3.21,9.20,-0.02,0.14,-0.07
-1.73,3.21,9.20,-0.02,0.14,-0.07
-1.73,3.21,9.20,-0.02,0.14,-0.07
-1.73,3.21,9.20,-0.02,0.14,-0.07
-1.73,3.21,9.20,-0.02,0.14,-0.07
-1.73,3.21,9.20,-0.02,0.14,-0.07
-1.31,3.13,9.27,-0.00,0.02,-0.06
-1.31,3.13,9.27,-0.00,0.02,-0.06
-1.31,3.13,9.27,-0.00,0.02,-0.06
-1.31,3.13,9.27,-0.00,0.02,-0.06
-1.31,3.13,9.27,-0.00,0.02,-0.06
-1.33,3.24,9.24,0.01,0.00,-0.02
-1.33,3.24,9.24,0.01,0.00,-0.02
-1.33,3.24,9.24,0.01,0.00,-0.02
-1.33,3.24,9.24,0.01,0.00,-0.02
-1.33,3.24,9.24,0.01,0.00,-0.02
-1.38,3.29,9.22,0.02,0.01,-0.01
-1.38,3.29,9.22,0.02,0.01,-0.01
-1.38,3.29,9.22,0.02,0.01,-0.01
-1.38,3.29,9.22,0.02,0.01,-0.01
-1.38,3.29,9.22,0.02,0.01,-0.01
-1.38,3.29,9.22,0.02,0.01,-0.01
-1.32,3.32,9.21,0.03,-0.01,-0.01
-1.32,3.32,9.21,0.03,-0.01,-0.01
-1.32,3.32,9.21,0.03,-0.01,-0.01
-1.32,3.32,9.21,0.03,-0.01,-0.01
-1.32,3.32,9.21,0.03,-0.01,-0.01
-1.33,3.29,9.22,0.02,0.00,-0.02
-1.33,3.29,9.22,0.02,0.00,-0.02
-1.33,3.29,9.22,0.02,0.00,-0.02
-1.33,3.29,9.22,0.02,0.00,-0.02
-1.33,3.29,9.22,0.02,0.00,-0.02
-1.33,3.29,9.22,0.02,0.00,-0.02
-1.39,3.26,9.22,0.01,0.02,-0.02
-1.39,3.26,9.22,0.01,0.02,-0.02
-1.39,3.26,9.22,0.01,0.02,-0.02
-1.39,3.26,9.22,0.01,0.02,-0.02
-1.39,3.26,9.22,0.01,0.02,-0.02
-1.43,3.26,9.22,0.02,0.01,-0.02
-1.43,3.26,9.22,0.02,0.01,-0.02
-1.43,3.26,9.22,0.02,0.01,-0.02
-1.43,3.26,9.22,0.02,0.01,-0.02
-1.43,3.26,9.22,0.02,0.01,-0.02
-1.43,3.26,9.22,0.02,0.01,-0.02
-1.44,3.26,9.23,0.02,0.00,-0.01
-1.44,3.26,9.23,0.02,0.00,-0.01
-1.44,3.26,9.23,0.02,0.00,-0.01
-1.44,3.26,9.23,0.02,0.00,-0.01
-1.44,3.26,9.23,0.02,0.00,-0.01
-1.44,3.28,9.22,0.01,0.01,-0.01
-1.44,3.28,9.22,0.01,0.01,-0.01
-1.44,3.28,9.22,0.01,0.01,-0.01
-1.44,3.28,9.22,0.01,0.01,-0.01
-1.44,3.28,9.22,0.01,0.01,-0.01
-1.44,3.28,9.22,0.01,0.01,-0.01
-1.43,3.30,9.21,0.01,0.01,-0.02
-1.43,3.30,9.21,0.01,0.01,-0.02
-1.43,3.30,9.21,0.01,0.01,-0.02
-1.43,3.30,9.21,0.01,0.01,-0.02
-1.43,3.30,9.21,0.01,0.01,-0.02
-1.42,3.30,9.20,0.01,0.01,-0.02
-1.42,3.30,9.20,0.01,0.01,-0.02
-1.42,3.30,9.20,0.01,0.01,-0.02
-1.42,3.30,9.20,0.01,0.01,-0.02
-1.42,3.30,9.20,0.01,0.01,-0.02
-1.43,3.31,9.20,0.01,0.01,-0.02
-1.43,3.31,9.20,0.01,0.01,-0.02
-1.43,3.31,9.20,0.01,0.01,-0.02
-1.43,3.31,9.20,0.01,0.01,-0.02
-1.43,3.31,9.20,0.01,0.01,-0.02
-1.43,3.31,9.20,0.01,0.01,-0.02
-1.45,3.28,9.21,0.00,0.01,-0.02
-1.45,3.28,9.21,0.00,0.01,-0.02
-1.45,3.28,9.21,0.00,0.01,-0.02
-1.45,3.28,9.21,0.00,0.01,-0.02
-1.45,3.28,9.21,0.00,0.01,-0.02
-1.46,3.27,9.21,0.00,0.01,-0.02
-1.46,3.27,9.21,0.00,0.01,-0.02
-1.46,3.27,9.21,0.00,0.01,-0.02
-1.46,3.27,9.21,0.00,0.01,-0.02
-1.46,3.27,9.21,0.00,0.01,-0.02
-1.46,3.27,9.21,0.00,0.01,-0.02
-1.46,3.28,9.21,0.00,0.01,-0.02
-1.46,3.28,9.21,0.00,0.01,-0.02
-1.46,3.28,9.21,0.00,0.01,-0.02
-1.46,3.28,9.21,0.00,0.01,-0.02
-1.46,3.28,9.21,0.00,0.01,-0.02
-1.48,3.28,9.22,0.00,0.01,-0.02
-1.48,3.28,9.22,0.00,0.01,-0.02
-1.48,3.28,9.22,0.00,0.01,-0.02
-1.48,3.28,9.22,0.00,0.01,-0.02
-1.48,3.28,9.22,0.00,0.01,-0.02
-1.48,3.28,9.22,0.00,0.01,-0.02
-1.47,3.29,9.21,0.00,0.01,-0.02
-1.47,3.29,9.21,0.00,0.01,-0.02
-1.47,3.29,9.21,0.00,0.01,-0.02
-1.47,3.29,9.21,0.00,0.01,-0.02
-1.47,3.29,9.21,0.00,0.01,-0.02
-1.51,3.27,9.21,0.00,0.01,-0.02
-1.51,3.27,9.21,0.00,0.01,-0.02
-1.51,3.27,9.21,0.00,0.01,-0.02
-1.51,3.27,9.21,0.00,0.01,-0.02
-1.51,3.27,9.21,0.00,0.01,-0.02
-1.51,3.27,9.21,0.00,0.01,-0.02
-1.50,3.26,9.22,0.00,0.01,-0.02
-1.50,3.26,9.22,0.00,0.01,-0.02
-1.50,3.26,9.22,0.00,0.01,-0.02
-1.50,3.26,9.22,0.00,0.01,-0.02
-1.50,3.26,9.22,0.00,0.01,-0.02
-1.52,3.26,9.21,0.00,0.01,-0.02
-1.52,3.26,9.21,0.00,0.01,-0.02
-1.52,3.26,9.21,0.00,0.01,-0.02
-1.52,3.26,9.21,0.00,0.01,-0.02
-1.52,3.26,9.21,0.00,0.01,-0.02
-1.52,3.26,9.21,0.00,0.01,-0.02
-1.52,3.26,9.22,0.00,0.00,-0.02
-1.52,3.26,9.22,0.00,0.00,-0.02
-1.52,3.26,9.22,0.00,0.00,-0.02
-1.52,3.26,9.22,0.00,0.00,-0.02
-1.52,3.26,9.22,0.00,0.00,-0.02
-1.52,3.27,9.22,0.00,0.00,-0.01
-1.52,3.27,9.22,0.00,0.00,-0.01
-1.52,3.27,9.22,0.00,0.00,-0.01
-1.52,3.27,9.22,0.00,0.00,-0.01
-1.52,3.27,9.22,0.00,0.00,-0.01
-1.53,3.27,9.22,0.00,0.00,-0.01
-1.53,3.27,9.22,0.00,0.00,-0.01
-1.53,3.27,9.22,0.00,0.00,-0.01
-1.53,3.27,9.22,0.00,0.00,-0.01
-1.53,3.27,9.22,0.00,0.00,-0.01
-1.53,3.27,9.22,0.00,0.00,-0.01
-1.52,3.26,9.22,0.01,-0.00,-0.02
-1.52,3.26,9.22,0.01,-0.00,-0.02
-1.52,3.26,9.22,0.01,-0.00,-0.02
-1.52,3.26,9.22,0.01,-0.00,-0.02
-1.52,3.26,9.22,0.01,-0.00,-0.02
-1.53,3.25,9.22,0.01,-0.00,-0.01
-1.53,3.25,9.22,0.01,-0.00,-0.01
-1.53,3.25,9.22,0.01,-0.00,-0.01
-1.53,3.25,9.22,0.01,-0.00,-0.01
-1.53,3.25,9.22,0.01,-0.00,-0.01
-1.53,3.25,9.22,0.01,-0.00,-0.01
-1.53,3.27,9.22,0.01,-0.00,-0.01
-1.53,3.27,9.22,0.01,-0.00,-0.01