-1.60,2.40,9.47,0.02,-0.01,-0.01
-1.60,2.40,9.47,0.02,-0.01,-0.01
-1.60,2.40,9.47,0.02,-0.01,-0.01
-1.60,2.40,9.47,0.02,-0.01,-0.01
-1.60,2.40,9.47,0.02,-0.01,-0.01
-1.60,2.41,9.48,0.01,-0.01,-0.01
-1.60,2.41,9.48,0.01,-0.01,-0.01
-1.60,2.41,9.48,0.01,-0.01,-0.01
-1.60,2.41,9.48,0.01,-0.01,-0.01
-1.60,2.41,9.48,0.01,-0.01,-0.01
-1.63,2.44,9.53,0.02,-0.01,-0.01
-1.63,2.44,9.53,0.02,-0.01,-0.01
-1.63,2.44,9.53,0.02,-0.01,-0.01
-1.63,2.44,9.53,0.02,-0.01,-0.01
-1.63,2.44,9.53,0.02,-0.01,-0.01
-1.63,2.43,9.47,0.02,-0.01,-0.01
-1.61,2.43,9.47,0.06,0.00,0.01
-1.61,2.43,9.47,0.06,0.00,0.01
-1.61,2.43,9.47,0.06,0.00,0.01
-1.61,2.43,9.47,0.06,0.00,0.01
-1.61,2.43,9.47,0.06,0.00,0.01
-1.50,2.52,9.42,0.11,0.02,0.05
-1.50,2.52,9.42,0.11,0.02,0.05
-1.50,2.52,9.42,0.11,0.02,0.05
-1.50,2.52,9.42,0.11,0.02,0.05
-1.50,2.52,9.42,0.11,0.02,0.05
-1.68,2.64,9.41,0.09,0.04,0.04
-1.68,2.64,9.41,0.09,0.04,0.04
-1.68,2.64,9.41,0.09,0.04,0.04
-1.68,2.64,9.41,0.09,0.04,0.04
-1.68,2.64,9.41,0.09,0.04,0.04
-1.68,2.64,9.41,0.09,0.04,0.04
-1.59,2.67,9.39,0.05,0.01,0.01
-1.59,2.67,9.39,0.05,0.01,0.01
-1.59,2.67,9.39,0.05,0.01,0.01
-1.59,2.67,9.39,0.05,0.01,0.01
-1.59,2.67,9.39,0.05,0.01,0.01
-1.58,2.65,9.40,0.03,-0.01,0.00
-1.58,2.65,9.40,0.03,-0.01,0.00
-1.58,2.65,9.40,0.03,-0.01,0.00
-1.58,2.65,9.40,0.03,-0.01,0.00
-1.58,2.65,9.40,0.03,-0.01,0.00
-1.58,2.65,9.40,0.03,-0.01,0.00
-1.59,2.69,9.40,0.02,-0.00,-0.00
-1.59,2.69,9.40,0.02,-0.00,-0.00
-1.59,2.69,9.40,0.02,-0.00,-0.00
-1.59,2.69,9.40,0.02,-0.00,-0.00
-1.59,2.69,9.40,0.02,-0.00,-0.00
-1.58,2.70,9.40,0.02,-0.01,-0.01
-1.58,2.70,9.40,0.02,-0.01,-0.01
-1.58,2.70,9.40,0.02,-0.01,-0.01
-1.58,2.70,9.40,0.02,-0.01,-0.01
-1.58,2.70,9.40,0.02,-0.01,-0.01
-1.60,2.69,9.38,0.02,0.00,-0.01
-1.60,2.69,9.38,0.02,0.00,-0.01
-1.60,2.69,9.38,0.02,0.00,-0.01
-1.60,2.69,9.38,0.02,0.00,-0.01
-1.60,2.69,9.38,0.02,0.00,-0.01
-1.60,2.69,9.38,0.02,0.00,-0.01
-1.58,2.71,9.39,0.01,-0.01,-0.01
-1.58,2.71,9.39,0.01,-0.01,-0.01
-1.58,2.71,9.39,0.01,-0.01,-0.01
-1.58,2.71,9.39,0.01,-0.01,-0.01
-1.58,2.71,9.39,0.01,-0.01,-0.01
-1.59,2.70,9.38,0.01,-0.00,-0.01
-1.59,2.70,9.38,0.01,-0.00,-0.01
-1.59,2.70,9.38,0.01,-0.00,-0.01
-1.59,2.70,9.38,0.01,-0.00,-0.01
-1.59,2.70,9.38,0.01,-0.00,-0.01
-1.59,2.71,9.39,0.01,-0.00,-0.02
-1.59,2.71,9.39,0.01,-0.00,-0.02
-1.59,2.71,9.39,0.01,-0.00,-0.02
-1.59,2.71,9.39,0.01,-0.00,-0.02
-1.59,2.71,9.39,0.01,-0.00,-0.02
-1.59,2.71,9.39,0.01,-0.00,-0.02
-1.59,2.70,9.39,0.01,-0.00,-0.02
-1.59,2.70,9.39,0.01,-0.00,-0.02
-1.59,2.70,9.39,0.01,-0.00,-0.02
-1.59,2.70,9.39,0.01,-0.00,-0.02
-1.59,2.70,9.39,0.01,-0.00,-0.02
-1.58,2.71,9.41,0.01,-0.00,-0.02
-1.58,2.71,9.41,0.01,-0.00,-0.02
-1.58,2.71,9.41,0.01,-0.00,-0.02
-1.58,2.71,9.41,0.01,-0.00,-0.02
-1.58,2.71,9.41,0.01,-0.00,-0.02
-1.58,2.71,9.41,0.01,-0.00,-0.02
-1.60,2.70,9.37,0.00,0.00,-0.02
-1.60,2.70,9.37,0.00,0.00,-0.02
-1.60,2.70,9.37,0.00,0.00,-0.02
-1.60,2.70,9.37,0.00,0.00,-0.02
-1.60,2.70,9.37,0.00,0.00,-0.02
-1.60,2.70,9.40,0.00,0.00,-0.02
-1.60,2.70,9.40,0.00,0.00,-0.02
-1.60,2.70,9.40,0.00,0.00,-0.02
-1.60,2.70,9.40,0.00,0.00,-0.02
-1.60,2.70,9.40,0.00,0.00,-0.02
-1.60,2.68,9.38,0.00,0.00,-0.02
-1.60,2.68,9.38,0.00,0.00,-0.02
-1.60,2.68,9.38,0.00,0.00,-0.02
-1.60,2.68,9.38,0.00,0.00,-0.02
-1.60,2.68,9.38,0.00,0.00,-0.02
-1.60,2.68,9.38,0.00,0.00,-0.02
-1.61,2.69,9.40,0.00,0.00,-0.02
-1.61,2.69,9.40,0.00,0.00,-0.02
-1.61,2.69,9.40,0.00,0.00,-0.02
-1.61,2.69,9.40,0.00,0.00,-0.02
-1.61,2.69,9.40,0.00,0.00,-0.02
-1.63,2.68,9.39,0.00,0.00,-0.02
-1.63,2.68,9.39,0.00,0.00,-0.02
-1.63,2.68,9.39,0.00,0.00,-0.02
-1.63,2.68,9.39,0.00,0.00,-0.02
-1.63,2.68,9.39,0.00,0.00,-0.02
-1.63,2.68,9.39,0.00,0.00,-0.02
-1.62,2.68,9.39,0.00,0.00,-0.02
-1.62,2.68,9.39,0.00,0.00,-0.02
-1.62,2.68,9.39,0.00,0.00,-0.02
-1.62,2.68,9.39,0.00,0.00,-0.02
-1.62,2.68,9.39,0.00,0.00,-0.02
-1.62,2.68,9.39,0.00,0.00,-0.02
-1.62,2.68,9.39,0.00,0.00,-0.02
-1.62,2.68,9.39,0.00,0.00,-0.02
-1.62,2.68,9.39,0.00,0.00,-0.02
-1.62,2.68,9.39,0.00,0.00,-0.02
-1.63,2.68,9.39,0.01,0.01,-0.02
-1.63,2.68,9.39,0.01,0.01,-0.02
-1.63,2.68,9.39,0.01,0.01,-0.02
-1.63,2.68,9.39,0.01,0.01,-0.02
-1.63,2.68,9.39,0.01,0.01,-0.02
-1.63,2.68,9.39,0.01,0.01,-0.02
-1.61,2.68,9.40,0.00,0.01,-0.02
-1.61,2.68,9.40,0.00,0.01,-0.02
-1.61,2.68,9.40,0.00,0.01,-0.02
-1.61,2.68,9.40,0.00,0.01,-0.02
-1.61,2.68,9.40,0.00,0.01,-0.02
-1.59,2.66,9.41,0.00,0.04,-0.02
-1.59,2.66,9.41,0.00,0.04,-0.02
-1.59,2.66,9.41,0.00,0.04,-0.02
-1.59,2.66,9.41,0.00,0.04,-0.02
-1.59,2.66,9.41,0.00,0.04,-0.02
-1.56,2.79,9.48,0.00,0.12,-0.04
-1.56,2.79,9.48,-0.01,0.12,-0.04
-1.56,2.79,9.48,-0.01,0.12,-0.04
-1.56,2.79,9.48,-0.01,0.12,-0.04
-1.56,2.79,9.48,-0.01,0.12,-0.04
-1.56,2.79,9.48,-0.01,0.12,-0.04
-2.31,3.27,10.06,-0.08,0.40,-0.27
-2.31,3.27,10.06,-0.08,0.40,-0.27
-2.31,3.27,10.06,-0.08,0.40,-0.27
-2.31,3.27,10.06,-0.08,0.40,-0.27
-2.31,3.27,10.06,-0.08,0.40,-0.27
-5.00,3.47,11.53,-0.30,1.20,-1.25
-5.00,3.47,11.53,-0.30,1.20,-1.25
-5.00,3.47,11.53,-0.30,1.20,-1.25
-5.00,3.47,11.53,-0.30,1.20,-1.25
-5.00,3.47,11.53,-0.30,1.20,-1.25
-5.00,3.47,11.53,-0.30,1.20,-1.25
-8.90,1.26,10.25,-0.43,1.79,-2.73
-8.90,1.26,10.25,-0.43,1.79,-2.73
-8.90,1.26,10.25,-0.43,1.79,-2.73
-8.90,1.26,10.25,-0.43,1.79,-2.73
-8.90,1.26,10.25,-0.43,1.79,-2.73
-7.40,-0.06,8.76,-1.01,1.28,-3.81
-7.40,-0.06,8.76,-1.01,1.28,-3.81
-7.40,-0.06,8.76,-1.01,1.28,-3.81
-7.40,-0.06,8.76,-1.01,1.28,-3.81
-7.40,-0.06,8.76,-1.01,1.28,-3.81
-5.30,-2.59,5.99,-1.22,1.78,-4.69
-5.30,-2.59,5.99,-1.22,1.78,-4.69
-5.30,-2.59,5.99,-1.22,1.78,-4.69
-5.30,-2.59,5.99,-1.22,1.78,-4.69
-5.30,-2.59,5.99,-1.22,1.78,-4.69
-5.30,-2.59,5.99,-1.22,1.78,-4.69
-3.12,-4.04,4.46,-0.09,2.00,-4.42
-3.12,-4.04,4.46,-0.09,2.00,-4.42
-3.12,-4.04,4.46,-0.09,2.00,-4.42
-3.12,-4.04,4.46,-0.09,2.00,-4.42
-3.12,-4.04,4.46,-0.09,2.00,-4.42
-1.97,-4.77,4.34,1.18,2.13,-3.37
-1.97,-4.77,4.34,1.18,2.13,-3.37
-1.97,-4.77,4.34,1.18,2.13,-3.37
-1.97,-4.77,4.34,1.18,2.13,-3.37
-1.97,-4.77,4.34,1.18,2.13,-3.37
-0.52,-3.40,7.27,1.77,2.17,-1.80
-0.52,-3.40,7.27,1.77,2.17,-1.80
-0.52,-3.40,7.27,1.77,2.17,-1.80
-0.52,-3.40,7.27,1.77,2.17,-1.80
-0.52,-3.40,7.27,1.77,2.17,-1.80
-0.52,-3.40,7.27,1.77,2.17,-1.80
-8.12,-4.06,7.56,0.80,2.25,-0.37
-8.12,-4.06,7.56,0.80,2.25,-0.37
-8.12,-4.06,7.56,0.80,2.25,-0.37
-8.12,-4.06,7.56,0.80,2.25,-0.37
-8.12,-4.06,7.56,0.80,2.25,-0.37
-6.05,-5.89,5.80,-0.09,0.55,-0.01
-6.05,-5.89,5.80,-0.09,0.55,-0.01
-6.05,-5.89,5.80,-0.09,0.55,-0.01
-6.05,-5.89,5.80,-0.09,0.55,-0.01
-6.05,-5.89,5.80,-0.09,0.55,-0.01
-5.63,-6.18,5.76,-0.09,0.55,-0.01
-5.63,-6.18,5.76,-0.09,0.11,-0.01
-5.63,-6.18,5.76,-0.09,0.11,-0.01
-5.63,-6.18,5.76,-0.09,0.11,-0.01
-5.63,-6.18,5.76,-0.09,0.11,-0.01
-5.63,-6.18,5.76,-0.09,0.11,-0.01
-5.52,-5.84,5.62,-0.04,-0.01,0.02
-5.52,-5.84,5.62,-0.04,-0.01,0.02
-5.52,-5.84,5.62,-0.04,-0.01,0.02
-5.52,-5.84,5.62,-0.04,-0.01,0.02
-5.52,-5.84,5.62,-0.04,-0.01,0.02
-5.83,-6.05,5.57,-0.05,-0.02,0.01
-5.83,-6.05,5.57,-0.05,-0.02,0.01
-5.83,-6.05,5.57,-0.05,-0.02,0.01
-5.83,-6.05,5.57,-0.05,-0.02,0.01
-5.83,-6.05,5.57,-0.05,-0.02,0.01
-5.83,-6.05,5.57,-0.05,-0.02,0.01
-5.43,-6.19,5.37,-0.04,-0.09,-0.02
-5.43,-6.19,5.37,-0.04,-0.09,-0.02
-5.43,-6.19,5.37,-0.04,-0.09,-0.02
-5.43,-6.19,5.37,-0.04,-0.09,-0.02
-5.43,-6.19,5.37,-0.04,-0.09,-0.02
-5.46,-6.03,5.55,-0.01,0.05,-0.04
-5.46,-6.03,5.55,-0.01,0.05,-0.04
-5.46,-6.03,5.55,-0.01,0.05,-0.04
-5.46,-6.03,5.55,-0.01,0.05,-0.04
-5.46,-6.03,5.55,-0.01,0.05,-0.04
-5.68,-6.01,5.64,-0.03,0.07,-0.01
-5.68,-6.01,5.64,-0.03,0.07,-0.01
-5.68,-6.01,5.64,-0.03,0.07,-0.01
-5.68,-6.01,5.64,-0.03,0.07,-0.01
-5.68,-6.01,5.64,-0.03,0.07,-0.01
-5.68,-6.01,5.64,-0.03,0.07,-0.01
-5.86,-5.54,6.21,-0.06,-0.14,0.07
-5.86,-5.54,6.21,-0.06,-0.14,0.07
-5.86,-5.54,6.21,-0.06,-0.14,0.07
-5.86,-5.54,6.21,-0.06,-0.14,0.07
-5.86,-5.54,6.21,-0.06,-0.14,0.07
-5.20,-4.47,7.20,-0.43,-1.01,0.50
-5.20,-4.47,7.20,-0.43,-1.01,0.50
-5.20,-4.47,7.20,-0.43,-1.01,0.50
-5.20,-4.47,7.20,-0.43,-1.01,0.50
-5.20,-4.47,7.20,-0.43,-1.01,0.50
-3.50,-5.35,6.34,-0.98,-3.15,1.86
-3.50,-5.35,6.34,-0.98,-3.15,1.86
-3.50,-5.35,6.34,-0.98,-3.15,1.86
-3.50,-5.35,6.34,-0.98,-3.15,1.86
-3.50,-5.35,6.34,-0.98,-3.15,1.86
-3.50,-5.35,6.34,-0.98,-3.15,1.86
-2.64,-4.88,6.56,-0.52,-4.52,3.15
-2.64,-4.88,6.56,-0.52,-4.52,3.15
-2.64,-4.88,6.56,-0.52,-4.52,3.15
-2.64,-4.88,6.56,-0.52,-4.52,3.15
-2.64,-4.88,6.56,-0.52,-4.52,3.15
-3.29,-4.10,6.93,0.49,-3.01,2.94
-3.29,-4.10,6.93,0.49,-3.01,2.94
-3.29,-4.10,6.93,0.49,-3.01,2.94
-3.29,-4.10,6.93,0.49,-3.01,2.94
-3.29,-4.10,6.93,0.49,-3.01,2.94
-2.55,-2.60,7.93,1.39,-2.29,2.48
-2.55,-2.60,7.93,1.39,-2.29,2.48
-2.55,-2.60,7.93,1.39,-2.29,2.48
-2.55,-2.60,7.93,1.39,-2.29,2.48
-2.55,-2.60,7.93,1.39,-2.29,2.48
-2.55,-2.60,7.93,1.39,-2.29,2.48
0.26,-0.02,8.71,2.00,-1.75,2.29
0.26,-0.02,8.71,2.00,-1.75,2.29
0.26,-0.02,8.71,2.00,-1.75,2.29
0.26,-0.02,8.71,2.00,-1.75,2.29
0.26,-0.02,8.71,2.00,-1.75,2.29
0.93,2.24,9.97,1.89,-0.74,2.25
0.93,2.24,9.97,1.89,-0.74,2.25
0.93,2.24,9.97,1.89,-0.74,2.25
0.93,2.24,9.97,1.89,-0.74,2.25
0.93,2.24,9.97,1.89,-0.74,2.25
0.93,2.24,9.97,1.89,-0.74,2.25
0.23,3.85,12.30,1.27,-0.11,2.28
0.23,3.85,12.30,1.27,-0.11,2.28
0.23,3.85,12.30,1.27,-0.11,2.28
0.23,3.85,12.30,1.27,-0.11,2.28
0.23,3.85,12.30,1.27,-0.11,2.28
-1.54,2.70,10.42,0.65,0.60,1.84
-1.54,2.70,10.42,0.65,0.60,1.84
-1.54,2.70,10.42,0.65,0.60,1.84
-1.54,2.70,10.42,0.65,0.60,1.84
-1.54,2.70,10.42,0.65,0.60,1.84
-2.10,2.39,9.21,0.25,0.83,1.15
-2.10,2.39,9.21,0.25,0.83,1.15
-2.10,2.39,9.21,0.25,0.83,1.15
-2.10,2.39,9.21,0.25,0.83,1.15
-2.10,2.39,9.21,0.25,0.83,1.15
-2.10,2.39,9.21,0.25,0.83,1.15
-1.60,3.22,10.01,0.53,1.00,0.66
-1.60,3.22,10.01,0.53,1.00,0.66
-1.60,3.22,10.01,0.53,1.00,0.66
-1.60,3.22,10.01,0.53,1.00,0.66
-1.60,3.22,10.01,0.53,1.00,0.66
-4.25,3.43,10.47,0.32,1.17,0.38
-4.25,3.43,10.47,0.32,1.17,0.38
-4.25,3.43,10.47,0.32,1.17,0.38
-4.25,3.43,10.47,0.32,1.17,0.38
-4.25,3.43,10.47,0.32,1.17,0.38
-4.25,3.43,10.47,0.32,1.17,0.38
-1.64,3.30,8.78,0.01,0.14,0.16
-1.64,3.30,8.78,0.01,0.14,0.16
-1.64,3.30,8.78,0.01,0.14,0.16
-1.64,3.30,8.78,0.01,0.14,0.16
-1.64,3.30,8.78,0.01,0.14,0.16
-2.22,3.09,9.26,0.02,0.15,0.03
-2.22,3.09,9.26,0.02,0.15,0.03
-2.22,3.09,9.26,0.02,0.15,0.03
-2.22,3.09,9.26,0.02,0.15,0.03
-2.22,3.09,9.26,0.02,0.15,0.03
-2.19,3.24,9.04,0.02,0.01,0.00
-2.19,3.24,9.04,0.02,0.01,0.00
-2.19,3.24,9.04,0.02,0.01,0.00
-2.19,3.24,9.04,0.02,0.01,0.00
-2.19,3.24,9.04,0.02,0.01,0.00
-2.19,3.24,9.04,0.02,0.01,0.00
-1.84,3.13,9.12,0.01,-0.06,-0.03
-1.84,3.13,9.12,0.01,-0.06,-0.03
-1.84,3.13,9.12,0.01,-0.06,-0.03
-1.84,3.13,9.12,0.01,-0.06,-0.03
-1.84,3.13,9.12,0.01,-0.06,-0.03
-2.02,3.22,9.18,0.01,0.01,-0.05
-2.02,3.22,9.18,0.01,0.01,-0.05
-2.02,3.22,9.18,0.01,0.01,-0.05
-2.02,3.22,9.18,0.01,0.01,-0.05
-2.02,3.22,9.18,0.01,0.01,-0.05
-1.94,3.22,9.13,0.01,0.01,-0.04
-1.94,3.22,9.13,-0.00,0.06,-0.04
-1.94,3.22,9.13,-0.00,0.06,-0.04
-1.94,3.22,9.13,-0.00,0.06,-0.04
-1.94,3.22,9.13,-0.00,0.06,-0.04
-1.94,3.22,9.13,-0.00,0.06,-0.04
-2.37,3.14,9.06,-0.01,0.12,-0.02
-2.37,3.14,9.06,-0.01,0.12,-0.02
-2.37,3.14,9.06,-0.01,0.12,-0.02
-2.37,3.14,9.06,-0.01,0.12,-0.02
-2.37,3.14,9.06,-0.01,0.12,-0.02
-2.25,3.00,9.14,-0.03,0.07,-0.01
-2.25,3.00,9.14,-0.03,0.07,-0.01
-2.25,3.00,9.14,-0.03,0.07,-0.01
-2.25,3.00,9.14,-0.03,0.07,-0.01
-2.25,3.00,9.14,-0.03,0.07,-0.01
-2.25,3.05,9.14,-0.05,0.09,0.01
-2.25,3.05,9.14,-0.05,0.09,0.01
-2.25,3.05,9.14,-0.05,0.09,0.01
-2.25,3.05,9.14,-0.05,0.09,0.01
-2.25,3.05,9.14,-0.05,0.09,0.01
-2.25,3.05,9.14,-0.05,0.09,0.01
-2.57,3.16,8.95,-0.04,0.10,0.01
-2.57,3.16,8.95,-0.04,0.10,0.01
-2.57,3.16,8.95,-0.04,0.10,0.01
-2.57,3.16,8.95,-0.04,0.10,0.01
-2.57,3.16,8.95,-0.04,0.10,0.01
-2.51,2.79,9.19,-0.04,0.01,-0.02
-2.51,2.79,9.19,-0.04,0.01,-0.02
-2.51,2.79,9.19,-0.04,0.01,-0.02
-2.51,2.79,9.19,-0.04,0.01,-0.02
-2.51,2.79,9.19,-0.04,0.01,-0.02
-2.51,2.79,9.19,-0.04,0.01,-0.02
-2.72,2.76,9.15,-0.05,0.01,0.01
-2.72,2.76,9.15,-0.05,0.01,0.01
-2.72,2.76,9.15,-0.05,0.01,0.01
-2.72,2.76,9.15,-0.05,0.01,0.01
-2.72,2.76,9.15,-0.05,0.01,0.01
-2.73,3.03,9.10,-0.02,-0.02,0.00
-2.73,3.03,9.10,-0.02,-0.02,0.00
-2.73,3.03,9.10,-0.02,-0.02,0.00
-2.73,3.03,9.10,-0.02,-0.02,0.00
-2.73,3.03,9.10,-0.02,-0.02,0.00
-2.33,3.23,9.06,0.03,-0.06,-0.01
-2.33,3.23,9.06,0.03,-0.06,-0.01
-2.33,3.23,9.06,0.03,-0.06,-0.01
-2.33,3.23,9.06,0.03,-0.06,-0.01
-2.33,3.23,9.06,0.03,-0.06,-0.01
-2.33,3.23,9.06,0.03,-0.06,-0.01
-2.13,3.17,9.16,0.03,-0.04,-0.01
-2.13,3.17,9.16,0.03,-0.04,-0.01
-2.13,3.17,9.16,0.03,-0.04,-0.01
-2.13,3.17,9.16,0.03,-0.04,-0.01
-2.13,3.17,9.16,0.03,-0.04,-0.01
-2.31,2.95,9.07,0.02,-0.01,-0.01
-2.31,2.95,9.07,0.02,-0.01,-0.01
-2.31,2.95,9.07,0.02,-0.01,-0.01
-2.31,2.95,9.07,0.02,-0.01,-0.01
-2.31,2.95,9.07,0.02,-0.01,-0.01
-2.10,2.89,9.22,0.03,-0.01,-0.01
-2.10,2.89,9.22,0.03,-0.01,-0.01
-2.10,2.89,9.22,0.03,-0.01,-0.01
-2.10,2.89,9.22,0.03,-0.01,-0.01
-2.10,2.89,9.22,0.03,-0.01,-0.01
-2.10,2.89,9.22,0.03,-0.01,-0.01
-2.46,2.90,9.09,0.02,0.03,-0.02
-2.46,2.90,9.09,0.02,0.03,-0.02
-2.46,2.90,9.09,0.02,0.03,-0.02
-2.46,2.90,9.09,0.02,0.03,-0.02
-2.46,2.90,9.09,0.02,0.03,-0.02
-2.34,2.98,9.12,0.01,-0.01,-0.04
-2.34,2.98,9.12,0.01,-0.01,-0.04
-2.34,2.98,9.12,0.01,-0.01,-0.04
-2.34,2.98,9.12,0.01,-0.01,-0.04
-2.34,2.98,9.12,0.01,-0.01,-0.04
-2.23,3.11,9.13,0.01,-0.01,-0.06
-2.23,3.11,9.13,0.01,-0.01,-0.06
-2.23,3.11,9.13,0.01,-0.01,-0.06
-2.23,3.11,9.13,0.01,-0.01,-0.06
-2.23,3.11,9.13,0.01,-0.01,-0.06
-2.23,3.11,9.13,0.01,-0.01,-0.06
-2.27,3.12,9.13,0.00,0.01,-0.05
-2.27,3.12,9.13,0.00,0.01,-0.05
-2.27,3.12,9.13,0.00,0.01,-0.05
-2.27,3.12,9.13,0.00,0.01,-0.05
-2.27,3.12,9.13,0.00,0.01,-0.05
-2.46,3.06,9.14,-0.00,0.03,-0.04
-2.46,3.06,9.14,-0.00,0.03,-0.04
-2.46,3.06,9.14,-0.00,0.03,-0.04
-2.46,3.06,9.14,-0.00,0.03,-0.04
-2.46,3.06,9.14,-0.00,0.03,-0.04
-2.56,2.94,9.13,-0.00,0.04,-0.04
-2.56,2.94,9.13,-0.00,0.04,-0.04
-2.56,2.94,9.13,-0.00,0.04,-0.04
-2.56,2.94,9.13,-0.00,0.04,-0.04
-2.56,2.94,9.13,-0.00,0.04,-0.04
-2.56,2.94,9.13,-0.00,0.04,-0.04
-2.53,2.89,9.12,0.01,0.03,-0.04
-2.53,2.89,9.12,0.01,0.03,-0.04
-2.53,2.89,9.12,0.01,0.03,-0.04
-2.53,2.89,9.12,0.01,0.03,-0.04
-2.53,2.89,9.12,0.01,0.03,-0.04
-2.50,2.93,9.11,0.02,0.02,-0.01
-2.50,2.93,9.11,0.02,0.02,-0.01
-2.50,2.93,9.11,0.02,0.02,-0.01
-2.50,2.93,9.11,0.02,0.02,-0.01
-2.50,2.93,9.11,0.02,0.02,-0.01
-2.50,2.93,9.11,0.02,0.02,-0.01
-2.44,3.01,9.10,0.02,0.04,-0.00
-2.44,3.01,9.10,0.02,0.04,-0.00
-2.44,3.01,9.10,0.02,0.04,-0.00
-2.44,3.01,9.10,0.02,0.04,-0.00
-2.44,3.01,9.10,0.02,0.04,-0.00
-2.52,3.06,9.08,0.03,0.08,-0.01
-2.52,3.06,9.08,0.03,0.08,-0.01
-2.52,3.06,9.08,0.03,0.08,-0.01
-2.52,3.06,9.08,0.03,0.08,-0.01
-2.52,3.06,9.08,0.03,0.08,-0.01
-2.63,3.06,9.12,0.03,0.07,-0.00
-2.63,3.06,9.12,0.03,0.07,-0.00
-2.63,3.06,9.12,0.03,0.07,-0.00
-2.63,3.06,9.12,0.03,0.07,-0.00
-2.63,3.06,9.12,0.03,0.07,-0.00
-2.63,3.06,9.12,0.03,0.07,-0.00
-3.75,3.91,10.00,0.08,0.14,-0.11
-3.75,3.91,10.00,0.08,0.14,-0.11
-3.75,3.91,10.00,0.08,0.14,-0.11
-3.75,3.91,10.00,0.08,0.14,-0.11
-3.75,3.91,10.00,0.08,0.14,-0.11
-7.19,4.39,9.93,0.09,0.95,-1.14
-7.19,4.39,9.93,0.09,0.95,-1.14
-7.19,4.39,9.93,0.09,0.95,-1.14
-7.19,4.39,9.93,0.09,0.95,-1.14
-7.19,4.39,9.93,0.09,0.95,-1.14
-7.07,3.02,10.18,-0.02,1.48,-2.78
-7.07,3.02,10.18,-0.02,1.48,-2.78
-7.07,3.02,10.18,-0.02,1.48,-2.78
-7.07,3.02,10.18,-0.02,1.48,-2.78
-7.07,3.02,10.18,-0.02,1.48,-2.78
-7.07,3.02,10.18,-0.02,1.48,-2.78
-6.28,1.72,8.61,-0.06,1.38,-4.13
-6.28,1.72,8.61,-0.06,1.38,-4.13
-6.28,1.72,8.61,-0.06,1.38,-4.13
-6.28,1.72,8.61,-0.06,1.38,-4.13
-6.28,1.72,8.61,-0.06,1.38,-4.13
-6.89,-1.92,6.00,-0.79,1.28,-4.75
-6.89,-1.92,6.00,-0.79,1.28,-4.75
-6.89,-1.92,6.00,-0.79,1.28,-4.75
-6.89,-1.92,6.00,-0.79,1.28,-4.75
-6.89,-1.92,6.00,-0.79,1.28,-4.75
-5.24,-3.44,5.75,-0.71,1.14,-4.08
-5.24,-3.44,5.75,-0.71,1.14,-4.08
-5.24,-3.44,5.75,-0.71,1.14,-4.08
-5.24,-3.44,5.75,-0.71,1.14,-4.08
-5.24,-3.44,5.75,-0.71,1.14,-4.08
-5.24,-3.44,5.75,-0.71,1.14,-4.08
-3.10,-4.92,4.17,0.34,1.19,-3.43
-3.10,-4.92,4.17,0.34,1.19,-3.43
-3.10,-4.92,4.17,0.34,1.19,-3.43
-3.10,-4.92,4.17,0.34,1.19,-3.43
-3.10,-4.92,4.17,0.34,1.19,-3.43
-1.83,-5.02,4.61,1.22,1.11,-2.30
-1.83,-5.02,4.61,1.22,1.11,-2.30
-1.83,-5.02,4.61,1.22,1.11,-2.30
-1.83,-5.02,4.61,1.22,1.11,-2.30
-1.83,-5.02,4.61,1.22,1.11,-2.30
-1.83,-5.02,5.82,1.22,1.11,-2.30
-1.93,-4.92,5.82,1.58,1.35,-1.24
-1.93,-4.92,5.82,1.58,1.35,-1.24
-1.93,-4.92,5.82,1.58,1.35,-1.24
-1.93,-4.92,5.82,1.58,1.35,-1.24
-1.93,-4.92,5.82,1.58,1.35,-1.24
-5.75,-3.60,8.74,1.29,2.88,-0.83
-5.75,-3.60,8.74,1.29,2.88,-0.83
-5.75,-3.60,8.74,1.29,2.88,-0.83
-5.75,-3.60,8.74,1.29,2.88,-0.83
-5.75,-3.60,8.74,1.29,2.88,-0.83
-7.69,-6.24,5.92,-0.01,1.40,-0.17
-7.69,-6.24,5.92,-0.01,1.40,-0.17
-7.69,-6.24,5.92,-0.01,1.40,-0.17
-7.69,-6.24,5.92,-0.01,1.40,-0.17
-7.69,-6.24,5.92,-0.01,1.40,-0.17
-7.69,-6.24,5.92,-0.01,1.40,-0.17
-5.71,-5.91,5.52,-0.07,-0.01,0.01
-5.71,-5.91,5.52,-0.07,-0.01,0.01
-5.71,-5.91,5.52,-0.07,-0.01,0.01
-5.71,-5.91,5.52,-0.07,-0.01,0.01
-5.71,-5.91,5.52,-0.07,-0.01,0.01
-5.80,-5.93,5.54,-0.05,-0.13,0.03
-5.80,-5.93,5.54,-0.05,-0.13,0.03
-5.80,-5.93,5.54,-0.05,-0.13,0.03
-5.80,-5.93,5.54,-0.05,-0.13,0.03
-5.80,-5.93,5.54,-0.05,-0.13,0.03
-5.58,-6.07,5.49,-0.04,-0.15,0.01
-5.58,-6.07,5.49,-0.04,-0.15,0.01
-5.58,-6.07,5.49,-0.04,-0.15,0.01
-5.58,-6.07,5.49,-0.04,-0.15,0.01
-5.58,-6.07,5.49,-0.04,-0.15,0.01
-5.58,-6.07,5.49,-0.04,-0.15,0.01
-5.53,-6.00,5.63,0.02,-0.11,-0.05
-5.53,-6.00,5.63,0.02,-0.11,-0.05
-5.53,-6.00,5.63,0.02,-0.11,-0.05
-5.53,-6.00,5.63,0.02,-0.11,-0.05
-5.53,-6.00,5.63,0.02,-0.11,-0.05
-5.45,-5.95,5.66,0.03,-0.08,-0.06
-5.45,-5.95,5.66,0.03,-0.08,-0.06
-5.45,-5.95,5.66,0.03,-0.08,-0.06
-5.45,-5.95,5.66,0.03,-0.08,-0.06
-5.45,-5.95,5.66,0.03,-0.08,-0.06
-5.59,-6.01,5.74,0.00,-0.04,-0.03
-5.59,-6.01,5.74,0.00,-0.04,-0.03
-5.59,-6.01,5.74,0.00,-0.04,-0.03
-5.59,-6.01,5.74,0.00,-0.04,-0.03
-5.59,-6.01,5.74,0.00,-0.04,-0.03
-5.59,-6.01,5.74,0.00,-0.04,-0.03
-5.54,-5.97,5.72,0.00,-0.08,0.00
-5.54,-5.97,5.72,0.00,-0.08,0.00
-5.54,-5.97,5.72,0.00,-0.08,0.00
-5.54,-5.97,5.72,0.00,-0.08,0.00
-5.54,-5.97,5.72,0.00,-0.08,0.00
-5.50,-5.95,5.73,-0.01,-0.09,0.02
-5.50,-5.95,5.73,-0.01,-0.09,0.02
-5.50,-5.95,5.73,-0.01,-0.09,0.02
-5.50,-5.95,5.73,-0.01,-0.09,0.02
-5.50,-5.95,5.73,-0.01,-0.09,0.02
-5.45,-5.94,5.83,-0.01,-0.13,0.02
-5.45,-5.94,5.83,-0.01,-0.13,0.02
-5.45,-5.94,5.83,-0.01,-0.13,0.02
-5.45,-5.94,5.83,-0.01,-0.13,0.02
-5.45,-5.94,5.83,-0.01,-0.13,0.02
-5.45,-5.94,5.83,-0.01,-0.13,0.02
-5.30,-6.03,5.73,0.00,-0.15,0.01
-5.30,-6.03,5.73,0.00,-0.15,0.01
-5.30,-6.03,5.73,0.00,-0.15,0.01
-5.30,-6.03,5.73,0.00,-0.15,0.01
-5.30,-6.03,5.73,0.00,-0.15,0.01
-5.33,-5.92,5.90,0.02,-0.05,-0.03
-5.33,-5.92,5.90,0.02,-0.05,-0.03
-5.33,-5.92,5.90,0.02,-0.05,-0.03
-5.33,-5.92,5.90,0.02,-0.05,-0.03
-5.33,-5.92,5.90,0.02,-0.05,-0.03
-5.32,-5.77,6.08,0.02,-0.05,-0.01
-5.32,-5.77,6.08,0.02,-0.06,-0.01
-5.32,-5.77,6.08,0.02,-0.06,-0.01
-5.32,-5.77,6.08,0.02,-0.06,-0.01
-5.32,-5.77,6.08,0.02,-0.06,-0.01
-5.32,-5.77,6.08,0.02,-0.06,-0.01
-5.38,-4.68,7.44,-0.13,-0.48,0.19
-5.38,-4.68,7.44,-0.13,-0.48,0.19
-5.38,-4.68,7.44,-0.13,-0.48,0.19
-5.38,-4.68,7.44,-0.13,-0.48,0.19
-5.38,-4.68,7.44,-0.13,-0.48,0.19
-2.41,-4.29,7.43,-0.73,-1.98,1.20
-2.41,-4.29,7.43,-0.73,-1.98,1.20
-2.41,-4.29,7.43,-0.73,-1.98,1.20
-2.41,-4.29,7.43,-0.73,-1.98,1.20
-2.41,-4.29,7.43,-0.73,-1.98,1.20
-3.96,-4.86,6.59,-0.73,-1.98,1.20
-3.96,-4.86,6.59,-0.95,-3.20,2.61
-3.96,-4.86,6.59,-0.95,-3.20,2.61
-3.96,-4.86,6.59,-0.95,-3.20,2.61
-3.96,-4.86,6.59,-0.95,-3.20,2.61
-3.96,-4.86,6.59,-0.95,-3.20,2.61
-4.48,-4.57,6.08,-0.10,-3.39,3.16
-4.48,-4.57,6.08,-0.10,-3.39,3.16
-4.48,-4.57,6.08,-0.10,-3.39,3.16
-4.48,-4.57,6.08,-0.10,-3.39,3.16
-4.48,-4.57,6.08,-0.10,-3.39,3.16
-2.90,-3.13,7.15,1.01,-3.11,2.98
-2.90,-3.13,7.15,1.01,-3.11,2.98
-2.90,-3.13,7.15,1.01,-3.11,2.98
-2.90,-3.13,7.15,1.01,-3.11,2.98
-2.90,-3.13,7.15,1.01,-3.11,2.98
-2.90,-3.13,7.15,1.01,-3.11,2.98
-0.32,-0.88,9.12,1.57,-2.05,2.44
-0.32,-0.88,9.12,1.57,-2.05,2.44
-0.32,-0.88,9.12,1.57,-2.05,2.44
-0.32,-0.88,9.12,1.57,-2.05,2.44
-0.32,-0.88,9.12,1.57,-2.05,2.44
-0.61,0.51,10.65,1.47,-0.65,2.05
-0.61,0.51,10.65,1.47,-0.65,2.05
-0.61,0.51,10.65,1.47,-0.65,2.05
-0.61,0.51,10.65,1.47,-0.65,2.05
-0.61,0.51,10.65,1.47,-0.65,2.05
0.02,1.66,10.89,1.21,-0.43,2.17
0.02,1.66,10.89,1.21,-0.43,2.17
0.02,1.66,10.89,1.21,-0.43,2.17
0.02,1.66,10.89,1.21,-0.43,2.17
0.02,1.66,10.89,1.21,-0.43,2.17
0.02,1.66,10.89,1.21,-0.43,2.17
-0.92,1.97,10.97,0.77,0.13,1.86
-0.92,1.97,10.97,0.77,0.13,1.86
-0.92,1.97,10.97,0.77,0.13,1.86
-0.92,1.97,10.97,0.77,0.13,1.86
-0.92,1.97,10.97,0.77,0.13,1.86
-1.76,2.45,10.28,0.54,0.47,1.52
-1.76,2.45,10.28,0.54,0.47,1.52
-1.76,2.45,10.28,0.54,0.47,1.52
-1.76,2.45,10.28,0.54,0.47,1.52
-1.76,2.45,10.28,0.54,0.47,1.52
-2.01,2.92,9.64,0.37,0.38,1.17
-2.01,2.92,9.64,0.37,0.38,1.17
-2.01,2.92,9.64,0.37,0.38,1.17
-2.01,2.92,9.64,0.37,0.38,1.17
-2.01,2.92,9.64,0.37,0.38,1.17
-2.01,2.92,9.64,0.37,0.38,1.17
-1.72,1.88,8.58,0.23,0.45,0.82
-1.72,1.88,8.58,0.23,0.45,0.82
-1.72,1.88,8.58,0.23,0.45,0.82
-1.72,1.88,8.58,0.23,0.45,0.82
-1.72,1.88,8.58,0.23,0.45,0.82
-3.28,3.78,11.28,0.54,0.97,0.49
-3.28,3.78,11.28,0.54,0.97,0.49
-3.28,3.78,11.28,0.54,0.97,0.49
-3.28,3.78,11.28,0.54,0.97,0.49
-3.28,3.78,11.28,0.54,0.97,0.49
-3.28,3.78,11.28,0.54,0.97,0.49
-2.60,2.68,8.77,0.06,0.58,0.22
-2.60,2.68,8.77,0.06,0.58,0.22
-2.60,2.68,8.77,0.06,0.58,0.22
-2.60,2.68,8.77,0.06,0.58,0.22
-2.60,2.68,8.77,0.06,0.58,0.22
-2.06,3.19,9.53,0.03,-0.04,0.08
-2.06,3.19,9.53,0.03,-0.04,0.08
-2.06,3.19,9.53,0.03,-0.04,0.08
-2.06,3.19,9.53,0.03,-0.04,0.08
-2.06,3.19,9.53,0.03,-0.04,0.08
-1.53,2.84,9.20,-0.01,-0.01,0.00
-1.53,2.84,9.20,-0.01,-0.01,0.00
-1.53,2.84,9.20,-0.01,-0.01,0.00
-1.53,2.84,9.20,-0.01,-0.01,0.00
-1.53,2.84,9.20,-0.01,-0.01,0.00
-1.53,2.84,9.20,-0.01,-0.01,0.00
-2.22,3.05,9.27,0.03,0.05,-0.00
-2.22,3.05,9.27,0.03,0.05,-0.00
-2.22,3.05,9.27,0.03,0.05,-0.00
-2.22,3.05,9.27,0.03,0.05,-0.00
-2.22,3.05,9.27,0.03,0.05,-0.00
-1.94,2.99,9.17,0.05,-0.02,-0.02
-1.94,2.99,9.17,0.05,-0.02,-0.02
-1.94,2.99,9.17,0.05,-0.02,-0.02
-1.94,2.99,9.17,0.05,-0.02,-0.02
-1.94,2.99,9.17,0.05,-0.02,-0.02
-1.94,2.99,9.17,0.05,-0.02,-0.02
-1.92,3.04,9.16,0.06,-0.01,-0.01
-1.92,3.04,9.16,0.06,-0.01,-0.01
-1.92,3.04,9.16,0.06,-0.01,-0.01
-1.92,3.04,9.16,0.06,-0.01,-0.01
-1.92,3.04,9.16,0.06,-0.01,-0.01
-1.99,3.11,9.18,0.04,-0.01,0.01
-1.99,3.11,9.18,0.04,-0.01,0.01
-1.99,3.11,9.18,0.04,-0.01,0.01
-1.99,3.11,9.18,0.04,-0.01,0.01
-1.99,3.11,9.18,0.04,-0.01,0.01
-1.99,3.11,9.15,0.03,0.00,0.02
-1.99,3.11,9.15,0.03,0.00,0.02
-1.99,3.11,9.15,0.03,0.00,0.02
-1.99,3.11,9.15,0.03,0.00,0.02
-1.99,3.11,9.15,0.03,0.00,0.02
-1.99,3.11,9.15,0.03,0.00,0.02
-2.06,3.13,9.19,0.03,0.02,0.01
-2.06,3.13,9.19,0.03,0.02,0.01
-2.06,3.13,9.19,0.03,0.02,0.01
-2.06,3.13,9.19,0.03,0.02,0.01
-2.06,3.13,9.19,0.03,0.02,0.01
-2.09,3.12,9.14,0.03,0.05,-0.00
-2.09,3.12,9.14,0.03,0.05,-0.00
-2.09,3.12,9.14,0.03,0.05,-0.00
-2.09,3.12,9.14,0.03,0.05,-0.00
-2.09,3.12,9.14,0.03,0.05,-0.00
-2.12,3.15,9.15,0.02,0.02,-0.02
-2.12,3.15,9.15,0.02,0.02,-0.02
-2.12,3.15,9.15,0.02,0.02,-0.02
-2.12,3.15,9.15,0.02,0.02,-0.02
-2.12,3.15,9.15,0.02,0.02,-0.02
-2.12,3.15,9.15,0.02,0.02,-0.02
-2.12,3.13,9.15,0.02,-0.00,-0.03
-2.12,3.13,9.15,0.02,-0.00,-0.03
-2.12,3.13,9.15,0.02,-0.00,-0.03
-2.12,3.13,9.15,0.02,-0.00,-0.03
-2.12,3.13,9.15,0.02,-0.00,-0.03
-2.11,3.12,9.14,0.02,-0.01,-0.05
-2.11,3.12,9.14,0.02,-0.01,-0.05
-2.11,3.12,9.14,0.02,-0.01,-0.05
-2.11,3.12,9.14,0.02,-0.01,-0.05
-2.11,3.12,9.14,0.02,-0.01,-0.05
-2.03,3.15,9.16,0.02,-0.01,-0.05
-2.03,3.15,9.16,0.02,-0.01,-0.05
-2.03,3.15,9.16,0.02,-0.01,-0.05
-2.03,3.15,9.16,0.02,-0.01,-0.05
-2.03,3.15,9.16,0.02,-0.01,-0.05
-2.03,3.15,9.16,0.02,-0.01,-0.05
-1.96,3.22,9.15,0.02,-0.01,-0.02
-1.96,3.22,9.15,0.02,-0.01,-0.02
-1.96,3.22,9.15,0.02,-0.01,-0.02
-1.96,3.22,9.15,0.02,-0.01,-0.02
-1.96,3.22,9.15,0.02,-0.01,-0.02
-2.10,3.22,9.12,0.02,0.00,-0.01
-2.10,3.22,9.12,0.02,0.00,-0.01
-2.10,3.22,9.12,0.02,0.00,-0.01
-2.10,3.22,9.12,0.02,0.00,-0.01
-2.10,3.22,9.12,0.02,0.00,-0.01
-2.10,3.22,9.15,0.02,0.00,-0.01
-2.03,3.18,9.15,0.02,-0.01,-0.01
-2.03,3.18,9.15,0.02,-0.01,-0.01
-2.03,3.18,9.15,0.02,-0.01,-0.01
-2.03,3.18,9.15,0.02,-0.01,-0.01
-2.03,3.18,9.15,0.02,-0.01,-0.01
-1.99,3.21,9.12,0.03,-0.01,0.02
-1.99,3.21,9.12,0.03,-0.01,0.02
-1.99,3.21,9.12,0.03,-0.01,0.02
-1.99,3.21,9.12,0.03,-0.01,0.02
-1.99,3.21,9.12,0.03,-0.01,0.02
-2.06,3.29,9.12,0.03,-0.00,0.04
-2.06,3.29,9.12,0.03,-0.00,0.04
-2.06,3.29,9.12,0.03,-0.00,0.04
-2.06,3.29,9.12,0.03,-0.00,0.04
-2.06,3.29,9.12,0.03,-0.00,0.04
-2.06,3.29,9.12,0.03,-0.00,0.04
-2.17,3.27,9.11,0.02,0.00,0.01
-2.17,3.27,9.11,0.02,0.00,0.01
-2.17,3.27,9.11,0.02,0.00,0.01
-2.17,3.27,9.11,0.02,0.00,0.01
-2.17,3.27,9.11,0.02,0.00,0.01
-2.00,3.22,9.15,0.02,-0.01,-0.02
-2.00,3.22,9.15,0.02,-0.01,-0.02
-2.00,3.22,9.15,0.02,-0.01,-0.02
-2.00,3.22,9.15,0.02,-0.01,-0.02
-2.00,3.22,9.15,0.02,-0.01,-0.02
-1.90,3.28,9.15,0.01,0.02,-0.01
-1.90,3.28,9.15,0.01,0.02,-0.01
-1.90,3.28,9.15,0.01,0.02,-0.01
-1.90,3.28,9.15,0.01,0.02,-0.01
-1.90,3.28,9.15,0.01,0.02,-0.01
-1.90,3.28,9.15,0.01,0.02,-0.01
-1.91,3.26,9.11,0.00,0.12,-0.02
-1.91,3.26,9.11,0.00,0.12,-0.02
-1.91,3.26,9.11,0.00,0.12,-0.02
-1.91,3.26,9.11,0.00,0.12,-0.02
-1.91,3.26,9.11,0.00,0.12,-0.02
-2.54,3.28,9.00,0.00,0.22,-0.04
-2.54,3.28,9.00,0.00,0.22,-0.04
-2.54,3.28,9.00,0.00,0.22,-0.04
-2.54,3.28,9.00,0.00,0.22,-0.04
-2.54,3.28,9.00,0.00,0.22,-0.04
-2.52,3.27,9.03,0.00,0.10,-0.03
-2.52,3.27,9.03,0.00,0.10,-0.03
-2.52,3.27,9.03,0.00,0.10,-0.03
-2.52,3.27,9.03,0.00,0.10,-0.03
-2.52,3.27,9.03,0.00,0.10,-0.03
-2.52,3.27,9.03,0.00,0.10,-0.03
-2.29,3.24,9.08,0.00,0.04,-0.03
-2.29,3.24,9.08,0.00,0.04,-0.03
-2.29,3.24,9.08,0.00,0.04,-0.03
-2.29,3.24,9.08,0.00,0.04,-0.03
-2.29,3.24,9.08,0.00,0.04,-0.03
-2.59,3.23,8.98,-0.01,0.09,-0.04
-2.59,3.23,8.98,-0.01,0.09,-0.04
-2.59,3.23,8.98,-0.01,0.09,-0.04
-2.59,3.23,8.98,-0.01,0.09,-0.04
-2.59,3.23,8.98,-0.01,0.09,-0.04
-2.59,3.23,8.98,-0.01,0.09,-0.04
-2.54,3.22,9.03,-0.01,0.05,-0.03
-2.54,3.22,9.03,-0.01,0.05,-0.03
-2.54,3.22,9.03,-0.01,0.05,-0.03
-2.54,3.22,9.03,-0.01,0.05,-0.03
-2.54,3.22,9.03,-0.01,0.05,-0.03
-2.57,3.22,9.02,-0.00,0.02,-0.03
-2.57,3.22,9.02,-0.00,0.02,-0.03
-2.57,3.22,9.02,-0.00,0.02,-0.03
-2.57,3.22,9.02,-0.00,0.02,-0.03
-2.57,3.22,9.02,-0.00,0.02,-0.03
-2.58,3.23,9.02,-0.00,0.00,-0.03
-2.58,3.23,9.02,-0.00,0.00,-0.03
-2.58,3.23,9.02,-0.00,0.00,-0.03
-2.58,3.23,9.02,-0.00,0.00,-0.03
-2.58,3.23,9.02,-0.00,0.00,-0.03
-2.58,3.23,9.02,-0.00,0.00,-0.03
-2.54,3.26,8.98,-0.01,0.00,-0.03
-2.54,3.26,8.98,-0.01,0.00,-0.03
-2.54,3.26,8.98,-0.01,0.00,-0.03
-2.54,3.26,8.98,-0.01,0.00,-0.03
-2.54,3.26,8.98,-0.01,0.00,-0.03
-2.64,3.38,9.25,-0.09,-0.00,-0.16
-2.64,3.38,9.25,-0.09,-0.00,-0.16
-2.64,3.38,9.25,-0.09,-0.00,-0.16
-2.64,3.38,9.25,-0.09,-0.00,-0.16
-2.64,3.38,9.25,-0.09,-0.00,-0.16
-4.34,3.45,10.20,-0.22,0.05,-0.67
-4.34,3.45,10.20,-0.22,0.05,-0.67
-4.34,3.45,10.20,-0.22,0.05,-0.67
-4.34,3.45,10.20,-0.22,0.05,-0.67
-4.34,3.45,10.20,-0.22,0.05,-0.67
-4.34,3.45,10.20,-0.22,0.05,-0.67
-7.02,3.60,11.45,-0.21,0.74,-1.83
-7.02,3.60,11.45,-0.21,0.74,-1.83
-7.02,3.60,11.45,-0.21,0.74,-1.83
-7.02,3.60,11.45,-0.21,0.74,-1.83
-7.02,3.60,11.45,-0.21,0.74,-1.83
-7.54,1.96,10.27,-0.59,1.35,-3.43
-7.54,1.96,10.27,-0.59,1.35,-3.43
-7.54,1.96,10.27,-0.59,1.35,-3.43
-7.54,1.96,10.27,-0.59,1.35,-3.43
-7.54,1.96,10.27,-0.59,1.35,-3.43
-7.34,-0.69,7.90,-0.59,1.35,-4.48
-7.34,-0.69,7.90,-1.18,1.72,-4.48
-7.34,-0.69,7.90,-1.18,1.72,-4.48
-7.34,-0.69,7.90,-1.18,1.72,-4.48
-7.34,-0.69,7.90,-1.18,1.72,-4.48
-7.34,-0.69,7.90,-1.18,1.72,-4.48
-4.44,-1.98,6.36,-0.93,1.08,-4.43
-4.44,-1.98,6.36,-0.93,1.08,-4.43
-4.44,-1.98,6.36,-0.93,1.08,-4.43
-4.44,-1.98,6.36,-0.93,1.08,-4.43
-4.44,-1.98,6.36,-0.93,1.08,-4.43
-2.38,-3.98,4.65,-0.06,1.33,-3.95
-2.38,-3.98,4.65,-0.06,1.33,-3.95
-2.38,-3.98,4.65,-0.06,1.33,-3.95
-2.38,-3.98,4.65,-0.06,1.33,-3.95
-2.38,-3.98,4.65,-0.06,1.33,-3.95
-1.53,-4.50,5.17,1.10,1.43,-2.94
-1.53,-4.50,5.17,1.10,1.43,-2.94
-1.53,-4.50,5.17,1.10,1.43,-2.94
-1.53,-4.50,5.17,1.10,1.43,-2.94
-1.53,-4.50,5.17,1.10,1.43,-2.94
-1.53,-4.50,5.17,1.10,1.43,-2.94
-1.31,-4.79,5.66,1.57,1.60,-1.77
-1.31,-4.79,5.66,1.57,1.60,-1.77
-1.31,-4.79,5.66,1.57,1.60,-1.77
-1.31,-4.79,5.66,1.57,1.60,-1.77
-1.31,-4.79,5.66,1.57,1.60,-1.77
-4.23,-2.39,9.65,1.37,2.72,-1.00
-4.23,-2.39,9.65,1.37,2.72,-1.00
-4.23,-2.39,9.65,1.37,2.72,-1.00
-4.23,-2.39,9.65,1.37,2.72,-1.00
-4.23,-2.39,9.65,1.37,2.72,-1.00
-7.38,-6.06,6.49,0.01,1.40,-0.15
-7.38,-6.06,6.49,0.01,1.40,-0.15
-7.38,-6.06,6.49,0.01,1.40,-0.15
-7.38,-6.06,6.49,0.01,1.40,-0.15
-7.38,-6.06,6.49,0.01,1.40,-0.15
-7.38,-6.06,6.49,0.01,1.40,-0.15
-5.27,-5.56,6.36,-0.07,0.10,0.01
-5.27,-5.56,6.36,-0.07,0.10,0.01
-5.27,-5.56,6.36,-0.07,0.10,0.01
-5.27,-5.56,6.36,-0.07,0.10,0.01
-5.27,-5.56,6.36,-0.07,0.10,0.01
-5.25,-5.52,6.27,-0.03,-0.02,0.04
-5.25,-5.52,6.27,-0.03,-0.02,0.04
-5.25,-5.52,6.27,-0.03,-0.02,0.04
-5.25,-5.52,6.27,-0.03,-0.02,0.04
-5.25,-5.52,6.27,-0.03,-0.02,0.04
-5.48,-5.59,6.10,-0.04,-0.01,0.00
-5.48,-5.59,6.10,-0.04,-0.01,0.00
-5.48,-5.59,6.10,-0.04,-0.01,0.00
-5.48,-5.59,6.10,-0.04,-0.01,0.00
-5.48,-5.59,6.10,-0.04,-0.01,0.00
-5.48,-5.59,6.10,-0.04,-0.01,0.00
-5.48,-5.71,6.24,-0.02,-0.03,-0.05
-5.48,-5.71,6.24,-0.02,-0.03,-0.05
-5.48,-5.71,6.24,-0.02,-0.03,-0.05
-5.48,-5.71,6.24,-0.02,-0.03,-0.05
-5.48,-5.71,6.24,-0.02,-0.03,-0.05
-5.16,-5.65,6.17,0.01,-0.07,-0.06
-5.16,-5.65,6.17,0.01,-0.07,-0.06
-5.16,-5.65,6.17,0.01,-0.07,-0.06
-5.16,-5.65,6.17,0.01,-0.07,-0.06
-5.16,-5.65,6.17,0.01,-0.07,-0.06
-5.32,-5.65,6.24,0.00,-0.01,-0.03
-5.32,-5.65,6.24,0.00,-0.01,-0.03
-5.32,-5.65,6.24,0.00,-0.01,-0.03
-5.32,-5.65,6.24,0.00,-0.01,-0.03
-5.32,-5.65,6.24,0.00,-0.01,-0.03
-5.32,-5.65,6.24,0.00,-0.01,-0.03
-5.35,-5.62,6.22,-0.00,-0.02,-0.00
-5.35,-5.62,6.22,-0.00,-0.02,-0.00
-5.35,-5.62,6.22,-0.00,-0.02,-0.00
-5.35,-5.62,6.22,-0.00,-0.02,-0.00
-5.35,-5.62,6.22,-0.00,-0.02,-0.00
-5.30,-5.63,6.21,-0.02,-0.03,0.02
-5.30,-5.63,6.21,-0.02,-0.03,0.02
-5.30,-5.63,6.21,-0.02,-0.03,0.02
-5.30,-5.63,6.21,-0.02,-0.03,0.02
-5.30,-5.63,6.21,-0.02,-0.03,0.02
-5.19,-5.63,6.25,-0.02,-0.03,0.01
-5.19,-5.63,6.25,-0.02,-0.03,0.01
-5.19,-5.63,6.25,-0.02,-0.03,0.01
-5.19,-5.63,6.25,-0.02,-0.03,0.01
-5.19,-5.63,6.25,-0.02,-0.03,0.01
-5.19,-5.63,6.25,-0.02,-0.03,0.01
-5.47,-5.69,6.18,-0.00,-0.01,-0.00
-5.47,-5.69,6.18,-0.00,-0.01,-0.00
-5.47,-5.69,6.18,-0.00,-0.01,-0.00
-5.47,-5.69,6.18,-0.00,-0.01,-0.00
-5.47,-5.69,6.18,-0.00,-0.01,-0.00
-5.31,-5.63,6.21,0.02,-0.04,-0.03
-5.31,-5.63,6.21,0.02,-0.04,-0.03
-5.31,-5.63,6.21,0.02,-0.04,-0.03
-5.31,-5.63,6.21,0.02,-0.04,-0.03
-5.31,-5.63,6.21,0.02,-0.04,-0.03
-5.19,-5.62,6.26,0.01,-0.06,-0.02
-5.19,-5.62,6.26,0.01,-0.06,-0.02
-5.19,-5.62,6.26,0.01,-0.06,-0.02
-5.19,-5.62,6.26,0.01,-0.06,-0.02
-5.19,-5.62,6.26,0.01,-0.06,-0.02
-5.19,-5.62,6.26,0.01,-0.06,-0.02
-5.30,-5.61,6.33,-0.01,-0.09,0.01
-5.30,-5.61,6.33,-0.01,-0.09,0.01
-5.30,-5.61,6.33,-0.01,-0.09,0.01
-5.30,-5.61,6.33,-0.01,-0.09,0.01
-5.30,-5.61,6.33,-0.01,-0.09,0.01
-5.15,-5.68,6.34,-0.02,-0.14,0.04
-5.15,-5.68,6.34,-0.02,-0.14,0.04
-5.15,-5.68,6.34,-0.02,-0.14,0.04
-5.15,-5.68,6.34,-0.02,-0.14,0.04
-5.15,-5.68,6.34,-0.02,-0.14,0.04
-4.97,-5.62,6.30,-0.02,-0.14,0.04
-4.97,-5.62,6.30,-0.01,-0.10,0.02
-4.97,-5.62,6.30,-0.01,-0.10,0.02
-4.97,-5.62,6.30,-0.01,-0.10,0.02
-4.97,-5.62,6.30,-0.01,-0.10,0.02
-4.97,-5.62,6.30,-0.01,-0.10,0.02
-5.29,-5.33,6.75,-0.03,-0.10,0.04
-5.29,-5.33,6.75,-0.03,-0.10,0.04
-5.29,-5.33,6.75,-0.03,-0.10,0.04
-5.29,-5.33,6.75,-0.03,-0.10,0.04
-5.29,-5.33,6.75,-0.03,-0.10,0.04
-5.05,-4.39,8.06,-0.21,-0.72,0.30
-5.05,-4.39,8.06,-0.21,-0.72,0.30
-5.05,-4.39,8.06,-0.21,-0.72,0.30
-5.05,-4.39,8.06,-0.21,-0.72,0.30
-5.05,-4.39,8.06,-0.21,-0.72,0.30
-5.05,-4.39,8.06,-0.21,-0.72,0.30
-1.96,-4.53,7.09,-0.65,-2.40,1.45
-1.96,-4.53,7.09,-0.65,-2.40,1.45
-1.96,-4.53,7.09,-0.65,-2.40,1.45
-1.96,-4.53,7.09,-0.65,-2.40,1.45
-1.96,-4.53,7.09,-0.65,-2.40,1.45
-2.42,-4.98,6.55,-0.45,-3.40,2.87
-2.42,-4.98,6.55,-0.45,-3.40,2.87
-2.42,-4.98,6.55,-0.45,-3.40,2.87
-2.42,-4.98,6.55,-0.45,-3.40,2.87
-2.42,-4.98,6.55,-0.45,-3.40,2.87
-1.89,-3.58,7.15,0.61,-2.93,3.19
-1.89,-3.58,7.15,0.61,-2.93,3.19
-1.89,-3.58,7.15,0.61,-2.93,3.19
-1.89,-3.58,7.15,0.61,-2.93,3.19
-1.89,-3.58,7.15,0.61,-2.93,3.19
-1.89,-3.58,7.15,0.61,-2.93,3.19
-3.39,-1.73,7.95,1.33,-1.50,2.90
-3.39,-1.73,7.95,1.33,-1.50,2.90
-3.39,-1.73,7.95,1.33,-1.50,2.90
-3.39,-1.73,7.95,1.33,-1.50,2.90
-3.39,-1.73,7.95,1.33,-1.50,2.90
-0.87,0.11,8.52,1.79,-1.45,2.78
-0.87,0.11,8.52,1.79,-1.45,2.78
-0.87,0.11,8.52,1.79,-1.45,2.78
-0.87,0.11,8.52,1.79,-1.45,2.78
-0.87,0.11,8.52,1.79,-1.45,2.78
1.20,2.76,9.24,1.91,-0.83,2.59
1.20,2.76,9.24,1.91,-0.83,2.59
1.20,2.76,9.24,1.91,-0.83,2.59
1.20,2.76,9.24,1.91,-0.83,2.59
1.20,2.76,9.24,1.91,-0.83,2.59
1.20,2.76,9.24,1.91,-0.83,2.59
-1.16,4.81,11.29,1.47,0.26,2.13
-1.16,4.81,11.29,1.47,0.26,2.13
-1.16,4.81,11.29,1.47,0.26,2.13
-1.16,4.81,11.29,1.47,0.26,2.13
-1.16,4.81,11.29,1.47,0.26,2.13
-1.55,5.10,11.79,0.73,0.50,1.65
-1.55,5.10,11.79,0.73,0.50,1.65
-1.55,5.10,11.79,0.73,0.50,1.65
-1.55,5.10,11.79,0.73,0.50,1.65
-1.55,5.10,11.79,0.73,0.50,1.65
-2.16,3.22,9.97,0.73,0.50,1.26
-2.16,3.22,9.97,-0.08,0.93,1.26
-2.16,3.22,9.97,-0.08,0.93,1.26
-2.16,3.22,9.97,-0.08,0.93,1.26
-2.16,3.22,9.97,-0.08,0.93,1.26
-2.16,3.22,9.97,-0.08,0.93,1.26
-2.12,2.83,9.29,-0.15,0.66,1.06
-2.12,2.83,9.29,-0.15,0.66,1.06
-2.12,2.83,9.29,-0.15,0.66,1.06
-2.12,2.83,9.29,-0.15,0.66,1.06
-2.12,2.83,9.29,-0.15,0.66,1.06
-5.00,3.10,9.68,0.09,0.81,0.57
-5.00,3.10,9.68,0.09,0.81,0.57
-5.00,3.10,9.68,0.09,0.81,0.57
-5.00,3.10,9.68,0.09,0.81,0.57
-5.00,3.10,9.68,0.09,0.81,0.57
-5.00,3.10,9.68,0.09,0.81,0.57
-0.94,3.39,9.19,0.07,0.03,0.14
-0.94,3.39,9.19,0.07,0.03,0.14
-0.94,3.39,9.19,0.07,0.03,0.14
-0.94,3.39,9.19,0.07,0.03,0.14
-0.94,3.39,9.19,0.07,0.03,0.14
-2.34,3.17,9.10,0.02,0.19,0.03
-2.34,3.17,9.10,0.02,0.19,0.03
-2.34,3.17,9.10,0.02,0.19,0.03
-2.34,3.17,9.10,0.02,0.19,0.03
-2.34,3.17,9.10,0.02,0.19,0.03
-2.32,3.26,9.08,0.02,0.19,0.00
-2.32,3.26,9.08,0.01,0.15,0.00
-2.32,3.26,9.08,0.01,0.15,0.00
-2.32,3.26,9.08,0.01,0.15,0.00
-2.32,3.26,9.08,0.01,0.15,0.00
-2.32,3.26,9.08,0.01,0.15,0.00
-1.45,3.32,9.25,0.02,-0.04,0.01
-1.45,3.32,9.25,0.02,-0.04,0.01
-1.45,3.32,9.25,0.02,-0.04,0.01
-1.45,3.32,9.25,0.02,-0.04,0.01
-1.45,3.32,9.25,0.02,-0.04,0.01
-2.03,3.30,9.10,0.01,0.04,-0.00
-2.03,3.30,9.10,0.01,0.04,-0.00
-2.03,3.30,9.10,0.01,0.04,-0.00
-2.03,3.30,9.10,0.01,0.04,-0.00
-2.03,3.30,9.10,0.01,0.04,-0.00
-2.03,3.30,9.10,0.01,0.04,-0.00
-1.71,3.24,9.11,0.02,0.02,0.01
-1.71,3.24,9.11,0.02,0.02,0.01
-1.71,3.24,9.11,0.02,0.02,0.01
-1.71,3.24,9.11,0.02,0.02,0.01
-1.71,3.24,9.11,0.02,0.02,0.01
-1.88,3.41,9.13,0.05,0.10,0.07
-1.88,3.41,9.13,0.05,0.10,0.07
-1.88,3.41,9.13,0.05,0.10,0.07
-1.88,3.41,9.13,0.05,0.10,0.07
-1.88,3.41,9.13,0.05,0.10,0.07
-2.35,3.37,9.00,0.01,0.13,0.08
-2.35,3.37,9.00,0.01,0.13,0.08
-2.35,3.37,9.00,0.01,0.13,0.08
-2.35,3.37,9.00,0.01,0.13,0.08
-2.35,3.37,9.00,0.01,0.13,0.08
-2.35,3.37,9.00,0.01,0.13,0.08
-2.38,3.30,9.06,-0.01,0.04,0.01
-2.38,3.30,9.06,-0.01,0.04,0.01
-2.38,3.30,9.06,-0.01,0.04,0.01
-2.38,3.30,9.06,-0.01,0.04,0.01
-2.38,3.30,9.06,-0.01,0.04,0.01
-2.17,3.29,9.10,-0.01,-0.02,-0.05
-2.17,3.29,9.10,-0.01,-0.02,-0.05
-2.17,3.29,9.10,-0.01,-0.02,-0.05
-2.17,3.29,9.10,-0.01,-0.02,-0.05
-2.17,3.29,9.10,-0.01,-0.02,-0.05
-2.17,3.29,9.10,-0.01,-0.02,-0.05
-2.15,3.28,9.07,-0.00,-0.01,-0.06
-2.15,3.28,9.07,-0.00,-0.01,-0.06
-2.15,3.28,9.07,-0.00,-0.01,-0.06
-2.15,3.28,9.07,-0.00,-0.01,-0.06
-2.15,3.28,9.07,-0.00,-0.01,-0.06
-2.15,3.24,9.09,0.01,-0.01,-0.06
-2.15,3.24,9.09,0.01,-0.01,-0.06
-2.15,3.24,9.09,0.01,-0.01,-0.06
-2.15,3.24,9.09,0.01,-0.01,-0.06
-2.15,3.24,9.09,0.01,-0.01,-0.06
-2.20,3.23,9.06,0.01,-0.01,-0.06
-2.20,3.23,9.06,0.01,-0.01,-0.06
-2.20,3.23,9.06,0.01,-0.01,-0.06
-2.20,3.23,9.06,0.01,-0.01,-0.06
-2.20,3.23,9.06,0.01,-0.01,-0.06
-2.20,3.23,9.06,0.01,-0.01,-0.06
-2.09,3.34,9.08,0.02,-0.03,-0.05
-2.09,3.34,9.08,0.02,-0.03,-0.05
-2.09,3.34,9.08,0.02,-0.03,-0.05
-2.09,3.34,9.08,0.02,-0.03,-0.05
-2.09,3.34,9.08,0.02,-0.03,-0.05
-2.03,3.32,9.08,0.01,-0.02,-0.04
-2.03,3.32,9.08,0.01,-0.02,-0.04
-2.03,3.32,9.08,0.01,-0.02,-0.04
-2.03,3.32,9.08,0.01,-0.02,-0.04
-2.03,3.32,9.08,0.01,-0.02,-0.04
-2.08,3.32,9.08,0.01,0.00,-0.02
-2.08,3.32,9.08,0.01,0.00,-0.02
-2.08,3.32,9.08,0.01,0.00,-0.02
-2.08,3.32,9.08,0.01,0.00,-0.02
-2.08,3.32,9.08,0.01,0.00,-0.02
-2.08,3.32,9.08,0.01,0.00,-0.02
-2.14,3.33,9.09,0.01,0.01,-0.02
-2.14,3.33,9.09,0.01,0.01,-0.02
-2.14,3.33,9.09,0.01,0.01,-0.02
-2.14,3.33,9.09,0.01,0.01,-0.02
-2.14,3.33,9.09,0.01,0.01,-0.02
-2.15,3.29,9.07,0.01,0.00,-0.01
-2.15,3.29,9.07,0.01,0.00,-0.01
-2.15,3.29,9.07,0.01,0.00,-0.01
-2.15,3.29,9.07,0.01,0.00,-0.01
-2.15,3.29,9.07,0.01,0.00,-0.01
-2.15,3.29,9.07,0.01,0.00,-0.01
-2.20,3.28,9.08,0.01,-0.00,-0.01
-2.20,3.28,9.08,0.01,-0.00,-0.01
-2.20,3.28,9.08,0.01,-0.00,-0.01
-2.20,3.28,9.08,0.01,-0.00,-0.01
-2.20,3.28,9.08,0.01,-0.00,-0.01
-2.17,3.29,9.07,0.01,-0.01,-0.01
-2.17,3.29,9.07,0.01,-0.01,-0.01
-2.17,3.29,9.07,0.01,-0.01,-0.01
-2.17,3.29,9.07,0.01,-0.01,-0.01
-2.17,3.29,9.07,0.01,-0.01,-0.01
-2.11,3.31,9.10,0.01,-0.01,-0.01
-2.11,3.31,9.10,0.01,-0.01,-0.01
-2.11,3.31,9.10,0.01,-0.01,-0.01
-2.11,3.31,9.10,0.01,-0.01,-0.01
-2.11,3.31,9.10,0.01,-0.01,-0.01
-2.11,3.31,9.10,0.01,-0.01,-0.01
-2.13,3.31,9.08,0.01,-0.01,-0.01
-2.13,3.31,9.08,0.01,-0.01,-0.01
-2.13,3.31,9.08,0.01,-0.01,-0.01
-2.13,3.31,9.08,0.01,-0.01,-0.01
-2.13,3.31,9.08,0.01,-0.01,-0.01
-2.11,3.32,9.08,0.01,-0.01,-0.01
-2.11,3.32,9.08,0.01,-0.01,-0.01
-2.11,3.32,9.08,0.01,-0.01,-0.01
-2.11,3.32,9.08,0.01,-0.01,-0.01
-2.11,3.32,9.08,0.01,-0.01,-0.01
-2.12,3.31,9.08,0.01,-0.00,-0.01
-2.12,3.31,9.08,0.01,-0.00,-0.01
-2.12,3.31,9.08,0.01,-0.00,-0.01
-2.12,3.31,9.08,0.01,-0.00,-0.01
-2.12,3.31,9.08,0.01,-0.00,-0.01
-2.12,3.31,9.08,0.01,-0.00,-0.01
-2.11,3.31,9.08,0.00,-0.00,-0.02
-2.11,3.31,9.08,0.00,-0.00,-0.02
-2.11,3.31,9.08,0.00,-0.00,-0.02
-2.11,3.31,9.08,0.00,-0.00,-0.02
-2.11,3.31,9.08,0.00,-0.00,-0.02
-2.09,3.29,9.11,0.00,0.00,-0.02
-2.09,3.29,9.11,0.00,0.00,-0.02
-2.09,3.29,9.11,0.00,0.00,-0.02
-2.09,3.29,9.11,0.00,0.00,-0.02
-2.09,3.29,9.11,0.00,0.00,-0.02
-2.01,3.28,9.15,0.00,0.04,-0.02
-2.01,3.28,9.15,0.00,0.04,-0.02
-2.01,3.28,9.15,0.00,0.04,-0.02
-2.01,3.28,9.15,0.00,0.04,-0.02
-2.01,3.28,9.15,0.00,0.04,-0.02
-2.01,3.28,9.15,0.00,0.04,-0.02
-2.32,3.34,9.13,-0.00,0.13,-0.03
-2.32,3.34,9.13,-0.00,0.13,-0.03
-2.32,3.34,9.13,-0.00,0.13,-0.03
-2.32,3.34,9.13,-0.00,0.13,-0.03
-2.32,3.34,9.13,-0.00,0.13,-0.03
-2.63,3.55,9.34,-0.02,0.19,-0.11
-2.63,3.55,9.34,-0.02,0.19,-0.11
-2.63,3.55,9.34,-0.02,0.19,-0.11
-2.63,3.55,9.34,-0.02,0.19,-0.11
-2.63,3.55,9.34,-0.02,0.19,-0.11
-4.84,3.74,10.22,-0.01,0.24,-0.47
-4.84,3.74,10.22,-0.01,0.24,-0.47
-4.84,3.74,10.22,-0.01,0.24,-0.47
-4.84,3.74,10.22,-0.01,0.24,-0.47
-4.84,3.74,10.22,-0.01,0.24,-0.47
-4.84,3.74,10.22,-0.01,0.24,-0.47
-6.47,4.44,10.46,0.20,-0.03,-1.60
-6.47,4.44,10.46,0.20,-0.03,-1.60
-6.47,4.44,10.46,0.20,-0.03,-1.60
-6.47,4.44,10.46,0.20,-0.03,-1.60
-6.47,4.44,10.46,0.20,-0.03,-1.60
-4.59,4.38,11.04,-0.42,-0.03,-3.02
-4.59,4.38,11.04,-0.42,-0.03,-3.02
-4.59,4.38,11.04,-0.42,-0.03,-3.02
-4.59,4.38,11.04,-0.42,-0.03,-3.02
-4.59,4.38,11.04,-0.42,-0.03,-3.02
-5.04,1.34,9.26,-0.42,-0.03,-4.07
-5.04,1.34,9.26,-1.62,1.08,-4.07
-5.04,1.34,9.26,-1.62,1.08,-4.07
-5.04,1.34,9.26,-1.62,1.08,-4.07
-5.04,1.34,9.26,-1.62,1.08,-4.07
-5.04,1.34,9.26,-1.62,1.08,-4.07
-4.22,-1.81,6.63,-1.67,1.32,-4.50
-4.22,-1.81,6.63,-1.67,1.32,-4.50
-4.22,-1.81,6.63,-1.67,1.32,-4.50
-4.22,-1.81,6.63,-1.67,1.32,-4.50
-4.22,-1.81,6.63,-1.67,1.32,-4.50
-2.43,-3.27,5.43,-0.69,1.55,-4.28
-2.43,-3.27,5.43,-0.69,1.55,-4.28
-2.43,-3.27,5.43,-0.69,1.55,-4.28
-2.43,-3.27,5.43,-0.69,1.55,-4.28
-2.43,-3.27,5.43,-0.69,1.55,-4.28
-1.33,-4.47,5.60,-0.69,1.55,-3.37
-1.33,-4.47,5.60,0.42,2.08,-3.37
-1.33,-4.47,5.60,0.42,2.08,-3.37
-1.33,-4.47,5.60,0.42,2.08,-3.37
-1.33,-4.47,5.60,0.42,2.08,-3.37
-1.33,-4.47,5.60,0.42,2.08,-3.37
-0.78,-4.90,6.20,0.88,2.06,-1.89
-0.78,-4.90,6.20,0.88,2.06,-1.89
-0.78,-4.90,6.20,0.88,2.06,-1.89
-0.78,-4.90,6.20,0.88,2.06,-1.89
-0.78,-4.90,6.20,0.88,2.06,-1.89
-5.54,-4.41,8.31,0.59,2.38,-0.78
-5.54,-4.41,8.31,0.59,2.38,-0.78
-5.54,-4.41,8.31,0.59,2.38,-0.78
-5.54,-4.41,8.31,0.59,2.38,-0.78
-5.54,-4.41,8.31,0.59,2.38,-0.78
-5.54,-4.41,8.31,0.59,2.38,-0.78
-6.76,-6.29,6.26,-0.03,0.91,-0.12
-6.76,-6.29,6.26,-0.03,0.91,-0.12
-6.76,-6.29,6.26,-0.03,0.91,-0.12
-6.76,-6.29,6.26,-0.03,0.91,-0.12
-6.76,-6.29,6.26,-0.03,0.91,-0.12
-5.04,-6.03,5.79,-0.02,0.09,-0.04
-5.04,-6.03,5.79,-0.02,0.09,-0.04
-5.04,-6.03,5.79,-0.02,0.09,-0.04
-5.04,-6.03,5.79,-0.02,0.09,-0.04
-5.04,-6.03,5.79,-0.02,0.09,-0.04
-5.19,-6.08,5.77,-0.05,0.02,0.02
-5.19,-6.08,5.77,-0.05,0.02,0.02
-5.19,-6.08,5.77,-0.05,0.02,0.02
-5.19,-6.08,5.77,-0.05,0.02,0.02
-5.19,-6.08,5.77,-0.05,0.02,0.02
-5.19,-6.08,5.77,-0.05,0.02,0.02
-5.35,-6.28,5.72,-0.04,-0.02,-0.00
-5.35,-6.28,5.72,-0.04,-0.02,-0.00
-5.35,-6.28,5.72,-0.04,-0.02,-0.00
-5.35,-6.28,5.72,-0.04,-0.02,-0.00
-5.35,-6.28,5.72,-0.04,-0.02,-0.00
-5.38,-6.20,5.79,-0.00,-0.08,-0.03
-5.38,-6.20,5.79,-0.00,-0.08,-0.03
-5.38,-6.20,5.79,-0.00,-0.08,-0.03
-5.38,-6.20,5.79,-0.00,-0.08,-0.03
-5.38,-6.20,5.79,-0.00,-0.08,-0.03
-5.02,-6.21,5.75,0.02,-0.14,-0.04
-5.02,-6.21,5.75,0.02,-0.14,-0.04
-5.02,-6.21,5.75,0.02,-0.14,-0.04
-5.02,-6.21,5.75,0.02,-0.14,-0.04
-5.02,-6.21,5.75,0.02,-0.14,-0.04
-5.02,-6.21,5.75,0.02,-0.14,-0.04
-5.15,-6.16,5.84,0.01,-0.07,-0.02
-5.15,-6.16,5.84,0.01,-0.07,-0.02
-5.15,-6.16,5.84,0.01,-0.07,-0.02
-5.15,-6.16,5.84,0.01,-0.07,-0.02
-5.15,-6.16,5.84,0.01,-0.07,-0.02
-5.11,-6.14,5.82,-0.00,-0.06,0.00
-5.11,-6.14,5.82,-0.00,-0.06,0.00
-5.11,-6.14,5.82,-0.00,-0.06,0.00
-5.11,-6.14,5.82,-0.00,-0.06,0.00
-5.11,-6.14,5.82,-0.00,-0.06,0.00
-5.19,-6.19,5.83,-0.02,-0.04,0.02
-5.19,-6.19,5.83,-0.02,-0.04,0.02
-5.19,-6.19,5.83,-0.02,-0.04,0.02
-5.19,-6.19,5.83,-0.02,-0.04,0.02
-5.19,-6.19,5.83,-0.02,-0.04,0.02
-5.19,-6.19,5.83,-0.02,-0.04,0.02
-5.06,-6.19,5.86,-0.01,-0.09,0.02
-5.06,-6.19,5.86,-0.01,-0.09,0.02
-5.06,-6.19,5.86,-0.01,-0.09,0.02
-5.06,-6.19,5.86,-0.01,-0.09,0.02
-5.06,-6.19,5.86,-0.01,-0.09,0.02
-5.01,-6.07,5.95,0.00,-0.05,-0.01
-5.01,-6.07,5.95,0.00,-0.05,-0.01
-5.01,-6.07,5.95,0.00,-0.05,-0.01
-5.01,-6.07,5.95,0.00,-0.05,-0.01
-5.01,-6.07,5.95,0.00,-0.05,-0.01
-5.37,-5.92,6.31,-0.03,-0.14,0.02
-5.37,-5.92,6.31,-0.03,-0.14,0.02
-5.37,-5.92,6.31,-0.03,-0.14,0.02
-5.37,-5.92,6.31,-0.03,-0.14,0.02
-5.37,-5.92,6.31,-0.03,-0.14,0.02
-5.37,-5.92,6.31,-0.03,-0.14,0.02
-4.99,-6.06,6.31,-0.14,-0.54,0.13
-4.99,-6.06,6.31,-0.14,-0.54,0.13
-4.99,-6.06,6.31,-0.14,-0.54,0.13
-4.99,-6.06,6.31,-0.14,-0.54,0.13
-4.99,-6.06,6.31,-0.14,-0.54,0.13
-4.30,-5.42,6.99,-0.24,-0.96,0.36
-4.30,-5.42,6.99,-0.24,-0.96,0.36
-4.30,-5.42,6.99,-0.24,-0.96,0.36
-4.30,-5.42,6.99,-0.24,-0.96,0.36
-4.30,-5.42,6.99,-0.24,-0.96,0.36
-3.11,-5.03,6.99,-0.56,-1.75,1.05
-3.11,-5.03,6.99,-0.56,-1.75,1.05
-3.11,-5.03,6.99,-0.56,-1.75,1.05
-3.11,-5.03,6.99,-0.56,-1.75,1.05
-3.11,-5.03,6.99,-0.56,-1.75,1.05
-3.11,-5.03,6.99,-0.56,-1.75,1.05
-3.00,-5.47,6.50,-0.67,-2.77,2.21
-3.00,-5.47,6.50,-0.67,-2.77,2.21
-3.00,-5.47,6.50,-0.67,-2.77,2.21
-3.00,-5.47,6.50,-0.67,-2.77,2.21
-3.00,-5.47,6.50,-0.67,-2.77,2.21
-2.32,-5.27,6.28,-0.07,-3.05,2.90
-2.32,-5.27,6.28,-0.07,-3.05,2.90
-2.32,-5.27,6.28,-0.07,-3.05,2.90
-2.32,-5.27,6.28,-0.07,-3.05,2.90
-2.32,-5.27,6.28,-0.07,-3.05,2.90
-3.11,-3.90,8.04,0.77,-2.27,2.86
-3.11,-3.90,8.04,0.77,-2.27,2.86
-3.11,-3.90,8.04,0.77,-2.27,2.86
-3.11,-3.90,8.04,0.77,-2.27,2.86
-3.11,-3.90,8.04,0.77,-2.27,2.86
-3.11,-3.90,8.04,0.77,-2.27,2.86
-3.69,-2.77,8.48,1.27,-0.80,2.19
-3.69,-2.77,8.48,1.27,-0.80,2.19
-3.69,-2.77,8.48,1.27,-0.80,2.19
-3.69,-2.77,8.48,1.27,-0.80,2.19
-3.69,-2.77,8.48,1.27,-0.80,2.19
-1.74,-0.37,8.97,1.41,-0.52,1.84
-1.74,-0.37,8.97,1.41,-0.52,1.84
-1.74,-0.37,8.97,1.41,-0.52,1.84
-1.74,-0.37,8.97,1.41,-0.52,1.84
-1.74,-0.37,8.97,1.41,-0.52,1.84
-2.97,1.41,9.58,1.30,-0.49,1.79
-2.97,1.41,9.58,1.30,-0.49,1.79
-2.97,1.41,9.58,1.30,-0.49,1.79
-2.97,1.41,9.58,1.30,-0.49,1.79
-2.97,1.41,9.58,1.30,-0.49,1.79
-2.97,1.41,9.58,1.30,-0.49,1.79
-0.52,1.91,9.69,0.98,-0.88,1.84
-0.52,1.91,9.69,0.98,-0.88,1.84
-0.52,1.91,9.69,0.98,-0.88,1.84
-0.52,1.91,9.69,0.98,-0.88,1.84
-0.52,1.91,9.69,0.98,-0.88,1.84
-2.29,3.10,10.54,0.86,0.07,1.41
-2.29,3.10,10.54,0.86,0.07,1.41
-2.29,3.10,10.54,0.86,0.07,1.41
-2.29,3.10,10.54,0.86,0.07,1.41
-2.29,3.10,10.54,0.86,0.07,1.41
-1.35,3.03,10.77,0.40,-0.13,1.29
-1.35,3.03,10.77,0.40,-0.13,1.29
-1.35,3.03,10.77,0.40,-0.13,1.29
-1.35,3.03,10.77,0.40,-0.13,1.29
-1.35,3.03,10.77,0.40,-0.13,1.29
-1.35,3.03,10.77,0.40,-0.13,1.29
-2.38,2.78,9.99,0.16,0.26,0.99
-2.38,2.78,9.99,0.16,0.26,0.99
-2.38,2.78,9.99,0.16,0.26,0.99
-2.38,2.78,9.99,0.16,0.26,0.99
-2.38,2.78,9.99,0.16,0.26,0.99
-1.92,2.19,8.57,0.05,0.34,0.57
-1.92,2.19,8.57,0.05,0.34,0.57
-1.92,2.19,8.57,0.05,0.34,0.57
-1.92,2.19,8.57,0.05,0.34,0.57
-1.92,2.19,8.57,0.05,0.34,0.57
-1.92,2.19,8.57,0.05,0.34,0.57
-3.13,3.67,10.72,0.26,0.55,0.31
-3.13,3.67,10.72,0.26,0.55,0.31
-3.13,3.67,10.72,0.26,0.55,0.31
-3.13,3.67,10.72,0.26,0.55,0.31
-3.13,3.67,10.72,0.26,0.55,0.31
-1.66,3.07,9.06,-0.01,0.29,0.17
-1.66,3.07,9.06,-0.01,0.29,0.17
-1.66,3.07,9.06,-0.01,0.29,0.17
-1.66,3.07,9.06,-0.01,0.29,0.17
-1.66,3.07,9.06,-0.01,0.29,0.17
-2.34,3.07,9.44,-0.02,0.35,0.05
-2.34,3.07,9.44,-0.02,0.35,0.05
-2.34,3.07,9.44,-0.02,0.35,0.05
-2.34,3.07,9.44,-0.02,0.35,0.05
-2.34,3.07,9.44,-0.02,0.35,0.05
-2.34,3.07,9.44,-0.02,0.35,0.05
-2.03,2.90,9.15,-0.02,0.08,0.04
-2.03,2.90,9.15,-0.02,0.08,0.04
-2.03,2.90,9.15,-0.02,0.08,0.04
-2.03,2.90,9.15,-0.02,0.08,0.04
-2.03,2.90,9.15,-0.02,0.08,0.04
-2.10,3.03,9.31,0.02,-0.00,0.02
-2.10,3.03,9.31,0.02,-0.00,0.02
-2.10,3.03,9.31,0.02,-0.00,0.02
-2.10,3.03,9.31,0.02,-0.00,0.02
-2.10,3.03,9.31,0.02,-0.00,0.02
-2.12,2.97,9.14,0.02,0.00,-0.00
-2.12,2.97,9.14,0.02,0.00,-0.00
-2.12,2.97,9.14,0.02,0.00,-0.00
-2.12,2.97,9.14,0.02,0.00,-0.00
-2.12,2.97,9.14,0.02,0.00,-0.00
-2.12,2.97,9.14,0.02,0.00,-0.00
-2.01,3.01,9.21,0.02,-0.02,-0.01
-2.01,3.01,9.21,0.02,-0.02,-0.01
-2.01,3.01,9.21,0.02,-0.02,-0.01
-2.01,3.01,9.21,0.02,-0.02,-0.01
-2.01,3.01,9.21,0.02,-0.02,-0.01
-2.10,3.03,9.19,0.01,0.00,-0.02
-2.10,3.03,9.19,0.01,0.00,-0.02
-2.10,3.03,9.19,0.01,0.00,-0.02
-2.10,3.03,9.19,0.01,0.00,-0.02
-2.10,3.03,9.19,0.01,0.00,-0.02
-2.10,3.00,9.20,0.01,0.00,-0.02
-2.10,3.00,9.20,0.01,0.00,-0.02
-2.10,3.00,9.20,0.01,0.00,-0.02
-2.10,3.00,9.20,0.01,0.00,-0.02
-2.10,3.00,9.20,0.01,0.00,-0.02
-2.10,3.00,9.20,0.01,0.00,-0.02
-2.12,3.00,9.19,0.01,0.01,-0.02
-2.12,3.00,9.19,0.01,0.01,-0.02
-2.12,3.00,9.19,0.01,0.01,-0.02
-2.12,3.00,9.19,0.01,0.01,-0.02
-2.12,3.00,9.19,0.01,0.01,-0.02
-2.16,3.01,9.18,0.01,0.00,-0.01
-2.16,3.01,9.18,0.01,0.00,-0.01
-2.16,3.01,9.18,0.01,0.00,-0.01
-2.16,3.01,9.18,0.01,0.00,-0.01
-2.16,3.01,9.18,0.01,0.00,-0.01
-2.16,3.01,9.18,0.01,0.00,-0.01
-2.11,3.02,9.18,0.01,-0.01,-0.01
-2.11,3.02,9.18,0.01,-0.01,-0.01
-2.11,3.02,9.18,0.01,-0.01,-0.01
-2.11,3.02,9.18,0.01,-0.01,-0.01
-2.11,3.02,9.18,0.01,-0.01,-0.01
-2.09,3.04,9.18,0.02,-0.01,-0.01
-2.09,3.04,9.18,0.02,-0.01,-0.01
-2.09,3.04,9.18,0.02,-0.01,-0.01
-2.09,3.04,9.18,0.02,-0.01,-0.01
-2.09,3.04,9.18,0.02,-0.01,-0.01
-2.09,3.03,9.18,0.01,-0.00,-0.01
-2.09,3.03,9.18,0.01,-0.00,-0.01
-2.09,3.03,9.18,0.01,-0.00,-0.01
-2.09,3.03,9.18,0.01,-0.00,-0.01
-2.09,3.03,9.18,0.01,-0.00,-0.01
-2.09,3.03,9.18,0.01,-0.00,-0.01
-2.10,3.03,9.18,0.01,-0.00,-0.01
-2.10,3.03,9.18,0.01,-0.00,-0.01
-2.10,3.03,9.18,0.01,-0.00,-0.01
-2.10,3.03,9.18,0.01,-0.00,-0.01
-2.10,3.03,9.18,0.01,-0.00,-0.01
-2.10,3.05,9.18,0.01,-0.00,-0.01
-2.10,3.05,9.18,0.01,-0.00,-0.01
-2.10,3.05,9.18,0.01,-0.00,-0.01
-2.10,3.05,9.18,0.01,-0.00,-0.01
-2.10,3.05,9.18,0.01,-0.00,-0.01
-2.10,3.05,9.18,0.01,-0.00,-0.01
-2.11,3.06,9.17,0.02,0.00,-0.01
-2.11,3.06,9.17,0.02,0.00,-0.01
-2.11,3.06,9.17,0.02,0.00,-0.01
-2.11,3.06,9.17,0.02,0.00,-0.01
-2.11,3.06,9.17,0.02,0.00,-0.01
-2.11,3.05,9.18,0.01,-0.00,-0.01
-2.11,3.05,9.18,0.01,-0.00,-0.01
-2.11,3.05,9.18,0.01,-0.00,-0.01
-2.11,3.05,9.18,0.01,-0.00,-0.01
-2.11,3.05,9.18,0.01,-0.00,-0.01
-2.11,3.05,9.18,0.01,-0.00,-0.01
-2.11,3.06,9.17,0.02,-0.00,-0.01
-2.11,3.06,9.17,0.02,-0.00,-0.01
-2.11,3.06,9.17,0.02,-0.00,-0.01
-2.11,3.06,9.17,0.02,-0.00,-0.01
-2.11,3.06,9.17,0.02,-0.00,-0.01
-2.10,3.07,9.17,0.02,-0.00,-0.01
-2.10,3.07,9.17,0.02,-0.00,-0.01
-2.10,3.07,9.17,0.02,-0.00,-0.01
-2.10,3.07,9.17,0.02,-0.00,-0.01
-2.10,3.07,9.17,0.02,-0.00,-0.01
-2.10,3.07,9.17,0.02,-0.00,-0.01
-2.09,3.08,9.19,0.02,-0.00,-0.01
-2.09,3.08,9.19,0.02,-0.00,-0.01
-2.09,3.08,9.19,0.02,-0.00,-0.01
-2.09,3.08,9.19,0.02,-0.00,-0.01
-2.09,3.08,9.19,0.02,-0.00,-0.01
-2.10,3.10,9.15,0.02,-0.00,-0.01
-2.10,3.10,9.15,0.02,-0.00,-0.01
-2.10,3.10,9.15,0.02,-0.00,-0.01
-2.10,3.10,9.15,0.02,-0.00,-0.01
-2.10,3.10,9.15,0.02,-0.00,-0.01
-2.10,3.10,9.15,0.02,-0.00,-0.01
-2.12,3.08,9.18,0.02,-0.03,-0.01
-2.12,3.08,9.18,0.02,-0.03,-0.01
-2.12,3.08,9.18,0.02,-0.03,-0.01
-2.12,3.08,9.18,0.02,-0.03,-0.01
-2.12,3.08,9.18,0.02,-0.03,-0.01
-2.00,3.12,9.18,0.02,-0.04,0.00
-2.00,3.12,9.18,0.02,-0.04,0.00
-2.00,3.12,9.18,0.02,-0.04,0.00
-2.00,3.12,9.18,0.02,-0.04,0.00
-2.00,3.12,9.18,0.02,-0.04,0.00
-2.00,3.12,9.18,0.02,-0.04,0.00
-2.04,3.15,9.17,0.02,-0.02,-0.00
-2.04,3.15,9.17,0.02,-0.02,-0.00
-2.04,3.15,9.17,0.02,-0.02,-0.00
-2.04,3.15,9.17,0.02,-0.02,-0.00
-2.04,3.15,9.17,0.02,-0.02,-0.00
-1.99,3.13,9.19,0.01,-0.01,-0.01
-1.99,3.13,9.19,0.01,-0.01,-0.01
-1.99,3.13,9.19,0.01,-0.01,-0.01
-1.99,3.13,9.19,0.01,-0.01,-0.01
-1.99,3.13,9.19,0.01,-0.01,-0.01
-1.99,3.13,9.19,0.01,-0.01,-0.01
-2.02,3.13,9.17,0.00,0.01,-0.02
-2.02,3.13,9.17,0.00,0.01,-0.02
-2.02,3.13,9.17,0.00,0.01,-0.02
-2.02,3.13,9.17,0.00,0.01,-0.02
-2.02,3.13,9.17,0.00,0.01,-0.02
-2.00,3.10,9.19,0.00,0.02,-0.02
-2.00,3.10,9.19,0.00,0.02,-0.02
-2.00,3.10,9.19,0.00,0.02,-0.02
-2.00,3.10,9.19,0.00,0.02,-0.02
-2.00,3.10,9.19,0.00,0.02,-0.02
-2.11,3.18,9.22,-0.00,0.03,-0.03
-2.11,3.18,9.22,-0.00,0.03,-0.03
-2.11,3.18,9.22,-0.00,0.03,-0.03
-2.11,3.18,9.22,-0.00,0.03,-0.03
-2.11,3.18,9.22,-0.00,0.03,-0.03
-2.11,3.18,9.22,-0.00,0.03,-0.03
-2.17,3.24,9.46,-0.01,0.07,-0.07
-2.17,3.24,9.46,-0.01,0.07,-0.07
-2.17,3.24,9.46,-0.01,0.07,-0.07
-2.17,3.24,9.46,-0.01,0.07,-0.07
-2.17,3.24,9.46,-0.01,0.07,-0.07
-2.78,2.99,9.17,-0.06,0.26,-0.28
-2.78,2.99,9.17,-0.06,0.26,-0.28
-2.78,2.99,9.17,-0.06,0.26,-0.28
-2.78,2.99,9.17,-0.06,0.26,-0.28
-2.78,2.99,9.17,-0.06,0.26,-0.28
-4.34,3.32,9.80,-0.07,0.51,-0.63
-4.34,3.32,9.80,-0.07,0.51,-0.63
-4.34,3.32,9.80,-0.07,0.51,-0.63
-4.34,3.32,9.80,-0.07,0.51,-0.63
-4.34,3.32,9.80,-0.07,0.51,-0.63
-4.34,3.32,9.80,-0.07,0.51,-0.63
-5.43,3.39,10.57,-0.04,0.79,-1.30
-5.43,3.39,10.57,-0.04,0.79,-1.30
-5.43,3.39,10.57,-0.04,0.79,-1.30
-5.43,3.39,10.57,-0.04,0.79,-1.30
-5.43,3.39,10.57,-0.04,0.79,-1.30
-6.92,2.94,10.05,-0.11,1.03,-2.40
-6.92,2.94,10.05,-0.11,1.03,-2.40
-6.92,2.94,10.05,-0.11,1.03,-2.40
-6.92,2.94,10.05,-0.11,1.03,-2.40
-6.92,2.94,10.05,-0.11,1.03,-2.40
-7.71,0.65,7.97,-0.11,1.11,-3.61
-7.71,0.65,7.97,-0.68,1.11,-3.61
-7.71,0.65,7.97,-0.68,1.11,-3.61
-7.71,0.65,7.97,-0.68,1.11,-3.61
-7.71,0.65,7.97,-0.68,1.11,-3.61
-7.71,0.65,7.97,-0.68,1.11,-3.61
-5.54,-1.36,7.38,-0.91,0.94,-4.11
-5.54,-1.36,7.38,-0.91,0.94,-4.11
-5.54,-1.36,7.38,-0.91,0.94,-4.11
-5.54,-1.36,7.38,-0.91,0.94,-4.11
-5.54,-1.36,7.38,-0.91,0.94,-4.11
-4.18,-2.99,5.66,-0.30,1.60,-4.13
-4.18,-2.99,5.66,-0.30,1.60,-4.13
-4.18,-2.99,5.66,-0.30,1.60,-4.13
-4.18,-2.99,5.66,-0.30,1.60,-4.13
-4.18,-2.99,5.66,-0.30,1.60,-4.13
-3.81,-4.23,5.12,-0.30,1.60,-4.13
-3.81,-4.23,5.12,0.69,2.14,-3.64
-3.81,-4.23,5.12,0.69,2.14,-3.64
-3.81,-4.23,5.12,0.69,2.14,-3.64
-3.81,-4.23,5.12,0.69,2.14,-3.64
-3.81,-4.23,5.12,0.69,2.14,-3.64
-3.04,-4.53,5.02,1.47,1.88,-2.51
-3.04,-4.53,5.02,1.47,1.88,-2.51
-3.04,-4.53,5.02,1.47,1.88,-2.51
-3.04,-4.53,5.02,1.47,1.88,-2.51
-3.04,-4.53,5.02,1.47,1.88,-2.51
-2.98,-1.90,9.74,1.52,1.83,-1.24
-2.98,-1.90,9.74,1.52,1.83,-1.24
-2.98,-1.90,9.74,1.52,1.83,-1.24
-2.98,-1.90,9.74,1.52,1.83,-1.24
-2.98,-1.90,9.74,1.52,1.83,-1.24
-2.98,-1.90,9.74,1.52,1.83,-1.24
-7.09,-6.27,5.75,0.02,1.00,-0.09
-7.09,-6.27,5.75,0.02,1.00,-0.09
-7.09,-6.27,5.75,0.02,1.00,-0.09
-7.09,-6.27,5.75,0.02,1.00,-0.09
-7.09,-6.27,5.75,0.02,1.00,-0.09
-5.35,-5.68,6.20,-0.02,0.01,-0.05
-5.35,-5.68,6.20,-0.02,0.01,-0.05
-5.35,-5.68,6.20,-0.02,0.01,-0.05
-5.35,-5.68,6.20,-0.02,0.01,-0.05
-5.35,-5.68,6.20,-0.02,0.01,-0.05
-5.54,-5.70,6.08,-0.01,-0.06,0.02
-5.54,-5.70,6.08,-0.01,-0.06,0.02
-5.54,-5.70,6.08,-0.01,-0.06,0.02
-5.54,-5.70,6.08,-0.01,-0.06,0.02
-5.54,-5.70,6.08,-0.01,-0.06,0.02
-5.54,-5.70,6.08,-0.01,-0.06,0.02
-5.32,-5.75,5.79,-0.03,-0.07,0.01
-5.32,-5.75,5.79,-0.03,-0.07,0.01
-5.32,-5.75,5.79,-0.03,-0.07,0.01
-5.32,-5.75,5.79,-0.03,-0.07,0.01
-5.32,-5.75,5.79,-0.03,-0.07,0.01
-5.63,-5.86,6.00,-0.01,0.00,-0.03
-5.63,-5.86,6.00,-0.01,0.00,-0.03
-5.63,-5.86,6.00,-0.01,0.00,-0.03
-5.63,-5.86,6.00,-0.01,0.00,-0.03
-5.63,-5.86,6.00,-0.01,0.00,-0.03
-5.38,-5.77,5.97,0.02,-0.06,-0.04
-5.38,-5.77,5.97,0.02,-0.06,-0.04
-5.38,-5.77,5.97,0.02,-0.06,-0.04
-5.38,-5.77,5.97,0.02,-0.06,-0.04
-5.38,-5.77,5.97,0.02,-0.06,-0.04
-5.38,-5.77,5.97,0.02,-0.06,-0.04
-5.40,-5.73,6.08,0.01,-0.04,-0.02
-5.40,-5.73,6.08,0.01,-0.04,-0.02
-5.40,-5.73,6.08,0.01,-0.04,-0.02
-5.40,-5.73,6.08,0.01,-0.04,-0.02
-5.40,-5.73,6.08,0.01,-0.04,-0.02
-5.43,-5.79,6.02,0.00,-0.07,0.00
-5.43,-5.79,6.02,0.00,-0.07,0.00
-5.43,-5.79,6.02,0.00,-0.07,0.00
-5.43,-5.79,6.02,0.00,-0.07,0.00
-5.43,-5.79,6.02,0.00,-0.07,0.00
-5.43,-5.79,6.02,0.00,-0.07,0.00
-5.43,-5.74,6.04,0.01,-0.10,0.01
-5.43,-5.74,6.04,0.01,-0.10,0.01
-5.43,-5.74,6.04,0.01,-0.10,0.01
-5.43,-5.74,6.04,0.01,-0.10,0.01
-5.43,-5.74,6.04,0.01,-0.10,0.01
-5.23,-5.66,6.05,0.00,-0.08,0.01
-5.23,-5.66,6.05,0.00,-0.08,0.01
-5.23,-5.66,6.05,0.00,-0.08,0.01
-5.23,-5.66,6.05,0.00,-0.08,0.01
-5.23,-5.66,6.05,0.00,-0.08,0.01
-5.36,-5.44,6.41,-0.03,-0.07,0.03
-5.36,-5.44,6.41,-0.03,-0.07,0.03
-5.36,-5.44,6.41,-0.03,-0.07,0.03
-5.36,-5.44,6.41,-0.03,-0.07,0.03
-5.36,-5.44,6.41,-0.03,-0.07,0.03
-5.36,-5.44,6.41,-0.03,-0.07,0.03
-4.63,-4.62,7.38,-0.20,-0.60,0.30
-4.63,-4.62,7.38,-0.20,-0.60,0.30
-4.63,-4.62,7.38,-0.20,-0.60,0.30
-4.63,-4.62,7.38,-0.20,-0.60,0.30
-4.63,-4.62,7.38,-0.20,-0.60,0.30
-2.76,-4.87,7.02,-0.56,-1.78,1.29
-2.76,-4.87,7.02,-0.56,-1.78,1.29
-2.76,-4.87,7.02,-0.56,-1.78,1.29
-2.76,-4.87,7.02,-0.56,-1.78,1.29
-2.76,-4.87,7.02,-0.56,-1.78,1.29
-3.75,-4.66,6.71,-0.46,-2.57,2.40
-3.75,-4.66,6.71,-0.46,-2.57,2.40
-3.75,-4.66,6.71,-0.46,-2.57,2.40
-3.75,-4.66,6.71,-0.46,-2.57,2.40
-3.75,-4.66,6.71,-0.46,-2.57,2.40
-3.75,-4.66,6.71,-0.46,-2.57,2.40
-4.86,-3.84,7.18,-0.01,-2.37,2.68
-4.86,-3.84,7.18,-0.01,-2.37,2.68
-4.86,-3.84,7.18,-0.01,-2.37,2.68
-4.86,-3.84,7.18,-0.01,-2.37,2.68
-4.86,-3.84,7.18,-0.01,-2.37,2.68
-2.78,-2.75,7.99,0.48,-2.15,2.38
-2.78,-2.75,7.99,0.48,-2.15,2.38
-2.78,-2.75,7.99,0.48,-2.15,2.38
-2.78,-2.75,7.99,0.48,-2.15,2.38
-2.78,-2.75,7.99,0.48,-2.15,2.38
-5.07,-2.26,9.62,0.68,-0.65,1.68
-5.07,-2.26,9.62,0.68,-0.65,1.68
-5.07,-2.26,9.62,0.68,-0.65,1.68
-5.07,-2.26,9.62,0.68,-0.65,1.68
-5.07,-2.26,9.62,0.68,-0.65,1.68
-5.07,-2.26,9.62,0.68,-0.65,1.68
-1.23,-0.87,9.20,0.81,-1.08,1.36
-1.23,-0.87,9.20,0.81,-1.08,1.36
-1.23,-0.87,9.20,0.81,-1.08,1.36
-1.23,-0.87,9.20,0.81,-1.08,1.36
-1.23,-0.87,9.20,0.81,-1.08,1.36
-0.88,0.26,9.37,1.01,-0.73,1.52
-0.88,0.26,9.37,1.01,-0.73,1.52
-0.88,0.26,9.37,1.01,-0.73,1.52
-0.88,0.26,9.37,1.01,-0.73,1.52
-0.88,0.26,9.37,1.01,-0.73,1.52
-1.70,1.58,9.69,1.06,-0.42,1.71
-1.70,1.58,9.69,1.06,-0.42,1.71
-1.70,1.58,9.69,1.06,-0.42,1.71
-1.70,1.58,9.69,1.06,-0.42,1.71
-1.70,1.58,9.69,1.06,-0.42,1.71
-1.70,1.58,9.69,1.06,-0.42,1.71
-1.46,2.67,10.51,0.93,-0.46,1.74
-1.46,2.67,10.51,0.93,-0.46,1.74
-1.46,2.67,10.51,0.93,-0.46,1.74
-1.46,2.67,10.51,0.93,-0.46,1.74
-1.46,2.67,10.51,0.93,-0.46,1.74
-1.23,2.86,10.78,0.55,-0.21,1.49
-1.23,2.86,10.78,0.55,-0.21,1.49
-1.23,2.86,10.78,0.55,-0.21,1.49
-1.23,2.86,10.78,0.55,-0.21,1.49
-1.23,2.86,10.78,0.55,-0.21,1.49
-1.23,2.99,9.88,0.55,-0.21,1.49
-0.52,2.99,9.88,0.29,-0.01,1.42
-0.52,2.99,9.88,0.29,-0.01,1.42
-0.52,2.99,9.88,0.29,-0.01,1.42
-0.52,2.99,9.88,0.29,-0.01,1.42
-0.52,2.99,9.88,0.29,-0.01,1.42
-1.04,2.92,8.88,0.30,0.18,1.50
-1.04,2.92,8.88,0.30,0.18,1.50
-1.04,2.92,8.88,0.30,0.18,1.50
-1.04,2.92,8.88,0.30,0.18,1.50
-1.04,2.92,8.88,0.30,0.18,1.50
-1.14,2.48,7.89,0.40,0.35,1.13
-1.14,2.48,7.89,0.40,0.35,1.13
-1.14,2.48,7.89,0.40,0.35,1.13
-1.14,2.48,7.89,0.40,0.35,1.13
-1.14,2.48,7.89,0.40,0.35,1.13
-1.14,2.48,7.89,0.40,0.35,1.13
-4.05,4.70,12.38,0.44,0.95,0.45
-4.05,4.70,12.38,0.44,0.95,0.45
-4.05,4.70,12.38,0.44,0.95,0.45
-4.05,4.70,12.38,0.44,0.95,0.45
-4.05,4.70,12.38,0.44,0.95,0.45
-0.16,2.93,8.39,-0.18,0.22,0.08
-0.16,2.93,8.39,-0.18,0.22,0.08
-0.16,2.93,8.39,-0.18,0.22,0.08
-0.16,2.93,8.39,-0.18,0.22,0.08
-0.16,2.93,8.39,-0.18,0.22,0.08
-0.16,2.93,8.39,-0.18,0.22,0.08
-1.61,3.43,9.76,-0.02,0.40,0.10
-1.61,3.43,9.76,-0.02,0.40,0.10
-1.61,3.43,9.76,-0.02,0.40,0.10
-1.61,3.43,9.76,-0.02,0.40,0.10
-1.61,3.43,9.76,-0.02,0.40,0.10
-1.52,3.11,9.12,-0.04,0.22,0.04
-1.52,3.11,9.12,-0.04,0.22,0.04
-1.52,3.11,9.12,-0.04,0.22,0.04
-1.52,3.11,9.12,-0.04,0.22,0.04
-1.52,3.11,9.12,-0.04,0.22,0.04
-1.34,3.26,9.38,0.01,-0.03,0.02
-1.34,3.26,9.38,0.01,-0.03,0.02
-1.34,3.26,9.38,0.01,-0.03,0.02
-1.34,3.26,9.38,0.01,-0.03,0.02
-1.34,3.26,9.38,0.01,-0.03,0.02
-1.34,3.26,9.38,0.01,-0.03,0.02
-1.55,3.26,9.21,0.01,-0.00,-0.01
-1.55,3.26,9.21,0.01,-0.00,-0.01
-1.55,3.26,9.21,0.01,-0.00,-0.01
-1.55,3.26,9.21,0.01,-0.00,-0.01
-1.55,3.26,9.21,0.01,-0.00,-0.01
-1.40,3.26,9.21,0.02,-0.02,-0.02
-1.40,3.26,9.21,0.02,-0.02,-0.02
-1.40,3.26,9.21,0.02,-0.02,-0.02
-1.40,3.26,9.21,0.02,-0.02,-0.02
-1.40,3.26,9.21,0.02,-0.02,-0.02
-1.48,3.30,9.22,0.01,0.01,-0.02
-1.48,3.30,9.22,0.01,0.01,-0.02
-1.48,3.30,9.22,0.01,0.01,-0.02
-1.48,3.30,9.22,0.01,0.01,-0.02
-1.48,3.30,9.22,0.01,0.01,-0.02
-1.48,3.30,9.22,0.01,0.01,-0.02
-1.49,3.25,9.20,0.01,-0.00,-0.02
-1.49,3.25,9.20,0.01,-0.00,-0.02
-1.49,3.25,9.20,0.01,-0.00,-0.02
-1.49,3.25,9.20,0.01,-0.00,-0.02
-1.49,3.25,9.20,0.01,-0.00,-0.02
-1.46,3.25,9.20,0.02,-0.00,-0.02
-1.46,3.25,9.20,0.02,-0.00,-0.02
-1.46,3.25,9.20,0.02,-0.00,-0.02
-1.46,3.25,9.20,0.02,-0.00,-0.02
-1.46,3.25,9.20,0.02,-0.00,-0.02
-1.49,3.27,9.21,0.02,0.00,-0.02
-1.49,3.27,9.21,0.02,0.00,-0.02
-1.49,3.27,9.21,0.02,0.00,-0.02
-1.49,3.27,9.21,0.02,0.00,-0.02
-1.49,3.27,9.21,0.02,0.00,-0.02
-1.49,3.27,9.21,0.02,0.00,-0.02
-1.50,3.29,9.19,0.02,-0.00,-0.01
-1.50,3.29,9.19,0.02,-0.00,-0.01
-1.50,3.29,9.19,0.02,-0.00,-0.01
-1.50,3.29,9.19,0.02,-0.00,-0.01
-1.50,3.29,9.19,0.02,-0.00,-0.01
-1.43,3.28,9.22,0.02,-0.01,-0.01
-1.43,3.28,9.22,0.02,-0.01,-0.01
-1.43,3.28,9.22,0.02,-0.01,-0.01
-1.43,3.28,9.22,0.02,-0.01,-0.01
-1.43,3.28,9.22,0.02,-0.01,-0.01
-1.49,3.33,9.18,0.02,-0.01,-0.01
-1.49,3.33,9.18,0.01,0.01,-0.01
-1.49,3.33,9.18,0.01,0.01,-0.01
-1.49,3.33,9.18,0.01,0.01,-0.01
-1.49,3.33,9.18,0.01,0.01,-0.01
-1.49,3.33,9.18,0.01,0.01,-0.01
-1.47,3.32,9.20,0.01,-0.00,-0.02
-1.47,3.32,9.20,0.01,-0.00,-0.02
-1.47,3.32,9.20,0.01,-0.00,-0.02
-1.47,3.32,9.20,0.01,-0.00,-0.02
-1.47,3.32,9.20,0.01,-0.00,-0.02
-1.48,3.29,9.21,0.02,0.00,-0.02
-1.48,3.29,9.21,0.02,0.00,-0.02
-1.48,3.29,9.21,0.02,0.00,-0.02
-1.48,3.29,9.21,0.02,0.00,-0.02
-1.48,3.29,9.21,0.02,0.00,-0.02
-1.48,3.29,9.21,0.02,0.00,-0.02
-1.49,3.32,9.20,0.01,0.01,-0.02
-1.49,3.32,9.20,0.01,0.01,-0.02
-1.49,3.32,9.20,0.01,0.01,-0.02
-1.49,3.32,9.20,0.01,0.01,-0.02
-1.49,3.32,9.20,0.01,0.01,-0.02
-1.51,3.31,9.20,0.01,0.01,-0.02
-1.51,3.31,9.20,0.01,0.01,-0.02
-1.51,3.31,9.20,0.01,0.01,-0.02
-1.51,3.31,9.20,0.01,0.01,-0.02
-1.51,3.31,9.20,0.01,0.01,-0.02
-1.51,3.31,9.20,0.01,0.01,-0.02
-1.51,3.34,9.20,0.02,0.00,-0.02
-1.51,3.34,9.20,0.02,0.00,-0.02
-1.51,3.34,9.20,0.02,0.00,-0.02
-1.51,3.34,9.20,0.02,0.00,-0.02
-1.51,3.34,9.20,0.02,0.00,-0.02
-1.50,3.35,9.19,0.02,-0.00,-0.01
-1.50,3.35,9.19,0.02,-0.00,-0.01
-1.50,3.35,9.19,0.02,-0.00,-0.01
-1.50,3.35,9.19,0.02,-0.00,-0.01
-1.50,3.35,9.19,0.02,-0.00,-0.01
-1.50,3.35,9.19,0.02,-0.00,-0.01
-1.50,3.35,9.19,0.02,-0.01,-0.01
-1.50,3.35,9.19,0.02,-0.01,-0.01
-1.50,3.35,9.19,0.02,-0.01,-0.01
-1.50,3.35,9.19,0.02,-0.01,-0.01
-1.50,3.35,9.19,0.02,-0.01,-0.01
-1.50,3.35,9.20,0.02,-0.01,-0.01
-1.50,3.35,9.20,0.02,-0.01,-0.01
-1.50,3.35,9.20,0.02,-0.01,-0.01
-1.50,3.35,9.20,0.02,-0.01,-0.01
-1.50,3.35,9.20,0.02,-0.01,-0.01
-1.50,3.35,9.18,0.02,-0.01,-0.01
-1.48,3.37,9.18,0.02,-0.00,-0.01
-1.48,3.37,9.18,0.02,-0.00,-0.01
-1.48,3.37,9.18,0.02,-0.00,-0.01
-1.48,3.37,9.18,0.02,-0.00,-0.01
-1.48,3.37,9.18,0.02,-0.00,-0.01
-1.48,3.38,9.20,0.02,-0.00,-0.02
-1.48,3.38,9.20,0.02,-0.00,-0.02
-1.48,3.38,9.20,0.02,-0.00,-0.02
-1.48,3.38,9.20,0.02,-0.00,-0.02
-1.48,3.38,9.20,0.02,-0.00,-0.02
-1.48,3.38,9.17,0.01,0.00,-0.01
-1.48,3.38,9.17,0.01,0.00,-0.01
-1.48,3.38,9.17,0.01,0.00,-0.01
-1.48,3.38,9.17,0.01,0.00,-0.01
-1.48,3.38,9.17,0.01,0.00,-0.01
-1.48,3.38,9.17,0.01,0.00,-0.01
-1.51,3.38,9.18,0.01,0.00,-0.02
-1.51,3.38,9.18,0.01,0.00,-0.02
-1.51,3.38,9.18,0.01,0.00,-0.02
-1.51,3.38,9.18,0.01,0.00,-0.02
-1.51,3.38,9.18,0.01,0.00,-0.02
-1.49,3.37,9.18,0.01,0.00,-0.02
-1.49,3.37,9.18,0.01,0.00,-0.02
-1.49,3.37,9.18,0.01,0.00,-0.02
-1.49,3.37,9.18,0.01,0.00,-0.02
-1.49,3.37,9.18,0.01,0.00,-0.02
-1.51,3.37,9.19,0.00,0.00,-0.02
-1.51,3.37,9.19,0.00,0.00,-0.02
-1.51,3.37,9.19,0.00,0.00,-0.02
-1.51,3.37,9.19,0.00,0.00,-0.02
-1.51,3.37,9.19,0.00,0.00,-0.02
-1.51,3.37,9.19,0.00,0.00,-0.02
-1.52,3.37,9.18,0.00,0.00,-0.02
-1.52,3.37,9.18,0.00,0.00,-0.02
-1.52,3.37,9.18,0.00,0.00,-0.02
-1.52,3.37,9.18,0.00,0.00,-0.02
-1.52,3.37,9.18,0.00,0.00,-0.02
-1.50,3.34,9.20,-0.00,0.00,-0.02
-1.50,3.34,9.20,-0.00,0.00,-0.02
-1.50,3.34,9.20,-0.00,0.00,-0.02
-1.50,3.34,9.20,-0.00,0.00,-0.02
-1.50,3.34,9.20,-0.00,0.00,-0.02
-1.50,3.34,9.19,-0.00,0.00,-0.02