-1.83,2.59,9.40,0.03,0.01,-0.01
-1.83,2.65,9.33,0.02,0.02,-0.02
-1.83,2.65,9.33,0.02,0.02,-0.02
-1.83,2.65,9.33,0.02,0.02,-0.02
-1.83,2.65,9.33,0.02,0.02,-0.02
-1.83,2.65,9.33,0.02,0.02,-0.02
-1.88,2.66,9.36,0.01,0.03,-0.02
-1.88,2.66,9.36,0.01,0.03,-0.02
-1.88,2.66,9.36,0.01,0.03,-0.02
-1.88,2.66,9.36,0.01,0.03,-0.02
-1.88,2.66,9.36,0.01,0.03,-0.02
-1.88,2.66,9.36,0.01,0.03,-0.02
-1.91,2.61,9.37,0.01,0.02,-0.03
-1.91,2.61,9.37,0.01,0.02,-0.03
-1.91,2.61,9.37,0.01,0.02,-0.03
-1.91,2.61,9.37,0.01,0.02,-0.03
-1.91,2.61,9.37,0.01,0.02,-0.03
-1.98,2.57,9.38,0.01,-0.01,-0.02
-1.98,2.57,9.38,0.01,-0.01,-0.02
-1.98,2.57,9.38,0.01,-0.01,-0.02
-1.98,2.57,9.38,0.01,-0.01,-0.02
-1.98,2.57,9.38,0.01,-0.01,-0.02
-1.98,2.57,9.38,0.01,-0.01,-0.02
-1.82,2.50,9.38,0.00,-0.03,0.02
-1.82,2.50,9.38,0.00,-0.03,0.02
-1.82,2.50,9.38,0.00,-0.03,0.02
-1.82,2.50,9.38,0.00,-0.03,0.02
-1.82,2.50,9.38,0.00,-0.03,0.02
-1.95,2.47,9.38,0.01,-0.00,0.02
-1.95,2.47,9.38,0.01,-0.00,0.02
-1.95,2.47,9.38,0.01,-0.00,0.02
-1.95,2.47,9.38,0.01,-0.00,0.02
-1.95,2.47,9.38,0.01,-0.00,0.02
-1.92,2.56,9.39,0.02,-0.04,0.02
-1.92,2.56,9.39,0.02,-0.04,0.02
-1.92,2.56,9.39,0.02,-0.04,0.02
-1.92,2.56,9.39,0.02,-0.04,0.02
-1.92,2.56,9.39,0.02,-0.04,0.02
-1.92,2.56,9.39,0.02,-0.04,0.02
-1.70,2.65,9.39,0.02,-0.06,0.02
-1.70,2.65,9.39,0.02,-0.06,0.02
-1.70,2.65,9.39,0.02,-0.06,0.02
-1.70,2.65,9.39,0.02,-0.06,0.02
-1.70,2.65,9.39,0.02,-0.06,0.02
-1.76,2.66,9.38,0.02,-0.02,0.01
-1.76,2.66,9.38,0.02,-0.02,0.01
-1.76,2.66,9.38,0.02,-0.02,0.01
-1.76,2.66,9.38,0.02,-0.02,0.01
-1.76,2.66,9.38,0.02,-0.02,0.01
-1.76,2.66,9.38,0.02,-0.02,0.01
-1.68,2.69,9.38,0.02,-0.03,-0.00
-1.68,2.69,9.38,0.02,-0.03,-0.00
-1.68,2.69,9.38,0.02,-0.03,-0.00
-1.68,2.69,9.38,0.02,-0.03,-0.00
-1.68,2.69,9.38,0.02,-0.03,-0.00
-1.66,2.64,9.37,0.02,-0.01,-0.02
-1.66,2.64,9.37,0.02,-0.01,-0.02
-1.66,2.64,9.37,0.02,-0.01,-0.02
-1.66,2.64,9.37,0.02,-0.01,-0.02
-1.66,2.64,9.37,0.02,-0.01,-0.02
-1.52,2.61,9.42,0.02,0.04,-0.02
-1.52,2.61,9.42,0.02,0.04,-0.02
-1.52,2.61,9.42,0.02,0.04,-0.02
-1.52,2.61,9.42,0.02,0.04,-0.02
-1.52,2.61,9.42,0.02,0.04,-0.02
-1.52,2.61,9.42,0.02,0.04,-0.02
-1.84,2.62,9.33,-0.00,0.21,-0.01
-1.84,2.62,9.33,-0.00,0.21,-0.01
-1.84,2.62,9.33,-0.00,0.21,-0.01
-1.84,2.62,9.33,-0.00,0.21,-0.01
-1.84,2.62,9.33,-0.00,0.21,-0.01
-2.31,2.61,9.29,0.01,0.23,-0.01
-2.31,2.61,9.29,0.01,0.23,-0.01
-2.31,2.61,9.29,0.01,0.23,-0.01
-2.31,2.61,9.29,0.01,0.23,-0.01
-2.31,2.61,9.29,0.01,0.23,-0.01
-2.31,2.61,9.29,0.01,0.23,-0.01
-2.26,2.68,9.29,0.03,0.07,-0.00
-2.26,2.68,9.29,0.03,0.07,-0.00
-2.26,2.68,9.29,0.03,0.07,-0.00
-2.26,2.68,9.29,0.03,0.07,-0.00
-2.26,2.68,9.29,0.03,0.07,-0.00
-2.17,2.74,9.32,0.03,-0.04,0.00
-2.17,2.74,9.32,0.03,-0.04,0.00
-2.17,2.74,9.32,0.03,-0.04,0.00
-2.17,2.74,9.32,0.03,-0.04,0.00
-2.17,2.74,9.32,0.03,-0.04,0.00
-2.11,2.76,9.41,0.06,-0.11,-0.00
-2.11,2.76,9.41,0.06,-0.11,-0.00
-2.11,2.76,9.41,0.06,-0.11,-0.00
-2.11,2.76,9.41,0.06,-0.11,-0.00
-2.11,2.76,9.41,0.06,-0.11,-0.00
-2.11,2.76,9.41,0.06,-0.11,-0.00
-1.87,2.82,9.29,0.12,-0.18,-0.03
-1.87,2.82,9.29,0.12,-0.18,-0.03
-1.87,2.82,9.29,0.12,-0.18,-0.03
-1.87,2.82,9.29,0.12,-0.18,-0.03
-1.87,2.82,9.29,0.12,-0.18,-0.03
-1.63,3.07,9.47,0.14,-0.12,-0.05
-1.63,3.07,9.47,0.14,-0.12,-0.05
-1.63,3.07,9.47,0.14,-0.12,-0.05
-1.63,3.07,9.47,0.14,-0.12,-0.05
-1.63,3.07,9.47,0.14,-0.12,-0.05
-1.70,3.52,10.24,0.14,0.26,-0.14
-1.70,3.52,10.24,0.06,0.26,-0.14
-1.70,3.52,10.24,0.06,0.26,-0.14
-1.70,3.52,10.24,0.06,0.26,-0.14
-1.70,3.52,10.24,0.06,0.26,-0.14
-1.70,3.52,10.24,0.06,0.26,-0.14
-5.19,4.82,13.88,-0.49,0.86,-0.50
-5.19,4.82,13.88,-0.49,0.86,-0.50
-5.19,4.82,13.88,-0.49,0.86,-0.50
-5.19,4.82,13.88,-0.49,0.86,-0.50
-5.19,4.82,13.88,-0.49,0.86,-0.50
-3.65,1.46,12.78,-2.07,0.85,-1.15
-3.65,1.46,12.78,-2.07,0.85,-1.15
-3.65,1.46,12.78,-2.07,0.85,-1.15
-3.65,1.46,12.78,-2.07,0.85,-1.15
-3.65,1.46,12.78,-2.07,0.85,-1.15
-3.65,1.46,10.60,-2.07,0.85,-1.15
-1.20,-1.34,10.60,-3.14,0.76,-1.67
-1.20,-1.34,10.60,-3.14,0.76,-1.67
-1.20,-1.34,10.60,-3.14,0.76,-1.67
-1.20,-1.34,10.60,-3.14,0.76,-1.67
-1.20,-1.34,10.60,-3.14,0.76,-1.67
-0.62,-4.17,8.73,-3.44,0.44,-0.97
-0.62,-4.17,8.73,-3.44,0.44,-0.97
-0.62,-4.17,8.73,-3.44,0.44,-0.97
-0.62,-4.17,8.73,-3.44,0.44,-0.97
-0.62,-4.17,8.73,-3.44,0.44,-0.97
-2.01,-6.42,6.63,-2.99,1.38,-0.33
-2.01,-6.42,6.63,-2.99,1.38,-0.33
-2.01,-6.42,6.63,-2.99,1.38,-0.33
-2.01,-6.42,6.63,-2.99,1.38,-0.33
-2.01,-6.42,6.63,-2.99,1.38,-0.33
-5.41,-5.47,4.59,-2.28,1.85,0.50
-5.41,-5.47,4.59,-2.28,1.85,0.50
-5.41,-5.47,4.59,-2.28,1.85,0.50
-5.41,-5.47,4.59,-2.28,1.85,0.50
-5.41,-5.47,4.59,-2.28,1.85,0.50
-5.41,-5.47,4.59,-2.28,1.85,0.50
-7.53,-4.86,2.89,-1.80,0.11,1.12
-7.53,-4.86,2.89,-1.80,0.11,1.12
-7.53,-4.86,2.89,-1.80,0.11,1.12
-7.53,-4.86,2.89,-1.80,0.11,1.12
-7.53,-4.86,2.89,-1.80,0.11,1.12
-8.37,-3.52,2.73,-1.03,-1.05,1.41
-8.37,-3.52,2.73,-1.03,-1.05,1.41
-8.37,-3.52,2.73,-1.03,-1.05,1.41
-8.37,-3.52,2.73,-1.03,-1.05,1.41
-8.37,-3.52,2.73,-1.03,-1.05,1.41
-8.37,-3.52,2.73,-1.03,-1.05,1.41
-9.83,-2.74,1.68,-0.93,-0.55,1.56
-9.83,-2.74,1.68,-0.93,-0.55,1.56
-9.83,-2.74,1.68,-0.93,-0.55,1.56
-9.83,-2.74,1.68,-0.93,-0.55,1.56
-9.83,-2.74,1.68,-0.93,-0.55,1.56
-7.84,-3.90,-0.15,-0.83,0.34,0.89
-7.84,-3.90,-0.15,-0.83,0.34,0.89
-7.84,-3.90,-0.15,-0.83,0.34,0.89
-7.84,-3.90,-0.15,-0.83,0.34,0.89
-7.84,-3.90,-0.15,-0.83,0.34,0.89
-5.68,-4.59,0.68,-0.63,1.23,-0.07
-5.68,-4.59,0.68,-0.63,1.23,-0.07
-5.68,-4.59,0.68,-0.63,1.23,-0.07
-5.68,-4.59,0.68,-0.63,1.23,-0.07
-5.68,-4.59,0.68,-0.63,1.23,-0.07
-5.68,-4.59,0.68,-0.63,1.23,-0.07
-6.21,-5.11,0.19,-0.63,1.20,-0.27
-6.21,-5.11,0.19,-0.63,1.20,-0.27
-6.21,-5.11,0.19,-0.63,1.20,-0.27
-6.21,-5.11,0.19,-0.63,1.20,-0.27
-6.21,-5.11,0.19,-0.63,1.20,-0.27
-7.55,-5.87,-1.21,-0.52,0.66,0.15
-7.55,-5.87,-1.21,-0.52,0.66,0.15
-7.55,-5.87,-1.21,-0.52,0.66,0.15
-7.55,-5.87,-1.21,-0.52,0.66,0.15
-7.55,-5.87,-1.21,-0.52,0.66,0.15
-8.38,-6.33,-1.89,-0.26,0.06,0.10
-8.38,-6.33,-1.89,-0.26,0.06,0.10
-8.38,-6.33,-1.89,-0.26,0.06,0.10
-8.38,-6.33,-1.89,-0.26,0.06,0.10
-8.38,-6.33,-1.89,-0.26,0.06,0.10
-8.38,-6.33,-1.89,-0.26,0.06,0.10
-8.13,-6.35,-1.60,-0.03,-0.15,-0.18
-8.13,-6.35,-1.60,-0.03,-0.15,-0.18
-8.13,-6.35,-1.60,-0.03,-0.15,-0.18
-8.13,-6.35,-1.60,-0.03,-0.15,-0.18
-8.13,-6.35,-1.60,-0.03,-0.15,-0.18
-8.20,-6.33,-1.12,0.19,-0.20,-0.10
-8.20,-6.33,-1.12,0.19,-0.20,-0.10
-8.20,-6.33,-1.12,0.19,-0.20,-0.10
-8.20,-6.33,-1.12,0.19,-0.20,-0.10
-8.20,-6.33,-1.12,0.19,-0.20,-0.10
-8.20,-6.33,-1.12,0.19,-0.20,-0.10
-8.07,-6.27,-0.29,0.28,-0.34,-0.24
-8.07,-6.27,-0.29,0.28,-0.34,-0.24
-8.07,-6.27,-0.29,0.28,-0.34,-0.24
-8.07,-6.27,-0.29,0.28,-0.34,-0.24
-8.07,-6.27,-0.29,0.28,-0.34,-0.24
-7.33,-6.07,0.28,0.40,-0.47,-0.31
-7.33,-6.07,0.28,0.40,-0.47,-0.31
-7.33,-6.07,0.28,0.40,-0.47,-0.31
-7.33,-6.07,0.28,0.40,-0.47,-0.31
-7.33,-6.07,0.28,0.40,-0.47,-0.31
-7.19,-5.99,0.68,0.61,-0.66,-0.30
-7.19,-5.99,0.68,0.61,-0.66,-0.30
-7.19,-5.99,0.68,0.61,-0.66,-0.30
-7.19,-5.99,0.68,0.61,-0.66,-0.30
-7.19,-5.99,0.68,0.61,-0.66,-0.30
-7.19,-5.99,0.68,0.61,-0.66,-0.30
-7.00,-5.92,1.32,0.80,-1.05,-0.39
-7.00,-5.92,1.32,0.80,-1.05,-0.39
-7.00,-5.92,1.32,0.80,-1.05,-0.39
-7.00,-5.92,1.32,0.80,-1.05,-0.39
-7.00,-5.92,1.32,0.80,-1.05,-0.39
-7.05,-5.52,1.46,1.14,-1.36,-0.66
-7.05,-5.52,1.46,1.14,-1.36,-0.66
-7.05,-5.52,1.46,1.14,-1.36,-0.66
-7.05,-5.52,1.46,1.14,-1.36,-0.66
-7.05,-5.52,1.46,1.14,-1.36,-0.66
-7.05,-5.52,1.46,1.14,-1.36,-0.66
-5.96,-5.05,3.00,1.57,-1.34,-1.31
-5.96,-5.05,3.00,1.57,-1.34,-1.31
-5.96,-5.05,3.00,1.57,-1.34,-1.31
-5.96,-5.05,3.00,1.57,-1.34,-1.31
-5.96,-5.05,3.00,1.57,-1.34,-1.31
-3.95,-4.50,4.36,1.73,-1.52,-1.51
-3.95,-4.50,4.36,1.73,-1.52,-1.51
-3.95,-4.50,4.36,1.73,-1.52,-1.51
-3.95,-4.50,4.36,1.73,-1.52,-1.51
-3.95,-4.50,4.36,1.73,-1.52,-1.51
-3.13,-3.99,5.93,1.75,-1.39,-1.50
-3.13,-3.99,5.93,1.75,-1.39,-1.50
-3.13,-3.99,5.93,1.75,-1.39,-1.50
-3.13,-3.99,5.93,1.75,-1.39,-1.50
-3.13,-3.99,5.93,1.75,-1.39,-1.50
-3.13,-3.99,5.93,1.75,-1.39,-1.50
-1.25,-3.37,7.89,1.64,-1.52,-1.52
-1.25,-3.37,7.89,1.64,-1.52,-1.52
-1.25,-3.37,7.89,1.64,-1.52,-1.52
-1.25,-3.37,7.89,1.64,-1.52,-1.52
-1.25,-3.37,7.89,1.64,-1.52,-1.52
0.57,-3.07,9.06,1.22,-1.17,-1.46
0.57,-3.07,9.06,1.22,-1.17,-1.46
0.57,-3.07,9.06,1.22,-1.17,-1.46
0.57,-3.07,9.06,1.22,-1.17,-1.46
0.57,-3.07,9.06,1.22,-1.17,-1.46
1.29,-2.54,9.64,0.85,-0.52,-1.23
1.29,-2.54,9.64,0.85,-0.52,-1.23
1.29,-2.54,9.64,0.85,-0.52,-1.23
1.29,-2.54,9.64,0.85,-0.52,-1.23
1.29,-2.54,9.64,0.85,-0.52,-1.23
1.29,-2.54,9.64,0.85,-0.52,-1.23
1.86,-1.91,10.01,0.70,-0.27,-0.74
1.86,-1.91,10.01,0.70,-0.27,-0.74
1.86,-1.91,10.01,0.70,-0.27,-0.74
1.86,-1.91,10.01,0.70,-0.27,-0.74
1.86,-1.91,10.01,0.70,-0.27,-0.74
2.85,-1.28,9.89,0.69,-0.02,-0.38
2.85,-1.28,9.89,0.69,-0.02,-0.38
2.85,-1.28,9.89,0.69,-0.02,-0.38
2.85,-1.28,9.89,0.69,-0.02,-0.38
2.85,-1.28,9.89,0.69,-0.02,-0.38
3.00,-1.18,9.76,0.89,0.40,-0.07
3.00,-1.18,9.76,0.89,0.40,-0.07
3.00,-1.18,9.76,0.89,0.40,-0.07
3.00,-1.18,9.76,0.89,0.40,-0.07
3.00,-1.18,9.76,0.89,0.40,-0.07
3.00,-1.18,9.76,0.89,0.40,-0.07
2.59,-0.34,9.40,1.38,0.44,0.27
2.59,-0.34,9.40,1.38,0.44,0.27
2.59,-0.34,9.40,1.38,0.44,0.27
2.59,-0.34,9.40,1.38,0.44,0.27
2.59,-0.34,9.40,1.38,0.44,0.27
1.16,1.46,11.57,1.77,0.61,0.54
1.16,1.46,11.57,1.77,0.61,0.54
1.16,1.46,11.57,1.77,0.61,0.54
1.16,1.46,11.57,1.77,0.61,0.54
1.16,1.46,11.57,1.77,0.61,0.54
1.16,1.46,11.57,1.77,0.61,0.54
0.65,1.94,10.64,2.00,0.23,1.00
0.65,1.94,10.64,2.00,0.23,1.00
0.65,1.94,10.64,2.00,0.23,1.00
0.65,1.94,10.64,2.00,0.23,1.00
0.65,1.94,10.64,2.00,0.23,1.00
0.66,1.96,8.03,1.37,0.77,1.00
0.66,1.96,8.03,1.37,0.77,1.00
0.66,1.96,8.03,1.37,0.77,1.00
0.66,1.96,8.03,1.37,0.77,1.00
0.66,1.96,8.03,1.37,0.77,1.00
0.66,1.96,8.03,1.37,0.77,1.00
-3.90,6.41,15.33,0.50,1.35,0.51
-3.90,6.41,15.33,0.50,1.35,0.51
-3.90,6.41,15.33,0.50,1.35,0.51
-3.90,6.41,15.33,0.50,1.35,0.51
-3.90,6.41,15.33,0.50,1.35,0.51
-0.61,2.75,6.93,-0.61,0.73,-0.13
-0.61,2.75,6.93,-0.61,0.73,-0.13
-0.61,2.75,6.93,-0.61,0.73,-0.13
-0.61,2.75,6.93,-0.61,0.73,-0.13
-0.61,2.75,6.93,-0.61,0.73,-0.13
-2.53,3.76,10.02,-0.61,0.73,-0.13
-2.53,3.76,10.02,-0.25,0.46,-0.09
-2.53,3.76,10.02,-0.25,0.46,-0.09
-2.53,3.76,10.02,-0.25,0.46,-0.09
-2.53,3.76,10.02,-0.25,0.46,-0.09
-2.53,3.76,10.02,-0.25,0.46,-0.09
-1.89,2.15,9.12,-0.41,0.39,-0.21
-1.89,2.15,9.12,-0.41,0.39,-0.21
-1.89,2.15,9.12,-0.41,0.39,-0.21
-1.89,2.15,9.12,-0.41,0.39,-0.21
-1.89,2.15,9.12,-0.41,0.39,-0.21
-2.66,2.26,9.44,-0.15,0.28,-0.10
-2.66,2.26,9.44,-0.15,0.28,-0.10
-2.66,2.26,9.44,-0.15,0.28,-0.10
-2.66,2.26,9.44,-0.15,0.28,-0.10
-2.66,2.26,9.44,-0.15,0.28,-0.10
-2.66,2.26,9.44,-0.15,0.28,-0.10
-2.53,2.40,9.29,-0.05,0.12,-0.06
-2.53,2.40,9.29,-0.05,0.12,-0.06
-2.53,2.40,9.29,-0.05,0.12,-0.06
-2.53,2.40,9.29,-0.05,0.12,-0.06
-2.53,2.40,9.29,-0.05,0.12,-0.06
-2.84,2.11,9.23,-0.05,0.10,-0.10
-2.84,2.11,9.23,-0.05,0.10,-0.10
-2.84,2.11,9.23,-0.05,0.10,-0.10
-2.84,2.11,9.23,-0.05,0.10,-0.10
-2.84,2.11,9.23,-0.05,0.10,-0.10
-2.61,1.95,9.32,-0.02,-0.00,-0.09
-2.61,1.95,9.32,-0.02,-0.00,-0.09
-2.61,1.95,9.32,-0.02,-0.00,-0.09
-2.61,1.95,9.32,-0.02,-0.00,-0.09
-2.61,1.95,9.32,-0.02,-0.00,-0.09
-2.61,1.95,9.32,-0.02,-0.00,-0.09
-2.29,2.16,9.31,0.02,-0.03,-0.02
-2.29,2.16,9.31,0.02,-0.03,-0.02
-2.29,2.16,9.31,0.02,-0.03,-0.02
-2.29,2.16,9.31,0.02,-0.03,-0.02
-2.29,2.16,9.31,0.02,-0.03,-0.02
-2.50,2.37,9.25,0.07,0.01,0.00
-2.50,2.37,9.25,0.07,0.01,0.00
-2.50,2.37,9.25,0.07,0.01,0.00
-2.50,2.37,9.25,0.07,0.01,0.00
-2.50,2.37,9.25,0.07,0.01,0.00
-2.50,2.37,9.25,0.07,0.01,0.00
-2.47,2.54,9.25,0.08,-0.04,0.02
-2.47,2.54,9.25,0.08,-0.04,0.02
-2.47,2.54,9.25,0.08,-0.04,0.02
-2.47,2.54,9.25,0.08,-0.04,0.02
-2.47,2.54,9.25,0.08,-0.04,0.02
-2.40,2.62,9.24,0.07,-0.06,0.04
-2.40,2.62,9.24,0.07,-0.06,0.04
-2.40,2.62,9.24,0.07,-0.06,0.04
-2.40,2.62,9.24,0.07,-0.06,0.04
-2.40,2.62,9.24,0.07,-0.06,0.04
-2.28,2.67,9.26,0.07,-0.09,0.04
-2.28,2.67,9.26,0.06,-0.09,0.04
-2.28,2.67,9.26,0.06,-0.09,0.04
-2.28,2.67,9.26,0.06,-0.09,0.04
-2.28,2.67,9.26,0.06,-0.09,0.04
-2.28,2.67,9.26,0.06,-0.09,0.04
-2.33,2.59,9.26,0.05,-0.08,0.01
-2.33,2.59,9.26,0.05,-0.08,0.01
-2.33,2.59,9.26,0.05,-0.08,0.01
-2.33,2.59,9.26,0.05,-0.08,0.01
-2.33,2.59,9.26,0.05,-0.08,0.01
-2.21,2.47,9.29,0.02,-0.07,0.02
-2.21,2.47,9.29,0.02,-0.07,0.02
-2.21,2.47,9.29,0.02,-0.07,0.02
-2.21,2.47,9.29,0.02,-0.07,0.02
-2.21,2.47,9.29,0.02,-0.07,0.02
-2.21,2.47,9.29,0.02,-0.07,0.02
-2.17,2.34,9.34,0.01,-0.04,0.02
-2.17,2.34,9.34,0.01,-0.04,0.02
-2.17,2.34,9.34,0.01,-0.04,0.02
-2.17,2.34,9.34,0.01,-0.04,0.02
-2.17,2.34,9.34,0.01,-0.04,0.02
-2.18,2.36,9.32,0.02,-0.01,0.01
-2.18,2.36,9.32,0.02,-0.01,0.01
-2.18,2.36,9.32,0.02,-0.01,0.01
-2.18,2.36,9.32,0.02,-0.01,0.01
-2.18,2.36,9.32,0.02,-0.01,0.01
-2.18,2.36,9.32,0.02,-0.01,0.01
-2.20,2.44,9.32,0.02,-0.00,0.01
-2.20,2.44,9.32,0.02,-0.00,0.01
-2.20,2.44,9.32,0.02,-0.00,0.01
-2.20,2.44,9.32,0.02,-0.00,0.01
-2.20,2.44,9.32,0.02,-0.00,0.01
-2.17,2.55,9.32,0.03,0.01,0.01
-2.17,2.55,9.32,0.03,0.01,0.01
-2.17,2.55,9.32,0.03,0.01,0.01
-2.17,2.55,9.32,0.03,0.01,0.01
-2.17,2.55,9.32,0.03,0.01,0.01
-2.17,2.55,9.32,0.03,0.01,0.01
-2.18,2.65,9.30,0.03,0.02,-0.00
-2.18,2.65,9.30,0.03,0.02,-0.00
-2.18,2.65,9.30,0.03,0.02,-0.00
-2.18,2.65,9.30,0.03,0.02,-0.00
-2.18,2.65,9.30,0.03,0.02,-0.00
-2.30,2.70,9.25,0.03,0.05,-0.01
-2.30,2.70,9.25,0.03,0.05,-0.01
-2.30,2.70,9.25,0.03,0.05,-0.01
-2.30,2.70,9.25,0.03,0.05,-0.01
-2.30,2.70,9.25,0.03,0.05,-0.01
-2.18,2.93,9.24,0.01,-0.10,-0.01
-2.18,2.93,9.24,0.01,-0.10,-0.01
-2.18,2.93,9.24,0.01,-0.10,-0.01
-2.18,2.93,9.24,0.01,-0.10,-0.01
-2.18,2.93,9.24,0.01,-0.10,-0.01
-2.18,2.93,9.24,0.01,-0.10,-0.01
-2.72,3.31,10.02,-0.22,0.02,-0.29
-2.72,3.31,10.02,-0.22,0.02,-0.29
-2.72,3.31,10.02,-0.22,0.02,-0.29
-2.72,3.31,10.02,-0.22,0.02,-0.29
-2.72,3.31,10.02,-0.22,0.02,-0.29
-5.42,3.73,13.17,-0.90,1.12,-0.96
-5.42,3.73,13.17,-0.90,1.12,-0.96
-5.42,3.73,13.17,-0.90,1.12,-0.96
-5.42,3.73,13.17,-0.90,1.12,-0.96
-5.42,3.73,13.17,-0.90,1.12,-0.96
-5.42,3.73,13.17,-0.90,1.12,-0.96
-4.97,-0.26,13.83,-2.17,1.63,-1.68
-4.97,-0.26,13.83,-2.17,1.63,-1.68
-4.97,-0.26,13.83,-2.17,1.63,-1.68
-4.97,-0.26,13.83,-2.17,1.63,-1.68
-4.97,-0.26,13.83,-2.17,1.63,-1.68
-2.09,-3.21,10.88,-3.24,0.84,-1.75
-2.09,-3.21,10.88,-3.24,0.84,-1.75
-2.09,-3.21,10.88,-3.24,0.84,-1.75
-2.09,-3.21,10.88,-3.24,0.84,-1.75
-2.09,-3.21,10.88,-3.24,0.84,-1.75
-3.66,-4.70,7.93,-3.52,1.47,-1.33
-3.66,-4.70,7.93,-3.52,1.47,-1.33
-3.66,-4.70,7.93,-3.52,1.47,-1.33
-3.66,-4.70,7.93,-3.52,1.47,-1.33
-3.66,-4.70,7.93,-3.52,1.47,-1.33
-3.66,-4.70,7.93,-3.52,1.47,-1.33
-3.53,-6.02,5.05,-2.59,0.85,-1.14
-3.53,-6.02,5.05,-2.59,0.85,-1.14
-3.53,-6.02,5.05,-2.59,0.85,-1.14
-3.53,-6.02,5.05,-2.59,0.85,-1.14
-3.53,-6.02,5.05,-2.59,0.85,-1.14
-3.75,-6.72,3.35,-1.52,0.71,-0.35
-3.75,-6.72,3.35,-1.52,0.71,-0.35
-3.75,-6.72,3.35,-1.52,0.71,-0.35
-3.75,-6.72,3.35,-1.52,0.71,-0.35
-3.75,-6.72,3.35,-1.52,0.71,-0.35
-4.48,-7.09,2.04,-1.02,0.06,0.62
-4.48,-7.09,2.04,-1.02,0.06,0.62
-4.48,-7.09,2.04,-1.02,0.06,0.62
-4.48,-7.09,2.04,-1.02,0.06,0.62
-4.48,-7.09,2.04,-1.02,0.06,0.62
-4.48,-7.09,2.04,-1.02,0.06,0.62
-6.06,-5.17,1.37,-0.60,-1.10,1.74
-6.06,-5.17,1.37,-0.60,-1.10,1.74
-6.06,-5.17,1.37,-0.60,-1.10,1.74
-6.06,-5.17,1.37,-0.60,-1.10,1.74
-6.06,-5.17,1.37,-0.60,-1.10,1.74
-8.46,-2.58,2.70,-0.34,-1.58,2.49
-8.46,-2.58,2.70,-0.34,-1.58,2.49
-8.46,-2.58,2.70,-0.34,-1.58,2.49
-8.46,-2.58,2.70,-0.34,-1.58,2.49
-8.46,-2.58,2.70,-0.34,-1.58,2.49
-8.46,-2.58,0.44,-0.34,-1.58,2.49
-9.18,-3.31,0.44,-0.90,-0.29,2.15
-9.18,-3.31,0.44,-0.90,-0.29,2.15
-9.18,-3.31,0.44,-0.90,-0.29,2.15
-9.18,-3.31,0.44,-0.90,-0.29,2.15
-9.18,-3.31,0.44,-0.90,-0.29,2.15
-8.57,-5.24,-0.13,-0.98,0.87,0.60
-8.57,-5.24,-0.13,-0.98,0.87,0.60
-8.57,-5.24,-0.13,-0.98,0.87,0.60
-8.57,-5.24,-0.13,-0.98,0.87,0.60
-8.57,-5.24,-0.13,-0.98,0.87,0.60
-6.29,-5.07,0.92,-0.31,1.06,-0.53
-6.29,-5.07,0.92,-0.31,1.06,-0.53
-6.29,-5.07,0.92,-0.31,1.06,-0.53
-6.29,-5.07,0.92,-0.31,1.06,-0.53
-6.29,-5.07,0.92,-0.31,1.06,-0.53
-6.29,-5.07,0.92,-0.31,1.06,-0.53
-6.90,-5.30,1.07,-0.21,1.15,-0.45
-6.90,-5.30,1.07,-0.21,1.15,-0.45
-6.90,-5.30,1.07,-0.21,1.15,-0.45
-6.90,-5.30,1.07,-0.21,1.15,-0.45
-6.90,-5.30,1.07,-0.21,1.15,-0.45
-8.15,-5.58,0.42,-0.27,1.32,-0.27
-8.15,-5.58,0.42,-0.27,1.32,-0.27
-8.15,-5.58,0.42,-0.27,1.32,-0.27
-8.15,-5.58,0.42,-0.27,1.32,-0.27
-8.15,-5.58,0.42,-0.27,1.32,-0.27
-8.09,-6.04,-0.83,-0.35,0.77,-0.09
-8.09,-6.04,-0.83,-0.35,0.77,-0.09
-8.09,-6.04,-0.83,-0.35,0.77,-0.09
-8.09,-6.04,-0.83,-0.35,0.77,-0.09
-8.09,-6.04,-0.83,-0.35,0.77,-0.09
-8.09,-6.04,-0.83,-0.35,0.77,-0.09
-7.93,-6.08,-1.50,-0.35,0.47,-0.20
-7.93,-6.08,-1.50,-0.35,0.47,-0.20
-7.93,-6.08,-1.50,-0.35,0.47,-0.20
-7.93,-6.08,-1.50,-0.35,0.47,-0.20
-7.93,-6.08,-1.50,-0.35,0.47,-0.20
-7.39,-6.06,-1.87,-0.25,0.26,-0.22
-7.39,-6.06,-1.87,-0.25,0.26,-0.22
-7.39,-6.06,-1.87,-0.25,0.26,-0.22
-7.39,-6.06,-1.87,-0.25,0.26,-0.22
-7.39,-6.06,-1.87,-0.25,0.26,-0.22
-6.97,-5.90,-1.96,-0.25,0.26,-0.06
-6.97,-5.90,-1.96,-0.25,0.21,-0.06
-6.97,-5.90,-1.96,-0.25,0.21,-0.06
-6.97,-5.90,-1.96,-0.25,0.21,-0.06
-6.97,-5.90,-1.96,-0.25,0.21,-0.06
-6.97,-5.90,-1.96,-0.25,0.21,-0.06
-7.28,-5.74,-1.80,-0.22,0.18,0.02
-7.28,-5.74,-1.80,-0.22,0.18,0.02
-7.28,-5.74,-1.80,-0.22,0.18,0.02
-7.28,-5.74,-1.80,-0.22,0.18,0.02
-7.28,-5.74,-1.80,-0.22,0.18,0.02
-7.82,-5.63,-1.70,-0.17,0.01,0.04
-7.82,-5.63,-1.70,-0.17,0.01,0.04
-7.82,-5.63,-1.70,-0.17,0.01,0.04
-7.82,-5.63,-1.70,-0.17,0.01,0.04
-7.82,-5.63,-1.70,-0.17,0.01,0.04
-7.82,-5.63,-1.70,-0.17,0.01,0.04
-8.29,-5.65,-2.16,-0.22,0.08,0.04
-8.29,-5.65,-2.16,-0.22,0.08,0.04
-8.29,-5.65,-2.16,-0.22,0.08,0.04
-8.29,-5.65,-2.16,-0.22,0.08,0.04
-8.29,-5.65,-2.16,-0.22,0.08,0.04
-7.88,-5.72,-2.55,-0.21,0.16,-0.01
-7.88,-5.72,-2.55,-0.21,0.16,-0.01
-7.88,-5.72,-2.55,-0.21,0.16,-0.01
-7.88,-5.72,-2.55,-0.21,0.16,-0.01
-7.88,-5.72,-2.55,-0.21,0.16,-0.01
-7.61,-5.85,-3.21,-0.21,0.16,-0.06
-7.61,-5.85,-3.21,-0.21,0.16,-0.06
-7.61,-5.85,-3.21,-0.21,0.16,-0.06
-7.61,-5.85,-3.21,-0.21,0.16,-0.06
-7.61,-5.85,-3.21,-0.21,0.16,-0.06
-7.61,-5.85,-3.21,-0.21,0.16,-0.06
-7.70,-5.95,-3.25,-0.09,0.08,-0.08
-7.70,-5.95,-3.25,-0.09,0.08,-0.08
-7.70,-5.95,-3.25,-0.09,0.08,-0.08
-7.70,-5.95,-3.25,-0.09,0.08,-0.08
-7.70,-5.95,-3.25,-0.09,0.08,-0.08
-7.64,-5.86,-2.94,0.06,-0.03,-0.05
-7.64,-5.86,-2.94,0.06,-0.03,-0.05
-7.64,-5.86,-2.94,0.06,-0.03,-0.05
-7.64,-5.86,-2.94,0.06,-0.03,-0.05
-7.64,-5.86,-2.94,0.06,-0.03,-0.05
-7.71,-6.10,-3.07,0.15,-0.04,-0.11
-7.71,-6.10,-3.07,0.15,-0.04,-0.11
-7.71,-6.10,-3.07,0.15,-0.04,-0.11
-7.71,-6.10,-3.07,0.15,-0.04,-0.11
-7.71,-6.10,-3.07,0.15,-0.04,-0.11
-7.71,-6.10,-3.07,0.15,-0.04,-0.11
-7.80,-6.33,-3.72,0.51,-0.24,-0.35
-7.80,-6.33,-3.72,0.51,-0.24,-0.35
-7.80,-6.33,-3.72,0.51,-0.24,-0.35
-7.80,-6.33,-3.72,0.51,-0.24,-0.35
-7.80,-6.33,-3.72,0.51,-0.24,-0.35
-7.14,-5.82,-3.93,1.28,-0.61,-0.83
-7.14,-5.82,-3.93,1.28,-0.61,-0.83
-7.14,-5.82,-3.93,1.28,-0.61,-0.83
-7.14,-5.82,-3.93,1.28,-0.61,-0.83
-7.14,-5.82,-3.93,1.28,-0.61,-0.83
-7.14,-5.82,-3.93,1.28,-0.61,-0.83
-5.57,-5.30,-2.47,2.14,-0.84,-1.39
-5.57,-5.30,-2.47,2.14,-0.84,-1.39
-5.57,-5.30,-2.47,2.14,-0.84,-1.39
-5.57,-5.30,-2.47,2.14,-0.84,-1.39
-5.57,-5.30,-2.47,2.14,-0.84,-1.39
-4.18,-5.57,0.42,2.49,-0.99,-1.43
-4.18,-5.57,0.42,2.49,-0.99,-1.43
-4.18,-5.57,0.42,2.49,-0.99,-1.43
-4.18,-5.57,0.42,2.49,-0.99,-1.43
-4.18,-5.57,0.42,2.49,-0.99,-1.43
-3.28,-5.27,2.87,2.45,-1.43,-1.04
-3.28,-5.27,2.87,2.45,-1.43,-1.04
-3.28,-5.27,2.87,2.45,-1.43,-1.04
-3.28,-5.27,2.87,2.45,-1.43,-1.04
-3.28,-5.27,2.87,2.45,-1.43,-1.04
-3.28,-5.27,2.87,2.45,-1.43,-1.04
-3.53,-4.75,5.17,2.27,-1.35,-0.81
-3.53,-4.75,5.17,2.27,-1.35,-0.81
-3.53,-4.75,5.17,2.27,-1.35,-0.81
-3.53,-4.75,5.17,2.27,-1.35,-0.81
-3.53,-4.75,5.17,2.27,-1.35,-0.81
-1.87,-4.18,7.62,2.04,-1.53,-0.68
-1.87,-4.18,7.62,2.04,-1.53,-0.68
-1.87,-4.18,7.62,2.04,-1.53,-0.68
-1.87,-4.18,7.62,2.04,-1.53,-0.68
-1.87,-4.18,7.62,2.04,-1.53,-0.68
0.01,-3.98,9.19,1.77,-1.28,-0.30
0.01,-3.98,9.19,1.77,-1.28,-0.30
0.01,-3.98,9.19,1.77,-1.28,-0.30
0.01,-3.98,9.19,1.77,-1.28,-0.30
0.01,-3.98,9.19,1.77,-1.28,-0.30
0.01,-3.98,9.19,1.77,-1.28,-0.30
0.79,-3.13,10.14,1.63,-0.69,0.11
0.79,-3.13,10.14,1.63,-0.69,0.11
0.79,-3.13,10.14,1.63,-0.69,0.11
0.79,-3.13,10.14,1.63,-0.69,0.11
0.79,-3.13,10.14,1.63,-0.69,0.11
0.75,-1.47,10.76,1.97,-0.42,0.48
0.75,-1.47,10.76,1.97,-0.42,0.48
0.75,-1.47,10.76,1.97,-0.42,0.48
0.75,-1.47,10.76,1.97,-0.42,0.48
0.75,-1.47,10.76,1.97,-0.42,0.48
0.75,-0.10,10.35,1.97,-0.42,0.48
1.33,-0.10,10.35,2.11,-0.49,0.84
1.33,-0.10,10.35,2.11,-0.49,0.84
1.33,-0.10,10.35,2.11,-0.49,0.84
1.33,-0.10,10.35,2.11,-0.49,0.84
1.33,-0.10,10.35,2.11,-0.49,0.84
-0.04,1.47,11.86,1.99,0.27,1.04
-0.04,1.47,11.86,1.99,0.27,1.04
-0.04,1.47,11.86,1.99,0.27,1.04
-0.04,1.47,11.86,1.99,0.27,1.04
-0.04,1.47,11.86,1.99,0.27,1.04
-1.44,2.34,11.32,1.40,0.23,1.05
-1.44,2.34,11.32,1.40,0.23,1.05
-1.44,2.34,11.32,1.40,0.23,1.05
-1.44,2.34,11.32,1.40,0.23,1.05
-1.44,2.34,11.32,1.40,0.23,1.05
-1.44,2.34,11.32,1.40,0.23,1.05
-0.67,2.40,9.25,0.80,0.19,0.93
-0.67,2.40,9.25,0.80,0.19,0.93
-0.67,2.40,9.25,0.80,0.19,0.93
-0.67,2.40,9.25,0.80,0.19,0.93
-0.67,2.40,9.25,0.80,0.19,0.93
-3.04,3.87,14.67,0.27,0.91,0.36
-3.04,3.87,14.67,0.27,0.91,0.36
-3.04,3.87,14.67,0.27,0.91,0.36
-3.04,3.87,14.67,0.27,0.91,0.36
-3.04,3.87,14.67,0.27,0.91,0.36
-3.04,3.87,14.67,0.27,0.91,0.36
-1.98,1.53,8.06,-0.46,0.91,-0.14
-1.98,1.53,8.06,-0.46,0.91,-0.14
-1.98,1.53,8.06,-0.46,0.91,-0.14
-1.98,1.53,8.06,-0.46,0.91,-0.14
-1.98,1.53,8.06,-0.46,0.91,-0.14
-3.38,2.81,9.70,-0.05,0.35,-0.05
-3.38,2.81,9.70,-0.05,0.35,-0.05
-3.38,2.81,9.70,-0.05,0.35,-0.05
-3.38,2.81,9.70,-0.05,0.35,-0.05
-3.38,2.81,9.70,-0.05,0.35,-0.05
-3.38,2.81,9.70,-0.05,0.35,-0.05
-1.29,2.29,9.41,-0.13,-0.21,-0.04
-1.29,2.29,9.41,-0.13,-0.21,-0.04
-1.29,2.29,9.41,-0.13,-0.21,-0.04
-1.29,2.29,9.41,-0.13,-0.21,-0.04
-1.29,2.29,9.41,-0.13,-0.21,-0.04
-1.86,2.04,9.49,-0.09,0.08,-0.12
-1.86,2.04,9.49,-0.09,0.08,-0.12
-1.86,2.04,9.49,-0.09,0.08,-0.12
-1.86,2.04,9.49,-0.09,0.08,-0.12
-1.86,2.04,9.49,-0.09,0.08,-0.12
-2.75,1.82,9.40,-0.07,0.25,-0.08
-2.75,1.82,9.40,-0.07,0.25,-0.08
-2.75,1.82,9.40,-0.07,0.25,-0.08
-2.75,1.82,9.40,-0.07,0.25,-0.08
-2.75,1.82,9.40,-0.07,0.25,-0.08
-2.75,1.82,9.40,-0.07,0.25,-0.08
-2.71,1.82,9.44,-0.03,0.14,-0.07
-2.71,1.82,9.44,-0.03,0.14,-0.07
-2.71,1.82,9.44,-0.03,0.14,-0.07
-2.71,1.82,9.44,-0.03,0.14,-0.07
-2.71,1.82,9.44,-0.03,0.14,-0.07
-2.66,1.75,9.40,0.00,0.04,-0.04
-2.66,1.75,9.40,0.00,0.04,-0.04
-2.66,1.75,9.40,0.00,0.04,-0.04
-2.66,1.75,9.40,0.00,0.04,-0.04
-2.66,1.75,9.40,0.00,0.04,-0.04
-2.66,1.75,9.40,0.00,0.04,-0.04
-2.34,2.04,9.38,0.06,-0.04,-0.01
-2.34,2.04,9.38,0.06,-0.04,-0.01
-2.34,2.04,9.38,0.06,-0.04,-0.01
-2.34,2.04,9.38,0.06,-0.04,-0.01
-2.34,2.04,9.38,0.06,-0.04,-0.01
-2.28,2.22,9.30,0.09,-0.04,0.03
-2.28,2.22,9.30,0.09,-0.04,0.03
-2.28,2.22,9.30,0.09,-0.04,0.03
-2.28,2.22,9.30,0.09,-0.04,0.03
-2.28,2.22,9.30,0.09,-0.04,0.03
-2.25,2.33,9.38,0.10,-0.00,0.09
-2.25,2.33,9.38,0.10,-0.00,0.09
-2.25,2.33,9.38,0.10,-0.00,0.09
-2.25,2.33,9.38,0.10,-0.00,0.09
-2.25,2.33,9.38,0.10,-0.00,0.09
-2.25,2.33,9.38,0.10,-0.00,0.09
-2.54,2.39,9.30,0.09,0.06,0.09
-2.54,2.39,9.30,0.09,0.06,0.09
-2.54,2.39,9.30,0.09,0.06,0.09
-2.54,2.39,9.30,0.09,0.06,0.09
-2.54,2.39,9.30,0.09,0.06,0.09
-2.50,2.37,9.26,0.07,-0.01,0.07
-2.50,2.37,9.26,0.07,-0.01,0.07
-2.50,2.37,9.26,0.07,-0.01,0.07
-2.50,2.37,9.26,0.07,-0.01,0.07
-2.50,2.37,9.26,0.07,-0.01,0.07
-2.28,2.30,9.34,0.07,-0.01,0.07
-2.28,2.30,9.34,0.03,-0.05,0.06
-2.28,2.30,9.34,0.03,-0.05,0.06
-2.28,2.30,9.34,0.03,-0.05,0.06
-2.28,2.30,9.34,0.03,-0.05,0.06
-2.28,2.30,9.34,0.03,-0.05,0.06
-2.39,2.22,9.34,0.01,0.01,0.03
-2.39,2.22,9.34,0.01,0.01,0.03
-2.39,2.22,9.34,0.01,0.01,0.03
-2.39,2.22,9.34,0.01,0.01,0.03
-2.39,2.22,9.34,0.01,0.01,0.03
-2.34,2.25,9.30,0.03,0.01,0.03
-2.34,2.25,9.30,0.03,0.01,0.03
-2.34,2.25,9.30,0.03,0.01,0.03
-2.34,2.25,9.30,0.03,0.01,0.03
-2.34,2.25,9.30,0.03,0.01,0.03
-2.34,2.25,9.30,0.03,0.01,0.03
-2.29,2.25,9.21,0.05,0.05,0.03
-2.29,2.25,9.21,0.05,0.05,0.03
-2.29,2.25,9.21,0.05,0.05,0.03
-2.29,2.25,9.21,0.05,0.05,0.03
-2.29,2.25,9.21,0.05,0.05,0.03
-2.59,2.51,9.38,0.09,0.12,0.05
-2.59,2.51,9.38,0.09,0.12,0.05
-2.59,2.51,9.38,0.09,0.12,0.05
-2.59,2.51,9.38,0.09,0.12,0.05
-2.59,2.51,9.38,0.09,0.12,0.05
-2.59,2.51,9.38,0.09,0.12,0.05
-2.60,2.61,9.20,0.09,0.05,0.03
-2.60,2.61,9.20,0.09,0.05,0.03
-2.60,2.61,9.20,0.09,0.05,0.03
-2.60,2.61,9.20,0.09,0.05,0.03
-2.60,2.61,9.20,0.09,0.05,0.03
-2.50,2.63,9.24,0.07,-0.01,-0.01
-2.50,2.63,9.24,0.07,-0.01,-0.01
-2.50,2.63,9.24,0.07,-0.01,-0.01
-2.50,2.63,9.24,0.07,-0.01,-0.01
-2.50,2.63,9.24,0.07,-0.01,-0.01
-2.50,2.63,9.24,0.07,-0.01,-0.01
-2.60,2.66,9.23,0.06,-0.01,-0.03
-2.60,2.66,9.23,0.06,-0.01,-0.03
-2.60,2.66,9.23,0.06,-0.01,-0.03
-2.60,2.66,9.23,0.06,-0.01,-0.03
-2.60,2.66,9.23,0.06,-0.01,-0.03
-2.45,2.67,9.21,0.04,-0.09,-0.02
-2.45,2.67,9.21,0.04,-0.09,-0.02
-2.45,2.67,9.21,0.04,-0.09,-0.02
-2.45,2.67,9.21,0.04,-0.09,-0.02
-2.45,2.67,9.21,0.04,-0.09,-0.02
-2.32,2.61,9.27,0.04,-0.13,-0.04
-2.32,2.61,9.27,0.04,-0.13,-0.04
-2.32,2.61,9.27,0.04,-0.13,-0.04
-2.32,2.61,9.27,0.04,-0.13,-0.04
-2.32,2.61,9.27,0.04,-0.13,-0.04
-2.32,2.61,9.27,0.04,-0.13,-0.04
-1.90,2.90,9.92,0.06,-0.07,-0.10
-1.90,2.90,9.92,0.06,-0.07,-0.10
-1.90,2.90,9.92,0.06,-0.07,-0.10
-1.90,2.90,9.92,0.06,-0.07,-0.10
-1.90,2.90,9.92,0.06,-0.07,-0.10
-4.11,4.55,12.41,-0.39,0.44,-0.57
-4.11,4.55,12.41,-0.39,0.44,-0.57
-4.11,4.55,12.41,-0.39,0.44,-0.57
-4.11,4.55,12.41,-0.39,0.44,-0.57
-4.11,4.55,12.41,-0.39,0.44,-0.57
-4.11,4.55,12.41,-0.39,0.44,-0.57
-5.34,1.15,13.62,-2.28,0.95,-1.12
-5.34,1.15,13.62,-2.28,0.95,-1.12
-5.34,1.15,13.62,-2.28,0.95,-1.12
-5.34,1.15,13.62,-2.28,0.95,-1.12
-5.34,1.15,13.62,-2.28,0.95,-1.12
-3.33,-1.36,12.30,-3.81,1.13,-1.67
-3.33,-1.36,12.30,-3.81,1.13,-1.67
-3.33,-1.36,12.30,-3.81,1.13,-1.67
-3.33,-1.36,12.30,-3.81,1.13,-1.67
-3.33,-1.36,12.30,-3.81,1.13,-1.67
-1.60,-3.44,8.50,-4.42,1.38,-1.74
-1.60,-3.44,8.50,-4.42,1.38,-1.74
-1.60,-3.44,8.50,-4.42,1.38,-1.74
-1.60,-3.44,8.50,-4.42,1.38,-1.74
-1.60,-3.44,8.50,-4.42,1.38,-1.74
-1.60,-3.44,8.50,-4.42,1.38,-1.74
-2.92,-6.08,4.55,-3.90,1.46,-1.21
-2.92,-6.08,4.55,-3.90,1.46,-1.21
-2.92,-6.08,4.55,-3.90,1.46,-1.21
-2.92,-6.08,4.55,-3.90,1.46,-1.21
-2.92,-6.08,4.55,-3.90,1.46,-1.21
-4.31,-7.95,1.49,-2.87,1.54,-0.71
-4.31,-7.95,1.49,-2.87,1.54,-0.71
-4.31,-7.95,1.49,-2.87,1.54,-0.71
-4.31,-7.95,1.49,-2.87,1.54,-0.71
-4.31,-7.95,1.49,-2.87,1.54,-0.71
-2.44,-8.06,-1.23,-2.87,1.54,-0.71
-2.44,-8.06,-1.23,-1.81,0.72,-0.39
-2.44,-8.06,-1.23,-1.81,0.72,-0.39
-2.44,-8.06,-1.23,-1.81,0.72,-0.39
-2.44,-8.06,-1.23,-1.81,0.72,-0.39
-2.44,-8.06,-1.23,-1.81,0.72,-0.39
-2.30,-7.70,-2.68,-1.36,0.51,0.32
-2.30,-7.70,-2.68,-1.36,0.51,0.32
-2.30,-7.70,-2.68,-1.36,0.51,0.32
-2.30,-7.70,-2.68,-1.36,0.51,0.32
-2.30,-7.70,-2.68,-1.36,0.51,0.32
-3.97,-6.80,-2.77,-1.36,0.93,0.99
-3.97,-6.80,-2.77,-1.36,0.93,0.99
-3.97,-6.80,-2.77,-1.36,0.93,0.99
-3.97,-6.80,-2.77,-1.36,0.93,0.99
-3.97,-6.80,-2.77,-1.36,0.93,0.99
-3.97,-6.80,-2.77,-1.36,0.93,0.99
-5.41,-5.55,-3.37,-1.26,1.37,1.37
-5.41,-5.55,-3.37,-1.26,1.37,1.37
-5.41,-5.55,-3.37,-1.26,1.37,1.37
-5.41,-5.55,-3.37,-1.26,1.37,1.37
-5.41,-5.55,-3.37,-1.26,1.37,1.37
-5.93,-4.04,-4.47,-1.53,0.37,1.27
-5.93,-4.04,-4.47,-1.53,0.37,1.27
-5.93,-4.04,-4.47,-1.53,0.37,1.27
-5.93,-4.04,-4.47,-1.53,0.37,1.27
-5.93,-4.04,-4.47,-1.53,0.37,1.27
-6.79,-3.78,-7.09,-1.75,0.56,0.87
-6.79,-3.78,-7.09,-1.75,0.56,0.87
-6.79,-3.78,-7.09,-1.75,0.56,0.87
-6.79,-3.78,-7.09,-1.75,0.56,0.87
-6.79,-3.78,-7.09,-1.75,0.56,0.87
-6.79,-3.78,-7.09,-1.75,0.56,0.87
-6.35,-5.32,-8.35,-1.17,1.15,0.11
-6.35,-5.32,-8.35,-1.17,1.15,0.11
-6.35,-5.32,-8.35,-1.17,1.15,0.11
-6.35,-5.32,-8.35,-1.17,1.15,0.11
-6.35,-5.32,-8.35,-1.17,1.15,0.11
-3.51,-4.21,-6.71,0.14,0.71,-0.45
-3.51,-4.21,-6.71,0.14,0.71,-0.45
-3.51,-4.21,-6.71,0.14,0.71,-0.45
-3.51,-4.21,-6.71,0.14,0.71,-0.45
-3.51,-4.21,-6.71,0.14,0.71,-0.45
-3.51,-4.21,-6.71,0.14,0.71,-0.45
-4.02,-5.00,-7.44,-0.09,0.24,-0.38
-4.02,-5.00,-7.44,-0.09,0.24,-0.38
-4.02,-5.00,-7.44,-0.09,0.24,-0.38
-4.02,-5.00,-7.44,-0.09,0.24,-0.38
-4.02,-5.00,-7.44,-0.09,0.24,-0.38
-3.65,-5.24,-7.11,0.09,-0.18,-0.26
-3.65,-5.24,-7.11,0.09,-0.18,-0.26
-3.65,-5.24,-7.11,0.09,-0.18,-0.26
-3.65,-5.24,-7.11,0.09,-0.18,-0.26
-3.65,-5.24,-7.11,0.09,-0.18,-0.26
-4.03,-5.39,-7.37,0.24,-0.25,-0.10
-4.03,-5.39,-7.37,0.24,-0.25,-0.10
-4.03,-5.39,-7.37,0.24,-0.25,-0.10
-4.03,-5.39,-7.37,0.24,-0.25,-0.10
-4.03,-5.39,-7.37,0.24,-0.25,-0.10
-4.03,-5.39,-7.37,0.24,-0.25,-0.10
-4.52,-5.55,-6.51,0.31,-0.15,0.00
-4.52,-5.55,-6.51,0.31,-0.15,0.00
-4.52,-5.55,-6.51,0.31,-0.15,0.00
-4.52,-5.55,-6.51,0.31,-0.15,0.00
-4.52,-5.55,-6.51,0.31,-0.15,0.00
-4.83,-5.57,-6.06,0.13,-0.03,-0.10
-4.83,-5.57,-6.06,0.13,-0.03,-0.10
-4.83,-5.57,-6.06,0.13,-0.03,-0.10
-4.83,-5.57,-6.06,0.13,-0.03,-0.10
-4.83,-5.57,-6.06,0.13,-0.03,-0.10
-4.67,-5.30,-5.95,0.06,-0.10,-0.08
-4.67,-5.30,-5.95,0.06,-0.10,-0.08
-4.67,-5.30,-5.95,0.06,-0.10,-0.08
-4.67,-5.30,-5.95,0.06,-0.10,-0.08
-4.67,-5.30,-5.95,0.06,-0.10,-0.08
-4.67,-5.30,-5.95,0.06,-0.10,-0.08
-4.66,-5.28,-6.06,-0.02,-0.15,-0.00
-4.66,-5.28,-6.06,-0.02,-0.15,-0.00
-4.66,-5.28,-6.06,-0.02,-0.15,-0.00
-4.66,-5.28,-6.06,-0.02,-0.15,-0.00
-4.66,-5.28,-6.06,-0.02,-0.15,-0.00
-4.93,-5.51,-6.38,-0.07,-0.15,-0.03
-4.93,-5.51,-6.38,-0.07,-0.15,-0.03
-4.93,-5.51,-6.38,-0.07,-0.15,-0.03
-4.93,-5.51,-6.38,-0.07,-0.15,-0.03
-4.93,-5.51,-6.38,-0.07,-0.15,-0.03
-5.14,-5.41,-6.25,0.02,-0.15,0.03
-5.14,-5.41,-6.25,0.02,-0.15,0.03
-5.14,-5.41,-6.25,0.02,-0.15,0.03
-5.14,-5.41,-6.25,0.02,-0.15,0.03
-5.14,-5.41,-6.25,0.02,-0.15,0.03
-5.14,-5.41,-6.25,0.02,-0.15,0.03
-5.52,-5.72,-6.35,0.01,-0.17,0.02
-5.52,-5.72,-6.35,0.01,-0.17,0.02
-5.52,-5.72,-6.35,0.01,-0.17,0.02
-5.52,-5.72,-6.35,0.01,-0.17,0.02
-5.52,-5.72,-6.35,0.01,-0.17,0.02
-5.21,-5.69,-6.47,0.09,-0.18,-0.02
-5.21,-5.69,-6.47,0.09,-0.18,-0.02
-5.21,-5.69,-6.47,0.09,-0.18,-0.02
-5.21,-5.69,-6.47,0.09,-0.18,-0.02
-5.21,-5.69,-6.47,0.09,-0.18,-0.02
-5.21,-5.69,-6.47,0.09,-0.18,-0.02
-4.79,-5.80,-6.44,0.20,-0.19,-0.02
-4.79,-5.80,-6.44,0.20,-0.19,-0.02
-4.79,-5.80,-6.44,0.20,-0.19,-0.02
-4.79,-5.80,-6.44,0.20,-0.19,-0.02
-4.79,-5.80,-6.44,0.20,-0.19,-0.02
-4.57,-6.00,-6.23,0.40,-0.25,-0.05
-4.57,-6.00,-6.23,0.40,-0.25,-0.05
-4.57,-6.00,-6.23,0.40,-0.25,-0.05
-4.57,-6.00,-6.23,0.40,-0.25,-0.05
-4.57,-6.00,-6.23,0.40,-0.25,-0.05
-4.87,-6.21,-6.48,0.78,-0.36,-0.08
-4.87,-6.21,-6.48,0.78,-0.36,-0.08
-4.87,-6.21,-6.48,0.78,-0.36,-0.08
-4.87,-6.21,-6.48,0.78,-0.36,-0.08
-4.87,-6.21,-6.48,0.78,-0.36,-0.08
-4.87,-6.21,-6.48,0.78,-0.36,-0.08
-5.12,-6.23,-6.04,1.41,-0.51,-0.23
-5.12,-6.23,-6.04,1.41,-0.51,-0.23
-5.12,-6.23,-6.04,1.41,-0.51,-0.23
-5.12,-6.23,-6.04,1.41,-0.51,-0.23
-5.12,-6.23,-6.04,1.41,-0.51,-0.23
-5.37,-6.41,-4.45,2.05,-1.06,-0.35
-5.37,-6.41,-4.45,2.05,-1.06,-0.35
-5.37,-6.41,-4.45,2.05,-1.06,-0.35
-5.37,-6.41,-4.45,2.05,-1.06,-0.35
-5.37,-6.41,-4.45,2.05,-1.06,-0.35
-4.93,-6.43,-2.16,2.05,-1.55,-0.46
-4.93,-6.43,-2.16,2.44,-1.55,-0.46
-4.93,-6.43,-2.16,2.44,-1.55,-0.46
-4.93,-6.43,-2.16,2.44,-1.55,-0.46
-4.93,-6.43,-2.16,2.44,-1.55,-0.46
-4.93,-6.43,-2.16,2.44,-1.55,-0.46
-4.62,-6.51,0.18,2.50,-1.78,-0.50
-4.62,-6.51,0.18,2.50,-1.78,-0.50
-4.62,-6.51,0.18,2.50,-1.78,-0.50
-4.62,-6.51,0.18,2.50,-1.78,-0.50
-4.62,-6.51,0.18,2.50,-1.78,-0.50
-4.14,-5.84,2.19,2.59,-2.19,-0.52
-4.14,-5.84,2.19,2.59,-2.19,-0.52
-4.14,-5.84,2.19,2.59,-2.19,-0.52
-4.14,-5.84,2.19,2.59,-2.19,-0.52
-4.14,-5.84,2.19,2.59,-2.19,-0.52
-3.18,-4.43,4.78,2.59,-2.37,-0.63
-3.18,-4.43,4.78,2.72,-2.37,-0.63
-3.18,-4.43,4.78,2.72,-2.37,-0.63
-3.18,-4.43,4.78,2.72,-2.37,-0.63
-3.18,-4.43,4.78,2.72,-2.37,-0.63
-3.18,-4.43,4.78,2.72,-2.37,-0.63
-1.26,-3.38,7.13,2.68,-2.34,-0.66
-1.26,-3.38,7.13,2.68,-2.34,-0.66
-1.26,-3.38,7.13,2.68,-2.34,-0.66
-1.26,-3.38,7.13,2.68,-2.34,-0.66
-1.26,-3.38,7.13,2.68,-2.34,-0.66
0.67,-1.76,9.12,2.41,-1.86,-0.59
0.67,-1.76,9.12,2.41,-1.86,-0.59
0.67,-1.76,9.12,2.41,-1.86,-0.59
0.67,-1.76,9.12,2.41,-1.86,-0.59
0.67,-1.76,9.12,2.41,-1.86,-0.59
0.67,-1.76,9.12,2.41,-1.86,-0.59
2.17,-0.18,10.44,2.06,-0.92,-0.43
2.17,-0.18,10.44,2.06,-0.92,-0.43
2.17,-0.18,10.44,2.06,-0.92,-0.43
2.17,-0.18,10.44,2.06,-0.92,-0.43
2.17,-0.18,10.44,2.06,-0.92,-0.43
3.19,0.33,10.99,1.85,-0.23,-0.19
3.19,0.33,10.99,1.85,-0.23,-0.19
3.19,0.33,10.99,1.85,-0.23,-0.19
3.19,0.33,10.99,1.85,-0.23,-0.19
3.19,0.33,10.99,1.85,-0.23,-0.19
3.78,0.63,11.74,1.93,0.19,0.29
3.78,0.63,11.74,1.93,0.19,0.29
3.78,0.63,11.74,1.93,0.19,0.29
3.78,0.63,11.74,1.93,0.19,0.29
3.78,0.63,11.74,1.93,0.19,0.29
3.78,0.63,11.74,1.93,0.19,0.29
2.02,3.30,11.15,1.78,0.32,0.76
2.02,3.30,11.15,1.78,0.32,0.76
2.02,3.30,11.15,1.78,0.32,0.76
2.02,3.30,11.15,1.78,0.32,0.76
2.02,3.30,11.15,1.78,0.32,0.76
0.94,3.92,10.27,1.38,0.46,0.95
0.94,3.92,10.27,1.38,0.46,0.95
0.94,3.92,10.27,1.38,0.46,0.95
0.94,3.92,10.27,1.38,0.46,0.95
0.94,3.92,10.27,1.38,0.46,0.95
0.94,3.92,10.27,1.38,0.46,0.95
-0.54,3.31,8.38,0.78,1.03,0.81
-0.54,3.31,8.38,0.78,1.03,0.81
-0.54,3.31,8.38,0.78,1.03,0.81
-0.54,3.31,8.38,0.78,1.03,0.81
-0.54,3.31,8.38,0.78,1.03,0.81
-3.55,5.76,14.43,0.17,1.38,0.22
-3.55,5.76,14.43,0.17,1.38,0.22
-3.55,5.76,14.43,0.17,1.38,0.22
-3.55,5.76,14.43,0.17,1.38,0.22
-3.55,5.76,14.43,0.17,1.38,0.22
-0.16,2.40,7.99,-0.73,0.54,-0.06
-0.16,2.40,7.99,-0.73,0.54,-0.06
-0.16,2.40,7.99,-0.73,0.54,-0.06
-0.16,2.40,7.99,-0.73,0.54,-0.06
-0.16,2.40,7.99,-0.73,0.54,-0.06
-0.16,2.40,7.99,-0.73,0.54,-0.06
-2.70,3.06,9.85,-0.23,0.36,-0.09
-2.70,3.06,9.85,-0.23,0.36,-0.09
-2.70,3.06,9.85,-0.23,0.36,-0.09
-2.70,3.06,9.85,-0.23,0.36,-0.09
-2.70,3.06,9.85,-0.23,0.36,-0.09
-1.44,2.54,9.30,-0.18,-0.13,-0.07
-1.44,2.54,9.30,-0.18,-0.13,-0.07
-1.44,2.54,9.30,-0.18,-0.13,-0.07
-1.44,2.54,9.30,-0.18,-0.13,-0.07
-1.44,2.54,9.30,-0.18,-0.13,-0.07
-1.44,2.54,9.30,-0.18,-0.13,-0.07
-1.17,2.68,9.40,-0.06,-0.09,-0.05
-1.17,2.68,9.40,-0.06,-0.09,-0.05
-1.17,2.68,9.40,-0.06,-0.09,-0.05
-1.17,2.68,9.40,-0.06,-0.09,-0.05
-1.17,2.68,9.40,-0.06,-0.09,-0.05
-1.66,2.52,9.50,-0.05,0.05,-0.08
-1.66,2.52,9.50,-0.05,0.05,-0.08
-1.66,2.52,9.50,-0.05,0.05,-0.08
-1.66,2.52,9.50,-0.05,0.05,-0.08
-1.66,2.52,9.50,-0.05,0.05,-0.08
-1.70,2.41,9.40,-0.03,0.02,-0.06
-1.70,2.41,9.40,-0.03,0.02,-0.06
-1.70,2.41,9.40,-0.03,0.02,-0.06
-1.70,2.41,9.40,-0.03,0.02,-0.06
-1.70,2.41,9.40,-0.03,0.02,-0.06
-1.70,2.41,9.40,-0.03,0.02,-0.06
-1.46,2.49,9.45,0.01,-0.04,-0.03
-1.46,2.49,9.45,0.01,-0.04,-0.03
-1.46,2.49,9.45,0.01,-0.04,-0.03
-1.46,2.49,9.45,0.01,-0.04,-0.03
-1.46,2.49,9.45,0.01,-0.04,-0.03
-1.41,2.66,9.39,0.04,-0.04,-0.01
-1.41,2.66,9.39,0.04,-0.04,-0.01
-1.41,2.66,9.39,0.04,-0.04,-0.01
-1.41,2.66,9.39,0.04,-0.04,-0.01
-1.41,2.66,9.39,0.04,-0.04,-0.01
-1.48,2.72,9.39,0.05,-0.03,-0.01
-1.48,2.72,9.39,0.05,-0.03,-0.01
-1.48,2.72,9.39,0.05,-0.03,-0.01
-1.48,2.72,9.39,0.05,-0.03,-0.01
-1.48,2.72,9.39,0.05,-0.03,-0.01
-1.48,2.72,9.39,0.05,-0.03,-0.01
-1.31,2.79,9.37,0.05,-0.06,0.01
-1.31,2.79,9.37,0.05,-0.06,0.01
-1.31,2.79,9.37,0.05,-0.06,0.01
-1.31,2.79,9.37,0.05,-0.06,0.01
-1.31,2.79,9.37,0.05,-0.06,0.01
-1.25,2.81,9.39,0.04,-0.05,0.01
-1.25,2.81,9.39,0.04,-0.05,0.01
-1.25,2.81,9.39,0.04,-0.05,0.01
-1.25,2.81,9.39,0.04,-0.05,0.01
-1.25,2.81,9.39,0.04,-0.05,0.01
-1.25,2.81,9.39,0.04,-0.05,0.01
-1.32,2.76,9.38,0.03,-0.03,0.02
-1.32,2.76,9.38,0.03,-0.03,0.02
-1.32,2.76,9.38,0.03,-0.03,0.02
-1.32,2.76,9.38,0.03,-0.03,0.02
-1.32,2.76,9.38,0.03,-0.03,0.02
-1.29,2.67,9.42,0.01,-0.01,0.02
-1.29,2.67,9.42,0.01,-0.01,0.02
-1.29,2.67,9.42,0.01,-0.01,0.02
-1.29,2.67,9.42,0.01,-0.01,0.02
-1.29,2.67,9.42,0.01,-0.01,0.02
-1.29,2.67,9.42,0.01,-0.01,0.02
-1.32,2.58,9.43,0.00,0.00,0.01
-1.32,2.58,9.43,0.00,0.00,0.01
-1.32,2.58,9.43,0.00,0.00,0.01
-1.32,2.58,9.43,0.00,0.00,0.01
-1.32,2.58,9.43,0.00,0.00,0.01
-1.30,2.59,9.43,0.01,0.01,0.00
-1.30,2.59,9.43,0.01,0.01,0.00
-1.30,2.59,9.43,0.01,0.01,0.00
-1.30,2.59,9.43,0.01,0.01,0.00
-1.30,2.59,9.43,0.01,0.01,0.00
-1.36,2.65,9.43,0.02,0.02,-0.01
-1.36,2.65,9.43,0.02,0.02,-0.01
-1.36,2.65,9.43,0.02,0.02,-0.01
-1.36,2.65,9.43,0.02,0.02,-0.01
-1.36,2.65,9.43,0.02,0.02,-0.01
-1.36,2.65,9.43,0.02,0.02,-0.01
-1.35,2.72,9.42,0.03,0.01,-0.02
-1.35,2.72,9.42,0.03,0.01,-0.02
-1.35,2.72,9.42,0.03,0.01,-0.02
-1.35,2.72,9.42,0.03,0.01,-0.02
-1.35,2.72,9.42,0.03,0.01,-0.02
-1.36,2.79,9.41,0.04,-0.00,-0.02
-1.36,2.79,9.41,0.04,-0.00,-0.02
-1.36,2.79,9.41,0.04,-0.00,-0.02
-1.36,2.79,9.41,0.04,-0.00,-0.02
-1.36,2.79,9.41,0.04,-0.00,-0.02
-1.36,2.79,9.41,0.04,-0.00,-0.02
-1.33,2.84,9.37,0.03,-0.00,-0.02
-1.33,2.84,9.37,0.03,-0.00,-0.02
-1.33,2.84,9.37,0.03,-0.00,-0.02
-1.33,2.84,9.37,0.03,-0.00,-0.02
-1.33,2.84,9.37,0.03,-0.00,-0.02
-1.34,2.82,9.39,-0.00,0.02,-0.03
-1.34,2.82,9.39,-0.00,0.02,-0.03
-1.34,2.82,9.39,-0.00,0.02,-0.03
-1.34,2.82,9.39,-0.00,0.02,-0.03
-1.34,2.82,9.39,-0.00,0.02,-0.03
-1.35,2.66,9.44,-0.00,0.01,-0.03
-1.35,2.66,9.44,-0.00,0.01,-0.03
-1.35,2.66,9.44,-0.00,0.01,-0.03
-1.35,2.66,9.44,-0.00,0.01,-0.03
-1.35,2.66,9.44,-0.00,0.01,-0.03
-1.35,2.66,9.44,-0.00,0.01,-0.03
-1.36,2.78,9.37,0.06,-0.01,-0.00
-1.36,2.78,9.37,0.06,-0.01,-0.00
-1.36,2.78,9.37,0.06,-0.01,-0.00
-1.36,2.78,9.37,0.06,-0.01,-0.00
-1.36,2.78,9.37,0.06,-0.01,-0.00
-1.37,2.79,9.41,0.08,-0.02,-0.00
-1.37,2.79,9.41,0.08,-0.02,-0.00
-1.37,2.79,9.41,0.08,-0.02,-0.00
-1.37,2.79,9.41,0.08,-0.02,-0.00
-1.37,2.79,9.41,0.08,-0.02,-0.00
-1.37,2.79,9.41,0.08,-0.02,-0.00
-1.26,2.86,9.38,0.08,-0.01,-0.01
-1.26,2.86,9.38,0.08,-0.01,-0.01
-1.26,2.86,9.38,0.08,-0.01,-0.01
-1.26,2.86,9.38,0.08,-0.01,-0.01
-1.26,2.86,9.38,0.08,-0.01,-0.01
-0.84,2.81,9.87,0.10,0.11,-0.01
-0.84,2.81,9.87,0.10,0.11,-0.01
-0.84,2.81,9.87,0.10,0.11,-0.01
-0.84,2.81,9.87,0.10,0.11,-0.01
-0.84,2.81,9.87,0.10,0.11,-0.01
-0.84,2.81,9.87,0.10,0.11,-0.01
-0.89,4.38,12.44,0.25,0.72,-0.13
-0.89,4.38,12.44,0.25,0.72,-0.13
-0.89,4.38,12.44,0.25,0.72,-0.13
-0.89,4.38,12.44,0.25,0.72,-0.13
-0.89,4.38,12.44,0.25,0.72,-0.13
-4.99,5.65,14.29,-0.73,1.73,-0.57
-4.99,5.65,14.29,-0.73,1.73,-0.57
-4.99,5.65,14.29,-0.73,1.73,-0.57
-4.99,5.65,14.29,-0.73,1.73,-0.57
-4.99,5.65,14.29,-0.73,1.73,-0.57
-4.67,1.55,12.78,-2.82,1.83,-1.31
-4.67,1.55,12.78,-2.82,1.83,-1.31
-4.67,1.55,12.78,-2.82,1.83,-1.31
-4.67,1.55,12.78,-2.82,1.83,-1.31
-4.67,1.55,12.78,-2.82,1.83,-1.31
-4.67,1.55,12.78,-2.82,1.83,-1.31
-4.30,-1.71,10.96,-3.42,1.22,-1.74
-4.30,-1.71,10.96,-3.42,1.22,-1.74
-4.30,-1.71,10.96,-3.42,1.22,-1.74
-4.30,-1.71,10.96,-3.42,1.22,-1.74
-4.30,-1.71,10.96,-3.42,1.22,-1.74
-3.74,-3.40,7.63,-2.76,0.76,-1.42
-3.74,-3.40,7.63,-2.76,0.76,-1.42
-3.74,-3.40,7.63,-2.76,0.76,-1.42
-3.74,-3.40,7.63,-2.76,0.76,-1.42
-3.74,-3.40,7.63,-2.76,0.76,-1.42
-3.74,-3.40,7.63,-2.76,0.76,-1.42
-4.21,-3.73,3.83,-2.20,1.04,-0.45
-4.21,-3.73,3.83,-2.20,1.04,-0.45
-4.21,-3.73,3.83,-2.20,1.04,-0.45
-4.21,-3.73,3.83,-2.20,1.04,-0.45
-4.21,-3.73,3.83,-2.20,1.04,-0.45
-5.11,-2.38,1.76,-1.99,0.72,1.17
-5.11,-2.38,1.76,-1.99,0.72,1.17
-5.11,-2.38,1.76,-1.99,0.72,1.17
-5.11,-2.38,1.76,-1.99,0.72,1.17
-5.11,-2.38,1.76,-1.99,0.72,1.17
-8.38,-0.71,1.60,-1.88,-0.66,2.29
-8.38,-0.71,1.60,-1.88,-0.66,2.29
-8.38,-0.71,1.60,-1.88,-0.66,2.29
-8.38,-0.71,1.60,-1.88,-0.66,2.29
-8.38,-0.71,1.60,-1.88,-0.66,2.29
-8.38,-0.71,1.60,-1.88,-0.66,2.29
-9.53,-4.76,-1.36,-2.15,-0.34,1.71
-9.53,-4.76,-1.36,-2.15,-0.34,1.71
-9.53,-4.76,-1.36,-2.15,-0.34,1.71
-9.53,-4.76,-1.36,-2.15,-0.34,1.71
-9.53,-4.76,-1.36,-2.15,-0.34,1.71
-8.03,-5.50,-0.02,-1.31,1.26,-0.62
-8.03,-5.50,-0.02,-1.31,1.26,-0.62
-8.03,-5.50,-0.02,-1.31,1.26,-0.62
-8.03,-5.50,-0.02,-1.31,1.26,-0.62
-8.03,-5.50,-0.02,-1.31,1.26,-0.62
-6.77,-6.17,-0.43,-0.51,-0.01,-0.46
-6.77,-6.17,-0.43,-0.51,-0.01,-0.46
-6.77,-6.17,-0.43,-0.51,-0.01,-0.46
-6.77,-6.17,-0.43,-0.51,-0.01,-0.46
-6.77,-6.17,-0.43,-0.51,-0.01,-0.46
-6.77,-6.17,-0.43,-0.51,-0.01,-0.46
-6.59,-6.82,-0.36,-0.43,0.31,-0.64
-6.59,-6.82,-0.36,-0.43,0.31,-0.64
-6.59,-6.82,-0.36,-0.43,0.31,-0.64
-6.59,-6.82,-0.36,-0.43,0.31,-0.64
-6.59,-6.82,-0.36,-0.43,0.31,-0.64
-6.50,-6.85,0.09,-0.07,0.47,-0.44
-6.50,-6.85,0.09,-0.07,0.47,-0.44
-6.50,-6.85,0.09,-0.07,0.47,-0.44
-6.50,-6.85,0.09,-0.07,0.47,-0.44
-6.50,-6.85,0.09,-0.07,0.47,-0.44
-6.73,-6.86,0.52,0.07,0.15,-0.21
-6.73,-6.86,0.52,0.07,0.15,-0.21
-6.73,-6.86,0.52,0.07,0.15,-0.21
-6.73,-6.86,0.52,0.07,0.15,-0.21
-6.73,-6.86,0.52,0.07,0.15,-0.21
-6.73,-6.86,0.52,0.07,0.15,-0.21
-6.25,-6.85,0.77,0.03,-0.06,-0.30
-6.25,-6.85,0.77,0.03,-0.06,-0.30
-6.25,-6.85,0.77,0.03,-0.06,-0.30
-6.25,-6.85,0.77,0.03,-0.06,-0.30
-6.25,-6.85,0.77,0.03,-0.06,-0.30
-6.37,-6.86,0.75,0.01,0.04,-0.15
-6.37,-6.86,0.75,0.01,0.04,-0.15
-6.37,-6.86,0.75,0.01,0.04,-0.15
-6.37,-6.86,0.75,0.01,0.04,-0.15
-6.37,-6.86,0.75,0.01,0.04,-0.15
-6.76,-6.90,0.44,-0.01,0.02,-0.02
-6.76,-6.90,0.44,-0.01,0.02,-0.02
-6.76,-6.90,0.44,-0.01,0.02,-0.02
-6.76,-6.90,0.44,-0.01,0.02,-0.02
-6.76,-6.90,0.44,-0.01,0.02,-0.02
-6.76,-6.90,0.44,-0.01,0.02,-0.02
-7.03,-7.08,0.44,-0.03,-0.04,-0.09
-7.03,-7.08,0.44,-0.03,-0.04,-0.09
-7.03,-7.08,0.44,-0.03,-0.04,-0.09
-7.03,-7.08,0.44,-0.03,-0.04,-0.09
-7.03,-7.08,0.44,-0.03,-0.04,-0.09
-6.68,-7.00,0.86,0.05,-0.04,-0.07
-6.68,-7.00,0.86,0.05,-0.04,-0.07
-6.68,-7.00,0.86,0.05,-0.04,-0.07
-6.68,-7.00,0.86,0.05,-0.04,-0.07
-6.68,-7.00,0.86,0.05,-0.04,-0.07
-6.89,-7.07,0.65,0.00,-0.02,0.01
-6.89,-7.07,0.65,0.00,-0.02,0.01
-6.89,-7.07,0.65,0.00,-0.02,0.01
-6.89,-7.07,0.65,0.00,-0.02,0.01
-6.89,-7.07,0.65,0.00,-0.02,0.01
-6.89,-7.07,0.65,0.00,-0.02,0.01
-6.82,-7.14,0.58,-0.04,-0.07,-0.07
-6.82,-7.14,0.58,-0.04,-0.07,-0.07
-6.82,-7.14,0.58,-0.04,-0.07,-0.07
-6.82,-7.14,0.58,-0.04,-0.07,-0.07
-6.82,-7.14,0.58,-0.04,-0.07,-0.07
-6.64,-7.19,0.52,-0.02,-0.06,-0.04
-6.64,-7.19,0.52,-0.02,-0.06,-0.04
-6.64,-7.19,0.52,-0.02,-0.06,-0.04
-6.64,-7.19,0.52,-0.02,-0.06,-0.04
-6.64,-7.19,0.52,-0.02,-0.06,-0.04
-6.54,-7.15,0.56,-0.01,-0.05,0.02
-6.54,-7.15,0.56,-0.01,-0.05,0.02
-6.54,-7.15,0.56,-0.01,-0.05,0.02
-6.54,-7.15,0.56,-0.01,-0.05,0.02
-6.54,-7.15,0.56,-0.01,-0.05,0.02
-6.54,-7.15,0.56,-0.01,-0.05,0.02
-6.74,-7.19,0.74,-0.03,-0.07,-0.00
-6.74,-7.19,0.74,-0.03,-0.07,-0.00
-6.74,-7.19,0.74,-0.03,-0.07,-0.00
-6.74,-7.19,0.74,-0.03,-0.07,-0.00
-6.74,-7.19,0.74,-0.03,-0.07,-0.00
-6.76,-7.15,0.75,-0.01,-0.12,0.04
-6.76,-7.15,0.75,-0.01,-0.12,0.04
-6.76,-7.15,0.75,-0.01,-0.12,0.04
-6.76,-7.15,0.75,-0.01,-0.12,0.04
-6.76,-7.15,0.75,-0.01,-0.12,0.04
-6.61,-7.05,0.71,-0.01,-0.13,0.06
-6.61,-7.05,0.71,-0.00,-0.13,0.06
-6.61,-7.05,0.71,-0.00,-0.13,0.06
-6.61,-7.05,0.71,-0.00,-0.13,0.06
-6.61,-7.05,0.71,-0.00,-0.13,0.06
-6.61,-7.05,0.71,-0.00,-0.13,0.06
-6.48,-6.97,0.72,-0.00,-0.13,0.05
-6.48,-6.97,0.72,-0.00,-0.13,0.05
-6.48,-6.97,0.72,-0.00,-0.13,0.05
-6.48,-6.97,0.72,-0.00,-0.13,0.05
-6.48,-6.97,0.72,-0.00,-0.13,0.05
-6.81,-6.91,0.85,0.04,-0.12,0.14
-6.81,-6.91,0.85,0.04,-0.12,0.14
-6.81,-6.91,0.85,0.04,-0.12,0.14
-6.81,-6.91,0.85,0.04,-0.12,0.14
-6.81,-6.91,0.85,0.04,-0.12,0.14
-6.81,-6.91,0.85,0.04,-0.12,0.14
-7.40,-7.02,0.82,0.02,-0.03,0.12
-7.40,-7.02,0.82,0.02,-0.03,0.12
-7.40,-7.02,0.82,0.02,-0.03,0.12
-7.40,-7.02,0.82,0.02,-0.03,0.12
-7.40,-7.02,0.82,0.02,-0.03,0.12
-7.26,-7.16,0.29,0.10,-0.00,-0.06
-7.26,-7.16,0.29,0.10,-0.00,-0.06
-7.26,-7.16,0.29,0.10,-0.00,-0.06
-7.26,-7.16,0.29,0.10,-0.00,-0.06
-7.26,-7.16,0.29,0.10,-0.00,-0.06
-6.25,-6.85,0.35,0.48,-0.26,-0.23
-6.25,-6.85,0.35,0.48,-0.26,-0.23
-6.25,-6.85,0.35,0.48,-0.26,-0.23
-6.25,-6.85,0.35,0.48,-0.26,-0.23
-6.25,-6.85,0.35,0.48,-0.26,-0.23
-6.25,-6.85,0.35,0.48,-0.26,-0.23
-6.50,-6.53,-0.14,0.95,-0.75,-0.38
-6.50,-6.53,-0.14,0.95,-0.75,-0.38
-6.50,-6.53,-0.14,0.95,-0.75,-0.38
-6.50,-6.53,-0.14,0.95,-0.75,-0.38
-6.50,-6.53,-0.14,0.95,-0.75,-0.38
-6.40,-5.24,0.80,1.76,-1.38,-0.90
-6.40,-5.24,0.80,1.76,-1.38,-0.90
-6.40,-5.24,0.80,1.76,-1.38,-0.90
-6.40,-5.24,0.80,1.76,-1.38,-0.90
-6.40,-5.24,0.80,1.76,-1.38,-0.90
-5.05,-4.66,2.90,2.41,-1.86,-1.45
-5.05,-4.66,2.90,2.41,-1.86,-1.45
-5.05,-4.66,2.90,2.41,-1.86,-1.45
-5.05,-4.66,2.90,2.41,-1.86,-1.45
-5.05,-4.66,2.90,2.41,-1.86,-1.45
-5.05,-4.66,2.90,2.41,-1.86,-1.45
-2.62,-4.23,5.25,2.71,-2.33,-1.60
-2.62,-4.23,5.25,2.71,-2.33,-1.60
-2.62,-4.23,5.25,2.71,-2.33,-1.60
-2.62,-4.23,5.25,2.71,-2.33,-1.60
-2.62,-4.23,5.25,2.71,-2.33,-1.60
-0.02,-2.75,7.48,2.77,-2.59,-1.65
-0.02,-2.75,7.48,2.77,-2.59,-1.65
-0.02,-2.75,7.48,2.77,-2.59,-1.65
-0.02,-2.75,7.48,2.77,-2.59,-1.65
-0.02,-2.75,7.48,2.77,-2.59,-1.65
3.22,-1.19,8.62,2.33,-1.73,-1.68
3.22,-1.19,8.62,2.33,-1.73,-1.68
3.22,-1.19,8.62,2.33,-1.73,-1.68
3.22,-1.19,8.62,2.33,-1.73,-1.68
3.22,-1.19,8.62,2.33,-1.73,-1.68
3.22,-1.19,8.62,2.33,-1.73,-1.68
1.79,0.36,9.64,1.98,0.60,-1.52
1.79,0.36,9.64,1.98,0.60,-1.52
1.79,0.36,9.64,1.98,0.60,-1.52
1.79,0.36,9.64,1.98,0.60,-1.52
1.79,0.36,9.64,1.98,0.60,-1.52
0.38,2.52,11.16,1.99,0.75,-1.03
0.38,2.52,11.16,1.99,0.75,-1.03
0.38,2.52,11.16,1.99,0.75,-1.03
0.38,2.52,11.16,1.99,0.75,-1.03
0.38,2.52,11.16,1.99,0.75,-1.03
2.01,3.54,10.74,1.99,0.75,-0.39
2.01,3.54,10.74,1.90,-0.33,-0.39
2.01,3.54,10.74,1.90,-0.33,-0.39
2.01,3.54,10.74,1.90,-0.33,-0.39
2.01,3.54,10.74,1.90,-0.33,-0.39
2.01,3.54,10.74,1.90,-0.33,-0.39
4.78,4.68,8.81,1.91,-0.93,0.21
4.78,4.68,8.81,1.91,-0.93,0.21
4.78,4.68,8.81,1.91,-0.93,0.21
4.78,4.68,8.81,1.91,-0.93,0.21
4.78,4.68,8.81,1.91,-0.93,0.21
4.35,6.34,7.35,1.65,0.33,0.65
4.35,6.34,7.35,1.65,0.33,0.65
4.35,6.34,7.35,1.65,0.33,0.65
4.35,6.34,7.35,1.65,0.33,0.65
4.35,6.34,7.35,1.65,0.33,0.65
4.35,6.34,7.35,1.65,0.33,0.65
-0.71,8.84,11.14,0.29,2.21,0.81
-0.71,8.84,11.14,0.29,2.21,0.81
-0.71,8.84,11.14,0.29,2.21,0.81
-0.71,8.84,11.14,0.29,2.21,0.81
-0.71,8.84,11.14,0.29,2.21,0.81
-2.50,5.88,12.32,-1.05,1.97,0.58
-2.50,5.88,12.32,-1.05,1.97,0.58
-2.50,5.88,12.32,-1.05,1.97,0.58
-2.50,5.88,12.32,-1.05,1.97,0.58
-2.50,5.88,12.32,-1.05,1.97,0.58
2.29,3.17,8.26,-0.59,0.18,-0.05
2.29,3.17,8.26,-0.59,0.18,-0.05
2.29,3.17,8.26,-0.59,0.18,-0.05
2.29,3.17,8.26,-0.59,0.18,-0.05
2.29,3.17,8.26,-0.59,0.18,-0.05
2.29,3.17,8.26,-0.59,0.18,-0.05
-2.85,3.11,9.30,-0.53,1.24,0.01
-2.85,3.11,9.30,-0.53,1.24,0.01
-2.85,3.11,9.30,-0.53,1.24,0.01
-2.85,3.11,9.30,-0.53,1.24,0.01
-2.85,3.11,9.30,-0.53,1.24,0.01
-1.84,3.56,9.29,-0.57,0.55,0.26
-1.84,3.56,9.29,-0.57,0.55,0.26
-1.84,3.56,9.29,-0.57,0.55,0.26
-1.84,3.56,9.29,-0.57,0.55,0.26
-1.84,3.56,9.29,-0.57,0.55,0.26
-1.77,2.35,9.41,-0.57,0.55,-0.14
-1.77,2.35,9.41,-0.28,0.09,-0.14
-1.77,2.35,9.41,-0.28,0.09,-0.14
-1.77,2.35,9.41,-0.28,0.09,-0.14
-1.77,2.35,9.41,-0.28,0.09,-0.14
-1.77,2.35,9.41,-0.28,0.09,-0.14
-1.97,2.79,9.12,-0.02,0.19,-0.03
-1.97,2.79,9.12,-0.02,0.19,-0.03
-1.97,2.79,9.12,-0.02,0.19,-0.03
-1.97,2.79,9.12,-0.02,0.19,-0.03
-1.97,2.79,9.12,-0.02,0.19,-0.03
-1.72,3.02,9.27,0.00,0.08,0.03
-1.72,3.02,9.27,0.00,0.08,0.03
-1.72,3.02,9.27,0.00,0.08,0.03
-1.72,3.02,9.27,0.00,0.08,0.03
-1.72,3.02,9.27,0.00,0.08,0.03
-1.72,3.02,9.27,0.00,0.08,0.03
-2.27,3.02,9.23,-0.03,0.14,-0.00
-2.27,3.02,9.23,-0.03,0.14,-0.00
-2.27,3.02,9.23,-0.03,0.14,-0.00
-2.27,3.02,9.23,-0.03,0.14,-0.00
-2.27,3.02,9.23,-0.03,0.14,-0.00
-2.17,2.90,9.18,-0.00,0.02,-0.02
-2.17,2.90,9.18,-0.00,0.02,-0.02
-2.17,2.90,9.18,-0.00,0.02,-0.02
-2.17,2.90,9.18,-0.00,0.02,-0.02
-2.17,2.90,9.18,-0.00,0.02,-0.02
-2.05,2.77,9.27,-0.01,-0.01,-0.03
-2.05,2.77,9.27,-0.01,-0.01,-0.03
-2.05,2.77,9.27,-0.01,-0.01,-0.03
-2.05,2.77,9.27,-0.01,-0.01,-0.03
-2.05,2.77,9.27,-0.01,-0.01,-0.03
-2.05,2.77,9.27,-0.01,-0.01,-0.03
-2.10,2.73,9.26,-0.01,0.02,-0.03
-2.10,2.73,9.26,-0.01,0.02,-0.03
-2.10,2.73,9.26,-0.01,0.02,-0.03
-2.10,2.73,9.26,-0.01,0.02,-0.03
-2.10,2.73,9.26,-0.01,0.02,-0.03
-2.08,2.67,9.22,0.00,0.02,-0.01
-2.08,2.67,9.22,0.00,0.02,-0.01
-2.08,2.67,9.22,0.00,0.02,-0.01
-2.08,2.67,9.22,0.00,0.02,-0.01
-2.08,2.67,9.22,0.00,0.02,-0.01
-2.08,2.69,9.26,0.02,-0.00,0.01
-2.08,2.69,9.26,0.02,-0.00,0.01
-2.08,2.69,9.26,0.02,-0.00,0.01
-2.08,2.69,9.26,0.02,-0.00,0.01
-2.08,2.69,9.26,0.02,-0.00,0.01
-2.08,2.69,9.26,0.02,-0.00,0.01
-1.93,2.89,9.22,0.04,-0.05,0.01
-1.93,2.89,9.22,0.04,-0.05,0.01
-1.93,2.89,9.22,0.04,-0.05,0.01
-1.93,2.89,9.22,0.04,-0.05,0.01
-1.93,2.89,9.22,0.04,-0.05,0.01
-2.05,2.92,9.20,0.02,0.04,-0.03
-2.05,2.92,9.20,0.02,0.04,-0.03
-2.05,2.92,9.20,0.02,0.04,-0.03
-2.05,2.92,9.20,0.02,0.04,-0.03
-2.05,2.92,9.20,0.02,0.04,-0.03
-2.12,2.84,9.26,0.02,0.04,-0.06
-2.12,2.84,9.26,0.02,0.02,-0.06
-2.12,2.84,9.26,0.02,0.02,-0.06
-2.12,2.84,9.26,0.02,0.02,-0.06
-2.12,2.84,9.26,0.02,0.02,-0.06
-2.12,2.84,9.26,0.02,0.02,-0.06
-1.76,3.02,9.18,0.04,0.05,-0.10
-1.76,3.02,9.18,0.04,0.05,-0.10
-1.76,3.02,9.18,0.04,0.05,-0.10
-1.76,3.02,9.18,0.04,0.05,-0.10
-1.76,3.02,9.18,0.04,0.05,-0.10
-2.24,3.11,9.45,-0.18,0.29,-0.25
-2.24,3.11,9.45,-0.18,0.29,-0.25
-2.24,3.11,9.45,-0.18,0.29,-0.25
-2.24,3.11,9.45,-0.18,0.29,-0.25
-2.24,3.11,9.45,-0.18,0.29,-0.25
-3.45,3.05,10.67,-0.74,0.73,-0.41
-3.45,3.05,10.67,-0.74,0.73,-0.41
-3.45,3.05,10.67,-0.74,0.73,-0.41
-3.45,3.05,10.67,-0.74,0.73,-0.41
-3.45,3.05,10.67,-0.74,0.73,-0.41
-3.45,3.05,10.67,-0.74,0.73,-0.41
-5.46,1.35,12.30,-1.72,0.91,-0.41
-5.46,1.35,12.30,-1.72,0.91,-0.41
-5.46,1.35,12.30,-1.72,0.91,-0.41
-5.46,1.35,12.30,-1.72,0.91,-0.41
-5.46,1.35,12.30,-1.72,0.91,-0.41
-6.12,-1.37,11.62,-2.54,1.34,-1.11
-6.12,-1.37,11.62,-2.54,1.34,-1.11
-6.12,-1.37,11.62,-2.54,1.34,-1.11
-6.12,-1.37,11.62,-2.54,1.34,-1.11
-6.12,-1.37,11.62,-2.54,1.34,-1.11
-6.12,-1.37,11.62,-2.54,1.34,-1.11
-3.83,-2.35,9.98,-2.85,1.02,-1.62
-3.83,-2.35,9.98,-2.85,1.02,-1.62
-3.83,-2.35,9.98,-2.85,1.02,-1.62
-3.83,-2.35,9.98,-2.85,1.02,-1.62
-3.83,-2.35,9.98,-2.85,1.02,-1.62
-3.30,-3.36,7.54,-2.94,0.72,-1.38
-3.30,-3.36,7.54,-2.94,0.72,-1.38
-3.30,-3.36,7.54,-2.94,0.72,-1.38
-3.30,-3.36,7.54,-2.94,0.72,-1.38
-3.30,-3.36,7.54,-2.94,0.72,-1.38
-3.91,-5.57,4.55,-2.97,0.73,-1.03
-3.91,-5.57,4.55,-2.97,0.73,-1.03
-3.91,-5.57,4.55,-2.97,0.73,-1.03
-3.91,-5.57,4.55,-2.97,0.73,-1.03
-3.91,-5.57,4.55,-2.97,0.73,-1.03
-3.91,-5.57,4.55,-2.97,0.73,-1.03
-5.29,-7.02,1.67,-2.44,0.71,-0.91
-5.29,-7.02,1.67,-2.44,0.71,-0.91
-5.29,-7.02,1.67,-2.44,0.71,-0.91
-5.29,-7.02,1.67,-2.44,0.71,-0.91
-5.29,-7.02,1.67,-2.44,0.71,-0.91
-5.81,-7.95,0.04,-1.34,0.39,-1.15
-5.81,-7.95,0.04,-1.34,0.39,-1.15
-5.81,-7.95,0.04,-1.34,0.39,-1.15
-5.81,-7.95,0.04,-1.34,0.39,-1.15
-5.81,-7.95,0.04,-1.34,0.39,-1.15
-2.72,-8.74,-0.41,-0.33,-0.14,-1.59
-2.72,-8.74,-0.41,-0.33,-0.14,-1.59
-2.72,-8.74,-0.41,-0.33,-0.14,-1.59
-2.72,-8.74,-0.41,-0.33,-0.14,-1.59
-2.72,-8.74,-0.41,-0.33,-0.14,-1.59
-2.72,-8.74,-0.41,-0.33,-0.14,-1.59
-0.41,-8.81,-0.15,0.13,-0.10,-1.56
-0.41,-8.81,-0.15,0.13,-0.10,-1.56
-0.41,-8.81,-0.15,0.13,-0.10,-1.56
-0.41,-8.81,-0.15,0.13,-0.10,-1.56
-0.41,-8.81,-0.15,0.13,-0.10,-1.56
0.43,-8.99,0.97,0.35,-0.35,-1.11
0.43,-8.99,0.97,0.35,-0.35,-1.11
0.43,-8.99,0.97,0.35,-0.35,-1.11
0.43,-8.99,0.97,0.35,-0.35,-1.11
0.43,-8.99,0.97,0.35,-0.35,-1.11
1.35,-9.28,2.08,0.37,-0.31,-0.71
1.35,-9.28,2.08,0.37,-0.31,-0.71
1.35,-9.28,2.08,0.37,-0.31,-0.71
1.35,-9.28,2.08,0.37,-0.31,-0.71
1.35,-9.28,2.08,0.37,-0.31,-0.71
1.35,-9.28,2.08,0.37,-0.31,-0.71
1.83,-9.39,2.73,0.20,0.15,-0.44
1.83,-9.39,2.73,0.20,0.15,-0.44
1.83,-9.39,2.73,0.20,0.15,-0.44
1.83,-9.39,2.73,0.20,0.15,-0.44
1.83,-9.39,2.73,0.20,0.15,-0.44
1.71,-9.20,2.56,-0.03,0.67,-0.17
1.71,-9.20,2.56,-0.03,0.67,-0.17
1.71,-9.20,2.56,-0.03,0.67,-0.17
1.71,-9.20,2.56,-0.03,0.67,-0.17
1.71,-9.20,2.56,-0.03,0.67,-0.17
1.91,-8.82,2.27,-0.30,1.26,0.11
1.91,-8.82,2.27,-0.30,1.26,0.11
1.91,-8.82,2.27,-0.30,1.26,0.11
1.91,-8.82,2.27,-0.30,1.26,0.11
1.91,-8.82,2.27,-0.30,1.26,0.11
1.91,-8.82,2.27,-0.30,1.26,0.11
1.04,-8.84,1.93,-0.66,1.60,0.21
1.04,-8.84,1.93,-0.66,1.60,0.21
1.04,-8.84,1.93,-0.66,1.60,0.21
1.04,-8.84,1.93,-0.66,1.60,0.21
1.04,-8.84,1.93,-0.66,1.60,0.21
-0.14,-9.40,-0.17,-1.09,1.68,0.12
-0.14,-9.40,-0.17,-1.09,1.68,0.12
-0.14,-9.40,-0.17,-1.09,1.68,0.12
-0.14,-9.40,-0.17,-1.09,1.68,0.12
-0.14,-9.40,-0.17,-1.09,1.68,0.12
-0.54,-9.97,-1.69,-1.06,1.06,0.11
-0.54,-9.97,-1.69,-1.06,1.06,0.11
-0.54,-9.97,-1.69,-1.06,1.06,0.11
-0.54,-9.97,-1.69,-1.06,1.06,0.11
-0.54,-9.97,-1.69,-1.06,1.06,0.11
-0.54,-9.97,-1.69,-1.06,1.06,0.11
-1.12,-9.72,-1.48,-0.57,0.35,0.19
-1.12,-9.72,-1.48,-0.57,0.35,0.19
-1.12,-9.72,-1.48,-0.57,0.35,0.19
-1.12,-9.72,-1.48,-0.57,0.35,0.19
-1.12,-9.72,-1.48,-0.57,0.35,0.19
-1.12,-9.48,-0.93,-0.21,0.21,0.05
-1.12,-9.48,-0.93,-0.21,0.21,0.05
-1.12,-9.48,-0.93,-0.21,0.21,0.05
-1.12,-9.48,-0.93,-0.21,0.21,0.05
-1.12,-9.48,-0.93,-0.21,0.21,0.05
-1.12,-9.48,-0.93,-0.21,0.21,0.05
-0.71,-9.62,-1.13,-0.09,0.20,0.00
-0.71,-9.62,-1.13,-0.09,0.20,0.00
-0.71,-9.62,-1.13,-0.09,0.20,0.00
-0.71,-9.62,-1.13,-0.09,0.20,0.00
-0.71,-9.62,-1.13,-0.09,0.20,0.00
-0.78,-9.75,-1.22,-0.10,-0.02,0.16
-0.78,-9.75,-1.22,-0.10,-0.02,0.16
-0.78,-9.75,-1.22,-0.10,-0.02,0.16
-0.78,-9.75,-1.22,-0.10,-0.02,0.16
-0.78,-9.75,-1.22,-0.10,-0.02,0.16
-0.86,-9.91,-1.16,-0.08,-0.05,0.12
-0.86,-9.91,-1.16,-0.08,-0.05,0.12
-0.86,-9.91,-1.16,-0.08,-0.05,0.12
-0.86,-9.91,-1.16,-0.08,-0.05,0.12
-0.86,-9.91,-1.16,-0.08,-0.05,0.12
-0.86,-9.91,-1.16,-0.08,-0.05,0.12
-0.82,-10.09,-1.07,-0.10,0.01,0.03
-0.82,-10.09,-1.07,-0.10,0.01,0.03
-0.82,-10.09,-1.07,-0.10,0.01,0.03
-0.82,-10.09,-1.07,-0.10,0.01,0.03
-0.82,-10.09,-1.07,-0.10,0.01,0.03
-1.02,-10.05,-1.33,-0.09,-0.01,0.02
-1.02,-10.05,-1.33,-0.09,-0.01,0.02
-1.02,-10.05,-1.33,-0.09,-0.01,0.02
-1.02,-10.05,-1.33,-0.09,-0.01,0.02
-1.02,-10.05,-1.33,-0.09,-0.01,0.02
-1.13,-9.88,-1.35,-0.01,-0.00,0.01
-1.13,-9.88,-1.35,-0.01,-0.00,0.01
-1.13,-9.88,-1.35,-0.01,-0.00,0.01
-1.13,-9.88,-1.35,-0.01,-0.00,0.01
-1.13,-9.88,-1.35,-0.01,-0.00,0.01
-1.13,-9.88,-1.35,-0.01,-0.00,0.01
-0.78,-9.60,-1.23,0.06,-0.06,-0.02
-0.78,-9.60,-1.23,0.06,-0.06,-0.02
-0.78,-9.60,-1.23,0.06,-0.06,-0.02
-0.78,-9.60,-1.23,0.06,-0.06,-0.02
-0.78,-9.60,-1.23,0.06,-0.06,-0.02
-0.79,-9.55,-0.97,0.09,-0.07,0.04
-0.79,-9.55,-0.97,0.09,-0.07,0.04
-0.79,-9.55,-0.97,0.09,-0.07,0.04
-0.79,-9.55,-0.97,0.09,-0.07,0.04
-0.79,-9.55,-0.97,0.09,-0.07,0.04
-0.79,-9.55,-0.97,0.09,-0.07,0.04
-0.91,-9.58,-0.98,0.03,-0.07,0.02
-0.91,-9.58,-0.98,0.03,-0.07,0.02
-0.91,-9.58,-0.98,0.03,-0.07,0.02
-0.91,-9.58,-0.98,0.03,-0.07,0.02
-0.91,-9.58,-0.98,0.03,-0.07,0.02
-1.15,-9.70,-0.95,-0.01,-0.04,0.04
-1.15,-9.70,-0.95,-0.01,-0.04,0.04
-1.15,-9.70,-0.95,-0.01,-0.04,0.04
-1.15,-9.70,-0.95,-0.01,-0.04,0.04
-1.15,-9.70,-0.95,-0.01,-0.04,0.04
-1.13,-9.72,-1.05,-0.03,-0.07,0.04
-1.13,-9.72,-1.05,-0.03,-0.07,0.04
-1.13,-9.72,-1.05,-0.03,-0.07,0.04
-1.13,-9.72,-1.05,-0.03,-0.07,0.04
-1.13,-9.72,-1.05,-0.03,-0.07,0.04
-1.13,-9.72,-1.05,-0.03,-0.07,0.04
-1.23,-9.70,-1.05,0.01,-0.08,0.10
-1.23,-9.70,-1.05,0.01,-0.08,0.10
-1.23,-9.70,-1.05,0.01,-0.08,0.10
-1.23,-9.70,-1.05,0.01,-0.08,0.10
-1.23,-9.70,-1.05,0.01,-0.08,0.10
-1.42,-9.58,-0.79,0.02,-0.07,0.06
-1.42,-9.58,-0.79,0.02,-0.07,0.06
-1.42,-9.58,-0.79,0.02,-0.07,0.06
-1.42,-9.58,-0.79,0.02,-0.07,0.06
-1.42,-9.58,-0.79,0.02,-0.07,0.06
-1.08,-9.59,-0.89,-0.06,-0.00,-0.04
-1.08,-9.59,-0.89,-0.06,-0.00,-0.04
-1.08,-9.59,-0.89,-0.06,-0.00,-0.04
-1.08,-9.59,-0.89,-0.06,-0.00,-0.04
-1.08,-9.59,-0.89,-0.06,-0.00,-0.04
-1.08,-9.59,-0.89,-0.06,-0.00,-0.04
-1.06,-9.67,-1.31,-0.09,-0.03,0.06
-1.06,-9.67,-1.31,-0.09,-0.03,0.06
-1.06,-9.67,-1.31,-0.09,-0.03,0.06
-1.06,-9.67,-1.31,-0.09,-0.03,0.06
-1.06,-9.67,-1.31,-0.09,-0.03,0.06
-1.27,-9.67,-1.49,-0.04,-0.13,0.13
-1.27,-9.67,-1.49,-0.04,-0.13,0.13
-1.27,-9.67,-1.49,-0.04,-0.13,0.13
-1.27,-9.67,-1.49,-0.04,-0.13,0.13
-1.27,-9.67,-1.49,-0.04,-0.13,0.13
-1.06,-9.71,-2.06,0.07,-0.28,0.21
-1.06,-9.71,-2.06,0.07,-0.28,0.21
-1.06,-9.71,-2.06,0.07,-0.28,0.21
-1.06,-9.71,-2.06,0.07,-0.28,0.21
-1.06,-9.71,-2.06,0.07,-0.28,0.21
-1.06,-9.71,-2.06,0.07,-0.28,0.21
-1.18,-9.68,-3.12,0.46,-0.86,0.64
-1.18,-9.68,-3.12,0.46,-0.86,0.64
-1.18,-9.68,-3.12,0.46,-0.86,0.64
-1.18,-9.68,-3.12,0.46,-0.86,0.64
-1.18,-9.68,-3.12,0.46,-0.86,0.64
-2.35,-9.54,-2.12,1.27,-1.54,1.06
-2.35,-9.54,-2.12,1.27,-1.54,1.06
-2.35,-9.54,-2.12,1.27,-1.54,1.06
-2.35,-9.54,-2.12,1.27,-1.54,1.06
-2.35,-9.54,-2.12,1.27,-1.54,1.06
-2.71,-8.96,-0.47,2.08,-1.92,0.91
-2.71,-8.96,-0.47,2.08,-1.92,0.91
-2.71,-8.96,-0.47,2.08,-1.92,0.91
-2.71,-8.96,-0.47,2.08,-1.92,0.91
-2.71,-8.96,-0.47,2.08,-1.92,0.91
-2.71,-8.96,-0.47,2.08,-1.92,0.91
-2.29,-7.62,1.35,2.73,-1.75,0.45
-2.29,-7.62,1.35,2.73,-1.75,0.45
-2.29,-7.62,1.35,2.73,-1.75,0.45
-2.29,-7.62,1.35,2.73,-1.75,0.45
-2.29,-7.62,1.35,2.73,-1.75,0.45
-2.50,-5.26,4.38,3.30,-1.38,0.01
-2.50,-5.26,4.38,3.30,-1.38,0.01
-2.50,-5.26,4.38,3.30,-1.38,0.01
-2.50,-5.26,4.38,3.30,-1.38,0.01
-2.50,-5.26,4.38,3.30,-1.38,0.01
-1.21,-2.27,6.60,3.60,-1.92,-0.16
-1.21,-2.27,6.60,3.60,-1.92,-0.16
-1.21,-2.27,6.60,3.60,-1.92,-0.16
-1.21,-2.27,6.60,3.60,-1.92,-0.16
-1.21,-2.27,6.60,3.60,-1.92,-0.16
-1.21,-2.27,6.60,3.60,-1.92,-0.16
1.51,1.36,8.57,3.55,-2.57,-0.13
1.51,1.36,8.57,3.55,-2.57,-0.13
1.51,1.36,8.57,3.55,-2.57,-0.13
1.51,1.36,8.57,3.55,-2.57,-0.13
1.51,1.36,8.57,3.55,-2.57,-0.13
4.29,4.74,9.61,3.30,-2.09,-0.44
4.29,4.74,9.61,3.30,-2.09,-0.44
4.29,4.74,9.61,3.30,-2.09,-0.44
4.29,4.74,9.61,3.30,-2.09,-0.44
4.29,4.74,9.61,3.30,-2.09,-0.44
4.20,6.24,9.36,2.74,-0.35,-0.36
4.20,6.24,9.36,2.74,-0.35,-0.36
4.20,6.24,9.36,2.74,-0.35,-0.36
4.20,6.24,9.36,2.74,-0.35,-0.36
4.20,6.24,9.36,2.74,-0.35,-0.36
4.20,6.24,9.36,2.74,-0.35,-0.36
3.26,5.94,8.32,2.26,0.10,0.17
3.26,5.94,8.32,2.26,0.10,0.17
3.26,5.94,8.32,2.26,0.10,0.17
3.26,5.94,8.32,2.26,0.10,0.17
3.26,5.94,8.32,2.26,0.10,0.17
2.00,8.22,9.82,2.12,0.68,0.15
2.00,8.22,9.82,2.12,0.68,0.15
2.00,8.22,9.82,2.12,0.68,0.15
2.00,8.22,9.82,2.12,0.68,0.15
2.00,8.22,9.82,2.12,0.68,0.15
-0.17,7.11,10.29,0.66,1.23,-0.11
-0.17,7.11,10.29,0.66,1.23,-0.11
-0.17,7.11,10.29,0.66,1.23,-0.11
-0.17,7.11,10.29,0.66,1.23,-0.11
-0.17,7.11,10.29,0.66,1.23,-0.11
-0.17,7.11,10.29,0.66,1.23,-0.11
0.49,6.22,7.90,0.01,0.76,-0.03
0.49,6.22,7.90,0.01,0.76,-0.03
0.49,6.22,7.90,0.01,0.76,-0.03
0.49,6.22,7.90,0.01,0.76,-0.03
0.49,6.22,7.90,0.01,0.76,-0.03
0.30,7.10,8.38,-0.01,0.43,0.01
0.30,7.10,8.38,-0.01,0.43,0.01
0.30,7.10,8.38,-0.01,0.43,0.01
0.30,7.10,8.38,-0.01,0.43,0.01
0.30,7.10,8.38,-0.01,0.43,0.01
0.89,6.52,7.45,-0.06,0.24,-0.07
0.89,6.52,7.45,-0.06,0.24,-0.07
0.89,6.52,7.45,-0.06,0.24,-0.07
0.89,6.52,7.45,-0.06,0.24,-0.07
0.89,6.52,7.45,-0.06,0.24,-0.07
0.89,6.52,7.45,-0.06,0.24,-0.07
-0.05,6.04,7.93,-0.04,0.18,-0.19
-0.05,6.04,7.93,-0.04,0.18,-0.19
-0.05,6.04,7.93,-0.04,0.18,-0.19
-0.05,6.04,7.93,-0.04,0.18,-0.19
-0.05,6.04,7.93,-0.04,0.18,-0.19
0.05,6.07,7.50,-0.01,0.10,-0.22
0.05,6.07,7.50,-0.01,0.10,-0.22
0.05,6.07,7.50,-0.01,0.10,-0.22
0.05,6.07,7.50,-0.01,0.10,-0.22
0.05,6.07,7.50,-0.01,0.10,-0.22
0.05,6.07,7.50,-0.01,0.10,-0.22
0.33,5.82,7.91,0.04,0.04,-0.23
0.33,5.82,7.91,0.04,0.04,-0.23
0.33,5.82,7.91,0.04,0.04,-0.23
0.33,5.82,7.91,0.04,0.04,-0.23
0.33,5.82,7.91,0.04,0.04,-0.23
0.25,5.71,7.97,0.18,-0.02,-0.28
0.25,5.71,7.97,0.18,-0.02,-0.28
0.25,5.71,7.97,0.18,-0.02,-0.28
0.25,5.71,7.97,0.18,-0.02,-0.28
0.25,5.71,7.97,0.18,-0.02,-0.28
-0.45,6.30,7.55,0.30,-0.01,-0.35
-0.45,6.30,7.55,0.30,-0.01,-0.35
-0.45,6.30,7.55,0.30,-0.01,-0.35
-0.45,6.30,7.55,0.30,-0.01,-0.35
-0.45,6.30,7.55,0.30,-0.01,-0.35
-0.45,6.30,7.55,0.30,-0.01,-0.35
-0.76,6.51,7.11,0.23,-0.01,-0.33
-0.76,6.51,7.11,0.23,-0.01,-0.33
-0.76,6.51,7.11,0.23,-0.01,-0.33
-0.76,6.51,7.11,0.23,-0.01,-0.33
-0.76,6.51,7.11,0.23,-0.01,-0.33
-0.97,6.39,7.19,0.05,0.15,-0.28
-0.97,6.39,7.19,0.05,0.15,-0.28
-0.97,6.39,7.19,0.05,0.15,-0.28
-0.97,6.39,7.19,0.05,0.15,-0.28
-0.97,6.39,7.19,0.05,0.15,-0.28
-0.61,6.29,7.42,-0.12,0.30,-0.17
-0.61,6.29,7.42,-0.12,0.30,-0.17
-0.61,6.29,7.42,-0.12,0.30,-0.17
-0.61,6.29,7.42,-0.12,0.30,-0.17
-0.61,6.29,7.42,-0.12,0.30,-0.17
-0.61,6.29,7.42,-0.12,0.30,-0.17
-0.91,6.15,7.49,-0.25,0.41,0.01
-0.91,6.15,7.49,-0.25,0.41,0.01
-0.91,6.15,7.49,-0.25,0.41,0.01
-0.91,6.15,7.49,-0.25,0.41,0.01
-0.91,6.15,7.49,-0.25,0.41,0.01
-1.52,5.96,7.65,-0.30,0.50,0.11
-1.52,5.96,7.65,-0.30,0.50,0.11
-1.52,5.96,7.65,-0.30,0.50,0.11
-1.52,5.96,7.65,-0.30,0.50,0.11
-1.52,5.96,7.65,-0.30,0.50,0.11
-1.52,5.96,7.65,-0.30,0.50,0.11
-1.67,5.91,7.70,-0.24,0.45,0.08
-1.67,5.91,7.70,-0.24,0.45,0.08
-1.67,5.91,7.70,-0.24,0.45,0.08
-1.67,5.91,7.70,-0.24,0.45,0.08
-1.67,5.91,7.70,-0.24,0.45,0.08
-1.91,5.82,7.56,-0.16,0.50,-0.01
-1.91,5.82,7.56,-0.16,0.50,-0.01
-1.91,5.82,7.56,-0.16,0.50,-0.01
-1.91,5.82,7.56,-0.16,0.50,-0.01
-1.91,5.82,7.56,-0.16,0.50,-0.01
-2.52,5.79,7.63,-0.09,0.50,-0.03
-2.52,5.79,7.63,-0.09,0.50,-0.03
-2.52,5.79,7.63,-0.09,0.50,-0.03
-2.52,5.79,7.63,-0.09,0.50,-0.03
-2.52,5.79,7.63,-0.09,0.50,-0.03
-2.52,5.79,7.63,-0.09,0.50,-0.03
-2.56,5.82,7.58,-0.03,0.39,-0.01
-2.56,5.82,7.58,-0.03,0.39,-0.01
-2.56,5.82,7.58,-0.03,0.39,-0.01
-2.56,5.82,7.58,-0.03,0.39,-0.01
-2.56,5.82,7.58,-0.03,0.39,-0.01
-2.83,5.81,7.54,0.01,0.35,-0.02
-2.83,5.81,7.54,0.01,0.35,-0.02
-2.83,5.81,7.54,0.01,0.35,-0.02
-2.83,5.81,7.54,0.01,0.35,-0.02
-2.83,5.81,7.54,0.01,0.35,-0.02
-2.83,5.81,7.54,0.01,0.35,-0.02
-2.97,5.78,7.54,0.01,0.25,-0.02
-2.97,5.78,7.54,0.01,0.25,-0.02
-2.97,5.78,7.54,0.01,0.25,-0.02
-2.97,5.78,7.54,0.01,0.25,-0.02
-2.97,5.78,7.54,0.01,0.25,-0.02
-3.09,5.73,7.46,-0.02,0.19,-0.02
-3.09,5.73,7.46,-0.02,0.19,-0.02
-3.09,5.73,7.46,-0.02,0.19,-0.02
-3.09,5.73,7.46,-0.02,0.19,-0.02
-3.09,5.73,7.46,-0.02,0.19,-0.02
-3.09,5.73,7.46,-0.02,0.19,-0.02
-3.22,5.85,7.35,0.01,0.16,-0.04
-3.22,5.85,7.35,0.01,0.16,-0.04
-3.22,5.85,7.35,0.01,0.16,-0.04
-3.22,5.85,7.35,0.01,0.16,-0.04
-3.22,5.85,7.35,0.01,0.16,-0.04
-3.22,5.84,7.31,0.03,0.12,-0.06
-3.22,5.84,7.31,0.03,0.12,-0.06
-3.22,5.84,7.31,0.03,0.12,-0.06
-3.22,5.84,7.31,0.03,0.12,-0.06
-3.22,5.84,7.31,0.03,0.12,-0.06
-3.30,5.82,7.33,0.02,0.09,-0.05
-3.30,5.82,7.33,0.02,0.09,-0.05
-3.30,5.82,7.33,0.02,0.09,-0.05
-3.30,5.82,7.33,0.02,0.09,-0.05
-3.30,5.82,7.33,0.02,0.09,-0.05
-3.30,5.82,7.33,0.02,0.09,-0.05
-3.31,5.78,7.34,0.00,0.05,-0.05
-3.31,5.78,7.34,0.00,0.05,-0.05
-3.31,5.78,7.34,0.00,0.05,-0.05
-3.31,5.78,7.34,0.00,0.05,-0.05
-3.31,5.78,7.34,0.00,0.05,-0.05
-3.41,5.81,7.30,-0.00,0.05,-0.05
-3.41,5.81,7.30,-0.00,0.05,-0.05
-3.41,5.81,7.30,-0.00,0.05,-0.05