-2.77,2.19,9.25,0.01,-0.00,-0.01
-2.77,2.19,9.25,0.01,-0.00,-0.01
-2.77,2.19,9.25,0.01,-0.00,-0.01
-2.77,2.19,9.25,0.01,-0.00,-0.01
-2.78,2.18,9.26,0.00,0.00,-0.02
-2.78,2.18,9.26,0.00,0.00,-0.02
-2.78,2.18,9.26,0.00,0.00,-0.02
-2.78,2.18,9.26,0.00,0.00,-0.02
-2.78,2.18,9.26,0.00,0.00,-0.02
-2.78,2.18,9.26,0.00,0.00,-0.02
-2.79,2.18,9.24,0.00,0.00,-0.01
-2.79,2.18,9.24,0.00,0.00,-0.01
-2.79,2.18,9.24,0.00,0.00,-0.01
-2.79,2.18,9.24,0.00,0.00,-0.01
-2.79,2.18,9.24,0.00,0.00,-0.01
-2.81,2.17,9.25,0.00,0.00,-0.02
-2.81,2.17,9.25,0.00,0.00,-0.02
-2.81,2.17,9.25,0.00,0.00,-0.02
-2.81,2.17,9.25,0.00,0.00,-0.02
-2.81,2.17,9.25,0.00,0.00,-0.02
-2.78,2.16,9.25,0.00,-0.00,-0.02
-2.78,2.16,9.25,0.01,-0.00,-0.02
-2.78,2.16,9.25,0.01,-0.00,-0.02
-2.78,2.16,9.25,0.01,-0.00,-0.02
-2.78,2.16,9.25,0.01,-0.00,-0.02
-2.78,2.16,9.25,0.01,-0.00,-0.02
-2.78,2.18,9.25,0.01,-0.00,-0.01
-2.78,2.18,9.25,0.01,-0.00,-0.01
-2.78,2.18,9.25,0.01,-0.00,-0.01
-2.78,2.18,9.25,0.01,-0.00,-0.01
-2.78,2.18,9.25,0.01,-0.00,-0.01
-2.80,2.19,9.24,0.01,0.00,-0.01
-2.80,2.19,9.24,0.01,0.00,-0.01
-2.80,2.19,9.24,0.01,0.00,-0.01
-2.80,2.19,9.24,0.01,0.00,-0.01
-2.80,2.19,9.24,0.01,0.00,-0.01
-2.80,2.19,9.24,0.01,0.00,-0.01
-2.76,2.19,9.25,0.02,0.00,-0.01
-2.76,2.19,9.25,0.02,0.00,-0.01
-2.76,2.19,9.25,0.02,0.00,-0.01
-2.76,2.19,9.25,0.02,0.00,-0.01
-2.76,2.19,9.25,0.02,0.00,-0.01
-2.68,2.15,9.42,0.03,0.02,-0.01
-2.68,2.15,9.42,0.03,0.02,-0.01
-2.68,2.15,9.42,0.03,0.02,-0.01
-2.68,2.15,9.42,0.03,0.02,-0.01
-2.68,2.15,9.42,0.03,0.02,-0.01
-2.94,2.27,9.31,0.12,0.07,-0.00
-2.94,2.27,9.31,0.12,0.07,-0.00
-2.94,2.27,9.31,0.12,0.07,-0.00
-2.94,2.27,9.31,0.12,0.07,-0.00
-2.94,2.27,9.31,0.12,0.07,-0.00
-2.94,2.27,9.31,0.12,0.07,-0.00
-3.07,2.36,8.81,0.18,0.03,0.01
-3.07,2.36,8.81,0.18,0.03,0.01
-3.07,2.36,8.81,0.18,0.03,0.01
-3.07,2.36,8.81,0.18,0.03,0.01
-3.07,2.36,8.81,0.18,0.03,0.01
-2.69,2.58,9.14,0.11,-0.07,0.00
-2.69,2.58,9.14,0.11,-0.07,0.00
-2.69,2.58,9.14,0.11,-0.07,0.00
-2.69,2.58,9.14,0.11,-0.07,0.00
-2.69,2.58,9.14,0.11,-0.07,0.00
-2.81,2.56,9.24,0.03,-0.02,0.01
-2.81,2.56,9.24,0.03,-0.02,0.01
-2.81,2.56,9.24,0.03,-0.02,0.01
-2.81,2.56,9.24,0.03,-0.02,0.01
-2.81,2.56,9.24,0.03,-0.02,0.01
-2.81,2.56,9.24,0.03,-0.02,0.01
-2.83,2.48,9.10,0.03,-0.03,0.01
-2.83,2.48,9.10,0.03,-0.03,0.01
-2.83,2.48,9.10,0.03,-0.03,0.01
-2.83,2.48,9.10,0.03,-0.03,0.01
-2.83,2.48,9.10,0.03,-0.03,0.01
-2.69,2.58,9.15,0.03,-0.05,0.01
-2.69,2.58,9.15,0.03,-0.05,0.01
-2.69,2.58,9.15,0.03,-0.05,0.01
-2.69,2.58,9.15,0.03,-0.05,0.01
-2.69,2.58,9.15,0.03,-0.05,0.01
-2.69,2.58,9.15,0.03,-0.05,0.01
-2.72,2.59,9.14,0.02,-0.03,0.00
-2.72,2.59,9.14,0.02,-0.03,0.00
-2.72,2.59,9.14,0.02,-0.03,0.00
-2.72,2.59,9.14,0.02,-0.03,0.00
-2.72,2.59,9.14,0.02,-0.03,0.00
-2.70,2.58,9.17,0.02,-0.01,-0.00
-2.70,2.58,9.17,0.02,-0.01,-0.00
-2.70,2.58,9.17,0.02,-0.01,-0.00
-2.70,2.58,9.17,0.02,-0.01,-0.00
-2.70,2.58,9.17,0.02,-0.01,-0.00
-2.75,2.61,9.14,0.03,-0.01,0.00
-2.75,2.61,9.14,0.03,-0.01,0.00
-2.75,2.61,9.14,0.03,-0.01,0.00
-2.75,2.61,9.14,0.03,-0.01,0.00
-2.75,2.61,9.14,0.03,-0.01,0.00
-2.75,2.61,9.14,0.03,-0.01,0.00
-2.70,2.62,9.16,0.02,-0.03,0.00
-2.70,2.62,9.16,0.02,-0.03,0.00
-2.70,2.62,9.16,0.02,-0.03,0.00
-2.70,2.62,9.16,0.02,-0.03,0.00
-2.70,2.62,9.16,0.02,-0.03,0.00
-2.65,2.62,9.17,0.03,-0.03,0.00
-2.65,2.62,9.17,0.03,-0.03,0.00
-2.65,2.62,9.17,0.03,-0.03,0.00
-2.65,2.62,9.17,0.03,-0.03,0.00
-2.65,2.62,9.17,0.03,-0.03,0.00
-2.65,2.62,9.17,0.03,-0.03,0.00
-2.63,2.63,9.16,0.03,-0.01,0.01
-2.63,2.63,9.16,0.03,-0.01,0.01
-2.63,2.63,9.16,0.03,-0.01,0.01
-2.63,2.63,9.16,0.03,-0.01,0.01
-2.63,2.63,9.16,0.03,-0.01,0.01
-2.50,2.59,9.12,0.03,-0.00,0.02
-2.50,2.59,9.12,0.03,-0.00,0.02
-2.50,2.59,9.12,0.03,-0.00,0.02
-2.50,2.59,9.12,0.03,-0.00,0.02
-2.50,2.59,9.12,0.03,-0.00,0.02
-2.70,2.73,9.20,0.05,0.04,0.04
-2.70,2.73,9.20,0.05,0.04,0.04
-2.70,2.73,9.20,0.05,0.04,0.04
-2.70,2.73,9.20,0.05,0.04,0.04
-2.70,2.73,9.20,0.05,0.04,0.04
-2.70,2.73,9.20,0.05,0.04,0.04
-3.20,3.12,10.05,0.12,0.01,0.04
-3.20,3.12,10.05,0.12,0.01,0.04
-3.20,3.12,10.05,0.12,0.01,0.04
-3.20,3.12,10.05,0.12,0.01,0.04
-3.20,3.12,10.05,0.12,0.01,0.04
-6.52,6.00,14.27,-0.02,0.33,-0.44
-6.52,6.00,14.27,-0.02,0.33,-0.44
-6.52,6.00,14.27,-0.02,0.33,-0.44
-6.52,6.00,14.27,-0.02,0.33,-0.44
-6.52,6.00,14.27,-0.02,0.33,-0.44
-5.95,2.63,16.40,-1.63,0.64,-1.58
-5.95,2.63,16.40,-1.63,0.64,-1.58
-5.95,2.63,16.40,-1.63,0.64,-1.58
-5.95,2.63,16.40,-1.63,0.64,-1.58
-5.95,2.63,16.40,-1.63,0.64,-1.58
-5.95,2.63,16.40,-1.63,0.64,-1.58
-2.45,-1.65,13.50,-3.26,-0.30,-2.27
-2.45,-1.65,13.50,-3.26,-0.30,-2.27
-2.45,-1.65,13.50,-3.26,-0.30,-2.27
-2.45,-1.65,13.50,-3.26,-0.30,-2.27
-2.45,-1.65,13.50,-3.26,-0.30,-2.27
-2.25,-4.39,9.58,-3.78,-1.77,-2.19
-2.25,-4.39,9.58,-3.78,-1.77,-2.19
-2.25,-4.39,9.58,-3.78,-1.77,-2.19
-2.25,-4.39,9.58,-3.78,-1.77,-2.19
-2.25,-4.39,9.58,-3.78,-1.77,-2.19
-0.71,-7.21,6.73,-2.82,-3.12,-1.69
-0.71,-7.21,6.73,-2.82,-3.12,-1.69
-0.71,-7.21,6.73,-2.82,-3.12,-1.69
-0.71,-7.21,6.73,-2.82,-3.12,-1.69
-0.71,-7.21,6.73,-2.82,-3.12,-1.69
-0.71,-7.21,6.73,-2.82,-3.12,-1.69
1.54,-5.37,4.96,-1.26,-3.31,-0.77
1.54,-5.37,4.96,-1.26,-3.31,-0.77
1.54,-5.37,4.96,-1.26,-3.31,-0.77
1.54,-5.37,4.96,-1.26,-3.31,-0.77
1.54,-5.37,4.96,-1.26,-3.31,-0.77
1.98,-2.72,3.21,-0.17,-2.18,0.29
1.98,-2.72,3.21,-0.17,-2.18,0.29
1.98,-2.72,3.21,-0.17,-2.18,0.29
1.98,-2.72,3.21,-0.17,-2.18,0.29
1.98,-2.72,3.21,-0.17,-2.18,0.29
0.80,-2.55,2.30,0.09,-0.22,1.41
0.80,-2.55,2.30,0.09,-0.22,1.41
0.80,-2.55,2.30,0.09,-0.22,1.41
0.80,-2.55,2.30,0.09,-0.22,1.41
0.80,-2.55,2.30,0.09,-0.22,1.41
0.80,-2.55,2.30,0.09,-0.22,1.41
-0.23,-5.41,1.11,-0.47,2.01,1.60
-0.23,-5.41,1.11,-0.47,2.01,1.60
-0.23,-5.41,1.11,-0.47,2.01,1.60
-0.23,-5.41,1.11,-0.47,2.01,1.60
-0.23,-5.41,1.11,-0.47,2.01,1.60
-0.14,-8.46,2.07,-0.87,1.97,0.18
-0.14,-8.46,2.07,-0.87,1.97,0.18
-0.14,-8.46,2.07,-0.87,1.97,0.18
-0.14,-8.46,2.07,-0.87,1.97,0.18
-0.14,-8.46,2.07,-0.87,1.97,0.18
1.45,-8.60,3.55,0.05,-0.44,-0.47
1.45,-8.60,3.55,0.05,-0.44,-0.47
1.45,-8.60,3.55,0.05,-0.44,-0.47
1.45,-8.60,3.55,0.05,-0.44,-0.47
1.45,-8.60,3.55,0.05,-0.44,-0.47
1.45,-8.60,3.55,0.05,-0.44,-0.47
2.44,-8.70,4.61,0.38,-0.92,-0.50
2.44,-8.70,4.61,0.38,-0.92,-0.50
2.44,-8.70,4.61,0.38,-0.92,-0.50
2.44,-8.70,4.61,0.38,-0.92,-0.50
2.44,-8.70,4.61,0.38,-0.92,-0.50
2.41,-8.38,5.06,0.24,-0.58,-0.30
2.41,-8.38,5.06,0.24,-0.58,-0.30
2.41,-8.38,5.06,0.24,-0.58,-0.30
2.41,-8.38,5.06,0.24,-0.58,-0.30
2.41,-8.38,5.06,0.24,-0.58,-0.30
2.05,-7.83,4.95,0.19,-0.15,-0.15
2.05,-7.83,4.95,0.19,-0.15,-0.15
2.05,-7.83,4.95,0.19,-0.15,-0.15
2.05,-7.83,4.95,0.19,-0.15,-0.15
2.05,-7.83,4.95,0.19,-0.15,-0.15
2.05,-7.83,4.95,0.19,-0.15,-0.15
1.37,-6.79,4.55,0.32,-0.10,-0.27
1.37,-6.79,4.55,0.32,-0.10,-0.27
1.37,-6.79,4.55,0.32,-0.10,-0.27
1.37,-6.79,4.55,0.32,-0.10,-0.27
1.37,-6.79,4.55,0.32,-0.10,-0.27
1.98,-5.81,3.88,0.44,-0.19,-0.94
1.98,-5.81,3.88,0.44,-0.19,-0.94
1.98,-5.81,3.88,0.44,-0.19,-0.94
1.98,-5.81,3.88,0.44,-0.19,-0.94
1.98,-5.81,3.88,0.44,-0.19,-0.94
2.91,-4.67,3.64,0.54,-0.68,-1.43
2.91,-4.67,3.64,0.54,-0.68,-1.43
2.91,-4.67,3.64,0.54,-0.68,-1.43
2.91,-4.67,3.64,0.54,-0.68,-1.43
2.91,-4.67,3.64,0.54,-0.68,-1.43
2.91,-4.67,3.64,0.54,-0.68,-1.43
4.21,-3.97,3.58,0.52,-0.36,-1.55
4.21,-3.97,3.58,0.52,-0.36,-1.55
4.21,-3.97,3.58,0.52,-0.36,-1.55
4.21,-3.97,3.58,0.52,-0.36,-1.55
4.21,-3.97,3.58,0.52,-0.36,-1.55
4.08,-4.04,4.58,0.63,0.41,-1.42
4.08,-4.04,4.58,0.63,0.41,-1.42
4.08,-4.04,4.58,0.63,0.41,-1.42
4.08,-4.04,4.58,0.63,0.41,-1.42
4.08,-4.04,4.58,0.63,0.41,-1.42
3.96,-3.64,6.36,0.98,0.60,-1.23
3.96,-3.64,6.36,0.98,0.60,-1.23
3.96,-3.64,6.36,0.98,0.60,-1.23
3.96,-3.64,6.36,0.98,0.60,-1.23
3.96,-3.64,6.36,0.98,0.60,-1.23
3.96,-3.64,6.36,0.98,0.60,-1.23
6.40,-3.06,8.45,1.25,-0.15,-0.98
6.40,-3.06,8.45,1.25,-0.15,-0.98
6.40,-3.06,8.45,1.25,-0.15,-0.98
6.40,-3.06,8.45,1.25,-0.15,-0.98
6.40,-3.06,8.45,1.25,-0.15,-0.98
7.39,-2.60,9.65,1.20,0.61,-0.69
7.39,-2.60,9.65,1.20,0.61,-0.69
7.39,-2.60,9.65,1.20,0.61,-0.69
7.39,-2.60,9.65,1.20,0.61,-0.69
7.39,-2.60,9.65,1.20,0.61,-0.69
5.26,-1.27,10.08,1.46,1.42,-0.31
5.26,-1.27,10.08,1.46,1.42,-0.31
5.26,-1.27,10.08,1.46,1.42,-0.31
5.26,-1.27,10.08,1.46,1.42,-0.31
5.26,-1.27,10.08,1.46,1.42,-0.31
5.26,-1.27,10.08,1.46,1.42,-0.31
4.98,-0.45,10.74,1.47,1.17,-0.40
4.98,-0.45,10.74,1.47,1.17,-0.40
4.98,-0.45,10.74,1.47,1.17,-0.40
4.98,-0.45,10.74,1.47,1.17,-0.40
4.98,-0.45,10.74,1.47,1.17,-0.40
6.00,0.36,10.05,1.58,0.66,-0.14
6.00,0.36,10.05,1.58,0.66,-0.14
6.00,0.36,10.05,1.58,0.66,-0.14
6.00,0.36,10.05,1.58,0.66,-0.14
6.00,0.36,10.05,1.58,0.66,-0.14
4.49,1.66,10.68,1.95,0.81,0.73
4.49,1.66,10.68,1.95,0.81,0.73
4.49,1.66,10.68,1.95,0.81,0.73
4.49,1.66,10.68,1.95,0.81,0.73
4.49,1.66,10.68,1.95,0.81,0.73
4.49,1.66,10.68,1.95,0.81,0.73
3.20,3.55,10.27,2.03,1.07,1.29
3.20,3.55,10.27,2.03,1.07,1.29
3.20,3.55,10.27,2.03,1.07,1.29
3.20,3.55,10.27,2.03,1.07,1.29
3.20,3.55,10.27,2.03,1.07,1.29
2.45,4.71,8.16,1.37,1.62,1.22
2.45,4.71,8.16,1.37,1.62,1.22
2.45,4.71,8.16,1.37,1.62,1.22
2.45,4.71,8.16,1.37,1.62,1.22
2.45,4.71,8.16,1.37,1.62,1.22
0.74,5.77,7.16,1.37,1.62,1.29
0.74,5.77,7.16,0.91,2.28,1.29
0.74,5.77,7.16,0.91,2.28,1.29
0.74,5.77,7.16,0.91,2.28,1.29
0.74,5.77,7.16,0.91,2.28,1.29
0.74,5.77,7.16,0.91,2.28,1.29
-2.50,7.65,11.32,0.52,2.27,0.83
-2.50,7.65,11.32,0.52,2.27,0.83
-2.50,7.65,11.32,0.52,2.27,0.83
-2.50,7.65,11.32,0.52,2.27,0.83
-2.50,7.65,11.32,0.52,2.27,0.83
-0.21,3.21,8.39,-0.91,0.94,-0.15
-0.21,3.21,8.39,-0.91,0.94,-0.15
-0.21,3.21,8.39,-0.91,0.94,-0.15
-0.21,3.21,8.39,-0.91,0.94,-0.15
-0.21,3.21,8.39,-0.91,0.94,-0.15
-0.21,3.21,8.39,-0.91,0.94,-0.15
-1.35,3.38,9.56,-0.70,0.44,-0.25
-1.35,3.38,9.56,-0.70,0.44,-0.25
-1.35,3.38,9.56,-0.70,0.44,-0.25
-1.35,3.38,9.56,-0.70,0.44,-0.25
-1.35,3.38,9.56,-0.70,0.44,-0.25
-1.79,3.06,9.22,-0.34,0.16,-0.10
-1.79,3.06,9.22,-0.34,0.16,-0.10
-1.79,3.06,9.22,-0.34,0.16,-0.10
-1.79,3.06,9.22,-0.34,0.16,-0.10
-1.79,3.06,9.22,-0.34,0.16,-0.10
-1.25,3.42,9.11,0.01,-0.07,-0.05
-1.25,3.42,9.11,0.01,-0.07,-0.05
-1.25,3.42,9.11,0.01,-0.07,-0.05
-1.25,3.42,9.11,0.01,-0.07,-0.05
-1.25,3.42,9.11,0.01,-0.07,-0.05
-1.25,3.42,9.11,0.01,-0.07,-0.05
-1.53,3.21,9.11,-0.09,0.09,-0.06
-1.53,3.21,9.11,-0.09,0.09,-0.06
-1.53,3.21,9.11,-0.09,0.09,-0.06
-1.53,3.21,9.11,-0.09,0.09,-0.06
-1.53,3.21,9.11,-0.09,0.09,-0.06
-1.81,3.14,9.36,-0.12,0.13,-0.05
-1.81,3.14,9.36,-0.12,0.13,-0.05
-1.81,3.14,9.36,-0.12,0.13,-0.05
-1.81,3.14,9.36,-0.12,0.13,-0.05
-1.81,3.14,9.36,-0.12,0.13,-0.05
-1.80,3.16,9.16,-0.05,0.08,-0.03
-1.80,3.16,9.16,-0.05,0.08,-0.03
-1.80,3.16,9.16,-0.05,0.08,-0.03
-1.80,3.16,9.16,-0.05,0.08,-0.03
-1.80,3.16,9.16,-0.05,0.08,-0.03
-1.80,3.16,9.16,-0.05,0.08,-0.03
-1.59,3.11,9.23,-0.03,0.03,-0.02
-1.59,3.11,9.23,-0.03,0.03,-0.02
-1.59,3.11,9.23,-0.03,0.03,-0.02
-1.59,3.11,9.23,-0.03,0.03,-0.02
-1.59,3.11,9.23,-0.03,0.03,-0.02
-1.77,2.98,9.21,-0.03,0.07,-0.04
-1.77,2.98,9.21,-0.03,0.07,-0.04
-1.77,2.98,9.21,-0.03,0.07,-0.04
-1.77,2.98,9.21,-0.03,0.07,-0.04
-1.77,2.98,9.21,-0.03,0.07,-0.04
-1.83,3.02,9.21,0.01,0.01,0.01
-1.83,3.02,9.21,0.01,0.01,0.01
-1.83,3.02,9.21,0.01,0.01,0.01
-1.83,3.02,9.21,0.01,0.01,0.01
-1.83,3.02,9.21,0.01,0.01,0.01
-1.83,3.02,9.21,0.01,0.01,0.01
-1.67,3.08,9.23,0.02,-0.04,0.01
-1.67,3.08,9.23,0.02,-0.04,0.01
-1.67,3.08,9.23,0.02,-0.04,0.01
-1.67,3.08,9.23,0.02,-0.04,0.01
-1.67,3.08,9.23,0.02,-0.04,0.01
-1.74,3.07,9.20,0.03,-0.01,-0.01
-1.74,3.07,9.20,0.03,-0.01,-0.01
-1.74,3.07,9.20,0.03,-0.01,-0.01
-1.74,3.07,9.20,0.03,-0.01,-0.01
-1.74,3.07,9.20,0.03,-0.01,-0.01
-1.70,3.11,9.19,0.04,-0.02,-0.01
-1.70,3.11,9.19,0.04,-0.02,-0.01
-1.70,3.11,9.19,0.04,-0.02,-0.01
-1.70,3.11,9.19,0.04,-0.02,-0.01
-1.70,3.11,9.19,0.04,-0.02,-0.01
-1.70,3.11,9.19,0.04,-0.02,-0.01
-1.65,3.16,9.19,0.02,-0.01,-0.00
-1.65,3.16,9.19,0.02,-0.01,-0.00
-1.65,3.16,9.19,0.02,-0.01,-0.00
-1.65,3.16,9.19,0.02,-0.01,-0.00
-1.65,3.16,9.19,0.02,-0.01,-0.00
-1.74,3.13,9.19,-0.00,0.03,-0.02
-1.74,3.13,9.19,-0.00,0.03,-0.02
-1.74,3.13,9.19,-0.00,0.03,-0.02
-1.74,3.13,9.19,-0.00,0.03,-0.02
-1.74,3.13,9.19,-0.00,0.03,-0.02
-1.74,3.09,9.22,-0.02,0.04,-0.03
-1.74,3.09,9.22,-0.02,0.04,-0.03
-1.74,3.09,9.22,-0.02,0.04,-0.03
-1.74,3.09,9.22,-0.02,0.04,-0.03
-1.74,3.09,9.22,-0.02,0.04,-0.03
-1.74,3.09,9.22,-0.02,0.04,-0.03
-1.82,3.07,9.21,-0.01,0.04,-0.03
-1.82,3.07,9.21,-0.01,0.04,-0.03
-1.82,3.07,9.21,-0.01,0.04,-0.03
-1.82,3.07,9.21,-0.01,0.04,-0.03
-1.82,3.07,9.21,-0.01,0.04,-0.03
-1.80,3.05,9.23,-0.00,0.01,-0.02
-1.80,3.05,9.23,-0.00,0.01,-0.02
-1.80,3.05,9.23,-0.00,0.01,-0.02
-1.80,3.05,9.23,-0.00,0.01,-0.02
-1.80,3.05,9.23,-0.00,0.01,-0.02
-1.83,3.06,9.21,0.01,0.03,-0.01
-1.83,3.06,9.21,0.01,0.03,-0.01
-1.83,3.06,9.21,0.01,0.03,-0.01
-1.83,3.06,9.21,0.01,0.03,-0.01
-1.83,3.06,9.21,0.01,0.03,-0.01
-1.83,3.06,9.21,0.01,0.03,-0.01
-1.88,3.11,9.21,0.02,0.03,-0.00
-1.88,3.11,9.21,0.02,0.03,-0.00
-1.88,3.11,9.21,0.02,0.03,-0.00
-1.88,3.11,9.21,0.02,0.03,-0.00
-1.88,3.11,9.21,0.02,0.03,-0.00
-1.85,3.10,9.22,0.02,0.01,-0.00
-1.85,3.10,9.22,0.02,0.01,-0.00
-1.85,3.10,9.22,0.02,0.01,-0.00
-1.85,3.10,9.22,0.02,0.01,-0.00
-1.85,3.10,9.22,0.02,0.01,-0.00
-1.85,3.11,9.21,0.02,0.00,-0.00
-1.85,3.11,9.21,0.02,0.00,-0.00
-1.85,3.11,9.21,0.02,0.00,-0.00
-1.85,3.11,9.21,0.02,0.00,-0.00
-1.85,3.11,9.21,0.02,0.00,-0.00
-1.85,3.11,9.21,0.02,0.00,-0.00
-1.86,3.13,9.20,0.03,0.00,-0.00
-1.86,3.13,9.20,0.03,0.00,-0.00
-1.86,3.13,9.20,0.03,0.00,-0.00
-1.86,3.13,9.20,0.03,0.00,-0.00
-1.86,3.13,9.20,0.03,0.00,-0.00
-1.86,3.12,9.21,0.03,0.00,-0.00
-1.86,3.12,9.21,0.03,0.00,-0.00
-1.86,3.12,9.21,0.03,0.00,-0.00
-1.86,3.12,9.21,0.03,0.00,-0.00
-1.86,3.12,9.21,0.03,0.00,-0.00
-1.84,3.15,9.20,0.03,0.00,-0.00
-1.84,3.15,9.20,0.04,0.01,0.01
-1.84,3.15,9.20,0.04,0.01,0.01
-1.84,3.15,9.20,0.04,0.01,0.01
-1.84,3.15,9.20,0.04,0.01,0.01
-1.84,3.15,9.20,0.04,0.01,0.01
-1.91,3.16,9.17,0.06,0.01,0.02
-1.91,3.16,9.17,0.06,0.01,0.02
-1.91,3.16,9.17,0.06,0.01,0.02
-1.91,3.16,9.17,0.06,0.01,0.02
-1.91,3.16,9.17,0.06,0.01,0.02
-1.84,3.35,9.43,0.10,-0.02,0.03
-1.84,3.35,9.43,0.10,-0.02,0.03
-1.84,3.35,9.43,0.10,-0.02,0.03
-1.84,3.35,9.43,0.10,-0.02,0.03
-1.84,3.35,9.43,0.10,-0.02,0.03
-1.84,3.35,9.43,0.10,-0.02,0.03
-3.02,5.10,11.84,0.05,0.43,-0.31
-3.02,5.10,11.84,0.05,0.43,-0.31
-3.02,5.10,11.84,0.05,0.43,-0.31
-3.02,5.10,11.84,0.05,0.43,-0.31
-3.02,5.10,11.84,0.05,0.43,-0.31
-7.24,3.89,14.18,-1.08,1.07,-1.66
-7.24,3.89,14.18,-1.08,1.07,-1.66
-7.24,3.89,14.18,-1.08,1.07,-1.66
-7.24,3.89,14.18,-1.08,1.07,-1.66
-7.24,3.89,14.18,-1.08,1.07,-1.66
-4.09,-0.79,16.01,-2.63,0.04,-2.55
-4.09,-0.79,16.01,-2.63,0.04,-2.55
-4.09,-0.79,16.01,-2.63,0.04,-2.55
-4.09,-0.79,16.01,-2.63,0.04,-2.55
-4.09,-0.79,16.01,-2.63,0.04,-2.55
-4.09,-0.79,16.01,-2.63,0.04,-2.55
-1.58,-3.83,12.68,-3.61,-1.41,-2.18
-1.58,-3.83,12.68,-3.61,-1.41,-2.18
-1.58,-3.83,12.68,-3.61,-1.41,-2.18
-1.58,-3.83,12.68,-3.61,-1.41,-2.18
-1.58,-3.83,12.68,-3.61,-1.41,-2.18
-1.51,-6.08,8.16,-3.47,-1.84,-1.88
-1.51,-6.08,8.16,-3.47,-1.84,-1.88
-1.51,-6.08,8.16,-3.47,-1.84,-1.88
-1.51,-6.08,8.16,-3.47,-1.84,-1.88
-1.51,-6.08,8.16,-3.47,-1.84,-1.88
-0.88,-5.69,4.04,-2.71,-1.15,-1.13
-0.88,-5.69,4.04,-2.71,-1.15,-1.13
-0.88,-5.69,4.04,-2.71,-1.15,-1.13
-0.88,-5.69,4.04,-2.71,-1.15,-1.13
-0.88,-5.69,4.04,-2.71,-1.15,-1.13
-0.88,-5.69,4.04,-2.71,-1.15,-1.13
-0.38,-4.20,2.49,-1.06,-0.78,-0.02
-0.38,-4.20,2.49,-1.06,-0.78,-0.02
-0.38,-4.20,2.49,-1.06,-0.78,-0.02
-0.38,-4.20,2.49,-1.06,-0.78,-0.02
-0.38,-4.20,2.49,-1.06,-0.78,-0.02
0.94,-3.45,3.10,0.32,-2.37,0.67
0.94,-3.45,3.10,0.32,-2.37,0.67
0.94,-3.45,3.10,0.32,-2.37,0.67
0.94,-3.45,3.10,0.32,-2.37,0.67
0.94,-3.45,3.10,0.32,-2.37,0.67
1.75,-4.62,4.54,0.52,-2.12,0.86
1.75,-4.62,4.54,0.52,-2.12,0.86
1.75,-4.62,4.54,0.52,-2.12,0.86
1.75,-4.62,4.54,0.52,-2.12,0.86
1.75,-4.62,4.54,0.52,-2.12,0.86
1.75,-4.62,4.54,0.52,-2.12,0.86
1.93,-6.62,4.99,0.08,-1.25,0.67
1.93,-6.62,4.99,0.08,-1.25,0.67
1.93,-6.62,4.99,0.08,-1.25,0.67
1.93,-6.62,4.99,0.08,-1.25,0.67
1.93,-6.62,4.99,0.08,-1.25,0.67
2.42,-7.79,4.94,-0.20,-0.98,0.24
2.42,-7.79,4.94,-0.20,-0.98,0.24
2.42,-7.79,4.94,-0.20,-0.98,0.24
2.42,-7.79,4.94,-0.20,-0.98,0.24
2.42,-7.79,4.94,-0.20,-0.98,0.24
2.85,-8.06,3.70,-0.27,-0.69,-0.05
2.85,-8.06,3.70,-0.27,-0.69,-0.05
2.85,-8.06,3.70,-0.27,-0.69,-0.05
2.85,-8.06,3.70,-0.27,-0.69,-0.05
2.85,-8.06,3.70,-0.27,-0.69,-0.05
2.85,-8.06,3.70,-0.27,-0.69,-0.05
2.76,-8.02,3.18,-0.15,-0.33,-0.01
2.76,-8.02,3.18,-0.15,-0.33,-0.01
2.76,-8.02,3.18,-0.15,-0.33,-0.01
2.76,-8.02,3.18,-0.15,-0.33,-0.01
2.76,-8.02,3.18,-0.15,-0.33,-0.01
2.85,-8.09,3.34,-0.04,-0.06,-0.00
2.85,-8.09,3.34,-0.04,-0.06,-0.00
2.85,-8.09,3.34,-0.04,-0.06,-0.00
2.85,-8.09,3.34,-0.04,-0.06,-0.00
2.85,-8.09,3.34,-0.04,-0.06,-0.00
3.35,-8.00,3.91,0.07,-0.13,-0.15
3.35,-8.00,3.91,0.07,-0.13,-0.15
3.35,-8.00,3.91,0.07,-0.13,-0.15
3.35,-8.00,3.91,0.07,-0.13,-0.15
3.35,-8.00,3.91,0.07,-0.13,-0.15
3.96,-8.01,4.44,0.07,-0.33,-0.17
3.96,-8.01,4.44,0.14,-0.33,-0.17
3.96,-8.01,4.44,0.14,-0.33,-0.17
3.96,-8.01,4.44,0.14,-0.33,-0.17
3.96,-8.01,4.44,0.14,-0.33,-0.17
3.96,-8.01,4.44,0.14,-0.33,-0.17
3.78,-8.13,4.81,0.13,-0.13,0.01
3.78,-8.13,4.81,0.13,-0.13,0.01
3.78,-8.13,4.81,0.13,-0.13,0.01
3.78,-8.13,4.81,0.13,-0.13,0.01
3.78,-8.13,4.81,0.13,-0.13,0.01
3.08,-8.15,4.72,0.05,0.08,0.16
3.08,-8.15,4.72,0.05,0.08,0.16
3.08,-8.15,4.72,0.05,0.08,0.16
3.08,-8.15,4.72,0.05,0.08,0.16
3.08,-8.15,4.72,0.05,0.08,0.16
2.54,-8.11,4.45,0.05,0.11,0.11
2.54,-8.11,4.45,0.05,0.11,0.11
2.54,-8.11,4.45,0.05,0.11,0.11
2.54,-8.11,4.45,0.05,0.11,0.11
2.54,-8.11,4.45,0.05,0.11,0.11
2.54,-8.11,4.45,0.05,0.11,0.11
2.83,-8.11,4.60,0.15,-0.13,-0.04
2.83,-8.11,4.60,0.15,-0.13,-0.04
2.83,-8.11,4.60,0.15,-0.13,-0.04
2.83,-8.11,4.60,0.15,-0.13,-0.04
2.83,-8.11,4.60,0.15,-0.13,-0.04
3.21,-7.97,4.60,0.22,-0.26,-0.11
3.21,-7.97,4.60,0.22,-0.26,-0.11
3.21,-7.97,4.60,0.22,-0.26,-0.11
3.21,-7.97,4.60,0.22,-0.26,-0.11
3.21,-7.97,4.60,0.22,-0.26,-0.11
3.42,-7.82,4.65,0.22,-0.26,-0.11
3.42,-7.82,4.65,0.18,-0.26,-0.14
3.42,-7.82,4.65,0.18,-0.26,-0.14
3.42,-7.82,4.65,0.18,-0.26,-0.14
3.42,-7.82,4.65,0.18,-0.26,-0.14
3.42,-7.82,4.65,0.18,-0.26,-0.14
3.58,-7.66,4.27,0.13,-0.13,-0.18
3.58,-7.66,4.27,0.13,-0.13,-0.18
3.58,-7.66,4.27,0.13,-0.13,-0.18
3.58,-7.66,4.27,0.13,-0.13,-0.18
3.58,-7.66,4.27,0.13,-0.13,-0.18
3.07,-7.14,3.88,0.20,-0.06,-0.29
3.07,-7.14,3.88,0.20,-0.06,-0.29
3.07,-7.14,3.88,0.20,-0.06,-0.29
3.07,-7.14,3.88,0.20,-0.06,-0.29
3.07,-7.14,3.88,0.20,-0.06,-0.29
3.44,-6.42,3.08,0.27,0.12,-0.72
3.44,-6.42,3.08,0.27,0.12,-0.72
3.44,-6.42,3.08,0.27,0.12,-0.72
3.44,-6.42,3.08,0.27,0.12,-0.72
3.44,-6.42,3.08,0.27,0.12,-0.72
3.44,-6.42,3.08,0.27,0.12,-0.72
3.35,-5.31,3.64,0.57,-0.11,-1.06
3.35,-5.31,3.64,0.57,-0.11,-1.06
3.35,-5.31,3.64,0.57,-0.11,-1.06
3.35,-5.31,3.64,0.57,-0.11,-1.06
3.35,-5.31,3.64,0.57,-0.11,-1.06
3.82,-4.05,4.10,0.70,-0.11,-1.39
3.82,-4.05,4.10,0.70,-0.11,-1.39
3.82,-4.05,4.10,0.70,-0.11,-1.39
3.82,-4.05,4.10,0.70,-0.11,-1.39
3.82,-4.05,4.10,0.70,-0.11,-1.39
3.82,-3.10,5.03,0.70,-0.11,-1.39
3.98,-3.10,5.03,0.68,0.55,-1.60
3.98,-3.10,5.03,0.68,0.55,-1.60
3.98,-3.10,5.03,0.68,0.55,-1.60
3.98,-3.10,5.03,0.68,0.55,-1.60
3.98,-3.10,5.03,0.68,0.55,-1.60
4.50,-2.50,6.24,0.64,0.76,-1.58
4.50,-2.50,6.24,0.64,0.76,-1.58
4.50,-2.50,6.24,0.64,0.76,-1.58
4.50,-2.50,6.24,0.64,0.76,-1.58
4.50,-2.50,6.24,0.64,0.76,-1.58
5.44,-2.05,8.93,0.75,0.72,-1.43
5.44,-2.05,8.93,0.75,0.72,-1.43
5.44,-2.05,8.93,0.75,0.72,-1.43
5.44,-2.05,8.93,0.75,0.72,-1.43
5.44,-2.05,8.93,0.75,0.72,-1.43
6.69,-2.09,9.86,0.48,0.86,-1.08
6.69,-2.09,9.86,0.48,0.86,-1.08
6.69,-2.09,9.86,0.48,0.86,-1.08
6.69,-2.09,9.86,0.48,0.86,-1.08
6.69,-2.09,9.86,0.48,0.86,-1.08
6.69,-2.09,9.86,0.48,0.86,-1.08
5.19,-1.71,9.77,0.49,1.73,-0.45
5.19,-1.71,9.77,0.49,1.73,-0.45
5.19,-1.71,9.77,0.49,1.73,-0.45
5.19,-1.71,9.77,0.49,1.73,-0.45
5.19,-1.71,9.77,0.49,1.73,-0.45
5.45,-1.23,10.17,0.95,1.38,-0.32
5.45,-1.23,10.17,0.95,1.38,-0.32
5.45,-1.23,10.17,0.95,1.38,-0.32
5.45,-1.23,10.17,0.95,1.38,-0.32
5.45,-1.23,10.17,0.95,1.38,-0.32
5.45,-1.23,10.17,0.95,1.38,-0.32
5.74,0.14,10.02,1.47,0.53,0.19
5.74,0.14,10.02,1.47,0.53,0.19
5.74,0.14,10.02,1.47,0.53,0.19
5.74,0.14,10.02,1.47,0.53,0.19
5.74,0.14,10.02,1.47,0.53,0.19
4.08,1.59,10.06,1.66,0.75,0.53
4.08,1.59,10.06,1.66,0.75,0.53
4.08,1.59,10.06,1.66,0.75,0.53
4.08,1.59,10.06,1.66,0.75,0.53
4.08,1.59,10.06,1.66,0.75,0.53
2.38,2.42,11.35,1.49,0.79,0.69
2.38,2.42,11.35,1.49,0.79,0.69
2.38,2.42,11.35,1.49,0.79,0.69
2.38,2.42,11.35,1.49,0.79,0.69
2.38,2.42,11.35,1.49,0.79,0.69
2.38,2.42,11.35,1.49,0.79,0.69
2.29,2.75,9.69,1.42,0.81,0.97
2.29,2.75,9.69,1.42,0.81,0.97
2.29,2.75,9.69,1.42,0.81,0.97
2.29,2.75,9.69,1.42,0.81,0.97
2.29,2.75,9.69,1.42,0.81,0.97
1.12,3.93,8.73,1.07,1.34,1.03
1.12,3.93,8.73,1.07,1.34,1.03
1.12,3.93,8.73,1.07,1.34,1.03
1.12,3.93,8.73,1.07,1.34,1.03
1.12,3.93,8.73,1.07,1.34,1.03
1.12,3.93,8.73,1.07,1.34,1.03
0.32,5.33,8.98,0.89,1.49,1.07
0.32,5.33,8.98,0.89,1.49,1.07
0.32,5.33,8.98,0.89,1.49,1.07
0.32,5.33,8.98,0.89,1.49,1.07
0.32,5.33,8.98,0.89,1.49,1.07
-0.47,6.32,11.08,0.52,1.35,0.68
-0.47,6.32,11.08,0.52,1.35,0.68
-0.47,6.32,11.08,0.52,1.35,0.68
-0.47,6.32,11.08,0.52,1.35,0.68
-0.47,6.32,11.08,0.52,1.35,0.68
0.48,3.66,7.90,-0.62,0.84,0.06
0.48,3.66,7.90,-0.62,0.84,0.06
0.48,3.66,7.90,-0.62,0.84,0.06
0.48,3.66,7.90,-0.62,0.84,0.06
0.48,3.66,7.90,-0.62,0.84,0.06
0.48,3.66,7.90,-0.62,0.84,0.06
-1.32,4.06,9.72,-0.70,0.60,-0.20
-1.32,4.06,9.72,-0.70,0.60,-0.20
-1.32,4.06,9.72,-0.70,0.60,-0.20
-1.32,4.06,9.72,-0.70,0.60,-0.20
-1.32,4.06,9.72,-0.70,0.60,-0.20
-1.45,2.83,9.29,-0.40,0.19,-0.16
-1.45,2.83,9.29,-0.40,0.19,-0.16
-1.45,2.83,9.29,-0.40,0.19,-0.16
-1.45,2.83,9.29,-0.40,0.19,-0.16
-1.45,2.83,9.29,-0.40,0.19,-0.16
-1.11,3.23,9.20,0.07,-0.08,-0.06
-1.11,3.23,9.20,0.07,-0.08,-0.06
-1.11,3.23,9.20,0.07,-0.08,-0.06
-1.11,3.23,9.20,0.07,-0.08,-0.06
-1.11,3.23,9.20,0.07,-0.08,-0.06
-1.11,3.23,9.20,0.07,-0.08,-0.06
-0.82,3.37,9.16,-0.00,-0.01,-0.06
-0.82,3.37,9.16,-0.00,-0.01,-0.06
-0.82,3.37,9.16,-0.00,-0.01,-0.06
-0.82,3.37,9.16,-0.00,-0.01,-0.06
-0.82,3.37,9.16,-0.00,-0.01,-0.06
-1.13,3.36,9.33,-0.09,0.16,-0.05
-1.13,3.36,9.33,-0.09,0.16,-0.05
-1.13,3.36,9.33,-0.09,0.16,-0.05
-1.13,3.36,9.33,-0.09,0.16,-0.05
-1.13,3.36,9.33,-0.09,0.16,-0.05
-1.63,3.16,9.12,-0.06,0.24,-0.08
-1.63,3.16,9.12,-0.06,0.24,-0.08
-1.63,3.16,9.12,-0.06,0.24,-0.08
-1.63,3.16,9.12,-0.06,0.24,-0.08
-1.63,3.16,9.12,-0.06,0.24,-0.08
-1.63,3.16,9.12,-0.06,0.24,-0.08
-1.38,3.17,9.30,-0.06,0.02,-0.04
-1.38,3.17,9.30,-0.06,0.02,-0.04
-1.38,3.17,9.30,-0.06,0.02,-0.04
-1.38,3.17,9.30,-0.06,0.02,-0.04
-1.38,3.17,9.30,-0.06,0.02,-0.04
-1.19,3.16,9.29,-0.02,-0.04,-0.02
-1.19,3.16,9.29,-0.02,-0.04,-0.02
-1.19,3.16,9.29,-0.02,-0.04,-0.02
-1.19,3.16,9.29,-0.02,-0.04,-0.02
-1.19,3.16,9.29,-0.02,-0.04,-0.02
-1.42,3.17,9.25,0.02,0.02,-0.01
-1.42,3.17,9.25,0.02,0.02,-0.01
-1.42,3.17,9.25,0.02,0.02,-0.01
-1.42,3.17,9.25,0.02,0.02,-0.01
-1.42,3.17,9.25,0.02,0.02,-0.01
-1.42,3.17,9.25,0.02,0.02,-0.01
-1.32,3.16,9.26,0.01,-0.01,-0.01
-1.32,3.16,9.26,0.01,-0.01,-0.01
-1.32,3.16,9.26,0.01,-0.01,-0.01
-1.32,3.16,9.26,0.01,-0.01,-0.01
-1.32,3.16,9.26,0.01,-0.01,-0.01
-1.36,3.15,9.26,-0.01,0.01,-0.02
-1.36,3.15,9.26,-0.01,0.01,-0.02
-1.36,3.15,9.26,-0.01,0.01,-0.02
-1.36,3.15,9.26,-0.01,0.01,-0.02
-1.36,3.15,9.26,-0.01,0.01,-0.02
-1.42,3.14,9.28,-0.01,0.03,-0.02
-1.42,3.14,9.28,-0.01,0.03,-0.02
-1.42,3.14,9.28,-0.01,0.03,-0.02
-1.42,3.14,9.28,-0.01,0.03,-0.02
-1.42,3.14,9.28,-0.01,0.03,-0.02
-1.42,3.14,9.28,-0.01,0.03,-0.02
-1.41,3.14,9.26,-0.01,0.01,-0.02
-1.41,3.14,9.26,-0.01,0.01,-0.02
-1.41,3.14,9.26,-0.01,0.01,-0.02
-1.41,3.14,9.26,-0.01,0.01,-0.02
-1.41,3.14,9.26,-0.01,0.01,-0.02
-1.43,3.13,9.25,-0.00,0.01,-0.02
-1.43,3.13,9.25,-0.00,0.01,-0.02
-1.43,3.13,9.25,-0.00,0.01,-0.02
-1.43,3.13,9.25,-0.00,0.01,-0.02
-1.43,3.13,9.25,-0.00,0.01,-0.02
-1.44,3.06,9.27,-0.02,0.02,-0.01
-1.44,3.06,9.27,-0.02,0.02,-0.01
-1.44,3.06,9.27,-0.02,0.02,-0.01
-1.44,3.06,9.27,-0.02,0.02,-0.01
-1.44,3.06,9.27,-0.02,0.02,-0.01
-1.44,3.06,9.27,-0.02,0.02,-0.01
-1.44,3.06,9.28,-0.00,0.01,-0.02
-1.44,3.06,9.28,-0.00,0.01,-0.02
-1.44,3.06,9.28,-0.00,0.01,-0.02
-1.44,3.06,9.28,-0.00,0.01,-0.02
-1.44,3.06,9.28,-0.00,0.01,-0.02
-1.48,3.08,9.26,-0.00,0.02,-0.01
-1.48,3.08,9.26,-0.00,0.02,-0.01
-1.48,3.08,9.26,-0.00,0.02,-0.01
-1.48,3.08,9.26,-0.00,0.02,-0.01
-1.48,3.08,9.26,-0.00,0.02,-0.01
-1.46,3.08,9.28,0.00,0.01,-0.02
-1.46,3.08,9.28,0.00,0.01,-0.02
-1.46,3.08,9.28,0.00,0.01,-0.02
-1.46,3.08,9.28,0.00,0.01,-0.02
-1.46,3.08,9.28,0.00,0.01,-0.02
-1.46,3.08,9.28,0.00,0.01,-0.02
-1.48,3.07,9.27,0.00,0.01,-0.02
-1.48,3.07,9.27,0.00,0.01,-0.02
-1.48,3.07,9.27,0.00,0.01,-0.02
-1.48,3.07,9.27,0.00,0.01,-0.02
-1.48,3.07,9.27,0.00,0.01,-0.02
-1.47,3.08,9.29,0.00,0.01,-0.02
-1.47,3.08,9.29,0.00,0.01,-0.02
-1.47,3.08,9.29,0.00,0.01,-0.02
-1.47,3.08,9.29,0.00,0.01,-0.02
-1.47,3.08,9.29,0.00,0.01,-0.02
-1.52,3.06,9.28,0.00,0.01,-0.02
-1.52,3.06,9.28,0.01,0.02,-0.02
-1.52,3.06,9.28,0.01,0.02,-0.02
-1.52,3.06,9.28,0.01,0.02,-0.02
-1.52,3.06,9.28,0.01,0.02,-0.02
-1.52,3.06,9.28,0.01,0.02,-0.02
-1.51,3.05,9.28,0.01,0.00,-0.02
-1.51,3.05,9.28,0.01,0.00,-0.02
-1.51,3.05,9.28,0.01,0.00,-0.02
-1.51,3.05,9.28,0.01,0.00,-0.02
-1.51,3.05,9.28,0.01,0.00,-0.02
-1.52,3.09,9.28,0.01,0.01,-0.02
-1.52,3.09,9.28,0.01,0.01,-0.02
-1.52,3.09,9.28,0.01,0.01,-0.02
-1.52,3.09,9.28,0.01,0.01,-0.02
-1.52,3.09,9.28,0.01,0.01,-0.02
-1.52,3.09,9.28,0.01,0.01,-0.02
-1.54,3.04,9.30,0.01,0.01,-0.01
-1.54,3.04,9.30,0.01,0.01,-0.01
-1.54,3.04,9.30,0.01,0.01,-0.01
-1.54,3.04,9.30,0.01,0.01,-0.01
-1.54,3.04,9.30,0.01,0.01,-0.01
-1.22,3.07,9.64,0.04,0.04,-0.00
-1.22,3.07,9.64,0.04,0.04,-0.00
-1.22,3.07,9.64,0.04,0.04,-0.00
-1.22,3.07,9.64,0.04,0.04,-0.00
-1.22,3.07,9.64,0.04,0.04,-0.00
-2.75,4.35,11.69,-0.07,0.61,-0.21
-2.75,4.35,11.69,-0.07,0.61,-0.21
-2.75,4.35,11.69,-0.07,0.61,-0.21
-2.75,4.35,11.69,-0.07,0.61,-0.21
-2.75,4.35,11.69,-0.07,0.61,-0.21
-2.75,4.35,11.69,-0.07,0.61,-0.21
-6.38,3.70,14.30,-1.22,1.26,-1.20
-6.38,3.70,14.30,-1.22,1.26,-1.20
-6.38,3.70,14.30,-1.22,1.26,-1.20
-6.38,3.70,14.30,-1.22,1.26,-1.20
-6.38,3.70,14.30,-1.22,1.26,-1.20
-4.25,-1.37,15.43,-2.67,0.29,-1.95
-4.25,-1.37,15.43,-2.67,0.29,-1.95
-4.25,-1.37,15.43,-2.67,0.29,-1.95
-4.25,-1.37,15.43,-2.67,0.29,-1.95
-4.25,-1.37,15.43,-2.67,0.29,-1.95
-2.92,-3.20,11.65,-3.34,-0.91,-2.05
-2.92,-3.20,11.65,-3.34,-0.91,-2.05
-2.92,-3.20,11.65,-3.34,-0.91,-2.05
-2.92,-3.20,11.65,-3.34,-0.91,-2.05
-2.92,-3.20,11.65,-3.34,-0.91,-2.05
-1.49,-5.40,7.15,-3.16,-1.52,-1.68
-1.49,-5.40,7.15,-3.16,-1.52,-1.68
-1.49,-5.40,7.15,-3.16,-1.52,-1.68
-1.49,-5.40,7.15,-3.16,-1.52,-1.68
-1.49,-5.40,7.15,-3.16,-1.52,-1.68
-1.49,-5.40,7.15,-3.16,-1.52,-1.68
0.92,-6.78,5.97,-2.46,-2.07,-1.30
0.92,-6.78,5.97,-2.46,-2.07,-1.30
0.92,-6.78,5.97,-2.46,-2.07,-1.30
0.92,-6.78,5.97,-2.46,-2.07,-1.30
0.92,-6.78,5.97,-2.46,-2.07,-1.30
0.31,-6.19,5.39,-1.50,-1.39,-0.32
0.31,-6.19,5.39,-1.50,-1.39,-0.32
0.31,-6.19,5.39,-1.50,-1.39,-0.32
0.31,-6.19,5.39,-1.50,-1.39,-0.32
0.31,-6.19,5.39,-1.50,-1.39,-0.32
-0.51,-4.41,4.96,-0.31,-0.70,0.38
-0.51,-4.41,4.96,-0.31,-0.70,0.38
-0.51,-4.41,4.96,-0.31,-0.70,0.38
-0.51,-4.41,4.96,-0.31,-0.70,0.38
-0.51,-4.41,4.96,-0.31,-0.70,0.38
-0.51,-4.41,4.96,-0.31,-0.70,0.38
0.82,-4.24,3.05,-0.07,-1.88,0.62
0.82,-4.24,3.05,-0.07,-1.88,0.62
0.82,-4.24,3.05,-0.07,-1.88,0.62
0.82,-4.24,3.05,-0.07,-1.88,0.62
0.82,-4.24,3.05,-0.07,-1.88,0.62
1.57,-6.18,3.09,0.06,-1.05,0.69
1.57,-6.18,3.09,0.06,-1.05,0.69
1.57,-6.18,3.09,0.06,-1.05,0.69
1.57,-6.18,3.09,0.06,-1.05,0.69
1.57,-6.18,3.09,0.06,-1.05,0.69
1.91,-7.35,4.17,0.49,-1.47,0.48
1.91,-7.35,4.17,0.49,-1.47,0.48
1.91,-7.35,4.17,0.49,-1.47,0.48
1.91,-7.35,4.17,0.49,-1.47,0.48
1.91,-7.35,4.17,0.49,-1.47,0.48
1.91,-7.35,4.17,0.49,-1.47,0.48
2.45,-7.71,3.53,0.37,-1.36,0.27
2.45,-7.71,3.53,0.37,-1.36,0.27
2.45,-7.71,3.53,0.37,-1.36,0.27
2.45,-7.71,3.53,0.37,-1.36,0.27
2.45,-7.71,3.53,0.37,-1.36,0.27
2.39,-8.15,3.50,-0.05,-0.12,0.05
2.39,-8.15,3.50,-0.05,-0.12,0.05
2.39,-8.15,3.50,-0.05,-0.12,0.05
2.39,-8.15,3.50,-0.05,-0.12,0.05
2.39,-8.15,3.50,-0.05,-0.12,0.05
2.80,-8.28,3.75,-0.03,-0.08,-0.12
2.80,-8.28,3.75,-0.03,-0.08,-0.12
2.80,-8.28,3.75,-0.03,-0.08,-0.12
2.80,-8.28,3.75,-0.03,-0.08,-0.12
2.80,-8.28,3.75,-0.03,-0.08,-0.12
2.80,-8.28,3.75,-0.03,-0.08,-0.12
3.19,-8.00,4.61,0.14,-0.34,-0.11
3.19,-8.00,4.61,0.14,-0.34,-0.11
3.19,-8.00,4.61,0.14,-0.34,-0.11
3.19,-8.00,4.61,0.14,-0.34,-0.11
3.19,-8.00,4.61,0.14,-0.34,-0.11
3.55,-7.82,4.93,0.11,-0.27,-0.10
3.55,-7.82,4.93,0.11,-0.27,-0.10
3.55,-7.82,4.93,0.11,-0.27,-0.10
3.55,-7.82,4.93,0.11,-0.27,-0.10
3.55,-7.82,4.93,0.11,-0.27,-0.10
3.23,-7.91,4.99,0.04,-0.04,0.01
3.23,-7.91,4.99,0.04,-0.04,0.01
3.23,-7.91,4.99,0.04,-0.04,0.01
3.23,-7.91,4.99,0.04,-0.04,0.01
3.23,-7.91,4.99,0.04,-0.04,0.01
3.23,-7.91,4.99,0.04,-0.04,0.01
3.01,-7.96,4.92,0.03,0.02,0.02
3.01,-7.96,4.92,0.03,0.02,0.02
3.01,-7.96,4.92,0.03,0.02,0.02
3.01,-7.96,4.92,0.03,0.02,0.02
3.01,-7.96,4.92,0.03,0.02,0.02
2.92,-7.94,4.79,0.02,-0.01,-0.00
2.92,-7.94,4.79,0.02,-0.01,-0.00
2.92,-7.94,4.79,0.02,-0.01,-0.00
2.92,-7.94,4.79,0.02,-0.01,-0.00
2.92,-7.94,4.79,0.02,-0.01,-0.00
2.99,-7.94,4.88,0.02,-0.02,-0.03
2.99,-7.94,4.88,0.02,-0.02,-0.03
2.99,-7.94,4.88,0.02,-0.02,-0.03
2.99,-7.94,4.88,0.02,-0.02,-0.03
2.99,-7.94,4.88,0.02,-0.02,-0.03
2.99,-7.94,4.88,0.02,-0.02,-0.03
3.14,-7.98,4.90,0.05,-0.05,-0.04
3.14,-7.98,4.90,0.05,-0.05,-0.04
3.14,-7.98,4.90,0.05,-0.05,-0.04
3.14,-7.98,4.90,0.05,-0.05,-0.04
3.14,-7.98,4.90,0.05,-0.05,-0.04
3.17,-7.99,4.99,0.07,-0.08,0.00
3.17,-7.99,4.99,0.07,-0.08,0.00
3.17,-7.99,4.99,0.07,-0.08,0.00
3.17,-7.99,4.99,0.07,-0.08,0.00
3.17,-7.99,4.99,0.07,-0.08,0.00
3.08,-7.92,4.78,0.05,-0.04,-0.01
3.08,-7.92,4.78,0.05,-0.04,-0.01
3.08,-7.92,4.78,0.05,-0.04,-0.01
3.08,-7.92,4.78,0.05,-0.04,-0.01
3.08,-7.92,4.78,0.05,-0.04,-0.01
3.08,-7.92,4.78,0.05,-0.04,-0.01
3.11,-7.91,4.63,0.04,-0.03,-0.04
3.11,-7.91,4.63,0.04,-0.03,-0.04
3.11,-7.91,4.63,0.04,-0.03,-0.04
3.11,-7.91,4.63,0.04,-0.03,-0.04
3.11,-7.91,4.63,0.04,-0.03,-0.04
2.96,-7.82,4.72,0.09,-0.02,-0.07
2.96,-7.82,4.72,0.09,-0.02,-0.07
2.96,-7.82,4.72,0.09,-0.02,-0.07
2.96,-7.82,4.72,0.09,-0.02,-0.07
2.96,-7.82,4.72,0.09,-0.02,-0.07
3.22,-7.71,4.69,0.11,-0.06,-0.19
3.22,-7.71,4.69,0.11,-0.06,-0.19
3.22,-7.71,4.69,0.11,-0.06,-0.19
3.22,-7.71,4.69,0.11,-0.06,-0.19
3.22,-7.71,4.69,0.11,-0.06,-0.19
3.22,-7.71,4.69,0.11,-0.06,-0.19
2.83,-7.12,4.61,0.14,-0.10,-0.36
2.83,-7.12,4.61,0.14,-0.10,-0.36
2.83,-7.12,4.61,0.14,-0.10,-0.36
2.83,-7.12,4.61,0.14,-0.10,-0.36
2.83,-7.12,4.61,0.14,-0.10,-0.36
2.68,-6.07,4.08,0.08,0.11,-0.90
2.68,-6.07,4.08,0.08,0.11,-0.90
2.68,-6.07,4.08,0.08,0.11,-0.90
2.68,-6.07,4.08,0.08,0.11,-0.90
2.68,-6.07,4.08,0.08,0.11,-0.90
3.53,-4.99,3.41,0.18,0.10,-1.46
3.53,-4.99,3.41,0.18,0.10,-1.46
3.53,-4.99,3.41,0.18,0.10,-1.46
3.53,-4.99,3.41,0.18,0.10,-1.46
3.53,-4.99,3.41,0.18,0.10,-1.46
3.53,-4.99,3.41,0.18,0.10,-1.46
3.75,-3.42,3.83,0.47,0.01,-1.70
3.75,-3.42,3.83,0.47,0.01,-1.70
3.75,-3.42,3.83,0.47,0.01,-1.70
3.75,-3.42,3.83,0.47,0.01,-1.70
3.75,-3.42,3.83,0.47,0.01,-1.70
4.14,-2.55,4.18,0.89,0.60,-1.83
4.14,-2.55,4.18,0.89,0.60,-1.83
4.14,-2.55,4.18,0.89,0.60,-1.83
4.14,-2.55,4.18,0.89,0.60,-1.83
4.14,-2.55,4.18,0.89,0.60,-1.83
5.00,-2.35,5.19,0.89,0.60,-1.83
5.00,-2.35,5.19,1.40,1.18,-1.82
5.00,-2.35,5.19,1.40,1.18,-1.82
5.00,-2.35,5.19,1.40,1.18,-1.82
5.00,-2.35,5.19,1.40,1.18,-1.82
5.00,-2.35,5.19,1.40,1.18,-1.82
6.53,-1.54,8.15,1.69,1.17,-1.63
6.53,-1.54,8.15,1.69,1.17,-1.63
6.53,-1.54,8.15,1.69,1.17,-1.63
6.53,-1.54,8.15,1.69,1.17,-1.63
6.53,-1.54,8.15,1.69,1.17,-1.63
6.22,-0.54,9.81,1.43,1.58,-0.69
6.22,-0.54,9.81,1.43,1.58,-0.69
6.22,-0.54,9.81,1.43,1.58,-0.69
6.22,-0.54,9.81,1.43,1.58,-0.69
6.22,-0.54,9.81,1.43,1.58,-0.69
6.22,-0.54,12.43,1.43,1.58,-0.69
1.88,1.83,12.43,1.53,2.13,-0.02
1.88,1.83,12.43,1.53,2.13,-0.02
1.88,1.83,12.43,1.53,2.13,-0.02
1.88,1.83,12.43,1.53,2.13,-0.02
1.88,1.83,12.43,1.53,2.13,-0.02
4.05,2.17,11.90,1.36,0.48,0.23
4.05,2.17,11.90,1.36,0.48,0.23
4.05,2.17,11.90,1.36,0.48,0.23
4.05,2.17,11.90,1.36,0.48,0.23
4.05,2.17,11.90,1.36,0.48,0.23
4.44,3.25,10.84,1.35,0.43,0.10
4.44,3.25,10.84,1.35,0.43,0.10
4.44,3.25,10.84,1.35,0.43,0.10
4.44,3.25,10.84,1.35,0.43,0.10
4.44,3.25,10.84,1.35,0.43,0.10
4.44,3.25,10.84,1.35,0.43,0.10
3.59,3.80,9.46,1.39,0.83,0.57
3.59,3.80,9.46,1.39,0.83,0.57
3.59,3.80,9.46,1.39,0.83,0.57
3.59,3.80,9.46,1.39,0.83,0.57
3.59,3.80,9.46,1.39,0.83,0.57
1.77,4.92,9.56,1.34,0.94,1.07
1.77,4.92,9.56,1.34,0.94,1.07
1.77,4.92,9.56,1.34,0.94,1.07
1.77,4.92,9.56,1.34,0.94,1.07
1.77,4.92,9.56,1.34,0.94,1.07
1.77,4.92,9.56,1.34,0.94,1.07
1.45,5.57,8.19,1.04,1.26,0.98
1.45,5.57,8.19,1.04,1.26,0.98
1.45,5.57,8.19,1.04,1.26,0.98
1.45,5.57,8.19,1.04,1.26,0.98
1.45,5.57,8.19,1.04,1.26,0.98
-1.55,7.60,11.17,0.15,1.85,0.66
-1.55,7.60,11.17,0.15,1.85,0.66
-1.55,7.60,11.17,0.15,1.85,0.66
-1.55,7.60,11.17,0.15,1.85,0.66
-1.55,7.60,11.17,0.15,1.85,0.66
1.39,4.63,7.95,-0.72,0.88,0.33
1.39,4.63,7.95,-0.72,0.88,0.33
1.39,4.63,7.95,-0.72,0.88,0.33
1.39,4.63,7.95,-0.72,0.88,0.33
1.39,4.63,7.95,-0.72,0.88,0.33
1.39,4.63,7.95,-0.72,0.88,0.33
-0.56,3.89,9.37,-0.65,0.66,-0.04
-0.56,3.89,9.37,-0.65,0.66,-0.04
-0.56,3.89,9.37,-0.65,0.66,-0.04
-0.56,3.89,9.37,-0.65,0.66,-0.04
-0.56,3.89,9.37,-0.65,0.66,-0.04
-0.53,3.40,8.96,-0.64,0.43,-0.13
-0.53,3.40,8.96,-0.64,0.43,-0.13
-0.53,3.40,8.96,-0.64,0.43,-0.13
-0.53,3.40,8.96,-0.64,0.43,-0.13
-0.53,3.40,8.96,-0.64,0.43,-0.13
-1.11,3.20,9.61,-0.27,0.27,-0.09
-1.11,3.20,9.61,-0.27,0.27,-0.09
-1.11,3.20,9.61,-0.27,0.27,-0.09
-1.11,3.20,9.61,-0.27,0.27,-0.09
-1.11,3.20,9.61,-0.27,0.27,-0.09
-1.11,3.20,9.61,-0.27,0.27,-0.09
-1.13,3.20,9.01,0.04,0.11,-0.10
-1.13,3.20,9.01,0.04,0.11,-0.10
-1.13,3.20,9.01,0.04,0.11,-0.10
-1.13,3.20,9.01,0.04,0.11,-0.10
-1.13,3.20,9.01,0.04,0.11,-0.10
-1.05,3.32,9.26,0.01,0.06,-0.10
-1.05,3.32,9.26,0.01,0.06,-0.10
-1.05,3.32,9.26,0.01,0.06,-0.10
-1.05,3.32,9.26,0.01,0.06,-0.10
-1.05,3.32,9.26,0.01,0.06,-0.10
-1.05,3.32,9.26,0.01,0.06,-0.10
-1.21,3.34,9.32,-0.07,0.11,-0.05
-1.21,3.34,9.32,-0.07,0.11,-0.05
-1.21,3.34,9.32,-0.07,0.11,-0.05
-1.21,3.34,9.32,-0.07,0.11,-0.05
-1.21,3.34,9.32,-0.07,0.11,-0.05
-1.39,3.24,9.17,-0.02,0.10,-0.06
-1.39,3.24,9.17,-0.02,0.10,-0.06
-1.39,3.24,9.17,-0.02,0.10,-0.06
-1.39,3.24,9.17,-0.02,0.10,-0.06
-1.39,3.24,9.17,-0.02,0.10,-0.06
-1.17,3.24,9.24,-0.01,0.00,-0.04
-1.17,3.24,9.24,-0.01,0.00,-0.04
-1.17,3.24,9.24,-0.01,0.00,-0.04
-1.17,3.24,9.24,-0.01,0.00,-0.04
-1.17,3.24,9.24,-0.01,0.00,-0.04
-1.17,3.24,9.24,-0.01,0.00,-0.04
-1.25,3.25,9.26,-0.00,0.02,-0.02
-1.25,3.25,9.26,-0.00,0.02,-0.02
-1.25,3.25,9.26,-0.00,0.02,-0.02
-1.25,3.25,9.26,-0.00,0.02,-0.02
-1.25,3.25,9.26,-0.00,0.02,-0.02
-1.32,3.27,9.20,0.02,0.01,-0.00
-1.32,3.27,9.20,0.02,0.01,-0.00
-1.32,3.27,9.20,0.02,0.01,-0.00
-1.32,3.27,9.20,0.02,0.01,-0.00
-1.32,3.27,9.20,0.02,0.01,-0.00
-1.22,3.27,9.22,0.01,-0.02,-0.01
-1.22,3.27,9.22,0.01,-0.02,-0.01
-1.22,3.27,9.22,0.01,-0.02,-0.01
-1.22,3.27,9.22,0.01,-0.02,-0.01
-1.22,3.27,9.22,0.01,-0.02,-0.01
-1.22,3.27,9.22,0.01,-0.02,-0.01
-1.28,3.24,9.21,0.00,0.00,-0.01
-1.28,3.24,9.21,0.00,0.00,-0.01
-1.28,3.24,9.21,0.00,0.00,-0.01
-1.28,3.24,9.21,0.00,0.00,-0.01
-1.28,3.24,9.21,0.00,0.00,-0.01
-1.21,3.26,9.22,0.01,-0.00,-0.01
-1.21,3.26,9.22,0.01,-0.00,-0.01
-1.21,3.26,9.22,0.01,-0.00,-0.01
-1.21,3.26,9.22,0.01,-0.00,-0.01
-1.21,3.26,9.22,0.01,-0.00,-0.01
-1.25,3.25,9.23,0.00,0.01,-0.02
-1.25,3.25,9.23,0.00,0.01,-0.02
-1.25,3.25,9.23,0.00,0.01,-0.02
-1.25,3.25,9.23,0.00,0.01,-0.02
-1.25,3.25,9.23,0.00,0.01,-0.02
-1.31,3.22,9.23,0.00,0.01,-0.02
-1.31,3.22,9.23,0.00,0.03,-0.01
-1.31,3.22,9.23,0.00,0.03,-0.01
-1.31,3.22,9.23,0.00,0.03,-0.01
-1.31,3.22,9.23,0.00,0.03,-0.01
-1.31,3.22,9.23,0.00,0.03,-0.01
-1.32,3.30,9.19,0.01,0.02,-0.01
-1.32,3.30,9.19,0.01,0.02,-0.01
-1.32,3.30,9.19,0.01,0.02,-0.01
-1.32,3.30,9.19,0.01,0.02,-0.01
-1.32,3.30,9.19,0.01,0.02,-0.01
-1.32,3.23,9.23,-0.00,0.02,-0.02
-1.32,3.23,9.23,-0.00,0.02,-0.02
-1.32,3.23,9.23,-0.00,0.02,-0.02
-1.32,3.23,9.23,-0.00,0.02,-0.02
-1.32,3.23,9.23,-0.00,0.02,-0.02
-1.32,3.23,9.23,-0.00,0.02,-0.02
-1.38,3.22,9.23,0.00,0.02,-0.01
-1.38,3.22,9.23,0.00,0.02,-0.01
-1.38,3.22,9.23,0.00,0.02,-0.01
-1.38,3.22,9.23,0.00,0.02,-0.01
-1.38,3.22,9.23,0.00,0.02,-0.01
-1.34,3.24,9.23,0.02,-0.01,0.00
-1.34,3.24,9.23,0.02,-0.01,0.00
-1.34,3.24,9.23,0.02,-0.01,0.00
-1.34,3.24,9.23,0.02,-0.01,0.00
-1.34,3.24,9.23,0.02,-0.01,0.00
-1.30,3.28,9.21,0.03,-0.02,0.00
-1.30,3.28,9.21,0.03,-0.02,0.00
-1.30,3.28,9.21,0.03,-0.02,0.00
-1.30,3.28,9.21,0.03,-0.02,0.00
-1.30,3.28,9.21,0.03,-0.02,0.00
-1.30,3.28,9.21,0.03,-0.02,0.00
-1.23,3.27,9.26,0.03,-0.02,0.01
-1.23,3.27,9.26,0.03,-0.02,0.01
-1.23,3.27,9.26,0.03,-0.02,0.01
-1.23,3.27,9.26,0.03,-0.02,0.01
-1.23,3.27,9.26,0.03,-0.02,0.01
-0.56,3.39,9.92,0.04,0.11,0.00
-0.56,3.39,9.92,0.04,0.11,0.00
-0.56,3.39,9.92,0.04,0.11,0.00
-0.56,3.39,9.92,0.04,0.11,0.00
-0.56,3.39,9.92,0.04,0.11,0.00
-3.87,5.74,14.32,0.04,0.73,-0.39
-3.87,5.74,14.32,-0.13,0.73,-0.39
-3.87,5.74,14.32,-0.13,0.73,-0.39
-3.87,5.74,14.32,-0.13,0.73,-0.39
-3.87,5.74,14.32,-0.13,0.73,-0.39
-3.87,5.74,14.32,-0.13,0.73,-0.39
-5.87,3.24,14.37,-1.51,1.02,-1.69
-5.87,3.24,14.37,-1.51,1.02,-1.69
-5.87,3.24,14.37,-1.51,1.02,-1.69
-5.87,3.24,14.37,-1.51,1.02,-1.69
-5.87,3.24,14.37,-1.51,1.02,-1.69
-3.45,-1.12,13.67,-3.16,0.57,-2.47
-3.45,-1.12,13.67,-3.16,0.57,-2.47
-3.45,-1.12,13.67,-3.16,0.57,-2.47
-3.45,-1.12,13.67,-3.16,0.57,-2.47
-3.45,-1.12,13.67,-3.16,0.57,-2.47
-2.53,-4.11,9.73,-3.16,-0.93,-2.25
-2.53,-4.11,9.73,-3.41,-0.93,-2.25
-2.53,-4.11,9.73,-3.41,-0.93,-2.25
-2.53,-4.11,9.73,-3.41,-0.93,-2.25
-2.53,-4.11,9.73,-3.41,-0.93,-2.25
-2.53,-4.11,9.73,-3.41,-0.93,-2.25
-0.88,-5.79,6.72,-2.69,-1.88,-1.57
-0.88,-5.79,6.72,-2.69,-1.88,-1.57
-0.88,-5.79,6.72,-2.69,-1.88,-1.57
-0.88,-5.79,6.72,-2.69,-1.88,-1.57
-0.88,-5.79,6.72,-2.69,-1.88,-1.57
-0.39,-5.61,4.49,-1.87,-2.41,-0.45
-0.39,-5.61,4.49,-1.87,-2.41,-0.45
-0.39,-5.61,4.49,-1.87,-2.41,-0.45
-0.39,-5.61,4.49,-1.87,-2.41,-0.45
-0.39,-5.61,4.49,-1.87,-2.41,-0.45
1.01,-5.83,4.74,-0.94,-2.96,0.24
1.01,-5.83,4.74,-0.94,-2.96,0.24
1.01,-5.83,4.74,-0.94,-2.96,0.24
1.01,-5.83,4.74,-0.94,-2.96,0.24
1.01,-5.83,4.74,-0.94,-2.96,0.24
1.01,-5.83,4.74,-0.94,-2.96,0.24
1.76,-4.53,4.45,0.32,-2.76,0.63
1.76,-4.53,4.45,0.32,-2.76,0.63
1.76,-4.53,4.45,0.32,-2.76,0.63
1.76,-4.53,4.45,0.32,-2.76,0.63
1.76,-4.53,4.45,0.32,-2.76,0.63
2.04,-4.41,4.43,0.80,-1.47,0.96
2.04,-4.41,4.43,0.80,-1.47,0.96
2.04,-4.41,4.43,0.80,-1.47,0.96
2.04,-4.41,4.43,0.80,-1.47,0.96
2.04,-4.41,4.43,0.80,-1.47,0.96
2.02,-5.75,4.75,0.61,-0.81,1.00
2.02,-5.75,4.75,0.61,-0.81,1.00
2.02,-5.75,4.75,0.61,-0.81,1.00
2.02,-5.75,4.75,0.61,-0.81,1.00
2.02,-5.75,4.75,0.61,-0.81,1.00
2.02,-5.75,4.75,0.61,-0.81,1.00
2.25,-7.01,4.30,0.12,-0.37,0.60
2.25,-7.01,4.30,0.12,-0.37,0.60
2.25,-7.01,4.30,0.12,-0.37,0.60
2.25,-7.01,4.30,0.12,-0.37,0.60
2.25,-7.01,4.30,0.12,-0.37,0.60
1.92,-7.82,4.25,-0.28,0.32,0.13
1.92,-7.82,4.25,-0.28,0.32,0.13
1.92,-7.82,4.25,-0.28,0.32,0.13
1.92,-7.82,4.25,-0.28,0.32,0.13
1.92,-7.82,4.25,-0.28,0.32,0.13
2.31,-7.91,4.56,-0.14,0.02,-0.18
2.31,-7.91,4.56,-0.14,0.02,-0.18
2.31,-7.91,4.56,-0.14,0.02,-0.18
2.31,-7.91,4.56,-0.14,0.02,-0.18
2.31,-7.91,4.56,-0.14,0.02,-0.18
2.31,-7.91,4.56,-0.14,0.02,-0.18
2.98,-7.79,5.06,0.08,-0.38,-0.22
2.98,-7.79,5.06,0.08,-0.38,-0.22
2.98,-7.79,5.06,0.08,-0.38,-0.22
2.98,-7.79,5.06,0.08,-0.38,-0.22
2.98,-7.79,5.06,0.08,-0.38,-0.22
3.20,-7.58,5.34,0.07,-0.14,-0.15
3.20,-7.58,5.34,0.07,-0.14,-0.15
3.20,-7.58,5.34,0.07,-0.14,-0.15
3.20,-7.58,5.34,0.07,-0.14,-0.15
3.20,-7.58,5.34,0.07,-0.14,-0.15
3.40,-7.51,5.48,0.04,-0.10,-0.12
3.40,-7.51,5.48,0.04,-0.10,-0.12
3.40,-7.51,5.48,0.04,-0.10,-0.12
3.40,-7.51,5.48,0.04,-0.10,-0.12
3.40,-7.51,5.48,0.04,-0.10,-0.12
3.40,-7.51,5.48,0.04,-0.10,-0.12
3.36,-7.49,5.63,0.04,-0.08,-0.05
3.36,-7.49,5.63,0.04,-0.08,-0.05
3.36,-7.49,5.63,0.04,-0.08,-0.05
3.36,-7.49,5.63,0.04,-0.08,-0.05
3.36,-7.49,5.63,0.04,-0.08,-0.05
3.07,-7.48,5.49,0.01,-0.01,0.01
3.07,-7.48,5.49,0.01,-0.01,0.01
3.07,-7.48,5.49,0.01,-0.01,0.01
3.07,-7.48,5.49,0.01,-0.01,0.01
3.07,-7.48,5.49,0.01,-0.01,0.01
2.89,-7.56,5.59,0.03,0.01,0.03
2.89,-7.56,5.59,0.03,0.01,0.03
2.89,-7.56,5.59,0.03,0.01,0.03
2.89,-7.56,5.59,0.03,0.01,0.03
2.89,-7.56,5.59,0.03,0.01,0.03
2.89,-7.56,5.59,0.03,0.01,0.03
2.88,-7.65,5.55,0.03,-0.03,-0.00
2.88,-7.65,5.55,0.03,-0.03,-0.00
2.88,-7.65,5.55,0.03,-0.03,-0.00
2.88,-7.65,5.55,0.03,-0.03,-0.00
2.88,-7.65,5.55,0.03,-0.03,-0.00
2.97,-7.57,5.46,0.04,-0.12,-0.04
2.97,-7.57,5.46,0.04,-0.12,-0.04
2.97,-7.57,5.46,0.04,-0.12,-0.04
2.97,-7.57,5.46,0.04,-0.12,-0.04
2.97,-7.57,5.46,0.04,-0.12,-0.04
2.48,-7.24,5.00,0.01,-0.04,-0.13
2.48,-7.24,5.00,0.01,-0.04,-0.13
2.48,-7.24,5.00,0.01,-0.04,-0.13
2.48,-7.24,5.00,0.01,-0.04,-0.13
2.48,-7.24,5.00,0.01,-0.04,-0.13
2.29,-6.19,3.57,-0.06,0.15,-0.67
2.29,-6.19,3.57,-0.06,0.15,-0.67
2.29,-6.19,3.57,-0.06,0.15,-0.67
2.29,-6.19,3.57,-0.06,0.15,-0.67
2.29,-6.19,3.57,-0.06,0.15,-0.67
2.29,-6.19,3.57,-0.06,0.15,-0.67
2.92,-5.12,3.19,0.12,0.00,-1.42
2.92,-5.12,3.19,0.12,0.00,-1.42
2.92,-5.12,3.19,0.12,0.00,-1.42
2.92,-5.12,3.19,0.12,0.00,-1.42
2.92,-5.12,3.19,0.12,0.00,-1.42
3.79,-3.85,4.05,0.56,-0.46,-1.81
3.79,-3.85,4.05,0.56,-0.46,-1.81
3.79,-3.85,4.05,0.56,-0.46,-1.81
3.79,-3.85,4.05,0.56,-0.46,-1.81
3.79,-3.85,4.05,0.56,-0.46,-1.81
4.83,-2.40,4.52,0.82,-0.38,-2.04
4.83,-2.40,4.52,0.82,-0.38,-2.04
4.83,-2.40,4.52,0.82,-0.38,-2.04
4.83,-2.40,4.52,0.82,-0.38,-2.04
4.83,-2.40,4.52,0.82,-0.38,-2.04
4.83,-2.40,4.52,0.82,-0.38,-2.04
6.25,-2.03,5.42,0.76,0.04,-2.10
6.25,-2.03,5.42,0.76,0.04,-2.10
6.25,-2.03,5.42,0.76,0.04,-2.10
6.25,-2.03,5.42,0.76,0.04,-2.10
6.25,-2.03,5.42,0.76,0.04,-2.10
7.65,-1.86,6.47,0.70,0.36,-1.78
7.65,-1.86,6.47,0.70,0.36,-1.78
7.65,-1.86,6.47,0.70,0.36,-1.78
7.65,-1.86,6.47,0.70,0.36,-1.78
7.65,-1.86,6.47,0.70,0.36,-1.78
8.43,-1.50,7.21,0.60,0.69,-1.06
8.43,-1.50,7.21,0.60,0.69,-1.06
8.43,-1.50,7.21,0.60,0.69,-1.06
8.43,-1.50,7.21,0.60,0.69,-1.06
8.43,-1.50,7.21,0.60,0.69,-1.06
8.43,-1.50,7.21,0.60,0.69,-1.06
6.49,-1.50,8.88,0.49,1.76,-0.24
6.49,-1.50,8.88,0.49,1.76,-0.24
6.49,-1.50,8.88,0.49,1.76,-0.24
6.49,-1.50,8.88,0.49,1.76,-0.24
6.49,-1.50,8.88,0.49,1.76,-0.24
4.32,-0.57,10.85,0.87,1.81,0.07
4.32,-0.57,10.85,0.87,1.81,0.07
4.32,-0.57,10.85,0.87,1.81,0.07
4.32,-0.57,10.85,0.87,1.81,0.07
4.32,-0.57,10.85,0.87,1.81,0.07
5.13,0.65,10.60,0.87,0.97,-0.28
5.13,0.65,10.60,1.03,0.97,-0.28
5.13,0.65,10.60,1.03,0.97,-0.28
5.13,0.65,10.60,1.03,0.97,-0.28
5.13,0.65,10.60,1.03,0.97,-0.28
5.13,0.65,10.60,1.03,0.97,-0.28
5.76,1.97,9.84,1.29,0.69,-0.29
5.76,1.97,9.84,1.29,0.69,-0.29
5.76,1.97,9.84,1.29,0.69,-0.29
5.76,1.97,9.84,1.29,0.69,-0.29
5.76,1.97,9.84,1.29,0.69,-0.29
4.66,3.10,9.52,1.64,0.90,0.22
4.66,3.10,9.52,1.64,0.90,0.22
4.66,3.10,9.52,1.64,0.90,0.22
4.66,3.10,9.52,1.64,0.90,0.22
4.66,3.10,9.52,1.64,0.90,0.22
4.66,3.10,9.52,1.64,0.90,0.22
3.42,3.88,8.62,1.76,0.96,0.92
3.42,3.88,8.62,1.76,0.96,0.92
3.42,3.88,8.62,1.76,0.96,0.92
3.42,3.88,8.62,1.76,0.96,0.92
3.42,3.88,8.62,1.76,0.96,0.92
2.11,4.73,8.62,1.21,1.06,1.06
2.11,4.73,8.62,1.21,1.06,1.06
2.11,4.73,8.62,1.21,1.06,1.06
2.11,4.73,8.62,1.21,1.06,1.06
2.11,4.73,8.62,1.21,1.06,1.06
0.48,5.62,8.72,0.52,1.74,1.17
0.48,5.62,8.72,0.52,1.74,1.17
0.48,5.62,8.72,0.52,1.74,1.17
0.48,5.62,8.72,0.52,1.74,1.17
0.48,5.62,8.72,0.52,1.74,1.17
0.48,5.62,8.72,0.52,1.74,1.17
-0.80,6.25,10.94,0.04,2.11,0.90
-0.80,6.25,10.94,0.04,2.11,0.90
-0.80,6.25,10.94,0.04,2.11,0.90
-0.80,6.25,10.94,0.04,2.11,0.90
-0.80,6.25,10.94,0.04,2.11,0.90
1.36,3.89,9.06,-0.50,0.80,0.35
1.36,3.89,9.06,-0.50,0.80,0.35
1.36,3.89,9.06,-0.50,0.80,0.35
1.36,3.89,9.06,-0.50,0.80,0.35
1.36,3.89,9.06,-0.50,0.80,0.35
-0.32,3.43,9.09,-0.59,0.66,-0.06
-0.32,3.43,9.09,-0.59,0.66,-0.06
-0.32,3.43,9.09,-0.59,0.66,-0.06
-0.32,3.43,9.09,-0.59,0.66,-0.06
-0.32,3.43,9.09,-0.59,0.66,-0.06
-0.32,3.43,9.09,-0.59,0.66,-0.06
-1.01,3.21,9.55,-0.58,0.43,-0.08
-1.01,3.21,9.55,-0.58,0.43,-0.08
-1.01,3.21,9.55,-0.58,0.43,-0.08
-1.01,3.21,9.55,-0.58,0.43,-0.08
-1.01,3.21,9.55,-0.58,0.43,-0.08
-0.62,2.65,9.57,-0.18,0.10,-0.10
-0.62,2.65,9.57,-0.18,0.10,-0.10
-0.62,2.65,9.57,-0.18,0.10,-0.10
-0.62,2.65,9.57,-0.18,0.10,-0.10
-0.62,2.65,9.57,-0.18,0.10,-0.10
-1.07,2.97,9.09,0.06,0.17,-0.09
-1.07,2.97,9.09,0.06,0.17,-0.09
-1.07,2.97,9.09,0.06,0.17,-0.09
-1.07,2.97,9.09,0.06,0.17,-0.09
-1.07,2.97,9.09,0.06,0.17,-0.09
-1.07,2.97,9.09,0.06,0.17,-0.09
-1.10,3.13,9.44,-0.02,0.07,-0.04
-1.10,3.13,9.44,-0.02,0.07,-0.04
-1.10,3.13,9.44,-0.02,0.07,-0.04
-1.10,3.13,9.44,-0.02,0.07,-0.04
-1.10,3.13,9.44,-0.02,0.07,-0.04
-0.87,3.06,9.37,-0.03,0.03,-0.03
-0.87,3.06,9.37,-0.03,0.03,-0.03
-0.87,3.06,9.37,-0.03,0.03,-0.03
-0.87,3.06,9.37,-0.03,0.03,-0.03
-0.87,3.06,9.37,-0.03,0.03,-0.03
-1.22,2.98,9.32,-0.03,0.03,-0.03
-1.22,2.98,9.32,-0.00,0.09,-0.04
-1.22,2.98,9.32,-0.00,0.09,-0.04
-1.22,2.98,9.32,-0.00,0.09,-0.04
-1.22,2.98,9.32,-0.00,0.09,-0.04
-1.22,2.98,9.32,-0.00,0.09,-0.04
-0.87,3.02,9.36,0.01,-0.02,-0.01
-0.87,3.02,9.36,0.01,-0.02,-0.01
-0.87,3.02,9.36,0.01,-0.02,-0.01
-0.87,3.02,9.36,0.01,-0.02,-0.01
-0.87,3.02,9.36,0.01,-0.02,-0.01
-1.10,3.03,9.33,0.03,0.01,-0.01
-1.10,3.03,9.33,0.03,0.01,-0.01
-1.10,3.03,9.33,0.03,0.01,-0.01
-1.10,3.03,9.33,0.03,0.01,-0.01
-1.10,3.03,9.33,0.03,0.01,-0.01
-1.10,3.03,9.33,0.03,0.01,-0.01
-1.03,3.06,9.34,0.04,-0.01,-0.00
-1.03,3.06,9.34,0.04,-0.01,-0.00
-1.03,3.06,9.34,0.04,-0.01,-0.00
-1.03,3.06,9.34,0.04,-0.01,-0.00
-1.03,3.06,9.34,0.04,-0.01,-0.00
-1.04,3.05,9.34,0.03,-0.02,-0.00
-1.04,3.05,9.34,0.03,-0.02,-0.00
-1.04,3.05,9.34,0.03,-0.02,-0.00
-1.04,3.05,9.34,0.03,-0.02,-0.00
-1.04,3.05,9.34,0.03,-0.02,-0.00
-1.02,3.09,9.33,0.03,-0.02,-0.01
-1.02,3.09,9.33,0.03,-0.02,-0.01
-1.02,3.09,9.33,0.03,-0.02,-0.01
-1.02,3.09,9.33,0.03,-0.02,-0.01
-1.02,3.09,9.33,0.03,-0.02,-0.01
-1.02,3.09,9.33,0.03,-0.02,-0.01
-0.96,3.10,9.32,0.03,-0.02,-0.01
-0.96,3.10,9.32,0.03,-0.02,-0.01
-0.96,3.10,9.32,0.03,-0.02,-0.01
-0.96,3.10,9.32,0.03,-0.02,-0.01
-0.96,3.10,9.32,0.03,-0.02,-0.01
-0.96,3.13,9.32,0.02,-0.01,-0.01
-0.96,3.13,9.32,0.02,-0.01,-0.01
-0.96,3.13,9.32,0.02,-0.01,-0.01
-0.96,3.13,9.32,0.02,-0.01,-0.01
-0.96,3.13,9.32,0.02,-0.01,-0.01
-0.99,3.12,9.33,0.02,-0.00,-0.02
-0.99,3.12,9.33,0.02,-0.00,-0.02
-0.99,3.12,9.33,0.02,-0.00,-0.02
-0.99,3.12,9.33,0.02,-0.00,-0.02
-0.99,3.12,9.33,0.02,-0.00,-0.02
-0.99,3.12,9.33,0.02,-0.00,-0.02
-0.97,3.11,9.31,0.02,-0.00,-0.01
-0.97,3.11,9.31,0.02,-0.00,-0.01
-0.97,3.11,9.31,0.02,-0.00,-0.01
-0.97,3.11,9.31,0.02,-0.00,-0.01
-0.97,3.11,9.31,0.02,-0.00,-0.01
-1.02,3.15,9.31,0.02,0.00,-0.01
-1.02,3.15,9.31,0.02,0.00,-0.01
-1.02,3.15,9.31,0.02,0.00,-0.01
-1.02,3.15,9.31,0.02,0.00,-0.01
-1.02,3.15,9.31,0.02,0.00,-0.01
-0.96,3.14,9.31,0.01,-0.00,-0.01
-0.96,3.14,9.31,0.01,-0.00,-0.01
-0.96,3.14,9.31,0.01,-0.00,-0.01
-0.96,3.14,9.31,0.01,-0.00,-0.01
-0.96,3.14,9.31,0.01,-0.00,-0.01
-0.96,3.14,9.31,0.01,-0.00,-0.01
-1.01,3.15,9.32,0.00,0.01,-0.01
-1.01,3.15,9.32,0.00,0.01,-0.01
-1.01,3.15,9.32,0.00,0.01,-0.01
-1.01,3.15,9.32,0.00,0.01,-0.01
-1.01,3.15,9.32,0.00,0.01,-0.01
-0.98,3.15,9.31,0.01,-0.00,-0.01
-0.98,3.15,9.31,0.01,-0.00,-0.01
-0.98,3.15,9.31,0.01,-0.00,-0.01
-0.98,3.15,9.31,0.01,-0.00,-0.01
-0.98,3.15,9.31,0.01,-0.00,-0.01
-0.98,3.13,9.31,0.01,-0.00,-0.01
-0.98,3.13,9.31,0.00,0.00,-0.01
-0.98,3.13,9.31,0.00,0.00,-0.01
-0.98,3.13,9.31,0.00,0.00,-0.01
-0.98,3.13,9.31,0.00,0.00,-0.01
-0.98,3.13,9.31,0.00,0.00,-0.01
-1.02,3.13,9.33,-0.00,0.01,-0.01
-1.02,3.13,9.33,-0.00,0.01,-0.01
-1.02,3.13,9.33,-0.00,0.01,-0.01
-1.02,3.13,9.33,-0.00,0.01,-0.01
-1.02,3.13,9.33,-0.00,0.01,-0.01
-1.01,3.13,9.32,0.00,0.01,-0.02
-1.01,3.13,9.32,0.00,0.01,-0.02
-1.01,3.13,9.32,0.00,0.01,-0.02
-1.01,3.13,9.32,0.00,0.01,-0.02
-1.01,3.13,9.32,0.00,0.01,-0.02
-1.01,3.13,9.32,0.00,0.01,-0.02
-1.01,3.11,9.32,0.00,0.01,-0.02
-1.01,3.11,9.32,0.00,0.01,-0.02
-1.01,3.11,9.32,0.00,0.01,-0.02
-1.01,3.11,9.32,0.00,0.01,-0.02
-1.01,3.11,9.32,0.00,0.01,-0.02
-1.04,3.12,9.33,0.01,0.01,-0.01
-1.04,3.12,9.33,0.01,0.01,-0.01
-1.04,3.12,9.33,0.01,0.01,-0.01
-1.04,3.12,9.33,0.01,0.01,-0.01
-1.04,3.12,9.33,0.01,0.01,-0.01
-1.03,3.14,9.30,0.01,0.00,-0.01
-1.03,3.14,9.30,0.01,0.00,-0.01
-1.03,3.14,9.30,0.01,0.00,-0.01
-1.03,3.14,9.30,0.01,0.00,-0.01
-1.03,3.14,9.30,0.01,0.00,-0.01
-1.03,3.14,9.30,0.01,0.00,-0.01
-1.00,3.11,9.36,0.01,0.01,-0.02
-1.00,3.11,9.36,0.01,0.01,-0.02
-1.00,3.11,9.36,0.01,0.01,-0.02
-1.00,3.11,9.36,0.01,0.01,-0.02
-1.00,3.11,9.36,0.01,0.01,-0.02
-1.07,3.03,9.41,0.01,0.04,-0.01
-1.07,3.03,9.41,0.01,0.04,-0.01
-1.07,3.03,9.41,0.01,0.04,-0.01
-1.07,3.03,9.41,0.01,0.04,-0.01
-1.07,3.03,9.41,0.01,0.04,-0.01
-1.03,3.17,9.39,0.05,0.05,0.01
-1.03,3.17,9.39,0.05,0.05,0.01
-1.03,3.17,9.39,0.05,0.05,0.01
-1.03,3.17,9.39,0.05,0.05,0.01
-1.03,3.17,9.39,0.05,0.05,0.01
-1.03,3.17,9.39,0.05,0.05,0.01
-0.94,3.20,9.66,0.10,0.12,-0.04
-0.94,3.20,9.66,0.10,0.12,-0.04
-0.94,3.20,9.66,0.10,0.12,-0.04
-0.94,3.20,9.66,0.10,0.12,-0.04
-0.94,3.20,9.66,0.10,0.12,-0.04
-2.09,4.61,11.22,0.10,0.27,-0.20
-2.09,4.61,11.22,0.10,0.27,-0.20
-2.09,4.61,11.22,0.10,0.27,-0.20
-2.09,4.61,11.22,0.10,0.27,-0.20
-2.09,4.61,11.22,0.10,0.27,-0.20
-2.09,4.61,11.22,0.10,0.27,-0.20
-5.00,5.85,13.33,-0.48,0.40,-0.91
-5.00,5.85,13.33,-0.48,0.40,-0.91
-5.00,5.85,13.33,-0.48,0.40,-0.91
-5.00,5.85,13.33,-0.48,0.40,-0.91
-5.00,5.85,13.33,-0.48,0.40,-0.91
-3.88,1.45,15.27,-2.43,0.25,-2.04
-3.88,1.45,15.27,-2.43,0.25,-2.04
-3.88,1.45,15.27,-2.43,0.25,-2.04
-3.88,1.45,15.27,-2.43,0.25,-2.04
-3.88,1.45,15.27,-2.43,0.25,-2.04
-0.50,-2.94,13.13,-3.92,-0.68,-2.19
-0.50,-2.94,13.13,-3.92,-0.68,-2.19
-0.50,-2.94,13.13,-3.92,-0.68,-2.19
-0.50,-2.94,13.13,-3.92,-0.68,-2.19
-0.50,-2.94,13.13,-3.92,-0.68,-2.19
-0.50,-2.94,13.13,-3.92,-0.68,-2.19
-0.64,-6.46,8.22,-3.90,-1.58,-1.92
-0.64,-6.46,8.22,-3.90,-1.58,-1.92
-0.64,-6.46,8.22,-3.90,-1.58,-1.92
-0.64,-6.46,8.22,-3.90,-1.58,-1.92
-0.64,-6.46,8.22,-3.90,-1.58,-1.92
1.44,-8.07,5.12,-2.91,-2.34,-1.65
1.44,-8.07,5.12,-2.91,-2.34,-1.65
1.44,-8.07,5.12,-2.91,-2.34,-1.65
1.44,-8.07,5.12,-2.91,-2.34,-1.65
1.44,-8.07,5.12,-2.91,-2.34,-1.65
2.32,-6.30,4.03,-1.25,-2.73,-0.78
2.32,-6.30,4.03,-1.25,-2.73,-0.78
2.32,-6.30,4.03,-1.25,-2.73,-0.78
2.32,-6.30,4.03,-1.25,-2.73,-0.78
2.32,-6.30,4.03,-1.25,-2.73,-0.78
2.32,-6.30,4.03,-1.25,-2.73,-0.78
2.73,-3.31,3.64,0.82,-2.58,0.29
2.73,-3.31,3.64,0.82,-2.58,0.29
2.73,-3.31,3.64,0.82,-2.58,0.29
2.73,-3.31,3.64,0.82,-2.58,0.29
2.73,-3.31,3.64,0.82,-2.58,0.29
3.16,-2.91,3.92,1.47,-2.20,1.05
3.16,-2.91,3.92,1.47,-2.20,1.05
3.16,-2.91,3.92,1.47,-2.20,1.05
3.16,-2.91,3.92,1.47,-2.20,1.05
3.16,-2.91,3.92,1.47,-2.20,1.05
2.59,-3.81,4.20,1.31,-1.14,1.44
2.59,-3.81,4.20,1.31,-1.14,1.44
2.59,-3.81,4.20,1.31,-1.14,1.44
2.59,-3.81,4.20,1.31,-1.14,1.44
2.59,-3.81,4.20,1.31,-1.14,1.44
2.59,-3.81,4.20,1.31,-1.14,1.44
2.53,-6.28,4.18,0.22,0.39,0.85
2.53,-6.28,4.18,0.22,0.39,0.85
2.53,-6.28,4.18,0.22,0.39,0.85
2.53,-6.28,4.18,0.22,0.39,0.85
2.53,-6.28,4.18,0.22,0.39,0.85
3.04,-7.68,3.69,-0.43,0.45,0.05
3.04,-7.68,3.69,-0.43,0.45,0.05
3.04,-7.68,3.69,-0.43,0.45,0.05
3.04,-7.68,3.69,-0.43,0.45,0.05
3.04,-7.68,3.69,-0.43,0.45,0.05
3.80,-7.85,3.80,-0.18,-0.13,-0.25
3.80,-7.85,3.80,-0.18,-0.13,-0.25
3.80,-7.85,3.80,-0.18,-0.13,-0.25
3.80,-7.85,3.80,-0.18,-0.13,-0.25
3.80,-7.85,3.80,-0.18,-0.13,-0.25
3.80,-7.85,3.80,-0.18,-0.13,-0.25
4.54,-7.51,4.10,0.06,-0.48,-0.23
4.54,-7.51,4.10,0.06,-0.48,-0.23
4.54,-7.51,4.10,0.06,-0.48,-0.23
4.54,-7.51,4.10,0.06,-0.48,-0.23
4.54,-7.51,4.10,0.06,-0.48,-0.23
4.44,-7.29,4.39,0.06,-0.19,-0.14
4.44,-7.29,4.39,0.06,-0.19,-0.14
4.44,-7.29,4.39,0.06,-0.19,-0.14
4.44,-7.29,4.39,0.06,-0.19,-0.14
4.44,-7.29,4.39,0.06,-0.19,-0.14
4.64,-7.13,4.65,0.10,-0.31,-0.13
4.64,-7.13,4.65,0.10,-0.31,-0.13
4.64,-7.13,4.65,0.10,-0.31,-0.13
4.64,-7.13,4.65,0.10,-0.31,-0.13
4.64,-7.13,4.65,0.10,-0.31,-0.13
4.64,-7.13,4.65,0.10,-0.31,-0.13
4.61,-7.15,5.00,0.13,-0.22,-0.08
4.61,-7.15,5.00,0.13,-0.22,-0.08
4.61,-7.15,5.00,0.13,-0.22,-0.08
4.61,-7.15,5.00,0.13,-0.22,-0.08
4.61,-7.15,5.00,0.13,-0.22,-0.08
4.52,-7.15,4.91,0.16,-0.20,-0.04
4.52,-7.15,4.91,0.16,-0.20,-0.04
4.52,-7.15,4.91,0.16,-0.20,-0.04
4.52,-7.15,4.91,0.16,-0.20,-0.04
4.52,-7.15,4.91,0.16,-0.20,-0.04
4.20,-6.92,4.64,0.14,-0.09,-0.11
4.20,-6.92,4.64,0.14,-0.09,-0.11
4.20,-6.92,4.64,0.14,-0.09,-0.11
4.20,-6.92,4.64,0.14,-0.09,-0.11
4.20,-6.92,4.64,0.14,-0.09,-0.11
4.20,-6.92,4.64,0.14,-0.09,-0.11
3.91,-6.27,3.86,0.11,-0.14,-0.41
3.91,-6.27,3.86,0.11,-0.14,-0.41
3.91,-6.27,3.86,0.11,-0.14,-0.41
3.91,-6.27,3.86,0.11,-0.14,-0.41
3.91,-6.27,3.86,0.11,-0.14,-0.41
4.11,-5.26,3.18,0.12,0.13,-0.93
4.11,-5.26,3.18,0.12,0.13,-0.93
4.11,-5.26,3.18,0.12,0.13,-0.93
4.11,-5.26,3.18,0.12,0.13,-0.93
4.11,-5.26,3.18,0.12,0.13,-0.93
5.02,-4.27,2.94,0.34,0.04,-1.28
5.02,-4.27,2.94,0.34,0.04,-1.28
5.02,-4.27,2.94,0.34,0.04,-1.28
5.02,-4.27,2.94,0.34,0.04,-1.28
5.02,-4.27,2.94,0.34,0.04,-1.28
4.80,-2.38,4.60,0.34,0.04,-1.36
4.80,-2.38,4.60,0.68,0.10,-1.36
4.80,-2.38,4.60,0.68,0.10,-1.36
4.80,-2.38,4.60,0.68,0.10,-1.36
4.80,-2.38,4.60,0.68,0.10,-1.36
4.80,-2.38,4.60,0.68,0.10,-1.36
5.15,-2.06,5.58,0.46,0.26,-1.39
5.15,-2.06,5.58,0.46,0.26,-1.39
5.15,-2.06,5.58,0.46,0.26,-1.39
5.15,-2.06,5.58,0.46,0.26,-1.39
5.15,-2.06,5.58,0.46,0.26,-1.39
5.80,-3.28,6.15,0.24,0.51,-1.06
5.80,-3.28,6.15,0.24,0.51,-1.06
5.80,-3.28,6.15,0.24,0.51,-1.06
5.80,-3.28,6.15,0.24,0.51,-1.06
5.80,-3.28,6.15,0.24,0.51,-1.06
5.80,-3.28,6.15,0.24,0.51,-1.06
6.49,-3.22,8.12,0.60,0.62,-0.88
6.49,-3.22,8.12,0.60,0.62,-0.88
6.49,-3.22,8.12,0.60,0.62,-0.88
6.49,-3.22,8.12,0.60,0.62,-0.88
6.49,-3.22,8.12,0.60,0.62,-0.88
7.66,-2.97,7.70,0.69,1.07,-0.75
7.66,-2.97,7.70,0.69,1.07,-0.75
7.66,-2.97,7.70,0.69,1.07,-0.75
7.66,-2.97,7.70,0.69,1.07,-0.75
7.66,-2.97,7.70,0.69,1.07,-0.75
5.39,-2.16,9.40,0.99,1.93,-0.49
5.39,-2.16,9.40,0.99,1.93,-0.49
5.39,-2.16,9.40,0.99,1.93,-0.49
5.39,-2.16,9.40,0.99,1.93,-0.49
5.39,-2.16,9.40,0.99,1.93,-0.49
5.39,-2.16,9.40,0.99,1.93,-0.49
4.89,-0.13,11.83,1.52,1.31,-0.36
4.89,-0.13,11.83,1.52,1.31,-0.36
4.89,-0.13,11.83,1.52,1.31,-0.36
4.89,-0.13,11.83,1.52,1.31,-0.36
4.89,-0.13,11.83,1.52,1.31,-0.36
4.85,1.33,9.92,2.03,0.86,0.08
4.85,1.33,9.92,2.03,0.86,0.08
4.85,1.33,9.92,2.03,0.86,0.08
4.85,1.33,9.92,2.03,0.86,0.08
4.85,1.33,9.92,2.03,0.86,0.08
4.99,2.58,8.85,1.64,0.52,0.21
4.99,2.58,8.85,1.64,0.52,0.21
4.99,2.58,8.85,1.64,0.52,0.21
4.99,2.58,8.85,1.64,0.52,0.21
4.99,2.58,8.85,1.64,0.52,0.21
4.99,2.58,8.85,1.64,0.52,0.21
3.38,3.37,8.69,1.28,0.69,0.13
3.38,3.37,8.69,1.28,0.69,0.13
3.38,3.37,8.69,1.28,0.69,0.13
3.38,3.37,8.69,1.28,0.69,0.13
3.38,3.37,8.69,1.28,0.69,0.13
1.80,5.74,9.87,1.25,0.72,0.28
1.80,5.74,9.87,1.25,0.72,0.28
1.80,5.74,9.87,1.25,0.72,0.28
1.80,5.74,9.87,1.25,0.72,0.28
1.80,5.74,9.87,1.25,0.72,0.28
1.80,5.48,8.87,1.25,0.72,0.28
2.57,5.48,8.87,0.97,0.74,0.17
2.57,5.48,8.87,0.97,0.74,0.17
2.57,5.48,8.87,0.97,0.74,0.17
2.57,5.48,8.87,0.97,0.74,0.17
2.57,5.48,8.87,0.97,0.74,0.17
2.37,5.08,8.05,0.45,1.07,0.38
2.37,5.08,8.05,0.45,1.07,0.38
2.37,5.08,8.05,0.45,1.07,0.38
2.37,5.08,8.05,0.45,1.07,0.38
2.37,5.08,8.05,0.45,1.07,0.38
0.40,6.34,8.22,0.09,1.53,0.59
0.40,6.34,8.22,0.09,1.53,0.59
0.40,6.34,8.22,0.09,1.53,0.59
0.40,6.34,8.22,0.09,1.53,0.59
0.40,6.34,8.22,0.09,1.53,0.59
0.40,6.34,8.22,0.09,1.53,0.59
-0.67,5.52,10.12,-0.64,1.34,0.36
-0.67,5.52,10.12,-0.64,1.34,0.36
-0.67,5.52,10.12,-0.64,1.34,0.36
-0.67,5.52,10.12,-0.64,1.34,0.36
-0.67,5.52,10.12,-0.64,1.34,0.36
1.13,3.80,8.59,-0.83,0.43,0.01
1.13,3.80,8.59,-0.83,0.43,0.01
1.13,3.80,8.59,-0.83,0.43,0.01
1.13,3.80,8.59,-0.83,0.43,0.01
1.13,3.80,8.59,-0.83,0.43,0.01
-1.39,3.03,9.54,-0.76,0.65,-0.07
-1.39,3.03,9.54,-0.76,0.65,-0.07
-1.39,3.03,9.54,-0.76,0.65,-0.07
-1.39,3.03,9.54,-0.76,0.65,-0.07
-1.39,3.03,9.54,-0.76,0.65,-0.07
-1.39,3.03,9.54,-0.76,0.65,-0.07
-0.81,2.83,9.78,-0.31,0.10,0.00
-0.81,2.83,9.78,-0.31,0.10,0.00
-0.81,2.83,9.78,-0.31,0.10,0.00
-0.81,2.83,9.78,-0.31,0.10,0.00
-0.81,2.83,9.78,-0.31,0.10,0.00
-0.30,3.35,8.99,0.05,-0.06,0.00
-0.30,3.35,8.99,0.05,-0.06,0.00
-0.30,3.35,8.99,0.05,-0.06,0.00
-0.30,3.35,8.99,0.05,-0.06,0.00
-0.30,3.35,8.99,0.05,-0.06,0.00
-0.30,3.35,8.99,0.05,-0.06,0.00
-0.85,3.20,9.32,-0.05,0.17,-0.07
-0.85,3.20,9.32,-0.05,0.17,-0.07
-0.85,3.20,9.32,-0.05,0.17,-0.07
-0.85,3.20,9.32,-0.05,0.17,-0.07
-0.85,3.20,9.32,-0.05,0.17,-0.07
-0.99,3.06,9.47,-0.09,0.16,-0.07
-0.99,3.06,9.47,-0.09,0.16,-0.07
-0.99,3.06,9.47,-0.09,0.16,-0.07
-0.99,3.06,9.47,-0.09,0.16,-0.07
-0.99,3.06,9.47,-0.09,0.16,-0.07
-1.06,3.25,9.28,-0.02,0.10,-0.03
-1.06,3.25,9.28,-0.02,0.10,-0.03
-1.06,3.25,9.28,-0.02,0.10,-0.03
-1.06,3.25,9.28,-0.02,0.10,-0.03
-1.06,3.25,9.28,-0.02,0.10,-0.03
-1.06,3.25,9.28,-0.02,0.10,-0.03
-0.96,3.10,9.32,-0.01,0.02,-0.04
-0.96,3.10,9.32,-0.01,0.02,-0.04
-0.96,3.10,9.32,-0.01,0.02,-0.04
-0.96,3.10,9.32,-0.01,0.02,-0.04
-0.96,3.10,9.32,-0.01,0.02,-0.04
-0.96,3.05,9.35,-0.01,-0.03,-0.01
-0.96,3.05,9.35,-0.01,-0.03,-0.01
-0.96,3.05,9.35,-0.01,-0.03,-0.01
-0.96,3.05,9.35,-0.01,-0.03,-0.01
-0.96,3.05,9.35,-0.01,-0.03,-0.01
-0.94,3.12,9.31,0.02,-0.03,0.00
-0.94,3.12,9.31,0.02,-0.03,0.00
-0.94,3.12,9.31,0.02,-0.03,0.00
-0.94,3.12,9.31,0.02,-0.03,0.00
-0.94,3.12,9.31,0.02,-0.03,0.00
-0.94,3.12,9.31,0.02,-0.03,0.00
-0.90,3.08,9.32,0.01,-0.01,-0.00
-0.90,3.08,9.32,0.01,-0.01,-0.00
-0.90,3.08,9.32,0.01,-0.01,-0.00
-0.90,3.08,9.32,0.01,-0.01,-0.00
-0.90,3.08,9.32,0.01,-0.01,-0.00
-0.93,3.11,9.32,0.01,0.01,-0.01
-0.93,3.11,9.32,0.01,0.01,-0.01
-0.93,3.11,9.32,0.01,0.01,-0.01
-0.93,3.11,9.32,0.01,0.01,-0.01
-0.93,3.11,9.32,0.01,0.01,-0.01
-0.90,3.12,9.32,0.01,0.01,-0.02
-0.90,3.12,9.32,0.01,0.00,-0.02
-0.90,3.12,9.32,0.01,0.00,-0.02
-0.90,3.12,9.32,0.01,0.00,-0.02
-0.90,3.12,9.32,0.01,0.00,-0.02
-0.90,3.12,9.32,0.01,0.00,-0.02
-0.93,3.09,9.33,0.00,0.01,-0.02
-0.93,3.09,9.33,0.00,0.01,-0.02
-0.93,3.09,9.33,0.00,0.01,-0.02
-0.93,3.09,9.33,0.00,0.01,-0.02
-0.93,3.09,9.33,0.00,0.01,-0.02
-0.96,3.10,9.33,-0.00,0.01,-0.02
-0.96,3.10,9.33,-0.00,0.01,-0.02
-0.96,3.10,9.33,-0.00,0.01,-0.02
-0.96,3.10,9.33,-0.00,0.01,-0.02
-0.96,3.10,9.33,-0.00,0.01,-0.02
-0.96,3.10,9.33,-0.00,0.01,-0.02
-0.98,3.08,9.34,-0.01,0.02,-0.02
-0.98,3.08,9.34,-0.01,0.02,-0.02
-0.98,3.08,9.34,-0.01,0.02,-0.02
-0.98,3.08,9.34,-0.01,0.02,-0.02
-0.98,3.08,9.34,-0.01,0.02,-0.02
-0.93,3.08,9.38,-0.01,0.03,-0.02
-0.93,3.08,9.38,-0.01,0.03,-0.02
-0.93,3.08,9.38,-0.01,0.03,-0.02
-0.93,3.08,9.38,-0.01,0.03,-0.02
-0.93,3.08,9.38,-0.01,0.03,-0.02
-0.94,3.07,9.35,-0.01,0.03,-0.02
-0.94,3.07,9.35,-0.01,0.08,-0.02
-0.94,3.07,9.35,-0.01,0.08,-0.02
-0.94,3.07,9.35,-0.01,0.08,-0.02
-0.94,3.07,9.35,-0.01,0.08,-0.02
-0.94,3.07,9.35,-0.01,0.08,-0.02
-1.26,3.05,9.30,-0.02,0.16,-0.02
-1.26,3.05,9.30,-0.02,0.16,-0.02
-1.26,3.05,9.30,-0.02,0.16,-0.02
-1.26,3.05,9.30,-0.02,0.16,-0.02
-1.26,3.05,9.30,-0.02,0.16,-0.02
-1.38,2.96,9.35,-0.02,0.10,-0.02
-1.38,2.96,9.35,-0.02,0.10,-0.02
-1.38,2.96,9.35,-0.02,0.10,-0.02
-1.38,2.96,9.35,-0.02,0.10,-0.02
-1.38,2.96,9.35,-0.02,0.10,-0.02
-1.38,2.96,9.35,-0.02,0.10,-0.02
-1.27,2.98,9.36,-0.00,-0.00,-0.01
-1.27,2.98,9.36,-0.00,-0.00,-0.01
-1.27,2.98,9.36,-0.00,-0.00,-0.01
-1.27,2.98,9.36,-0.00,-0.00,-0.01
-1.27,2.98,9.36,-0.00,-0.00,-0.01
-1.25,3.04,9.33,0.01,-0.02,-0.01
-1.25,3.04,9.33,0.01,-0.02,-0.01
-1.25,3.04,9.33,0.01,-0.02,-0.01
-1.25,3.04,9.33,0.01,-0.02,-0.01
-1.25,3.04,9.33,0.01,-0.02,-0.01
-1.25,3.04,9.33,0.01,-0.02,-0.01
-1.18,2.99,9.35,0.01,-0.01,-0.02
-1.18,2.99,9.35,0.01,-0.01,-0.02
-1.18,2.99,9.35,0.01,-0.01,-0.02
-1.18,2.99,9.35,0.01,-0.01,-0.02
-1.18,2.99,9.35,0.01,-0.01,-0.02
-1.24,3.00,9.35,0.00,0.01,-0.02
-1.24,3.00,9.35,0.00,0.01,-0.02
-1.24,3.00,9.35,0.00,0.01,-0.02
-1.24,3.00,9.35,0.00,0.01,-0.02
-1.24,3.00,9.35,0.00,0.01,-0.02
-1.24,3.00,9.35,0.00,0.01,-0.02
-1.25,3.00,9.35,0.00,0.02,-0.02
-1.25,3.00,9.35,0.00,0.02,-0.02
-1.25,3.00,9.35,0.00,0.02,-0.02
-1.25,3.00,9.35,0.00,0.02,-0.02
-1.25,3.00,9.35,0.00,0.02,-0.02
-1.29,3.00,9.35,0.00,0.02,-0.02
-1.29,3.00,9.35,0.00,0.02,-0.02
-1.29,3.00,9.35,0.00,0.02,-0.02
-1.29,3.00,9.35,0.00,0.02,-0.02
-1.29,3.00,9.35,0.00,0.02,-0.02
-1.27,3.00,9.35,0.00,0.01,-0.02
-1.27,3.00,9.35,0.00,0.01,-0.02
-1.27,3.00,9.35,0.00,0.01,-0.02
-1.27,3.00,9.35,0.00,0.01,-0.02
-1.27,3.00,9.35,0.00,0.01,-0.02
-1.27,3.00,9.35,0.00,0.01,-0.02
-1.30,2.99,9.34,0.01,0.01,-0.02
-1.30,2.99,9.34,0.01,0.01,-0.02
-1.30,2.99,9.34,0.01,0.01,-0.02
-1.30,2.99,9.34,0.01,0.01,-0.02
-1.30,2.99,9.34,0.01,0.01,-0.02
-1.29,2.99,9.34,0.00,0.01,-0.01
-1.29,2.99,9.34,0.00,0.01,-0.01
-1.29,2.99,9.34,0.00,0.01,-0.01
-1.29,2.99,9.34,0.00,0.01,-0.01
-1.29,2.99,9.34,0.00,0.01,-0.01
-1.29,2.99,9.34,0.00,0.01,-0.01
-1.32,2.98,9.35,0.01,0.01,-0.01