-3.88,3.84,8.89,0.14,-0.42,0.00
-3.88,3.84,8.89,0.14,-0.42,0.00
-3.88,3.84,8.89,0.14,-0.42,0.00
-3.88,3.84,8.89,0.14,-0.42,0.00
-3.88,3.84,8.89,0.14,-0.42,0.00
-3.27,3.59,7.94,0.04,-0.18,-0.10
-3.27,3.59,7.94,0.04,-0.18,-0.10
-3.27,3.59,7.94,0.04,-0.18,-0.10
-3.27,3.59,7.94,0.04,-0.18,-0.10
-3.27,3.59,7.94,0.04,-0.18,-0.10
-3.27,3.59,7.94,0.04,-0.18,-0.10
-2.47,2.71,8.88,0.01,-0.24,-0.08
-2.47,2.71,8.88,0.01,-0.24,-0.08
-2.47,2.71,8.88,0.01,-0.24,-0.08
-2.47,2.71,8.88,0.01,-0.24,-0.08
-2.47,2.71,8.88,0.01,-0.24,-0.08
-1.93,1.96,9.21,-0.08,-0.27,0.10
-1.93,1.96,9.21,-0.08,-0.27,0.10
-1.93,1.96,9.21,-0.08,-0.27,0.10
-1.93,1.96,9.21,-0.08,-0.27,0.10
-1.93,1.96,9.21,-0.08,-0.27,0.10
-1.93,1.96,9.21,-0.08,-0.27,0.10
-2.92,2.11,9.29,-0.15,-0.02,0.20
-2.92,2.11,9.29,-0.15,-0.02,0.20
-2.92,2.11,9.29,-0.15,-0.02,0.20
-2.92,2.11,9.29,-0.15,-0.02,0.20
-2.92,2.11,9.29,-0.15,-0.02,0.20
-2.92,2.89,9.02,-0.03,-0.03,0.24
-2.92,2.89,9.02,-0.03,-0.03,0.24
-2.92,2.89,9.02,-0.03,-0.03,0.24
-2.92,2.89,9.02,-0.03,-0.03,0.24
-2.92,2.89,9.02,-0.03,-0.03,0.24
-2.64,3.73,8.86,0.04,-0.01,0.20
-2.64,3.73,8.86,0.04,-0.01,0.20
-2.64,3.73,8.86,0.04,-0.01,0.20
-2.64,3.73,8.86,0.04,-0.01,0.20
-2.64,3.73,8.86,0.04,-0.01,0.20
-2.64,3.73,8.86,0.04,-0.01,0.20
-3.17,3.57,8.79,-0.09,0.18,0.15
-3.17,3.57,8.79,-0.09,0.18,0.15
-3.17,3.57,8.79,-0.09,0.18,0.15
-3.17,3.57,8.79,-0.09,0.18,0.15
-3.17,3.57,8.79,-0.09,0.18,0.15
-3.77,2.71,8.87,-0.24,0.36,-3.82
-3.80,2.20,8.88,0.00,-0.01,-0.01
-3.80,2.20,8.88,0.00,-0.01,-0.01
-3.80,2.20,8.88,0.00,-0.01,-0.01
-3.80,2.20,8.88,0.00,-0.01,-0.01
-3.80,2.20,8.88,0.00,-0.01,-0.01
-3.79,2.22,8.89,0.01,-0.02,0.00
-3.79,2.22,8.89,0.01,-0.02,0.00
-3.79,2.22,8.89,0.01,-0.02,0.00
-3.79,2.22,8.89,0.01,-0.02,0.00
-3.79,2.22,8.89,0.01,-0.02,0.00
-3.79,2.22,8.89,0.01,-0.02,0.00
-3.81,2.22,8.88,0.01,-0.02,0.01
-3.81,2.22,8.88,0.01,-0.02,0.01
-3.81,2.22,8.88,0.01,-0.02,0.01
-3.81,2.22,8.88,0.01,-0.02,0.01
-3.81,2.22,8.88,0.01,-0.02,0.01
-3.81,2.26,8.91,0.01,-0.03,0.01
-3.81,2.26,8.91,0.01,-0.03,0.01
-3.81,2.26,8.91,0.01,-0.03,0.01
-3.81,2.26,8.91,0.01,-0.03,0.01
-3.81,2.26,8.91,0.01,-0.03,0.01
-3.79,2.22,8.88,0.01,-0.04,0.00
-3.79,2.22,8.88,0.01,-0.04,0.00
-3.79,2.22,8.88,0.01,-0.04,0.00
-3.79,2.22,8.88,0.01,-0.04,0.00
-3.79,2.22,8.88,0.01,-0.04,0.00
-3.79,2.22,8.88,0.01,-0.04,0.00
-3.76,2.19,8.93,0.01,-0.04,-0.01
-3.76,2.19,8.93,0.01,-0.04,-0.01
-3.76,2.19,8.93,0.01,-0.04,-0.01
-3.76,2.19,8.93,0.01,-0.04,-0.01
-3.76,2.19,8.93,0.01,-0.04,-0.01
-3.72,2.28,8.95,0.02,-0.07,-0.01
-3.72,2.28,8.95,0.02,-0.07,-0.01
-3.72,2.28,8.95,0.02,-0.07,-0.01
-3.72,2.28,8.95,0.02,-0.07,-0.01
-3.72,2.28,8.95,0.02,-0.07,-0.01
-3.72,2.28,8.95,0.02,-0.07,-0.01
-3.52,2.28,8.92,0.01,-0.07,-0.02
-3.52,2.28,8.92,0.01,-0.07,-0.02
-3.52,2.28,8.92,0.01,-0.07,-0.02
-3.52,2.28,8.92,0.01,-0.07,-0.02
-3.52,2.28,8.92,0.01,-0.07,-0.02
-3.80,2.34,8.92,0.03,-0.03,-0.05
-3.80,2.34,8.92,0.03,-0.03,-0.05
-3.80,2.34,8.92,0.03,-0.03,-0.05
-3.80,2.34,8.92,0.03,-0.03,-0.05
-3.80,2.34,8.92,0.03,-0.03,-0.05
-3.80,2.34,8.92,0.03,-0.03,-0.05
-3.61,2.33,8.95,0.05,-0.09,-0.08
-3.61,2.33,8.95,0.05,-0.09,-0.08
-3.61,2.33,8.95,0.05,-0.09,-0.08
-3.61,2.33,8.95,0.05,-0.09,-0.08
-3.61,2.33,8.95,0.05,-0.09,-0.08
-3.31,2.25,9.11,0.04,-0.09,-0.08
-3.31,2.25,9.11,0.04,-0.09,-0.08
-3.31,2.25,9.11,0.04,-0.09,-0.08
-3.31,2.25,9.11,0.04,-0.09,-0.08
-3.31,2.25,9.11,0.04,-0.09,-0.08
-3.31,2.25,9.11,0.04,-0.09,-0.08
-3.19,2.12,9.00,0.04,-0.08,-0.02
-3.19,2.12,9.00,0.04,-0.08,-0.02
-3.19,2.12,9.00,0.04,-0.08,-0.02
-3.19,2.12,9.00,0.04,-0.08,-0.02
-3.19,2.12,9.00,0.04,-0.08,-0.02
-3.54,2.27,9.02,0.06,-0.04,0.03
-3.54,2.27,9.02,0.06,-0.04,0.03
-3.54,2.27,9.02,0.06,-0.04,0.03
-3.54,2.27,9.02,0.06,-0.04,0.03
-3.54,2.27,9.02,0.06,-0.04,0.03
-3.35,2.50,8.94,0.06,-0.04,0.05
-3.35,2.50,8.94,0.06,-0.08,0.05
-3.35,2.50,8.94,0.06,-0.08,0.05
-3.35,2.50,8.94,0.06,-0.08,0.05
-3.35,2.50,8.94,0.06,-0.08,0.05
-3.35,2.50,8.94,0.06,-0.08,0.05
-3.37,2.48,8.99,0.02,0.02,0.01
-3.37,2.48,8.99,0.02,0.02,0.01
-3.37,2.48,8.99,0.02,0.02,0.01
-3.37,2.48,8.99,0.02,0.02,0.01
-3.37,2.48,8.99,0.02,0.02,0.01
-3.41,2.16,8.94,0.02,0.02,0.01
-3.41,2.16,8.94,-0.01,0.08,0.01
-3.41,2.16,8.94,-0.01,0.08,0.01
-3.41,2.16,8.94,-0.01,0.08,0.01
-3.41,2.16,8.94,-0.01,0.08,0.01
-3.41,2.16,8.94,-0.01,0.08,0.01
-3.58,2.33,9.03,0.02,0.04,0.03
-3.58,2.33,9.03,0.02,0.04,0.03
-3.58,2.33,9.03,0.02,0.04,0.03
-3.58,2.33,9.03,0.02,0.04,0.03
-3.58,2.33,9.03,0.02,0.04,0.03
-3.29,2.64,8.92,0.03,-0.04,0.02
-3.29,2.64,8.92,0.03,-0.04,0.02
-3.29,2.64,8.92,0.03,-0.04,0.02
-3.29,2.64,8.92,0.03,-0.04,0.02
-3.29,2.64,8.92,0.03,-0.04,0.02
-3.29,2.64,8.92,0.03,-0.04,0.02
-3.18,2.50,8.97,-0.01,-0.02,-0.03
-3.18,2.50,8.97,-0.01,-0.02,-0.03
-3.18,2.50,8.97,-0.01,-0.02,-0.03
-3.18,2.50,8.97,-0.01,-0.02,-0.03
-3.18,2.50,8.97,-0.01,-0.02,-0.03
-3.24,2.33,9.03,-0.02,0.01,-0.03
-3.24,2.33,9.03,-0.02,0.01,-0.03
-3.24,2.33,9.03,-0.02,0.01,-0.03
-3.24,2.33,9.03,-0.02,0.01,-0.03
-3.24,2.33,9.03,-0.02,0.01,-0.03
-3.24,2.33,9.03,-0.02,0.01,-0.03
-3.42,2.41,8.99,-0.02,0.02,-0.01
-3.42,2.41,8.99,-0.02,0.02,-0.01
-3.42,2.41,8.99,-0.02,0.02,-0.01
-3.42,2.41,8.99,-0.02,0.02,-0.01
-3.42,2.41,8.99,-0.02,0.02,-0.01
-3.68,2.32,9.00,-0.02,0.04,-0.01
-3.68,2.32,9.00,-0.02,0.04,-0.01
-3.68,2.32,9.00,-0.02,0.04,-0.01
-3.68,2.32,9.00,-0.02,0.04,-0.01
-3.68,2.32,9.00,-0.02,0.04,-0.01
-3.68,2.32,9.00,-0.02,0.04,-0.01
-3.60,2.31,9.00,-0.02,0.01,-0.02
-3.60,2.31,9.00,-0.02,0.01,-0.02
-3.60,2.31,9.00,-0.02,0.01,-0.02
-3.60,2.31,9.00,-0.02,0.01,-0.02
-3.60,2.31,9.00,-0.02,0.01,-0.02
-3.50,2.34,8.98,-0.01,0.00,-0.02
-3.50,2.34,8.98,-0.01,0.00,-0.02
-3.50,2.34,8.98,-0.01,0.00,-0.02
-3.50,2.34,8.98,-0.01,0.00,-0.02
-3.50,2.34,8.98,-0.01,0.00,-0.02
-3.46,2.35,9.00,0.00,-0.00,-0.02
-3.46,2.35,9.00,0.00,-0.00,-0.02
-3.46,2.35,9.00,0.00,-0.00,-0.02
-3.46,2.35,9.00,0.00,-0.00,-0.02
-3.46,2.35,9.00,0.00,-0.00,-0.02
-3.46,2.35,9.00,0.00,-0.00,-0.02
-3.42,2.39,9.00,0.01,-0.01,-0.01
-3.42,2.39,9.00,0.01,-0.01,-0.01
-3.42,2.39,9.00,0.01,-0.01,-0.01
-3.42,2.39,9.00,0.01,-0.01,-0.01
-3.42,2.39,9.00,0.01,-0.01,-0.01
-3.40,2.37,8.99,0.02,-0.01,-0.00
-3.40,2.37,8.99,0.02,-0.01,-0.00
-3.40,2.37,8.99,0.02,-0.01,-0.00
-3.40,2.37,8.99,0.02,-0.01,-0.00
-3.40,2.37,8.99,0.02,-0.01,-0.00
-3.40,2.37,8.99,0.02,-0.01,-0.00
-3.43,2.36,8.99,0.01,0.00,-0.01
-3.43,2.36,8.99,0.01,0.00,-0.01
-3.43,2.36,8.99,0.01,0.00,-0.01
-3.43,2.36,8.99,0.01,0.00,-0.01
-3.43,2.36,8.99,0.01,0.00,-0.01
-3.44,2.35,9.00,0.01,0.00,-0.01
-3.44,2.35,9.00,0.01,0.00,-0.01
-3.44,2.35,9.00,0.01,0.00,-0.01
-3.44,2.35,9.00,0.01,0.00,-0.01
-3.44,2.35,9.00,0.01,0.00,-0.01
-3.43,2.36,8.98,0.02,-0.00,-0.01
-3.43,2.36,8.98,0.02,-0.00,-0.01
-3.43,2.36,8.98,0.02,-0.00,-0.01
-3.43,2.36,8.98,0.02,-0.00,-0.01
-3.43,2.36,8.98,0.02,-0.00,-0.01
-3.43,2.36,8.98,0.02,-0.00,-0.01
-3.45,2.37,9.00,0.01,0.00,-0.01
-3.45,2.37,9.00,0.01,0.00,-0.01
-3.45,2.37,9.00,0.01,0.00,-0.01
-3.45,2.37,9.00,0.01,0.00,-0.01
-3.45,2.37,9.00,0.01,0.00,-0.01
-3.43,2.37,8.97,0.01,-0.00,-0.01
-3.43,2.37,8.97,0.01,-0.00,-0.01
-3.43,2.37,8.97,0.01,-0.00,-0.01
-3.43,2.37,8.97,0.01,-0.00,-0.01
-3.43,2.37,8.97,0.01,-0.00,-0.01
-3.43,2.37,8.97,0.01,-0.00,-0.01
-3.45,2.38,9.00,0.01,-0.01,-0.01
-3.45,2.38,9.00,0.01,-0.01,-0.01
-3.45,2.38,9.00,0.01,-0.01,-0.01
-3.45,2.38,9.00,0.01,-0.01,-0.01
-3.45,2.38,9.00,0.01,-0.01,-0.01
-3.42,2.38,8.97,0.01,-0.01,-0.01
-3.42,2.38,8.97,0.01,-0.01,-0.01
-3.42,2.38,8.97,0.01,-0.01,-0.01
-3.42,2.38,8.97,0.01,-0.01,-0.01
-3.42,2.38,8.97,0.01,-0.01,-0.01
-3.42,2.38,8.97,0.01,-0.01,-0.01
-3.45,2.38,8.99,-0.00,0.01,-0.02
-3.45,2.38,8.99,-0.00,0.01,-0.02
-3.45,2.38,8.99,-0.00,0.01,-0.02
-3.45,2.38,8.99,-0.00,0.01,-0.02
-3.45,2.38,8.99,-0.00,0.01,-0.02
-3.46,2.37,8.99,-0.00,0.00,-0.02
-3.46,2.37,8.99,-0.00,0.00,-0.02
-3.46,2.37,8.99,-0.00,0.00,-0.02
-3.46,2.37,8.99,-0.00,0.00,-0.02
-3.46,2.37,8.99,-0.00,0.00,-0.02
-3.44,2.35,9.00,-0.00,-0.00,-0.02
-3.44,2.35,9.00,-0.00,-0.00,-0.02
-3.44,2.35,9.00,-0.00,-0.00,-0.02
-3.44,2.35,9.00,-0.00,-0.00,-0.02
-3.44,2.35,9.00,-0.00,-0.00,-0.02
-3.44,2.35,9.00,-0.00,-0.00,-0.02
-3.45,2.34,8.99,-0.00,-0.00,-0.02
-3.45,2.34,8.99,-0.00,-0.00,-0.02
-3.45,2.34,8.99,-0.00,-0.00,-0.02
-3.45,2.34,8.99,-0.00,-0.00,-0.02
-3.45,2.34,8.99,-0.00,-0.00,-0.02
-3.47,2.33,9.00,-0.00,0.00,-0.02
-3.47,2.33,9.00,-0.00,0.00,-0.02
-3.47,2.33,9.00,-0.00,0.00,-0.02
-3.47,2.33,9.00,-0.00,0.00,-0.02
-3.47,2.33,9.00,-0.00,0.00,-0.02
-3.47,2.33,9.00,-0.00,0.00,-0.02
-3.44,2.34,9.00,0.00,-0.01,-0.02
-3.44,2.34,9.00,0.00,-0.01,-0.02
-3.44,2.34,9.00,0.00,-0.01,-0.02
-3.44,2.34,9.00,0.00,-0.01,-0.02
-3.44,2.34,9.00,0.00,-0.01,-0.02
-3.45,2.34,8.99,0.00,-0.00,-0.02
-3.45,2.34,8.99,0.00,-0.00,-0.02
-3.45,2.34,8.99,0.00,-0.00,-0.02
-3.45,2.34,8.99,0.00,-0.00,-0.02
-3.45,2.34,8.99,0.00,-0.00,-0.02
-3.45,2.33,9.01,0.00,-0.01,-0.01
-3.45,2.33,9.01,0.00,-0.01,-0.01
-3.45,2.33,9.01,0.00,-0.01,-0.01
-3.45,2.33,9.01,0.00,-0.01,-0.01
-3.45,2.33,9.01,0.00,-0.01,-0.01
-3.45,2.33,9.01,0.00,-0.01,-0.01
-3.43,2.32,9.00,0.00,-0.01,-0.01
-3.43,2.32,9.00,0.00,-0.01,-0.01
-3.43,2.32,9.00,0.00,-0.01,-0.01
-3.43,2.32,9.00,0.00,-0.01,-0.01
-3.43,2.32,9.00,0.00,-0.01,-0.01
-3.43,2.35,9.00,0.00,-0.01,-0.01
-3.43,2.35,9.00,0.00,-0.01,-0.01
-3.43,2.35,9.00,0.00,-0.01,-0.01
-3.43,2.35,9.00,0.00,-0.01,-0.01
-3.43,2.35,9.00,0.00,-0.01,-0.01
-3.43,2.35,9.00,0.00,-0.01,-0.01
-3.44,2.30,9.00,-0.00,0.00,-0.02
-3.44,2.30,9.00,-0.00,0.00,-0.02
-3.44,2.30,9.00,-0.00,0.00,-0.02
-3.44,2.30,9.00,-0.00,0.00,-0.02
-3.44,2.30,9.00,-0.00,0.00,-0.02
-3.45,2.31,9.01,-0.00,0.00,-0.02
-3.45,2.31,9.01,-0.00,0.00,-0.02
-3.45,2.31,9.01,-0.00,0.00,-0.02
-3.45,2.31,9.01,-0.00,0.00,-0.02
-3.45,2.31,9.01,-0.00,0.00,-0.02
-3.45,2.31,9.01,-0.00,0.00,-0.02
-3.45,2.28,9.02,0.00,-0.00,-0.02
-3.45,2.28,9.02,0.00,-0.00,-0.02
-3.45,2.28,9.02,0.00,-0.00,-0.02
-3.45,2.28,9.02,0.00,-0.00,-0.02
-3.45,2.28,9.02,0.00,-0.00,-0.02
-3.44,2.30,9.00,0.01,-0.00,-0.01
-3.44,2.30,9.00,0.01,-0.00,-0.01
-3.44,2.30,9.00,0.01,-0.00,-0.01
-3.44,2.30,9.00,0.01,-0.00,-0.01
-3.44,2.30,9.00,0.01,-0.00,-0.01
-3.45,2.31,9.01,0.00,-0.00,-0.01
-3.45,2.31,9.01,0.00,-0.00,-0.01
-3.45,2.31,9.01,0.00,-0.00,-0.01
-3.45,2.31,9.01,0.00,-0.00,-0.01
-3.45,2.31,9.01,0.00,-0.00,-0.01
-3.45,2.31,9.01,0.00,-0.00,-0.01
-3.45,2.30,9.01,0.00,-0.00,-0.02
-3.45,2.30,9.01,0.00,-0.00,-0.02
-3.45,2.30,9.01,0.00,-0.00,-0.02
-3.45,2.30,9.01,0.00,-0.00,-0.02
-3.45,2.30,9.01,0.00,-0.00,-0.02
-3.44,2.29,9.02,0.00,-0.00,-0.01
-3.44,2.29,9.02,0.00,-0.00,-0.01
-3.44,2.29,9.02,0.00,-0.00,-0.01
-3.44,2.29,9.02,0.00,-0.00,-0.01
-3.44,2.29,9.02,0.00,-0.00,-0.01
-3.44,2.29,9.02,0.00,-0.00,-0.01
-3.44,2.30,9.00,0.01,-0.00,-0.01
-3.44,2.30,9.00,0.01,-0.00,-0.01
-3.44,2.30,9.00,0.01,-0.00,-0.01
-3.44,2.30,9.00,0.01,-0.00,-0.01
-3.44,2.30,9.00,0.01,-0.00,-0.01
-3.45,2.29,9.02,0.01,-0.00,-0.01
-3.45,2.29,9.02,0.01,-0.00,-0.01
-3.45,2.29,9.02,0.01,-0.00,-0.01
-3.45,2.29,9.02,0.01,-0.00,-0.01
-3.45,2.29,9.02,0.01,-0.00,-0.01
-3.45,2.29,9.02,0.01,-0.00,-0.01
-3.43,2.30,9.00,0.01,-0.00,-0.01
-3.43,2.30,9.00,0.01,-0.00,-0.01
-3.43,2.30,9.00,0.01,-0.00,-0.01
-3.43,2.30,9.00,0.01,-0.00,-0.01
-3.43,2.30,9.00,0.01,-0.00,-0.01
-3.45,2.31,9.02,0.01,-0.00,-0.01
-3.45,2.31,9.02,0.01,-0.00,-0.01
-3.45,2.31,9.02,0.01,-0.00,-0.01
-3.45,2.31,9.02,0.01,-0.00,-0.01
-3.45,2.31,9.02,0.01,-0.00,-0.01
-3.43,2.31,9.00,0.01,-0.00,-0.01
-3.43,2.31,9.00,0.01,-0.00,-0.01
-3.43,2.31,9.00,0.01,-0.00,-0.01
-3.43,2.31,9.00,0.01,-0.00,-0.01
-3.43,2.31,9.00,0.01,-0.00,-0.01
-3.43,2.31,9.00,0.01,-0.00,-0.01
-3.41,2.30,9.02,0.01,-0.00,-0.01
-3.41,2.30,9.02,0.01,-0.00,-0.01
-3.41,2.30,9.02,0.01,-0.00,-0.01
-3.41,2.30,9.02,0.01,-0.00,-0.01
-3.41,2.30,9.02,0.01,-0.00,-0.01
-3.44,2.32,9.00,0.01,-0.00,-0.01
-3.44,2.32,9.00,0.01,-0.00,-0.01
-3.44,2.32,9.00,0.01,-0.00,-0.01
-3.44,2.32,9.00,0.01,-0.00,-0.01
-3.44,2.32,9.00,0.01,-0.00,-0.01
-3.44,2.32,9.00,0.01,-0.00,-0.01
-3.42,2.32,9.01,0.01,-0.00,-0.01
-3.42,2.32,9.01,0.01,-0.00,-0.01
-3.42,2.32,9.01,0.01,-0.00,-0.01
-3.42,2.32,9.01,0.01,-0.00,-0.01
-3.42,2.32,9.01,0.01,-0.00,-0.01
-3.44,2.32,9.00,0.01,-0.00,-0.01
-3.44,2.32,9.00,0.01,-0.00,-0.01
-3.44,2.32,9.00,0.01,-0.00,-0.01
-3.44,2.32,9.00,0.01,-0.00,-0.01
-3.44,2.32,9.00,0.01,-0.00,-0.01
-3.44,2.32,9.00,0.01,-0.00,-0.01
-3.42,2.33,8.99,0.01,0.00,-0.01
-3.42,2.33,8.99,0.01,0.00,-0.01
-3.42,2.33,8.99,0.01,0.00,-0.01
-3.42,2.33,8.99,0.01,0.00,-0.01
-3.42,2.33,8.99,0.01,0.00,-0.01
-3.45,2.30,9.00,0.01,0.00,-0.02
-3.45,2.30,9.00,0.01,0.00,-0.02
-3.45,2.30,9.00,0.01,0.00,-0.02
-3.45,2.30,9.00,0.01,0.00,-0.02
-3.45,2.30,9.00,0.01,0.00,-0.02
-3.46,2.30,9.00,0.01,-0.01,-0.01
-3.46,2.30,9.00,0.01,-0.01,-0.01
-3.46,2.30,9.00,0.01,-0.01,-0.01
-3.46,2.30,9.00,0.01,-0.01,-0.01
-3.46,2.30,9.00,0.01,-0.01,-0.01
-3.46,2.30,9.00,0.01,-0.01,-0.01
-3.46,2.31,9.01,0.02,-0.01,-0.00
-3.46,2.31,9.01,0.02,-0.01,-0.00
-3.46,2.31,9.01,0.02,-0.01,-0.00
-3.46,2.31,9.01,0.02,-0.01,-0.00
-3.46,2.31,9.01,0.02,-0.01,-0.00
-3.42,2.37,8.97,0.03,-0.01,0.00
-3.42,2.37,8.97,0.03,-0.01,0.00
-3.42,2.37,8.97,0.03,-0.01,0.00
-3.42,2.37,8.97,0.03,-0.01,0.00
-3.42,2.37,8.97,0.03,-0.01,0.00
-3.42,2.37,8.97,0.03,-0.01,0.00
-3.38,2.39,9.00,0.02,-0.01,-0.00
-3.38,2.39,9.00,0.02,-0.01,-0.00
-3.38,2.39,9.00,0.02,-0.01,-0.00
-3.38,2.39,9.00,0.02,-0.01,-0.00
-3.38,2.39,9.00,0.02,-0.01,-0.00
-3.39,2.41,8.98,0.02,-0.00,-0.00
-3.39,2.41,8.98,0.02,-0.00,-0.00
-3.39,2.41,8.98,0.02,-0.00,-0.00
-3.39,2.41,8.98,0.02,-0.00,-0.00
-3.39,2.41,8.98,0.02,-0.00,-0.00
-3.39,2.41,8.98,0.02,-0.00,-0.00
-3.37,2.41,8.99,0.02,-0.01,-0.00
-3.37,2.41,8.99,0.02,-0.01,-0.00
-3.37,2.41,8.99,0.02,-0.01,-0.00
-3.37,2.41,8.99,0.02,-0.01,-0.00
-3.37,2.41,8.99,0.02,-0.01,-0.00
-3.40,2.40,8.99,0.02,-0.01,-0.01
-3.40,2.40,8.99,0.02,-0.01,-0.01
-3.40,2.40,8.99,0.02,-0.01,-0.01
-3.40,2.40,8.99,0.02,-0.01,-0.01
-3.40,2.40,8.99,0.02,-0.01,-0.01
-3.40,2.40,8.99,0.02,-0.01,-0.01
-3.39,2.40,8.99,0.01,0.00,-0.02
-3.39,2.40,8.99,0.01,0.00,-0.02
-3.39,2.40,8.99,0.01,0.00,-0.02
-3.39,2.40,8.99,0.01,0.00,-0.02
-3.39,2.40,8.99,0.01,0.00,-0.02
-3.39,2.40,8.97,-0.00,0.00,-0.02
-3.39,2.40,8.97,-0.00,0.00,-0.02
-3.39,2.40,8.97,-0.00,0.00,-0.02
-3.39,2.40,8.97,-0.00,0.00,-0.02
-3.39,2.40,8.97,-0.00,0.00,-0.02
-3.42,2.37,8.99,-0.01,0.01,-0.03
-3.42,2.37,8.99,-0.01,0.01,-0.03
-3.42,2.37,8.99,-0.01,0.01,-0.03
-3.42,2.37,8.99,-0.01,0.01,-0.03
-3.42,2.37,8.99,-0.01,0.01,-0.03
-3.42,2.37,8.99,-0.01,0.01,-0.03
-3.40,2.37,8.99,-0.00,0.00,-0.02
-3.40,2.37,8.99,-0.00,0.00,-0.02
-3.40,2.37,8.99,-0.00,0.00,-0.02
-3.40,2.37,8.99,-0.00,0.00,-0.02
-3.40,2.37,8.99,-0.00,0.00,-0.02
-3.42,2.39,8.99,0.00,-0.00,-0.01
-3.42,2.39,8.99,0.00,-0.00,-0.01
-3.42,2.39,8.99,0.00,-0.00,-0.01
-3.42,2.39,8.99,0.00,-0.00,-0.01
-3.42,2.39,8.99,0.00,-0.00,-0.01
-3.42,2.39,8.99,0.00,-0.00,-0.01
-3.43,2.39,8.99,0.00,0.00,-0.01
-3.43,2.39,8.99,0.00,0.00,-0.01
-3.43,2.39,8.99,0.00,0.00,-0.01
-3.43,2.39,8.99,0.00,0.00,-0.01
-3.43,2.39,8.99,0.00,0.00,-0.01
-3.44,2.37,9.00,0.00,0.00,-0.01
-3.44,2.37,9.00,0.00,0.00,-0.01
-3.44,2.37,9.00,0.00,0.00,-0.01
-3.44,2.37,9.00,0.00,0.00,-0.01
-3.44,2.37,9.00,0.00,0.00,-0.01
-3.44,2.37,9.00,0.00,0.00,-0.01
-3.42,2.37,9.00,0.00,-0.00,-0.01
-3.42,2.37,9.00,0.00,-0.00,-0.01
-3.42,2.37,9.00,0.00,-0.00,-0.01
-3.42,2.37,9.00,0.00,-0.00,-0.01
-3.42,2.37,9.00,0.00,-0.00,-0.01
-3.41,2.36,9.00,0.00,-0.01,-0.01
-3.41,2.36,9.00,0.00,-0.01,-0.01
-3.41,2.36,9.00,0.00,-0.01,-0.01
-3.41,2.36,9.00,0.00,-0.01,-0.01
-3.41,2.36,9.00,0.00,-0.01,-0.01
-3.42,2.37,8.99,0.00,-0.01,-0.01
-3.42,2.37,8.99,0.00,-0.01,-0.01
-3.42,2.37,8.99,0.00,-0.01,-0.01
-3.42,2.37,8.99,0.00,-0.01,-0.01
-3.42,2.37,8.99,0.00,-0.01,-0.01
-3.42,2.37,8.99,0.00,-0.01,-0.01
-3.42,2.35,9.00,0.00,-0.00,-0.01
-3.42,2.35,9.00,0.00,-0.00,-0.01
-3.42,2.35,9.00,0.00,-0.00,-0.01
-3.42,2.35,9.00,0.00,-0.00,-0.01
-3.42,2.35,9.00,0.00,-0.00,-0.01
-3.39,2.34,9.00,0.00,-0.00,-0.02
-3.39,2.34,9.00,0.00,-0.00,-0.02
-3.39,2.34,9.00,0.00,-0.00,-0.02
-3.39,2.34,9.00,0.00,-0.00,-0.02
-3.39,2.34,9.00,0.00,-0.00,-0.02
-3.39,2.34,9.00,0.00,-0.00,-0.02
-3.41,2.33,9.01,-0.00,0.00,-0.02
-3.41,2.33,9.01,-0.00,0.00,-0.02
-3.41,2.33,9.01,-0.00,0.00,-0.02
-3.41,2.33,9.01,-0.00,0.00,-0.02
-3.41,2.33,9.01,-0.00,0.00,-0.02
-3.43,2.33,9.00,-0.00,0.00,-0.02
-3.43,2.33,9.00,-0.00,0.00,-0.02
-3.43,2.33,9.00,-0.00,0.00,-0.02
-3.43,2.33,9.00,-0.00,0.00,-0.02
-3.43,2.33,9.00,-0.00,0.00,-0.02
-3.43,2.33,9.00,-0.00,0.00,-0.02
-3.43,2.33,8.99,0.00,-0.00,-0.02
-3.43,2.33,8.99,0.00,-0.00,-0.02
-3.43,2.33,8.99,0.00,-0.00,-0.02
-3.43,2.33,8.99,0.00,-0.00,-0.02
-3.43,2.33,8.99,0.00,-0.00,-0.02
-3.44,2.32,9.00,0.00,0.00,-0.02
-3.44,2.32,9.00,0.00,0.00,-0.02
-3.44,2.32,9.00,0.00,0.00,-0.02
-3.44,2.32,9.00,0.00,0.00,-0.02
-3.44,2.32,9.00,0.00,0.00,-0.02
-3.44,2.32,9.00,0.00,0.00,-0.02
-3.44,2.32,9.00,0.00,0.00,-0.02
-3.44,2.32,9.00,0.00,0.00,-0.02
-3.44,2.32,9.00,0.00,0.00,-0.02
-3.44,2.32,9.00,0.00,0.00,-0.02
-3.44,2.32,9.00,0.00,0.00,-0.02
-3.43,2.32,9.00,0.00,-0.00,-0.02
-3.43,2.32,9.00,0.00,-0.00,-0.02
-3.43,2.32,9.00,0.00,-0.00,-0.02
-3.43,2.32,9.00,0.00,-0.00,-0.02
-3.43,2.32,9.00,0.00,-0.00,-0.02
-3.43,2.32,9.00,0.00,-0.00,-0.01
-3.43,2.32,9.00,0.00,-0.00,-0.01
-3.43,2.32,9.00,0.00,-0.00,-0.01
-3.43,2.32,9.00,0.00,-0.00,-0.01
-3.43,2.32,9.00,0.00,-0.00,-0.01
-3.43,2.32,9.00,0.00,-0.00,-0.01
-3.43,2.31,9.01,0.01,-0.00,-0.01
-3.43,2.31,9.01,0.01,-0.00,-0.01
-3.43,2.31,9.01,0.01,-0.00,-0.01
-3.43,2.31,9.01,0.01,-0.00,-0.01
-3.43,2.31,9.01,0.01,-0.00,-0.01
-3.42,2.30,9.00,0.00,-0.00,-0.01
-3.42,2.30,9.00,0.00,-0.00,-0.01
-3.42,2.30,9.00,0.00,-0.00,-0.01
-3.42,2.30,9.00,0.00,-0.00,-0.01
-3.42,2.30,9.00,0.00,-0.00,-0.01
-3.42,2.30,9.00,0.00,-0.00,-0.01
-3.43,2.31,9.01,0.00,-0.00,-0.01
-3.43,2.31,9.01,0.00,-0.00,-0.01
-3.43,2.31,9.01,0.00,-0.00,-0.01
-3.43,2.31,9.01,0.00,-0.00,-0.01
-3.43,2.31,9.01,0.00,-0.00,-0.01
-3.43,2.31,9.01,0.00,-0.00,-0.01
-3.43,2.31,9.01,0.00,-0.00,-0.01
-3.43,2.31,9.01,0.00,-0.00,-0.01
-3.43,2.31,9.01,0.00,-0.00,-0.01
-3.43,2.31,9.01,0.00,-0.00,-0.01
-3.43,2.31,9.01,0.00,-0.00,-0.01
-3.41,2.29,9.01,0.00,-0.00,-0.02
-3.41,2.29,9.01,0.00,-0.00,-0.02
-3.41,2.29,9.01,0.00,-0.00,-0.02
-3.41,2.29,9.01,0.00,-0.00,-0.02
-3.41,2.29,9.01,0.00,-0.00,-0.02
-3.44,2.29,9.01,0.00,-0.00,-0.01
-3.44,2.29,9.01,0.00,-0.00,-0.01
-3.44,2.29,9.01,0.00,-0.00,-0.01
-3.44,2.29,9.01,0.00,-0.00,-0.01
-3.44,2.29,9.01,0.00,-0.00,-0.01
-3.42,2.29,9.01,0.00,-0.00,-0.01
-3.42,2.29,9.01,0.00,-0.00,-0.01
-3.42,2.29,9.01,0.00,-0.00,-0.01
-3.42,2.29,9.01,0.00,-0.00,-0.01
-3.42,2.29,9.01,0.00,-0.00,-0.01
-3.42,2.29,9.01,0.00,-0.00,-0.01
-3.43,2.29,9.02,0.00,-0.00,-0.01
-3.43,2.29,9.02,0.00,-0.00,-0.01
-3.43,2.29,9.02,0.00,-0.00,-0.01
-3.43,2.29,9.02,0.00,-0.00,-0.01
-3.43,2.29,9.02,0.00,-0.00,-0.01
-3.41,2.30,9.02,0.01,-0.01,-0.01
-3.41,2.30,9.02,0.01,-0.01,-0.01
-3.41,2.30,9.02,0.01,-0.01,-0.01
-3.41,2.30,9.02,0.01,-0.01,-0.01
-3.41,2.30,9.02,0.01,-0.01,-0.01
-3.41,2.30,9.02,0.01,-0.01,-0.01
-3.41,2.29,9.02,0.01,-0.01,-0.01
-3.41,2.29,9.02,0.01,-0.01,-0.01
-3.41,2.29,9.02,0.01,-0.01,-0.01
-3.41,2.29,9.02,0.01,-0.01,-0.01
-3.41,2.29,9.02,0.01,-0.01,-0.01
-3.42,2.30,9.01,0.01,-0.01,-0.01
-3.42,2.30,9.01,0.01,-0.01,-0.01
-3.42,2.30,9.01,0.01,-0.01,-0.01
-3.42,2.30,9.01,0.01,-0.01,-0.01
-3.42,2.30,9.01,0.01,-0.01,-0.01
-3.42,2.30,9.03,0.01,-0.01,-0.01
-3.41,2.29,9.03,0.00,-0.00,-0.02
-3.41,2.29,9.03,0.00,-0.00,-0.02
-3.41,2.29,9.03,0.00,-0.00,-0.02
-3.41,2.29,9.03,0.00,-0.00,-0.02
-3.41,2.29,9.03,0.00,-0.00,-0.02
-3.39,2.29,9.01,0.01,-0.00,-0.01
-3.39,2.29,9.01,0.01,-0.00,-0.01
-3.39,2.29,9.01,0.01,-0.00,-0.01
-3.39,2.29,9.01,0.01,-0.00,-0.01
-3.39,2.29,9.01,0.01,-0.00,-0.01
-3.40,2.29,9.04,0.01,-0.00,-0.01
-3.40,2.29,9.04,0.01,-0.00,-0.01
-3.40,2.29,9.04,0.01,-0.00,-0.01
-3.40,2.29,9.04,0.01,-0.00,-0.01
-3.40,2.29,9.04,0.01,-0.00,-0.01
-3.40,2.29,9.04,0.01,-0.00,-0.01
-3.40,2.30,9.01,0.00,-0.01,-0.01
-3.40,2.30,9.01,0.00,-0.01,-0.01
-3.40,2.30,9.01,0.00,-0.01,-0.01
-3.40,2.30,9.01,0.00,-0.01,-0.01
-3.40,2.30,9.01,0.00,-0.01,-0.01
-3.42,2.28,9.03,0.01,-0.00,-0.01
-3.42,2.28,9.03,0.01,-0.00,-0.01
-3.42,2.28,9.03,0.01,-0.00,-0.01
-3.42,2.28,9.03,0.01,-0.00,-0.01
-3.42,2.28,9.03,0.01,-0.00,-0.01
-3.42,2.28,9.03,0.01,-0.00,-0.01
-3.43,2.29,9.02,0.01,-0.00,-0.01
-3.43,2.29,9.02,0.01,-0.00,-0.01
-3.43,2.29,9.02,0.01,-0.00,-0.01
-3.43,2.29,9.02,0.01,-0.00,-0.01
-3.43,2.29,9.02,0.01,-0.00,-0.01
-3.38,2.30,9.03,0.01,-0.01,-0.01
-3.38,2.30,9.03,0.01,-0.01,-0.01
-3.38,2.30,9.03,0.01,-0.01,-0.01
-3.38,2.30,9.03,0.01,-0.01,-0.01
-3.38,2.30,9.03,0.01,-0.01,-0.01
-3.40,2.27,9.04,0.01,-0.01,-0.01
-3.40,2.27,9.04,0.01,-0.01,-0.01
-3.40,2.27,9.04,0.01,-0.01,-0.01
-3.40,2.27,9.04,0.01,-0.01,-0.01
-3.40,2.27,9.04,0.01,-0.01,-0.01
-3.40,2.27,9.04,0.01,-0.01,-0.01
-3.42,2.31,9.03,0.02,-0.02,-0.00
-3.42,2.31,9.03,0.02,-0.02,-0.00
-3.42,2.31,9.03,0.02,-0.02,-0.00
-3.42,2.31,9.03,0.02,-0.02,-0.00
-3.42,2.31,9.03,0.02,-0.02,-0.00
-3.35,2.34,9.03,0.03,-0.03,-0.00
-3.35,2.34,9.03,0.03,-0.03,-0.00
-3.35,2.34,9.03,0.03,-0.03,-0.00
-3.35,2.34,9.03,0.03,-0.03,-0.00
-3.35,2.34,9.03,0.03,-0.03,-0.00
-3.35,2.34,9.03,0.03,-0.03,-0.00
-3.33,2.33,9.03,0.03,-0.01,-0.00
-3.33,2.33,9.03,0.03,-0.01,-0.00
-3.33,2.33,9.03,0.03,-0.01,-0.00
-3.33,2.33,9.03,0.03,-0.01,-0.00
-3.33,2.33,9.03,0.03,-0.01,-0.00
-3.28,2.35,9.02,0.02,-0.01,0.00
-3.28,2.35,9.02,0.02,-0.01,0.00
-3.28,2.35,9.02,0.02,-0.01,0.00
-3.28,2.35,9.02,0.02,-0.01,0.00
-3.28,2.35,9.02,0.02,-0.01,0.00
-3.28,2.35,9.02,0.02,-0.01,0.00
-3.28,2.41,9.03,0.02,-0.00,0.00
-3.28,2.41,9.03,0.02,-0.00,0.00
-3.28,2.41,9.03,0.02,-0.00,0.00
-3.28,2.41,9.03,0.02,-0.00,0.00
-3.28,2.41,9.03,0.02,-0.00,0.00
-3.28,2.41,9.01,0.01,0.01,-0.00
-3.28,2.41,9.01,0.01,0.01,-0.00
-3.28,2.41,9.01,0.01,0.01,-0.00
-3.28,2.41,9.01,0.01,0.01,-0.00
-3.28,2.41,9.01,0.01,0.01,-0.00
-3.32,2.38,9.03,0.01,0.01,-0.01
-3.32,2.38,9.03,0.01,0.01,-0.01
-3.32,2.38,9.03,0.01,0.01,-0.01
-3.32,2.38,9.03,0.01,0.01,-0.01
-3.32,2.38,9.03,0.01,0.01,-0.01
-3.32,2.38,9.03,0.01,0.01,-0.01
-3.42,2.35,9.03,0.00,0.00,-0.01
-3.42,2.35,9.03,0.00,0.00,-0.01
-3.42,2.35,9.03,0.00,0.00,-0.01
-3.42,2.35,9.03,0.00,0.00,-0.01
-3.42,2.35,9.03,0.00,0.00,-0.01
-3.45,2.31,9.03,-0.00,0.00,-0.02
-3.45,2.31,9.03,-0.00,0.00,-0.02
-3.45,2.31,9.03,-0.00,0.00,-0.02
-3.45,2.31,9.03,-0.00,0.00,-0.02
-3.45,2.31,9.03,-0.00,0.00,-0.02
-3.45,2.31,9.03,-0.00,0.00,-0.02
-3.43,2.35,9.03,-0.00,-0.00,-0.02
-3.43,2.35,9.03,-0.00,-0.00,-0.02
-3.43,2.35,9.03,-0.00,-0.00,-0.02
-3.43,2.35,9.03,-0.00,-0.00,-0.02
-3.43,2.35,9.03,-0.00,-0.00,-0.02
-3.33,2.35,9.03,0.01,-0.01,-0.02
-3.33,2.35,9.03,0.01,-0.01,-0.02
-3.33,2.35,9.03,0.01,-0.01,-0.02
-3.33,2.35,9.03,0.01,-0.01,-0.02
-3.33,2.35,9.03,0.01,-0.01,-0.02
-3.33,2.35,9.03,0.01,-0.01,-0.02
-3.25,2.40,9.03,0.02,-0.02,-0.01
-3.25,2.40,9.03,0.02,-0.02,-0.01
-3.25,2.40,9.03,0.02,-0.02,-0.01
-3.25,2.40,9.03,0.02,-0.02,-0.01
-3.25,2.40,9.03,0.02,-0.02,-0.01
-3.29,2.42,9.02,0.01,-0.01,-0.00
-3.29,2.42,9.02,0.01,-0.01,-0.00
-3.29,2.42,9.02,0.01,-0.01,-0.00
-3.29,2.42,9.02,0.01,-0.01,-0.00
-3.29,2.42,9.02,0.01,-0.01,-0.00
-3.32,2.39,9.03,0.01,-0.01,-0.00
-3.32,2.39,9.03,0.01,-0.01,-0.00
-3.32,2.39,9.03,0.01,-0.01,-0.00
-3.32,2.39,9.03,0.01,-0.01,-0.00
-3.32,2.39,9.03,0.01,-0.01,-0.00
-3.32,2.39,9.03,0.01,-0.01,-0.00
-3.34,2.36,9.03,0.01,-0.00,-0.01
-3.34,2.36,9.03,0.01,-0.00,-0.01
-3.34,2.36,9.03,0.01,-0.00,-0.01
-3.34,2.36,9.03,0.01,-0.00,-0.01
-3.34,2.36,9.03,0.01,-0.00,-0.01
-3.33,2.36,9.03,0.02,-0.01,-0.01
-3.33,2.36,9.03,0.02,-0.01,-0.01
-3.33,2.36,9.03,0.02,-0.01,-0.01
-3.33,2.36,9.03,0.02,-0.01,-0.01
-3.33,2.36,9.03,0.02,-0.01,-0.01
-3.33,2.36,9.03,0.02,-0.01,-0.01
-3.33,2.38,9.02,0.01,-0.01,-0.01
-3.33,2.38,9.02,0.01,-0.01,-0.01
-3.33,2.38,9.02,0.01,-0.01,-0.01
-3.33,2.38,9.02,0.01,-0.01,-0.01
-3.33,2.38,9.02,0.01,-0.01,-0.01
-3.29,2.41,9.02,0.01,-0.01,-0.01
-3.29,2.41,9.02,0.01,-0.01,-0.01
-3.29,2.41,9.02,0.01,-0.01,-0.01
-3.29,2.41,9.02,0.01,-0.01,-0.01
-3.29,2.41,9.02,0.01,-0.01,-0.01
-3.29,2.41,9.03,0.01,-0.01,-0.01
-3.30,2.41,9.03,0.01,-0.00,-0.01
-3.30,2.41,9.03,0.01,-0.00,-0.01
-3.30,2.41,9.03,0.01,-0.00,-0.01
-3.30,2.41,9.03,0.01,-0.00,-0.01
-3.30,2.41,9.03,0.01,-0.00,-0.01
-3.29,2.41,9.01,0.01,-0.00,-0.01
-3.29,2.41,9.01,0.01,-0.00,-0.01
-3.29,2.41,9.01,0.01,-0.00,-0.01
-3.29,2.41,9.01,0.01,-0.00,-0.01
-3.29,2.41,9.01,0.01,-0.00,-0.01
-3.33,2.40,9.03,0.01,0.00,-0.01
-3.33,2.40,9.03,0.01,0.00,-0.01
-3.33,2.40,9.03,0.01,0.00,-0.01
-3.33,2.40,9.03,0.01,0.00,-0.01
-3.33,2.40,9.03,0.01,0.00,-0.01
-3.33,2.40,9.03,0.01,0.00,-0.01
-3.32,2.39,9.03,0.01,-0.00,-0.01
-3.32,2.39,9.03,0.01,-0.00,-0.01
-3.32,2.39,9.03,0.01,-0.00,-0.01
-3.32,2.39,9.03,0.01,-0.00,-0.01
-3.32,2.39,9.03,0.01,-0.00,-0.01
-3.31,2.43,9.01,0.02,-0.01,-0.01
-3.31,2.43,9.01,0.02,-0.01,-0.01
-3.31,2.43,9.01,0.02,-0.01,-0.01
-3.31,2.43,9.01,0.02,-0.01,-0.01
-3.31,2.43,9.01,0.02,-0.01,-0.01
-3.31,2.43,9.01,0.02,-0.01,-0.01
-3.29,2.42,9.02,0.02,-0.01,-0.01
-3.29,2.42,9.02,0.02,-0.01,-0.01
-3.29,2.42,9.02,0.02,-0.01,-0.01
-3.29,2.42,9.02,0.02,-0.01,-0.01
-3.29,2.42,9.02,0.02,-0.01,-0.01
-3.28,2.43,9.02,0.02,-0.01,-0.01
-3.28,2.43,9.02,0.02,-0.01,-0.01
-3.28,2.43,9.02,0.02,-0.01,-0.01
-3.28,2.43,9.02,0.02,-0.01,-0.01
-3.28,2.43,9.02,0.02,-0.01,-0.01
-3.29,2.43,9.01,0.01,-0.00,-0.01
-3.29,2.43,9.01,0.01,-0.00,-0.01
-3.29,2.43,9.01,0.01,-0.00,-0.01
-3.29,2.43,9.01,0.01,-0.00,-0.01
-3.29,2.43,9.01,0.01,-0.00,-0.01
-3.29,2.43,9.01,0.01,-0.00,-0.01
-3.29,2.44,9.01,0.01,0.00,-0.01
-3.29,2.44,9.01,0.01,0.00,-0.01
-3.29,2.44,9.01,0.01,0.00,-0.01
-3.29,2.44,9.01,0.01,0.00,-0.01
-3.29,2.44,9.01,0.01,0.00,-0.01
-3.29,2.44,9.01,0.01,-0.00,-0.01
-3.29,2.44,9.01,0.01,-0.00,-0.01
-3.29,2.44,9.01,0.01,-0.00,-0.01
-3.29,2.44,9.01,0.01,-0.00,-0.01
-3.29,2.44,9.01,0.01,-0.00,-0.01
-3.29,2.44,9.01,0.01,-0.00,-0.01
-3.29,2.45,9.02,0.00,-0.00,-0.01
-3.29,2.45,9.02,0.00,-0.00,-0.01
-3.29,2.45,9.02,0.00,-0.00,-0.01
-3.29,2.45,9.02,0.00,-0.00,-0.01
-3.29,2.45,9.02,0.00,-0.00,-0.01
-3.29,2.43,9.02,0.00,0.00,-0.02
-3.29,2.43,9.02,0.00,0.00,-0.02
-3.29,2.43,9.02,0.00,0.00,-0.02
-3.29,2.43,9.02,0.00,0.00,-0.02
-3.29,2.43,9.02,0.00,0.00,-0.02
-3.29,2.43,9.02,0.00,0.00,-0.02
-3.29,2.43,9.03,0.00,-0.00,-0.02
-3.29,2.43,9.03,0.00,-0.00,-0.02
-3.29,2.43,9.03,0.00,-0.00,-0.02
-3.29,2.43,9.03,0.00,-0.00,-0.02
-3.29,2.43,9.03,0.00,-0.00,-0.02
-3.30,2.42,9.01,0.00,0.00,-0.02
-3.30,2.42,9.01,0.00,0.00,-0.02
-3.30,2.42,9.01,0.00,0.00,-0.02
-3.30,2.42,9.01,0.00,0.00,-0.02
-3.30,2.42,9.01,0.00,0.00,-0.02
-3.30,2.42,9.01,0.00,0.00,-0.02
-3.30,2.42,9.03,0.00,0.00,-0.02
-3.30,2.42,9.03,0.00,0.00,-0.02
-3.30,2.42,9.03,0.00,0.00,-0.02
-3.30,2.42,9.03,0.00,0.00,-0.02
-3.30,2.42,9.03,0.00,0.00,-0.02
-3.30,2.42,9.01,0.00,-0.00,-0.01
-3.30,2.42,9.01,0.00,-0.00,-0.01
-3.30,2.42,9.01,0.00,-0.00,-0.01
-3.30,2.42,9.01,0.00,-0.00,-0.01
-3.30,2.42,9.01,0.00,-0.00,-0.01
-3.31,2.41,9.03,0.00,0.00,-0.01
-3.31,2.41,9.03,0.00,0.00,-0.01
-3.31,2.41,9.03,0.00,0.00,-0.01
-3.31,2.41,9.03,0.00,0.00,-0.01
-3.31,2.41,9.03,0.00,0.00,-0.01
-3.31,2.41,9.03,0.00,0.00,-0.01
-3.30,2.42,9.02,0.01,-0.00,-0.01
-3.30,2.42,9.02,0.01,-0.00,-0.01
-3.30,2.42,9.02,0.01,-0.00,-0.01
-3.30,2.42,9.02,0.01,-0.00,-0.01
-3.30,2.42,9.02,0.01,-0.00,-0.01
-3.30,2.41,9.03,0.01,-0.00,-0.01
-3.30,2.41,9.03,0.01,-0.00,-0.01
-3.30,2.41,9.03,0.01,-0.00,-0.01
-3.30,2.41,9.03,0.01,-0.00,-0.01
-3.30,2.41,9.03,0.01,-0.00,-0.01
-3.30,2.41,9.03,0.01,-0.00,-0.01
-3.29,2.41,9.02,0.01,-0.00,-0.01
-3.29,2.41,9.02,0.01,-0.00,-0.01
-3.29,2.41,9.02,0.01,-0.00,-0.01
-3.29,2.41,9.02,0.01,-0.00,-0.01
-3.29,2.41,9.02,0.01,-0.00,-0.01
-3.29,2.42,9.03,0.01,-0.00,-0.01
-3.29,2.42,9.03,0.01,-0.00,-0.01
-3.29,2.42,9.03,0.01,-0.00,-0.01
-3.29,2.42,9.03,0.01,-0.00,-0.01
-3.29,2.42,9.03,0.01,-0.00,-0.01
-3.29,2.42,9.03,0.01,-0.00,-0.01
-3.30,2.41,9.03,0.01,-0.00,-0.01
-3.30,2.41,9.03,0.01,-0.00,-0.01
-3.30,2.41,9.03,0.01,-0.00,-0.01
-3.30,2.41,9.03,0.01,-0.00,-0.01
-3.30,2.41,9.03,0.01,-0.00,-0.01
-3.29,2.41,9.03,0.00,0.00,-0.01
-3.29,2.41,9.03,0.00,0.00,-0.01
-3.29,2.41,9.03,0.00,0.00,-0.01
-3.29,2.41,9.03,0.00,0.00,-0.01
-3.29,2.41,9.03,0.00,0.00,-0.01
-3.31,2.41,9.03,0.01,0.00,-0.01
-3.31,2.41,9.03,0.01,0.00,-0.01
-3.31,2.41,9.03,0.01,0.00,-0.01
-3.31,2.41,9.03,0.01,0.00,-0.01
-3.31,2.41,9.03,0.01,0.00,-0.01
-3.31,2.41,9.03,0.01,0.00,-0.01
-3.31,2.40,9.04,0.01,-0.00,-0.01
-3.31,2.40,9.04,0.01,-0.00,-0.01
-3.31,2.40,9.04,0.01,-0.00,-0.01
-3.31,2.40,9.04,0.01,-0.00,-0.01
-3.31,2.40,9.04,0.01,-0.00,-0.01
-3.30,2.41,9.02,0.01,-0.00,-0.01
-3.30,2.41,9.02,0.01,-0.00,-0.01
-3.30,2.41,9.02,0.01,-0.00,-0.01
-3.30,2.41,9.02,0.01,-0.00,-0.01
-3.30,2.41,9.02,0.01,-0.00,-0.01
-3.30,2.41,9.02,0.01,-0.00,-0.01
-3.31,2.41,9.04,0.01,0.00,-0.01
-3.31,2.41,9.04,0.01,0.00,-0.01
-3.31,2.41,9.04,0.01,0.00,-0.01
-3.31,2.41,9.04,0.01,0.00,-0.01
-3.31,2.41,9.04,0.01,0.00,-0.01
-3.30,2.41,9.03,0.01,-0.00,-0.01
-3.30,2.41,9.03,0.01,-0.00,-0.01
-3.30,2.41,9.03,0.01,-0.00,-0.01
-3.30,2.41,9.03,0.01,-0.00,-0.01
-3.30,2.41,9.03,0.01,-0.00,-0.01
-3.30,2.41,9.04,0.01,-0.00,-0.01
-3.30,2.42,9.04,0.01,-0.00,-0.01
-3.30,2.42,9.04,0.01,-0.00,-0.01
-3.30,2.42,9.04,0.01,-0.00,-0.01
-3.30,2.42,9.04,0.01,-0.00,-0.01
-3.30,2.42,9.04,0.01,-0.00,-0.01
-3.31,2.40,9.03,0.01,-0.00,-0.01
-3.31,2.40,9.03,0.01,-0.00,-0.01
-3.31,2.40,9.03,0.01,-0.00,-0.01
-3.31,2.40,9.03,0.01,-0.00,-0.01
-3.31,2.40,9.03,0.01,-0.00,-0.01
-3.30,2.40,9.04,0.01,-0.00,-0.01
-3.30,2.40,9.04,0.01,-0.00,-0.01
-3.30,2.40,9.04,0.01,-0.00,-0.01
-3.30,2.40,9.04,0.01,-0.00,-0.01
-3.30,2.40,9.04,0.01,-0.00,-0.01
-3.30,2.40,9.04,0.01,-0.00,-0.01
-3.31,2.41,9.03,0.01,-0.00,-0.01
-3.31,2.41,9.03,0.01,-0.00,-0.01
-3.31,2.41,9.03,0.01,-0.00,-0.01
-3.31,2.41,9.03,0.01,-0.00,-0.01
-3.31,2.41,9.03,0.01,-0.00,-0.01
-3.30,2.41,9.04,0.01,-0.00,-0.01
-3.30,2.41,9.04,0.01,-0.00,-0.01
-3.30,2.41,9.04,0.01,-0.00,-0.01
-3.30,2.41,9.04,0.01,-0.00,-0.01
-3.30,2.41,9.04,0.01,-0.00,-0.01
-3.30,2.41,9.03,0.01,-0.00,-0.01
-3.31,2.42,9.03,0.01,-0.00,-0.01
-3.31,2.42,9.03,0.01,-0.00,-0.01
-3.31,2.42,9.03,0.01,-0.00,-0.01
-3.31,2.42,9.03,0.01,-0.00,-0.01
-3.31,2.42,9.03,0.01,-0.00,-0.01
-3.31,2.41,9.03,0.01,-0.00,-0.01
-3.31,2.41,9.03,0.01,-0.00,-0.01
-3.31,2.41,9.03,0.01,-0.00,-0.01
-3.31,2.41,9.03,0.01,-0.00,-0.01
-3.31,2.41,9.03,0.01,-0.00,-0.01
-3.31,2.41,9.03,0.01,-0.00,-0.01
-3.31,2.41,9.03,0.01,-0.00,-0.01
-3.31,2.41,9.03,0.01,-0.00,-0.01
-3.31,2.41,9.03,0.01,-0.00,-0.01
-3.31,2.41,9.03,0.01,-0.00,-0.01
-3.31,2.41,9.03,0.01,-0.00,-0.01
-3.31,2.41,9.04,0.01,-0.00,-0.01
-3.31,2.41,9.04,0.01,-0.00,-0.01
-3.31,2.41,9.04,0.01,-0.00,-0.01
-3.31,2.41,9.04,0.01,-0.00,-0.01
-3.31,2.41,9.04,0.01,-0.00,-0.01
-3.29,2.42,9.03,0.01,-0.01,-0.01
-3.29,2.42,9.03,0.01,-0.01,-0.01
-3.29,2.42,9.03,0.01,-0.01,-0.01
-3.29,2.42,9.03,0.01,-0.01,-0.01
-3.29,2.42,9.03,0.01,-0.01,-0.01
-3.29,2.42,9.03,0.01,-0.01,-0.01
-3.29,2.43,9.03,0.01,-0.01,-0.01
-3.29,2.43,9.03,0.01,-0.01,-0.01
-3.29,2.43,9.03,0.01,-0.01,-0.01
-3.29,2.43,9.03,0.01,-0.01,-0.01
-3.29,2.43,9.03,0.01,-0.01,-0.01
-3.28,2.44,9.03,0.01,-0.00,-0.01
-3.28,2.44,9.03,0.01,-0.00,-0.01
-3.28,2.44,9.03,0.01,-0.00,-0.01
-3.28,2.44,9.03,0.01,-0.00,-0.01
-3.28,2.44,9.03,0.01,-0.00,-0.01
-3.28,2.43,9.04,0.01,-0.00,-0.01
-3.28,2.43,9.04,0.01,-0.00,-0.01
-3.28,2.43,9.04,0.01,-0.00,-0.01
-3.28,2.43,9.04,0.01,-0.00,-0.01
-3.28,2.43,9.04,0.01,-0.00,-0.01
-3.28,2.43,9.04,0.01,-0.00,-0.01
-3.30,2.45,9.02,0.01,-0.00,-0.01
-3.30,2.45,9.02,0.01,-0.00,-0.01
-3.30,2.45,9.02,0.01,-0.00,-0.01
-3.30,2.45,9.02,0.01,-0.00,-0.01
-3.30,2.45,9.02,0.01,-0.00,-0.01
-3.28,2.44,9.03,0.01,-0.00,-0.01
-3.28,2.44,9.03,0.01,-0.00,-0.01
-3.28,2.44,9.03,0.01,-0.00,-0.01
-3.28,2.44,9.03,0.01,-0.00,-0.01
-3.28,2.44,9.03,0.01,-0.00,-0.01
-3.28,2.44,9.03,0.01,-0.00,-0.01
-3.27,2.45,9.02,0.01,-0.00,-0.01
-3.27,2.45,9.02,0.01,-0.00,-0.01
-3.27,2.45,9.02,0.01,-0.00,-0.01
-3.27,2.45,9.02,0.01,-0.00,-0.01
-3.27,2.45,9.02,0.01,-0.00,-0.01
-3.29,2.45,9.03,0.01,-0.00,-0.01
-3.29,2.45,9.03,0.01,-0.00,-0.01
-3.29,2.45,9.03,0.01,-0.00,-0.01
-3.29,2.45,9.03,0.01,-0.00,-0.01
-3.29,2.45,9.03,0.01,-0.00,-0.01
-3.28,2.46,9.02,0.01,-0.00,-0.01
-3.28,2.46,9.02,0.01,-0.00,-0.01
-3.28,2.46,9.02,0.01,-0.00,-0.01
-3.28,2.46,9.02,0.01,-0.00,-0.01
-3.28,2.46,9.02,0.01,-0.00,-0.01
-3.28,2.46,9.02,0.01,-0.00,-0.01
-3.28,2.46,9.03,0.00,0.00,-0.02
-3.28,2.46,9.03,0.00,0.00,-0.02
-3.28,2.46,9.03,0.00,0.00,-0.02
-3.28,2.46,9.03,0.00,0.00,-0.02
-3.28,2.46,9.03,0.00,0.00,-0.02
-3.28,2.44,9.03,0.00,-0.00,-0.02
-3.28,2.44,9.03,0.00,-0.00,-0.02
-3.28,2.44,9.03,0.00,-0.00,-0.02
-3.28,2.44,9.03,0.00,-0.00,-0.02
-3.28,2.44,9.03,0.00,-0.00,-0.02
-3.28,2.44,9.03,0.00,-0.00,-0.02
-3.28,2.44,9.03,0.00,0.00,-0.02
-3.28,2.44,9.03,0.00,0.00,-0.02
-3.28,2.44,9.03,0.00,0.00,-0.02
-3.28,2.44,9.03,0.00,0.00,-0.02
-3.28,2.44,9.03,0.00,0.00,-0.02
-3.29,2.43,9.03,0.00,0.00,-0.02
-3.29,2.43,9.03,0.00,0.00,-0.02
-3.29,2.43,9.03,0.00,0.00,-0.02
-3.29,2.43,9.03,0.00,0.00,-0.02
-3.29,2.43,9.03,0.00,0.00,-0.02
-3.29,2.43,9.03,0.00,0.00,-0.02
-3.30,2.43,9.02,0.00,0.00,-0.02
-3.30,2.43,9.02,0.00,0.00,-0.02
-3.30,2.43,9.02,0.00,0.00,-0.02
-3.30,2.43,9.02,0.00,0.00,-0.02
-3.30,2.43,9.02,0.00,0.00,-0.02
-3.28,2.42,9.03,0.00,0.00,-0.02
-3.28,2.42,9.03,0.00,0.00,-0.02
-3.28,2.42,9.03,0.00,0.00,-0.02
-3.28,2.42,9.03,0.00,0.00,-0.02
-3.28,2.42,9.03,0.00,0.00,-0.02
-3.30,2.42,9.03,0.00,0.00,-0.02
-3.30,2.42,9.03,-0.00,0.00,-0.02
-3.30,2.42,9.03,-0.00,0.00,-0.02
-3.30,2.42,9.03,-0.00,0.00,-0.02
-3.30,2.42,9.03,-0.00,0.00,-0.02
-3.30,2.42,9.03,-0.00,0.00,-0.02
-3.33,2.41,9.04,0.00,-0.00,-0.02
-3.33,2.41,9.04,0.00,-0.00,-0.02
-3.33,2.41,9.04,0.00,-0.00,-0.02
-3.33,2.41,9.04,0.00,-0.00,-0.02
-3.33,2.41,9.04,0.00,-0.00,-0.02
-3.31,2.43,9.02,0.01,-0.01,-0.01
-3.31,2.43,9.02,0.01,-0.01,-0.01
-3.31,2.43,9.02,0.01,-0.01,-0.01
-3.31,2.43,9.02,0.01,-0.01,-0.01
-3.31,2.43,9.02,0.01,-0.01,-0.01
-3.31,2.43,9.02,0.01,-0.01,-0.01
-3.28,2.42,9.03,0.01,-0.01,-0.01
-3.28,2.42,9.03,0.01,-0.01,-0.01
-3.28,2.42,9.03,0.01,-0.01,-0.01
-3.28,2.42,9.03,0.01,-0.01,-0.01
-3.28,2.42,9.03,0.01,-0.01,-0.01
-3.28,2.41,9.04,0.01,-0.00,-0.01
-3.28,2.41,9.04,0.01,-0.00,-0.01
-3.28,2.41,9.04,0.01,-0.00,-0.01
-3.28,2.41,9.04,0.01,-0.00,-0.01
-3.28,2.41,9.04,0.01,-0.00,-0.01
-3.28,2.41,9.04,0.01,-0.00,-0.01
-3.26,2.42,9.03,0.01,-0.00,-0.01
-3.26,2.42,9.03,0.01,-0.00,-0.01
-3.26,2.42,9.03,0.01,-0.00,-0.01
-3.26,2.42,9.03,0.01,-0.00,-0.01
-3.26,2.42,9.03,0.01,-0.00,-0.01
-3.28,2.43,9.03,0.01,-0.01,-0.01
-3.28,2.43,9.03,0.01,-0.01,-0.01
-3.28,2.43,9.03,0.01,-0.01,-0.01
-3.28,2.43,9.03,0.01,-0.01,-0.01
-3.28,2.43,9.03,0.01,-0.01,-0.01
-3.27,2.42,9.03,0.01,-0.00,-0.01
-3.27,2.42,9.03,0.01,-0.00,-0.01
-3.27,2.42,9.03,0.01,-0.00,-0.01
-3.27,2.42,9.03,0.01,-0.00,-0.01
-3.27,2.42,9.03,0.01,-0.00,-0.01
-3.27,2.42,9.03,0.01,-0.00,-0.01
-3.29,2.42,9.04,0.00,0.00,-0.02
-3.29,2.42,9.04,0.00,0.00,-0.02
-3.29,2.42,9.04,0.00,0.00,-0.02
-3.29,2.42,9.04,0.00,0.00,-0.02
-3.29,2.42,9.04,0.00,0.00,-0.02
-3.28,2.41,9.04,0.00,0.00,-0.02
-3.28,2.41,9.04,0.00,0.00,-0.02
-3.28,2.41,9.04,0.00,0.00,-0.02
-3.28,2.41,9.04,0.00,0.00,-0.02
-3.28,2.41,9.04,0.00,0.00,-0.02
-3.28,2.41,9.04,0.00,0.00,-0.02
-3.30,2.41,9.04,0.00,0.00,-0.02
-3.30,2.41,9.04,0.00,0.00,-0.02
-3.30,2.41,9.04,0.00,0.00,-0.02
-3.30,2.41,9.04,0.00,0.00,-0.02
-3.30,2.41,9.04,0.00,0.00,-0.02
-3.30,2.40,9.04,0.01,-0.00,-0.01
-3.30,2.40,9.04,0.01,-0.00,-0.01
-3.30,2.40,9.04,0.01,-0.00,-0.01
-3.30,2.40,9.04,0.01,-0.00,-0.01
-3.30,2.40,9.04,0.01,-0.00,-0.01
-3.30,2.40,9.04,0.01,-0.00,-0.01
-3.30,2.40,9.04,0.01,-0.00,-0.01
-3.30,2.40,9.04,0.01,-0.00,-0.01
-3.30,2.40,9.04,0.01,-0.00,-0.01
-3.30,2.40,9.04,0.01,-0.00,-0.01
-3.30,2.40,9.04,0.01,-0.00,-0.01
-3.30,2.41,9.04,0.01,-0.00,-0.01
-3.30,2.41,9.04,0.01,-0.00,-0.01
-3.30,2.41,9.04,0.01,-0.00,-0.01
-3.30,2.41,9.04,0.01,-0.00,-0.01
-3.30,2.41,9.04,0.01,-0.00,-0.01
-3.29,2.42,9.04,0.01,-0.00,-0.01
-3.29,2.42,9.04,0.01,-0.00,-0.01
-3.29,2.42,9.04,0.01,-0.00,-0.01
-3.29,2.42,9.04,0.01,-0.00,-0.01
-3.29,2.42,9.04,0.01,-0.00,-0.01
-3.29,2.42,9.04,0.01,-0.00,-0.01
-3.28,2.40,9.04,0.01,-0.00,-0.01
-3.28,2.40,9.04,0.01,-0.00,-0.01
-3.28,2.40,9.04,0.01,-0.00,-0.01
-3.28,2.40,9.04,0.01,-0.00,-0.01
-3.28,2.40,9.04,0.01,-0.00,-0.01
-3.29,2.43,9.03,0.01,-0.00,-0.01
-3.29,2.43,9.03,0.01,-0.00,-0.01
-3.29,2.43,9.03,0.01,-0.00,-0.01
-3.29,2.43,9.03,0.01,-0.00,-0.01
-3.29,2.43,9.03,0.01,-0.00,-0.01
-3.29,2.43,9.03,0.01,-0.00,-0.01
-3.29,2.41,9.04,0.01,-0.00,-0.01
-3.29,2.41,9.04,0.01,-0.00,-0.01
-3.29,2.41,9.04,0.01,-0.00,-0.01
-3.29,2.41,9.04,0.01,-0.00,-0.01
-3.29,2.41,9.04,0.01,-0.00,-0.01
-3.27,2.41,9.04,0.01,-0.00,-0.01
-3.27,2.41,9.04,0.01,-0.00,-0.01
-3.27,2.41,9.04,0.01,-0.00,-0.01
-3.27,2.41,9.04,0.01,-0.00,-0.01
-3.27,2.41,9.04,0.01,-0.00,-0.01
-3.27,2.41,9.04,0.01,-0.00,-0.01
-3.30,2.41,9.05,0.01,-0.00,-0.01
-3.30,2.41,9.05,0.01,-0.00,-0.01
-3.30,2.41,9.05,0.01,-0.00,-0.01
-3.30,2.41,9.05,0.01,-0.00,-0.01
-3.30,2.41,9.05,0.01,-0.00,-0.01
-3.28,2.42,9.04,0.01,-0.00,-0.01
-3.28,2.42,9.04,0.01,-0.00,-0.01
-3.28,2.42,9.04,0.01,-0.00,-0.01
-3.28,2.42,9.04,0.01,-0.00,-0.01
-3.28,2.42,9.04,0.01,-0.00,-0.01
-3.29,2.43,9.03,0.01,-0.00,-0.01
-3.29,2.43,9.03,0.01,-0.00,-0.01
-3.29,2.43,9.03,0.01,-0.00,-0.01
-3.29,2.43,9.03,0.01,-0.00,-0.01
-3.29,2.43,9.03,0.01,-0.00,-0.01
-3.29,2.43,9.03,0.01,-0.00,-0.01
-3.29,2.43,9.03,0.01,-0.00,-0.01
-3.29,2.43,9.03,0.01,-0.00,-0.01
-3.29,2.43,9.03,0.01,-0.00,-0.01
-3.29,2.43,9.03,0.01,-0.00,-0.01
-3.29,2.43,9.03,0.01,-0.00,-0.01
-3.29,2.44,9.04,0.01,-0.00,-0.01
-3.29,2.44,9.04,0.01,-0.00,-0.01
-3.29,2.44,9.04,0.01,-0.00,-0.01
-3.29,2.44,9.04,0.01,-0.00,-0.01
-3.29,2.44,9.04,0.01,-0.00,-0.01
-3.29,2.44,9.04,0.01,-0.00,-0.01
-3.29,2.44,9.04,0.01,-0.01,-0.01
-3.29,2.44,9.04,0.01,-0.01,-0.01
-3.29,2.44,9.04,0.01,-0.01,-0.01
-3.29,2.44,9.04,0.01,-0.01,-0.01
-3.29,2.44,9.04,0.01,-0.01,-0.01
-3.27,2.45,9.03,0.02,-0.01,-0.01
-3.27,2.45,9.03,0.02,-0.01,-0.01
-3.27,2.45,9.03,0.02,-0.01,-0.01
-3.27,2.45,9.03,0.02,-0.01,-0.01
-3.27,2.45,9.03,0.02,-0.01,-0.01
-3.27,2.45,9.03,0.02,-0.01,-0.01
-3.28,2.46,9.04,0.01,-0.00,-0.01
-3.28,2.46,9.04,0.01,-0.00,-0.01
-3.28,2.46,9.04,0.01,-0.00,-0.01
-3.28,2.46,9.04,0.01,-0.00,-0.01
-3.28,2.46,9.04,0.01,-0.00,-0.01
-3.26,2.47,9.02,0.01,-0.00,-0.01
-3.26,2.47,9.02,0.01,-0.00,-0.01
-3.26,2.47,9.02,0.01,-0.00,-0.01
-3.26,2.47,9.02,0.01,-0.00,-0.01
-3.26,2.47,9.02,0.01,-0.00,-0.01
-3.28,2.48,9.05,0.01,-0.00,-0.01
-3.28,2.48,9.05,0.01,-0.00,-0.01
-3.28,2.48,9.05,0.01,-0.00,-0.01
-3.28,2.48,9.05,0.01,-0.00,-0.01
-3.28,2.48,9.05,0.01,-0.00,-0.01
-3.28,2.48,9.05,0.01,-0.00,-0.01
-3.26,2.48,9.02,0.00,-0.00,-0.01
-3.26,2.48,9.02,0.00,-0.00,-0.01
-3.26,2.48,9.02,0.00,-0.00,-0.01
-3.26,2.48,9.02,0.00,-0.00,-0.01
-3.26,2.48,9.02,0.00,-0.00,-0.01
-3.28,2.45,9.03,0.00,0.00,-0.02
-3.28,2.45,9.03,0.00,0.00,-0.02
-3.28,2.45,9.03,0.00,0.00,-0.02
-3.28,2.45,9.03,0.00,0.00,-0.02
-3.28,2.45,9.03,0.00,0.00,-0.02
-3.28,2.45,9.03,0.00,0.00,-0.02
-3.28,2.43,9.04,0.01,0.00,-0.01
-3.28,2.43,9.04,0.01,0.00,-0.01
-3.28,2.43,9.04,0.01,0.00,-0.01
-3.28,2.43,9.04,0.01,0.00,-0.01
-3.28,2.43,9.04,0.01,0.00,-0.01
-3.27,2.45,9.02,0.01,-0.00,-0.01
-3.27,2.45,9.02,0.01,-0.00,-0.01
-3.27,2.45,9.02,0.01,-0.00,-0.01
-3.27,2.45,9.02,0.01,-0.00,-0.01
-3.27,2.45,9.02,0.01,-0.00,-0.01
-3.27,2.45,9.02,0.01,-0.00,-0.01
-3.30,2.46,9.03,0.01,-0.00,-0.01
-3.30,2.46,9.03,0.01,-0.00,-0.01
-3.30,2.46,9.03,0.01,-0.00,-0.01
-3.30,2.46,9.03,0.01,-0.00,-0.01
-3.30,2.46,9.03,0.01,-0.00,-0.01
-3.26,2.47,9.03,0.01,-0.01,-0.01
-3.26,2.47,9.03,0.01,-0.01,-0.01
-3.26,2.47,9.03,0.01,-0.01,-0.01
-3.26,2.47,9.03,0.01,-0.01,-0.01
-3.26,2.47,9.03,0.01,-0.01,-0.01
-3.26,2.47,9.03,0.01,-0.01,-0.01
-3.27,2.47,9.03,0.01,-0.01,-0.01
-3.27,2.47,9.03,0.01,-0.01,-0.01
-3.27,2.47,9.03,0.01,-0.01,-0.01
-3.27,2.47,9.03,0.01,-0.01,-0.01
-3.27,2.47,9.03,0.01,-0.01,-0.01
-3.27,2.45,9.03,0.01,-0.00,-0.01
-3.27,2.45,9.03,0.01,-0.00,-0.01
-3.27,2.45,9.03,0.01,-0.00,-0.01
-3.27,2.45,9.03,0.01,-0.00,-0.01
-3.27,2.45,9.03,0.01,-0.00,-0.01
-3.25,2.45,9.03,0.01,-0.00,-0.01
-3.25,2.45,9.03,0.01,-0.00,-0.01
-3.25,2.45,9.03,0.01,-0.00,-0.01
-3.25,2.45,9.03,0.01,-0.00,-0.01
-3.25,2.45,9.03,0.01,-0.00,-0.01
-3.25,2.45,9.03,0.01,-0.00,-0.01
-3.28,2.46,9.03,0.01,0.00,-0.01
-3.28,2.46,9.03,0.01,0.00,-0.01
-3.28,2.46,9.03,0.01,0.00,-0.01
-3.28,2.46,9.03,0.01,0.00,-0.01
-3.28,2.46,9.03,0.01,0.00,-0.01
-3.26,2.47,9.03,0.01,-0.00,-0.01
-3.26,2.47,9.03,0.01,-0.00,-0.01
-3.26,2.47,9.03,0.01,-0.00,-0.01
-3.26,2.47,9.03,0.01,-0.00,-0.01
-3.26,2.47,9.03,0.01,-0.00,-0.01
-3.26,2.47,9.03,0.01,-0.00,-0.01
-3.27,2.46,9.04,0.00,0.00,-0.02
-3.27,2.46,9.04,0.00,0.00,-0.02
-3.27,2.46,9.04,0.00,0.00,-0.02
-3.27,2.46,9.04,0.00,0.00,-0.02
-3.27,2.46,9.04,0.00,0.00,-0.02
-3.29,2.43,9.03,0.00,0.00,-0.02
-3.29,2.43,9.03,0.00,0.00,-0.02
-3.29,2.43,9.03,0.00,0.00,-0.02
-3.29,2.43,9.03,0.00,0.00,-0.02
-3.29,2.43,9.03,0.00,0.00,-0.02
-3.29,2.43,9.03,0.00,0.00,-0.02
-3.27,2.45,9.03,0.00,-0.00,-0.01
-3.27,2.45,9.03,0.00,-0.00,-0.01
-3.27,2.45,9.03,0.00,-0.00,-0.01
-3.27,2.45,9.03,0.00,-0.00,-0.01
-3.27,2.45,9.03,0.00,-0.00,-0.01
-3.29,2.45,9.03,0.01,0.00,-0.01
-3.29,2.45,9.03,0.01,0.00,-0.01
-3.29,2.45,9.03,0.01,0.00,-0.01
-3.29,2.45,9.03,0.01,0.00,-0.01
-3.29,2.45,9.03,0.01,0.00,-0.01
-3.29,2.45,9.03,0.01,0.00,-0.01
-3.26,2.44,9.03,0.01,-0.00,-0.01
-3.26,2.44,9.03,0.01,-0.00,-0.01
-3.26,2.44,9.03,0.01,-0.00,-0.01
-3.26,2.44,9.03,0.01,-0.00,-0.01
-3.26,2.44,9.03,0.01,-0.00,-0.01
-3.28,2.44,9.04,0.01,-0.00,-0.01
-3.28,2.44,9.04,0.01,-0.00,-0.01
-3.28,2.44,9.04,0.01,-0.00,-0.01
-3.28,2.44,9.04,0.01,-0.00,-0.01
-3.28,2.44,9.04,0.01,-0.00,-0.01
-3.30,2.44,9.03,0.01,-0.00,-0.01
-3.30,2.44,9.03,0.01,-0.00,-0.01
-3.30,2.44,9.03,0.01,-0.00,-0.01
-3.30,2.44,9.03,0.01,-0.00,-0.01
-3.30,2.44,9.03,0.01,-0.00,-0.01
-3.30,2.44,9.03,0.01,-0.00,-0.01
-3.26,2.45,9.03,0.01,-0.00,-0.01
-3.26,2.45,9.03,0.01,-0.00,-0.01
-3.26,2.45,9.03,0.01,-0.00,-0.01
-3.26,2.45,9.03,0.01,-0.00,-0.01
-3.26,2.45,9.03,0.01,-0.00,-0.01
-3.29,2.45,9.03,0.01,-0.00,-0.01
-3.29,2.45,9.03,0.01,-0.00,-0.01
-3.29,2.45,9.03,0.01,-0.00,-0.01
-3.29,2.45,9.03,0.01,-0.00,-0.01
-3.29,2.45,9.03,0.01,-0.00,-0.01
-3.29,2.45,9.03,0.01,-0.00,-0.01
-3.27,2.44,9.03,0.01,-0.00,-0.01
-3.27,2.44,9.03,0.01,-0.00,-0.01
-3.27,2.44,9.03,0.01,-0.00,-0.01
-3.27,2.44,9.03,0.01,-0.00,-0.01
-3.27,2.44,9.03,0.01,-0.00,-0.01
-3.29,2.44,9.04,0.01,-0.00,-0.01
-3.29,2.44,9.04,0.01,-0.00,-0.01
-3.29,2.44,9.04,0.01,-0.00,-0.01
-3.29,2.44,9.04,0.01,-0.00,-0.01
-3.29,2.44,9.04,0.01,-0.00,-0.01
-3.29,2.44,9.04,0.01,-0.00,-0.01
-3.29,2.44,9.03,0.01,-0.00,-0.01
-3.29,2.44,9.03,0.01,-0.00,-0.01
-3.29,2.44,9.03,0.01,-0.00,-0.01
-3.29,2.44,9.03,0.01,-0.00,-0.01
-3.29,2.44,9.03,0.01,-0.00,-0.01
-3.27,2.43,9.03,0.01,-0.00,-0.01
-3.27,2.43,9.03,0.01,-0.00,-0.01
-3.27,2.43,9.03,0.01,-0.00,-0.01
-3.27,2.43,9.03,0.01,-0.00,-0.01
-3.27,2.43,9.03,0.01,-0.00,-0.01
-3.27,2.43,9.01,0.01,-0.00,-0.01
-3.30,2.45,9.01,0.01,-0.00,-0.01
-3.30,2.45,9.01,0.01,-0.00,-0.01
-3.30,2.45,9.01,0.01,-0.00,-0.01
-3.30,2.45,9.01,0.01,-0.00,-0.01
-3.30,2.45,9.01,0.01,-0.00,-0.01
-3.27,2.43,9.03,0.01,-0.00,-0.01
-3.27,2.43,9.03,0.01,-0.00,-0.01
-3.27,2.43,9.03,0.01,-0.00,-0.01
-3.27,2.43,9.03,0.01,-0.00,-0.01
-3.27,2.43,9.03,0.01,-0.00,-0.01
-3.29,2.43,9.03,0.01,0.00,-0.01
-3.29,2.43,9.03,0.01,0.00,-0.01
-3.29,2.43,9.03,0.01,0.00,-0.01
-3.29,2.43,9.03,0.01,0.00,-0.01
-3.29,2.43,9.03,0.01,0.00,-0.01
-3.29,2.43,9.03,0.01,0.00,-0.01
-3.29,2.43,9.04,0.01,-0.00,-0.01
-3.29,2.43,9.04,0.01,-0.00,-0.01
-3.29,2.43,9.04,0.01,-0.00,-0.01
-3.29,2.43,9.04,0.01,-0.00,-0.01
-3.29,2.43,9.04,0.01,-0.00,-0.01
-3.27,2.44,9.03,0.02,-0.01,-0.01
-3.27,2.44,9.03,0.02,-0.01,-0.01
-3.27,2.44,9.03,0.02,-0.01,-0.01
-3.27,2.44,9.03,0.02,-0.01,-0.01
-3.27,2.44,9.03,0.02,-0.01,-0.01
-3.27,2.44,9.03,0.02,-0.01,-0.01
-3.27,2.46,9.01,0.02,-0.01,-0.00
-3.27,2.46,9.01,0.02,-0.01,-0.00
-3.27,2.46,9.01,0.02,-0.01,-0.00
-3.27,2.46,9.01,0.02,-0.01,-0.00
-3.27,2.46,9.01,0.02,-0.01,-0.00
-3.26,2.46,9.03,0.02,-0.01,-0.01
-3.26,2.46,9.03,0.02,-0.01,-0.01
-3.26,2.46,9.03,0.02,-0.01,-0.01
-3.26,2.46,9.03,0.02,-0.01,-0.01
-3.26,2.46,9.03,0.02,-0.01,-0.01
-3.27,2.54,9.00,0.02,-0.01,-0.01
-3.27,2.54,9.00,0.02,-0.01,-0.01
-3.27,2.54,9.00,0.02,-0.01,-0.01
-3.27,2.54,9.00,0.02,-0.01,-0.01
-3.27,2.54,9.00,0.02,-0.01,-0.01
-3.27,2.54,9.00,0.02,-0.01,-0.01
-3.24,2.53,9.01,0.00,0.00,-0.02
-3.24,2.53,9.01,0.00,0.00,-0.02
-3.24,2.53,9.01,0.00,0.00,-0.02
-3.24,2.53,9.01,0.00,0.00,-0.02
-3.24,2.53,9.01,0.00,0.00,-0.02
-3.27,2.44,9.06,-0.01,0.01,-0.02
-3.27,2.44,9.06,-0.01,0.01,-0.02
-3.27,2.44,9.06,-0.01,0.01,-0.02
-3.27,2.44,9.06,-0.01,0.01,-0.02
-3.27,2.44,9.06,-0.01,0.01,-0.02
-3.27,2.44,9.06,-0.01,0.01,-0.02
-3.31,2.43,9.01,-0.00,0.00,-0.01
-3.31,2.43,9.01,-0.00,0.00,-0.01
-3.31,2.43,9.01,-0.00,0.00,-0.01
-3.31,2.43,9.01,-0.00,0.00,-0.01
-3.31,2.43,9.01,-0.00,0.00,-0.01
-3.27,2.48,9.01,0.01,-0.01,-0.01
-3.27,2.48,9.01,0.01,-0.01,-0.01
-3.27,2.48,9.01,0.01,-0.01,-0.01
-3.27,2.48,9.01,0.01,-0.01,-0.01
-3.27,2.48,9.01,0.01,-0.01,-0.01
-3.27,2.48,9.01,0.01,-0.01,-0.01
-3.27,2.42,9.04,0.00,0.00,-0.02
-3.27,2.42,9.04,0.00,0.00,-0.02
-3.27,2.42,9.04,0.00,0.00,-0.02
-3.27,2.42,9.04,0.00,0.00,-0.02
-3.27,2.42,9.04,0.00,0.00,-0.02
-3.28,2.44,9.01,-0.00,0.00,-0.01
-3.28,2.44,9.01,-0.00,0.00,-0.01
-3.28,2.44,9.01,-0.00,0.00,-0.01
-3.28,2.44,9.01,-0.00,0.00,-0.01
-3.28,2.44,9.01,-0.00,0.00,-0.01
-3.30,2.46,9.03,0.00,0.01,-0.02
-3.30,2.46,9.03,0.00,0.01,-0.02
-3.30,2.46,9.03,0.00,0.01,-0.02
-3.30,2.46,9.03,0.00,0.01,-0.02
-3.30,2.46,9.03,0.00,0.01,-0.02
-3.30,2.46,9.03,0.00,0.01,-0.02
-3.29,2.47,9.03,0.00,0.00,-0.02
-3.29,2.47,9.03,0.00,0.00,-0.02
-3.29,2.47,9.03,0.00,0.00,-0.02
-3.29,2.47,9.03,0.00,0.00,-0.02
-3.29,2.47,9.03,0.00,0.00,-0.02
-3.30,2.44,9.04,0.01,-0.00,-0.02
-3.30,2.44,9.04,0.01,-0.00,-0.02
-3.30,2.44,9.04,0.01,-0.00,-0.02
-3.30,2.44,9.04,0.01,-0.00,-0.02
-3.30,2.44,9.04,0.01,-0.00,-0.02
-3.30,2.44,9.04,0.01,-0.00,-0.02
-3.27,2.44,9.02,0.01,-0.00,-0.01
-3.27,2.44,9.02,0.01,-0.00,-0.01
-3.27,2.44,9.02,0.01,-0.00,-0.01
-3.27,2.44,9.02,0.01,-0.00,-0.01
-3.27,2.44,9.02,0.01,-0.00,-0.01
-3.29,2.46,9.03,0.01,0.00,-0.02
-3.29,2.46,9.03,0.01,0.00,-0.02
-3.29,2.46,9.03,0.01,0.00,-0.02
-3.29,2.46,9.03,0.01,0.00,-0.02
-3.29,2.46,9.03,0.01,0.00,-0.02
-3.29,2.46,9.03,0.01,0.00,-0.02
-3.29,2.37,9.01,0.00,0.00,-0.02
-3.29,2.37,9.01,0.00,0.00,-0.02
-3.29,2.37,9.01,0.00,0.00,-0.02
-3.29,2.37,9.01,0.00,0.00,-0.02
-3.29,2.37,9.01,0.00,0.00,-0.02
-3.31,2.42,9.08,0.01,0.00,-0.01
-3.31,2.42,9.08,0.01,0.00,-0.01
-3.31,2.42,9.08,0.01,0.00,-0.01
-3.31,2.42,9.08,0.01,0.00,-0.01
-3.31,2.42,9.08,0.01,0.00,-0.01
-3.31,2.47,9.01,0.01,-0.01,-0.00
-3.31,2.47,9.01,0.02,-0.01,-0.00
-3.31,2.47,9.01,0.02,-0.01,-0.00
-3.31,2.47,9.01,0.02,-0.01,-0.00
-3.31,2.47,9.01,0.02,-0.01,-0.00
-3.31,2.47,9.01,0.02,-0.01,-0.00
-3.27,2.50,9.02,0.01,-0.00,-0.01
-3.27,2.50,9.02,0.01,-0.00,-0.01
-3.27,2.50,9.02,0.01,-0.00,-0.01
-3.27,2.50,9.02,0.01,-0.00,-0.01
-3.27,2.50,9.02,0.01,-0.00,-0.01
-3.26,2.47,9.03,0.00,0.00,-0.02
-3.26,2.47,9.03,0.00,0.00,-0.02
-3.26,2.47,9.03,0.00,0.00,-0.02
-3.26,2.47,9.03,0.00,0.00,-0.02
-3.26,2.47,9.03,0.00,0.00,-0.02
-3.26,2.47,9.03,0.00,0.00,-0.02
-3.27,2.40,9.04,0.01,-0.00,-0.02
-3.27,2.40,9.04,0.01,-0.00,-0.02
-3.27,2.40,9.04,0.01,-0.00,-0.02
-3.27,2.40,9.04,0.01,-0.00,-0.02
-3.27,2.40,9.04,0.01,-0.00,-0.02
-3.29,2.43,9.03,0.00,-0.00,-0.01
-3.29,2.43,9.03,0.00,-0.00,-0.01
-3.29,2.43,9.03,0.00,-0.00,-0.01
-3.29,2.43,9.03,0.00,-0.00,-0.01
-3.29,2.43,9.03,0.00,-0.00,-0.01
-3.29,2.43,9.03,0.00,-0.00,-0.01
-3.31,2.43,9.03,-0.00,0.00,-0.02
-3.31,2.43,9.03,-0.00,0.00,-0.02
-3.31,2.43,9.03,-0.00,0.00,-0.02
-3.31,2.43,9.03,-0.00,0.00,-0.02
-3.31,2.43,9.03,-0.00,0.00,-0.02
-3.29,2.43,9.03,0.00,0.00,-0.02
-3.29,2.43,9.03,0.00,0.00,-0.02
-3.29,2.43,9.03,0.00,0.00,-0.02
-3.29,2.43,9.03,0.00,0.00,-0.02
-3.29,2.43,9.03,0.00,0.00,-0.02
-3.30,2.43,9.04,0.00,0.00,-0.02
-3.30,2.43,9.04,0.00,0.00,-0.02
-3.30,2.43,9.04,0.00,0.00,-0.02
-3.30,2.43,9.04,0.00,0.00,-0.02
-3.30,2.43,9.04,0.00,0.00,-0.02
-3.30,2.43,9.04,0.00,0.00,-0.02
-3.33,2.41,9.04,0.00,-0.00,-0.02
-3.33,2.41,9.04,0.00,-0.00,-0.02
-3.33,2.41,9.04,0.00,-0.00,-0.02
-3.33,2.41,9.04,0.00,-0.00,-0.02
-3.33,2.41,9.04,0.00,-0.00,-0.02
-3.28,2.43,9.03,0.01,-0.01,-0.01
-3.28,2.43,9.03,0.01,-0.01,-0.01
-3.28,2.43,9.03,0.01,-0.01,-0.01
-3.28,2.43,9.03,0.01,-0.01,-0.01
-3.28,2.43,9.03,0.01,-0.01,-0.01
-3.28,2.43,9.03,0.01,-0.01,-0.01
