-2.20,9.49,-0.07,-0.29,0.39,-0.47
-2.20,9.49,-0.07,-0.29,0.39,-0.47
-2.20,9.49,-0.07,-0.29,0.39,-0.47
-2.20,9.49,-0.07,-0.29,0.39,-0.47
-2.20,9.49,-0.07,-0.29,0.39,-0.47
-2.34,9.99,0.29,-0.07,0.03,-0.30
-2.34,9.99,0.29,-0.07,0.03,-0.30
-2.34,9.99,0.29,-0.07,0.03,-0.30
-2.34,9.99,0.29,-0.07,0.03,-0.30
-2.34,9.99,0.29,-0.07,0.03,-0.30
-2.33,9.83,0.80,-0.03,-0.17,-0.20
-2.33,9.83,0.80,-0.03,-0.17,-0.20
-2.33,9.83,0.80,-0.03,-0.17,-0.20
-2.33,9.83,0.80,-0.03,-0.17,-0.20
-2.33,9.83,0.80,-0.03,-0.17,-0.20
-2.33,9.83,0.80,-0.03,-0.17,-0.20
-2.29,9.64,0.37,-0.08,-0.25,-0.18
-2.29,9.64,0.37,-0.08,-0.25,-0.18
-2.29,9.64,0.37,-0.08,-0.25,-0.18
-2.29,9.64,0.37,-0.08,-0.25,-0.18
-2.29,9.64,0.37,-0.08,-0.25,-0.18
-2.45,9.40,0.10,-0.11,-0.12,-0.11
-2.45,9.40,0.10,-0.11,-0.12,-0.11
-2.45,9.40,0.10,-0.11,-0.12,-0.11
-2.45,9.40,0.10,-0.11,-0.12,-0.11
-2.45,9.40,0.10,-0.11,-0.12,-0.11
-2.45,9.40,0.10,-0.11,-0.12,-0.11
-2.76,9.41,0.38,0.01,-0.11,-0.04
-2.76,9.41,0.38,0.01,-0.11,-0.04
-2.76,9.41,0.38,0.01,-0.11,-0.04
-2.76,9.41,0.38,0.01,-0.11,-0.04
-2.76,9.41,0.38,0.01,-0.11,-0.04
-2.75,9.47,0.72,0.09,-0.27,-0.01
-2.75,9.47,0.72,0.09,-0.27,-0.01
-2.75,9.47,0.72,0.09,-0.27,-0.01
-2.75,9.47,0.72,0.09,-0.27,-0.01
-2.75,9.47,0.72,0.09,-0.27,-0.01
-2.63,9.47,0.75,0.05,-0.23,-0.05
-2.63,9.47,0.75,0.05,-0.23,-0.05
-2.63,9.47,0.75,0.05,-0.23,-0.05
-2.63,9.47,0.75,0.05,-0.23,-0.05
-2.63,9.47,0.75,0.05,-0.23,-0.05
-2.63,9.47,0.75,0.05,-0.23,-0.05
-2.53,9.37,0.62,0.02,-0.19,-0.03
-2.53,9.37,0.62,0.02,-0.19,-0.03
-2.53,9.37,0.62,0.02,-0.19,-0.03
-2.53,9.37,0.62,0.02,-0.19,-0.03
-2.53,9.37,0.62,0.02,-0.19,-0.03
-2.66,9.37,0.53,0.03,-0.07,-0.01
-2.66,9.37,0.53,0.03,-0.07,-0.01
-2.66,9.37,0.53,0.03,-0.07,-0.01
-2.66,9.37,0.53,0.03,-0.07,-0.01
-2.66,9.37,0.53,0.03,-0.07,-0.01
-2.66,9.37,0.53,0.03,-0.07,-0.01
-2.78,9.50,0.52,0.07,-0.06,-0.01
-2.78,9.50,0.52,0.07,-0.06,-0.01
-2.78,9.50,0.52,0.07,-0.06,-0.01
-2.78,9.50,0.52,0.07,-0.06,-0.01
-2.78,9.50,0.52,0.07,-0.06,-0.01
-2.77,9.59,0.78,0.15,-0.14,0.01
-2.77,9.59,0.78,0.15,-0.14,0.01
-2.77,9.59,0.78,0.15,-0.14,0.01
-2.77,9.59,0.78,0.15,-0.14,0.01
-2.77,9.59,0.78,0.15,-0.14,0.01
-2.47,9.38,0.87,0.15,-0.24,0.04
-2.47,9.38,0.87,0.14,-0.24,0.04
-2.47,9.38,0.87,0.14,-0.24,0.04
-2.47,9.38,0.87,0.14,-0.24,0.04
-2.47,9.38,0.87,0.14,-0.24,0.04
-2.47,9.38,0.87,0.14,-0.24,0.04
-2.43,9.32,0.51,0.04,-0.15,0.05
-2.43,9.32,0.51,0.04,-0.15,0.05
-2.43,9.32,0.51,0.04,-0.15,0.05
-2.43,9.32,0.51,0.04,-0.15,0.05
-2.43,9.32,0.51,0.04,-0.15,0.05
-2.65,9.41,0.19,-0.03,0.00,0.04
-2.65,9.41,0.19,-0.03,0.00,0.04
-2.65,9.41,0.19,-0.03,0.00,0.04
-2.65,9.41,0.19,-0.03,0.00,0.04
-2.65,9.41,0.19,-0.03,0.00,0.04
-2.65,9.41,0.19,-0.03,0.00,0.04
-2.48,9.43,0.20,0.03,-0.02,-0.01
-2.48,9.43,0.20,0.03,-0.02,-0.01
-2.48,9.43,0.20,0.03,-0.02,-0.01
-2.48,9.43,0.20,0.03,-0.02,-0.01
-2.48,9.43,0.20,0.03,-0.02,-0.01
-2.43,9.42,0.48,0.08,-0.04,-0.01
-2.43,9.42,0.48,0.08,-0.04,-0.01
-2.43,9.42,0.48,0.08,-0.04,-0.01
-2.43,9.42,0.48,0.08,-0.04,-0.01
-2.43,9.42,0.48,0.08,-0.04,-0.01
-2.43,9.42,0.48,0.08,-0.04,-0.01
-2.47,9.53,0.63,0.06,-0.02,0.02
-2.47,9.53,0.63,0.06,-0.02,0.02
-2.47,9.53,0.63,0.06,-0.02,0.02
-2.47,9.53,0.63,0.06,-0.02,0.02
-2.47,9.53,0.63,0.06,-0.02,0.02
-2.52,9.51,0.57,0.01,0.04,0.01
-2.52,9.51,0.57,0.01,0.04,0.01
-2.52,9.51,0.57,0.01,0.04,0.01
-2.52,9.51,0.57,0.01,0.04,0.01
-2.52,9.51,0.57,0.01,0.04,0.01
-2.53,9.42,0.46,0.01,0.04,0.02
-2.53,9.42,0.46,-0.00,0.02,0.02
-2.53,9.42,0.46,-0.00,0.02,0.02
-2.53,9.42,0.46,-0.00,0.02,0.02
-2.53,9.42,0.46,-0.00,0.02,0.02
-2.53,9.42,0.46,-0.00,0.02,0.02
-2.56,9.42,0.39,0.01,0.02,0.01
-2.56,9.42,0.39,0.01,0.02,0.01
-2.56,9.42,0.39,0.01,0.02,0.01
-2.56,9.42,0.39,0.01,0.02,0.01
-2.56,9.42,0.39,0.01,0.02,0.01
-2.53,9.45,0.39,0.02,0.01,-0.01
-2.53,9.45,0.39,0.02,0.01,-0.01
-2.53,9.45,0.39,0.02,0.01,-0.01
-2.53,9.45,0.39,0.02,0.01,-0.01
-2.53,9.45,0.39,0.02,0.01,-0.01
-2.53,9.45,0.39,0.02,0.01,-0.01
-2.41,9.55,0.47,0.03,0.00,-0.03
-2.41,9.55,0.47,0.03,0.00,-0.03
-2.41,9.55,0.47,0.03,0.00,-0.03
-2.41,9.55,0.47,0.03,0.00,-0.03
-2.41,9.55,0.47,0.03,0.00,-0.03
-2.34,9.53,0.54,0.02,-0.01,-0.02
-2.34,9.53,0.54,0.02,-0.01,-0.02
-2.34,9.53,0.54,0.02,-0.01,-0.02
-2.34,9.53,0.54,0.02,-0.01,-0.02
-2.34,9.53,0.54,0.02,-0.01,-0.02
-2.34,9.53,0.54,0.02,-0.01,-0.02
-2.39,9.54,0.47,-0.01,0.00,-0.01
-2.39,9.54,0.47,-0.01,0.00,-0.01
-2.39,9.54,0.47,-0.01,0.00,-0.01
-2.39,9.54,0.47,-0.01,0.00,-0.01
-2.39,9.54,0.47,-0.01,0.00,-0.01
-2.46,9.47,0.42,-0.02,0.02,-0.01
-2.46,9.47,0.42,-0.02,0.02,-0.01
-2.46,9.47,0.42,-0.02,0.02,-0.01
-2.46,9.47,0.42,-0.02,0.02,-0.01
-2.46,9.47,0.42,-0.02,0.02,-0.01
-2.46,9.45,0.44,-0.02,0.01,-0.02
-2.46,9.45,0.44,-0.02,0.01,-0.02
-2.46,9.45,0.44,-0.02,0.01,-0.02
-2.46,9.45,0.44,-0.02,0.01,-0.02
-2.46,9.45,0.44,-0.02,0.01,-0.02
-2.46,9.45,0.44,-0.02,0.01,-0.02
-2.48,9.48,0.41,-0.03,0.03,-0.03
-2.48,9.48,0.41,-0.03,0.03,-0.03
-2.48,9.48,0.41,-0.03,0.03,-0.03
-2.48,9.48,0.41,-0.03,0.03,-0.03
-2.48,9.48,0.41,-0.03,0.03,-0.03
-2.40,9.46,0.46,-0.04,0.03,-0.06
-2.40,9.46,0.46,-0.04,0.03,-0.06
-2.40,9.46,0.46,-0.04,0.03,-0.06
-2.40,9.46,0.46,-0.04,0.03,-0.06
-2.40,9.46,0.46,-0.04,0.03,-0.06
-2.40,9.46,0.46,-0.04,0.03,-0.06
-2.50,9.45,0.61,-0.05,0.01,-0.03
-2.50,9.45,0.61,-0.05,0.01,-0.03
-2.50,9.45,0.61,-0.05,0.01,-0.03
-2.50,9.45,0.61,-0.05,0.01,-0.03
-2.50,9.45,0.61,-0.05,0.01,-0.03
-2.60,9.50,0.58,-0.01,0.02,-0.03
-2.60,9.50,0.58,-0.01,0.02,-0.03
-2.60,9.50,0.58,-0.01,0.02,-0.03
-2.60,9.50,0.58,-0.01,0.02,-0.03
-2.60,9.50,0.58,-0.01,0.02,-0.03
-2.61,9.47,0.55,0.01,0.01,-0.03
-2.61,9.47,0.55,0.01,0.01,-0.03
-2.61,9.47,0.55,0.01,0.01,-0.03
-2.61,9.47,0.55,0.01,0.01,-0.03
-2.61,9.47,0.55,0.01,0.01,-0.03
-2.61,9.47,0.55,0.01,0.01,-0.03
-2.59,9.49,0.51,0.03,-0.01,-0.03
-2.59,9.49,0.51,0.03,-0.01,-0.03
-2.59,9.49,0.51,0.03,-0.01,-0.03
-2.59,9.49,0.51,0.03,-0.01,-0.03
-2.59,9.49,0.51,0.03,-0.01,-0.03
-2.52,9.48,0.50,0.01,-0.02,-0.02
-2.52,9.48,0.50,0.01,-0.02,-0.02
-2.52,9.48,0.50,0.01,-0.02,-0.02
-2.52,9.48,0.50,0.01,-0.02,-0.02
-2.52,9.48,0.50,0.01,-0.02,-0.02
-2.52,9.48,0.50,0.01,-0.02,-0.02
-2.50,9.49,0.51,0.01,-0.02,-0.02
-2.50,9.49,0.51,0.01,-0.02,-0.02
-2.50,9.49,0.51,0.01,-0.02,-0.02
-2.50,9.49,0.51,0.01,-0.02,-0.02
-2.50,9.49,0.51,0.01,-0.02,-0.02
-2.52,9.47,0.51,0.01,-0.03,-0.00
-2.52,9.47,0.51,0.01,-0.03,-0.00
-2.52,9.47,0.51,0.01,-0.03,-0.00
-2.52,9.47,0.51,0.01,-0.03,-0.00
-2.52,9.47,0.51,0.01,-0.03,-0.00
-2.54,9.46,0.50,0.01,-0.03,0.00
-2.54,9.46,0.50,0.01,-0.03,0.00
-2.54,9.46,0.50,0.01,-0.03,0.00
-2.54,9.46,0.50,0.01,-0.03,0.00
-2.54,9.46,0.50,0.01,-0.03,0.00
-2.54,9.46,0.50,0.01,-0.03,0.00
-2.57,9.42,0.48,0.01,-0.02,-0.00
-2.57,9.42,0.48,0.01,-0.02,-0.00
-2.57,9.42,0.48,0.01,-0.02,-0.00
-2.57,9.42,0.48,0.01,-0.02,-0.00
-2.57,9.42,0.48,0.01,-0.02,-0.00
-2.57,9.42,0.48,0.01,-0.01,-0.01
-2.57,9.42,0.48,0.01,-0.01,-0.01
-2.57,9.42,0.48,0.01,-0.01,-0.01
-2.57,9.42,0.48,0.01,-0.01,-0.01
-2.57,9.42,0.48,0.01,-0.01,-0.01
-2.57,9.42,0.48,0.01,-0.01,-0.01
-2.57,9.41,0.49,0.02,-0.01,-0.02
-2.57,9.41,0.49,0.02,-0.01,-0.02
-2.57,9.41,0.49,0.02,-0.01,-0.02
-2.57,9.41,0.49,0.02,-0.01,-0.02
-2.57,9.41,0.49,0.02,-0.01,-0.02
-2.57,9.46,0.49,0.02,-0.00,-0.03
-2.57,9.46,0.49,0.02,-0.00,-0.03
-2.57,9.46,0.49,0.02,-0.00,-0.03
-2.57,9.46,0.49,0.02,-0.00,-0.03
-2.57,9.46,0.49,0.02,-0.00,-0.03
-2.51,9.48,0.53,0.02,-0.00,-0.04
-2.51,9.48,0.53,0.02,-0.00,-0.04
-2.51,9.48,0.53,0.02,-0.00,-0.04
-2.51,9.48,0.53,0.02,-0.00,-0.04
-2.51,9.48,0.53,0.02,-0.00,-0.04
-2.51,9.48,0.53,0.02,-0.00,-0.04
-2.52,9.48,0.52,0.01,0.00,-0.03
-2.52,9.48,0.52,0.01,0.00,-0.03
-2.52,9.48,0.52,0.01,0.00,-0.03
-2.52,9.48,0.52,0.01,0.00,-0.03
-2.52,9.48,0.52,0.01,0.00,-0.03
-2.59,9.46,0.52,0.01,-0.00,-0.02
-2.59,9.46,0.52,0.01,-0.00,-0.02
-2.59,9.46,0.52,0.01,-0.00,-0.02
-2.59,9.46,0.52,0.01,-0.00,-0.02
-2.59,9.46,0.52,0.01,-0.00,-0.02
-2.59,9.46,0.52,0.01,-0.00,-0.02
-2.66,9.46,0.55,0.01,-0.02,-0.03
-2.66,9.46,0.55,0.01,-0.02,-0.03
-2.66,9.46,0.55,0.01,-0.02,-0.03
-2.66,9.46,0.55,0.01,-0.02,-0.03
-2.66,9.46,0.55,0.01,-0.02,-0.03
-2.65,9.42,0.54,-0.01,-0.00,-0.03
-2.65,9.42,0.54,-0.01,-0.00,-0.03
-2.65,9.42,0.54,-0.01,-0.00,-0.03
-2.65,9.42,0.54,-0.01,-0.00,-0.03
-2.65,9.42,0.54,-0.01,-0.00,-0.03
-2.65,9.43,0.53,-0.01,-0.00,-0.03
-2.60,9.43,0.53,-0.01,0.00,-0.03
-2.60,9.43,0.53,-0.01,0.00,-0.03
-2.60,9.43,0.53,-0.01,0.00,-0.03
-2.60,9.43,0.53,-0.01,0.00,-0.03
-2.60,9.43,0.53,-0.01,0.00,-0.03
-2.59,9.44,0.52,-0.01,-0.00,-0.03
-2.59,9.44,0.52,-0.01,-0.00,-0.03
-2.59,9.44,0.52,-0.01,-0.00,-0.03
-2.59,9.44,0.52,-0.01,-0.00,-0.03
-2.59,9.44,0.52,-0.01,-0.00,-0.03
-2.61,9.45,0.53,0.00,-0.02,-0.02
-2.61,9.45,0.53,0.00,-0.02,-0.02
-2.61,9.45,0.53,0.00,-0.02,-0.02
-2.61,9.45,0.53,0.00,-0.02,-0.02
-2.61,9.45,0.53,0.00,-0.02,-0.02
-2.61,9.45,0.53,0.00,-0.02,-0.02
-2.62,9.43,0.59,0.00,-0.01,-0.03
-2.62,9.43,0.59,0.00,-0.01,-0.03
-2.62,9.43,0.59,0.00,-0.01,-0.03
-2.62,9.43,0.59,0.00,-0.01,-0.03
-2.62,9.43,0.59,0.00,-0.01,-0.03
-2.63,9.44,0.61,0.01,-0.02,-0.02
-2.63,9.44,0.61,0.01,-0.02,-0.02
-2.63,9.44,0.61,0.01,-0.02,-0.02
-2.63,9.44,0.61,0.01,-0.02,-0.02
-2.63,9.44,0.61,0.01,-0.02,-0.02
-2.63,9.44,0.60,0.01,-0.02,-0.02
-2.65,9.44,0.60,0.00,-0.02,-0.01
-2.65,9.44,0.60,0.00,-0.02,-0.01
-2.65,9.44,0.60,0.00,-0.02,-0.01
-2.65,9.44,0.60,0.00,-0.02,-0.01
-2.65,9.44,0.60,0.00,-0.02,-0.01
-2.65,9.45,0.57,0.01,-0.03,-0.01
-2.65,9.45,0.57,0.01,-0.03,-0.01
-2.65,9.45,0.57,0.01,-0.03,-0.01
-2.65,9.45,0.57,0.01,-0.03,-0.01
-2.65,9.45,0.57,0.01,-0.03,-0.01
-2.62,9.42,0.54,0.00,-0.03,-0.02
-2.62,9.42,0.54,0.00,-0.03,-0.02
-2.62,9.42,0.54,0.00,-0.03,-0.02
-2.62,9.42,0.54,0.00,-0.03,-0.02
-2.62,9.42,0.54,0.00,-0.03,-0.02
-2.62,9.42,0.54,0.00,-0.03,-0.02
-2.63,9.41,0.55,0.01,-0.03,-0.02
-2.63,9.41,0.55,0.01,-0.03,-0.02
-2.63,9.41,0.55,0.01,-0.03,-0.02
-2.63,9.41,0.55,0.01,-0.03,-0.02
-2.63,9.41,0.55,0.01,-0.03,-0.02
-2.66,9.44,0.55,0.02,-0.03,-0.01
-2.66,9.44,0.55,0.02,-0.03,-0.01
-2.66,9.44,0.55,0.02,-0.03,-0.01
-2.66,9.44,0.55,0.02,-0.03,-0.01
-2.66,9.44,0.55,0.02,-0.03,-0.01
-2.66,9.44,0.55,0.02,-0.03,-0.01
-2.65,9.43,0.53,0.01,-0.01,-0.03
-2.65,9.43,0.53,0.01,-0.01,-0.03
-2.65,9.43,0.53,0.01,-0.01,-0.03
-2.65,9.43,0.53,0.01,-0.01,-0.03
-2.65,9.43,0.53,0.01,-0.01,-0.03
-2.59,9.44,0.56,0.02,-0.01,-0.03
-2.59,9.44,0.56,0.02,-0.01,-0.03
-2.59,9.44,0.56,0.02,-0.01,-0.03
-2.59,9.44,0.56,0.02,-0.01,-0.03
-2.59,9.44,0.56,0.02,-0.01,-0.03
-2.61,9.46,0.57,0.02,-0.01,-0.01
-2.61,9.46,0.57,0.02,-0.01,-0.01
-2.61,9.46,0.57,0.02,-0.01,-0.01
-2.61,9.46,0.57,0.02,-0.01,-0.01
-2.61,9.46,0.57,0.02,-0.01,-0.01
-2.61,9.46,0.57,0.02,-0.01,-0.01
-2.65,9.47,0.58,0.02,-0.02,0.00
-2.65,9.47,0.58,0.02,-0.02,0.00
-2.65,9.47,0.58,0.02,-0.02,0.00
-2.65,9.47,0.58,0.02,-0.02,0.00
-2.65,9.47,0.58,0.02,-0.02,0.00
-2.67,9.42,0.55,0.01,-0.02,0.00
-2.67,9.42,0.55,0.01,-0.02,0.00
-2.67,9.42,0.55,0.01,-0.02,0.00
-2.67,9.42,0.55,0.01,-0.02,0.00
-2.67,9.42,0.55,0.01,-0.02,0.00
-2.67,9.42,0.55,0.01,-0.02,0.00
-2.68,9.43,0.55,0.01,-0.02,-0.00
-2.68,9.43,0.55,0.01,-0.02,-0.00
-2.68,9.43,0.55,0.01,-0.02,-0.00
-2.68,9.43,0.55,0.01,-0.02,-0.00
-2.68,9.43,0.55,0.01,-0.02,-0.00
-2.66,9.40,0.53,-0.00,-0.02,-0.01
-2.66,9.40,0.53,-0.00,-0.02,-0.01
-2.66,9.40,0.53,-0.00,-0.02,-0.01
-2.66,9.40,0.53,-0.00,-0.02,-0.01
-2.66,9.40,0.53,-0.00,-0.02,-0.01
-2.64,9.40,0.52,-0.00,-0.00,-0.02
-2.64,9.40,0.52,0.00,-0.00,-0.02
-2.64,9.40,0.52,0.00,-0.00,-0.02
-2.64,9.40,0.52,0.00,-0.00,-0.02
-2.64,9.40,0.52,0.00,-0.00,-0.02
-2.64,9.40,0.52,0.00,-0.00,-0.02
-2.56,9.40,0.54,0.01,-0.00,-0.02
-2.56,9.40,0.54,0.01,-0.00,-0.02
-2.56,9.40,0.54,0.01,-0.00,-0.02
-2.56,9.40,0.54,0.01,-0.00,-0.02
-2.56,9.40,0.54,0.01,-0.00,-0.02
-2.57,9.44,0.55,0.01,0.00,-0.01
-2.57,9.44,0.55,0.01,0.00,-0.01
-2.57,9.44,0.55,0.01,0.00,-0.01
-2.57,9.44,0.55,0.01,0.00,-0.01
-2.57,9.44,0.55,0.01,0.00,-0.01
-2.57,9.44,0.55,0.01,0.00,-0.01
-2.60,9.46,0.58,0.02,-0.01,0.00
-2.60,9.46,0.58,0.02,-0.01,0.00
-2.60,9.46,0.58,0.02,-0.01,0.00
-2.60,9.46,0.58,0.02,-0.01,0.00
-2.60,9.46,0.58,0.02,-0.01,0.00
-2.64,9.44,0.60,0.01,-0.00,0.00
-2.64,9.44,0.60,0.01,-0.00,0.00
-2.64,9.44,0.60,0.01,-0.00,0.00
-2.64,9.44,0.60,0.01,-0.00,0.00
-2.64,9.44,0.60,0.01,-0.00,0.00
-2.66,9.43,0.56,0.01,-0.00,-0.01
-2.66,9.43,0.56,0.00,0.00,-0.01
-2.66,9.43,0.56,0.00,0.00,-0.01
-2.66,9.43,0.56,0.00,0.00,-0.01
-2.66,9.43,0.56,0.00,0.00,-0.01
-2.66,9.43,0.56,0.00,0.00,-0.01
-2.66,9.41,0.53,0.01,0.00,-0.01
-2.66,9.41,0.53,0.01,0.00,-0.01
-2.66,9.41,0.53,0.01,0.00,-0.01
-2.66,9.41,0.53,0.01,0.00,-0.01
-2.66,9.41,0.53,0.01,0.00,-0.01
-2.64,9.44,0.51,0.01,-0.00,-0.02
-2.64,9.44,0.51,0.01,-0.00,-0.02
-2.64,9.44,0.51,0.01,-0.00,-0.02
-2.64,9.44,0.51,0.01,-0.00,-0.02
-2.64,9.44,0.51,0.01,-0.00,-0.02
-2.64,9.44,0.51,0.01,-0.00,-0.02
-2.58,9.46,0.49,0.02,0.00,-0.03
-2.58,9.46,0.49,0.02,0.00,-0.03
-2.58,9.46,0.49,0.02,0.00,-0.03
-2.58,9.46,0.49,0.02,0.00,-0.03
-2.58,9.46,0.49,0.02,0.00,-0.03
-2.55,9.48,0.57,0.04,-0.00,-0.02
-2.55,9.48,0.57,0.04,-0.00,-0.02
-2.55,9.48,0.57,0.04,-0.00,-0.02
-2.55,9.48,0.57,0.04,-0.00,-0.02
-2.55,9.48,0.57,0.04,-0.00,-0.02
-2.55,9.48,0.65,0.04,-0.00,-0.02
-2.55,9.48,0.65,0.03,-0.01,-0.00
-2.55,9.48,0.65,0.03,-0.01,-0.00
-2.55,9.48,0.65,0.03,-0.01,-0.00
-2.55,9.48,0.65,0.03,-0.01,-0.00
-2.55,9.48,0.65,0.03,-0.01,-0.00
-2.62,9.46,0.55,0.01,-0.01,0.01
-2.62,9.46,0.55,0.01,-0.01,0.01
-2.62,9.46,0.55,0.01,-0.01,0.01
-2.62,9.46,0.55,0.01,-0.01,0.01
-2.62,9.46,0.55,0.01,-0.01,0.01
-2.65,9.41,0.46,-0.00,-0.01,0.01
-2.65,9.41,0.46,-0.00,-0.01,0.01
-2.65,9.41,0.46,-0.00,-0.01,0.01
-2.65,9.41,0.46,-0.00,-0.01,0.01
-2.65,9.41,0.46,-0.00,-0.01,0.01
-2.65,9.41,0.46,-0.00,-0.01,0.01
-2.64,9.39,0.44,0.01,-0.00,-0.00
-2.64,9.39,0.44,0.01,-0.00,-0.00
-2.64,9.39,0.44,0.01,-0.00,-0.00
-2.64,9.39,0.44,0.01,-0.00,-0.00
-2.64,9.39,0.44,0.01,-0.00,-0.00
-2.62,9.44,0.46,0.02,-0.01,-0.01
-2.62,9.44,0.46,0.02,-0.01,-0.01
-2.62,9.44,0.46,0.02,-0.01,-0.01
-2.62,9.44,0.46,0.02,-0.01,-0.01
-2.62,9.44,0.46,0.02,-0.01,-0.01
-2.62,9.44,0.46,0.02,-0.01,-0.01
-2.54,9.52,0.46,0.02,-0.01,-0.02
-2.54,9.52,0.46,0.02,-0.01,-0.02
-2.54,9.52,0.46,0.02,-0.01,-0.02
-2.54,9.52,0.46,0.02,-0.01,-0.02
-2.54,9.52,0.46,0.02,-0.01,-0.02
-2.54,9.57,0.53,0.03,-0.03,-0.01
-2.54,9.57,0.53,0.03,-0.03,-0.01
-2.54,9.57,0.53,0.03,-0.03,-0.01
-2.54,9.57,0.53,0.03,-0.03,-0.01
-2.54,9.57,0.53,0.03,-0.03,-0.01
-2.42,9.45,0.51,0.00,-0.03,-0.01
-2.42,9.45,0.51,0.00,-0.03,-0.01
-2.42,9.45,0.51,0.00,-0.03,-0.01
-2.42,9.45,0.51,0.00,-0.03,-0.01
-2.42,9.45,0.51,0.00,-0.03,-0.01
-2.42,9.45,0.51,0.00,-0.03,-0.01
-2.53,9.44,0.38,-0.01,-0.01,0.01
-2.53,9.44,0.38,-0.01,-0.01,0.01
-2.53,9.44,0.38,-0.01,-0.01,0.01
-2.53,9.44,0.38,-0.01,-0.01,0.01
-2.53,9.44,0.38,-0.01,-0.01,0.01
-2.54,9.47,0.40,0.00,-0.00,0.00
-2.54,9.47,0.40,0.00,-0.00,0.00
-2.54,9.47,0.40,0.00,-0.00,0.00
-2.54,9.47,0.40,0.00,-0.00,0.00
-2.54,9.47,0.40,0.00,-0.00,0.00
-2.54,9.47,0.40,0.00,-0.00,0.00
-2.51,9.47,0.53,0.02,0.00,-0.01
-2.51,9.47,0.53,0.02,0.00,-0.01
-2.51,9.47,0.53,0.02,0.00,-0.01
-2.51,9.47,0.53,0.02,0.00,-0.01
-2.51,9.47,0.53,0.02,0.00,-0.01
-2.55,9.47,0.59,0.02,-0.02,0.01
-2.55,9.47,0.59,0.02,-0.02,0.01
-2.55,9.47,0.59,0.02,-0.02,0.01
-2.55,9.47,0.59,0.02,-0.02,0.01
-2.55,9.47,0.59,0.02,-0.02,0.01
-2.54,9.44,0.52,0.02,-0.02,0.01
-2.54,9.44,0.52,0.01,-0.03,0.01
-2.54,9.44,0.52,0.01,-0.03,0.01
-2.54,9.44,0.52,0.01,-0.03,0.01
-2.54,9.44,0.52,0.01,-0.03,0.01
-2.54,9.44,0.52,0.01,-0.03,0.01
-2.53,9.45,0.44,0.00,-0.03,-0.00
-2.53,9.45,0.44,0.00,-0.03,-0.00
-2.53,9.45,0.44,0.00,-0.03,-0.00
-2.53,9.45,0.44,0.00,-0.03,-0.00
-2.53,9.45,0.44,0.00,-0.03,-0.00
-2.50,9.45,0.47,0.02,-0.02,-0.02
-2.50,9.45,0.47,0.02,-0.02,-0.02
-2.50,9.45,0.47,0.02,-0.02,-0.02
-2.50,9.45,0.47,0.02,-0.02,-0.02
-2.50,9.45,0.47,0.02,-0.02,-0.02
-2.50,9.45,0.47,0.02,-0.02,-0.02
-2.46,9.51,0.51,0.04,-0.04,-0.01
-2.46,9.51,0.51,0.04,-0.04,-0.01
-2.46,9.51,0.51,0.04,-0.04,-0.01
-2.46,9.51,0.51,0.04,-0.04,-0.01
-2.46,9.51,0.51,0.04,-0.04,-0.01
-2.48,9.48,0.57,0.04,-0.06,0.01
-2.48,9.48,0.57,0.04,-0.06,0.01
-2.48,9.48,0.57,0.04,-0.06,0.01
-2.48,9.48,0.57,0.04,-0.06,0.01
-2.48,9.48,0.57,0.04,-0.06,0.01
-2.48,9.48,0.57,0.04,-0.06,0.01
-2.46,9.46,0.50,0.02,-0.05,0.01
-2.46,9.46,0.50,0.02,-0.05,0.01
-2.46,9.46,0.50,0.02,-0.05,0.01
-2.46,9.46,0.50,0.02,-0.05,0.01
-2.46,9.46,0.50,0.02,-0.05,0.01
-2.45,9.49,0.43,0.01,-0.03,-0.01
-2.45,9.49,0.43,0.01,-0.03,-0.01
-2.45,9.49,0.43,0.01,-0.03,-0.01
-2.45,9.49,0.43,0.01,-0.03,-0.01
-2.45,9.49,0.43,0.01,-0.03,-0.01
-2.37,9.48,0.44,0.01,-0.01,-0.03
-2.37,9.48,0.44,0.01,-0.01,-0.03
-2.37,9.48,0.44,0.01,-0.01,-0.03
-2.37,9.48,0.44,0.01,-0.01,-0.03
-2.37,9.48,0.44,0.01,-0.01,-0.03
-2.37,9.48,0.44,0.01,-0.01,-0.03
-2.39,9.47,0.47,0.01,-0.01,-0.02
-2.39,9.47,0.47,0.01,-0.01,-0.02
-2.39,9.47,0.47,0.01,-0.01,-0.02
-2.39,9.47,0.47,0.01,-0.01,-0.02
-2.39,9.47,0.47,0.01,-0.01,-0.02
-2.43,9.47,0.42,0.00,0.01,-0.02
-2.43,9.47,0.42,0.00,0.01,-0.02
-2.43,9.47,0.42,0.00,0.01,-0.02
-2.43,9.47,0.42,0.00,0.01,-0.02
-2.43,9.47,0.42,0.00,0.01,-0.02
-2.43,9.47,0.42,0.00,0.01,-0.02
-2.48,9.48,0.46,0.01,0.02,-0.03
-2.48,9.48,0.46,0.01,0.02,-0.03
-2.48,9.48,0.46,0.01,0.02,-0.03
-2.48,9.48,0.46,0.01,0.02,-0.03
-2.48,9.48,0.46,0.01,0.02,-0.03
-2.48,9.51,0.54,0.01,0.02,-0.03
-2.48,9.51,0.54,0.01,0.02,-0.03
-2.48,9.51,0.54,0.01,0.02,-0.03
-2.48,9.51,0.54,0.01,0.02,-0.03
-2.48,9.51,0.54,0.01,0.02,-0.03
-2.48,9.51,0.54,0.01,0.02,-0.03
-2.46,9.51,0.50,0.00,0.02,-0.02
-2.46,9.51,0.50,0.00,0.02,-0.02
-2.46,9.51,0.50,0.00,0.02,-0.02
-2.46,9.51,0.50,0.00,0.02,-0.02
-2.46,9.51,0.50,0.00,0.02,-0.02
-2.49,9.49,0.44,-0.00,0.02,-0.01
-2.49,9.49,0.44,-0.00,0.02,-0.01
-2.49,9.49,0.44,-0.00,0.02,-0.01
-2.49,9.49,0.44,-0.00,0.02,-0.01
-2.49,9.49,0.44,-0.00,0.02,-0.01
-2.50,9.44,0.46,0.00,0.01,-0.01
-2.50,9.44,0.46,0.00,0.01,-0.01
-2.50,9.44,0.46,0.00,0.01,-0.01
-2.50,9.44,0.46,0.00,0.01,-0.01
-2.50,9.44,0.46,0.00,0.01,-0.01
-2.50,9.44,0.46,0.00,0.01,-0.01
-2.53,9.48,0.48,0.01,-0.00,-0.01
-2.53,9.48,0.48,0.01,-0.00,-0.01
-2.53,9.48,0.48,0.01,-0.00,-0.01
-2.53,9.48,0.48,0.01,-0.00,-0.01
-2.53,9.48,0.48,0.01,-0.00,-0.01
-2.48,9.44,0.43,-0.00,0.00,-0.02
-2.48,9.44,0.43,-0.00,0.00,-0.02
-2.48,9.44,0.43,-0.00,0.00,-0.02
-2.48,9.44,0.43,-0.00,0.00,-0.02
-2.48,9.44,0.43,-0.00,0.00,-0.02
-2.48,9.44,0.43,-0.00,0.00,-0.02
-2.51,9.48,0.47,0.01,-0.01,-0.01
-2.51,9.48,0.47,0.01,-0.01,-0.01
-2.51,9.48,0.47,0.01,-0.01,-0.01
-2.51,9.48,0.47,0.01,-0.01,-0.01
-2.51,9.48,0.47,0.01,-0.01,-0.01
-2.49,9.45,0.45,0.02,-0.02,-0.01
-2.49,9.45,0.45,0.02,-0.02,-0.01
-2.49,9.45,0.45,0.02,-0.02,-0.01
-2.49,9.45,0.45,0.02,-0.02,-0.01
-2.49,9.45,0.45,0.02,-0.02,-0.01
-2.49,9.45,0.43,0.02,-0.02,-0.01
-2.50,9.45,0.43,0.02,-0.02,-0.01
-2.50,9.45,0.43,0.02,-0.02,-0.01
-2.50,9.45,0.43,0.02,-0.02,-0.01
-2.50,9.45,0.43,0.02,-0.02,-0.01
-2.50,9.45,0.43,0.02,-0.02,-0.01
-2.51,9.47,0.44,0.02,-0.02,-0.02
-2.51,9.47,0.44,0.02,-0.02,-0.02
-2.51,9.47,0.44,0.02,-0.02,-0.02
-2.51,9.47,0.44,0.02,-0.02,-0.02
-2.51,9.47,0.44,0.02,-0.02,-0.02
-2.50,9.48,0.46,0.01,-0.01,-0.02
-2.50,9.48,0.46,0.01,-0.01,-0.02
-2.50,9.48,0.46,0.01,-0.01,-0.02
-2.50,9.48,0.46,0.01,-0.01,-0.02
-2.50,9.48,0.46,0.01,-0.01,-0.02
-2.50,9.48,0.46,0.01,-0.01,-0.02
-2.48,9.46,0.44,0.01,-0.01,-0.02
-2.48,9.46,0.44,0.01,-0.01,-0.02
-2.48,9.46,0.44,0.01,-0.01,-0.02
-2.48,9.46,0.44,0.01,-0.01,-0.02
-2.48,9.46,0.44,0.01,-0.01,-0.02
-2.52,9.45,0.43,0.01,-0.00,-0.02
-2.52,9.45,0.43,0.01,-0.00,-0.02
-2.52,9.45,0.43,0.01,-0.00,-0.02
-2.52,9.45,0.43,0.01,-0.00,-0.02
-2.52,9.45,0.43,0.01,-0.00,-0.02
-2.52,9.48,0.43,0.01,-0.00,-0.02
-2.54,9.48,0.43,0.01,0.00,-0.02
-2.54,9.48,0.43,0.01,0.00,-0.02
-2.54,9.48,0.43,0.01,0.00,-0.02
-2.54,9.48,0.43,0.01,0.00,-0.02
-2.54,9.48,0.43,0.01,0.00,-0.02
-2.52,9.51,0.43,0.01,0.01,-0.02
-2.52,9.51,0.43,0.01,0.01,-0.02
-2.52,9.51,0.43,0.01,0.01,-0.02
-2.52,9.51,0.43,0.01,0.01,-0.02
-2.52,9.51,0.43,0.01,0.01,-0.02
-2.47,9.53,0.43,0.01,-0.00,-0.02
-2.47,9.53,0.43,0.01,-0.00,-0.02
-2.47,9.53,0.43,0.01,-0.00,-0.02
-2.47,9.53,0.43,0.01,-0.00,-0.02
-2.47,9.53,0.43,0.01,-0.00,-0.02
-2.47,9.53,0.43,0.01,-0.00,-0.02
-2.49,9.48,0.45,0.01,0.00,-0.01
-2.49,9.48,0.45,0.01,0.00,-0.01
-2.49,9.48,0.45,0.01,0.00,-0.01
-2.49,9.48,0.45,0.01,0.00,-0.01
-2.49,9.48,0.45,0.01,0.00,-0.01
-2.58,9.47,0.43,0.00,-0.00,-0.00
-2.58,9.47,0.43,0.00,-0.00,-0.00
-2.58,9.47,0.43,0.00,-0.00,-0.00
-2.58,9.47,0.43,0.00,-0.00,-0.00
-2.58,9.47,0.43,0.00,-0.00,-0.00
-2.58,9.47,0.43,0.00,-0.00,-0.00
-2.55,9.46,0.43,0.01,-0.01,-0.01
-2.55,9.46,0.43,0.01,-0.01,-0.01
-2.55,9.46,0.43,0.01,-0.01,-0.01
-2.55,9.46,0.43,0.01,-0.01,-0.01
-2.55,9.46,0.43,0.01,-0.01,-0.01
-2.49,9.45,0.38,0.00,-0.00,-0.01
-2.49,9.45,0.38,0.00,-0.00,-0.01
-2.49,9.45,0.38,0.00,-0.00,-0.01
-2.49,9.45,0.38,0.00,-0.00,-0.01
-2.49,9.45,0.38,0.00,-0.00,-0.01
-2.52,9.48,0.42,0.00,-0.00,-0.01
-2.52,9.48,0.42,0.01,0.00,-0.01
-2.52,9.48,0.42,0.01,0.00,-0.01
-2.52,9.48,0.42,0.01,0.00,-0.01
-2.52,9.48,0.42,0.01,0.00,-0.01
-2.52,9.48,0.42,0.01,0.00,-0.01
-2.53,9.47,0.47,0.01,0.00,-0.01
-2.53,9.47,0.47,0.01,0.00,-0.01
-2.53,9.47,0.47,0.01,0.00,-0.01
-2.53,9.47,0.47,0.01,0.00,-0.01
-2.53,9.47,0.47,0.01,0.00,-0.01
-2.53,9.45,0.45,0.01,-0.01,-0.01
-2.53,9.45,0.45,0.01,-0.01,-0.01
-2.53,9.45,0.45,0.01,-0.01,-0.01
-2.53,9.45,0.45,0.01,-0.01,-0.01
-2.53,9.45,0.45,0.01,-0.01,-0.01
-2.53,9.45,0.45,0.01,-0.01,-0.01
-2.54,9.46,0.40,0.01,-0.02,-0.00
-2.54,9.46,0.40,0.01,-0.02,-0.00
-2.54,9.46,0.40,0.01,-0.02,-0.00
-2.54,9.46,0.40,0.01,-0.02,-0.00
-2.54,9.46,0.40,0.01,-0.02,-0.00
-2.49,9.47,0.40,0.02,-0.01,-0.01
-2.49,9.47,0.40,0.02,-0.01,-0.01
-2.49,9.47,0.40,0.02,-0.01,-0.01
-2.49,9.47,0.40,0.02,-0.01,-0.01
-2.49,9.47,0.40,0.02,-0.01,-0.01
-2.49,9.47,0.40,0.02,-0.01,-0.01
-2.45,9.48,0.41,0.01,-0.01,-0.01
-2.45,9.48,0.41,0.01,-0.01,-0.01
-2.45,9.48,0.41,0.01,-0.01,-0.01
-2.45,9.48,0.41,0.01,-0.01,-0.01
-2.45,9.48,0.41,0.01,-0.01,-0.01
-2.48,9.50,0.43,0.01,0.00,-0.01
-2.48,9.50,0.43,0.01,0.00,-0.01
-2.48,9.50,0.43,0.01,0.00,-0.01
-2.48,9.50,0.43,0.01,0.00,-0.01
-2.48,9.50,0.43,0.01,0.00,-0.01
-2.50,9.47,0.42,0.01,0.01,-0.01
-2.50,9.47,0.42,0.01,0.01,-0.01
-2.50,9.47,0.42,0.01,0.01,-0.01
-2.50,9.47,0.42,0.01,0.01,-0.01
-2.50,9.47,0.42,0.01,0.01,-0.01
-2.50,9.47,0.42,0.01,0.01,-0.01
-2.54,9.44,0.43,0.01,0.01,-0.01
-2.54,9.44,0.43,0.01,0.01,-0.01
-2.54,9.44,0.43,0.01,0.01,-0.01
-2.54,9.44,0.43,0.01,0.01,-0.01
-2.54,9.44,0.43,0.01,0.01,-0.01
-2.56,9.50,0.44,0.01,-0.00,-0.01
-2.56,9.50,0.44,0.01,-0.00,-0.01
-2.56,9.50,0.44,0.01,-0.00,-0.01
-2.56,9.50,0.44,0.01,-0.00,-0.01
-2.56,9.50,0.44,0.01,-0.00,-0.01
-2.56,9.50,0.44,0.01,-0.00,-0.01
-2.41,9.52,0.38,0.01,-0.01,-0.02
-2.41,9.52,0.38,0.01,-0.01,-0.02
-2.41,9.52,0.38,0.01,-0.01,-0.02
-2.41,9.52,0.38,0.01,-0.01,-0.02
-2.41,9.52,0.38,0.01,-0.01,-0.02
-2.41,9.43,0.36,0.01,0.01,-0.01
-2.41,9.43,0.36,0.01,0.01,-0.01
-2.41,9.43,0.36,0.01,0.01,-0.01
-2.41,9.43,0.36,0.01,0.01,-0.01
-2.41,9.43,0.36,0.01,0.01,-0.01
-2.61,9.47,0.37,0.03,0.01,0.00
-2.61,9.47,0.37,0.03,0.01,0.00
-2.61,9.47,0.37,0.03,0.01,0.00
-2.61,9.47,0.37,0.03,0.01,0.00
-2.61,9.47,0.37,0.03,0.01,0.00
-2.61,9.47,0.37,0.03,0.01,0.00
-2.59,9.50,0.47,0.04,-0.00,-0.01
-2.59,9.50,0.47,0.04,-0.00,-0.01
-2.59,9.50,0.47,0.04,-0.00,-0.01
-2.59,9.50,0.47,0.04,-0.00,-0.01
-2.59,9.50,0.47,0.04,-0.00,-0.01
-2.39,9.50,0.39,0.01,-0.02,-0.02
-2.39,9.50,0.39,0.01,-0.02,-0.02
-2.39,9.50,0.39,0.01,-0.02,-0.02
-2.39,9.50,0.39,0.01,-0.02,-0.02
-2.39,9.50,0.39,0.01,-0.02,-0.02
-2.39,9.50,0.39,0.01,-0.02,-0.02
-2.40,9.48,0.29,0.01,-0.02,-0.01
-2.40,9.48,0.29,0.01,-0.02,-0.01
-2.40,9.48,0.29,0.01,-0.02,-0.01
-2.40,9.48,0.29,0.01,-0.02,-0.01
-2.40,9.48,0.29,0.01,-0.02,-0.01
-2.48,9.47,0.27,0.01,-0.00,-0.01
-2.48,9.47,0.27,0.01,-0.00,-0.01
-2.48,9.47,0.27,0.01,-0.00,-0.01
-2.48,9.47,0.27,0.01,-0.00,-0.01
-2.48,9.47,0.27,0.01,-0.00,-0.01
-2.50,9.45,0.35,0.01,0.01,-0.01
-2.50,9.45,0.35,0.02,0.01,-0.01
-2.50,9.45,0.35,0.02,0.01,-0.01
-2.50,9.45,0.35,0.02,0.01,-0.01
-2.50,9.45,0.35,0.02,0.01,-0.01
-2.50,9.45,0.35,0.02,0.01,-0.01
-2.55,9.49,0.37,0.02,0.00,-0.01
-2.55,9.49,0.37,0.02,0.00,-0.01
-2.55,9.49,0.37,0.02,0.00,-0.01
-2.55,9.49,0.37,0.02,0.00,-0.01
-2.55,9.49,0.37,0.02,0.00,-0.01
-2.48,9.50,0.40,0.03,-0.02,-0.01
-2.48,9.50,0.40,0.03,-0.02,-0.01
-2.48,9.50,0.40,0.03,-0.02,-0.01
-2.48,9.50,0.40,0.03,-0.02,-0.01
-2.48,9.50,0.40,0.03,-0.02,-0.01
-2.48,9.50,0.40,0.03,-0.02,-0.01
-2.47,9.53,0.34,0.02,-0.03,-0.01
-2.47,9.53,0.34,0.02,-0.03,-0.01
-2.47,9.53,0.34,0.02,-0.03,-0.01
-2.47,9.53,0.34,0.02,-0.03,-0.01
-2.47,9.53,0.34,0.02,-0.03,-0.01
-2.40,9.52,0.30,0.01,-0.03,-0.01
-2.40,9.52,0.30,0.01,-0.03,-0.01
-2.40,9.52,0.30,0.01,-0.03,-0.01
-2.40,9.52,0.30,0.01,-0.03,-0.01
-2.40,9.52,0.30,0.01,-0.03,-0.01
-2.39,9.47,0.27,0.01,-0.03,-0.01
-2.39,9.47,0.27,0.00,-0.02,-0.01
-2.39,9.47,0.27,0.00,-0.02,-0.01
-2.39,9.47,0.27,0.00,-0.02,-0.01
-2.39,9.47,0.27,0.00,-0.02,-0.01
-2.39,9.47,0.27,0.00,-0.02,-0.01
-2.47,9.41,0.20,0.00,0.00,-0.01
-2.47,9.41,0.20,0.00,0.00,-0.01
-2.47,9.41,0.20,0.00,0.00,-0.01
-2.47,9.41,0.20,0.00,0.00,-0.01
-2.47,9.41,0.20,0.00,0.00,-0.01
-2.53,9.38,0.25,0.03,-0.01,-0.01
-2.53,9.38,0.25,0.03,-0.01,-0.01
-2.53,9.38,0.25,0.03,-0.01,-0.01
-2.53,9.38,0.25,0.03,-0.01,-0.01
-2.53,9.38,0.25,0.03,-0.01,-0.01
-2.53,9.38,0.25,0.03,-0.01,-0.01
-2.58,9.50,0.35,0.04,-0.00,-0.01
-2.58,9.50,0.35,0.04,-0.00,-0.01
-2.58,9.50,0.35,0.04,-0.00,-0.01
-2.58,9.50,0.35,0.04,-0.00,-0.01
-2.58,9.50,0.35,0.04,-0.00,-0.01
-2.46,9.56,0.37,0.02,0.00,-0.03
-2.46,9.56,0.37,0.02,0.00,-0.03
-2.46,9.56,0.37,0.02,0.00,-0.03
-2.46,9.56,0.37,0.02,0.00,-0.03
-2.46,9.56,0.37,0.02,0.00,-0.03
-2.46,9.56,0.27,0.02,0.00,-0.03
-2.37,9.53,0.27,-0.00,0.01,-0.02
-2.37,9.53,0.27,-0.00,0.01,-0.02
-2.37,9.53,0.27,-0.00,0.01,-0.02
-2.37,9.53,0.27,-0.00,0.01,-0.02
-2.37,9.53,0.27,-0.00,0.01,-0.02
-2.44,9.47,0.23,-0.01,0.02,-0.01
-2.44,9.47,0.23,-0.01,0.02,-0.01
-2.44,9.47,0.23,-0.01,0.02,-0.01
-2.44,9.47,0.23,-0.01,0.02,-0.01
-2.44,9.47,0.23,-0.01,0.02,-0.01
-2.56,9.45,0.29,0.01,0.02,-0.00
-2.56,9.45,0.29,0.01,0.02,-0.00
-2.56,9.45,0.29,0.01,0.02,-0.00
-2.56,9.45,0.29,0.01,0.02,-0.00
-2.56,9.45,0.29,0.01,0.02,-0.00
-2.56,9.45,0.29,0.01,0.02,-0.00
-2.57,9.46,0.34,0.02,0.01,-0.00
-2.57,9.46,0.34,0.02,0.01,-0.00
-2.57,9.46,0.34,0.02,0.01,-0.00
-2.57,9.46,0.34,0.02,0.01,-0.00
-2.57,9.46,0.34,0.02,0.01,-0.00
-2.54,9.46,0.30,0.02,-0.01,-0.00
-2.54,9.46,0.30,0.02,-0.01,-0.00
-2.54,9.46,0.30,0.02,-0.01,-0.00
-2.54,9.46,0.30,0.02,-0.01,-0.00
-2.54,9.46,0.30,0.02,-0.01,-0.00
-2.54,9.46,0.30,0.02,-0.01,-0.00
-2.49,9.53,0.26,0.03,-0.03,-0.00
-2.49,9.53,0.26,0.03,-0.03,-0.00
-2.49,9.53,0.26,0.03,-0.03,-0.00
-2.49,9.53,0.26,0.03,-0.03,-0.00
-2.49,9.53,0.26,0.03,-0.03,-0.00
-2.40,9.54,0.23,0.02,-0.03,-0.01
-2.40,9.54,0.23,0.02,-0.03,-0.01
-2.40,9.54,0.23,0.02,-0.03,-0.01
-2.40,9.54,0.23,0.02,-0.03,-0.01
-2.40,9.54,0.23,0.02,-0.03,-0.01
-2.34,9.52,0.21,0.01,-0.01,-0.01
-2.34,9.52,0.21,0.01,-0.01,-0.01
-2.34,9.52,0.21,0.01,-0.01,-0.01
-2.34,9.52,0.21,0.01,-0.01,-0.01
-2.34,9.52,0.21,0.01,-0.01,-0.01
-2.34,9.52,0.21,0.01,-0.01,-0.01
-2.44,9.56,0.23,0.00,-0.01,0.00
-2.44,9.56,0.23,0.00,-0.01,0.00
-2.44,9.56,0.23,0.00,-0.01,0.00
-2.44,9.56,0.23,0.00,-0.01,0.00
-2.44,9.56,0.23,0.00,-0.01,0.00
-2.34,9.54,0.21,-0.02,0.02,-0.01
-2.34,9.54,0.21,-0.02,0.02,-0.01
-2.34,9.54,0.21,-0.02,0.02,-0.01
-2.34,9.54,0.21,-0.02,0.02,-0.01
-2.34,9.54,0.21,-0.02,0.02,-0.01
-2.34,9.54,0.21,-0.02,0.02,-0.01
-2.31,9.41,0.19,-0.03,0.05,-0.03
-2.31,9.41,0.19,-0.03,0.05,-0.03
-2.31,9.41,0.19,-0.03,0.05,-0.03
-2.31,9.41,0.19,-0.03,0.05,-0.03
-2.31,9.41,0.19,-0.03,0.05,-0.03
-2.58,9.44,0.29,-0.01,0.05,-0.01
-2.58,9.44,0.29,-0.01,0.05,-0.01
-2.58,9.44,0.29,-0.01,0.05,-0.01
-2.58,9.44,0.29,-0.01,0.05,-0.01
-2.58,9.44,0.29,-0.01,0.05,-0.01
-2.63,9.47,0.44,-0.01,0.05,-0.01
-2.63,9.47,0.44,0.01,0.02,-0.01
-2.63,9.47,0.44,0.01,0.02,-0.01
-2.63,9.47,0.44,0.01,0.02,-0.01
-2.63,9.47,0.44,0.01,0.02,-0.01
-2.63,9.47,0.44,0.01,0.02,-0.01
-2.47,9.50,0.32,0.00,-0.03,-0.02
-2.47,9.50,0.32,0.00,-0.03,-0.02
-2.47,9.50,0.32,0.00,-0.03,-0.02
-2.47,9.50,0.32,0.00,-0.03,-0.02
-2.47,9.50,0.32,0.00,-0.03,-0.02
-2.35,9.48,0.19,0.01,-0.04,-0.02
-2.35,9.48,0.19,0.01,-0.04,-0.02
-2.35,9.48,0.19,0.01,-0.04,-0.02
-2.35,9.48,0.19,0.01,-0.04,-0.02
-2.35,9.48,0.19,0.01,-0.04,-0.02
-2.35,9.48,0.19,0.01,-0.04,-0.02
-2.40,9.54,0.27,0.02,-0.03,-0.01
-2.40,9.54,0.27,0.02,-0.03,-0.01
-2.40,9.54,0.27,0.02,-0.03,-0.01
-2.40,9.54,0.27,0.02,-0.03,-0.01
-2.40,9.54,0.27,0.02,-0.03,-0.01
-2.46,9.53,0.36,0.02,-0.01,-0.01
-2.46,9.53,0.36,0.02,-0.01,-0.01
-2.46,9.53,0.36,0.02,-0.01,-0.01
-2.46,9.53,0.36,0.02,-0.01,-0.01
-2.46,9.53,0.36,0.02,-0.01,-0.01
-2.46,9.53,0.36,0.02,-0.01,-0.01
-2.46,9.47,0.28,0.00,-0.02,-0.01
-2.46,9.47,0.28,0.00,-0.02,-0.01
-2.46,9.47,0.28,0.00,-0.02,-0.01
-2.46,9.47,0.28,0.00,-0.02,-0.01
-2.46,9.47,0.28,0.00,-0.02,-0.01
-2.42,9.50,0.25,-0.00,-0.01,-0.01
-2.42,9.50,0.25,-0.00,-0.01,-0.01
-2.42,9.50,0.25,-0.00,-0.01,-0.01
-2.42,9.50,0.25,-0.00,-0.01,-0.01
-2.42,9.50,0.25,-0.00,-0.01,-0.01
-2.40,9.50,0.31,-0.00,-0.01,-0.02
-2.40,9.50,0.31,-0.00,0.00,-0.02
-2.40,9.50,0.31,-0.00,0.00,-0.02
-2.40,9.50,0.31,-0.00,0.00,-0.02
-2.40,9.50,0.31,-0.00,0.00,-0.02
-2.40,9.50,0.31,-0.00,0.00,-0.02
-2.46,9.48,0.33,0.00,-0.00,-0.02
-2.46,9.48,0.33,0.00,-0.00,-0.02
-2.46,9.48,0.33,0.00,-0.00,-0.02
-2.46,9.48,0.33,0.00,-0.00,-0.02
-2.46,9.48,0.33,0.00,-0.00,-0.02
-2.46,9.47,0.28,0.01,-0.01,-0.02
-2.46,9.47,0.28,0.01,-0.01,-0.02
-2.46,9.47,0.28,0.01,-0.01,-0.02
-2.46,9.47,0.28,0.01,-0.01,-0.02
-2.46,9.47,0.28,0.01,-0.01,-0.02
-2.46,9.47,0.28,0.01,-0.01,-0.02
-2.43,9.48,0.27,0.01,-0.00,-0.02
-2.43,9.48,0.27,0.01,-0.00,-0.02
-2.43,9.48,0.27,0.01,-0.00,-0.02
-2.43,9.48,0.27,0.01,-0.00,-0.02
-2.43,9.48,0.27,0.01,-0.00,-0.02
-2.44,9.51,0.29,0.00,0.02,-0.03
-2.44,9.51,0.29,0.00,0.02,-0.03
-2.44,9.51,0.29,0.00,0.02,-0.03
-2.44,9.51,0.29,0.00,0.02,-0.03
-2.44,9.51,0.29,0.00,0.02,-0.03
-2.44,9.52,0.36,0.00,0.02,-0.03
-2.46,9.52,0.36,-0.00,0.02,-0.03
-2.46,9.52,0.36,-0.00,0.02,-0.03
-2.46,9.52,0.36,-0.00,0.02,-0.03
-2.46,9.52,0.36,-0.00,0.02,-0.03
-2.46,9.52,0.36,-0.00,0.02,-0.03
-2.46,9.49,0.34,-0.00,0.01,-0.02
-2.46,9.49,0.34,-0.00,0.01,-0.02
-2.46,9.49,0.34,-0.00,0.01,-0.02
-2.46,9.49,0.34,-0.00,0.01,-0.02
-2.46,9.49,0.34,-0.00,0.01,-0.02
-2.49,9.47,0.31,0.00,0.00,-0.02
-2.49,9.47,0.31,0.00,0.00,-0.02
-2.49,9.47,0.31,0.00,0.00,-0.02
-2.49,9.47,0.31,0.00,0.00,-0.02
-2.49,9.47,0.31,0.00,0.00,-0.02
-2.49,9.47,0.31,0.00,0.00,-0.02
-2.52,9.46,0.37,0.01,0.00,-0.02
-2.52,9.46,0.37,0.01,0.00,-0.02
-2.52,9.46,0.37,0.01,0.00,-0.02
-2.52,9.46,0.37,0.01,0.00,-0.02
-2.52,9.46,0.37,0.01,0.00,-0.02
-2.54,9.45,0.37,0.02,-0.01,-0.01
-2.54,9.45,0.37,0.02,-0.01,-0.01
-2.54,9.45,0.37,0.02,-0.01,-0.01
-2.54,9.45,0.37,0.02,-0.01,-0.01
-2.54,9.45,0.37,0.02,-0.01,-0.01
-2.54,9.45,0.37,0.02,-0.01,-0.01
-2.55,9.51,0.34,0.02,-0.03,-0.01
-2.55,9.51,0.34,0.02,-0.03,-0.01
-2.55,9.51,0.34,0.02,-0.03,-0.01
-2.55,9.51,0.34,0.02,-0.03,-0.01
-2.55,9.51,0.34,0.02,-0.03,-0.01
-2.41,9.51,0.30,0.02,-0.03,-0.01
-2.41,9.51,0.30,0.02,-0.03,-0.01
-2.41,9.51,0.30,0.02,-0.03,-0.01
-2.41,9.51,0.30,0.02,-0.03,-0.01
-2.41,9.51,0.30,0.02,-0.03,-0.01
-2.44,9.51,0.28,0.02,-0.03,-0.01
-2.44,9.51,0.28,0.02,-0.02,-0.01
-2.44,9.51,0.28,0.02,-0.02,-0.01
-2.44,9.51,0.28,0.02,-0.02,-0.01
-2.44,9.51,0.28,0.02,-0.02,-0.01
-2.44,9.51,0.28,0.02,-0.02,-0.01
-2.48,9.50,0.28,0.01,-0.01,-0.00
-2.48,9.50,0.28,0.01,-0.01,-0.00
-2.48,9.50,0.28,0.01,-0.01,-0.00
-2.48,9.50,0.28,0.01,-0.01,-0.00
-2.48,9.50,0.28,0.01,-0.01,-0.00
-2.45,9.47,0.29,0.01,-0.01,-0.01
-2.45,9.47,0.29,0.01,-0.01,-0.01
-2.45,9.47,0.29,0.01,-0.01,-0.01
-2.45,9.47,0.29,0.01,-0.01,-0.01
-2.45,9.47,0.29,0.01,-0.01,-0.01
-2.45,9.47,0.29,0.01,-0.01,-0.01
-2.45,9.43,0.24,0.01,-0.00,-0.01
-2.45,9.43,0.24,0.01,-0.00,-0.01
-2.45,9.43,0.24,0.01,-0.00,-0.01
-2.45,9.43,0.24,0.01,-0.00,-0.01
-2.45,9.43,0.24,0.01,-0.00,-0.01
-2.56,9.48,0.34,0.02,-0.00,-0.01
-2.56,9.48,0.34,0.02,-0.00,-0.01
-2.56,9.48,0.34,0.02,-0.00,-0.01
-2.56,9.48,0.34,0.02,-0.00,-0.01
-2.56,9.48,0.34,0.02,-0.00,-0.01
-2.56,9.51,0.25,0.02,-0.00,-0.01
-2.52,9.51,0.25,0.01,-0.01,-0.02
-2.52,9.51,0.25,0.01,-0.01,-0.02
-2.52,9.51,0.25,0.01,-0.01,-0.02
-2.52,9.51,0.25,0.01,-0.01,-0.02
-2.52,9.51,0.25,0.01,-0.01,-0.02
-2.40,9.50,0.26,0.02,-0.02,-0.02
-2.40,9.50,0.26,0.02,-0.02,-0.02
-2.40,9.50,0.26,0.02,-0.02,-0.02
-2.40,9.50,0.26,0.02,-0.02,-0.02
-2.40,9.50,0.26,0.02,-0.02,-0.02
-2.43,9.54,0.30,0.03,-0.03,-0.01
-2.43,9.54,0.30,0.03,-0.03,-0.01
-2.43,9.54,0.30,0.03,-0.03,-0.01
-2.43,9.54,0.30,0.03,-0.03,-0.01
-2.43,9.54,0.30,0.03,-0.03,-0.01
-2.43,9.54,0.30,0.03,-0.03,-0.01
-2.45,9.50,0.28,0.01,-0.03,-0.01
-2.45,9.50,0.28,0.01,-0.03,-0.01
-2.45,9.50,0.28,0.01,-0.03,-0.01
-2.45,9.50,0.28,0.01,-0.03,-0.01
-2.45,9.50,0.28,0.01,-0.03,-0.01
-2.45,9.53,0.24,0.00,-0.02,-0.01
-2.45,9.53,0.24,0.00,-0.02,-0.01
-2.45,9.53,0.24,0.00,-0.02,-0.01
-2.45,9.53,0.24,0.00,-0.02,-0.01
-2.45,9.53,0.24,0.00,-0.02,-0.01
-2.45,9.53,0.24,0.00,-0.02,-0.01
-2.42,9.48,0.23,-0.01,0.02,-0.03
-2.42,9.48,0.23,-0.01,0.02,-0.03
-2.42,9.48,0.23,-0.01,0.02,-0.03
-2.42,9.48,0.23,-0.01,0.02,-0.03
-2.42,9.48,0.23,-0.01,0.02,-0.03
-2.41,9.43,0.22,-0.00,0.02,-0.03
-2.41,9.43,0.22,-0.00,0.02,-0.03
-2.41,9.43,0.22,-0.00,0.02,-0.03
-2.41,9.43,0.22,-0.00,0.02,-0.03
-2.41,9.43,0.22,-0.00,0.02,-0.03
-2.41,9.43,0.28,-0.00,0.02,-0.03
-2.55,9.47,0.28,0.01,0.01,-0.01
-2.55,9.47,0.28,0.01,0.01,-0.01
-2.55,9.47,0.28,0.01,0.01,-0.01
-2.55,9.47,0.28,0.01,0.01,-0.01
-2.55,9.47,0.28,0.01,0.01,-0.01
-2.58,9.48,0.38,0.02,-0.00,-0.01
-2.58,9.48,0.38,0.02,-0.00,-0.01
-2.58,9.48,0.38,0.02,-0.00,-0.01
-2.58,9.48,0.38,0.02,-0.00,-0.01
-2.58,9.48,0.38,0.02,-0.00,-0.01
-2.52,9.48,0.28,0.00,-0.01,-0.01
-2.52,9.48,0.28,0.00,-0.01,-0.01
-2.52,9.48,0.28,0.00,-0.01,-0.01
-2.52,9.48,0.28,0.00,-0.01,-0.01
-2.52,9.48,0.28,0.00,-0.01,-0.01
-2.52,9.48,0.28,0.00,-0.01,-0.01
-2.46,9.47,0.19,-0.00,-0.00,-0.02
-2.46,9.47,0.19,-0.00,-0.00,-0.02
-2.46,9.47,0.19,-0.00,-0.00,-0.02
-2.46,9.47,0.19,-0.00,-0.00,-0.02
-2.46,9.47,0.19,-0.00,-0.00,-0.02
-2.42,9.52,0.21,0.01,-0.01,-0.02
-2.42,9.52,0.21,0.01,-0.01,-0.02
-2.42,9.52,0.21,0.01,-0.01,-0.02
-2.42,9.52,0.21,0.01,-0.01,-0.02
-2.42,9.52,0.21,0.01,-0.01,-0.02
-2.42,9.52,0.21,0.01,-0.01,-0.02
-2.42,9.53,0.32,0.01,-0.01,-0.01
-2.42,9.53,0.32,0.01,-0.01,-0.01
-2.42,9.53,0.32,0.01,-0.01,-0.01
-2.42,9.53,0.32,0.01,-0.01,-0.01
-2.42,9.53,0.32,0.01,-0.01,-0.01
-2.47,9.49,0.29,-0.00,-0.00,-0.01
-2.47,9.49,0.29,-0.00,-0.00,-0.01
-2.47,9.49,0.29,-0.00,-0.00,-0.01
-2.47,9.49,0.29,-0.00,-0.00,-0.01
-2.47,9.49,0.29,-0.00,-0.00,-0.01
-2.49,9.46,0.24,-0.01,0.00,-0.01
-2.49,9.46,0.24,-0.01,0.00,-0.01
-2.49,9.46,0.24,-0.01,0.00,-0.01
-2.49,9.46,0.24,-0.01,0.00,-0.01
-2.49,9.46,0.24,-0.01,0.00,-0.01
-2.49,9.46,0.24,-0.01,0.00,-0.01
-2.47,9.46,0.24,-0.01,0.02,-0.02
-2.47,9.46,0.24,-0.01,0.02,-0.02
-2.47,9.46,0.24,-0.01,0.02,-0.02
-2.47,9.46,0.24,-0.01,0.02,-0.02
-2.47,9.46,0.24,-0.01,0.02,-0.02
-2.48,9.48,0.31,0.01,0.02,-0.02
-2.48,9.48,0.31,0.01,0.02,-0.02
-2.48,9.48,0.31,0.01,0.02,-0.02
-2.48,9.48,0.31,0.01,0.02,-0.02
-2.48,9.48,0.31,0.01,0.02,-0.02
-2.48,9.48,0.31,0.01,0.02,-0.02
-2.51,9.51,0.39,0.01,0.01,-0.01
-2.51,9.51,0.39,0.01,0.01,-0.01
-2.51,9.51,0.39,0.01,0.01,-0.01
-2.51,9.51,0.39,0.01,0.01,-0.01
-2.51,9.51,0.39,0.01,0.01,-0.01
-2.51,9.47,0.40,0.01,-0.02,-0.01
-2.51,9.47,0.40,0.01,-0.02,-0.01
-2.51,9.47,0.40,0.01,-0.02,-0.01
-2.51,9.47,0.40,0.01,-0.02,-0.01
-2.51,9.47,0.40,0.01,-0.02,-0.01
-2.51,9.47,0.40,0.01,-0.02,-0.01
-2.50,9.48,0.29,0.01,-0.03,-0.00
-2.50,9.48,0.29,0.01,-0.03,-0.00
-2.50,9.48,0.29,0.01,-0.03,-0.00
-2.50,9.48,0.29,0.01,-0.03,-0.00
-2.50,9.48,0.29,0.01,-0.03,-0.00
-2.44,9.47,0.22,0.00,-0.03,-0.01
-2.44,9.47,0.22,0.00,-0.03,-0.01
-2.44,9.47,0.22,0.00,-0.03,-0.01
-2.44,9.47,0.22,0.00,-0.03,-0.01
-2.44,9.47,0.22,0.00,-0.03,-0.01
-2.41,9.51,0.28,0.00,-0.03,-0.01
-2.41,9.51,0.28,0.01,-0.01,-0.02
-2.41,9.51,0.28,0.01,-0.01,-0.02
-2.41,9.51,0.28,0.01,-0.01,-0.02
-2.41,9.51,0.28,0.01,-0.01,-0.02
-2.41,9.51,0.28,0.01,-0.01,-0.02
-2.42,9.52,0.32,0.00,-0.00,-0.02
-2.42,9.52,0.32,0.00,-0.00,-0.02
-2.42,9.52,0.32,0.00,-0.00,-0.02
-2.42,9.52,0.32,0.00,-0.00,-0.02
-2.42,9.52,0.32,0.00,-0.00,-0.02
-2.44,9.49,0.31,-0.00,0.01,-0.01
-2.44,9.49,0.31,-0.00,0.01,-0.01
-2.44,9.49,0.31,-0.00,0.01,-0.01
-2.44,9.49,0.31,-0.00,0.01,-0.01
-2.44,9.49,0.31,-0.00,0.01,-0.01
-2.44,9.49,0.31,-0.00,0.01,-0.01
-2.46,9.49,0.31,-0.00,0.01,-0.01
-2.46,9.49,0.31,-0.00,0.01,-0.01
-2.46,9.49,0.31,-0.00,0.01,-0.01
-2.46,9.49,0.31,-0.00,0.01,-0.01
-2.46,9.49,0.31,-0.00,0.01,-0.01
-2.48,9.47,0.33,0.00,0.01,-0.01
-2.48,9.47,0.33,0.00,0.01,-0.01
-2.48,9.47,0.33,0.00,0.01,-0.01
-2.48,9.47,0.33,0.00,0.01,-0.01
-2.48,9.47,0.33,0.00,0.01,-0.01
-2.48,9.47,0.33,0.00,0.01,-0.01
-2.50,9.49,0.33,0.01,0.00,-0.01
-2.50,9.49,0.33,0.01,0.00,-0.01
-2.50,9.49,0.33,0.01,0.00,-0.01
-2.50,9.49,0.33,0.01,0.00,-0.01
-2.50,9.49,0.33,0.01,0.00,-0.01
-2.46,9.48,0.34,0.01,-0.01,-0.01
-2.46,9.48,0.34,0.01,-0.01,-0.01
-2.46,9.48,0.34,0.01,-0.01,-0.01
-2.46,9.48,0.34,0.01,-0.01,-0.01
-2.46,9.48,0.34,0.01,-0.01,-0.01
-2.46,9.48,0.36,0.01,-0.01,-0.01
-2.43,9.51,0.36,0.01,-0.01,-0.01
-2.43,9.51,0.36,0.01,-0.01,-0.01
-2.43,9.51,0.36,0.01,-0.01,-0.01
-2.43,9.51,0.36,0.01,-0.01,-0.01
-2.43,9.51,0.36,0.01,-0.01,-0.01
-2.47,9.49,0.36,0.01,-0.01,-0.01
-2.47,9.49,0.36,0.01,-0.01,-0.01
-2.47,9.49,0.36,0.01,-0.01,-0.01
-2.47,9.49,0.36,0.01,-0.01,-0.01
-2.47,9.49,0.36,0.01,-0.01,-0.01
-2.48,9.48,0.31,0.01,-0.01,-0.01
-2.48,9.48,0.31,0.01,-0.01,-0.01
-2.48,9.48,0.31,0.01,-0.01,-0.01
-2.48,9.48,0.31,0.01,-0.01,-0.01
-2.48,9.48,0.31,0.01,-0.01,-0.01
-2.48,9.48,0.31,0.01,-0.01,-0.01
-2.43,9.48,0.30,0.01,-0.01,-0.01
-2.43,9.48,0.30,0.01,-0.01,-0.01
-2.43,9.48,0.30,0.01,-0.01,-0.01
-2.43,9.48,0.30,0.01,-0.01,-0.01
-2.43,9.48,0.30,0.01,-0.01,-0.01
-2.45,9.51,0.32,0.01,-0.00,-0.01
-2.45,9.51,0.32,0.01,-0.00,-0.01
-2.45,9.51,0.32,0.01,-0.00,-0.01
-2.45,9.51,0.32,0.01,-0.00,-0.01
-2.45,9.51,0.32,0.01,-0.00,-0.01
-2.45,9.51,0.32,0.01,-0.00,-0.01
-2.44,9.49,0.30,0.01,0.00,-0.02
-2.44,9.49,0.30,0.01,0.00,-0.02
-2.44,9.49,0.30,0.01,0.00,-0.02
-2.44,9.49,0.30,0.01,0.00,-0.02
-2.44,9.49,0.30,0.01,0.00,-0.02
-2.46,9.49,0.32,0.01,0.01,-0.02
-2.46,9.49,0.32,0.01,0.01,-0.02
-2.46,9.49,0.32,0.01,0.01,-0.02
-2.46,9.49,0.32,0.01,0.01,-0.02
-2.46,9.49,0.32,0.01,0.01,-0.02
-2.46,9.50,0.31,0.01,0.01,-0.02
-2.46,9.50,0.31,0.00,0.01,-0.02
-2.46,9.50,0.31,0.00,0.01,-0.02
-2.46,9.50,0.31,0.00,0.01,-0.02
-2.46,9.50,0.31,0.00,0.01,-0.02
-2.46,9.50,0.31,0.00,0.01,-0.02
-2.43,9.48,0.29,0.01,-0.00,-0.02
-2.43,9.48,0.29,0.01,-0.00,-0.02
-2.43,9.48,0.29,0.01,-0.00,-0.02
-2.43,9.48,0.29,0.01,-0.00,-0.02
-2.43,9.48,0.29,0.01,-0.00,-0.02
-2.46,9.50,0.30,0.01,-0.00,-0.01
-2.46,9.50,0.30,0.01,-0.00,-0.01
-2.46,9.50,0.30,0.01,-0.00,-0.01
-2.46,9.50,0.30,0.01,-0.00,-0.01
-2.46,9.50,0.30,0.01,-0.00,-0.01
-2.46,9.50,0.30,0.01,-0.00,-0.01
-2.47,9.50,0.30,0.01,0.00,-0.01
-2.47,9.50,0.30,0.01,0.00,-0.01
-2.47,9.50,0.30,0.01,0.00,-0.01
-2.47,9.50,0.30,0.01,0.00,-0.01
-2.47,9.50,0.30,0.01,0.00,-0.01
-2.46,9.50,0.30,0.01,0.00,-0.01
-2.46,9.50,0.30,0.01,0.00,-0.01
-2.46,9.50,0.30,0.01,0.00,-0.01
-2.46,9.50,0.30,0.01,0.00,-0.01
-2.46,9.50,0.30,0.01,0.00,-0.01
-2.46,9.50,0.30,0.01,0.00,-0.01
-2.43,9.50,0.28,0.01,-0.01,-0.01
-2.43,9.50,0.28,0.01,-0.01,-0.01
-2.43,9.50,0.28,0.01,-0.01,-0.01
-2.43,9.50,0.28,0.01,-0.01,-0.01
-2.43,9.50,0.28,0.01,-0.01,-0.01
-2.45,9.48,0.27,0.01,-0.01,-0.01
-2.45,9.48,0.27,0.01,-0.01,-0.01
-2.45,9.48,0.27,0.01,-0.01,-0.01
-2.45,9.48,0.27,0.01,-0.01,-0.01
-2.45,9.48,0.27,0.01,-0.01,-0.01
-2.45,9.48,0.28,0.01,-0.01,-0.01
-2.47,9.49,0.28,0.02,-0.01,-0.01
-2.47,9.49,0.28,0.02,-0.01,-0.01
-2.47,9.49,0.28,0.02,-0.01,-0.01
-2.47,9.49,0.28,0.02,-0.01,-0.01
-2.47,9.49,0.28,0.02,-0.01,-0.01
-2.43,9.50,0.29,0.01,-0.01,-0.01
-2.43,9.50,0.29,0.01,-0.01,-0.01
-2.43,9.50,0.29,0.01,-0.01,-0.01
-2.43,9.50,0.29,0.01,-0.01,-0.01
-2.43,9.50,0.29,0.01,-0.01,-0.01
-2.44,9.52,0.30,0.01,-0.00,-0.02
-2.44,9.52,0.30,0.01,-0.00,-0.02
-2.44,9.52,0.30,0.01,-0.00,-0.02
-2.44,9.52,0.30,0.01,-0.00,-0.02
-2.44,9.52,0.30,0.01,-0.00,-0.02
-2.44,9.52,0.30,0.01,-0.00,-0.02
-2.45,9.49,0.29,0.00,0.00,-0.01
-2.45,9.49,0.29,0.00,0.00,-0.01
-2.45,9.49,0.29,0.00,0.00,-0.01
-2.45,9.49,0.29,0.00,0.00,-0.01
-2.45,9.49,0.29,0.00,0.00,-0.01
-2.45,9.50,0.29,0.00,0.00,-0.01
-2.45,9.50,0.29,0.00,0.00,-0.01
-2.45,9.50,0.29,0.00,0.00,-0.01
-2.45,9.50,0.29,0.00,0.00,-0.01
-2.45,9.50,0.29,0.00,0.00,-0.01
-2.45,9.50,0.29,0.00,0.00,-0.01
-2.44,9.49,0.29,0.00,-0.00,-0.01
-2.44,9.49,0.29,0.00,-0.00,-0.01
-2.44,9.49,0.29,0.00,-0.00,-0.01
-2.44,9.49,0.29,0.00,-0.00,-0.01
-2.44,9.49,0.29,0.00,-0.00,-0.01
-2.45,9.52,0.27,0.01,-0.01,-0.01
-2.45,9.52,0.27,0.01,-0.01,-0.01
-2.45,9.52,0.27,0.01,-0.01,-0.01
-2.45,9.52,0.27,0.01,-0.01,-0.01
-2.45,9.52,0.27,0.01,-0.01,-0.01
-2.45,9.52,0.27,0.01,-0.01,-0.01
-2.41,9.48,0.28,0.02,-0.01,-0.01
-2.41,9.48,0.28,0.02,-0.01,-0.01
-2.41,9.48,0.28,0.02,-0.01,-0.01
-2.41,9.48,0.28,0.02,-0.01,-0.01
-2.41,9.48,0.28,0.02,-0.01,-0.01
-2.43,9.49,0.28,0.03,-0.02,-0.00
-2.43,9.49,0.28,0.03,-0.02,-0.00
-2.43,9.49,0.28,0.03,-0.02,-0.00
-2.43,9.49,0.28,0.03,-0.02,-0.00
-2.43,9.49,0.28,0.03,-0.02,-0.00
-2.45,9.49,0.29,0.02,-0.02,0.01
-2.45,9.49,0.29,0.02,-0.02,0.01
-2.45,9.49,0.29,0.02,-0.02,0.01
-2.45,9.49,0.29,0.02,-0.02,0.01
-2.45,9.49,0.29,0.02,-0.02,0.01
-2.45,9.49,0.29,0.02,-0.02,0.01
-2.44,9.47,0.24,0.01,0.00,-0.01
-2.44,9.47,0.24,0.01,0.00,-0.01
-2.44,9.47,0.24,0.01,0.00,-0.01
-2.44,9.47,0.24,0.01,0.00,-0.01
-2.44,9.47,0.24,0.01,0.00,-0.01
-2.44,9.46,0.24,0.01,0.01,-0.01
-2.44,9.46,0.24,0.01,0.01,-0.01
-2.44,9.46,0.24,0.01,0.01,-0.01
-2.44,9.46,0.24,0.01,0.01,-0.01
-2.44,9.46,0.24,0.01,0.01,-0.01
-2.44,9.46,0.24,0.01,0.01,-0.01
-2.44,9.51,0.32,0.02,0.01,-0.01
-2.44,9.51,0.32,0.02,0.01,-0.01
-2.44,9.51,0.32,0.02,0.01,-0.01
-2.44,9.51,0.32,0.02,0.01,-0.01
-2.44,9.51,0.32,0.02,0.01,-0.01
-2.44,9.51,0.34,0.02,-0.00,-0.00
-2.44,9.51,0.34,0.02,-0.00,-0.00
-2.44,9.51,0.34,0.02,-0.00,-0.00
-2.44,9.51,0.34,0.02,-0.00,-0.00
-2.44,9.51,0.34,0.02,-0.00,-0.00
-2.44,9.51,0.34,0.02,-0.00,-0.00
-2.42,9.50,0.26,0.01,-0.01,-0.00
-2.42,9.50,0.26,0.01,-0.01,-0.00
-2.42,9.50,0.26,0.01,-0.01,-0.00
-2.42,9.50,0.26,0.01,-0.01,-0.00
-2.42,9.50,0.26,0.01,-0.01,-0.00
-2.38,9.51,0.21,0.01,-0.02,-0.00
-2.38,9.51,0.21,0.01,-0.02,-0.00
-2.38,9.51,0.21,0.01,-0.02,-0.00
-2.38,9.51,0.21,0.01,-0.02,-0.00
-2.38,9.51,0.21,0.01,-0.02,-0.00
-2.34,9.54,0.25,0.01,-0.02,-0.00
-2.34,9.54,0.25,0.01,-0.02,-0.00
-2.34,9.54,0.25,0.01,-0.02,-0.00
-2.34,9.54,0.25,0.01,-0.02,-0.00
-2.34,9.54,0.25,0.01,-0.02,-0.00
-2.34,9.54,0.25,0.01,-0.02,-0.00
-2.33,9.55,0.24,0.01,-0.01,0.00
-2.33,9.55,0.24,0.01,-0.01,0.00
-2.33,9.55,0.24,0.01,-0.01,0.00
-2.33,9.55,0.24,0.01,-0.01,0.00
-2.33,9.55,0.24,0.01,-0.01,0.00
-2.32,9.52,0.25,0.01,-0.01,0.00
-2.32,9.52,0.25,0.01,-0.01,0.00
-2.32,9.52,0.25,0.01,-0.01,0.00
-2.32,9.52,0.25,0.01,-0.01,0.00
-2.32,9.52,0.25,0.01,-0.01,0.00
-2.32,9.52,0.25,0.01,-0.01,0.00
-2.37,9.50,0.25,0.00,-0.00,0.00
-2.37,9.50,0.25,0.00,-0.00,0.00
-2.37,9.50,0.25,0.00,-0.00,0.00
-2.37,9.50,0.25,0.00,-0.00,0.00
-2.37,9.50,0.25,0.00,-0.00,0.00
-2.38,9.49,0.25,0.01,-0.01,0.00
-2.38,9.49,0.25,0.01,-0.01,0.00
-2.38,9.49,0.25,0.01,-0.01,0.00
-2.38,9.49,0.25,0.01,-0.01,0.00
-2.38,9.49,0.25,0.01,-0.01,0.00
-2.38,9.49,0.25,0.01,-0.01,0.00
-2.36,9.52,0.31,0.01,-0.01,-0.00
-2.36,9.52,0.31,0.01,-0.01,-0.00
-2.36,9.52,0.31,0.01,-0.01,-0.00
-2.36,9.52,0.31,0.01,-0.01,-0.00
-2.36,9.52,0.31,0.01,-0.01,-0.00
-2.32,9.51,0.23,0.00,-0.01,-0.01
-2.32,9.51,0.23,0.00,-0.01,-0.01
-2.32,9.51,0.23,0.00,-0.01,-0.01
-2.32,9.51,0.23,0.00,-0.01,-0.01
-2.32,9.51,0.23,0.00,-0.01,-0.01
-2.32,9.51,0.23,0.00,-0.01,-0.01
-2.30,9.51,0.19,0.01,-0.01,-0.01
-2.30,9.51,0.19,0.01,-0.01,-0.01
-2.30,9.51,0.19,0.01,-0.01,-0.01
-2.30,9.51,0.19,0.01,-0.01,-0.01
-2.30,9.51,0.19,0.01,-0.01,-0.01
-2.27,9.53,0.24,0.02,-0.01,-0.01
-2.27,9.53,0.24,0.02,-0.01,-0.01
-2.27,9.53,0.24,0.02,-0.01,-0.01
-2.27,9.53,0.24,0.02,-0.01,-0.01
-2.27,9.53,0.24,0.02,-0.01,-0.01
-2.31,9.56,0.28,0.02,0.01,-0.01
-2.31,9.56,0.28,0.02,0.01,-0.01
-2.31,9.56,0.28,0.02,0.01,-0.01
-2.31,9.56,0.28,0.02,0.01,-0.01
-2.31,9.56,0.28,0.02,0.01,-0.01
-2.31,9.56,0.28,0.02,0.01,-0.01
-2.34,9.56,0.27,0.01,0.00,-0.01
-2.34,9.56,0.27,0.01,0.00,-0.01
-2.34,9.56,0.27,0.01,0.00,-0.01
-2.34,9.56,0.27,0.01,0.00,-0.01
-2.34,9.56,0.27,0.01,0.00,-0.01
-2.30,9.54,0.20,0.01,-0.01,-0.01
-2.30,9.54,0.20,0.01,-0.01,-0.01
-2.30,9.54,0.20,0.01,-0.01,-0.01
-2.30,9.54,0.20,0.01,-0.01,-0.01
-2.30,9.54,0.20,0.01,-0.01,-0.01
-2.30,9.54,0.20,0.01,-0.01,-0.01
-2.26,9.51,0.14,0.02,-0.02,-0.01
-2.26,9.51,0.14,0.02,-0.02,-0.01
-2.26,9.51,0.14,0.02,-0.02,-0.01
-2.26,9.51,0.14,0.02,-0.02,-0.01
-2.26,9.51,0.14,0.02,-0.02,-0.01
-2.25,9.61,0.09,0.04,-0.02,0.01
-2.25,9.61,0.09,0.04,-0.02,0.01
-2.25,9.61,0.09,0.04,-0.02,0.01
-2.25,9.61,0.09,0.04,-0.02,0.01
-2.25,9.61,0.09,0.04,-0.02,0.01
-2.22,9.61,0.23,0.04,-0.00,0.02
-2.22,9.61,0.23,0.05,-0.00,0.02
-2.22,9.61,0.23,0.05,-0.00,0.02
-2.22,9.61,0.23,0.05,-0.00,0.02
-2.22,9.61,0.23,0.05,-0.00,0.02
-2.22,9.61,0.23,0.05,-0.00,0.02
-2.21,9.46,0.24,0.02,0.01,0.00
-2.21,9.46,0.24,0.02,0.01,0.00
-2.21,9.46,0.24,0.02,0.01,0.00
-2.21,9.46,0.24,0.02,0.01,0.00
-2.21,9.46,0.24,0.02,0.01,0.00
-2.41,9.53,0.16,-0.01,0.05,0.00
-2.41,9.53,0.16,-0.01,0.05,0.00
-2.41,9.53,0.16,-0.01,0.05,0.00
-2.41,9.53,0.16,-0.01,0.05,0.00
-2.41,9.53,0.16,-0.01,0.05,0.00
-2.41,9.53,0.16,-0.01,0.05,0.00
-2.28,9.55,0.12,-0.01,0.07,-0.01
-2.28,9.55,0.12,-0.01,0.07,-0.01
-2.28,9.55,0.12,-0.01,0.07,-0.01
-2.28,9.55,0.12,-0.01,0.07,-0.01
-2.28,9.55,0.12,-0.01,0.07,-0.01
-2.18,9.60,0.18,0.03,0.03,0.01
-2.18,9.60,0.18,0.03,0.03,0.01
-2.18,9.60,0.18,0.03,0.03,0.01
-2.18,9.60,0.18,0.03,0.03,0.01
-2.18,9.60,0.18,0.03,0.03,0.01
-2.18,9.60,0.18,0.03,0.03,0.01
-2.21,9.62,0.10,0.09,-0.07,0.07
-2.21,9.62,0.10,0.09,-0.07,0.07
-2.21,9.62,0.10,0.09,-0.07,0.07
-2.21,9.62,0.10,0.09,-0.07,0.07
-2.21,9.62,0.10,0.09,-0.07,0.07
-2.01,9.53,-0.04,0.16,-0.22,0.11
-2.01,9.53,-0.04,0.16,-0.22,0.11
-2.01,9.53,-0.04,0.16,-0.22,0.11
-2.01,9.53,-0.04,0.16,-0.22,0.11
-2.01,9.53,-0.04,0.16,-0.22,0.11
-1.93,9.74,-0.19,0.23,-0.31,0.17
-1.93,9.74,-0.19,0.23,-0.31,0.17
-1.93,9.74,-0.19,0.23,-0.31,0.17
-1.93,9.74,-0.19,0.23,-0.31,0.17
-1.93,9.74,-0.19,0.23,-0.31,0.17
-1.93,9.74,-0.19,0.23,-0.31,0.17
-1.82,9.61,-0.36,0.23,-0.29,0.24
-1.82,9.61,-0.36,0.23,-0.29,0.24
-1.82,9.61,-0.36,0.23,-0.29,0.24
-1.82,9.61,-0.36,0.23,-0.29,0.24
-1.82,9.61,-0.36,0.23,-0.29,0.24
-1.50,9.61,-0.53,0.24,-0.27,0.24
-1.50,9.61,-0.53,0.24,-0.27,0.24
-1.50,9.61,-0.53,0.24,-0.27,0.24
-1.50,9.61,-0.53,0.24,-0.27,0.24
-1.50,9.61,-0.53,0.24,-0.27,0.24
-1.50,9.61,-0.53,0.24,-0.27,0.24
-1.44,9.65,-0.56,0.28,-0.22,0.25
-1.44,9.65,-0.56,0.28,-0.22,0.25
-1.44,9.65,-0.56,0.28,-0.22,0.25
-1.44,9.65,-0.56,0.28,-0.22,0.25
-1.44,9.65,-0.56,0.28,-0.22,0.25
-1.32,9.61,-0.69,0.28,-0.20,0.24
-1.32,9.61,-0.69,0.28,-0.20,0.24
-1.32,9.61,-0.69,0.28,-0.20,0.24
-1.32,9.61,-0.69,0.28,-0.20,0.24
-1.32,9.61,-0.69,0.28,-0.20,0.24
-1.32,9.67,-0.81,0.28,-0.20,0.24
-1.17,9.67,-0.81,0.26,-0.17,0.17
-1.17,9.67,-0.81,0.26,-0.17,0.17
-1.17,9.67,-0.81,0.26,-0.17,0.17
-1.17,9.67,-0.81,0.26,-0.17,0.17
-1.17,9.67,-0.81,0.26,-0.17,0.17
-0.95,9.71,-0.92,0.19,-0.10,0.10
-0.95,9.71,-0.92,0.19,-0.10,0.10
-0.95,9.71,-0.92,0.19,-0.10,0.10
-0.95,9.71,-0.92,0.19,-0.10,0.10
-0.95,9.71,-0.92,0.19,-0.10,0.10
-0.89,9.75,-1.19,0.12,-0.03,0.08
-0.89,9.75,-1.19,0.12,-0.03,0.08
-0.89,9.75,-1.19,0.12,-0.03,0.08
-0.89,9.75,-1.19,0.12,-0.03,0.08
-0.89,9.75,-1.19,0.12,-0.03,0.08
-0.89,9.75,-1.19,0.12,-0.03,0.08
-0.81,9.67,-1.11,0.08,0.04,0.05
-0.81,9.67,-1.11,0.08,0.04,0.05
-0.81,9.67,-1.11,0.08,0.04,0.05
-0.81,9.67,-1.11,0.08,0.04,0.05
-0.81,9.67,-1.11,0.08,0.04,0.05
-0.88,9.68,-1.12,0.06,0.03,0.04
-0.88,9.68,-1.12,0.06,0.03,0.04
-0.88,9.68,-1.12,0.06,0.03,0.04
-0.88,9.68,-1.12,0.06,0.03,0.04
-0.88,9.68,-1.12,0.06,0.03,0.04
-0.88,9.68,-1.12,0.06,0.03,0.04
-0.84,9.61,-1.17,0.05,0.01,0.02
-0.84,9.61,-1.17,0.05,0.01,0.02
-0.84,9.61,-1.17,0.05,0.01,0.02
-0.84,9.61,-1.17,0.05,0.01,0.02
-0.84,9.61,-1.17,0.05,0.01,0.02
-0.89,9.65,-1.23,0.05,-0.06,0.02
-0.89,9.65,-1.23,0.05,-0.06,0.02
-0.89,9.65,-1.23,0.05,-0.06,0.02
-0.89,9.65,-1.23,0.05,-0.06,0.02
-0.89,9.65,-1.23,0.05,-0.06,0.02
-0.79,9.69,-1.34,0.05,-0.06,0.02
-0.79,9.69,-1.34,0.04,-0.09,0.01
-0.79,9.69,-1.34,0.04,-0.09,0.01
-0.79,9.69,-1.34,0.04,-0.09,0.01
-0.79,9.69,-1.34,0.04,-0.09,0.01
-0.79,9.69,-1.34,0.04,-0.09,0.01
-0.70,9.65,-1.51,0.02,-0.08,0.00
-0.70,9.65,-1.51,0.02,-0.08,0.00
-0.70,9.65,-1.51,0.02,-0.08,0.00
-0.70,9.65,-1.51,0.02,-0.08,0.00
-0.70,9.65,-1.51,0.02,-0.08,0.00
-0.70,9.70,-1.38,0.02,-0.04,0.01
-0.70,9.70,-1.38,0.02,-0.04,0.01
-0.70,9.70,-1.38,0.02,-0.04,0.01
-0.70,9.70,-1.38,0.02,-0.04,0.01
-0.70,9.70,-1.38,0.02,-0.04,0.01
-0.70,9.70,-1.38,0.02,-0.04,0.01
-0.79,9.70,-1.36,0.01,-0.01,-0.00
