-3.92,8.95,0.08,0.04,-0.01,-0.06
-3.92,8.95,0.08,0.04,-0.01,-0.06
-3.92,8.95,0.08,0.04,-0.01,-0.06
-3.92,8.95,0.08,0.04,-0.01,-0.06
-3.92,8.95,0.08,0.04,-0.01,-0.06
-3.97,9.11,0.26,0.07,-0.03,-0.03
-3.97,9.11,0.26,0.07,-0.03,-0.03
-3.97,9.11,0.26,0.07,-0.03,-0.03
-3.97,9.11,0.26,0.07,-0.03,-0.03
-3.97,9.11,0.26,0.07,-0.03,-0.03
-3.97,9.11,0.26,0.07,-0.03,-0.03
-3.91,9.08,0.26,0.05,-0.06,-0.00
-3.91,9.08,0.26,0.05,-0.06,-0.00
-3.91,9.08,0.26,0.05,-0.06,-0.00
-3.91,9.08,0.26,0.05,-0.06,-0.00
-3.91,9.08,0.26,0.05,-0.06,-0.00
-3.83,9.01,0.14,0.04,-0.10,-0.00
-3.83,9.01,0.14,0.04,-0.10,-0.00
-3.83,9.01,0.14,0.04,-0.10,-0.00
-3.83,9.01,0.14,0.04,-0.10,-0.00
-3.83,9.01,0.14,0.04,-0.10,-0.00
-3.83,9.01,0.14,0.04,-0.10,-0.00
-3.87,8.97,0.05,0.04,-0.10,-0.00
-3.87,8.97,0.05,0.04,-0.10,-0.00
-3.87,8.97,0.05,0.04,-0.10,-0.00
-3.87,8.97,0.05,0.04,-0.10,-0.00
-3.87,8.97,0.05,0.04,-0.10,-0.00
-3.86,8.96,0.08,0.04,-0.07,-0.01
-3.86,8.96,0.08,0.04,-0.07,-0.01
-3.86,8.96,0.08,0.04,-0.07,-0.01
-3.86,8.96,0.08,0.04,-0.07,-0.01
-3.86,8.96,0.08,0.04,-0.07,-0.01
-3.87,8.97,0.19,0.04,-0.05,-0.01
-3.87,8.97,0.19,0.04,-0.05,-0.01
-3.87,8.97,0.19,0.04,-0.05,-0.01
-3.87,8.97,0.19,0.04,-0.05,-0.01
-3.87,8.97,0.19,0.04,-0.05,-0.01
-3.87,8.97,0.19,0.04,-0.05,-0.01
-3.88,9.09,0.19,0.03,-0.05,-0.01
-3.88,9.09,0.19,0.03,-0.05,-0.01
-3.88,9.09,0.19,0.03,-0.05,-0.01
-3.88,9.09,0.19,0.03,-0.05,-0.01
-3.88,9.09,0.19,0.03,-0.05,-0.01
-3.82,9.06,0.16,0.00,-0.04,-0.03
-3.82,9.06,0.16,0.00,-0.04,-0.03
-3.82,9.06,0.16,0.00,-0.04,-0.03
-3.82,9.06,0.16,0.00,-0.04,-0.03
-3.82,9.06,0.16,0.00,-0.04,-0.03
-3.82,9.06,0.16,0.00,-0.04,-0.03
-3.77,9.00,0.13,0.00,-0.02,-0.03
-3.77,9.00,0.13,0.00,-0.02,-0.03
-3.77,9.00,0.13,0.00,-0.02,-0.03
-3.77,9.00,0.13,0.00,-0.02,-0.03
-3.77,9.00,0.13,0.00,-0.02,-0.03
-3.92,8.93,0.14,0.01,0.01,-0.01
-3.92,8.93,0.14,0.01,0.01,-0.01
-3.92,8.93,0.14,0.01,0.01,-0.01
-3.92,8.93,0.14,0.01,0.01,-0.01
-3.92,8.93,0.14,0.01,0.01,-0.01
-3.92,8.93,0.14,0.01,0.01,-0.01
-3.89,8.96,0.22,0.02,-0.00,-0.01
-3.89,8.96,0.22,0.02,-0.00,-0.01
-3.89,8.96,0.22,0.02,-0.00,-0.01
-3.89,8.96,0.22,0.02,-0.00,-0.01
-3.89,8.96,0.22,0.02,-0.00,-0.01
-3.86,9.02,0.17,-0.00,0.01,-0.02
-3.86,9.02,0.17,-0.00,0.01,-0.02
-3.86,9.02,0.17,-0.00,0.01,-0.02
-3.86,9.02,0.17,-0.00,0.01,-0.02
-3.86,9.02,0.17,-0.00,0.01,-0.02
-3.86,9.02,0.21,-0.00,0.01,-0.02
-3.89,9.06,0.21,-0.02,0.02,-0.02
-3.89,9.06,0.21,-0.02,0.02,-0.02
-3.89,9.06,0.21,-0.02,0.02,-0.02
-3.89,9.06,0.21,-0.02,0.02,-0.02
-3.89,9.06,0.21,-0.02,0.02,-0.02
-3.89,8.93,0.21,-0.03,0.03,-0.02
-3.89,8.93,0.21,-0.03,0.03,-0.02
-3.89,8.93,0.21,-0.03,0.03,-0.02
-3.89,8.93,0.21,-0.03,0.03,-0.02
-3.89,8.93,0.21,-0.03,0.03,-0.02
-3.98,8.93,0.20,-0.01,0.02,-0.01
-3.98,8.93,0.20,-0.01,0.02,-0.01
-3.98,8.93,0.20,-0.01,0.02,-0.01
-3.98,8.93,0.20,-0.01,0.02,-0.01
-3.98,8.93,0.20,-0.01,0.02,-0.01
-3.98,8.93,0.20,-0.01,0.02,-0.01
-3.99,9.03,0.28,0.00,-0.02,-0.01
-3.99,9.03,0.28,0.00,-0.02,-0.01
-3.99,9.03,0.28,0.00,-0.02,-0.01
-3.99,9.03,0.28,0.00,-0.02,-0.01
-3.99,9.03,0.28,0.00,-0.02,-0.01
-3.90,9.07,0.24,-0.01,-0.03,-0.02
-3.90,9.07,0.24,-0.01,-0.03,-0.02
-3.90,9.07,0.24,-0.01,-0.03,-0.02
-3.90,9.07,0.24,-0.01,-0.03,-0.02
-3.90,9.07,0.24,-0.01,-0.03,-0.02
-3.86,9.03,0.28,-0.01,-0.02,-0.02
-3.86,9.03,0.28,-0.02,-0.02,-0.02
-3.86,9.03,0.28,-0.02,-0.02,-0.02
-3.86,9.03,0.28,-0.02,-0.02,-0.02
-3.86,9.03,0.28,-0.02,-0.02,-0.02
-3.86,9.03,0.28,-0.02,-0.02,-0.02
-3.93,9.00,0.34,-0.02,-0.02,-0.02
-3.93,9.00,0.34,-0.02,-0.02,-0.02
-3.93,9.00,0.34,-0.02,-0.02,-0.02
-3.93,9.00,0.34,-0.02,-0.02,-0.02
-3.93,9.00,0.34,-0.02,-0.02,-0.02
-3.96,8.97,0.33,-0.03,-0.02,-0.02
-3.96,8.97,0.33,-0.03,-0.02,-0.02
-3.96,8.97,0.33,-0.03,-0.02,-0.02
-3.96,8.97,0.33,-0.03,-0.02,-0.02
-3.96,8.97,0.33,-0.03,-0.02,-0.02
-3.96,8.97,0.33,-0.03,-0.02,-0.02
-3.91,8.91,0.34,-0.03,-0.03,-0.03
-3.91,8.91,0.34,-0.03,-0.03,-0.03
-3.91,8.91,0.34,-0.03,-0.03,-0.03
-3.91,8.91,0.34,-0.03,-0.03,-0.03
-3.91,8.91,0.34,-0.03,-0.03,-0.03
-3.94,8.92,0.35,-0.02,-0.03,-0.03
-3.94,8.92,0.35,-0.02,-0.03,-0.03
-3.94,8.92,0.35,-0.02,-0.03,-0.03
-3.94,8.92,0.35,-0.02,-0.03,-0.03
-3.94,8.92,0.35,-0.02,-0.03,-0.03
-3.91,8.97,0.35,-0.02,-0.02,-0.04
-3.91,8.97,0.35,-0.02,-0.02,-0.04
-3.91,8.97,0.35,-0.02,-0.02,-0.04
-3.91,8.97,0.35,-0.02,-0.02,-0.04
-3.91,8.97,0.35,-0.02,-0.02,-0.04
-3.91,8.97,0.35,-0.02,-0.02,-0.04
-3.91,9.01,0.37,-0.03,-0.00,-0.05
-3.91,9.01,0.37,-0.03,-0.00,-0.05
-3.91,9.01,0.37,-0.03,-0.00,-0.05
-3.91,9.01,0.37,-0.03,-0.00,-0.05
-3.91,9.01,0.37,-0.03,-0.00,-0.05
-3.97,8.96,0.43,-0.03,0.01,-0.04
-3.97,8.96,0.43,-0.03,0.01,-0.04
-3.97,8.96,0.43,-0.03,0.01,-0.04
-3.97,8.96,0.43,-0.03,0.01,-0.04
-3.97,8.96,0.43,-0.03,0.01,-0.04
-3.97,8.96,0.43,-0.03,0.01,-0.04
-4.02,8.92,0.42,-0.03,0.01,-0.03
-4.02,8.92,0.42,-0.03,0.01,-0.03
-4.02,8.92,0.42,-0.03,0.01,-0.03
-4.02,8.92,0.42,-0.03,0.01,-0.03
-4.02,8.92,0.42,-0.03,0.01,-0.03
-4.06,8.95,0.40,-0.02,0.01,-0.02
-4.06,8.95,0.40,-0.02,0.01,-0.02
-4.06,8.95,0.40,-0.02,0.01,-0.02
-4.06,8.95,0.40,-0.02,0.01,-0.02
-4.06,8.95,0.40,-0.02,0.01,-0.02
-4.02,8.89,0.43,-0.02,0.01,-0.02
-4.02,8.89,0.43,-0.00,0.01,-0.02
-4.02,8.89,0.43,-0.00,0.01,-0.02
-4.02,8.89,0.43,-0.00,0.01,-0.02
-4.02,8.89,0.43,-0.00,0.01,-0.02
-4.02,8.89,0.43,-0.00,0.01,-0.02
-4.05,8.95,0.51,0.02,0.01,-0.00
-4.05,8.95,0.51,0.02,0.01,-0.00
-4.05,8.95,0.51,0.02,0.01,-0.00
-4.05,8.95,0.51,0.02,0.01,-0.00
-4.05,8.95,0.51,0.02,0.01,-0.00
-4.04,8.92,0.45,0.02,-0.00,0.01
-4.04,8.92,0.45,0.02,-0.00,0.01
-4.04,8.92,0.45,0.02,-0.00,0.01
-4.04,8.92,0.45,0.02,-0.00,0.01
-4.04,8.92,0.45,0.02,-0.00,0.01
-4.04,8.92,0.45,0.02,-0.00,0.01
-4.02,8.98,0.49,0.02,-0.01,0.02
-4.02,8.98,0.49,0.02,-0.01,0.02
-4.02,8.98,0.49,0.02,-0.01,0.02
-4.02,8.98,0.49,0.02,-0.01,0.02
-4.02,8.98,0.49,0.02,-0.01,0.02
-3.96,9.00,0.48,0.01,-0.01,0.01
-3.96,9.00,0.48,0.01,-0.01,0.01
-3.96,9.00,0.48,0.01,-0.01,0.01
-3.96,9.00,0.48,0.01,-0.01,0.01
-3.96,9.00,0.48,0.01,-0.01,0.01
-3.96,9.00,0.48,0.01,-0.01,0.01
-3.92,8.98,0.40,0.00,-0.01,0.01
-3.92,8.98,0.40,0.00,-0.01,0.01
-3.92,8.98,0.40,0.00,-0.01,0.01
-3.92,8.98,0.40,0.00,-0.01,0.01
-3.92,8.98,0.40,0.00,-0.01,0.01
-3.98,8.98,0.42,0.00,0.00,0.01
-3.98,8.98,0.42,0.00,0.00,0.01
-3.98,8.98,0.42,0.00,0.00,0.01
-3.98,8.98,0.42,0.00,0.00,0.01
-3.98,8.98,0.42,0.00,0.00,0.01
-3.98,8.94,0.41,0.00,0.00,0.01
-3.96,8.94,0.41,-0.00,0.00,0.00
-3.96,8.94,0.41,-0.00,0.00,0.00
-3.96,8.94,0.41,-0.00,0.00,0.00
-3.96,8.94,0.41,-0.00,0.00,0.00
-3.96,8.94,0.41,-0.00,0.00,0.00
-3.95,8.95,0.38,-0.00,0.01,-0.00
-3.95,8.95,0.38,-0.00,0.01,-0.00
-3.95,8.95,0.38,-0.00,0.01,-0.00
-3.95,8.95,0.38,-0.00,0.01,-0.00
-3.95,8.95,0.38,-0.00,0.01,-0.00
-3.96,8.99,0.46,-0.00,0.01,-0.01
-3.96,8.99,0.46,-0.00,0.01,-0.01
-3.96,8.99,0.46,-0.00,0.01,-0.01
-3.96,8.99,0.46,-0.00,0.01,-0.01
-3.96,8.99,0.46,-0.00,0.01,-0.01
-3.96,8.99,0.46,-0.00,0.01,-0.01
-3.93,8.97,0.41,-0.01,0.02,-0.02
-3.93,8.97,0.41,-0.01,0.02,-0.02
-3.93,8.97,0.41,-0.01,0.02,-0.02
-3.93,8.97,0.41,-0.01,0.02,-0.02
-3.93,8.97,0.41,-0.01,0.02,-0.02
-3.96,8.95,0.42,-0.01,0.02,-0.02
-3.96,8.95,0.42,-0.01,0.02,-0.02
-3.96,8.95,0.42,-0.01,0.02,-0.02
-3.96,8.95,0.42,-0.01,0.02,-0.02
-3.96,8.95,0.42,-0.01,0.02,-0.02
-3.96,8.95,0.42,-0.01,0.02,-0.02
-3.92,8.97,0.38,-0.01,0.01,-0.02
-3.92,8.97,0.38,-0.01,0.01,-0.02
-3.92,8.97,0.38,-0.01,0.01,-0.02
-3.92,8.97,0.38,-0.01,0.01,-0.02
-3.92,8.97,0.38,-0.01,0.01,-0.02
-3.91,8.98,0.45,0.00,0.02,-0.02
-3.91,8.98,0.45,0.00,0.02,-0.02
-3.91,8.98,0.45,0.00,0.02,-0.02
-3.91,8.98,0.45,0.00,0.02,-0.02
-3.91,8.98,0.45,0.00,0.02,-0.02
-3.91,8.98,0.49,0.00,0.02,-0.02
-3.97,8.96,0.49,-0.00,0.04,-0.03
-3.97,8.96,0.49,-0.00,0.04,-0.03
-3.97,8.96,0.49,-0.00,0.04,-0.03
-3.97,8.96,0.49,-0.00,0.04,-0.03
-3.97,8.96,0.49,-0.00,0.04,-0.03
-3.98,8.94,0.52,-0.00,0.03,-0.02
-3.98,8.94,0.52,-0.00,0.03,-0.02
-3.98,8.94,0.52,-0.00,0.03,-0.02
-3.98,8.94,0.52,-0.00,0.03,-0.02
-3.98,8.94,0.52,-0.00,0.03,-0.02
-3.98,8.96,0.44,0.00,0.01,-0.01
-3.98,8.96,0.44,0.00,0.01,-0.01
-3.98,8.96,0.44,0.00,0.01,-0.01
-3.98,8.96,0.44,0.00,0.01,-0.01
-3.98,8.96,0.44,0.00,0.01,-0.01
-3.98,8.96,0.44,0.00,0.01,-0.01
-3.93,9.00,0.47,0.02,-0.03,-0.01
-3.93,9.00,0.47,0.02,-0.03,-0.01
-3.93,9.00,0.47,0.02,-0.03,-0.01
-3.93,9.00,0.47,0.02,-0.03,-0.01
-3.93,9.00,0.47,0.02,-0.03,-0.01
-3.90,8.99,0.42,0.02,-0.03,-0.01
-3.90,8.99,0.42,0.02,-0.03,-0.01
-3.90,8.99,0.42,0.02,-0.03,-0.01
-3.90,8.99,0.42,0.02,-0.03,-0.01
-3.90,8.99,0.42,0.02,-0.03,-0.01
-3.90,8.99,0.42,0.02,-0.03,-0.01
-3.90,8.97,0.44,0.01,-0.01,-0.01
-3.90,8.97,0.44,0.01,-0.01,-0.01
-3.90,8.97,0.44,0.01,-0.01,-0.01
-3.90,8.97,0.44,0.01,-0.01,-0.01
-3.90,8.97,0.44,0.01,-0.01,-0.01
-3.93,8.99,0.47,0.01,0.00,-0.01
-3.93,8.99,0.47,0.01,0.00,-0.01
-3.93,8.99,0.47,0.01,0.00,-0.01
-3.93,8.99,0.47,0.01,0.00,-0.01
-3.93,8.99,0.47,0.01,0.00,-0.01
-3.93,8.99,0.47,0.01,0.00,-0.01
-3.93,8.98,0.41,0.00,0.00,-0.01
-3.93,8.98,0.41,0.00,0.00,-0.01
-3.93,8.98,0.41,0.00,0.00,-0.01
-3.93,8.98,0.41,0.00,0.00,-0.01
-3.93,8.98,0.41,0.00,0.00,-0.01
-3.92,9.00,0.48,0.01,-0.00,-0.01
-3.92,9.00,0.48,0.01,-0.00,-0.01
-3.92,9.00,0.48,0.01,-0.00,-0.01
-3.92,9.00,0.48,0.01,-0.00,-0.01
-3.92,9.00,0.48,0.01,-0.00,-0.01
-3.91,8.99,0.43,0.01,-0.01,-0.00
-3.91,8.99,0.43,0.01,-0.01,-0.00
-3.91,8.99,0.43,0.01,-0.01,-0.00
-3.91,8.99,0.43,0.01,-0.01,-0.00
-3.91,8.99,0.43,0.01,-0.01,-0.00
-3.91,8.99,0.43,0.01,-0.01,-0.00
-3.91,8.98,0.43,0.01,-0.00,0.00
-3.91,8.98,0.43,0.01,-0.00,0.00
-3.91,8.98,0.43,0.01,-0.00,0.00
-3.91,8.98,0.43,0.01,-0.00,0.00
-3.91,8.98,0.43,0.01,-0.00,0.00
-3.90,8.99,0.43,0.01,-0.00,-0.00
-3.90,8.99,0.43,0.01,-0.00,-0.00
-3.90,8.99,0.43,0.01,-0.00,-0.00
-3.90,8.99,0.43,0.01,-0.00,-0.00
-3.90,8.99,0.43,0.01,-0.00,-0.00
-3.90,8.99,0.43,0.01,-0.00,-0.00
-3.88,9.00,0.43,0.00,-0.00,-0.00
-3.88,9.00,0.43,0.00,-0.00,-0.00
-3.88,9.00,0.43,0.00,-0.00,-0.00
-3.88,9.00,0.43,0.00,-0.00,-0.00
-3.88,9.00,0.43,0.00,-0.00,-0.00
-3.91,8.99,0.43,-0.00,0.00,-0.01
-3.91,8.99,0.43,-0.00,0.00,-0.01
-3.91,8.99,0.43,-0.00,0.00,-0.01
-3.91,8.99,0.43,-0.00,0.00,-0.01
-3.91,8.99,0.43,-0.00,0.00,-0.01
-3.91,8.99,0.47,-0.00,0.00,-0.02
-3.91,8.99,0.47,-0.00,0.01,-0.02
-3.91,8.99,0.47,-0.00,0.01,-0.02
-3.91,8.99,0.47,-0.00,0.01,-0.02
-3.91,8.99,0.47,-0.00,0.01,-0.02
-3.91,8.99,0.47,-0.00,0.01,-0.02
-3.93,8.93,0.48,0.01,-0.00,-0.02
-3.93,8.93,0.48,0.01,-0.00,-0.02
-3.93,8.93,0.48,0.01,-0.00,-0.02
-3.93,8.93,0.48,0.01,-0.00,-0.02
-3.93,8.93,0.48,0.01,-0.00,-0.02
-3.93,8.97,0.48,0.02,-0.02,-0.02
-3.93,8.97,0.48,0.02,-0.02,-0.02
-3.93,8.97,0.48,0.02,-0.02,-0.02
-3.93,8.97,0.48,0.02,-0.02,-0.02
-3.93,8.97,0.48,0.02,-0.02,-0.02
-3.93,8.97,0.48,0.02,-0.02,-0.02
-3.85,9.00,0.44,0.02,-0.03,-0.02
-3.85,9.00,0.44,0.02,-0.03,-0.02
-3.85,9.00,0.44,0.02,-0.03,-0.02
-3.85,9.00,0.44,0.02,-0.03,-0.02
-3.85,9.00,0.44,0.02,-0.03,-0.02
-3.89,9.00,0.39,0.01,-0.01,-0.02
-3.89,9.00,0.39,0.01,-0.01,-0.02
-3.89,9.00,0.39,0.01,-0.01,-0.02
-3.89,9.00,0.39,0.01,-0.01,-0.02
-3.89,9.00,0.39,0.01,-0.01,-0.02
-3.89,9.00,0.39,0.01,-0.01,-0.02
-3.89,8.99,0.44,0.00,0.01,-0.03
-3.89,8.99,0.44,0.00,0.01,-0.03
-3.89,8.99,0.44,0.00,0.01,-0.03
-3.89,8.99,0.44,0.00,0.01,-0.03
-3.89,8.99,0.44,0.00,0.01,-0.03
-3.93,8.98,0.46,0.00,0.02,-0.02
-3.93,8.98,0.46,0.00,0.02,-0.02
-3.93,8.98,0.46,0.00,0.02,-0.02
-3.93,8.98,0.46,0.00,0.02,-0.02
-3.93,8.98,0.46,0.00,0.02,-0.02
-3.98,8.99,0.49,0.01,0.01,-0.01
-3.98,8.99,0.49,0.01,0.01,-0.01
-3.98,8.99,0.49,0.01,0.01,-0.01
-3.98,8.99,0.49,0.01,0.01,-0.01
-3.98,8.99,0.49,0.01,0.01,-0.01
-3.98,8.99,0.49,0.01,0.01,-0.01
-3.91,8.96,0.41,0.01,-0.00,-0.01
-3.91,8.96,0.41,0.01,-0.00,-0.01
-3.91,8.96,0.41,0.01,-0.00,-0.01
-3.91,8.96,0.41,0.01,-0.00,-0.01
-3.91,8.96,0.41,0.01,-0.00,-0.01
-3.95,8.97,0.45,0.01,0.01,-0.02
-3.95,8.97,0.45,0.01,0.01,-0.02
-3.95,8.97,0.45,0.01,0.01,-0.02
-3.95,8.97,0.45,0.01,0.01,-0.02
-3.95,8.97,0.45,0.01,0.01,-0.02
-3.95,8.97,0.45,0.01,0.01,-0.02
-3.95,8.96,0.41,-0.00,0.01,-0.02
-3.95,8.96,0.41,-0.00,0.01,-0.02
-3.95,8.96,0.41,-0.00,0.01,-0.02
-3.95,8.96,0.41,-0.00,0.01,-0.02
-3.95,8.96,0.41,-0.00,0.01,-0.02
-3.94,8.95,0.39,-0.01,0.02,-0.02
-3.94,8.95,0.39,-0.01,0.02,-0.02
-3.94,8.95,0.39,-0.01,0.02,-0.02
-3.94,8.95,0.39,-0.01,0.02,-0.02
-3.94,8.95,0.39,-0.01,0.02,-0.02
-3.94,8.95,0.39,-0.01,0.02,-0.02
-3.95,8.96,0.41,-0.00,0.03,-0.02
-3.95,8.96,0.41,-0.00,0.03,-0.02
-3.95,8.96,0.41,-0.00,0.03,-0.02
-3.95,8.96,0.41,-0.00,0.03,-0.02
-3.95,8.96,0.41,-0.00,0.03,-0.02
-3.97,8.96,0.39,0.00,0.03,-0.02
-3.97,8.96,0.39,0.00,0.03,-0.02
-3.97,8.96,0.39,0.00,0.03,-0.02
-3.97,8.96,0.39,0.00,0.03,-0.02
-3.97,8.96,0.39,0.00,0.03,-0.02
-3.98,8.97,0.40,0.00,0.03,-0.01
-3.98,8.97,0.40,0.00,0.03,-0.01
-3.98,8.97,0.40,0.00,0.03,-0.01
-3.98,8.97,0.40,0.00,0.03,-0.01
-3.98,8.97,0.40,0.00,0.03,-0.01
-3.98,8.97,0.40,0.00,0.03,-0.01
-3.99,8.96,0.44,0.00,0.02,-0.01
-3.99,8.96,0.44,0.00,0.02,-0.01
-3.99,8.96,0.44,0.00,0.02,-0.01
-3.99,8.96,0.44,0.00,0.02,-0.01
-3.99,8.96,0.44,0.00,0.02,-0.01
-3.98,8.97,0.40,0.01,0.01,-0.00
-3.98,8.97,0.40,0.01,0.01,-0.00
-3.98,8.97,0.40,0.01,0.01,-0.00
-3.98,8.97,0.40,0.01,0.01,-0.00
-3.98,8.97,0.40,0.01,0.01,-0.00
-3.98,8.97,0.40,0.01,0.01,-0.00
-3.97,8.98,0.44,0.02,-0.01,0.01
-3.97,8.98,0.44,0.02,-0.01,0.01
-3.97,8.98,0.44,0.02,-0.01,0.01
-3.97,8.98,0.44,0.02,-0.01,0.01
-3.97,8.98,0.44,0.02,-0.01,0.01
-3.95,8.96,0.39,0.02,-0.02,0.00
-3.95,8.96,0.39,0.02,-0.02,0.00
-3.95,8.96,0.39,0.02,-0.02,0.00
-3.95,8.96,0.39,0.02,-0.02,0.00
-3.95,8.96,0.39,0.02,-0.02,0.00
-3.95,8.96,0.39,0.02,-0.02,0.00
-3.92,8.97,0.40,0.01,-0.02,-0.00
-3.92,8.97,0.40,0.01,-0.02,-0.00
-3.92,8.97,0.40,0.01,-0.02,-0.00
-3.92,8.97,0.40,0.01,-0.02,-0.00
-3.92,8.97,0.40,0.01,-0.02,-0.00
-3.92,9.00,0.38,0.01,-0.01,-0.00
-3.92,9.00,0.38,0.01,-0.01,-0.00
-3.92,9.00,0.38,0.01,-0.01,-0.00
-3.92,9.00,0.38,0.01,-0.01,-0.00
-3.92,9.00,0.38,0.01,-0.01,-0.00
-3.89,8.99,0.39,0.01,-0.01,-0.00
-3.89,8.99,0.39,0.01,-0.01,-0.00
-3.89,8.99,0.39,0.01,-0.01,-0.00
-3.89,8.99,0.39,0.01,-0.01,-0.00
-3.89,8.99,0.39,0.01,-0.01,-0.00
-3.89,8.99,0.39,0.01,-0.01,-0.00
-3.87,9.00,0.35,0.01,-0.00,-0.00
-3.87,9.00,0.35,0.01,-0.00,-0.00
-3.87,9.00,0.35,0.01,-0.00,-0.00
-3.87,9.00,0.35,0.01,-0.00,-0.00
-3.87,9.00,0.35,0.01,-0.00,-0.00
-3.88,9.01,0.41,0.01,0.01,0.00
-3.88,9.01,0.41,0.01,0.01,0.00
-3.88,9.01,0.41,0.01,0.01,0.00
-3.88,9.01,0.41,0.01,0.01,0.00
-3.88,9.01,0.41,0.01,0.01,0.00
-3.88,9.01,0.41,0.01,0.01,0.00
-3.88,9.01,0.39,0.00,0.00,0.00
-3.88,9.01,0.39,0.00,0.00,0.00
-3.88,9.01,0.39,0.00,0.00,0.00
-3.88,9.01,0.39,0.00,0.00,0.00
-3.88,9.01,0.39,0.00,0.00,0.00
-3.88,9.01,0.38,0.00,0.00,-0.00
-3.88,9.01,0.38,0.00,0.00,-0.00
-3.88,9.01,0.38,0.00,0.00,-0.00
-3.88,9.01,0.38,0.00,0.00,-0.00
-3.88,9.01,0.38,0.00,0.00,-0.00
-3.88,9.01,0.38,0.00,0.00,-0.00
-3.85,9.00,0.39,-0.01,0.01,-0.01
-3.85,9.00,0.39,-0.01,0.01,-0.01
-3.85,9.00,0.39,-0.01,0.01,-0.01
-3.85,9.00,0.39,-0.01,0.01,-0.01
-3.85,9.00,0.39,-0.01,0.01,-0.01
-3.85,9.01,0.40,-0.01,0.01,-0.01
-3.85,9.01,0.40,-0.01,0.01,-0.01
-3.85,9.01,0.40,-0.01,0.01,-0.01
-3.85,9.01,0.40,-0.01,0.01,-0.01
-3.85,9.01,0.40,-0.01,0.01,-0.01
-3.85,9.01,0.40,-0.01,0.01,-0.01
-3.86,9.00,0.39,-0.00,0.01,-0.01
-3.86,9.00,0.39,-0.00,0.01,-0.01
-3.86,9.00,0.39,-0.00,0.01,-0.01
-3.86,9.00,0.39,-0.00,0.01,-0.01
-3.86,9.00,0.39,-0.00,0.01,-0.01
-3.83,9.01,0.37,0.00,-0.00,-0.01
-3.83,9.01,0.37,0.00,-0.00,-0.01
-3.83,9.01,0.37,0.00,-0.00,-0.01
-3.83,9.01,0.37,0.00,-0.00,-0.01
-3.83,9.01,0.37,0.00,-0.00,-0.01
-3.81,9.03,0.38,0.01,0.01,-0.01
-3.81,9.03,0.38,0.01,0.01,-0.01
-3.81,9.03,0.38,0.01,0.01,-0.01
-3.81,9.03,0.38,0.01,0.01,-0.01
-3.81,9.03,0.38,0.01,0.01,-0.01
-3.81,9.03,0.38,0.01,0.01,-0.01
-3.85,9.01,0.43,0.00,0.02,-0.01
-3.85,9.01,0.43,0.00,0.02,-0.01
-3.85,9.01,0.43,0.00,0.02,-0.01
-3.85,9.01,0.43,0.00,0.02,-0.01
-3.85,9.01,0.43,0.00,0.02,-0.01
-3.87,9.01,0.45,0.00,0.02,-0.00
-3.87,9.01,0.45,0.00,0.02,-0.00
-3.87,9.01,0.45,0.00,0.02,-0.00
-3.87,9.01,0.45,0.00,0.02,-0.00
-3.87,9.01,0.45,0.00,0.02,-0.00
-3.87,9.01,0.45,0.00,0.02,-0.00
-3.82,9.03,0.40,0.00,0.00,-0.01
-3.82,9.03,0.40,0.00,0.00,-0.01
-3.82,9.03,0.40,0.00,0.00,-0.01
-3.82,9.03,0.40,0.00,0.00,-0.01
-3.82,9.03,0.40,0.00,0.00,-0.01
-3.83,9.03,0.40,0.00,-0.00,-0.01
-3.83,9.03,0.40,0.00,-0.00,-0.01
-3.83,9.03,0.40,0.00,-0.00,-0.01
-3.83,9.03,0.40,0.00,-0.00,-0.01
-3.83,9.03,0.40,0.00,-0.00,-0.01
-3.81,9.04,0.39,0.00,0.00,-0.01
-3.81,9.04,0.39,0.00,0.00,-0.01
-3.81,9.04,0.39,0.00,0.00,-0.01
-3.81,9.04,0.39,0.00,0.00,-0.01
-3.81,9.04,0.39,0.00,0.00,-0.01
-3.81,9.04,0.39,0.00,0.00,-0.01
-3.82,9.03,0.42,-0.00,0.01,-0.01
-3.82,9.03,0.42,-0.00,0.01,-0.01
-3.82,9.03,0.42,-0.00,0.01,-0.01
-3.82,9.03,0.42,-0.00,0.01,-0.01
-3.82,9.03,0.42,-0.00,0.01,-0.01
-3.81,9.05,0.39,-0.00,-0.00,-0.01
-3.81,9.05,0.39,-0.00,-0.00,-0.01
-3.81,9.05,0.39,-0.00,-0.00,-0.01
-3.81,9.05,0.39,-0.00,-0.00,-0.01
-3.81,9.05,0.39,-0.00,-0.00,-0.01
-3.81,9.05,0.39,-0.00,-0.00,-0.01
-3.81,9.00,0.42,0.00,-0.01,-0.01
-3.81,9.00,0.42,0.00,-0.01,-0.01
-3.81,9.00,0.42,0.00,-0.01,-0.01
-3.81,9.00,0.42,0.00,-0.01,-0.01
-3.81,9.00,0.42,0.00,-0.01,-0.01
-3.83,9.02,0.38,0.00,-0.00,-0.01
-3.83,9.02,0.38,0.00,-0.00,-0.01
-3.83,9.02,0.38,0.00,-0.00,-0.01
-3.83,9.02,0.38,0.00,-0.00,-0.01
-3.83,9.02,0.38,0.00,-0.00,-0.01
-3.81,9.04,0.40,0.00,-0.00,-0.01
-3.81,9.04,0.40,0.00,-0.00,-0.01
-3.81,9.04,0.40,0.00,-0.00,-0.01
-3.81,9.04,0.40,0.00,-0.00,-0.01
-3.81,9.04,0.40,0.00,-0.00,-0.01
-3.81,9.04,0.40,0.00,-0.00,-0.01
-3.76,9.04,0.37,0.01,-0.01,-0.01
-3.76,9.04,0.37,0.01,-0.01,-0.01
-3.76,9.04,0.37,0.01,-0.01,-0.01
-3.76,9.04,0.37,0.01,-0.01,-0.01
-3.76,9.04,0.37,0.01,-0.01,-0.01
-3.81,9.02,0.38,0.01,0.00,-0.01
-3.81,9.02,0.38,0.01,0.00,-0.01
-3.81,9.02,0.38,0.01,0.00,-0.01
-3.81,9.02,0.38,0.01,0.00,-0.01
-3.81,9.02,0.38,0.01,0.00,-0.01
-3.81,9.02,0.38,0.01,0.00,-0.01
-3.82,9.03,0.41,0.01,0.01,-0.01
-3.82,9.03,0.41,0.01,0.01,-0.01
-3.82,9.03,0.41,0.01,0.01,-0.01
-3.82,9.03,0.41,0.01,0.01,-0.01
-3.82,9.03,0.41,0.01,0.01,-0.01
-3.81,9.04,0.40,0.01,0.00,-0.01
-3.81,9.04,0.40,0.01,0.00,-0.01
-3.81,9.04,0.40,0.01,0.00,-0.01
-3.81,9.04,0.40,0.01,0.00,-0.01
-3.81,9.04,0.40,0.01,0.00,-0.01
-3.81,9.03,0.42,0.01,0.00,-0.01
-3.82,9.03,0.42,0.01,0.00,-0.01
-3.82,9.03,0.42,0.01,0.00,-0.01
-3.82,9.03,0.42,0.01,0.00,-0.01
-3.82,9.03,0.42,0.01,0.00,-0.01
-3.82,9.03,0.42,0.01,0.00,-0.01
-3.86,9.01,0.46,0.01,0.00,-0.00
-3.86,9.01,0.46,0.01,0.00,-0.00
-3.86,9.01,0.46,0.01,0.00,-0.00
-3.86,9.01,0.46,0.01,0.00,-0.00
-3.86,9.01,0.46,0.01,0.00,-0.00
-3.78,9.04,0.38,0.01,-0.02,-0.01
-3.78,9.04,0.38,0.01,-0.02,-0.01
-3.78,9.04,0.38,0.01,-0.02,-0.01
-3.78,9.04,0.38,0.01,-0.02,-0.01
-3.78,9.04,0.38,0.01,-0.02,-0.01
-3.78,9.04,0.38,0.01,-0.02,-0.01
-3.80,9.05,0.40,0.01,-0.01,-0.01
-3.80,9.05,0.40,0.01,-0.01,-0.01
-3.80,9.05,0.40,0.01,-0.01,-0.01
-3.80,9.05,0.40,0.01,-0.01,-0.01
-3.80,9.05,0.40,0.01,-0.01,-0.01
-3.73,9.06,0.40,0.01,-0.01,-0.02
-3.73,9.06,0.40,0.01,-0.01,-0.02
-3.73,9.06,0.40,0.01,-0.01,-0.02
-3.73,9.06,0.40,0.01,-0.01,-0.02
-3.73,9.06,0.40,0.01,-0.01,-0.02
-3.73,9.06,0.40,0.01,-0.01,-0.02
-3.80,9.02,0.39,0.01,-0.01,-0.01
-3.80,9.02,0.39,0.01,-0.01,-0.01
-3.80,9.02,0.39,0.01,-0.01,-0.01
-3.80,9.02,0.39,0.01,-0.01,-0.01
-3.80,9.02,0.39,0.01,-0.01,-0.01
-3.78,9.05,0.37,0.01,-0.01,-0.01
-3.78,9.05,0.37,0.01,-0.01,-0.01
-3.78,9.05,0.37,0.01,-0.01,-0.01
-3.78,9.05,0.37,0.01,-0.01,-0.01
-3.78,9.05,0.37,0.01,-0.01,-0.01
-3.80,9.03,0.40,0.01,0.00,-0.02
-3.80,9.03,0.40,0.01,0.00,-0.02
-3.80,9.03,0.40,0.01,0.00,-0.02
-3.80,9.03,0.40,0.01,0.00,-0.02
-3.80,9.03,0.40,0.01,0.00,-0.02
-3.80,9.03,0.40,0.01,0.00,-0.02
-3.82,9.03,0.39,0.01,0.00,-0.02
-3.82,9.03,0.39,0.01,0.00,-0.02
-3.82,9.03,0.39,0.01,0.00,-0.02
-3.82,9.03,0.39,0.01,0.00,-0.02
-3.82,9.03,0.39,0.01,0.00,-0.02
-3.80,9.03,0.41,0.01,-0.00,-0.01
-3.80,9.03,0.41,0.01,-0.00,-0.01
-3.80,9.03,0.41,0.01,-0.00,-0.01
-3.80,9.03,0.41,0.01,-0.00,-0.01
-3.80,9.03,0.41,0.01,-0.00,-0.01
-3.80,9.03,0.41,0.01,-0.00,-0.01
-3.80,9.03,0.38,0.01,-0.01,-0.02
-3.80,9.03,0.38,0.01,-0.01,-0.02
-3.80,9.03,0.38,0.01,-0.01,-0.02
-3.80,9.03,0.38,0.01,-0.01,-0.02
-3.80,9.03,0.38,0.01,-0.01,-0.02
-3.82,9.03,0.41,0.01,-0.01,-0.02
-3.82,9.03,0.41,0.01,-0.01,-0.02
-3.82,9.03,0.41,0.01,-0.01,-0.02
-3.82,9.03,0.41,0.01,-0.01,-0.02
-3.82,9.03,0.41,0.01,-0.01,-0.02
-3.82,9.03,0.41,0.01,-0.01,-0.02
-3.80,9.01,0.39,0.01,-0.01,-0.02
-3.80,9.01,0.39,0.01,-0.01,-0.02
-3.80,9.01,0.39,0.01,-0.01,-0.02
-3.80,9.01,0.39,0.01,-0.01,-0.02
-3.80,9.01,0.39,0.01,-0.01,-0.02
-3.82,9.04,0.38,0.01,-0.01,-0.02
-3.82,9.04,0.38,0.01,-0.01,-0.02
-3.82,9.04,0.38,0.01,-0.01,-0.02
-3.82,9.04,0.38,0.01,-0.01,-0.02
-3.82,9.04,0.38,0.01,-0.01,-0.02
-3.81,9.03,0.41,0.01,-0.01,-0.02
-3.81,9.03,0.41,0.01,-0.01,-0.02
-3.81,9.03,0.41,0.01,-0.01,-0.02
-3.81,9.03,0.41,0.01,-0.01,-0.02
-3.81,9.03,0.41,0.01,-0.01,-0.02
-3.81,9.03,0.41,0.01,-0.01,-0.02
-3.79,9.01,0.38,0.01,-0.01,-0.02
-3.79,9.01,0.38,0.01,-0.01,-0.02
-3.79,9.01,0.38,0.01,-0.01,-0.02
-3.79,9.01,0.38,0.01,-0.01,-0.02
-3.79,9.01,0.38,0.01,-0.01,-0.02
-3.81,9.06,0.42,0.01,-0.00,-0.01
-3.81,9.06,0.42,0.01,-0.00,-0.01
-3.81,9.06,0.42,0.01,-0.00,-0.01
-3.81,9.06,0.42,0.01,-0.00,-0.01
-3.81,9.06,0.42,0.01,-0.00,-0.01
-3.81,9.06,0.42,0.01,-0.00,-0.01
-3.82,9.04,0.41,0.00,-0.00,-0.01
-3.82,9.04,0.41,0.00,-0.00,-0.01
-3.82,9.04,0.41,0.00,-0.00,-0.01
-3.82,9.04,0.41,0.00,-0.00,-0.01
-3.82,9.04,0.41,0.00,-0.00,-0.01
-3.84,9.03,0.42,0.00,-0.01,-0.01
-3.84,9.03,0.42,0.00,-0.01,-0.01
-3.84,9.03,0.42,0.00,-0.01,-0.01
-3.84,9.03,0.42,0.00,-0.01,-0.01
-3.84,9.03,0.42,0.00,-0.01,-0.01
-3.84,9.03,0.42,0.00,-0.01,-0.01
-3.80,9.02,0.40,0.01,-0.02,-0.00
-3.80,9.02,0.40,0.01,-0.02,-0.00
-3.80,9.02,0.40,0.01,-0.02,-0.00
-3.80,9.02,0.40,0.01,-0.02,-0.00
-3.80,9.02,0.40,0.01,-0.02,-0.00
-3.78,9.04,0.38,0.01,-0.02,-0.00
-3.78,9.04,0.38,0.01,-0.02,-0.00
-3.78,9.04,0.38,0.01,-0.02,-0.00
-3.78,9.04,0.38,0.01,-0.02,-0.00
-3.78,9.04,0.38,0.01,-0.02,-0.00
-3.80,9.03,0.41,0.00,-0.00,-0.01
-3.80,9.03,0.41,0.00,-0.00,-0.01
-3.80,9.03,0.41,0.00,-0.00,-0.01
-3.80,9.03,0.41,0.00,-0.00,-0.01
-3.80,9.03,0.41,0.00,-0.00,-0.01
-3.80,9.03,0.41,0.00,-0.00,-0.01
-3.83,9.03,0.46,0.00,0.00,-0.01
-3.83,9.03,0.46,0.00,0.00,-0.01
-3.83,9.03,0.46,0.00,0.00,-0.01
-3.83,9.03,0.46,0.00,0.00,-0.01
-3.83,9.03,0.46,0.00,0.00,-0.01
-3.77,9.03,0.40,0.01,-0.02,-0.01
-3.77,9.03,0.40,0.01,-0.02,-0.01
-3.77,9.03,0.40,0.01,-0.02,-0.01
-3.77,9.03,0.40,0.01,-0.02,-0.01
-3.77,9.03,0.40,0.01,-0.02,-0.01
-3.77,9.03,0.40,0.01,-0.02,-0.01
-3.76,9.04,0.38,0.01,-0.01,-0.01
-3.76,9.04,0.38,0.01,-0.01,-0.01
-3.76,9.04,0.38,0.01,-0.01,-0.01
-3.76,9.04,0.38,0.01,-0.01,-0.01
-3.76,9.04,0.38,0.01,-0.01,-0.01
-3.77,9.05,0.42,0.01,-0.00,-0.01
-3.77,9.05,0.42,0.01,-0.00,-0.01
-3.77,9.05,0.42,0.01,-0.00,-0.01
-3.77,9.05,0.42,0.01,-0.00,-0.01
-3.77,9.05,0.42,0.01,-0.00,-0.01
-3.77,9.05,0.38,0.01,-0.00,-0.01
-3.76,9.03,0.38,0.01,-0.00,-0.01
-3.76,9.03,0.38,0.01,-0.00,-0.01
-3.76,9.03,0.38,0.01,-0.00,-0.01
-3.76,9.03,0.38,0.01,-0.00,-0.01
-3.76,9.03,0.38,0.01,-0.00,-0.01
-3.78,9.06,0.42,0.01,0.00,-0.01
-3.78,9.06,0.42,0.01,0.00,-0.01
-3.78,9.06,0.42,0.01,0.00,-0.01
-3.78,9.06,0.42,0.01,0.00,-0.01
-3.78,9.06,0.42,0.01,0.00,-0.01
-3.75,9.04,0.40,0.01,-0.00,-0.01
-3.75,9.04,0.40,0.01,-0.00,-0.01
-3.75,9.04,0.40,0.01,-0.00,-0.01
-3.75,9.04,0.40,0.01,-0.00,-0.01
-3.75,9.04,0.40,0.01,-0.00,-0.01
-3.75,9.04,0.40,0.01,-0.00,-0.01
-3.76,9.06,0.41,0.01,0.00,-0.01
-3.76,9.06,0.41,0.01,0.00,-0.01
-3.76,9.06,0.41,0.01,0.00,-0.01
-3.76,9.06,0.41,0.01,0.00,-0.01
-3.76,9.06,0.41,0.01,0.00,-0.01
-3.76,9.04,0.41,0.01,-0.00,-0.01
-3.76,9.04,0.41,0.01,-0.00,-0.01
-3.76,9.04,0.41,0.01,-0.00,-0.01
-3.76,9.04,0.41,0.01,-0.00,-0.01
-3.76,9.04,0.41,0.01,-0.00,-0.01
-3.76,9.04,0.39,0.01,-0.00,-0.01
-3.76,9.04,0.39,0.00,0.01,-0.01
-3.76,9.04,0.39,0.00,0.01,-0.01
-3.76,9.04,0.39,0.00,0.01,-0.01
-3.76,9.04,0.39,0.00,0.01,-0.01
-3.76,9.04,0.39,0.00,0.01,-0.01
-3.75,9.06,0.40,0.00,0.01,-0.01
-3.75,9.06,0.40,0.00,0.01,-0.01
-3.75,9.06,0.40,0.00,0.01,-0.01
-3.75,9.06,0.40,0.00,0.01,-0.01
-3.75,9.06,0.40,0.00,0.01,-0.01
-3.74,9.05,0.40,0.01,0.01,-0.02
-3.74,9.05,0.40,0.01,0.01,-0.02
-3.74,9.05,0.40,0.01,0.01,-0.02
-3.74,9.05,0.40,0.01,0.01,-0.02
-3.74,9.05,0.40,0.01,0.01,-0.02
-3.74,9.05,0.40,0.01,0.01,-0.02
-3.80,9.04,0.43,0.01,0.01,-0.02
-3.80,9.04,0.43,0.01,0.01,-0.02
-3.80,9.04,0.43,0.01,0.01,-0.02
-3.80,9.04,0.43,0.01,0.01,-0.02
-3.80,9.04,0.43,0.01,0.01,-0.02
-3.77,9.04,0.42,0.01,0.00,-0.02
-3.77,9.04,0.42,0.01,0.00,-0.02
-3.77,9.04,0.42,0.01,0.00,-0.02
-3.77,9.04,0.42,0.01,0.00,-0.02
-3.77,9.04,0.42,0.01,0.00,-0.02
-3.77,9.04,0.42,0.01,0.00,-0.02
-3.77,9.05,0.41,0.01,-0.00,-0.01
-3.77,9.05,0.41,0.01,-0.00,-0.01
-3.77,9.05,0.41,0.01,-0.00,-0.01
-3.77,9.05,0.41,0.01,-0.00,-0.01
-3.77,9.05,0.41,0.01,-0.00,-0.01
-3.77,9.05,0.41,0.01,-0.00,-0.01
-3.77,9.05,0.41,0.01,-0.00,-0.01
-3.77,9.05,0.41,0.01,-0.00,-0.01
-3.77,9.05,0.41,0.01,-0.00,-0.01
-3.77,9.05,0.41,0.01,-0.00,-0.01
-3.76,9.05,0.39,0.01,-0.00,-0.01
-3.76,9.05,0.39,0.01,-0.00,-0.01
-3.76,9.05,0.39,0.01,-0.00,-0.01
-3.76,9.05,0.39,0.01,-0.00,-0.01
-3.76,9.05,0.39,0.01,-0.00,-0.01
-3.76,9.05,0.39,0.01,-0.00,-0.01
-3.76,9.05,0.39,0.01,-0.00,-0.01
-3.76,9.05,0.39,0.01,-0.00,-0.01
-3.76,9.05,0.39,0.01,-0.00,-0.01
-3.76,9.05,0.39,0.01,-0.00,-0.01
-3.76,9.05,0.39,0.01,-0.00,-0.01
-3.78,9.05,0.42,0.01,0.00,-0.01
-3.78,9.05,0.42,0.01,0.00,-0.01
-3.78,9.05,0.42,0.01,0.00,-0.01
-3.78,9.05,0.42,0.01,0.00,-0.01
-3.78,9.05,0.42,0.01,0.00,-0.01
-3.78,9.05,0.42,0.01,0.00,-0.01
-3.76,9.04,0.41,0.01,-0.01,-0.01
-3.76,9.04,0.41,0.01,-0.01,-0.01
-3.76,9.04,0.41,0.01,-0.01,-0.01
-3.76,9.04,0.41,0.01,-0.01,-0.01
-3.76,9.04,0.41,0.01,-0.01,-0.01
-3.77,9.06,0.41,0.01,-0.00,-0.01
-3.77,9.06,0.41,0.01,-0.00,-0.01
-3.77,9.06,0.41,0.01,-0.00,-0.01
-3.77,9.06,0.41,0.01,-0.00,-0.01
-3.77,9.06,0.41,0.01,-0.00,-0.01
-3.76,9.04,0.39,0.01,-0.00,-0.01
-3.76,9.04,0.39,0.01,-0.00,-0.01
-3.76,9.04,0.39,0.01,-0.00,-0.01
-3.76,9.04,0.39,0.01,-0.00,-0.01
-3.76,9.04,0.39,0.01,-0.00,-0.01
-3.76,9.04,0.39,0.01,-0.00,-0.01
-3.77,9.05,0.38,0.01,-0.00,-0.01
-3.77,9.05,0.38,0.01,-0.00,-0.01
-3.77,9.05,0.38,0.01,-0.00,-0.01
-3.77,9.05,0.38,0.01,-0.00,-0.01
-3.77,9.05,0.38,0.01,-0.00,-0.01
-3.72,9.04,0.36,0.01,-0.00,-0.02
-3.72,9.04,0.36,0.01,-0.00,-0.02
-3.72,9.04,0.36,0.01,-0.00,-0.02
-3.72,9.04,0.36,0.01,-0.00,-0.02
-3.72,9.04,0.36,0.01,-0.00,-0.02
-3.72,9.04,0.36,0.01,-0.00,-0.02
-3.75,9.06,0.38,0.01,0.01,-0.02
-3.75,9.06,0.38,0.01,0.01,-0.02
-3.75,9.06,0.38,0.01,0.01,-0.02
-3.75,9.06,0.38,0.01,0.01,-0.02
-3.75,9.06,0.38,0.01,0.01,-0.02
-3.78,9.05,0.39,0.01,0.01,-0.02
-3.78,9.05,0.39,0.01,0.01,-0.02
-3.78,9.05,0.39,0.01,0.01,-0.02
-3.78,9.05,0.39,0.01,0.01,-0.02
-3.78,9.05,0.39,0.01,0.01,-0.02
-3.78,9.05,0.39,0.01,0.01,-0.02
-3.79,9.04,0.40,0.01,0.00,-0.02
-3.79,9.04,0.40,0.01,0.00,-0.02
-3.79,9.04,0.40,0.01,0.00,-0.02
-3.79,9.04,0.40,0.01,0.00,-0.02
-3.79,9.04,0.40,0.01,0.00,-0.02
-3.80,9.04,0.40,0.01,-0.00,-0.02
-3.80,9.04,0.40,0.01,-0.00,-0.02
-3.80,9.04,0.40,0.01,-0.00,-0.02
-3.80,9.04,0.40,0.01,-0.00,-0.02
-3.80,9.04,0.40,0.01,-0.00,-0.02
-3.78,9.04,0.39,0.01,-0.01,-0.02
-3.78,9.04,0.39,0.01,-0.01,-0.02
-3.78,9.04,0.39,0.01,-0.01,-0.02
-3.78,9.04,0.39,0.01,-0.01,-0.02
-3.78,9.04,0.39,0.01,-0.01,-0.02
-3.78,9.04,0.39,0.01,-0.01,-0.02
-3.76,9.03,0.35,0.00,-0.01,-0.02
-3.76,9.03,0.35,0.00,-0.01,-0.02
-3.76,9.03,0.35,0.00,-0.01,-0.02
-3.76,9.03,0.35,0.00,-0.01,-0.02
-3.76,9.03,0.35,0.00,-0.01,-0.02
-3.74,9.06,0.33,-0.00,0.01,-0.03
-3.74,9.06,0.33,-0.00,0.01,-0.03
-3.74,9.06,0.33,-0.00,0.01,-0.03
-3.74,9.06,0.33,-0.00,0.01,-0.03
-3.74,9.06,0.33,-0.00,0.01,-0.03
-3.74,9.06,0.33,-0.00,0.01,-0.03
-3.80,9.04,0.40,0.00,0.03,-0.04
-3.80,9.04,0.40,0.00,0.03,-0.04
-3.80,9.04,0.40,0.00,0.03,-0.04
-3.80,9.04,0.40,0.00,0.03,-0.04
-3.80,9.04,0.40,0.00,0.03,-0.04
-3.93,9.05,0.41,0.01,0.00,-0.02
-3.93,9.05,0.41,0.01,0.00,-0.02
-3.93,9.05,0.41,0.01,0.00,-0.02
-3.93,9.05,0.41,0.01,0.00,-0.02
-3.93,9.05,0.41,0.01,0.00,-0.02
-3.81,9.04,0.37,0.01,0.00,-0.02
-3.81,9.04,0.37,0.02,-0.04,-0.01
-3.81,9.04,0.37,0.02,-0.04,-0.01
-3.81,9.04,0.37,0.02,-0.04,-0.01
-3.81,9.04,0.37,0.02,-0.04,-0.01
-3.81,9.04,0.37,0.02,-0.04,-0.01
-3.74,9.04,0.31,0.02,-0.04,-0.01
-3.74,9.04,0.31,0.02,-0.04,-0.01
-3.74,9.04,0.31,0.02,-0.04,-0.01
-3.74,9.04,0.31,0.02,-0.04,-0.01
-3.74,9.04,0.31,0.02,-0.04,-0.01
-3.80,9.04,0.35,0.02,-0.02,-0.02
-3.80,9.04,0.35,0.02,-0.02,-0.02
-3.80,9.04,0.35,0.02,-0.02,-0.02
-3.80,9.04,0.35,0.02,-0.02,-0.02
-3.80,9.04,0.35,0.02,-0.02,-0.02
-3.80,9.04,0.35,0.02,-0.02,-0.02
-3.83,9.00,0.37,0.01,-0.01,-0.01
-3.83,9.00,0.37,0.01,-0.01,-0.01
-3.83,9.00,0.37,0.01,-0.01,-0.01
-3.83,9.00,0.37,0.01,-0.01,-0.01
-3.83,9.00,0.37,0.01,-0.01,-0.01
-3.81,9.01,0.34,0.02,-0.02,-0.02
-3.81,9.01,0.34,0.02,-0.02,-0.02
-3.81,9.01,0.34,0.02,-0.02,-0.02
-3.81,9.01,0.34,0.02,-0.02,-0.02
-3.81,9.01,0.34,0.02,-0.02,-0.02
-3.82,9.03,0.39,0.01,-0.01,-0.03
-3.82,9.03,0.39,0.01,-0.01,-0.03
-3.82,9.03,0.39,0.01,-0.01,-0.03
-3.82,9.03,0.39,0.01,-0.01,-0.03
-3.82,9.03,0.39,0.01,-0.01,-0.03
-3.82,9.03,0.39,0.01,-0.01,-0.03
-3.87,9.01,0.38,0.01,-0.01,-0.03
-3.87,9.01,0.38,0.01,-0.01,-0.03
-3.87,9.01,0.38,0.01,-0.01,-0.03
-3.87,9.01,0.38,0.01,-0.01,-0.03
-3.87,9.01,0.38,0.01,-0.01,-0.03
-3.86,9.02,0.39,0.01,-0.01,-0.03
-3.86,9.02,0.39,0.01,-0.01,-0.03
-3.86,9.02,0.39,0.01,-0.01,-0.03
-3.86,9.02,0.39,0.01,-0.01,-0.03
-3.86,9.02,0.39,0.01,-0.01,-0.03
-3.86,9.02,0.39,0.01,-0.01,-0.03
-3.87,9.02,0.40,0.00,-0.01,-0.03
-3.87,9.02,0.40,0.00,-0.01,-0.03
-3.87,9.02,0.40,0.00,-0.01,-0.03
-3.87,9.02,0.40,0.00,-0.01,-0.03
-3.87,9.02,0.40,0.00,-0.01,-0.03
-3.86,9.01,0.37,0.00,-0.01,-0.03
-3.86,9.01,0.37,0.00,-0.01,-0.03
-3.86,9.01,0.37,0.00,-0.01,-0.03
-3.86,9.01,0.37,0.00,-0.01,-0.03
-3.86,9.01,0.37,0.00,-0.01,-0.03
-3.86,9.01,0.37,0.00,-0.01,-0.03
-3.88,9.00,0.39,0.00,-0.00,-0.02
-3.88,9.00,0.39,0.00,-0.00,-0.02
-3.88,9.00,0.39,0.00,-0.00,-0.02
-3.88,9.00,0.39,0.00,-0.00,-0.02
-3.88,9.00,0.39,0.00,-0.00,-0.02
-3.88,8.98,0.38,0.01,-0.01,-0.02
-3.88,8.98,0.38,0.01,-0.01,-0.02
-3.88,8.98,0.38,0.01,-0.01,-0.02
-3.88,8.98,0.38,0.01,-0.01,-0.02
-3.88,8.98,0.38,0.01,-0.01,-0.02
-3.89,8.98,0.38,0.01,-0.01,-0.02
-3.89,8.98,0.38,0.01,-0.01,-0.02
-3.89,8.98,0.38,0.01,-0.01,-0.02
-3.89,8.98,0.38,0.01,-0.01,-0.02
-3.89,8.98,0.38,0.01,-0.01,-0.02
-3.89,8.98,0.38,0.01,-0.01,-0.02
-3.85,9.00,0.36,0.01,0.00,-0.02
-3.85,9.00,0.36,0.01,0.00,-0.02
-3.85,9.00,0.36,0.01,0.00,-0.02
-3.85,9.00,0.36,0.01,0.00,-0.02
-3.85,9.00,0.36,0.01,0.00,-0.02
-3.89,9.00,0.41,0.00,0.02,-0.02
-3.89,9.00,0.41,0.00,0.02,-0.02
-3.89,9.00,0.41,0.00,0.02,-0.02
-3.89,9.00,0.41,0.00,0.02,-0.02
-3.89,9.00,0.41,0.00,0.02,-0.02
-3.89,9.00,0.35,0.00,0.02,-0.02
-3.89,9.02,0.35,-0.00,0.01,-0.02
-3.89,9.02,0.35,-0.00,0.01,-0.02
-3.89,9.02,0.35,-0.00,0.01,-0.02
-3.89,9.02,0.35,-0.00,0.01,-0.02
-3.89,9.02,0.35,-0.00,0.01,-0.02
-3.89,9.00,0.40,-0.00,0.01,-0.01
-3.89,9.00,0.40,-0.00,0.01,-0.01
-3.89,9.00,0.40,-0.00,0.01,-0.01
-3.89,9.00,0.40,-0.00,0.01,-0.01
-3.89,9.00,0.40,-0.00,0.01,-0.01
-3.89,9.00,0.37,0.00,0.00,-0.01
-3.89,9.00,0.37,0.00,0.00,-0.01
-3.89,9.00,0.37,0.00,0.00,-0.01
-3.89,9.00,0.37,0.00,0.00,-0.01
-3.89,9.00,0.37,0.00,0.00,-0.01
-3.89,9.00,0.37,0.00,0.00,-0.01
-3.89,8.99,0.40,0.00,-0.00,-0.01
-3.89,8.99,0.40,0.00,-0.00,-0.01
-3.89,8.99,0.40,0.00,-0.00,-0.01
-3.89,8.99,0.40,0.00,-0.00,-0.01
-3.89,8.99,0.40,0.00,-0.00,-0.01
-3.90,9.00,0.39,0.01,-0.01,-0.00
-3.90,9.00,0.39,0.01,-0.01,-0.00
-3.90,9.00,0.39,0.01,-0.01,-0.00
-3.90,9.00,0.39,0.01,-0.01,-0.00
-3.90,9.00,0.39,0.01,-0.01,-0.00
-3.90,9.00,0.39,0.01,-0.01,-0.00
-3.88,9.01,0.41,0.01,-0.02,-0.00
-3.88,9.01,0.41,0.01,-0.02,-0.00
-3.88,9.01,0.41,0.01,-0.02,-0.00
-3.88,9.01,0.41,0.01,-0.02,-0.00
-3.88,9.01,0.41,0.01,-0.02,-0.00
-3.85,9.04,0.38,0.00,-0.02,-0.01
-3.85,9.04,0.38,0.00,-0.02,-0.01
-3.85,9.04,0.38,0.00,-0.02,-0.01
-3.85,9.04,0.38,0.00,-0.02,-0.01
-3.85,9.04,0.38,0.00,-0.02,-0.01
-3.85,9.04,0.38,0.00,-0.02,-0.01
-3.78,9.01,0.35,-0.01,-0.01,-0.01
-3.78,9.01,0.35,-0.01,-0.01,-0.01
-3.78,9.01,0.35,-0.01,-0.01,-0.01
-3.78,9.01,0.35,-0.01,-0.01,-0.01
-3.78,9.01,0.35,-0.01,-0.01,-0.01
-3.82,9.01,0.38,-0.01,0.02,-0.01
-3.82,9.01,0.38,-0.01,0.02,-0.01
-3.82,9.01,0.38,-0.01,0.02,-0.01
-3.82,9.01,0.38,-0.01,0.02,-0.01
-3.82,9.01,0.38,-0.01,0.02,-0.01
-3.85,8.99,0.40,-0.01,0.04,-0.01
-3.85,8.99,0.40,-0.01,0.04,-0.01
-3.85,8.99,0.40,-0.01,0.04,-0.01
-3.85,8.99,0.40,-0.01,0.04,-0.01
-3.85,8.99,0.40,-0.01,0.04,-0.01
-3.85,8.99,0.40,-0.01,0.04,-0.01
-3.88,9.01,0.45,-0.00,0.04,-0.02
-3.88,9.01,0.45,-0.00,0.04,-0.02
-3.88,9.01,0.45,-0.00,0.04,-0.02
-3.88,9.01,0.45,-0.00,0.04,-0.02
-3.88,9.01,0.45,-0.00,0.04,-0.02
-3.87,9.02,0.43,-0.00,0.02,-0.01
-3.87,9.02,0.43,-0.00,0.02,-0.01
-3.87,9.02,0.43,-0.00,0.02,-0.01
-3.87,9.02,0.43,-0.00,0.02,-0.01
-3.87,9.02,0.43,-0.00,0.02,-0.01
-3.90,8.99,0.45,0.00,0.01,-0.01
-3.90,8.99,0.45,0.00,0.01,-0.01
-3.90,8.99,0.45,0.00,0.01,-0.01
-3.90,8.99,0.45,0.00,0.01,-0.01
-3.90,8.99,0.45,0.00,0.01,-0.01
-3.90,8.99,0.45,0.00,0.01,-0.01
-3.85,9.01,0.42,0.01,-0.01,-0.00
-3.85,9.01,0.42,0.01,-0.01,-0.00
-3.85,9.01,0.42,0.01,-0.01,-0.00
-3.85,9.01,0.42,0.01,-0.01,-0.00
-3.85,9.01,0.42,0.01,-0.01,-0.00
-3.82,9.02,0.41,0.01,-0.01,-0.01
-3.82,9.02,0.41,0.01,-0.01,-0.01
-3.82,9.02,0.41,0.01,-0.01,-0.01
-3.82,9.02,0.41,0.01,-0.01,-0.01
-3.82,9.02,0.41,0.01,-0.01,-0.01
-3.82,9.02,0.41,0.01,-0.01,-0.01
-3.82,9.01,0.41,0.01,-0.01,-0.01
-3.82,9.01,0.41,0.01,-0.01,-0.01
-3.82,9.01,0.41,0.01,-0.01,-0.01
-3.82,9.01,0.41,0.01,-0.01,-0.01
-3.82,9.01,0.41,0.01,-0.01,-0.01
-3.85,9.02,0.43,0.02,-0.01,-0.00
-3.85,9.02,0.43,0.02,-0.01,-0.00
-3.85,9.02,0.43,0.02,-0.01,-0.00
-3.85,9.02,0.43,0.02,-0.01,-0.00
-3.85,9.02,0.43,0.02,-0.01,-0.00
-3.82,9.03,0.42,0.02,-0.01,-0.00
-3.82,9.03,0.42,0.02,-0.01,-0.00
-3.82,9.03,0.42,0.02,-0.01,-0.00
-3.82,9.03,0.42,0.02,-0.01,-0.00
-3.82,9.03,0.42,0.02,-0.01,-0.00
-3.82,9.03,0.42,0.02,-0.01,-0.00
-3.82,9.03,0.40,0.01,-0.01,-0.01
-3.82,9.03,0.40,0.01,-0.01,-0.01
-3.82,9.03,0.40,0.01,-0.01,-0.01
-3.82,9.03,0.40,0.01,-0.01,-0.01
-3.82,9.03,0.40,0.01,-0.01,-0.01
-3.80,9.03,0.39,0.01,-0.01,-0.01
-3.80,9.03,0.39,0.01,-0.01,-0.01
-3.80,9.03,0.39,0.01,-0.01,-0.01
-3.80,9.03,0.39,0.01,-0.01,-0.01
-3.80,9.03,0.39,0.01,-0.01,-0.01
-3.80,9.03,0.34,0.01,-0.01,-0.01
-3.77,9.02,0.34,0.01,-0.01,-0.01
-3.77,9.02,0.34,0.01,-0.01,-0.01
-3.77,9.02,0.34,0.01,-0.01,-0.01
-3.77,9.02,0.34,0.01,-0.01,-0.01
-3.77,9.02,0.34,0.01,-0.01,-0.01
-3.78,9.05,0.36,0.01,0.01,-0.02
-3.78,9.05,0.36,0.01,0.01,-0.02
-3.78,9.05,0.36,0.01,0.01,-0.02
-3.78,9.05,0.36,0.01,0.01,-0.02
-3.78,9.05,0.36,0.01,0.01,-0.02
-3.81,9.03,0.37,0.01,0.02,-0.02
-3.81,9.03,0.37,0.01,0.02,-0.02
-3.81,9.03,0.37,0.01,0.02,-0.02
-3.81,9.03,0.37,0.01,0.02,-0.02
-3.81,9.03,0.37,0.01,0.02,-0.02
-3.81,9.03,0.37,0.01,0.02,-0.02
-3.80,9.02,0.38,0.01,0.01,-0.02
-3.80,9.02,0.38,0.01,0.01,-0.02
-3.80,9.02,0.38,0.01,0.01,-0.02
-3.80,9.02,0.38,0.01,0.01,-0.02
-3.80,9.02,0.38,0.01,0.01,-0.02
-3.81,9.03,0.38,0.01,0.01,-0.01
-3.81,9.03,0.38,0.01,0.01,-0.01
-3.81,9.03,0.38,0.01,0.01,-0.01
-3.81,9.03,0.38,0.01,0.01,-0.01
-3.81,9.03,0.38,0.01,0.01,-0.01
-3.81,9.03,0.38,0.01,0.01,-0.01
-3.88,9.02,0.41,0.01,0.01,-0.01
-3.88,9.02,0.41,0.01,0.01,-0.01
-3.88,9.02,0.41,0.01,0.01,-0.01
-3.88,9.02,0.41,0.01,0.01,-0.01
-3.88,9.02,0.41,0.01,0.01,-0.01
-3.84,9.03,0.40,0.01,-0.00,-0.01
-3.84,9.03,0.40,0.01,-0.00,-0.01
-3.84,9.03,0.40,0.01,-0.00,-0.01
-3.84,9.03,0.40,0.01,-0.00,-0.01
-3.84,9.03,0.40,0.01,-0.00,-0.01
-3.80,9.04,0.38,0.01,-0.02,-0.01
-3.80,9.04,0.38,0.01,-0.02,-0.01
-3.80,9.04,0.38,0.01,-0.02,-0.01
-3.80,9.04,0.38,0.01,-0.02,-0.01
-3.80,9.04,0.38,0.01,-0.02,-0.01
-3.80,9.04,0.38,0.01,-0.02,-0.01
-3.78,9.05,0.37,0.01,-0.02,-0.01
-3.78,9.05,0.37,0.01,-0.02,-0.01
-3.78,9.05,0.37,0.01,-0.02,-0.01
-3.78,9.05,0.37,0.01,-0.02,-0.01
-3.78,9.05,0.37,0.01,-0.02,-0.01
-3.81,9.04,0.35,0.01,-0.01,-0.01
-3.81,9.04,0.35,0.01,-0.01,-0.01
-3.81,9.04,0.35,0.01,-0.01,-0.01
-3.81,9.04,0.35,0.01,-0.01,-0.01
-3.81,9.04,0.35,0.01,-0.01,-0.01
-3.77,9.04,0.35,0.01,-0.01,-0.01
-3.77,9.04,0.35,0.01,-0.01,-0.01
-3.77,9.04,0.35,0.01,-0.01,-0.01
-3.77,9.04,0.35,0.01,-0.01,-0.01
-3.77,9.04,0.35,0.01,-0.01,-0.01
-3.77,9.04,0.35,0.01,-0.01,-0.01
-3.79,9.03,0.36,0.01,-0.00,-0.01
-3.79,9.03,0.36,0.01,-0.00,-0.01
-3.79,9.03,0.36,0.01,-0.00,-0.01
-3.79,9.03,0.36,0.01,-0.00,-0.01
-3.79,9.03,0.36,0.01,-0.00,-0.01
-3.80,9.03,0.36,0.01,-0.00,-0.01
-3.80,9.03,0.36,0.01,-0.00,-0.01
-3.80,9.03,0.36,0.01,-0.00,-0.01
-3.80,9.03,0.36,0.01,-0.00,-0.01
-3.80,9.03,0.36,0.01,-0.00,-0.01
-3.80,9.03,0.36,0.01,-0.00,-0.01
-3.80,9.05,0.36,0.01,-0.01,-0.01
-3.80,9.05,0.36,0.01,-0.01,-0.01
-3.80,9.05,0.36,0.01,-0.01,-0.01
-3.80,9.05,0.36,0.01,-0.01,-0.01
-3.80,9.05,0.36,0.01,-0.01,-0.01
-3.80,9.03,0.38,0.01,-0.00,-0.01
-3.80,9.03,0.38,0.01,-0.00,-0.01
-3.80,9.03,0.38,0.01,-0.00,-0.01
-3.80,9.03,0.38,0.01,-0.00,-0.01
-3.80,9.03,0.38,0.01,-0.00,-0.01
-3.82,9.03,0.38,0.01,-0.01,-0.01
-3.82,9.03,0.38,0.01,-0.01,-0.01
-3.82,9.03,0.38,0.01,-0.01,-0.01
-3.82,9.03,0.38,0.01,-0.01,-0.01
-3.82,9.03,0.38,0.01,-0.01,-0.01
-3.82,9.03,0.38,0.01,-0.01,-0.01
-3.81,9.03,0.38,0.02,-0.02,-0.01
-3.81,9.03,0.38,0.02,-0.02,-0.01
-3.81,9.03,0.38,0.02,-0.02,-0.01
-3.81,9.03,0.38,0.02,-0.02,-0.01
-3.81,9.03,0.38,0.02,-0.02,-0.01
-3.77,9.03,0.34,0.01,-0.02,-0.01
-3.77,9.03,0.34,0.01,-0.02,-0.01
-3.77,9.03,0.34,0.01,-0.02,-0.01
-3.77,9.03,0.34,0.01,-0.02,-0.01
-3.77,9.03,0.34,0.01,-0.02,-0.01
-3.80,9.04,0.37,0.01,-0.02,-0.01
-3.80,9.04,0.37,0.01,-0.01,-0.01
-3.80,9.04,0.37,0.01,-0.01,-0.01
-3.80,9.04,0.37,0.01,-0.01,-0.01
-3.80,9.04,0.37,0.01,-0.01,-0.01
-3.80,9.04,0.37,0.01,-0.01,-0.01
-3.79,9.05,0.33,0.01,-0.01,-0.01
-3.79,9.05,0.33,0.01,-0.01,-0.01
-3.79,9.05,0.33,0.01,-0.01,-0.01
-3.79,9.05,0.33,0.01,-0.01,-0.01
-3.79,9.05,0.33,0.01,-0.01,-0.01
-3.79,9.03,0.35,0.01,-0.01,-0.01
-3.79,9.03,0.35,0.01,-0.01,-0.01
-3.79,9.03,0.35,0.01,-0.01,-0.01
-3.79,9.03,0.35,0.01,-0.01,-0.01
-3.79,9.03,0.35,0.01,-0.01,-0.01
-3.79,9.03,0.35,0.01,-0.01,-0.01
-3.78,9.03,0.34,0.01,-0.00,-0.01
-3.78,9.03,0.34,0.01,-0.00,-0.01
-3.78,9.03,0.34,0.01,-0.00,-0.01
-3.78,9.03,0.34,0.01,-0.00,-0.01
-3.78,9.03,0.34,0.01,-0.00,-0.01
-3.78,9.05,0.35,0.01,0.00,-0.02
-3.78,9.05,0.35,0.01,0.00,-0.02
-3.78,9.05,0.35,0.01,0.00,-0.02
-3.78,9.05,0.35,0.01,0.00,-0.02
-3.78,9.05,0.35,0.01,0.00,-0.02
-3.80,9.04,0.35,0.00,0.01,-0.02
-3.80,9.04,0.35,0.00,0.01,-0.02
-3.80,9.04,0.35,0.00,0.01,-0.02
-3.80,9.04,0.35,0.00,0.01,-0.02
-3.80,9.04,0.35,0.00,0.01,-0.02
-3.80,9.04,0.35,0.00,0.01,-0.02
-3.81,9.03,0.36,0.00,0.01,-0.02
-3.81,9.03,0.36,0.00,0.01,-0.02
-3.81,9.03,0.36,0.00,0.01,-0.02
-3.81,9.03,0.36,0.00,0.01,-0.02
-3.81,9.03,0.36,0.00,0.01,-0.02
-3.80,9.03,0.36,0.01,0.00,-0.01
-3.80,9.03,0.36,0.01,0.00,-0.01
-3.80,9.03,0.36,0.01,0.00,-0.01
-3.80,9.03,0.36,0.01,0.00,-0.01
-3.80,9.03,0.36,0.01,0.00,-0.01
-3.80,9.03,0.36,0.01,0.00,-0.01
-3.81,9.04,0.36,0.01,0.00,-0.01
-3.81,9.04,0.36,0.01,0.00,-0.01
-3.81,9.04,0.36,0.01,0.00,-0.01
-3.81,9.04,0.36,0.01,0.00,-0.01
-3.81,9.04,0.36,0.01,0.00,-0.01
-3.81,9.04,0.35,0.01,-0.00,-0.01
-3.81,9.04,0.35,0.01,-0.00,-0.01
-3.81,9.04,0.35,0.01,-0.00,-0.01
-3.81,9.04,0.35,0.01,-0.00,-0.01
-3.81,9.04,0.35,0.01,-0.00,-0.01
-3.81,9.04,0.35,0.01,-0.00,-0.01
-3.79,9.03,0.36,0.01,-0.00,-0.01
-3.79,9.03,0.36,0.01,-0.00,-0.01
-3.79,9.03,0.36,0.01,-0.00,-0.01
-3.79,9.03,0.36,0.01,-0.00,-0.01
-3.79,9.03,0.36,0.01,-0.00,-0.01
-3.80,9.04,0.36,0.01,-0.00,-0.01
-3.80,9.04,0.36,0.01,-0.00,-0.01
-3.80,9.04,0.36,0.01,-0.00,-0.01
-3.80,9.04,0.36,0.01,-0.00,-0.01
-3.80,9.04,0.36,0.01,-0.00,-0.01
-3.77,9.07,0.33,0.01,-0.00,-0.01
-3.77,9.07,0.33,0.01,-0.00,-0.01
-3.77,9.07,0.33,0.01,-0.00,-0.01
-3.77,9.07,0.33,0.01,-0.00,-0.01
-3.77,9.07,0.33,0.01,-0.00,-0.01
-3.77,9.07,0.33,0.01,-0.00,-0.01
-3.79,9.04,0.37,0.00,0.00,-0.01
-3.79,9.04,0.37,0.00,0.00,-0.01
-3.79,9.04,0.37,0.00,0.00,-0.01
-3.79,9.04,0.37,0.00,0.00,-0.01
-3.79,9.04,0.37,0.00,0.00,-0.01
-3.77,9.04,0.32,0.00,-0.00,-0.01
-3.77,9.04,0.32,0.00,-0.00,-0.01
-3.77,9.04,0.32,0.00,-0.00,-0.01
-3.77,9.04,0.32,0.00,-0.00,-0.01
-3.77,9.04,0.32,0.00,-0.00,-0.01
-3.77,9.04,0.32,0.00,-0.00,-0.01
-3.77,9.05,0.34,0.00,-0.00,-0.01
-3.77,9.05,0.34,0.00,-0.00,-0.01
-3.77,9.05,0.34,0.00,-0.00,-0.01
-3.77,9.05,0.34,0.00,-0.00,-0.01
-3.77,9.05,0.34,0.00,-0.00,-0.01
-3.76,9.04,0.32,0.00,0.00,-0.01
-3.76,9.04,0.32,0.00,0.00,-0.01
-3.76,9.04,0.32,0.00,0.00,-0.01
-3.76,9.04,0.32,0.00,0.00,-0.01
-3.76,9.04,0.32,0.00,0.00,-0.01
-3.78,9.04,0.35,0.00,0.01,-0.02
-3.78,9.04,0.35,0.00,0.01,-0.02
-3.78,9.04,0.35,0.00,0.01,-0.02
-3.78,9.04,0.35,0.00,0.01,-0.02
-3.78,9.04,0.35,0.00,0.01,-0.02
-3.78,9.04,0.35,0.00,0.01,-0.02
-3.79,9.04,0.35,0.01,0.01,-0.02
-3.79,9.04,0.35,0.01,0.01,-0.02
-3.79,9.04,0.35,0.01,0.01,-0.02
-3.79,9.04,0.35,0.01,0.01,-0.02
-3.79,9.04,0.35,0.01,0.01,-0.02
-3.79,9.03,0.35,0.01,0.00,-0.02
-3.79,9.03,0.35,0.01,0.00,-0.02
-3.79,9.03,0.35,0.01,0.00,-0.02
-3.79,9.03,0.35,0.01,0.00,-0.02
-3.79,9.03,0.35,0.01,0.00,-0.02
-3.79,9.03,0.35,0.01,0.00,-0.02
-3.80,9.04,0.35,0.01,0.00,-0.02
-3.80,9.04,0.35,0.01,0.00,-0.02
-3.80,9.04,0.35,0.01,0.00,-0.02
-3.80,9.04,0.35,0.01,0.00,-0.02
-3.80,9.04,0.35,0.01,0.00,-0.02
-3.79,9.04,0.36,0.01,-0.00,-0.01
-3.79,9.04,0.36,0.01,-0.00,-0.01
-3.79,9.04,0.36,0.01,-0.00,-0.01
-3.79,9.04,0.36,0.01,-0.00,-0.01
-3.79,9.04,0.36,0.01,-0.00,-0.01
-3.80,9.04,0.34,0.01,-0.01,-0.01
-3.80,9.04,0.34,0.01,-0.01,-0.01
-3.80,9.04,0.34,0.01,-0.01,-0.01
-3.80,9.04,0.34,0.01,-0.01,-0.01
-3.80,9.04,0.34,0.01,-0.01,-0.01
-3.80,9.04,0.34,0.01,-0.01,-0.01
-3.77,9.04,0.34,0.01,-0.00,-0.01
-3.77,9.04,0.34,0.01,-0.00,-0.01
-3.77,9.04,0.34,0.01,-0.00,-0.01
-3.77,9.04,0.34,0.01,-0.00,-0.01
-3.77,9.04,0.34,0.01,-0.00,-0.01
-3.79,9.05,0.35,0.01,-0.00,-0.01
-3.79,9.05,0.35,0.01,-0.00,-0.01
-3.79,9.05,0.35,0.01,-0.00,-0.01
-3.79,9.05,0.35,0.01,-0.00,-0.01
-3.79,9.05,0.35,0.01,-0.00,-0.01
-3.79,9.05,0.35,0.01,-0.00,-0.01
-3.75,9.05,0.31,0.01,-0.00,-0.01
-3.75,9.05,0.31,0.01,-0.00,-0.01
-3.75,9.05,0.31,0.01,-0.00,-0.01
-3.75,9.05,0.31,0.01,-0.00,-0.01
-3.75,9.05,0.31,0.01,-0.00,-0.01
-3.78,9.05,0.33,0.01,0.01,-0.01
-3.78,9.05,0.33,0.01,0.01,-0.01
-3.78,9.05,0.33,0.01,0.01,-0.01
-3.78,9.05,0.33,0.01,0.01,-0.01
-3.78,9.05,0.33,0.01,0.01,-0.01
-3.78,9.05,0.32,0.01,0.01,-0.01
-3.78,9.05,0.32,0.01,0.01,-0.01
-3.78,9.05,0.32,0.01,0.01,-0.01
-3.78,9.05,0.32,0.01,0.01,-0.01
-3.78,9.05,0.32,0.01,0.01,-0.01
-3.78,9.05,0.32,0.01,0.01,-0.01
-3.77,9.06,0.32,0.01,-0.00,-0.01
-3.77,9.06,0.32,0.01,-0.00,-0.01
-3.77,9.06,0.32,0.01,-0.00,-0.01
-3.77,9.06,0.32,0.01,-0.00,-0.01
-3.77,9.06,0.32,0.01,-0.00,-0.01
-3.76,9.06,0.33,0.01,-0.01,-0.01
-3.76,9.06,0.33,0.01,-0.01,-0.01
-3.76,9.06,0.33,0.01,-0.01,-0.01
-3.76,9.06,0.33,0.01,-0.01,-0.01
-3.76,9.06,0.33,0.01,-0.01,-0.01
-3.76,9.06,0.33,0.01,-0.01,-0.01
-3.79,9.06,0.40,0.00,0.01,-0.00
-3.79,9.06,0.40,0.00,0.01,-0.00
-3.79,9.06,0.40,0.00,0.01,-0.00
-3.79,9.06,0.40,0.00,0.01,-0.00
-3.79,9.06,0.40,0.00,0.01,-0.00
-3.79,9.04,0.34,0.01,-0.01,-0.00
-3.79,9.04,0.34,0.01,-0.01,-0.00
-3.79,9.04,0.34,0.01,-0.01,-0.00
-3.79,9.04,0.34,0.01,-0.01,-0.00