0.31,9.47,-2.45,-0.03,0.00,-0.03
0.31,9.47,-2.45,-0.03,0.00,-0.03
0.18,9.50,-2.42,-0.03,0.00,-0.03
0.18,9.50,-2.42,-0.04,0.02,-0.03
0.18,9.50,-2.42,-0.04,0.02,-0.03
0.18,9.50,-2.42,-0.04,0.02,-0.03
0.18,9.50,-2.42,-0.04,0.02,-0.03
0.18,9.50,-2.42,-0.04,0.02,-0.03
0.07,9.62,-2.14,-0.06,0.02,-0.04
0.07,9.62,-2.14,-0.06,0.02,-0.04
0.07,9.62,-2.14,-0.06,0.02,-0.04
0.07,9.62,-2.14,-0.06,0.02,-0.04
0.07,9.62,-2.14,-0.06,0.02,-0.04
-0.22,9.83,-1.82,-0.09,-0.02,-0.10
-0.22,9.83,-1.82,-0.09,-0.02,-0.10
-0.22,9.83,-1.82,-0.09,-0.02,-0.10
-0.22,9.83,-1.82,-0.09,-0.02,-0.10
-0.22,9.83,-1.82,-0.09,-0.02,-0.10
-0.22,9.83,-1.82,-0.09,-0.02,-0.10
-0.35,10.07,-1.85,-0.12,-0.13,-0.21
-0.35,10.07,-1.85,-0.12,-0.13,-0.21
-0.35,10.07,-1.85,-0.12,-0.13,-0.21
-0.35,10.07,-1.85,-0.12,-0.13,-0.21
-0.35,10.07,-1.85,-0.12,-0.13,-0.21
-0.14,9.67,-1.74,-0.17,-0.14,-0.33
-0.14,9.67,-1.74,-0.17,-0.14,-0.33
-0.14,9.67,-1.74,-0.17,-0.14,-0.33
-0.14,9.67,-1.74,-0.17,-0.14,-0.33
-0.14,9.67,-1.74,-0.17,-0.14,-0.33
-0.52,9.54,-1.42,-0.23,0.02,-0.48
-0.52,9.54,-1.42,-0.23,0.02,-0.48
-0.52,9.54,-1.42,-0.23,0.02,-0.48
-0.52,9.54,-1.42,-0.23,0.02,-0.48
-0.52,9.54,-1.42,-0.23,0.02,-0.48
-0.52,9.54,-1.42,-0.23,0.02,-0.48
-1.15,9.50,-1.28,-0.33,0.19,-0.59
-1.15,9.50,-1.28,-0.33,0.19,-0.59
-1.15,9.50,-1.28,-0.33,0.19,-0.59
-1.15,9.50,-1.28,-0.33,0.19,-0.59
-1.15,9.50,-1.28,-0.33,0.19,-0.59
-1.41,9.12,-1.38,-0.41,0.28,-0.69
-1.41,9.12,-1.38,-0.41,0.28,-0.69
-1.41,9.12,-1.38,-0.41,0.28,-0.69
-1.41,9.12,-1.38,-0.41,0.28,-0.69
-1.41,9.12,-1.38,-0.41,0.28,-0.69
-1.56,9.05,-1.74,-0.37,0.33,-0.74
-1.56,9.05,-1.74,-0.37,0.33,-0.74
-1.56,9.05,-1.74,-0.37,0.33,-0.74
-1.56,9.05,-1.74,-0.37,0.33,-0.74
-1.56,9.05,-1.74,-0.37,0.33,-0.74
-1.56,9.05,-1.74,-0.37,0.33,-0.74
-1.87,9.35,-1.59,-0.24,0.41,-0.60
-1.87,9.35,-1.59,-0.24,0.41,-0.60
-1.87,9.35,-1.59,-0.24,0.41,-0.60
-1.87,9.35,-1.59,-0.24,0.41,-0.60
-1.87,9.35,-1.59,-0.24,0.41,-0.60
-2.67,9.57,-0.76,-0.03,0.33,-0.32
-2.67,9.57,-0.76,-0.03,0.33,-0.32
-2.67,9.57,-0.76,-0.03,0.33,-0.32
-2.67,9.57,-0.76,-0.03,0.33,-0.32
-2.67,9.57,-0.76,-0.03,0.33,-0.32
-2.92,9.56,-0.60,0.01,0.14,-0.26
-2.92,9.56,-0.60,0.01,0.14,-0.26
-2.92,9.56,-0.60,0.01,0.14,-0.26
-2.92,9.56,-0.60,0.01,0.14,-0.26
-2.92,9.56,-0.60,0.01,0.14,-0.26
-2.92,9.56,-0.60,0.01,0.14,-0.26
-2.96,9.31,-1.09,-0.01,-0.02,-0.22
-2.96,9.31,-1.09,-0.01,-0.02,-0.22
-2.96,9.31,-1.09,-0.01,-0.02,-0.22
-2.96,9.31,-1.09,-0.01,-0.02,-0.22
-2.96,9.31,-1.09,-0.01,-0.02,-0.22
-3.13,9.15,-1.25,-0.00,-0.04,-0.16
-3.13,9.15,-1.25,-0.00,-0.04,-0.16
-3.13,9.15,-1.25,-0.00,-0.04,-0.16
-3.13,9.15,-1.25,-0.00,-0.04,-0.16
-3.13,9.15,-1.25,-0.00,-0.04,-0.16
-3.22,9.23,-1.05,0.04,-0.11,-0.08
-3.22,9.23,-1.05,0.04,-0.11,-0.08
-3.22,9.23,-1.05,0.04,-0.11,-0.08
-3.22,9.23,-1.05,0.04,-0.11,-0.08
-3.22,9.23,-1.05,0.04,-0.11,-0.08
-3.22,9.23,-1.05,0.04,-0.11,-0.08
-3.19,9.28,-0.91,0.07,-0.21,0.01
-3.19,9.28,-0.91,0.07,-0.21,0.01
-3.19,9.28,-0.91,0.07,-0.21,0.01
-3.19,9.28,-0.91,0.07,-0.21,0.01
-3.19,9.28,-0.91,0.07,-0.21,0.01
-3.09,9.26,-1.31,0.05,-0.21,-0.00
-3.09,9.26,-1.31,0.05,-0.21,-0.00
-3.09,9.26,-1.31,0.05,-0.21,-0.00
-3.09,9.26,-1.31,0.05,-0.21,-0.00
-3.09,9.26,-1.31,0.05,-0.21,-0.00
-2.96,9.19,-1.16,0.01,-0.10,-0.04
-2.96,9.19,-1.16,0.01,-0.10,-0.04
-2.96,9.19,-1.16,0.01,-0.10,-0.04
-2.96,9.19,-1.16,0.01,-0.10,-0.04
-2.96,9.19,-1.16,0.01,-0.10,-0.04
-2.96,9.19,-1.16,0.01,-0.10,-0.04
-3.27,9.32,-0.87,-0.03,0.02,-0.02
-3.27,9.32,-0.87,-0.03,0.02,-0.02
-3.27,9.32,-0.87,-0.03,0.02,-0.02
-3.27,9.32,-0.87,-0.03,0.02,-0.02
-3.27,9.32,-0.87,-0.03,0.02,-0.02
-3.27,9.24,-0.88,-0.05,-0.03,0.01
-3.27,9.24,-0.88,-0.05,-0.03,0.01
-3.27,9.24,-0.88,-0.05,-0.03,0.01
-3.27,9.24,-0.88,-0.05,-0.03,0.01
-3.27,9.24,-0.88,-0.05,-0.03,0.01
-2.99,9.16,-0.86,-0.03,-0.05,0.00
-2.99,9.16,-0.86,-0.03,-0.05,0.00
-2.99,9.16,-0.86,-0.03,-0.05,0.00
-2.99,9.16,-0.86,-0.03,-0.05,0.00
-2.99,9.16,-0.86,-0.03,-0.05,0.00
-2.99,9.16,-0.86,-0.03,-0.05,0.00
-3.19,9.25,-0.97,-0.03,0.05,-0.01
-3.19,9.25,-0.97,-0.03,0.05,-0.01
-3.19,9.25,-0.97,-0.03,0.05,-0.01
-3.19,9.25,-0.97,-0.03,0.05,-0.01
-3.19,9.25,-0.97,-0.03,0.05,-0.01
-3.45,9.35,-0.48,-0.01,0.05,-0.02
-3.45,9.35,-0.48,-0.01,0.05,-0.02
-3.45,9.35,-0.48,-0.01,0.05,-0.02
-3.45,9.35,-0.48,-0.01,0.05,-0.02
-3.45,9.35,-0.48,-0.01,0.05,-0.02
-6.58,10.44,0.02,0.03,-0.17,-0.14
-6.58,10.44,0.02,0.03,-0.17,-0.14
-6.58,10.44,0.02,0.03,-0.17,-0.14
-6.58,10.44,0.02,0.03,-0.17,-0.14
-6.58,10.44,0.02,0.03,-0.17,-0.14
-6.58,10.44,0.02,0.03,-0.17,-0.14
-10.43,13.37,1.33,-0.11,-0.95,-1.56
-10.43,13.37,1.33,-0.11,-0.95,-1.56
-10.43,13.37,1.33,-0.11,-0.95,-1.56
-10.43,13.37,1.33,-0.11,-0.95,-1.56
-10.43,13.37,1.33,-0.11,-0.95,-1.56
-12.70,11.09,2.79,-0.98,-1.11,-3.97
-12.70,11.09,2.79,-0.98,-1.11,-3.97
-12.70,11.09,2.79,-0.98,-1.11,-3.97
-12.70,11.09,2.79,-0.98,-1.11,-3.97
-12.70,11.09,2.79,-0.98,-1.11,-3.97
-13.23,7.07,3.75,-0.98,-1.11,-4.98
-13.23,7.07,3.75,-1.79,-1.44,-4.98
-13.23,7.07,3.75,-1.79,-1.44,-4.98
-13.23,7.07,3.75,-1.79,-1.44,-4.98
-13.23,7.07,3.75,-1.79,-1.44,-4.98
-13.23,7.07,3.75,-1.79,-1.44,-4.98
-11.28,3.87,3.12,-2.26,-2.30,-5.00
-11.28,3.87,3.12,-2.26,-2.30,-5.00
-11.28,3.87,3.12,-2.26,-2.30,-5.00
-11.28,3.87,3.12,-2.26,-2.30,-5.00
-11.28,3.87,3.12,-2.26,-2.30,-5.00
-8.73,0.37,1.37,-2.15,-2.51,-4.98
-8.73,0.37,1.37,-2.15,-2.51,-4.98
-8.73,0.37,1.37,-2.15,-2.51,-4.98
-8.73,0.37,1.37,-2.15,-2.51,-4.98
-8.73,0.37,1.37,-2.15,-2.51,-4.98
-8.73,0.37,1.37,-2.15,-2.51,-4.98
-4.53,-3.20,0.74,-1.41,-2.28,-4.60
-4.53,-3.20,0.74,-1.41,-2.28,-4.60
-4.53,-3.20,0.74,-1.41,-2.28,-4.60
-4.53,-3.20,0.74,-1.41,-2.28,-4.60
-4.53,-3.20,0.74,-1.41,-2.28,-4.60
0.20,-4.94,1.56,-0.20,-2.08,-3.67
0.20,-4.94,1.56,-0.20,-2.08,-3.67
0.20,-4.94,1.56,-0.20,-2.08,-3.67
0.20,-4.94,1.56,-0.20,-2.08,-3.67
0.20,-4.94,1.56,-0.20,-2.08,-3.67
2.48,-5.00,3.30,0.39,-0.36,-2.47
2.48,-5.00,3.30,0.39,-0.36,-2.47
2.48,-5.00,3.30,0.39,-0.36,-2.47
2.48,-5.00,3.30,0.39,-0.36,-2.47
2.48,-5.00,3.30,0.39,-0.36,-2.47
2.48,-4.09,4.15,0.39,-0.36,-2.47
3.17,-4.09,4.15,0.67,0.66,-1.31
3.17,-4.09,4.15,0.67,0.66,-1.31
3.17,-4.09,4.15,0.67,0.66,-1.31
3.17,-4.09,4.15,0.67,0.66,-1.31
3.17,-4.09,4.15,0.67,0.66,-1.31
2.14,-4.35,4.51,1.38,1.45,-0.59
2.14,-4.35,4.51,1.38,1.45,-0.59
2.14,-4.35,4.51,1.38,1.45,-0.59
2.14,-4.35,4.51,1.38,1.45,-0.59
2.14,-4.35,4.51,1.38,1.45,-0.59
0.77,-3.77,9.89,1.03,1.30,-0.44
0.77,-3.77,9.89,1.03,1.30,-0.44
0.77,-3.77,9.89,1.03,1.30,-0.44
0.77,-3.77,9.89,1.03,1.30,-0.44
0.77,-3.77,9.89,1.03,1.30,-0.44
0.77,-3.77,9.89,1.03,1.30,-0.44
0.46,-5.44,7.91,0.03,0.33,0.08
0.46,-5.44,7.91,0.03,0.33,0.08
0.46,-5.44,7.91,0.03,0.33,0.08
0.46,-5.44,7.91,0.03,0.33,0.08
0.46,-5.44,7.91,0.03,0.33,0.08
0.50,-6.56,8.67,-0.42,-0.08,0.37
0.50,-6.56,8.67,-0.42,-0.08,0.37
0.50,-6.56,8.67,-0.42,-0.08,0.37
0.50,-6.56,8.67,-0.42,-0.08,0.37
0.50,-6.56,8.67,-0.42,-0.08,0.37
1.25,-7.13,7.06,-0.95,0.29,0.48
1.25,-7.13,7.06,-0.95,0.29,0.48
1.25,-7.13,7.06,-0.95,0.29,0.48
1.25,-7.13,7.06,-0.95,0.29,0.48
1.25,-7.13,7.06,-0.95,0.29,0.48
1.25,-7.13,7.06,-0.95,0.29,0.48
-3.66,-5.96,7.23,0.10,1.22,0.22
-3.66,-5.96,7.23,0.10,1.22,0.22
-3.66,-5.96,7.23,0.10,1.22,0.22
-3.66,-5.96,7.23,0.10,1.22,0.22
-3.66,-5.96,7.23,0.10,1.22,0.22
1.12,-6.87,5.96,-0.00,-0.78,-0.12
1.12,-6.87,5.96,-0.00,-0.78,-0.12
1.12,-6.87,5.96,-0.00,-0.78,-0.12
1.12,-6.87,5.96,-0.00,-0.78,-0.12
1.12,-6.87,5.96,-0.00,-0.78,-0.12
-0.24,-5.89,8.13,0.75,0.57,-0.19
-0.24,-5.89,8.13,0.75,0.57,-0.19
-0.24,-5.89,8.13,0.75,0.57,-0.19
-0.24,-5.89,8.13,0.75,0.57,-0.19
-0.24,-5.89,8.13,0.75,0.57,-0.19
-0.24,-5.89,8.13,0.75,0.57,-0.19
-0.82,-6.12,8.10,0.44,0.41,0.06
-0.82,-6.12,8.10,0.44,0.41,0.06
-0.82,-6.12,8.10,0.44,0.41,0.06
-0.82,-6.12,8.10,0.44,0.41,0.06
-0.82,-6.12,8.10,0.44,0.41,0.06
-0.92,-6.33,7.66,-0.34,-0.33,0.46
-0.92,-6.33,7.66,-0.34,-0.33,0.46
-0.92,-6.33,7.66,-0.34,-0.33,0.46
-0.92,-6.33,7.66,-0.34,-0.33,0.46
-0.92,-6.33,7.66,-0.34,-0.33,0.46
-1.58,-6.54,7.50,-0.70,-0.24,0.23
-1.58,-6.54,7.50,-0.70,-0.24,0.23
-1.58,-6.54,7.50,-0.70,-0.24,0.23
-1.58,-6.54,7.50,-0.70,-0.24,0.23
-1.58,-6.54,7.50,-0.70,-0.24,0.23
-1.58,-6.54,7.50,-0.70,-0.24,0.23
0.32,-6.46,7.08,0.51,-0.83,-0.30
0.32,-6.46,7.08,0.51,-0.83,-0.30
0.32,-6.46,7.08,0.51,-0.83,-0.30
0.32,-6.46,7.08,0.51,-0.83,-0.30
0.32,-6.46,7.08,0.51,-0.83,-0.30
0.55,-5.45,7.91,0.53,-0.14,-0.18
0.55,-5.45,7.91,0.53,-0.14,-0.18
0.55,-5.45,7.91,0.53,-0.14,-0.18
0.55,-5.45,7.91,0.53,-0.14,-0.18
0.55,-5.45,7.91,0.53,-0.14,-0.18
-0.42,-6.03,8.53,-0.36,-0.62,0.65
-0.42,-6.03,8.53,-0.36,-0.62,0.65
-0.42,-6.03,8.53,-0.36,-0.62,0.65
-0.42,-6.03,8.53,-0.36,-0.62,0.65
-0.42,-6.03,8.53,-0.36,-0.62,0.65
-0.42,-6.03,8.53,-0.36,-0.62,0.65
1.97,-5.47,7.40,-1.07,-1.85,1.01
1.97,-5.47,7.40,-1.07,-1.85,1.01
1.97,-5.47,7.40,-1.07,-1.85,1.01
1.97,-5.47,7.40,-1.07,-1.85,1.01
1.97,-5.47,7.40,-1.07,-1.85,1.01
2.45,-4.45,3.64,-0.32,-2.25,0.78
2.45,-4.45,3.64,-0.32,-2.25,0.78
2.45,-4.45,3.64,-0.32,-2.25,0.78
2.45,-4.45,3.64,-0.32,-2.25,0.78
2.45,-4.45,3.64,-0.32,-2.25,0.78
1.73,-3.45,4.36,1.30,-0.85,1.40
1.73,-3.45,4.36,1.30,-0.85,1.40
1.73,-3.45,4.36,1.30,-0.85,1.40
1.73,-3.45,4.36,1.30,-0.85,1.40
1.73,-3.45,4.36,1.30,-0.85,1.40
1.73,-3.45,4.36,1.30,-0.85,1.40
0.64,-2.36,4.71,1.99,-0.19,2.35
0.64,-2.36,4.71,1.99,-0.19,2.35
0.64,-2.36,4.71,1.99,-0.19,2.35
0.64,-2.36,4.71,1.99,-0.19,2.35
0.64,-2.36,4.71,1.99,-0.19,2.35
-2.84,-1.00,5.64,2.24,1.09,3.04
-2.84,-1.00,5.64,2.24,1.09,3.04
-2.84,-1.00,5.64,2.24,1.09,3.04
-2.84,-1.00,5.64,2.24,1.09,3.04
-2.84,-1.00,5.64,2.24,1.09,3.04
-2.84,-1.00,5.64,2.24,1.09,3.04
-7.79,0.80,7.88,2.29,2.31,3.16
-7.79,0.80,7.88,2.29,2.31,3.16
-7.79,0.80,7.88,2.29,2.31,3.16
-7.79,0.80,7.88,2.29,2.31,3.16
-7.79,0.80,7.88,2.29,2.31,3.16
-7.74,2.32,9.00,2.32,1.21,3.03
-7.74,2.32,9.00,2.32,1.21,3.03
-7.74,2.32,9.00,2.32,1.21,3.03
-7.74,2.32,9.00,2.32,1.21,3.03
-7.74,2.32,9.00,2.32,1.21,3.03
-6.72,4.69,8.81,2.66,0.72,2.60
-6.72,4.69,8.81,2.66,0.72,2.60
-6.72,4.69,8.81,2.66,0.72,2.60
-6.72,4.69,8.81,2.66,0.72,2.60
-6.72,4.69,8.81,2.66,0.72,2.60
-6.72,4.69,8.81,2.66,0.72,2.60
-4.05,7.05,7.02,2.67,0.64,2.12
-4.05,7.05,7.02,2.67,0.64,2.12
-4.05,7.05,7.02,2.67,0.64,2.12
-4.05,7.05,7.02,2.67,0.64,2.12
-4.05,7.05,7.02,2.67,0.64,2.12
-4.75,10.49,4.66,2.47,2.14,2.10
-4.75,10.49,4.66,2.47,2.14,2.10
-4.75,10.49,4.66,2.47,2.14,2.10
-4.75,10.49,4.66,2.47,2.14,2.10
-4.75,10.49,4.66,2.47,2.14,2.10
-6.39,13.17,2.65,2.47,2.14,2.32
-6.39,13.17,2.65,2.04,3.20,2.32
-6.39,13.17,2.65,2.04,3.20,2.32
-6.39,13.17,2.65,2.04,3.20,2.32
-6.39,13.17,2.65,2.04,3.20,2.32
-6.39,13.17,2.65,2.04,3.20,2.32
-8.43,11.50,2.11,1.11,3.25,1.52
-8.43,11.50,2.11,1.11,3.25,1.52
-8.43,11.50,2.11,1.11,3.25,1.52
-8.43,11.50,2.11,1.11,3.25,1.52
-8.43,11.50,2.11,1.11,3.25,1.52
-5.47,10.17,1.42,0.76,0.76,-0.21
-5.47,10.17,1.42,0.76,0.76,-0.21
-5.47,10.17,1.42,0.76,0.76,-0.21
-5.47,10.17,1.42,0.76,0.76,-0.21
-5.47,10.17,1.42,0.76,0.76,-0.21
-5.47,10.17,1.42,0.76,0.76,-0.21
-1.60,9.67,2.24,0.43,0.21,-0.87
-1.60,9.67,2.24,0.43,0.21,-0.87
-1.60,9.67,2.24,0.43,0.21,-0.87
-1.60,9.67,2.24,0.43,0.21,-0.87
-1.60,9.67,2.24,0.43,0.21,-0.87
-3.83,9.47,0.21,-0.08,0.32,-0.03
-3.83,9.47,0.21,-0.08,0.32,-0.03
-3.83,9.47,0.21,-0.08,0.32,-0.03
-3.83,9.47,0.21,-0.08,0.32,-0.03
-3.83,9.47,0.21,-0.08,0.32,-0.03
-2.69,9.80,-0.69,0.01,-0.46,0.18
-2.69,9.80,-0.69,0.01,-0.46,0.18
-2.69,9.80,-0.69,0.01,-0.46,0.18
-2.69,9.80,-0.69,0.01,-0.46,0.18
-2.69,9.80,-0.69,0.01,-0.46,0.18
-2.69,9.80,-0.69,0.01,-0.46,0.18
-2.96,9.12,-0.72,-0.09,-0.24,0.02
-2.96,9.12,-0.72,-0.09,-0.24,0.02
-2.96,9.12,-0.72,-0.09,-0.24,0.02
-2.96,9.12,-0.72,-0.09,-0.24,0.02
-2.96,9.12,-0.72,-0.09,-0.24,0.02
-2.98,9.21,-0.56,-0.01,-0.14,-0.10
-2.98,9.21,-0.56,-0.01,-0.14,-0.10
-2.98,9.21,-0.56,-0.01,-0.14,-0.10
-2.98,9.21,-0.56,-0.01,-0.14,-0.10
-2.98,9.21,-0.56,-0.01,-0.14,-0.10
-2.90,9.32,-0.32,0.06,-0.22,0.06
-2.90,9.32,-0.32,0.06,-0.22,0.06
-2.90,9.32,-0.32,0.06,-0.22,0.06
-2.90,9.32,-0.32,0.06,-0.22,0.06
-2.90,9.32,-0.32,0.06,-0.22,0.06
-2.90,9.32,-0.32,0.06,-0.22,0.06
-3.04,9.32,-0.22,0.05,-0.13,0.06
-3.04,9.32,-0.22,0.05,-0.13,0.06
-3.04,9.32,-0.22,0.05,-0.13,0.06
-3.04,9.32,-0.22,0.05,-0.13,0.06
-3.04,9.32,-0.22,0.05,-0.13,0.06
-3.03,9.25,-0.17,0.05,-0.15,0.01
-3.03,9.25,-0.17,0.05,-0.15,0.01
-3.03,9.25,-0.17,0.05,-0.15,0.01
-3.03,9.25,-0.17,0.05,-0.15,0.01
-3.03,9.25,-0.17,0.05,-0.15,0.01
-3.06,9.18,-0.15,0.01,-0.15,0.05
-3.06,9.18,-0.15,0.01,-0.15,0.05
-3.06,9.18,-0.15,0.01,-0.15,0.05
-3.06,9.18,-0.15,0.01,-0.15,0.05
-3.06,9.18,-0.15,0.01,-0.15,0.05
-3.06,9.18,-0.15,0.01,-0.15,0.05
-2.98,9.32,-0.24,-0.02,-0.12,0.09
-2.98,9.32,-0.24,-0.02,-0.12,0.09
-2.98,9.32,-0.24,-0.02,-0.12,0.09
-2.98,9.32,-0.24,-0.02,-0.12,0.09
-2.98,9.32,-0.24,-0.02,-0.12,0.09
-2.94,9.32,-0.19,-0.01,-0.08,0.05
-2.94,9.32,-0.19,-0.01,-0.08,0.05
-2.94,9.32,-0.19,-0.01,-0.08,0.05
-2.94,9.32,-0.19,-0.01,-0.08,0.05
-2.94,9.32,-0.19,-0.01,-0.08,0.05
-2.79,9.34,-0.19,0.05,-0.07,-0.03
-2.79,9.34,-0.19,0.05,-0.07,-0.03
-2.79,9.34,-0.19,0.05,-0.07,-0.03
-2.79,9.34,-0.19,0.05,-0.07,-0.03
-2.79,9.34,-0.19,0.05,-0.07,-0.03
-2.79,9.34,-0.16,0.05,-0.07,-0.03
-2.87,9.35,-0.16,0.04,-0.01,-0.02
-2.87,9.35,-0.16,0.04,-0.01,-0.02
-2.87,9.35,-0.16,0.04,-0.01,-0.02
-2.87,9.35,-0.16,0.04,-0.01,-0.02
-2.87,9.35,-0.16,0.04,-0.01,-0.02
-2.87,9.39,-0.18,0.02,0.01,-0.01
-2.87,9.39,-0.18,0.02,0.01,-0.01
-2.87,9.39,-0.18,0.02,0.01,-0.01
-2.87,9.39,-0.18,0.02,0.01,-0.01
-2.87,9.39,-0.18,0.02,0.01,-0.01
-2.88,9.38,-0.14,0.01,-0.02,-0.00
-2.88,9.38,-0.14,0.01,-0.02,-0.00
-2.88,9.38,-0.14,0.01,-0.02,-0.00
-2.88,9.38,-0.14,0.01,-0.02,-0.00
-2.88,9.38,-0.14,0.01,-0.02,-0.00
-2.88,9.38,-0.14,0.01,-0.02,-0.00
-2.89,9.37,-0.14,0.03,-0.03,-0.00
-2.89,9.37,-0.14,0.03,-0.03,-0.00
-2.89,9.37,-0.14,0.03,-0.03,-0.00
-2.89,9.37,-0.14,0.03,-0.03,-0.00
-2.89,9.37,-0.14,0.03,-0.03,-0.00
-2.91,9.36,-0.14,0.03,-0.05,-0.00
-2.91,9.36,-0.14,0.03,-0.05,-0.00
-2.91,9.36,-0.14,0.03,-0.05,-0.00
-2.91,9.36,-0.14,0.03,-0.05,-0.00
-2.91,9.36,-0.14,0.03,-0.05,-0.00
-2.84,9.38,-0.15,0.04,-0.06,-0.01
-2.84,9.38,-0.15,0.04,-0.06,-0.01
-2.84,9.38,-0.15,0.04,-0.06,-0.01
-2.84,9.38,-0.15,0.04,-0.06,-0.01
-2.84,9.38,-0.15,0.04,-0.06,-0.01
-2.83,9.41,-0.10,0.04,-0.07,0.01
-2.83,9.41,-0.10,0.04,-0.07,0.01
-2.83,9.41,-0.10,0.04,-0.07,0.01
-2.83,9.41,-0.10,0.04,-0.07,0.01
-2.83,9.41,-0.10,0.04,-0.07,0.01
-2.83,9.41,-0.10,0.04,-0.07,0.01
-2.92,9.37,-0.15,0.03,-0.07,0.01
-2.92,9.37,-0.15,0.03,-0.07,0.01
-2.92,9.37,-0.15,0.03,-0.07,0.01
-2.92,9.37,-0.15,0.03,-0.07,0.01
-2.92,9.37,-0.15,0.03,-0.07,0.01
-3.16,9.37,-0.13,0.02,-0.08,-0.03
-3.16,9.37,-0.13,0.02,-0.08,-0.03
-3.16,9.37,-0.13,0.02,-0.08,-0.03
-3.16,9.37,-0.13,0.02,-0.08,-0.03
-3.16,9.37,-0.13,0.02,-0.08,-0.03
-3.27,9.43,0.11,0.03,-0.20,-0.10
-3.27,9.43,0.11,0.03,-0.20,-0.10
-3.27,9.43,0.11,0.03,-0.20,-0.10
-3.27,9.43,0.11,0.03,-0.20,-0.10
-3.27,9.43,0.11,0.03,-0.20,-0.10
-3.27,9.43,0.11,0.03,-0.20,-0.10
-3.68,9.76,0.65,0.02,-0.39,-0.15
-3.68,9.76,0.65,0.02,-0.39,-0.15
-3.68,9.76,0.65,0.02,-0.39,-0.15
-3.68,9.76,0.65,0.02,-0.39,-0.15
-3.68,9.76,0.65,0.02,-0.39,-0.15
-5.25,10.73,1.40,-0.05,-0.79,-0.34
-5.25,10.73,1.40,-0.05,-0.79,-0.34
-5.25,10.73,1.40,-0.05,-0.79,-0.34
-5.25,10.73,1.40,-0.05,-0.79,-0.34
-5.25,10.73,1.40,-0.05,-0.79,-0.34
-5.25,12.61,2.41,-0.05,-0.79,-0.34
-7.27,12.61,2.41,-0.32,-1.26,-1.26
-7.27,12.61,2.41,-0.32,-1.26,-1.26
-7.27,12.61,2.41,-0.32,-1.26,-1.26
-7.27,12.61,2.41,-0.32,-1.26,-1.26
-7.27,12.61,2.41,-0.32,-1.26,-1.26
-9.63,12.05,3.81,-0.97,-0.79,-2.97
-9.63,12.05,3.81,-0.97,-0.79,-2.97
-9.63,12.05,3.81,-0.97,-0.79,-2.97
-9.63,12.05,3.81,-0.97,-0.79,-2.97
-9.63,12.05,3.81,-0.97,-0.79,-2.97
-9.56,8.93,5.38,-1.75,-1.19,-3.65
-9.56,8.93,5.38,-1.75,-1.19,-3.65
-9.56,8.93,5.38,-1.75,-1.19,-3.65
-9.56,8.93,5.38,-1.75,-1.19,-3.65
-9.56,8.93,5.38,-1.75,-1.19,-3.65
-9.60,5.55,5.43,-2.57,-2.10,-3.67
-9.60,5.55,5.43,-2.57,-2.10,-3.67
-9.60,5.55,5.43,-2.57,-2.10,-3.67
-9.60,5.55,5.43,-2.57,-2.10,-3.67
-9.60,5.55,5.43,-2.57,-2.10,-3.67
-9.60,5.55,5.43,-2.57,-2.10,-3.67
-9.80,1.27,4.63,-3.05,-2.70,-3.48
-9.80,1.27,4.63,-3.05,-2.70,-3.48
-9.80,1.27,4.63,-3.05,-2.70,-3.48
-9.80,1.27,4.63,-3.05,-2.70,-3.48
-9.80,1.27,4.63,-3.05,-2.70,-3.48
-6.88,-2.39,2.51,-3.00,-2.72,-3.33
-6.88,-2.39,2.51,-3.00,-2.72,-3.33
-6.88,-2.39,2.51,-3.00,-2.72,-3.33
-6.88,-2.39,2.51,-3.00,-2.72,-3.33
-6.88,-2.39,2.51,-3.00,-2.72,-3.33
-3.66,-3.93,1.72,-2.27,-1.42,-3.52
-3.66,-3.93,1.72,-2.27,-1.42,-3.52
-3.66,-3.93,1.72,-2.27,-1.42,-3.52
-3.66,-3.93,1.72,-2.27,-1.42,-3.52
-3.66,-3.93,1.72,-2.27,-1.42,-3.52
-3.66,-3.93,1.72,-2.27,-1.42,-3.52
0.49,-4.05,2.36,-0.83,-0.49,-3.40
0.49,-4.05,2.36,-0.83,-0.49,-3.40
0.49,-4.05,2.36,-0.83,-0.49,-3.40
0.49,-4.05,2.36,-0.83,-0.49,-3.40
0.49,-4.05,2.36,-0.83,-0.49,-3.40
3.25,-4.05,4.30,0.23,0.17,-2.63
3.25,-4.05,4.30,0.23,0.17,-2.63
3.25,-4.05,4.30,0.23,0.17,-2.63
3.25,-4.05,4.30,0.23,0.17,-2.63
3.25,-4.05,4.30,0.23,0.17,-2.63
3.10,-4.06,5.67,0.82,0.83,-1.51
3.10,-4.06,5.67,0.82,0.83,-1.51
3.10,-4.06,5.67,0.82,0.83,-1.51
3.10,-4.06,5.67,0.82,0.83,-1.51
3.10,-4.06,5.67,0.82,0.83,-1.51
3.10,-4.06,5.67,0.82,0.83,-1.51
2.46,-3.70,7.90,0.97,0.82,-0.70
2.46,-3.70,7.90,0.97,0.82,-0.70
2.46,-3.70,7.90,0.97,0.82,-0.70
2.46,-3.70,7.90,0.97,0.82,-0.70
2.46,-3.70,7.90,0.97,0.82,-0.70
0.52,-5.43,8.86,0.16,0.78,-0.09
0.52,-5.43,8.86,0.16,0.78,-0.09
0.52,-5.43,8.86,0.16,0.78,-0.09
0.52,-5.43,8.86,0.16,0.78,-0.09
0.52,-5.43,8.86,0.16,0.78,-0.09
1.38,-6.32,8.68,-0.03,0.33,0.12
1.38,-6.32,8.68,-0.03,0.33,0.12
1.38,-6.32,8.68,-0.03,0.33,0.12
1.38,-6.32,8.68,-0.03,0.33,0.12
1.38,-6.32,8.68,-0.03,0.33,0.12
1.38,-6.32,8.68,-0.03,0.33,0.12
0.60,-5.49,7.88,-0.16,0.38,0.10
0.60,-5.49,7.88,-0.16,0.38,0.10
0.60,-5.49,7.88,-0.16,0.38,0.10
0.60,-5.49,7.88,-0.16,0.38,0.10
0.60,-5.49,7.88,-0.16,0.38,0.10
0.39,-6.03,7.53,-0.28,0.38,0.06
0.39,-6.03,7.53,-0.28,0.38,0.06
0.39,-6.03,7.53,-0.28,0.38,0.06
0.39,-6.03,7.53,-0.28,0.38,0.06
0.39,-6.03,7.53,-0.28,0.38,0.06
-0.41,-5.95,7.94,0.06,0.51,-0.06
-0.41,-5.95,7.94,0.06,0.51,-0.06
-0.41,-5.95,7.94,0.06,0.51,-0.06
-0.41,-5.95,7.94,0.06,0.51,-0.06
-0.41,-5.95,7.94,0.06,0.51,-0.06
-0.41,-5.95,7.94,0.06,0.51,-0.06
0.12,-5.94,7.58,0.27,0.13,-0.10
0.12,-5.94,7.58,0.27,0.13,-0.10
0.12,-5.94,7.58,0.27,0.13,-0.10
0.12,-5.94,7.58,0.27,0.13,-0.10
0.12,-5.94,7.58,0.27,0.13,-0.10
0.18,-5.43,7.98,0.53,0.37,-0.17
0.18,-5.43,7.98,0.53,0.37,-0.17
0.18,-5.43,7.98,0.53,0.37,-0.17
0.18,-5.43,7.98,0.53,0.37,-0.17
0.18,-5.43,7.98,0.53,0.37,-0.17
-0.54,-5.08,8.00,0.53,0.37,-0.17
-0.54,-5.08,8.00,0.41,0.37,-0.13
-0.54,-5.08,8.00,0.41,0.37,-0.13
-0.54,-5.08,8.00,0.41,0.37,-0.13
-0.54,-5.08,8.00,0.41,0.37,-0.13
-0.54,-5.08,8.00,0.41,0.37,-0.13
0.18,-5.07,8.10,0.08,-0.11,0.01
0.18,-5.07,8.10,0.08,-0.11,0.01
0.18,-5.07,8.10,0.08,-0.11,0.01
0.18,-5.07,8.10,0.08,-0.11,0.01
0.18,-5.07,8.10,0.08,-0.11,0.01
0.14,-4.72,8.21,-0.05,-0.23,0.15
0.14,-4.72,8.21,-0.05,-0.23,0.15
0.14,-4.72,8.21,-0.05,-0.23,0.15
0.14,-4.72,8.21,-0.05,-0.23,0.15
0.14,-4.72,8.21,-0.05,-0.23,0.15
0.27,-4.70,8.21,-0.03,-0.44,0.44
0.27,-4.70,8.21,-0.03,-0.44,0.44
0.27,-4.70,8.21,-0.03,-0.44,0.44
0.27,-4.70,8.21,-0.03,-0.44,0.44
0.27,-4.70,8.21,-0.03,-0.44,0.44
0.27,-4.70,8.21,-0.03,-0.44,0.44
0.45,-4.41,8.88,-0.02,-0.75,0.72
0.45,-4.41,8.88,-0.02,-0.75,0.72
0.45,-4.41,8.88,-0.02,-0.75,0.72
0.45,-4.41,8.88,-0.02,-0.75,0.72
0.45,-4.41,8.88,-0.02,-0.75,0.72
0.70,-3.89,8.23,-0.33,-0.95,1.10
0.70,-3.89,8.23,-0.33,-0.95,1.10
0.70,-3.89,8.23,-0.33,-0.95,1.10
0.70,-3.89,8.23,-0.33,-0.95,1.10
0.70,-3.89,8.23,-0.33,-0.95,1.10
0.86,-3.99,4.27,-0.36,-1.60,1.54
0.86,-3.99,4.27,-0.36,-1.60,1.54
0.86,-3.99,4.27,-0.36,-1.60,1.54
0.86,-3.99,4.27,-0.36,-1.60,1.54
0.86,-3.99,4.27,-0.36,-1.60,1.54
0.86,-3.99,4.27,-0.36,-1.60,1.54
0.54,-3.40,5.23,0.47,-1.22,1.88
0.54,-3.40,5.23,0.47,-1.22,1.88
0.54,-3.40,5.23,0.47,-1.22,1.88
0.54,-3.40,5.23,0.47,-1.22,1.88
0.54,-3.40,5.23,0.47,-1.22,1.88
-1.35,-2.88,6.31,1.16,0.27,2.49
-1.35,-2.88,6.31,1.16,0.27,2.49
-1.35,-2.88,6.31,1.16,0.27,2.49
-1.35,-2.88,6.31,1.16,0.27,2.49
-1.35,-2.88,6.31,1.16,0.27,2.49
-3.67,-1.67,6.98,1.62,1.16,2.84
-3.67,-1.67,6.98,1.62,1.16,2.84
-3.67,-1.67,6.98,1.62,1.16,2.84
-3.67,-1.67,6.98,1.62,1.16,2.84
-3.67,-1.67,6.98,1.62,1.16,2.84
-3.67,-1.67,6.98,1.62,1.16,2.84
-4.92,0.83,7.33,1.84,1.54,3.04
-4.92,0.83,7.33,1.84,1.54,3.04
-4.92,0.83,7.33,1.84,1.54,3.04
-4.92,0.83,7.33,1.84,1.54,3.04
-4.92,0.83,7.33,1.84,1.54,3.04
-6.70,3.17,8.40,1.94,0.89,3.24
-6.70,3.17,8.40,1.94,0.89,3.24
-6.70,3.17,8.40,1.94,0.89,3.24
-6.70,3.17,8.40,1.94,0.89,3.24
-6.70,3.17,8.40,1.94,0.89,3.24
-6.70,3.17,8.40,1.94,0.89,3.24
-7.81,4.73,8.49,2.27,1.74,2.98
-7.81,4.73,8.49,2.27,1.74,2.98
-7.81,4.73,8.49,2.27,1.74,2.98
-7.81,4.73,8.49,2.27,1.74,2.98
-7.81,4.73,8.49,2.27,1.74,2.98
-7.15,8.02,6.56,2.90,1.55,2.76
-7.15,8.02,6.56,2.90,1.55,2.76
-7.15,8.02,6.56,2.90,1.55,2.76
-7.15,8.02,6.56,2.90,1.55,2.76
-7.15,8.02,6.56,2.90,1.55,2.76
-5.92,12.07,4.35,3.16,1.56,2.55
-5.92,12.07,4.35,3.16,1.56,2.55
-5.92,12.07,4.35,3.16,1.56,2.55
-5.92,12.07,4.35,3.16,1.56,2.55
-5.92,12.07,4.35,3.16,1.56,2.55
-5.92,12.07,4.35,3.16,1.56,2.55
-6.54,12.65,2.46,2.21,2.11,2.29
-6.54,12.65,2.46,2.21,2.11,2.29
-6.54,12.65,2.46,2.21,2.11,2.29
-6.54,12.65,2.46,2.21,2.11,2.29
-6.54,12.65,2.46,2.21,2.11,2.29
-5.56,10.50,1.93,1.05,1.79,0.86
-5.56,10.50,1.93,1.05,1.79,0.86
-5.56,10.50,1.93,1.05,1.79,0.86
-5.56,10.50,1.93,1.05,1.79,0.86
-5.56,10.50,1.93,1.05,1.79,0.86
-5.56,10.50,1.93,1.05,1.79,0.86
-4.24,9.09,0.97,0.57,1.55,-0.44
-4.24,9.09,0.97,0.57,1.55,-0.44
-4.24,9.09,0.97,0.57,1.55,-0.44
-4.24,9.09,0.97,0.57,1.55,-0.44
-4.24,9.09,0.97,0.57,1.55,-0.44
-3.74,9.65,0.68,0.39,1.34,-0.64
-3.74,9.65,0.68,0.39,1.34,-0.64
-3.74,9.65,0.68,0.39,1.34,-0.64
-3.74,9.65,0.68,0.39,1.34,-0.64
-3.74,9.65,0.68,0.39,1.34,-0.64
-3.74,9.65,0.68,0.39,1.34,-0.64
-1.73,10.09,-0.59,0.09,-0.11,-0.03
-1.73,10.09,-0.59,0.09,-0.11,-0.03
-1.73,10.09,-0.59,0.09,-0.11,-0.03
-1.73,10.09,-0.59,0.09,-0.11,-0.03
-1.73,10.09,-0.59,0.09,-0.11,-0.03
-2.32,9.48,-1.88,0.06,-0.33,0.08
-2.32,9.48,-1.88,0.06,-0.33,0.08
-2.32,9.48,-1.88,0.06,-0.33,0.08
-2.32,9.48,-1.88,0.06,-0.33,0.08
-2.32,9.48,-1.88,0.06,-0.33,0.08
-2.73,9.02,-1.52,-0.02,-0.17,-0.03
-2.73,9.02,-1.52,-0.02,-0.17,-0.03
-2.73,9.02,-1.52,-0.02,-0.17,-0.03
-2.73,9.02,-1.52,-0.02,-0.17,-0.03
-2.73,9.02,-1.52,-0.02,-0.17,-0.03
-2.73,9.02,-1.52,-0.02,-0.17,-0.03
-3.08,9.28,-0.83,-0.02,-0.14,-0.00
-3.08,9.28,-0.83,-0.02,-0.14,-0.00
-3.08,9.28,-0.83,-0.02,-0.14,-0.00
-3.08,9.28,-0.83,-0.02,-0.14,-0.00
-3.08,9.28,-0.83,-0.02,-0.14,-0.00
-2.90,9.42,-0.98,-0.01,-0.22,-0.00
-2.90,9.42,-0.98,-0.01,-0.22,-0.00
-2.90,9.42,-0.98,-0.01,-0.22,-0.00
-2.90,9.42,-0.98,-0.01,-0.22,-0.00
-2.90,9.42,-0.98,-0.01,-0.22,-0.00
-2.65,9.35,-1.08,-0.04,-0.23,-0.02
-2.65,9.35,-1.08,-0.04,-0.23,-0.02
-2.65,9.35,-1.08,-0.04,-0.23,-0.02
-2.65,9.35,-1.08,-0.04,-0.23,-0.02
-2.65,9.35,-1.08,-0.04,-0.23,-0.02
-2.65,9.35,-1.08,-0.04,-0.23,-0.02
-2.75,9.30,-1.01,-0.08,-0.11,0.01
-2.75,9.30,-1.01,-0.08,-0.11,0.01
-2.75,9.30,-1.01,-0.08,-0.11,0.01
-2.75,9.30,-1.01,-0.08,-0.11,0.01
-2.75,9.30,-1.01,-0.08,-0.11,0.01
-2.79,9.25,-0.88,-0.08,-0.07,0.04
-2.79,9.25,-0.88,-0.08,-0.07,0.04
-2.79,9.25,-0.88,-0.08,-0.07,0.04
-2.79,9.25,-0.88,-0.08,-0.07,0.04
-2.79,9.25,-0.88,-0.08,-0.07,0.04
-2.86,9.32,-0.73,-0.08,-0.07,0.01
-2.86,9.32,-0.73,-0.01,-0.05,0.01
-2.86,9.32,-0.73,-0.01,-0.05,0.01
-2.86,9.32,-0.73,-0.01,-0.05,0.01
-2.86,9.32,-0.73,-0.01,-0.05,0.01
-2.86,9.32,-0.73,-0.01,-0.05,0.01
-2.82,9.32,-0.82,0.01,-0.03,-0.03
-2.82,9.32,-0.82,0.01,-0.03,-0.03
-2.82,9.32,-0.82,0.01,-0.03,-0.03
-2.82,9.32,-0.82,0.01,-0.03,-0.03
-2.82,9.32,-0.82,0.01,-0.03,-0.03
-2.83,9.32,-0.81,-0.01,-0.00,-0.01
-2.83,9.32,-0.81,-0.01,-0.00,-0.01
-2.83,9.32,-0.81,-0.01,-0.00,-0.01
-2.83,9.32,-0.81,-0.01,-0.00,-0.01
-2.83,9.32,-0.81,-0.01,-0.00,-0.01
-2.86,9.39,-0.65,-0.01,-0.00,-0.01
-2.86,9.39,-0.65,-0.04,0.01,0.01
-2.86,9.39,-0.65,-0.04,0.01,0.01
-2.86,9.39,-0.65,-0.04,0.01,0.01
-2.86,9.39,-0.65,-0.04,0.01,0.01
-2.86,9.39,-0.65,-0.04,0.01,0.01
-2.90,9.37,-0.61,-0.02,-0.02,0.01
-2.90,9.37,-0.61,-0.02,-0.02,0.01
-2.90,9.37,-0.61,-0.02,-0.02,0.01
-2.90,9.37,-0.61,-0.02,-0.02,0.01
-2.90,9.37,-0.61,-0.02,-0.02,0.01
-2.83,9.39,-0.61,0.01,-0.04,-0.01
-2.83,9.39,-0.61,0.01,-0.04,-0.01
-2.83,9.39,-0.61,0.01,-0.04,-0.01
-2.83,9.39,-0.61,0.01,-0.04,-0.01
-2.83,9.39,-0.61,0.01,-0.04,-0.01
-2.82,9.35,-0.67,0.00,-0.03,-0.01
-2.82,9.35,-0.67,0.00,-0.03,-0.01
-2.82,9.35,-0.67,0.00,-0.03,-0.01
-2.82,9.35,-0.67,0.00,-0.03,-0.01
-2.82,9.35,-0.67,0.00,-0.03,-0.01
-2.82,9.35,-0.67,0.00,-0.03,-0.01
-2.82,9.36,-0.56,0.01,-0.04,0.01
-2.82,9.36,-0.56,0.01,-0.04,0.01
-2.82,9.36,-0.56,0.01,-0.04,0.01
-2.82,9.36,-0.56,0.01,-0.04,0.01
-2.82,9.36,-0.56,0.01,-0.04,0.01
-3.02,9.34,-0.27,0.01,-0.09,0.02
-3.02,9.34,-0.27,0.01,-0.09,0.02
-3.02,9.34,-0.27,0.01,-0.09,0.02
-3.02,9.34,-0.27,0.01,-0.09,0.02
-3.02,9.34,-0.27,0.01,-0.09,0.02
-3.02,9.34,-0.27,0.01,-0.09,0.02
-3.43,9.61,-0.25,-0.01,-0.20,-0.01
-3.43,9.61,-0.25,-0.01,-0.20,-0.01
-3.43,9.61,-0.25,-0.01,-0.20,-0.01
-3.43,9.61,-0.25,-0.01,-0.20,-0.01
-3.43,9.61,-0.25,-0.01,-0.20,-0.01
-4.51,9.67,0.04,-0.07,-0.34,-0.14
-4.51,9.67,0.04,-0.07,-0.34,-0.14
-4.51,9.67,0.04,-0.07,-0.34,-0.14
-4.51,9.67,0.04,-0.07,-0.34,-0.14
-4.51,9.67,0.04,-0.07,-0.34,-0.14
-6.62,10.31,0.15,-0.11,-1.16,-0.36
-6.62,10.31,0.15,-0.11,-1.16,-0.36
-6.62,10.31,0.15,-0.11,-1.16,-0.36
-6.62,10.31,0.15,-0.11,-1.16,-0.36
-6.62,10.31,0.15,-0.11,-1.16,-0.36
-6.62,10.31,0.15,-0.11,-1.16,-0.36
-7.61,11.30,1.15,-0.40,-1.98,-1.17
-7.61,11.30,1.15,-0.40,-1.98,-1.17
-7.61,11.30,1.15,-0.40,-1.98,-1.17
-7.61,11.30,1.15,-0.40,-1.98,-1.17
-7.61,11.30,1.15,-0.40,-1.98,-1.17
-10.07,10.67,2.68,-0.76,-1.20,-2.78
-10.07,10.67,2.68,-0.76,-1.20,-2.78
-10.07,10.67,2.68,-0.76,-1.20,-2.78
-10.07,10.67,2.68,-0.76,-1.20,-2.78
-10.07,10.67,2.68,-0.76,-1.20,-2.78
-12.15,8.09,3.32,-0.85,-0.89,-4.08
-12.15,8.09,3.32,-0.85,-0.89,-4.08
-12.15,8.09,3.32,-0.85,-0.89,-4.08
-12.15,8.09,3.32,-0.85,-0.89,-4.08
-12.15,8.09,3.32,-0.85,-0.89,-4.08
-12.15,8.09,3.32,-0.85,-0.89,-4.08
-12.67,4.42,2.82,-0.77,-1.01,-4.91
-12.67,4.42,2.82,-0.77,-1.01,-4.91
-12.67,4.42,2.82,-0.77,-1.01,-4.91
-12.67,4.42,2.82,-0.77,-1.01,-4.91
-12.67,4.42,2.82,-0.77,-1.01,-4.91
-9.56,0.86,0.59,-0.48,-0.81,-5.00
-9.56,0.86,0.59,-0.48,-0.81,-5.00
-9.56,0.86,0.59,-0.48,-0.81,-5.00
-9.56,0.86,0.59,-0.48,-0.81,-5.00
-9.56,0.86,0.59,-0.48,-0.81,-5.00
-6.94,-2.16,-0.06,0.49,0.32,-4.94
-6.94,-2.16,-0.06,0.49,0.32,-4.94
-6.94,-2.16,-0.06,0.49,0.32,-4.94
-6.94,-2.16,-0.06,0.49,0.32,-4.94
-6.94,-2.16,-0.06,0.49,0.32,-4.94
-6.94,-2.16,-0.06,0.49,0.32,-4.94
-5.42,-3.66,1.05,1.65,1.71,-4.17
-5.42,-3.66,1.05,1.65,1.71,-4.17
-5.42,-3.66,1.05,1.65,1.71,-4.17
-5.42,-3.66,1.05,1.65,1.71,-4.17
-5.42,-3.66,1.05,1.65,1.71,-4.17
-4.60,-2.50,3.49,2.35,2.20,-2.94
-4.60,-2.50,3.49,2.35,2.20,-2.94
-4.60,-2.50,3.49,2.35,2.20,-2.94
-4.60,-2.50,3.49,2.35,2.20,-2.94
-4.60,-2.50,3.49,2.35,2.20,-2.94
-3.95,-1.99,3.79,2.14,1.69,-1.85
-3.95,-1.99,3.79,2.14,1.69,-1.85
-3.95,-1.99,3.79,2.14,1.69,-1.85
-3.95,-1.99,3.79,2.14,1.69,-1.85
-3.95,-1.99,3.79,2.14,1.69,-1.85
-3.95,-1.99,3.79,2.14,1.69,-1.85
-2.96,-3.89,3.17,1.30,0.98,-1.03
-2.96,-3.89,3.17,1.30,0.98,-1.03
-2.96,-3.89,3.17,1.30,0.98,-1.03
-2.96,-3.89,3.17,1.30,0.98,-1.03
-2.96,-3.89,3.17,1.30,0.98,-1.03
-5.15,-4.92,6.69,0.55,0.78,-0.38
-5.15,-4.92,6.69,0.55,0.78,-0.38
-5.15,-4.92,6.69,0.55,0.78,-0.38
-5.15,-4.92,6.69,0.55,0.78,-0.38
-5.15,-4.92,6.69,0.55,0.78,-0.38
-5.11,-7.51,6.10,-0.24,0.05,-0.03
-5.11,-7.51,6.10,-0.24,0.05,-0.03
-5.11,-7.51,6.10,-0.24,0.05,-0.03
-5.11,-7.51,6.10,-0.24,0.05,-0.03
-5.11,-7.51,6.10,-0.24,0.05,-0.03
-5.11,-7.51,6.10,-0.24,0.05,-0.03
-4.59,-7.43,5.36,-0.47,-0.32,0.07
-4.59,-7.43,5.36,-0.47,-0.32,0.07
-4.59,-7.43,5.36,-0.47,-0.32,0.07
-4.59,-7.43,5.36,-0.47,-0.32,0.07
-4.59,-7.43,5.36,-0.47,-0.32,0.07
-4.62,-7.01,4.95,-0.54,-0.34,0.24
-4.62,-7.01,4.95,-0.54,-0.34,0.24
-4.62,-7.01,4.95,-0.54,-0.34,0.24
-4.62,-7.01,4.95,-0.54,-0.34,0.24
-4.62,-7.01,4.95,-0.54,-0.34,0.24
-4.44,-7.34,5.19,-0.48,-0.11,0.11
-4.44,-7.34,5.19,-0.48,-0.11,0.11
-4.44,-7.34,5.19,-0.48,-0.11,0.11
-4.44,-7.34,5.19,-0.48,-0.11,0.11
-4.44,-7.34,5.19,-0.48,-0.11,0.11
-4.44,-7.34,5.19,-0.48,-0.11,0.11
-4.43,-7.63,5.19,0.04,-0.14,-0.05
-4.43,-7.63,5.19,0.04,-0.14,-0.05
-4.43,-7.63,5.19,0.04,-0.14,-0.05
-4.43,-7.63,5.19,0.04,-0.14,-0.05
-4.43,-7.63,5.19,0.04,-0.14,-0.05
-3.91,-7.67,4.61,0.46,0.08,-0.24
-3.91,-7.67,4.61,0.46,0.08,-0.24
-3.91,-7.67,4.61,0.46,0.08,-0.24
-3.91,-7.67,4.61,0.46,0.08,-0.24
-3.91,-7.67,4.61,0.46,0.08,-0.24
-4.82,-6.80,5.99,0.38,0.14,-0.18
-4.82,-6.80,5.99,0.38,0.14,-0.18
-4.82,-6.80,5.99,0.38,0.14,-0.18
-4.82,-6.80,5.99,0.38,0.14,-0.18
-4.82,-6.80,5.99,0.38,0.14,-0.18
-4.82,-6.80,5.99,0.38,0.14,-0.18
-3.86,-7.17,5.38,-0.26,-0.52,0.19
-3.86,-7.17,5.38,-0.26,-0.52,0.19
-3.86,-7.17,5.38,-0.26,-0.52,0.19
-3.86,-7.17,5.38,-0.26,-0.52,0.19
-3.86,-7.17,5.38,-0.26,-0.52,0.19
-4.28,-7.23,5.07,-0.65,-0.48,0.32
-4.28,-7.23,5.07,-0.65,-0.48,0.32
-4.28,-7.23,5.07,-0.65,-0.48,0.32
-4.28,-7.23,5.07,-0.65,-0.48,0.32
-4.28,-7.23,5.07,-0.65,-0.48,0.32
-4.07,-7.24,5.19,-0.64,-0.32,0.03
-4.07,-7.24,5.19,-0.64,-0.32,0.03
-4.07,-7.24,5.19,-0.64,-0.32,0.03
-4.07,-7.24,5.19,-0.64,-0.32,0.03
-4.07,-7.24,5.19,-0.64,-0.32,0.03
-4.07,-7.24,5.19,-0.64,-0.32,0.03
-4.01,-7.75,4.91,0.17,-0.39,0.03
-4.01,-7.75,4.91,0.17,-0.39,0.03
-4.01,-7.75,4.91,0.17,-0.39,0.03
-4.01,-7.75,4.91,0.17,-0.39,0.03
-4.01,-7.75,4.91,0.17,-0.39,0.03
-3.97,-6.87,6.01,0.71,0.03,-0.04
-3.97,-6.87,6.01,0.71,0.03,-0.04
-3.97,-6.87,6.01,0.71,0.03,-0.04
-3.97,-6.87,6.01,0.71,0.03,-0.04
-3.97,-6.87,6.01,0.71,0.03,-0.04
-4.49,-6.67,6.67,-0.22,-0.72,0.37
-4.49,-6.67,6.67,-0.22,-0.72,0.37
-4.49,-6.67,6.67,-0.22,-0.72,0.37
-4.49,-6.67,6.67,-0.22,-0.72,0.37
-4.49,-6.67,6.67,-0.22,-0.72,0.37
-4.49,-6.67,6.67,-0.22,-0.72,0.37
-4.37,-5.26,5.70,-1.02,-2.00,0.90
-4.37,-5.26,5.70,-1.02,-2.00,0.90
-4.37,-5.26,5.70,-1.02,-2.00,0.90
-4.37,-5.26,5.70,-1.02,-2.00,0.90
-4.37,-5.26,5.70,-1.02,-2.00,0.90
-2.24,-4.67,3.41,-0.81,-3.21,1.29
-2.24,-4.67,3.41,-0.81,-3.21,1.29
-2.24,-4.67,3.41,-0.81,-3.21,1.29
-2.24,-4.67,3.41,-0.81,-3.21,1.29
-2.24,-4.67,3.41,-0.81,-3.21,1.29
-1.96,-3.45,3.90,-0.36,-2.88,1.87
-1.96,-3.45,3.90,-0.36,-2.88,1.87
-1.96,-3.45,3.90,-0.36,-2.88,1.87
-1.96,-3.45,3.90,-0.36,-2.88,1.87
-1.96,-3.45,3.90,-0.36,-2.88,1.87
-1.96,-3.45,3.90,-0.36,-2.88,1.87
-3.08,-3.54,3.84,0.48,-2.32,2.54
-3.08,-3.54,3.84,0.48,-2.32,2.54
-3.08,-3.54,3.84,0.48,-2.32,2.54
-3.08,-3.54,3.84,0.48,-2.32,2.54
-3.08,-3.54,3.84,0.48,-2.32,2.54
-4.32,-2.90,5.82,1.38,-0.73,2.96
-4.32,-2.90,5.82,1.38,-0.73,2.96
-4.32,-2.90,5.82,1.38,-0.73,2.96
-4.32,-2.90,5.82,1.38,-0.73,2.96
-4.32,-2.90,5.82,1.38,-0.73,2.96
-7.14,-1.22,6.56,1.36,0.64,3.54
-7.14,-1.22,6.56,1.36,0.64,3.54
-7.14,-1.22,6.56,1.36,0.64,3.54
-7.14,-1.22,6.56,1.36,0.64,3.54
-7.14,-1.22,6.56,1.36,0.64,3.54
-7.14,-1.22,6.56,1.36,0.64,3.54
-9.28,0.21,6.85,1.03,1.17,3.89
-9.28,0.21,6.85,1.03,1.17,3.89
-9.28,0.21,6.85,1.03,1.17,3.89
-9.28,0.21,6.85,1.03,1.17,3.89
-9.28,0.21,6.85,1.03,1.17,3.89
-8.53,2.11,6.47,1.04,1.09,3.95
-8.53,2.11,6.47,1.04,1.09,3.95
-8.53,2.11,6.47,1.04,1.09,3.95
-8.53,2.11,6.47,1.04,1.09,3.95
-8.53,2.11,6.47,1.04,1.09,3.95
-8.53,4.52,6.38,1.04,1.09,3.95
-8.31,4.52,6.38,1.52,0.47,3.61
-8.31,4.52,6.38,1.52,0.47,3.61
-8.31,4.52,6.38,1.52,0.47,3.61
-8.31,4.52,6.38,1.52,0.47,3.61
-8.31,4.52,6.38,1.52,0.47,3.61
-6.78,7.34,4.26,1.86,1.46,2.81
-6.78,7.34,4.26,1.86,1.46,2.81
-6.78,7.34,4.26,1.86,1.46,2.81
-6.78,7.34,4.26,1.86,1.46,2.81
-6.78,7.34,4.26,1.86,1.46,2.81
-5.65,11.22,2.32,1.73,2.17,2.44
-5.65,11.22,2.32,1.73,2.17,2.44
-5.65,11.22,2.32,1.73,2.17,2.44
-5.65,11.22,2.32,1.73,2.17,2.44
-5.65,11.22,2.32,1.73,2.17,2.44
-5.65,11.22,2.32,1.73,2.17,2.44
-7.80,13.60,1.23,1.11,3.51,2.48
-7.80,13.60,1.23,1.11,3.51,2.48
-7.80,13.60,1.23,1.11,3.51,2.48
-7.80,13.60,1.23,1.11,3.51,2.48
-7.80,13.60,1.23,1.11,3.51,2.48
-7.86,10.59,1.34,0.64,2.80,1.24
-7.86,10.59,1.34,0.64,2.80,1.24
-7.86,10.59,1.34,0.64,2.80,1.24
-7.86,10.59,1.34,0.64,2.80,1.24
-7.86,10.59,1.34,0.64,2.80,1.24
-2.73,9.67,1.91,0.48,0.67,-0.48
-2.73,9.67,1.91,0.48,0.67,-0.48
-2.73,9.67,1.91,0.48,0.67,-0.48
-2.73,9.67,1.91,0.48,0.67,-0.48
-2.73,9.67,1.91,0.48,0.67,-0.48
-2.73,9.67,1.91,0.48,0.67,-0.48
-3.57,9.38,1.03,-0.01,0.60,-0.31
-3.57,9.38,1.03,-0.01,0.60,-0.31
-3.57,9.38,1.03,-0.01,0.60,-0.31
-3.57,9.38,1.03,-0.01,0.60,-0.31
-3.57,9.38,1.03,-0.01,0.60,-0.31
-2.62,9.81,-0.43,-0.10,-0.49,-0.00
-2.62,9.81,-0.43,-0.10,-0.49,-0.00
-2.62,9.81,-0.43,-0.10,-0.49,-0.00
-2.62,9.81,-0.43,-0.10,-0.49,-0.00
-2.62,9.81,-0.43,-0.10,-0.49,-0.00
-2.62,9.81,-0.43,-0.10,-0.49,-0.00
-2.74,9.35,-0.78,-0.15,-0.38,0.02
-2.74,9.35,-0.78,-0.15,-0.38,0.02
-2.74,9.35,-0.78,-0.15,-0.38,0.02
-2.74,9.35,-0.78,-0.15,-0.38,0.02
-2.74,9.35,-0.78,-0.15,-0.38,0.02
-2.54,9.30,-0.59,-0.04,-0.22,-0.07
-2.54,9.30,-0.59,-0.04,-0.22,-0.07
-2.54,9.30,-0.59,-0.04,-0.22,-0.07
-2.54,9.30,-0.59,-0.04,-0.22,-0.07
-2.54,9.30,-0.59,-0.04,-0.22,-0.07
-2.76,9.43,-0.26,0.07,-0.24,-0.02
-2.76,9.43,-0.26,0.07,-0.24,-0.02
-2.76,9.43,-0.26,0.07,-0.24,-0.02
-2.76,9.43,-0.26,0.07,-0.24,-0.02
-2.76,9.43,-0.26,0.07,-0.24,-0.02
-2.97,9.36,-0.10,0.02,-0.11,0.06
-2.97,9.36,-0.10,0.02,-0.11,0.06
-2.97,9.36,-0.10,0.02,-0.11,0.06
-2.97,9.36,-0.10,0.02,-0.11,0.06
-2.97,9.36,-0.10,0.02,-0.11,0.06
-2.97,9.36,-0.10,0.02,-0.11,0.06
-2.91,9.39,-0.09,0.03,-0.17,0.06
-2.91,9.39,-0.09,0.03,-0.17,0.06
-2.91,9.39,-0.09,0.03,-0.17,0.06
-2.91,9.39,-0.09,0.03,-0.17,0.06
-2.91,9.39,-0.09,0.03,-0.17,0.06
-2.75,9.42,-0.17,0.04,-0.24,0.03
-2.75,9.42,-0.17,0.04,-0.24,0.03
-2.75,9.42,-0.17,0.04,-0.24,0.03
-2.75,9.42,-0.17,0.04,-0.24,0.03
-2.75,9.42,-0.17,0.04,-0.24,0.03
-2.57,9.43,-0.28,0.04,-0.24,0.03
-2.57,9.43,-0.28,-0.01,-0.17,0.01
-2.57,9.43,-0.28,-0.01,-0.17,0.01
-2.57,9.43,-0.28,-0.01,-0.17,0.01
-2.57,9.43,-0.28,-0.01,-0.17,0.01
-2.57,9.43,-0.28,-0.01,-0.17,0.01
-2.56,9.36,-0.31,-0.03,-0.06,0.01
-2.56,9.36,-0.31,-0.03,-0.06,0.01
-2.56,9.36,-0.31,-0.03,-0.06,0.01
-2.56,9.36,-0.31,-0.03,-0.06,0.01
-2.56,9.36,-0.31,-0.03,-0.06,0.01
-2.50,9.37,-0.25,0.01,-0.03,-0.01
-2.50,9.37,-0.25,0.01,-0.03,-0.01
-2.50,9.37,-0.25,0.01,-0.03,-0.01
-2.50,9.37,-0.25,0.01,-0.03,-0.01
-2.50,9.37,-0.25,0.01,-0.03,-0.01
-2.64,9.41,-0.13,0.01,0.02,-0.02
-2.64,9.41,-0.13,0.01,0.02,-0.02
-2.64,9.41,-0.13,0.01,0.02,-0.02
-2.64,9.41,-0.13,0.01,0.02,-0.02
-2.64,9.41,-0.13,0.01,0.02,-0.02
-2.64,9.41,-0.13,0.01,0.02,-0.02
-2.64,9.42,-0.01,-0.02,0.07,-0.02
-2.64,9.42,-0.01,-0.02,0.07,-0.02
-2.64,9.42,-0.01,-0.02,0.07,-0.02
-2.64,9.42,-0.01,-0.02,0.07,-0.02
-2.64,9.42,-0.01,-0.02,0.07,-0.02
-2.71,9.38,-0.09,-0.03,0.09,-0.01
-2.71,9.38,-0.09,-0.03,0.09,-0.01
-2.71,9.38,-0.09,-0.03,0.09,-0.01
-2.71,9.38,-0.09,-0.03,0.09,-0.01
-2.71,9.38,-0.09,-0.03,0.09,-0.01
-2.76,9.34,-0.15,-0.00,0.06,-0.03
-2.76,9.34,-0.15,-0.00,0.06,-0.03
-2.76,9.34,-0.15,-0.00,0.06,-0.03
-2.76,9.34,-0.15,-0.00,0.06,-0.03
-2.76,9.34,-0.15,-0.00,0.06,-0.03
-2.76,9.34,-0.15,-0.00,0.06,-0.03
-2.65,9.42,-0.10,-0.01,0.05,-0.05
-2.65,9.42,-0.10,-0.01,0.05,-0.05
-2.65,9.42,-0.10,-0.01,0.05,-0.05
-2.65,9.42,-0.10,-0.01,0.05,-0.05
-2.65,9.42,-0.10,-0.01,0.05,-0.05
-2.90,9.44,0.08,-0.03,0.11,-0.05
-2.90,9.44,0.08,-0.03,0.11,-0.05
-2.90,9.44,0.08,-0.03,0.11,-0.05
-2.90,9.44,0.08,-0.03,0.11,-0.05
-2.90,9.44,0.08,-0.03,0.11,-0.05
-2.88,9.48,0.26,-0.03,0.11,-0.05
-2.88,9.48,0.26,-0.01,0.01,-0.02
-2.88,9.48,0.26,-0.01,0.01,-0.02
-2.88,9.48,0.26,-0.01,0.01,-0.02
-2.88,9.48,0.26,-0.01,0.01,-0.02
-2.88,9.48,0.26,-0.01,0.01,-0.02
-3.69,9.71,0.45,0.02,-0.02,-0.06
-3.69,9.71,0.45,0.02,-0.02,-0.06
-3.69,9.71,0.45,0.02,-0.02,-0.06
-3.69,9.71,0.45,0.02,-0.02,-0.06
-3.69,9.71,0.45,0.02,-0.02,-0.06
-7.25,11.33,1.44,0.02,-0.36,-0.59
-7.25,11.33,1.44,0.02,-0.36,-0.59
-7.25,11.33,1.44,0.02,-0.36,-0.59
-7.25,11.33,1.44,0.02,-0.36,-0.59
-7.25,11.33,1.44,0.02,-0.36,-0.59
-8.28,13.55,2.90,-0.41,-1.22,-2.07
-8.28,13.55,2.90,-0.41,-1.22,-2.07
-8.28,13.55,2.90,-0.41,-1.22,-2.07
-8.28,13.55,2.90,-0.41,-1.22,-2.07
-8.28,13.55,2.90,-0.41,-1.22,-2.07
-8.28,13.55,2.90,-0.41,-1.22,-2.07
-11.10,11.14,4.00,-1.44,-0.89,-3.79
-11.10,11.14,4.00,-1.44,-0.89,-3.79
-11.10,11.14,4.00,-1.44,-0.89,-3.79
-11.10,11.14,4.00,-1.44,-0.89,-3.79
-11.10,11.14,4.00,-1.44,-0.89,-3.79
-12.54,8.29,5.81,-2.57,-1.57,-4.52
-12.54,8.29,5.81,-2.57,-1.57,-4.52
-12.54,8.29,5.81,-2.57,-1.57,-4.52
-12.54,8.29,5.81,-2.57,-1.57,-4.52
-12.54,8.29,5.81,-2.57,-1.57,-4.52
-10.44,4.28,4.93,-2.57,-2.91,-4.86
-10.44,4.28,4.93,-3.32,-2.91,-4.86
-10.44,4.28,4.93,-3.32,-2.91,-4.86
-10.44,4.28,4.93,-3.32,-2.91,-4.86
-10.44,4.28,4.93,-3.32,-2.91,-4.86
-10.44,4.28,4.93,-3.32,-2.91,-4.86
-7.42,-0.24,2.12,-3.56,-3.21,-4.89
-7.42,-0.24,2.12,-3.56,-3.21,-4.89
-7.42,-0.24,2.12,-3.56,-3.21,-4.89
-7.42,-0.24,2.12,-3.56,-3.21,-4.89
-7.42,-0.24,2.12,-3.56,-3.21,-4.89
-2.46,-3.75,0.42,-3.36,-2.80,-4.53
-2.46,-3.75,0.42,-3.36,-2.80,-4.53
-2.46,-3.75,0.42,-3.36,-2.80,-4.53
-2.46,-3.75,0.42,-3.36,-2.80,-4.53
-2.46,-3.75,0.42,-3.36,-2.80,-4.53
2.08,-5.16,-0.08,-1.74,-1.15,-3.93
2.08,-5.16,-0.08,-1.74,-1.15,-3.93
2.08,-5.16,-0.08,-1.74,-1.15,-3.93
2.08,-5.16,-0.08,-1.74,-1.15,-3.93
2.08,-5.16,-0.08,-1.74,-1.15,-3.93
2.08,-5.16,-0.08,-1.74,-1.15,-3.93
5.22,-3.82,1.62,0.14,0.25,-2.73
5.22,-3.82,1.62,0.14,0.25,-2.73
5.22,-3.82,1.62,0.14,0.25,-2.73
5.22,-3.82,1.62,0.14,0.25,-2.73
5.22,-3.82,1.62,0.14,0.25,-2.73
4.96,-3.57,3.64,0.95,1.09,-1.16
4.96,-3.57,3.64,0.95,1.09,-1.16
4.96,-3.57,3.64,0.95,1.09,-1.16
4.96,-3.57,3.64,0.95,1.09,-1.16
4.96,-3.57,3.64,0.95,1.09,-1.16
3.42,-4.44,5.73,0.81,1.31,-0.66
3.42,-4.44,5.73,0.81,1.31,-0.66
3.42,-4.44,5.73,0.81,1.31,-0.66
3.42,-4.44,5.73,0.81,1.31,-0.66
3.42,-4.44,5.73,0.81,1.31,-0.66
3.42,-4.44,5.73,0.81,1.31,-0.66
2.12,-5.53,7.60,0.25,0.98,-0.26
2.12,-5.53,7.60,0.25,0.98,-0.26
2.12,-5.53,7.60,0.25,0.98,-0.26
2.12,-5.53,7.60,0.25,0.98,-0.26
2.12,-5.53,7.60,0.25,0.98,-0.26
3.12,-6.75,7.10,0.01,0.02,0.12
3.12,-6.75,7.10,0.01,0.02,0.12
3.12,-6.75,7.10,0.01,0.02,0.12
3.12,-6.75,7.10,0.01,0.02,0.12
3.12,-6.75,7.10,0.01,0.02,0.12
2.79,-6.61,7.22,0.09,-0.06,0.18
2.79,-6.61,7.22,0.09,-0.06,0.18
2.79,-6.61,7.22,0.09,-0.06,0.18
2.79,-6.61,7.22,0.09,-0.06,0.18
2.79,-6.61,7.22,0.09,-0.06,0.18
2.79,-6.61,7.22,0.09,-0.06,0.18
3.09,-6.03,6.22,0.12,-0.39,0.07
3.09,-6.03,6.22,0.12,-0.39,0.07
3.09,-6.03,6.22,0.12,-0.39,0.07
3.09,-6.03,6.22,0.12,-0.39,0.07
3.09,-6.03,6.22,0.12,-0.39,0.07
3.71,-6.23,6.47,0.21,-0.49,0.14
3.71,-6.23,6.47,0.21,-0.49,0.14
3.71,-6.23,6.47,0.21,-0.49,0.14
3.71,-6.23,6.47,0.21,-0.49,0.14
3.71,-6.23,6.47,0.21,-0.49,0.14
3.71,-6.25,6.72,0.28,-0.39,0.27
3.71,-6.25,6.72,0.28,-0.39,0.27
3.71,-6.25,6.72,0.28,-0.39,0.27
3.71,-6.25,6.72,0.28,-0.39,0.27
3.71,-6.25,6.72,0.28,-0.39,0.27
3.71,-6.25,6.72,0.28,-0.39,0.27
3.61,-6.03,6.87,0.32,-0.29,0.37
3.61,-6.03,6.87,0.32,-0.29,0.37
3.61,-6.03,6.87,0.32,-0.29,0.37
3.61,-6.03,6.87,0.32,-0.29,0.37
3.61,-6.03,6.87,0.32,-0.29,0.37
3.86,-5.45,6.95,0.34,-0.39,0.37
3.86,-5.45,6.95,0.34,-0.39,0.37
3.86,-5.45,6.95,0.34,-0.39,0.37
3.86,-5.45,6.95,0.34,-0.39,0.37
3.86,-5.45,6.95,0.34,-0.39,0.37
3.86,-5.45,6.95,0.34,-0.39,0.37
3.79,-3.66,6.77,0.21,-0.58,0.71
3.79,-3.66,6.77,0.21,-0.58,0.71
3.79,-3.66,6.77,0.21,-0.58,0.71
3.79,-3.66,6.77,0.21,-0.58,0.71
3.79,-3.66,6.77,0.21,-0.58,0.71
3.74,-4.28,3.50,-0.18,-0.79,1.73
3.74,-4.28,3.50,-0.18,-0.79,1.73
3.74,-4.28,3.50,-0.18,-0.79,1.73
3.74,-4.28,3.50,-0.18,-0.79,1.73
3.74,-4.28,3.50,-0.18,-0.79,1.73
1.43,-4.25,4.17,0.22,0.59,2.61
1.43,-4.25,4.17,0.22,0.59,2.61
1.43,-4.25,4.17,0.22,0.59,2.61
1.43,-4.25,4.17,0.22,0.59,2.61
1.43,-4.25,4.17,0.22,0.59,2.61
1.43,-4.25,4.17,0.22,0.59,2.61
-2.22,-4.24,4.88,1.21,1.07,3.37
-2.22,-4.24,4.88,1.21,1.07,3.37
-2.22,-4.24,4.88,1.21,1.07,3.37
-2.22,-4.24,4.88,1.21,1.07,3.37
-2.22,-4.24,4.88,1.21,1.07,3.37
-4.52,-2.54,6.41,2.26,1.06,3.60
-4.52,-2.54,6.41,2.26,1.06,3.60
-4.52,-2.54,6.41,2.26,1.06,3.60
-4.52,-2.54,6.41,2.26,1.06,3.60
-4.52,-2.54,6.41,2.26,1.06,3.60
-7.35,-0.70,7.65,2.57,1.74,3.31
-7.35,-0.70,7.65,2.57,1.74,3.31
-7.35,-0.70,7.65,2.57,1.74,3.31
-7.35,-0.70,7.65,2.57,1.74,3.31
-7.35,-0.70,7.65,2.57,1.74,3.31
-7.35,-0.70,8.22,2.57,1.74,3.31
-7.82,1.33,8.22,2.85,0.59,2.71
-7.82,1.33,8.22,2.85,0.59,2.71
-7.82,1.33,8.22,2.85,0.59,2.71
-7.82,1.33,8.22,2.85,0.59,2.71
-7.82,1.33,8.22,2.85,0.59,2.71
-5.78,4.73,8.03,3.48,-0.11,2.14
-5.78,4.73,8.03,3.48,-0.11,2.14
-5.78,4.73,8.03,3.48,-0.11,2.14
-5.78,4.73,8.03,3.48,-0.11,2.14
-5.78,4.73,8.03,3.48,-0.11,2.14
-3.20,8.23,5.72,3.49,0.56,2.05
-3.20,8.23,5.72,3.49,0.56,2.05
-3.20,8.23,5.72,3.49,0.56,2.05
-3.20,8.23,5.72,3.49,0.56,2.05
-3.20,8.23,5.72,3.49,0.56,2.05
-3.20,8.23,5.72,3.49,0.56,2.05
-4.94,12.78,2.51,2.49,2.70,2.33
-4.94,12.78,2.51,2.49,2.70,2.33
-4.94,12.78,2.51,2.49,2.70,2.33
-4.94,12.78,2.51,2.49,2.70,2.33
-4.94,12.78,2.51,2.49,2.70,2.33
-9.95,13.88,2.48,1.33,4.37,2.45
-9.95,13.88,2.48,1.33,4.37,2.45
-9.95,13.88,2.48,1.33,4.37,2.45
-9.95,13.88,2.48,1.33,4.37,2.45
-9.95,13.88,2.48,1.33,4.37,2.45
-7.35,10.48,1.28,0.99,0.65,0.97
-7.35,10.48,1.28,0.99,0.65,0.97
-7.35,10.48,1.28,0.99,0.65,0.97
-7.35,10.48,1.28,0.99,0.65,0.97
-7.35,10.48,1.28,0.99,0.65,0.97
-7.35,10.48,1.28,0.99,0.65,0.97
-0.33,9.48,0.81,0.46,-1.85,-0.64
-0.33,9.48,0.81,0.46,-1.85,-0.64
-0.33,9.48,0.81,0.46,-1.85,-0.64
-0.33,9.48,0.81,0.46,-1.85,-0.64
-0.33,9.48,0.81,0.46,-1.85,-0.64
-2.34,9.09,1.00,-0.00,0.49,-0.50
-2.34,9.09,1.00,-0.00,0.49,-0.50
-2.34,9.09,1.00,-0.00,0.49,-0.50
-2.34,9.09,1.00,-0.00,0.49,-0.50
-2.34,9.09,1.00,-0.00,0.49,-0.50
-2.34,9.09,0.19,-0.00,0.49,-0.50
-3.02,9.95,0.19,0.09,0.34,0.20
-3.02,9.95,0.19,0.09,0.34,0.20
-3.02,9.95,0.19,0.09,0.34,0.20
-3.02,9.95,0.19,0.09,0.34,0.20
-3.02,9.95,0.19,0.09,0.34,0.20
-2.09,9.74,-0.35,0.04,-0.44,0.10
-2.09,9.74,-0.35,0.04,-0.44,0.10
-2.09,9.74,-0.35,0.04,-0.44,0.10
-2.09,9.74,-0.35,0.04,-0.44,0.10
-2.09,9.74,-0.35,0.04,-0.44,0.10
-2.68,9.18,-0.19,-0.06,-0.03,-0.05
-2.68,9.18,-0.19,-0.06,-0.03,-0.05
-2.68,9.18,-0.19,-0.06,-0.03,-0.05
-2.68,9.18,-0.19,-0.06,-0.03,-0.05
-2.68,9.18,-0.19,-0.06,-0.03,-0.05
-2.68,9.18,-0.19,-0.06,-0.03,-0.05
-2.98,9.35,0.11,-0.01,-0.07,0.06
-2.98,9.35,0.11,-0.01,-0.07,0.06
-2.98,9.35,0.11,-0.01,-0.07,0.06
-2.98,9.35,0.11,-0.01,-0.07,0.06
-2.98,9.35,0.11,-0.01,-0.07,0.06
-2.94,9.46,0.20,0.00,-0.09,0.14
-2.94,9.46,0.20,0.00,-0.09,0.14
-2.94,9.46,0.20,0.00,-0.09,0.14
-2.94,9.46,0.20,0.00,-0.09,0.14
-2.94,9.46,0.20,0.00,-0.09,0.14
-2.67,9.39,0.06,-0.04,-0.10,0.06
-2.67,9.39,0.06,-0.04,-0.10,0.06
-2.67,9.39,0.06,-0.04,-0.10,0.06
-2.67,9.39,0.06,-0.04,-0.10,0.06
-2.67,9.39,0.06,-0.04,-0.10,0.06
-2.67,9.39,0.06,-0.04,-0.10,0.06
-2.56,9.41,0.02,-0.01,-0.12,0.06
-2.56,9.41,0.02,-0.01,-0.12,0.06
-2.56,9.41,0.02,-0.01,-0.12,0.06
-2.56,9.41,0.02,-0.01,-0.12,0.06
-2.56,9.41,0.02,-0.01,-0.12,0.06
-2.53,9.41,0.05,0.00,-0.07,0.03
-2.53,9.41,0.05,0.00,-0.07,0.03
-2.53,9.41,0.05,0.00,-0.07,0.03
-2.53,9.41,0.05,0.00,-0.07,0.03
-2.53,9.41,0.05,0.00,-0.07,0.03
-2.57,9.42,0.11,-0.01,-0.01,0.02
-2.57,9.42,0.11,-0.01,-0.01,0.02
-2.57,9.42,0.11,-0.01,-0.01,0.02
-2.57,9.42,0.11,-0.01,-0.01,0.02
-2.57,9.42,0.11,-0.01,-0.01,0.02
-2.57,9.42,0.11,-0.01,-0.01,0.02
-2.51,9.48,0.16,-0.00,0.02,-0.02
-2.51,9.48,0.16,-0.00,0.02,-0.02
-2.51,9.48,0.16,-0.00,0.02,-0.02
-2.51,9.48,0.16,-0.00,0.02,-0.02
-2.51,9.48,0.16,-0.00,0.02,-0.02
-2.50,9.46,0.24,-0.00,0.04,0.00
-2.50,9.46,0.24,-0.00,0.04,0.00
-2.50,9.46,0.24,-0.00,0.04,0.00
-2.50,9.46,0.24,-0.00,0.04,0.00
-2.50,9.46,0.24,-0.00,0.04,0.00
-2.55,9.46,0.18,-0.01,0.04,-0.00
-2.55,9.46,0.18,-0.01,0.04,-0.00
-2.55,9.46,0.18,-0.01,0.04,-0.00
-2.55,9.46,0.18,-0.01,0.04,-0.00
-2.55,9.46,0.18,-0.01,0.04,-0.00
-2.55,9.46,0.18,-0.01,0.04,-0.00
-2.58,9.41,0.20,-0.00,0.04,-0.01
-2.58,9.41,0.20,-0.00,0.04,-0.01
-2.58,9.41,0.20,-0.00,0.04,-0.01
-2.58,9.41,0.20,-0.00,0.04,-0.01
-2.58,9.41,0.20,-0.00,0.04,-0.01
-2.59,9.47,0.24,0.01,0.03,0.00
-2.59,9.47,0.24,0.01,0.03,0.00
-2.59,9.47,0.24,0.01,0.03,0.00
-2.59,9.47,0.24,0.01,0.03,0.00
-2.59,9.47,0.24,0.01,0.03,0.00
-2.60,9.52,0.30,0.02,0.01,0.01
-2.60,9.52,0.30,0.02,0.01,0.01
-2.60,9.52,0.30,0.02,0.01,0.01
-2.60,9.52,0.30,0.02,0.01,0.01
-2.60,9.52,0.30,0.02,0.01,0.01
-2.60,9.52,0.30,0.02,0.01,0.01
-2.44,9.55,0.27,0.02,-0.05,0.00
-2.44,9.55,0.27,0.02,-0.05,0.00
-2.44,9.55,0.27,0.02,-0.05,0.00
-2.44,9.55,0.27,0.02,-0.05,0.00
-2.44,9.55,0.27,0.02,-0.05,0.00
-2.44,9.49,0.14,0.00,-0.04,0.00
-2.44,9.49,0.14,0.00,-0.04,0.00
-2.44,9.49,0.14,0.00,-0.04,0.00
-2.44,9.49,0.14,0.00,-0.04,0.00
-2.44,9.49,0.14,0.00,-0.04,0.00
-2.44,9.49,0.14,0.00,-0.04,0.00
-2.51,9.47,0.09,0.01,-0.02,0.01
-2.51,9.47,0.09,0.01,-0.02,0.01
-2.51,9.47,0.09,0.01,-0.02,0.01
-2.51,9.47,0.09,0.01,-0.02,0.01
-2.51,9.47,0.09,0.01,-0.02,0.01
-2.42,9.51,0.19,0.02,-0.03,-0.01
-2.42,9.51,0.19,0.02,-0.03,-0.01
-2.42,9.51,0.19,0.02,-0.03,-0.01
-2.42,9.51,0.19,0.02,-0.03,-0.01
-2.42,9.51,0.19,0.02,-0.03,-0.01
-2.79,9.72,0.41,0.01,-0.05,-0.03
-2.79,9.72,0.41,0.01,-0.05,-0.03
-2.79,9.72,0.41,0.01,-0.05,-0.03
-2.79,9.72,0.41,0.01,-0.05,-0.03
-2.79,9.72,0.41,0.01,-0.05,-0.03
-2.79,9.72,0.73,0.01,-0.05,-0.03
-4.49,10.52,0.73,-0.06,-0.33,-0.28
-4.49,10.52,0.73,-0.06,-0.33,-0.28
-4.49,10.52,0.73,-0.06,-0.33,-0.28
-4.49,10.52,0.73,-0.06,-0.33,-0.28
-4.49,10.52,0.73,-0.06,-0.33,-0.28
-7.48,12.03,2.21,-0.56,-1.03,-1.52
-7.48,12.03,2.21,-0.56,-1.03,-1.52
-7.48,12.03,2.21,-0.56,-1.03,-1.52
-7.48,12.03,2.21,-0.56,-1.03,-1.52
-7.48,12.03,2.21,-0.56,-1.03,-1.52
-9.41,11.05,4.80,-1.22,-0.82,-3.13
-9.41,11.05,4.80,-1.22,-0.82,-3.13
-9.41,11.05,4.80,-1.22,-0.82,-3.13
-9.41,11.05,4.80,-1.22,-0.82,-3.13
-9.41,11.05,4.80,-1.22,-0.82,-3.13
-10.73,8.83,7.13,-1.22,-0.82,-3.79
-10.73,8.83,7.13,-1.85,-1.07,-3.79
-10.73,8.83,7.13,-1.85,-1.07,-3.79
-10.73,8.83,7.13,-1.85,-1.07,-3.79
-10.73,8.83,7.13,-1.85,-1.07,-3.79
-10.73,8.83,7.13,-1.85,-1.07,-3.79
-9.33,6.36,8.27,-2.60,-2.02,-4.06
-9.33,6.36,8.27,-2.60,-2.02,-4.06
-9.33,6.36,8.27,-2.60,-2.02,-4.06
-9.33,6.36,8.27,-2.60,-2.02,-4.06
-9.33,6.36,8.27,-2.60,-2.02,-4.06
-8.45,2.04,7.00,-3.24,-2.82,-4.00
-8.45,2.04,7.00,-3.24,-2.82,-4.00
-8.45,2.04,7.00,-3.24,-2.82,-4.00
-8.45,2.04,7.00,-3.24,-2.82,-4.00
-8.45,2.04,7.00,-3.24,-2.82,-4.00
-8.45,-2.80,3.84,-3.24,-2.82,-4.00
-7.04,-2.80,3.84,-3.36,-3.28,-3.46
-7.04,-2.80,3.84,-3.36,-3.28,-3.46
-7.04,-2.80,3.84,-3.36,-3.28,-3.46
-7.04,-2.80,3.84,-3.36,-3.28,-3.46
-7.04,-2.80,3.84,-3.36,-3.28,-3.46
-3.62,-4.87,1.92,-2.83,-2.69,-3.17
-3.62,-4.87,1.92,-2.83,-2.69,-3.17
-3.62,-4.87,1.92,-2.83,-2.69,-3.17
-3.62,-4.87,1.92,-2.83,-2.69,-3.17
-3.62,-4.87,1.92,-2.83,-2.69,-3.17
-0.50,-5.34,1.00,-1.66,-1.24,-2.93
-0.50,-5.34,1.00,-1.66,-1.24,-2.93
-0.50,-5.34,1.00,-1.66,-1.24,-2.93
-0.50,-5.34,1.00,-1.66,-1.24,-2.93
-0.50,-5.34,1.00,-1.66,-1.24,-2.93
2.19,-4.48,1.89,-1.66,-1.24,-2.93
2.19,-4.48,1.89,-0.30,-0.29,-2.57
2.19,-4.48,1.89,-0.30,-0.29,-2.57
2.19,-4.48,1.89,-0.30,-0.29,-2.57
2.19,-4.48,1.89,-0.30,-0.29,-2.57
2.19,-4.48,1.89,-0.30,-0.29,-2.57
5.07,-3.17,3.10,0.55,-0.01,-2.09
5.07,-3.17,3.10,0.55,-0.01,-2.09
5.07,-3.17,3.10,0.55,-0.01,-2.09
5.07,-3.17,3.10,0.55,-0.01,-2.09
5.07,-3.17,3.10,0.55,-0.01,-2.09
5.54,-2.82,5.20,1.09,0.54,-1.53
5.54,-2.82,5.20,1.09,0.54,-1.53
5.54,-2.82,5.20,1.09,0.54,-1.53
5.54,-2.82,5.20,1.09,0.54,-1.53
5.54,-2.82,5.20,1.09,0.54,-1.53
5.87,-2.95,7.30,1.01,0.17,-0.93
5.87,-2.95,7.30,1.01,0.17,-0.93
5.87,-2.95,7.30,1.01,0.17,-0.93
5.87,-2.95,7.30,1.01,0.17,-0.93
5.87,-2.95,7.30,1.01,0.17,-0.93
5.87,-2.95,7.30,1.01,0.17,-0.93
5.11,-4.21,7.16,0.32,-0.21,-0.42
5.11,-4.21,7.16,0.32,-0.21,-0.42
5.11,-4.21,7.16,0.32,-0.21,-0.42
5.11,-4.21,7.16,0.32,-0.21,-0.42
5.11,-4.21,7.16,0.32,-0.21,-0.42
5.45,-4.19,6.90,0.06,-0.76,-0.32
5.45,-4.19,6.90,0.06,-0.76,-0.32
5.45,-4.19,6.90,0.06,-0.76,-0.32
5.45,-4.19,6.90,0.06,-0.76,-0.32
5.45,-4.19,6.90,0.06,-0.76,-0.32
5.45,-4.19,6.90,0.06,-0.76,-0.32
7.19,-4.11,5.78,-0.00,-1.32,-0.31
7.19,-4.11,5.78,-0.00,-1.32,-0.31
7.19,-4.11,5.78,-0.00,-1.32,-0.31
7.19,-4.11,5.78,-0.00,-1.32,-0.31
7.19,-4.11,5.78,-0.00,-1.32,-0.31
8.15,-3.79,5.20,0.04,-0.96,-0.18
8.15,-3.79,5.20,0.04,-0.96,-0.18
8.15,-3.79,5.20,0.04,-0.96,-0.18
8.15,-3.79,5.20,0.04,-0.96,-0.18
8.15,-3.79,5.20,0.04,-0.96,-0.18
7.63,-3.68,4.85,-0.00,-0.30,-0.13
7.63,-3.68,4.85,-0.00,-0.30,-0.13
7.63,-3.68,4.85,-0.00,-0.30,-0.13
7.63,-3.68,4.85,-0.00,-0.30,-0.13
7.63,-3.68,4.85,-0.00,-0.30,-0.13
7.63,-3.68,4.85,-0.00,-0.30,-0.13
7.36,-3.50,4.64,-0.08,-0.02,-0.15
7.36,-3.50,4.64,-0.08,-0.02,-0.15
7.36,-3.50,4.64,-0.08,-0.02,-0.15
7.36,-3.50,4.64,-0.08,-0.02,-0.15
7.36,-3.50,4.64,-0.08,-0.02,-0.15
7.46,-3.24,5.00,-0.17,0.47,-0.25
7.46,-3.24,5.00,-0.17,0.47,-0.25
7.46,-3.24,5.00,-0.17,0.47,-0.25
7.46,-3.24,5.00,-0.17,0.47,-0.25
7.46,-3.24,5.00,-0.17,0.47,-0.25
8.00,-3.00,6.07,-0.37,1.30,-0.34
8.00,-3.00,6.07,-0.37,1.30,-0.34
8.00,-3.00,6.07,-0.37,1.30,-0.34
8.00,-3.00,6.07,-0.37,1.30,-0.34
8.00,-3.00,6.07,-0.37,1.30,-0.34
8.00,-3.00,6.07,-0.37,1.30,-0.34
6.39,-3.17,6.98,-0.93,3.06,-0.29
6.39,-3.17,6.98,-0.93,3.06,-0.29
6.39,-3.17,6.98,-0.93,3.06,-0.29
6.39,-3.17,6.98,-0.93,3.06,-0.29
6.39,-3.17,6.98,-0.93,3.06,-0.29
3.93,-3.79,6.82,-1.25,3.15,0.22
3.93,-3.79,6.82,-1.25,3.15,0.22
3.93,-3.79,6.82,-1.25,3.15,0.22
3.93,-3.79,6.82,-1.25,3.15,0.22
3.93,-3.79,6.82,-1.25,3.15,0.22
2.72,-4.28,6.24,-1.02,1.07,1.14
2.72,-4.28,6.24,-1.02,1.07,1.14
2.72,-4.28,6.24,-1.02,1.07,1.14
2.72,-4.28,6.24,-1.02,1.07,1.14
2.72,-4.28,6.24,-1.02,1.07,1.14
2.72,-4.28,6.24,-1.02,1.07,1.14
2.37,-4.51,4.69,-0.63,0.50,1.87
2.37,-4.51,4.69,-0.63,0.50,1.87
2.37,-4.51,4.69,-0.63,0.50,1.87
2.37,-4.51,4.69,-0.63,0.50,1.87
2.37,-4.51,4.69,-0.63,0.50,1.87
-0.19,-4.49,5.02,-0.20,0.34,2.82
-0.19,-4.49,5.02,-0.20,0.34,2.82
-0.19,-4.49,5.02,-0.20,0.34,2.82
-0.19,-4.49,5.02,-0.20,0.34,2.82
-0.19,-4.49,5.02,-0.20,0.34,2.82
-2.88,-4.31,5.80,0.22,0.07,3.52
-2.88,-4.31,5.80,0.22,0.07,3.52
-2.88,-4.31,5.80,0.22,0.07,3.52
-2.88,-4.31,5.80,0.22,0.07,3.52
-2.88,-4.31,5.80,0.22,0.07,3.52
-2.88,-4.31,5.80,0.22,0.07,3.52
-5.11,-3.62,6.91,0.77,0.21,3.77
-5.11,-3.62,6.91,0.77,0.21,3.77
-5.11,-3.62,6.91,0.77,0.21,3.77
-5.11,-3.62,6.91,0.77,0.21,3.77
-5.11,-3.62,6.91,0.77,0.21,3.77
-6.18,-1.98,6.76,1.11,0.80,3.63
-6.18,-1.98,6.76,1.11,0.80,3.63
-6.18,-1.98,6.76,1.11,0.80,3.63
-6.18,-1.98,6.76,1.11,0.80,3.63
-6.18,-1.98,6.76,1.11,0.80,3.63
-7.99,0.20,6.00,1.11,0.80,3.25
-7.99,0.20,6.00,1.38,1.56,3.25
-7.99,0.20,6.00,1.38,1.56,3.25
-7.99,0.20,6.00,1.38,1.56,3.25
-7.99,0.20,6.00,1.38,1.56,3.25
-7.99,0.20,6.00,1.38,1.56,3.25
-9.26,3.17,6.98,1.83,1.13,2.96
-9.26,3.17,6.98,1.83,1.13,2.96
-9.26,3.17,6.98,1.83,1.13,2.96
-9.26,3.17,6.98,1.83,1.13,2.96
-9.26,3.17,6.98,1.83,1.13,2.96
-7.89,5.60,5.72,2.06,0.69,2.59
-7.89,5.60,5.72,2.06,0.69,2.59
-7.89,5.60,5.72,2.06,0.69,2.59
-7.89,5.60,5.72,2.06,0.69,2.59
-7.89,5.60,5.72,2.06,0.69,2.59
-7.89,5.60,5.72,2.06,0.69,2.59
-7.45,7.88,4.34,2.03,0.84,2.41
-7.45,7.88,4.34,2.03,0.84,2.41
-7.45,7.88,4.34,2.03,0.84,2.41
-7.45,7.88,4.34,2.03,0.84,2.41
-7.45,7.88,4.34,2.03,0.84,2.41
-5.97,9.70,2.60,1.72,1.39,2.31
-5.97,9.70,2.60,1.72,1.39,2.31
-5.97,9.70,2.60,1.72,1.39,2.31
-5.97,9.70,2.60,1.72,1.39,2.31
-5.97,9.70,2.60,1.72,1.39,2.31
-6.65,11.43,1.72,1.72,1.39,2.28
-6.65,11.43,1.72,1.36,1.96,2.28
-6.65,11.43,1.72,1.36,1.96,2.28
-6.65,11.43,1.72,1.36,1.96,2.28
-6.65,11.43,1.72,1.36,1.96,2.28
-6.65,11.43,1.72,1.36,1.96,2.28
-6.16,11.35,1.93,0.95,1.61,1.26
-6.16,11.35,1.93,0.95,1.61,1.26
-6.16,11.35,1.93,0.95,1.61,1.26
-6.16,11.35,1.93,0.95,1.61,1.26
-6.16,11.35,1.93,0.95,1.61,1.26
-3.30,9.74,1.68,0.07,1.04,-0.23
-3.30,9.74,1.68,0.07,1.04,-0.23
-3.30,9.74,1.68,0.07,1.04,-0.23
-3.30,9.74,1.68,0.07,1.04,-0.23
-3.30,9.74,1.68,0.07,1.04,-0.23
-3.30,9.74,1.68,0.07,1.04,-0.23
-3.74,8.91,-0.57,0.06,0.13,-0.10
-3.74,8.91,-0.57,0.06,0.13,-0.10
-3.74,8.91,-0.57,0.06,0.13,-0.10
-3.74,8.91,-0.57,0.06,0.13,-0.10
-3.74,8.91,-0.57,0.06,0.13,-0.10
-3.34,9.19,-1.09,0.01,-0.19,-0.07
-3.34,9.19,-1.09,0.01,-0.19,-0.07
-3.34,9.19,-1.09,0.01,-0.19,-0.07
-3.34,9.19,-1.09,0.01,-0.19,-0.07
-3.34,9.19,-1.09,0.01,-0.19,-0.07
-2.62,9.42,-0.49,0.03,-0.23,0.01
-2.62,9.42,-0.49,0.03,-0.23,0.01
-2.62,9.42,-0.49,0.03,-0.23,0.01
-2.62,9.42,-0.49,0.03,-0.23,0.01
-2.62,9.42,-0.49,0.03,-0.23,0.01
-2.80,9.46,-0.36,0.02,-0.11,-0.00
-2.80,9.46,-0.36,0.02,-0.11,-0.00
-2.80,9.46,-0.36,0.02,-0.11,-0.00
-2.80,9.46,-0.36,0.02,-0.11,-0.00
-2.80,9.46,-0.36,0.02,-0.11,-0.00
-2.80,9.46,-0.36,0.02,-0.11,-0.00
-3.24,9.18,-0.47,0.04,-0.08,-0.01
-3.24,9.18,-0.47,0.04,-0.08,-0.01
-3.24,9.18,-0.47,0.04,-0.08,-0.01
-3.24,9.18,-0.47,0.04,-0.08,-0.01
-3.24,9.18,-0.47,0.04,-0.08,-0.01
-3.14,9.18,-0.54,0.03,-0.05,0.01
-3.14,9.18,-0.54,0.03,-0.05,0.01
-3.14,9.18,-0.54,0.03,-0.05,0.01
-3.14,9.18,-0.54,0.03,-0.05,0.01
-3.14,9.18,-0.54,0.03,-0.05,0.01
-2.99,9.37,-0.47,0.03,-0.05,-0.03
-2.99,9.37,-0.47,0.03,-0.05,-0.03
-2.99,9.37,-0.47,0.03,-0.05,-0.03
-2.99,9.37,-0.47,0.03,-0.05,-0.03
-2.99,9.37,-0.47,0.03,-0.05,-0.03
-2.99,9.37,-0.47,0.03,-0.05,-0.03
-3.09,9.29,-0.43,0.02,-0.02,-0.05
-3.09,9.29,-0.43,0.02,-0.02,-0.05
-3.09,9.29,-0.43,0.02,-0.02,-0.05
-3.09,9.29,-0.43,0.02,-0.02,-0.05
-3.09,9.29,-0.43,0.02,-0.02,-0.05
-3.21,9.20,-0.37,-0.01,0.01,-0.01
-3.21,9.20,-0.37,-0.01,0.01,-0.01
-3.21,9.20,-0.37,-0.01,0.01,-0.01
-3.21,9.20,-0.37,-0.01,0.01,-0.01
-3.21,9.20,-0.37,-0.01,0.01,-0.01
-3.12,9.28,-0.38,0.01,0.01,0.01
-3.12,9.28,-0.38,0.01,0.01,0.01
-3.12,9.28,-0.38,0.01,0.01,0.01
-3.12,9.28,-0.38,0.01,0.01,0.01
-3.12,9.28,-0.38,0.01,0.01,0.01
-3.12,9.28,-0.38,0.01,0.01,0.01
-3.17,9.28,-0.51,0.03,0.01,0.02
-3.17,9.28,-0.51,0.03,0.01,0.02
-3.17,9.28,-0.51,0.03,0.01,0.02
-3.17,9.28,-0.51,0.03,0.01,0.02
-3.17,9.28,-0.51,0.03,0.01,0.02
-3.18,9.25,-0.45,0.03,0.01,0.02
-3.18,9.25,-0.45,0.03,0.01,0.02
-3.18,9.25,-0.45,0.03,0.01,0.02
-3.18,9.25,-0.45,0.03,0.01,0.02
-3.18,9.25,-0.45,0.03,0.01,0.02
-3.18,9.29,-0.43,0.03,0.01,0.02
-3.13,9.29,-0.43,0.01,0.01,0.01
-3.13,9.29,-0.43,0.01,0.01,0.01
-3.13,9.29,-0.43,0.01,0.01,0.01
-3.13,9.29,-0.43,0.01,0.01,0.01
-3.13,9.29,-0.43,0.01,0.01,0.01
-3.07,9.30,-0.46,0.01,-0.01,0.00
-3.07,9.30,-0.46,0.01,-0.01,0.00
-3.07,9.30,-0.46,0.01,-0.01,0.00
-3.07,9.30,-0.46,0.01,-0.01,0.00
-3.07,9.30,-0.46,0.01,-0.01,0.00
-3.00,9.33,-0.51,0.02,-0.03,-0.00
-3.00,9.33,-0.51,0.02,-0.03,-0.00
-3.00,9.33,-0.51,0.02,-0.03,-0.00
-3.00,9.33,-0.51,0.02,-0.03,-0.00
-3.00,9.33,-0.51,0.02,-0.03,-0.00
-3.00,9.33,-0.49,0.02,-0.03,-0.00
-2.96,9.32,-0.49,0.02,-0.00,0.01
-2.96,9.32,-0.49,0.02,-0.00,0.01
-2.96,9.32,-0.49,0.02,-0.00,0.01
-2.96,9.32,-0.49,0.02,-0.00,0.01
-2.96,9.32,-0.49,0.02,-0.00,0.01
-3.02,9.34,-0.54,0.02,0.02,0.03
-3.02,9.34,-0.54,0.02,0.02,0.03
-3.02,9.34,-0.54,0.02,0.02,0.03
-3.02,9.34,-0.54,0.02,0.02,0.03
-3.02,9.34,-0.54,0.02,0.02,0.03
-2.92,9.38,-0.55,0.02,0.02,0.03
-2.92,9.38,-0.55,0.02,0.02,0.03
-2.92,9.38,-0.55,0.02,0.02,0.03
-2.92,9.38,-0.55,0.02,0.02,0.03
-2.92,9.38,-0.55,0.02,0.02,0.03
-2.95,9.40,-0.51,0.02,0.02,0.05
-2.95,9.40,-0.51,0.02,0.02,0.05
-2.95,9.40,-0.51,0.02,0.02,0.05
-2.95,9.40,-0.51,0.02,0.02,0.05
-2.95,9.40,-0.51,0.02,0.02,0.05
-2.95,9.40,-0.51,0.02,0.02,0.05
-2.99,9.44,-0.45,0.02,0.01,0.06
-2.99,9.44,-0.45,0.02,0.01,0.06
-2.99,9.44,-0.45,0.02,0.01,0.06
-2.99,9.44,-0.45,0.02,0.01,0.06
-2.99,9.44,-0.45,0.02,0.01,0.06
-2.94,9.39,-0.43,0.01,-0.02,0.06
-2.94,9.39,-0.43,0.01,-0.02,0.06
-2.94,9.39,-0.43,0.01,-0.02,0.06
-2.94,9.39,-0.43,0.01,-0.02,0.06
-2.94,9.39,-0.43,0.01,-0.02,0.06
-2.87,9.40,-0.40,0.01,-0.05,0.05
-2.87,9.40,-0.40,-0.01,-0.05,0.05
-2.87,9.40,-0.40,-0.01,-0.05,0.05
-2.87,9.40,-0.40,-0.01,-0.05,0.05
-2.87,9.40,-0.40,-0.01,-0.05,0.05
-2.87,9.40,-0.40,-0.01,-0.05,0.05
-2.87,9.47,-0.43,-0.02,-0.07,0.06
-2.87,9.47,-0.43,-0.02,-0.07,0.06
-2.87,9.47,-0.43,-0.02,-0.07,0.06
-2.87,9.47,-0.43,-0.02,-0.07,0.06
-2.87,9.47,-0.43,-0.02,-0.07,0.06
-2.80,9.53,-0.42,-0.04,-0.09,0.05
-2.80,9.53,-0.42,-0.04,-0.09,0.05
-2.80,9.53,-0.42,-0.04,-0.09,0.05
-2.80,9.53,-0.42,-0.04,-0.09,0.05
-2.80,9.53,-0.42,-0.04,-0.09,0.05
-3.08,9.62,-0.38,-0.07,-0.12,0.06
-3.08,9.62,-0.38,-0.07,-0.12,0.06
-3.08,9.62,-0.38,-0.07,-0.12,0.06
-3.08,9.62,-0.38,-0.07,-0.12,0.06
-3.08,9.62,-0.38,-0.07,-0.12,0.06
-3.08,9.62,-0.38,-0.07,-0.12,0.06
-3.71,9.66,0.29,-0.11,-0.54,0.18
-3.71,9.66,0.29,-0.11,-0.54,0.18
-3.71,9.66,0.29,-0.11,-0.54,0.18
-3.71,9.66,0.29,-0.11,-0.54,0.18
-3.71,9.66,0.29,-0.11,-0.54,0.18
-2.86,9.69,0.56,-0.20,-1.41,0.30
-2.86,9.69,0.56,-0.20,-1.41,0.30
-2.86,9.69,0.56,-0.20,-1.41,0.30
-2.86,9.69,0.56,-0.20,-1.41,0.30
-2.86,9.69,0.56,-0.20,-1.41,0.30
-2.86,9.69,0.56,-0.20,-1.41,0.30
-2.72,9.51,0.89,-0.23,-1.36,0.17
-2.72,9.51,0.89,-0.23,-1.36,0.17
-2.72,9.51,0.89,-0.23,-1.36,0.17
-2.72,9.51,0.89,-0.23,-1.36,0.17
-2.72,9.51,0.89,-0.23,-1.36,0.17
-3.02,9.39,1.17,-0.23,-0.97,-0.22
-3.02,9.39,1.17,-0.23,-0.97,-0.22
-3.02,9.39,1.17,-0.23,-0.97,-0.22
-3.02,9.39,1.17,-0.23,-0.97,-0.22
-3.02,9.39,1.17,-0.23,-0.97,-0.22
-2.49,9.14,0.94,-0.48,-0.62,-0.62
-2.49,9.14,0.94,-0.48,-0.62,-0.62
-2.49,9.14,0.94,-0.48,-0.62,-0.62
-2.49,9.14,0.94,-0.48,-0.62,-0.62
-2.49,9.14,0.94,-0.48,-0.62,-0.62
-2.49,9.14,0.94,-0.48,-0.62,-0.62
-2.58,8.59,0.46,-0.51,0.08,-0.71
-2.58,8.59,0.46,-0.51,0.08,-0.71
-2.58,8.59,0.46,-0.51,0.08,-0.71
-2.58,8.59,0.46,-0.51,0.08,-0.71
-2.58,8.59,0.46,-0.51,0.08,-0.71
-2.49,7.76,-0.12,-0.05,0.11,-0.44
-2.49,7.76,-0.12,-0.05,0.11,-0.44
-2.49,7.76,-0.12,-0.05,0.11,-0.44
-2.49,7.76,-0.12,-0.05,0.11,-0.44
-2.49,7.76,-0.12,-0.05,0.11,-0.44
-2.49,7.63,-0.12,0.70,-0.42,0.00
-2.49,7.63,-0.12,0.70,-0.42,0.00
-2.49,7.63,-0.12,0.70,-0.42,0.00
-2.49,7.63,-0.12,0.70,-0.42,0.00
-2.49,7.63,-0.12,0.70,-0.42,0.00
-2.49,7.63,-0.12,0.70,-0.42,0.00
-3.25,8.92,0.21,1.40,-1.18,0.40
-3.25,8.92,0.21,1.40,-1.18,0.40
-3.25,8.92,0.21,1.40,-1.18,0.40
-3.25,8.92,0.21,1.40,-1.18,0.40
-3.25,8.92,0.21,1.40,-1.18,0.40
-2.92,10.26,0.30,1.57,-2.05,0.33
-2.92,10.26,0.30,1.57,-2.05,0.33
-2.92,10.26,0.30,1.57,-2.05,0.33
-2.92,10.26,0.30,1.57,-2.05,0.33
-2.92,10.26,0.30,1.57,-2.05,0.33
-2.92,10.26,0.30,1.57,-2.05,0.33
-1.75,11.47,0.99,1.16,-1.14,-0.42
-1.75,11.47,0.99,1.16,-1.14,-0.42
-1.75,11.47,0.99,1.16,-1.14,-0.42
-1.75,11.47,0.99,1.16,-1.14,-0.42
-1.75,11.47,0.99,1.16,-1.14,-0.42
-2.61,10.58,-2.00,0.82,1.64,-1.08
-2.61,10.58,-2.00,0.82,1.64,-1.08
-2.61,10.58,-2.00,0.82,1.64,-1.08
-2.61,10.58,-2.00,0.82,1.64,-1.08
-2.61,10.58,-2.00,0.82,1.64,-1.08
-2.30,9.30,-1.84,0.46,1.42,-0.65
-2.30,9.30,-1.84,0.46,1.42,-0.65
-2.30,9.30,-1.84,0.46,1.42,-0.65
-2.30,9.30,-1.84,0.46,1.42,-0.65
-2.30,9.30,-1.84,0.46,1.42,-0.65
-2.30,9.30,-1.84,0.46,1.42,-0.65
-4.43,7.82,-2.69,-0.11,0.83,-0.11
-4.43,7.82,-2.69,-0.11,0.83,-0.11
-4.43,7.82,-2.69,-0.11,0.83,-0.11
-4.43,7.82,-2.69,-0.11,0.83,-0.11
-4.43,7.82,-2.69,-0.11,0.83,-0.11
-4.13,8.20,-2.41,-0.28,0.44,0.08
-4.13,8.20,-2.41,-0.28,0.44,0.08
-4.13,8.20,-2.41,-0.28,0.44,0.08
-4.13,8.20,-2.41,-0.28,0.44,0.08
-4.13,8.20,-2.41,-0.28,0.44,0.08
-4.13,8.20,-2.41,-0.28,0.44,0.08
-3.21,9.07,-2.08,-0.24,0.50,0.00
-3.21,9.07,-2.08,-0.24,0.50,0.00
-3.21,9.07,-2.08,-0.24,0.50,0.00
-3.21,9.07,-2.08,-0.24,0.50,0.00
-3.21,9.07,-2.08,-0.24,0.50,0.00
-3.42,9.04,-2.17,-0.04,0.49,-0.05
-3.42,9.04,-2.17,-0.04,0.49,-0.05
-3.42,9.04,-2.17,-0.04,0.49,-0.05
-3.42,9.04,-2.17,-0.04,0.49,-0.05
-3.42,9.04,-2.17,-0.04,0.49,-0.05
-3.42,8.84,-2.73,-0.04,0.49,-0.05
-3.39,8.84,-2.73,0.10,0.02,0.00
-3.39,8.84,-2.73,0.10,0.02,0.00
-3.39,8.84,-2.73,0.10,0.02,0.00
-3.39,8.84,-2.73,0.10,0.02,0.00
-3.39,8.84,-2.73,0.10,0.02,0.00
-3.63,9.07,-2.44,0.16,-0.32,0.11
-3.63,9.07,-2.44,0.16,-0.32,0.11
-3.63,9.07,-2.44,0.16,-0.32,0.11
-3.63,9.07,-2.44,0.16,-0.32,0.11
-3.63,9.07,-2.44,0.16,-0.32,0.11
-3.47,9.06,-2.81,0.58,-0.48,0.17
-3.47,9.06,-2.81,0.58,-0.48,0.17
-3.47,9.06,-2.81,0.58,-0.48,0.17
-3.47,9.06,-2.81,0.58,-0.48,0.17
-3.47,9.06,-2.81,0.58,-0.48,0.17
-3.47,9.06,-2.81,0.58,-0.48,0.17
-3.25,8.99,-3.44,0.71,-0.21,-0.06
-3.25,8.99,-3.44,0.71,-0.21,-0.06
-3.25,8.99,-3.44,0.71,-0.21,-0.06
-3.25,8.99,-3.44,0.71,-0.21,-0.06
-3.25,8.99,-3.44,0.71,-0.21,-0.06
-2.14,8.00,-4.26,0.09,-0.03,-0.20
-2.14,8.00,-4.26,0.09,-0.03,-0.20
-2.14,8.00,-4.26,0.09,-0.03,-0.20
-2.14,8.00,-4.26,0.09,-0.03,-0.20
-2.14,8.00,-4.26,0.09,-0.03,-0.20
-2.14,8.00,-4.26,0.09,-0.03,-0.20
-3.23,8.03,-4.24,-0.49,0.31,-0.05
-3.23,8.03,-4.24,-0.49,0.31,-0.05
-3.23,8.03,-4.24,-0.49,0.31,-0.05
-3.23,8.03,-4.24,-0.49,0.31,-0.05
-3.23,8.03,-4.24,-0.49,0.31,-0.05
-3.98,9.12,-2.11,-0.59,0.54,0.02
-3.98,9.12,-2.11,-0.59,0.54,0.02
-3.98,9.12,-2.11,-0.59,0.54,0.02
-3.98,9.12,-2.11,-0.59,0.54,0.02
-3.98,9.12,-2.11,-0.59,0.54,0.02
-3.98,9.12,-2.11,-0.59,0.54,0.02
-3.44,9.21,-2.18,-0.41,0.42,-0.11
-3.44,9.21,-2.18,-0.41,0.42,-0.11
-3.44,9.21,-2.18,-0.41,0.42,-0.11
-3.44,9.21,-2.18,-0.41,0.42,-0.11
-3.44,9.21,-2.18,-0.41,0.42,-0.11
-3.00,8.96,-2.61,-0.36,0.41,-0.24
-3.00,8.96,-2.61,-0.36,0.41,-0.24
-3.00,8.96,-2.61,-0.36,0.41,-0.24
-3.00,8.96,-2.61,-0.36,0.41,-0.24
-3.00,8.96,-2.61,-0.36,0.41,-0.24
-3.47,8.99,-2.28,-0.36,0.41,-0.24
-3.47,8.99,-2.28,-0.45,0.59,-0.36
-3.47,8.99,-2.28,-0.45,0.59,-0.36
-3.47,8.99,-2.28,-0.45,0.59,-0.36
-3.47,8.99,-2.28,-0.45,0.59,-0.36
-3.47,8.99,-2.28,-0.45,0.59,-0.36
-4.02,8.87,-1.77,-0.52,0.63,-0.46
-4.02,8.87,-1.77,-0.52,0.63,-0.46
-4.02,8.87,-1.77,-0.52,0.63,-0.46
-4.02,8.87,-1.77,-0.52,0.63,-0.46
-4.02,8.87,-1.77,-0.52,0.63,-0.46
-4.28,8.80,-1.63,-0.49,0.52,-0.49
-4.28,8.80,-1.63,-0.49,0.52,-0.49
-4.28,8.80,-1.63,-0.49,0.52,-0.49
-4.28,8.80,-1.63,-0.49,0.52,-0.49
-4.28,8.80,-1.63,-0.49,0.52,-0.49
-4.28,8.80,-1.63,-0.49,0.52,-0.49
-3.87,8.46,-1.72,-0.46,0.40,-0.46
-3.87,8.46,-1.72,-0.46,0.40,-0.46
-3.87,8.46,-1.72,-0.46,0.40,-0.46
-3.87,8.46,-1.72,-0.46,0.40,-0.46
-3.87,8.46,-1.72,-0.46,0.40,-0.46
-3.93,8.32,-1.81,-0.36,0.21,-0.25
-3.93,8.32,-1.81,-0.36,0.21,-0.25
-3.93,8.32,-1.81,-0.36,0.21,-0.25
-3.93,8.32,-1.81,-0.36,0.21,-0.25
-3.93,8.32,-1.81,-0.36,0.21,-0.25
-4.12,8.45,-1.92,-0.36,0.04,-0.02
-4.12,8.45,-1.92,-0.18,0.04,-0.02
-4.12,8.45,-1.92,-0.18,0.04,-0.02
-4.12,8.45,-1.92,-0.18,0.04,-0.02
-4.12,8.45,-1.92,-0.18,0.04,-0.02
-4.12,8.45,-1.92,-0.18,0.04,-0.02
-3.93,8.42,-1.33,0.13,-0.38,0.24
-3.93,8.42,-1.33,0.13,-0.38,0.24