-1.17,9.63,-1.27,-0.01,0.08,-0.01
-1.17,9.63,-1.27,-0.01,0.08,-0.01
-1.17,9.63,-1.27,-0.01,0.08,-0.01
-1.40,9.49,-1.10,-0.01,0.06,-0.03
-1.40,9.49,-1.10,-0.01,0.06,-0.03
-1.40,9.49,-1.10,-0.01,0.06,-0.03
-1.40,9.49,-1.10,-0.01,0.06,-0.03
-1.40,9.49,-1.10,-0.01,0.06,-0.03
-1.40,9.49,-1.10,-0.01,0.06,-0.03
-1.39,9.57,-1.21,-0.02,-0.00,-0.12
-1.39,9.57,-1.21,-0.02,-0.00,-0.12
-1.39,9.57,-1.21,-0.02,-0.00,-0.12
-1.39,9.57,-1.21,-0.02,-0.00,-0.12
-1.39,9.57,-1.21,-0.02,-0.00,-0.12
-1.13,9.52,-1.25,-0.06,0.04,-0.21
-1.13,9.52,-1.25,-0.06,0.04,-0.21
-1.13,9.52,-1.25,-0.06,0.04,-0.21
-1.13,9.52,-1.25,-0.06,0.04,-0.21
-1.13,9.52,-1.25,-0.06,0.04,-0.21
-1.13,9.52,-1.25,-0.06,0.04,-0.21
-1.47,9.44,-1.08,-0.07,0.16,-0.25
-1.47,9.44,-1.08,-0.07,0.16,-0.25
-1.47,9.44,-1.08,-0.07,0.16,-0.25
-1.47,9.44,-1.08,-0.07,0.16,-0.25
-1.47,9.44,-1.08,-0.07,0.16,-0.25
-1.70,9.33,-1.16,-0.10,0.28,-0.39
-1.70,9.33,-1.16,-0.10,0.28,-0.39
-1.70,9.33,-1.16,-0.10,0.28,-0.39
-1.70,9.33,-1.16,-0.10,0.28,-0.39
-1.70,9.33,-1.16,-0.10,0.28,-0.39
-1.95,9.35,-1.25,-0.09,0.41,-0.51
-1.95,9.35,-1.25,-0.09,0.41,-0.51
-1.95,9.35,-1.25,-0.09,0.41,-0.51
-1.95,9.35,-1.25,-0.09,0.41,-0.51
-1.95,9.35,-1.25,-0.09,0.41,-0.51
-1.95,9.35,-1.25,-0.09,0.41,-0.51
-2.21,9.53,-1.18,-0.05,0.37,-0.54
-2.21,9.53,-1.18,-0.05,0.37,-0.54
-2.21,9.53,-1.18,-0.05,0.37,-0.54
-2.21,9.53,-1.18,-0.05,0.37,-0.54
-2.21,9.53,-1.18,-0.05,0.37,-0.54
-2.61,9.34,-1.38,0.00,0.32,-0.48
-2.61,9.34,-1.38,0.00,0.32,-0.48
-2.61,9.34,-1.38,0.00,0.32,-0.48
-2.61,9.34,-1.38,0.00,0.32,-0.48
-2.61,9.34,-1.38,0.00,0.32,-0.48
-2.97,9.38,-1.41,0.07,0.28,-0.43
-2.97,9.38,-1.41,0.07,0.28,-0.43
-2.97,9.38,-1.41,0.07,0.28,-0.43
-2.97,9.38,-1.41,0.07,0.28,-0.43
-2.97,9.38,-1.41,0.07,0.28,-0.43
-2.97,9.38,-1.41,0.07,0.28,-0.43
-2.83,9.55,-1.46,0.08,0.16,-0.32
-2.83,9.55,-1.46,0.08,0.16,-0.32
-2.83,9.55,-1.46,0.08,0.16,-0.32
-2.83,9.55,-1.46,0.08,0.16,-0.32
-2.83,9.55,-1.46,0.08,0.16,-0.32
-3.03,9.29,-1.61,0.05,0.03,-0.20
-3.03,9.29,-1.61,0.05,0.03,-0.20
-3.03,9.29,-1.61,0.05,0.03,-0.20
-3.03,9.29,-1.61,0.05,0.03,-0.20
-3.03,9.29,-1.61,0.05,0.03,-0.20
-3.03,9.29,-1.61,0.05,0.03,-0.20
-3.36,9.08,-1.63,-0.01,0.05,-0.18
-3.36,9.08,-1.63,-0.01,0.05,-0.18
-3.36,9.08,-1.63,-0.01,0.05,-0.18
-3.36,9.08,-1.63,-0.01,0.05,-0.18
-3.36,9.08,-1.63,-0.01,0.05,-0.18
-3.77,9.00,-1.55,-0.06,0.14,-0.18
-3.77,9.00,-1.55,-0.06,0.14,-0.18
-3.77,9.00,-1.55,-0.06,0.14,-0.18
-3.77,9.00,-1.55,-0.06,0.14,-0.18
-3.77,9.00,-1.55,-0.06,0.14,-0.18
-3.62,8.99,-1.50,-0.08,0.13,-0.18
-3.62,8.99,-1.50,-0.08,0.13,-0.18
-3.62,8.99,-1.50,-0.08,0.13,-0.18
-3.62,8.99,-1.50,-0.08,0.13,-0.18
-3.62,8.99,-1.50,-0.08,0.13,-0.18
-3.62,8.99,-1.50,-0.08,0.13,-0.18
-3.57,9.06,-1.56,-0.05,0.08,-0.12
-3.57,9.06,-1.56,-0.05,0.08,-0.12
-3.57,9.06,-1.56,-0.05,0.08,-0.12
-3.57,9.06,-1.56,-0.05,0.08,-0.12
-3.57,9.06,-1.56,-0.05,0.08,-0.12
-3.75,9.08,-1.55,-0.01,0.05,-0.05
-3.75,9.08,-1.55,-0.01,0.05,-0.05
-3.75,9.08,-1.55,-0.01,0.05,-0.05
-3.75,9.08,-1.55,-0.01,0.05,-0.05
-3.75,9.08,-1.55,-0.01,0.05,-0.05
-3.75,9.08,-1.55,-0.01,0.05,-0.05
-3.78,8.85,-1.57,0.01,0.01,-0.04
-3.78,8.85,-1.57,0.01,0.01,-0.04
-3.78,8.85,-1.57,0.01,0.01,-0.04
-3.78,8.85,-1.57,0.01,0.01,-0.04
-3.78,8.85,-1.57,0.01,0.01,-0.04
-3.85,8.77,-1.50,0.00,-0.01,-0.06
-3.85,8.77,-1.50,0.00,-0.01,-0.06
-3.85,8.77,-1.50,0.00,-0.01,-0.06
-3.85,8.77,-1.50,0.00,-0.01,-0.06
-3.85,8.77,-1.50,0.00,-0.01,-0.06
-3.84,8.82,-1.56,0.01,-0.04,-0.06
-3.84,8.82,-1.56,0.01,-0.04,-0.06
-3.84,8.82,-1.56,0.01,-0.04,-0.06
-3.84,8.82,-1.56,0.01,-0.04,-0.06
-3.84,8.82,-1.56,0.01,-0.04,-0.06
-3.84,8.82,-1.56,0.01,-0.04,-0.06
-3.91,8.90,-1.61,0.03,-0.06,-0.06
-3.91,8.90,-1.61,0.03,-0.06,-0.06
-3.91,8.90,-1.61,0.03,-0.06,-0.06
-3.91,8.90,-1.61,0.03,-0.06,-0.06
-3.91,8.90,-1.61,0.03,-0.06,-0.06
-3.87,8.89,-1.49,0.04,-0.06,-0.06
-3.87,8.89,-1.49,0.04,-0.06,-0.06
-3.87,8.89,-1.49,0.04,-0.06,-0.06
-3.87,8.89,-1.49,0.04,-0.06,-0.06
-3.87,8.89,-1.49,0.04,-0.06,-0.06
-3.92,8.86,-1.46,0.06,-0.11,-0.02
-3.92,8.86,-1.46,0.06,-0.11,-0.02
-3.92,8.86,-1.46,0.06,-0.11,-0.02
-3.92,8.86,-1.46,0.06,-0.11,-0.02
-3.92,8.86,-1.46,0.06,-0.11,-0.02
-3.92,8.86,-1.46,0.06,-0.11,-0.02
-4.02,8.88,-1.25,0.06,-0.20,0.02
-4.02,8.88,-1.25,0.06,-0.20,0.02
-4.02,8.88,-1.25,0.06,-0.20,0.02
-4.02,8.88,-1.25,0.06,-0.20,0.02
-4.02,8.88,-1.25,0.06,-0.20,0.02
-4.65,9.06,-0.64,0.03,-0.35,0.05
-4.65,9.06,-0.64,0.03,-0.35,0.05
-4.65,9.06,-0.64,0.03,-0.35,0.05
-4.65,9.06,-0.64,0.03,-0.35,0.05
-4.65,9.06,-0.64,0.03,-0.35,0.05
-4.65,10.13,-0.31,0.03,-0.35,0.05
-6.63,10.13,-0.31,-0.08,-0.84,-0.14
-6.63,10.13,-0.31,-0.08,-0.84,-0.14
-6.63,10.13,-0.31,-0.08,-0.84,-0.14
-6.63,10.13,-0.31,-0.08,-0.84,-0.14
-6.63,10.13,-0.31,-0.08,-0.84,-0.14
-8.80,11.59,-0.21,-0.31,-1.32,-1.13
-8.80,11.59,-0.21,-0.31,-1.32,-1.13
-8.80,11.59,-0.21,-0.31,-1.32,-1.13
-8.80,11.59,-0.21,-0.31,-1.32,-1.13
-8.80,11.59,-0.21,-0.31,-1.32,-1.13
-11.52,9.90,-0.22,-0.34,-0.87,-2.92
-11.52,9.90,-0.22,-0.34,-0.87,-2.92
-11.52,9.90,-0.22,-0.34,-0.87,-2.92
-11.52,9.90,-0.22,-0.34,-0.87,-2.92
-11.52,9.90,-0.22,-0.34,-0.87,-2.92
-11.42,6.12,-0.32,-0.24,-1.27,-4.07
-11.42,6.12,-0.32,-0.24,-1.27,-4.07
-11.42,6.12,-0.32,-0.24,-1.27,-4.07
-11.42,6.12,-0.32,-0.24,-1.27,-4.07
-11.42,6.12,-0.32,-0.24,-1.27,-4.07
-11.42,6.12,-0.32,-0.24,-1.27,-4.07
-10.29,2.54,-0.01,-0.29,-1.14,-4.85
-10.29,2.54,-0.01,-0.29,-1.14,-4.85
-10.29,2.54,-0.01,-0.29,-1.14,-4.85
-10.29,2.54,-0.01,-0.29,-1.14,-4.85
-10.29,2.54,-0.01,-0.29,-1.14,-4.85
-8.15,-0.01,-0.50,0.36,-0.81,-5.00
-8.15,-0.01,-0.50,0.36,-0.81,-5.00
-8.15,-0.01,-0.50,0.36,-0.81,-5.00
-8.15,-0.01,-0.50,0.36,-0.81,-5.00
-8.15,-0.01,-0.50,0.36,-0.81,-5.00
-4.43,-1.76,0.43,0.36,-0.23,-4.85
-4.43,-1.76,0.43,1.49,-0.23,-4.85
-4.43,-1.76,0.43,1.49,-0.23,-4.85
-4.43,-1.76,0.43,1.49,-0.23,-4.85
-4.43,-1.76,0.43,1.49,-0.23,-4.85
-4.43,-1.76,0.43,1.49,-0.23,-4.85
-2.06,-1.54,2.88,2.56,0.36,-3.32
-2.06,-1.54,2.88,2.56,0.36,-3.32
-2.06,-1.54,2.88,2.56,0.36,-3.32
-2.06,-1.54,2.88,2.56,0.36,-3.32
-2.06,-1.54,2.88,2.56,0.36,-3.32
-4.80,-2.21,6.10,1.96,1.05,-0.95
-4.80,-2.21,6.10,1.96,1.05,-0.95
-4.80,-2.21,6.10,1.96,1.05,-0.95
-4.80,-2.21,6.10,1.96,1.05,-0.95
-4.80,-2.21,6.10,1.96,1.05,-0.95
-4.80,-2.21,6.10,1.96,1.05,-0.95
-6.62,-6.05,4.55,0.16,0.78,0.10
-6.62,-6.05,4.55,0.16,0.78,0.10
-6.62,-6.05,4.55,0.16,0.78,0.10
-6.62,-6.05,4.55,0.16,0.78,0.10
-6.62,-6.05,4.55,0.16,0.78,0.10
-6.11,-6.70,4.79,-0.22,0.39,-0.02
-6.11,-6.70,4.79,-0.22,0.39,-0.02
-6.11,-6.70,4.79,-0.22,0.39,-0.02
-6.11,-6.70,4.79,-0.22,0.39,-0.02
-6.11,-6.70,4.79,-0.22,0.39,-0.02
-6.60,-6.43,4.56,-0.11,0.21,-0.02
-6.60,-6.43,4.56,-0.11,0.21,-0.02
-6.60,-6.43,4.56,-0.11,0.21,-0.02
-6.60,-6.43,4.56,-0.11,0.21,-0.02
-6.60,-6.43,4.56,-0.11,0.21,-0.02
-6.60,-6.43,4.56,-0.11,0.21,-0.02
-6.43,-6.20,4.42,0.02,0.07,0.05
-6.43,-6.20,4.42,0.02,0.07,0.05
-6.43,-6.20,4.42,0.02,0.07,0.05
-6.43,-6.20,4.42,0.02,0.07,0.05
-6.43,-6.20,4.42,0.02,0.07,0.05
-6.22,-6.23,4.37,-0.02,-0.02,0.06
-6.22,-6.23,4.37,-0.02,-0.02,0.06
-6.22,-6.23,4.37,-0.02,-0.02,0.06
-6.22,-6.23,4.37,-0.02,-0.02,0.06
-6.22,-6.23,4.37,-0.02,-0.02,0.06
-6.15,-6.36,4.40,-0.10,-0.01,0.01
-6.15,-6.36,4.40,-0.10,-0.01,0.01
-6.15,-6.36,4.40,-0.10,-0.01,0.01
-6.15,-6.36,4.40,-0.10,-0.01,0.01
-6.15,-6.36,4.40,-0.10,-0.01,0.01
-6.15,-6.36,4.40,-0.10,-0.01,0.01
-6.38,-6.50,4.39,-0.10,-0.01,-0.02
-6.38,-6.50,4.39,-0.10,-0.01,-0.02
-6.38,-6.50,4.39,-0.10,-0.01,-0.02
-6.38,-6.50,4.39,-0.10,-0.01,-0.02
-6.38,-6.50,4.39,-0.10,-0.01,-0.02
-6.14,-6.38,4.31,-0.02,-0.05,-0.01
-6.14,-6.38,4.31,-0.02,-0.05,-0.01
-6.14,-6.38,4.31,-0.02,-0.05,-0.01
-6.14,-6.38,4.31,-0.02,-0.05,-0.01
-6.14,-6.38,4.31,-0.02,-0.05,-0.01
-6.13,-6.19,4.37,0.03,0.03,0.04
-6.13,-6.19,4.37,0.03,0.03,0.04
-6.13,-6.19,4.37,0.03,0.03,0.04
-6.13,-6.19,4.37,0.03,0.03,0.04
-6.13,-6.19,4.37,0.03,0.03,0.04
-6.13,-6.19,4.37,0.03,0.03,0.04
-6.24,-5.39,4.75,-0.07,-0.03,0.12
-6.24,-5.39,4.75,-0.07,-0.03,0.12
-6.24,-5.39,4.75,-0.07,-0.03,0.12
-6.24,-5.39,4.75,-0.07,-0.03,0.12
-6.24,-5.39,4.75,-0.07,-0.03,0.12
-5.68,-3.82,5.16,-0.68,-0.53,0.64
-5.68,-3.82,5.16,-0.68,-0.53,0.64
-5.68,-3.82,5.16,-0.68,-0.53,0.64
-5.68,-3.82,5.16,-0.68,-0.53,0.64
-5.68,-3.82,5.16,-0.68,-0.53,0.64
-5.47,-4.07,3.91,-1.32,-1.21,1.53
-5.47,-4.07,3.91,-1.32,-1.21,1.53
-5.47,-4.07,3.91,-1.32,-1.21,1.53
-5.47,-4.07,3.91,-1.32,-1.21,1.53
-5.47,-4.07,3.91,-1.32,-1.21,1.53
-5.47,-4.07,3.91,-1.32,-1.21,1.53
-7.52,-3.18,4.09,-1.48,-1.02,2.21
-7.52,-3.18,4.09,-1.48,-1.02,2.21
-7.52,-3.18,4.09,-1.48,-1.02,2.21
-7.52,-3.18,4.09,-1.48,-1.02,2.21
-7.52,-3.18,4.09,-1.48,-1.02,2.21
-8.01,-3.02,3.06,-1.63,-0.74,2.49
-8.01,-3.02,3.06,-1.63,-0.74,2.49
-8.01,-3.02,3.06,-1.63,-0.74,2.49
-8.01,-3.02,3.06,-1.63,-0.74,2.49
-8.01,-3.02,3.06,-1.63,-0.74,2.49
-10.10,-2.58,2.84,-1.40,-0.35,2.48
-10.10,-2.58,2.84,-1.40,-0.35,2.48
-10.10,-2.58,2.84,-1.40,-0.35,2.48
-10.10,-2.58,2.84,-1.40,-0.35,2.48
-10.10,-2.58,2.84,-1.40,-0.35,2.48
-10.10,-2.58,2.84,-1.40,-0.35,2.48
-8.76,-1.29,3.34,-0.66,-1.78,2.84
-8.76,-1.29,3.34,-0.66,-1.78,2.84
-8.76,-1.29,3.34,-0.66,-1.78,2.84
-8.76,-1.29,3.34,-0.66,-1.78,2.84
-8.76,-1.29,3.34,-0.66,-1.78,2.84
-7.53,0.82,4.30,0.39,-2.36,2.87
-7.53,0.82,4.30,0.39,-2.36,2.87
-7.53,0.82,4.30,0.39,-2.36,2.87
-7.53,0.82,4.30,0.39,-2.36,2.87
-7.53,0.82,4.30,0.39,-2.36,2.87
-8.70,3.19,5.66,1.28,-1.23,2.20
-8.70,3.19,5.66,1.28,-1.23,2.20
-8.70,3.19,5.66,1.28,-1.23,2.20
-8.70,3.19,5.66,1.28,-1.23,2.20
-8.70,3.19,5.66,1.28,-1.23,2.20
-8.70,3.19,5.66,1.28,-1.23,2.20
-6.52,3.95,4.91,1.69,-0.16,1.30
-6.52,3.95,4.91,1.69,-0.16,1.30
-6.52,3.95,4.91,1.69,-0.16,1.30
-6.52,3.95,4.91,1.69,-0.16,1.30
-6.52,3.95,4.91,1.69,-0.16,1.30
-6.30,5.24,5.81,1.84,0.73,0.85
-6.30,5.24,5.81,1.84,0.73,0.85
-6.30,5.24,5.81,1.84,0.73,0.85
-6.30,5.24,5.81,1.84,0.73,0.85
-6.30,5.24,5.81,1.84,0.73,0.85
-5.04,6.65,4.48,1.72,0.91,1.23
-5.04,6.65,4.48,1.72,0.91,1.23
-5.04,6.65,4.48,1.72,0.91,1.23
-5.04,6.65,4.48,1.72,0.91,1.23
-5.04,6.65,4.48,1.72,0.91,1.23
-5.04,6.65,4.48,1.72,0.91,1.23
-5.80,8.66,2.22,1.32,1.84,1.78
-5.80,8.66,2.22,1.32,1.84,1.78
-5.80,8.66,2.22,1.32,1.84,1.78
-5.80,8.66,2.22,1.32,1.84,1.78
-5.80,8.66,2.22,1.32,1.84,1.78
-7.33,10.83,1.20,0.69,2.35,2.10
-7.33,10.83,1.20,0.69,2.35,2.10
-7.33,10.83,1.20,0.69,2.35,2.10
-7.33,10.83,1.20,0.69,2.35,2.10
-7.33,10.83,1.20,0.69,2.35,2.10
-7.33,10.83,1.20,0.69,2.35,2.10
-6.14,11.31,2.16,0.69,2.45,1.11
-6.14,11.31,2.16,0.69,2.45,1.11
-6.14,11.31,2.16,0.69,2.45,1.11
-6.14,11.31,2.16,0.69,2.45,1.11
-6.14,11.31,2.16,0.69,2.45,1.11
-4.39,10.08,2.17,0.22,1.83,-0.46
-4.39,10.08,2.17,0.22,1.83,-0.46
-4.39,10.08,2.17,0.22,1.83,-0.46
-4.39,10.08,2.17,0.22,1.83,-0.46
-4.39,10.08,2.17,0.22,1.83,-0.46
-3.99,8.62,-0.59,0.02,-0.23,-0.23
-3.99,8.62,-0.59,0.02,-0.23,-0.23
-3.99,8.62,-0.59,0.02,-0.23,-0.23
-3.99,8.62,-0.59,0.02,-0.23,-0.23
-3.99,8.62,-0.59,0.02,-0.23,-0.23
-3.99,8.62,-0.59,0.02,-0.23,-0.23
-4.15,8.71,-1.28,0.11,-0.53,0.10
-4.15,8.71,-1.28,0.11,-0.53,0.10
-4.15,8.71,-1.28,0.11,-0.53,0.10
-4.15,8.71,-1.28,0.11,-0.53,0.10
-4.15,8.71,-1.28,0.11,-0.53,0.10
-3.65,9.18,-0.54,0.12,-0.37,0.11
-3.65,9.18,-0.54,0.12,-0.37,0.11
-3.65,9.18,-0.54,0.12,-0.37,0.11
-3.65,9.18,-0.54,0.12,-0.37,0.11
-3.65,9.18,-0.54,0.12,-0.37,0.11
-3.38,9.22,-0.45,0.08,-0.17,0.03
-3.38,9.22,-0.45,0.08,-0.17,0.03
-3.38,9.22,-0.45,0.08,-0.17,0.03
-3.38,9.22,-0.45,0.08,-0.17,0.03
-3.38,9.22,-0.45,0.08,-0.17,0.03
-3.38,9.22,-0.45,0.08,-0.17,0.03
-3.63,9.14,-0.41,0.13,-0.11,0.00
-3.63,9.14,-0.41,0.13,-0.11,0.00
-3.63,9.14,-0.41,0.13,-0.11,0.00
-3.63,9.14,-0.41,0.13,-0.11,0.00
-3.63,9.14,-0.41,0.13,-0.11,0.00
-3.77,8.97,-0.60,0.05,-0.09,0.04
-3.77,8.97,-0.60,0.05,-0.09,0.04
-3.77,8.97,-0.60,0.05,-0.09,0.04
-3.77,8.97,-0.60,0.05,-0.09,0.04
-3.77,8.97,-0.60,0.05,-0.09,0.04
-3.60,9.03,-0.61,0.05,-0.09,0.04
-3.60,9.03,-0.61,0.00,-0.10,0.04
-3.60,9.03,-0.61,0.00,-0.10,0.04
-3.60,9.03,-0.61,0.00,-0.10,0.04
-3.60,9.03,-0.61,0.00,-0.10,0.04
-3.60,9.03,-0.61,0.00,-0.10,0.04
-3.54,9.05,-0.56,0.00,-0.07,-0.00
-3.54,9.05,-0.56,0.00,-0.07,-0.00
-3.54,9.05,-0.56,0.00,-0.07,-0.00
-3.54,9.05,-0.56,0.00,-0.07,-0.00
-3.54,9.05,-0.56,0.00,-0.07,-0.00
-3.64,8.99,-0.61,0.01,0.01,-0.03
-3.64,8.99,-0.61,0.01,0.01,-0.03
-3.64,8.99,-0.61,0.01,0.01,-0.03
-3.64,8.99,-0.61,0.01,0.01,-0.03
-3.64,8.99,-0.61,0.01,0.01,-0.03
-3.64,8.99,-0.61,0.01,0.01,-0.03
-3.68,8.98,-0.55,0.01,0.05,-0.06
-3.68,8.98,-0.55,0.01,0.05,-0.06
-3.68,8.98,-0.55,0.01,0.05,-0.06
-3.68,8.98,-0.55,0.01,0.05,-0.06
-3.68,8.98,-0.55,0.01,0.05,-0.06
-3.76,9.03,-0.58,0.01,0.05,-0.08
-3.76,9.03,-0.58,0.01,0.05,-0.08
-3.76,9.03,-0.58,0.01,0.05,-0.08
-3.76,9.03,-0.58,0.01,0.05,-0.08
-3.76,9.03,-0.58,0.01,0.05,-0.08
-3.80,9.06,-0.50,-0.00,0.04,-0.06
-3.80,9.06,-0.50,-0.00,0.04,-0.06
-3.80,9.06,-0.50,-0.00,0.04,-0.06
-3.80,9.06,-0.50,-0.00,0.04,-0.06
-3.80,9.06,-0.50,-0.00,0.04,-0.06
-3.80,9.06,-0.50,-0.00,0.04,-0.06
-3.83,9.05,-0.49,-0.01,0.02,-0.03
-3.83,9.05,-0.49,-0.01,0.02,-0.03
-3.83,9.05,-0.49,-0.01,0.02,-0.03
-3.83,9.05,-0.49,-0.01,0.02,-0.03
-3.83,9.05,-0.49,-0.01,0.02,-0.03
-3.77,9.07,-0.58,0.02,-0.03,-0.01
-3.77,9.07,-0.58,0.02,-0.03,-0.01
-3.77,9.07,-0.58,0.02,-0.03,-0.01
-3.77,9.07,-0.58,0.02,-0.03,-0.01
-3.77,9.07,-0.58,0.02,-0.03,-0.01
-3.76,9.04,-0.64,0.03,-0.03,-0.01
-3.76,9.04,-0.64,0.03,-0.03,-0.01
-3.76,9.04,-0.64,0.03,-0.03,-0.01
-3.76,9.04,-0.64,0.03,-0.03,-0.01
-3.76,9.04,-0.64,0.03,-0.03,-0.01
-3.80,9.00,-0.55,0.03,-0.03,-0.01
-3.80,9.00,-0.55,0.02,0.01,-0.01
-3.80,9.00,-0.55,0.02,0.01,-0.01
-3.80,9.00,-0.55,0.02,0.01,-0.01
-3.80,9.00,-0.55,0.02,0.01,-0.01
-3.80,9.00,-0.55,0.02,0.01,-0.01
-3.85,9.03,-0.54,0.02,0.00,-0.00
-3.85,9.03,-0.54,0.02,0.00,-0.00
-3.85,9.03,-0.54,0.02,0.00,-0.00
-3.85,9.03,-0.54,0.02,0.00,-0.00
-3.85,9.03,-0.54,0.02,0.00,-0.00
-3.76,9.02,-0.59,0.02,-0.02,0.01
-3.76,9.02,-0.59,0.02,-0.02,0.01
-3.76,9.02,-0.59,0.02,-0.02,0.01
-3.76,9.02,-0.59,0.02,-0.02,0.01
-3.76,9.02,-0.59,0.02,-0.02,0.01
-3.76,9.02,-0.59,0.02,-0.02,0.01
-3.77,9.02,-0.59,0.01,-0.01,0.01
-3.77,9.02,-0.59,0.01,-0.01,0.01
-3.77,9.02,-0.59,0.01,-0.01,0.01
-3.77,9.02,-0.59,0.01,-0.01,0.01
-3.77,9.02,-0.59,0.01,-0.01,0.01
-3.78,9.02,-0.52,0.02,-0.02,0.02
-3.78,9.02,-0.52,0.02,-0.02,0.02
-3.78,9.02,-0.52,0.02,-0.02,0.02
-3.78,9.02,-0.52,0.02,-0.02,0.02
-3.78,9.02,-0.52,0.02,-0.02,0.02
-3.78,9.02,-0.52,0.02,-0.02,0.02
-3.76,9.03,-0.54,0.02,-0.04,0.02
-3.76,9.03,-0.54,0.02,-0.04,0.02
-3.76,9.03,-0.54,0.02,-0.04,0.02
-3.76,9.03,-0.54,0.02,-0.04,0.02
-3.76,9.03,-0.54,0.02,-0.04,0.02
-3.67,9.05,-0.54,0.02,-0.05,0.02
-3.67,9.05,-0.54,0.02,-0.05,0.02
-3.67,9.05,-0.54,0.02,-0.05,0.02
-3.67,9.05,-0.54,0.02,-0.05,0.02
-3.67,9.05,-0.54,0.02,-0.05,0.02
-3.66,9.03,-0.49,0.01,-0.05,0.02
-3.66,9.03,-0.49,0.01,-0.05,0.02
-3.66,9.03,-0.49,0.01,-0.05,0.02
-3.66,9.03,-0.49,0.01,-0.05,0.02
-3.66,9.03,-0.49,0.01,-0.05,0.02
-3.66,9.03,-0.49,0.01,-0.05,0.02
-3.77,9.15,-0.35,0.00,-0.08,0.03
-3.77,9.15,-0.35,0.00,-0.08,0.03
-3.77,9.15,-0.35,0.00,-0.08,0.03
-3.77,9.15,-0.35,0.00,-0.08,0.03
-3.77,9.15,-0.35,0.00,-0.08,0.03
-4.08,9.35,0.21,0.02,-0.16,0.03
-4.08,9.35,0.21,0.02,-0.16,0.03
-4.08,9.35,0.21,0.02,-0.16,0.03
-4.08,9.35,0.21,0.02,-0.16,0.03
-4.08,9.35,0.21,0.02,-0.16,0.03
-4.08,9.35,0.21,0.02,-0.16,0.03
-5.77,10.00,0.53,0.02,-0.26,-0.08
-5.77,10.00,0.53,0.02,-0.26,-0.08
-5.77,10.00,0.53,0.02,-0.26,-0.08
-5.77,10.00,0.53,0.02,-0.26,-0.08
-5.77,10.00,0.53,0.02,-0.26,-0.08
-8.31,11.81,0.57,-0.12,-1.08,-0.47
-8.31,11.81,0.57,-0.12,-1.08,-0.47
-8.31,11.81,0.57,-0.12,-1.08,-0.47
-8.31,11.81,0.57,-0.12,-1.08,-0.47
-8.31,11.81,0.57,-0.12,-1.08,-0.47
-8.84,12.20,1.85,-0.62,-2.29,-1.84
-8.84,12.20,1.85,-0.62,-2.29,-1.84
-8.84,12.20,1.85,-0.62,-2.29,-1.84
-8.84,12.20,1.85,-0.62,-2.29,-1.84
-8.84,12.20,1.85,-0.62,-2.29,-1.84
-8.84,12.20,1.85,-0.62,-2.29,-1.84
-10.29,8.33,1.96,-1.08,-1.06,-3.79
-10.29,8.33,1.96,-1.08,-1.06,-3.79
-10.29,8.33,1.96,-1.08,-1.06,-3.79
-10.29,8.33,1.96,-1.08,-1.06,-3.79
-10.29,8.33,1.96,-1.08,-1.06,-3.79
-10.00,4.03,0.03,-0.98,0.09,-4.91
-10.00,4.03,0.03,-0.98,0.09,-4.91
-10.00,4.03,0.03,-0.98,0.09,-4.91
-10.00,4.03,0.03,-0.98,0.09,-4.91
-10.00,4.03,0.03,-0.98,0.09,-4.91
-10.00,-0.15,-0.51,-0.98,0.09,-4.91
-6.20,-0.15,-0.51,0.29,0.76,-5.00
-6.20,-0.15,-0.51,0.29,0.76,-5.00
-6.20,-0.15,-0.51,0.29,0.76,-5.00
-6.20,-0.15,-0.51,0.29,0.76,-5.00
-6.20,-0.15,-0.51,0.29,0.76,-5.00
-5.00,-1.29,0.03,1.99,0.19,-4.31
-5.00,-1.29,0.03,1.99,0.19,-4.31
-5.00,-1.29,0.03,1.99,0.19,-4.31
-5.00,-1.29,0.03,1.99,0.19,-4.31
-5.00,-1.29,0.03,1.99,0.19,-4.31
-3.87,-0.76,2.80,1.91,-1.35,-1.56
-3.87,-0.76,2.80,1.91,-1.35,-1.56
-3.87,-0.76,2.80,1.91,-1.35,-1.56
-3.87,-0.76,2.80,1.91,-1.35,-1.56
-3.87,-0.76,2.80,1.91,-1.35,-1.56
-3.87,-0.76,2.80,1.91,-1.35,-1.56
-6.90,-1.57,4.94,0.73,0.14,-0.65
-6.90,-1.57,4.94,0.73,0.14,-0.65
-6.90,-1.57,4.94,0.73,0.14,-0.65
-6.90,-1.57,4.94,0.73,0.14,-0.65
-6.90,-1.57,4.94,0.73,0.14,-0.65
-6.69,-3.67,3.67,-0.10,0.36,0.02
-6.69,-3.67,3.67,-0.10,0.36,0.02
-6.69,-3.67,3.67,-0.10,0.36,0.02
-6.69,-3.67,3.67,-0.10,0.36,0.02
-6.69,-3.67,3.67,-0.10,0.36,0.02
-7.72,-4.48,4.38,-0.10,0.65,0.33
-7.72,-4.48,4.38,-0.55,0.65,0.33
-7.72,-4.48,4.38,-0.55,0.65,0.33
-7.72,-4.48,4.38,-0.55,0.65,0.33
-7.72,-4.48,4.38,-0.55,0.65,0.33
-7.72,-4.48,4.38,-0.55,0.65,0.33
-7.94,-6.33,3.03,-0.82,0.53,0.49
-7.94,-6.33,3.03,-0.82,0.53,0.49
-7.94,-6.33,3.03,-0.82,0.53,0.49
-7.94,-6.33,3.03,-0.82,0.53,0.49
-7.94,-6.33,3.03,-0.82,0.53,0.49
-9.01,-7.49,1.91,-0.33,0.12,0.63
-9.01,-7.49,1.91,-0.33,0.12,0.63
-9.01,-7.49,1.91,-0.33,0.12,0.63
-9.01,-7.49,1.91,-0.33,0.12,0.63
-9.01,-7.49,1.91,-0.33,0.12,0.63
-9.01,-7.49,1.91,-0.33,0.12,0.63
-8.48,-6.88,2.54,0.26,-0.17,0.21
-8.48,-6.88,2.54,0.26,-0.17,0.21
-8.48,-6.88,2.54,0.26,-0.17,0.21
-8.48,-6.88,2.54,0.26,-0.17,0.21
-8.48,-6.88,2.54,0.26,-0.17,0.21
-7.68,-4.15,3.38,0.63,-0.49,-0.18
-7.68,-4.15,3.38,0.63,-0.49,-0.18
-7.68,-4.15,3.38,0.63,-0.49,-0.18
-7.68,-4.15,3.38,0.63,-0.49,-0.18
-7.68,-4.15,3.38,0.63,-0.49,-0.18
-7.92,-2.14,3.98,0.47,-0.33,-0.33
-7.92,-2.14,3.98,0.47,-0.33,-0.33
-7.92,-2.14,3.98,0.47,-0.33,-0.33
-7.92,-2.14,3.98,0.47,-0.33,-0.33
-7.92,-2.14,3.98,0.47,-0.33,-0.33
-7.92,-2.14,3.98,0.47,-0.33,-0.33
-8.16,-2.44,4.10,-0.04,0.09,-0.17
-8.16,-2.44,4.10,-0.04,0.09,-0.17
-8.16,-2.44,4.10,-0.04,0.09,-0.17
-8.16,-2.44,4.10,-0.04,0.09,-0.17
-8.16,-2.44,4.10,-0.04,0.09,-0.17
-7.85,-3.97,3.91,-0.45,0.10,0.16
-7.85,-3.97,3.91,-0.45,0.10,0.16
-7.85,-3.97,3.91,-0.45,0.10,0.16
-7.85,-3.97,3.91,-0.45,0.10,0.16
-7.85,-3.97,3.91,-0.45,0.10,0.16
-8.15,-7.05,2.77,-0.65,0.36,0.09
-8.15,-7.05,2.77,-0.65,0.36,0.09
-8.15,-7.05,2.77,-0.65,0.36,0.09
-8.15,-7.05,2.77,-0.65,0.36,0.09
-8.15,-7.05,2.77,-0.65,0.36,0.09
-8.15,-7.05,2.77,-0.65,0.36,0.09
-8.53,-7.70,1.88,-0.19,0.12,-0.07
-8.53,-7.70,1.88,-0.19,0.12,-0.07
-8.53,-7.70,1.88,-0.19,0.12,-0.07
-8.53,-7.70,1.88,-0.19,0.12,-0.07
-8.53,-7.70,1.88,-0.19,0.12,-0.07
-7.85,-5.41,3.07,0.27,-0.33,-0.11
-7.85,-5.41,3.07,0.27,-0.33,-0.11
-7.85,-5.41,3.07,0.27,-0.33,-0.11
-7.85,-5.41,3.07,0.27,-0.33,-0.11
-7.85,-5.41,3.07,0.27,-0.33,-0.11
-7.24,-3.49,3.65,0.36,-0.44,-0.28
-7.24,-3.49,3.65,0.36,-0.44,-0.28
-7.24,-3.49,3.65,0.36,-0.44,-0.28
-7.24,-3.49,3.65,0.36,-0.44,-0.28
-7.24,-3.49,3.65,0.36,-0.44,-0.28
-7.24,-3.49,3.65,0.36,-0.44,-0.28
-7.62,-2.96,3.97,0.20,0.13,-0.23
-7.62,-2.96,3.97,0.20,0.13,-0.23
-7.62,-2.96,3.97,0.20,0.13,-0.23
-7.62,-2.96,3.97,0.20,0.13,-0.23
-7.62,-2.96,3.97,0.20,0.13,-0.23
-8.15,-4.38,3.99,-0.25,0.22,0.10
-8.15,-4.38,3.99,-0.25,0.22,0.10
-8.15,-4.38,3.99,-0.25,0.22,0.10
-8.15,-4.38,3.99,-0.25,0.22,0.10
-8.15,-4.38,3.99,-0.25,0.22,0.10
-7.46,-4.53,3.19,-0.51,0.22,0.01
-7.46,-4.53,3.19,-0.51,0.22,0.01
-7.46,-4.53,3.19,-0.51,0.22,0.01
-7.46,-4.53,3.19,-0.51,0.22,0.01
-7.46,-4.53,3.19,-0.51,0.22,0.01
-7.46,-4.53,3.19,-0.51,0.22,0.01
-7.48,-4.15,3.35,-0.67,0.01,0.32
-7.48,-4.15,3.35,-0.67,0.01,0.32
-7.48,-4.15,3.35,-0.67,0.01,0.32
-7.48,-4.15,3.35,-0.67,0.01,0.32
-7.48,-4.15,3.35,-0.67,0.01,0.32
-7.46,-3.33,2.12,-0.87,-0.63,1.01
-7.46,-3.33,2.12,-0.87,-0.63,1.01
-7.46,-3.33,2.12,-0.87,-0.63,1.01
-7.46,-3.33,2.12,-0.87,-0.63,1.01
-7.46,-3.33,2.12,-0.87,-0.63,1.01
-7.70,-2.84,1.48,-0.87,-0.63,1.01
-7.70,-2.84,1.48,-1.03,-0.71,1.80
-7.70,-2.84,1.48,-1.03,-0.71,1.80
-7.70,-2.84,1.48,-1.03,-0.71,1.80
-7.70,-2.84,1.48,-1.03,-0.71,1.80
-7.70,-2.84,1.48,-1.03,-0.71,1.80
-8.08,-1.91,1.53,-0.90,-0.79,2.70
-8.08,-1.91,1.53,-0.90,-0.79,2.70
-8.08,-1.91,1.53,-0.90,-0.79,2.70
-8.08,-1.91,1.53,-0.90,-0.79,2.70
-8.08,-1.91,1.53,-0.90,-0.79,2.70
-7.77,-0.32,2.21,-0.54,-0.81,3.18
-7.77,-0.32,2.21,-0.54,-0.81,3.18
-7.77,-0.32,2.21,-0.54,-0.81,3.18
-7.77,-0.32,2.21,-0.54,-0.81,3.18
-7.77,-0.32,2.21,-0.54,-0.81,3.18
-7.77,-0.32,2.21,-0.54,-0.81,3.18
-7.13,2.37,2.79,0.14,-0.30,3.24
-7.13,2.37,2.79,0.14,-0.30,3.24
-7.13,2.37,2.79,0.14,-0.30,3.24
-7.13,2.37,2.79,0.14,-0.30,3.24
-7.13,2.37,2.79,0.14,-0.30,3.24
-9.26,5.50,2.45,0.94,0.69,3.02
-9.26,5.50,2.45,0.94,0.69,3.02
-9.26,5.50,2.45,0.94,0.69,3.02
-9.26,5.50,2.45,0.94,0.69,3.02
-9.26,5.50,2.45,0.94,0.69,3.02
-7.28,7.23,2.62,0.96,0.56,2.61
-7.28,7.23,2.62,0.96,0.56,2.61
-7.28,7.23,2.62,0.96,0.56,2.61
-7.28,7.23,2.62,0.96,0.56,2.61
-7.28,7.23,2.62,0.96,0.56,2.61
-7.28,7.23,2.62,0.96,0.56,2.61
-6.30,8.40,0.59,0.43,1.66,2.43
-6.30,8.40,0.59,0.43,1.66,2.43
-6.30,8.40,0.59,0.43,1.66,2.43
-6.30,8.40,0.59,0.43,1.66,2.43
-6.30,8.40,0.59,0.43,1.66,2.43
-7.69,12.14,-0.42,0.05,1.95,2.77
-7.69,12.14,-0.42,0.05,1.95,2.77
-7.69,12.14,-0.42,0.05,1.95,2.77
-7.69,12.14,-0.42,0.05,1.95,2.77
-7.69,12.14,-0.42,0.05,1.95,2.77
-7.93,10.54,0.07,0.21,1.50,2.14
-7.93,10.54,0.07,0.21,1.50,2.14
-7.93,10.54,0.07,0.21,1.50,2.14
-7.93,10.54,0.07,0.21,1.50,2.14
-7.93,10.54,0.07,0.21,1.50,2.14
-7.93,10.54,0.07,0.21,1.50,2.14
-3.87,10.54,0.16,1.01,0.38,-0.17
-3.87,10.54,0.16,1.01,0.38,-0.17
-3.87,10.54,0.16,1.01,0.38,-0.17
-3.87,10.54,0.16,1.01,0.38,-0.17
-3.87,10.54,0.16,1.01,0.38,-0.17
-2.07,9.34,0.82,0.49,0.60,-0.88
-2.07,9.34,0.82,0.49,0.60,-0.88
-2.07,9.34,0.82,0.49,0.60,-0.88
-2.07,9.34,0.82,0.49,0.60,-0.88
-2.07,9.34,0.82,0.49,0.60,-0.88
-2.07,9.34,0.82,0.49,0.60,-0.88
-3.32,9.03,-1.63,0.04,0.03,-0.08
-3.32,9.03,-1.63,0.04,0.03,-0.08
-3.32,9.03,-1.63,0.04,0.03,-0.08
-3.32,9.03,-1.63,0.04,0.03,-0.08
-3.32,9.03,-1.63,0.04,0.03,-0.08
-3.43,9.53,-1.45,0.01,-0.35,0.16
-3.43,9.53,-1.45,0.01,-0.35,0.16
-3.43,9.53,-1.45,0.01,-0.35,0.16
-3.43,9.53,-1.45,0.01,-0.35,0.16
-3.43,9.53,-1.45,0.01,-0.35,0.16
-3.17,9.14,-1.24,0.01,-0.26,0.07
-3.17,9.14,-1.24,0.01,-0.26,0.07
-3.17,9.14,-1.24,0.01,-0.26,0.07
-3.17,9.14,-1.24,0.01,-0.26,0.07
-3.17,9.14,-1.24,0.01,-0.26,0.07
-3.17,9.14,-1.24,0.01,-0.26,0.07
-3.28,9.10,-1.31,0.02,-0.17,-0.01
-3.28,9.10,-1.31,0.02,-0.17,-0.01
-3.28,9.10,-1.31,0.02,-0.17,-0.01
-3.28,9.10,-1.31,0.02,-0.17,-0.01
-3.28,9.10,-1.31,0.02,-0.17,-0.01
-3.34,9.21,-1.19,0.03,-0.13,0.05
-3.34,9.21,-1.19,0.03,-0.13,0.05
-3.34,9.21,-1.19,0.03,-0.13,0.05
-3.34,9.21,-1.19,0.03,-0.13,0.05
-3.34,9.21,-1.19,0.03,-0.13,0.05
-3.14,9.14,-1.27,0.05,-0.11,0.03
-3.14,9.14,-1.27,0.05,-0.11,0.03
-3.14,9.14,-1.27,0.05,-0.11,0.03
-3.14,9.14,-1.27,0.05,-0.11,0.03
-3.14,9.14,-1.27,0.05,-0.11,0.03
-3.14,9.14,-1.27,0.05,-0.11,0.03
-3.16,9.11,-1.31,0.04,-0.09,-0.00
-3.16,9.11,-1.31,0.04,-0.09,-0.00
-3.16,9.11,-1.31,0.04,-0.09,-0.00
-3.16,9.11,-1.31,0.04,-0.09,-0.00
-3.16,9.11,-1.31,0.04,-0.09,-0.00
-3.18,9.15,-1.18,-0.02,-0.03,0.01
-3.18,9.15,-1.18,-0.02,-0.03,0.01
-3.18,9.15,-1.18,-0.02,-0.03,0.01
-3.18,9.15,-1.18,-0.02,-0.03,0.01
-3.18,9.15,-1.18,-0.02,-0.03,0.01
-3.17,9.15,-1.14,-0.02,0.01,0.00
-3.17,9.15,-1.14,-0.05,0.01,0.00
-3.17,9.15,-1.14,-0.05,0.01,0.00
-3.17,9.15,-1.14,-0.05,0.01,0.00
-3.17,9.15,-1.14,-0.05,0.01,0.00
-3.17,9.15,-1.14,-0.05,0.01,0.00
-3.17,9.16,-1.12,-0.00,0.01,-0.03
-3.17,9.16,-1.12,-0.00,0.01,-0.03
-3.17,9.16,-1.12,-0.00,0.01,-0.03
-3.17,9.16,-1.12,-0.00,0.01,-0.03
-3.17,9.16,-1.12,-0.00,0.01,-0.03
-3.28,9.19,-1.15,0.01,0.02,-0.04
-3.28,9.19,-1.15,0.01,0.02,-0.04
-3.28,9.19,-1.15,0.01,0.02,-0.04
-3.28,9.19,-1.15,0.01,0.02,-0.04
-3.28,9.19,-1.15,0.01,0.02,-0.04
-3.17,9.17,-1.10,0.01,0.01,-0.02
-3.17,9.17,-1.10,0.00,0.01,-0.02
-3.17,9.17,-1.10,0.00,0.01,-0.02
-3.17,9.17,-1.10,0.00,0.01,-0.02
-3.17,9.17,-1.10,0.00,0.01,-0.02
-3.17,9.17,-1.10,0.00,0.01,-0.02
-3.30,9.19,-1.07,-0.00,0.02,-0.01
-3.30,9.19,-1.07,-0.00,0.02,-0.01
-3.30,9.19,-1.07,-0.00,0.02,-0.01
-3.30,9.19,-1.07,-0.00,0.02,-0.01
-3.30,9.19,-1.07,-0.00,0.02,-0.01
-3.24,9.18,-1.16,-0.01,-0.02,-0.00
-3.24,9.18,-1.16,-0.01,-0.02,-0.00
-3.24,9.18,-1.16,-0.01,-0.02,-0.00
-3.24,9.18,-1.16,-0.01,-0.02,-0.00
-3.24,9.18,-1.16,-0.01,-0.02,-0.00
-3.21,9.17,-1.10,0.00,-0.02,0.00
-3.21,9.17,-1.10,0.00,-0.02,0.00
-3.21,9.17,-1.10,0.00,-0.02,0.00
-3.21,9.17,-1.10,0.00,-0.02,0.00
-3.21,9.17,-1.10,0.00,-0.02,0.00
-3.21,9.17,-1.10,0.00,-0.02,0.00
-3.17,9.18,-1.15,0.02,-0.03,-0.00
-3.17,9.18,-1.15,0.02,-0.03,-0.00
-3.17,9.18,-1.15,0.02,-0.03,-0.00
-3.17,9.18,-1.15,0.02,-0.03,-0.00
-3.17,9.18,-1.15,0.02,-0.03,-0.00
-3.16,9.19,-1.21,0.02,-0.03,-0.00
-3.16,9.19,-1.21,0.02,-0.03,-0.00
-3.16,9.19,-1.21,0.02,-0.03,-0.00
-3.16,9.19,-1.21,0.02,-0.03,-0.00
-3.16,9.19,-1.21,0.02,-0.03,-0.00
-3.16,9.19,-1.14,0.02,-0.03,-0.00
-3.17,9.22,-1.14,0.02,-0.02,0.00
-3.17,9.22,-1.14,0.02,-0.02,0.00
-3.17,9.22,-1.14,0.02,-0.02,0.00
-3.17,9.22,-1.14,0.02,-0.02,0.00
-3.17,9.22,-1.14,0.02,-0.02,0.00
-3.15,9.18,-1.15,0.02,-0.02,0.00
-3.15,9.18,-1.15,0.02,-0.02,0.00
-3.15,9.18,-1.15,0.02,-0.02,0.00
-3.15,9.18,-1.15,0.02,-0.02,0.00
-3.15,9.18,-1.15,0.02,-0.02,0.00
-3.15,9.19,-1.20,0.01,-0.01,-0.00
-3.15,9.19,-1.20,0.01,-0.01,-0.00
-3.15,9.19,-1.20,0.01,-0.01,-0.00
-3.15,9.19,-1.20,0.01,-0.01,-0.00
-3.15,9.19,-1.20,0.01,-0.01,-0.00
-3.15,9.19,-1.20,0.01,-0.01,-0.00
-3.17,9.20,-1.13,0.00,0.00,-0.01
-3.17,9.20,-1.13,0.00,0.00,-0.01
-3.17,9.20,-1.13,0.00,0.00,-0.01
-3.17,9.20,-1.13,0.00,0.00,-0.01
-3.17,9.20,-1.13,0.00,0.00,-0.01
-3.15,9.19,-1.16,-0.00,0.00,-0.01
-3.15,9.19,-1.16,-0.00,0.00,-0.01
-3.15,9.19,-1.16,-0.00,0.00,-0.01
-3.15,9.19,-1.16,-0.00,0.00,-0.01
-3.15,9.19,-1.16,-0.00,0.00,-0.01
-3.20,9.19,-1.06,-0.01,0.01,-0.01
-3.20,9.19,-1.06,-0.01,0.01,-0.01
-3.20,9.19,-1.06,-0.01,0.01,-0.01
-3.20,9.19,-1.06,-0.01,0.01,-0.01
-3.20,9.19,-1.06,-0.01,0.01,-0.01
-3.20,9.19,-1.06,-0.01,0.01,-0.01
-3.30,9.28,-1.01,-0.00,-0.04,-0.00
-3.30,9.28,-1.01,-0.00,-0.04,-0.00
-3.30,9.28,-1.01,-0.00,-0.04,-0.00
-3.30,9.28,-1.01,-0.00,-0.04,-0.00
-3.30,9.28,-1.01,-0.00,-0.04,-0.00
-4.77,9.87,-0.42,-0.00,-0.26,-0.06
-4.77,9.87,-0.42,-0.00,-0.26,-0.06
-4.77,9.87,-0.42,-0.00,-0.26,-0.06
-4.77,9.87,-0.42,-0.00,-0.26,-0.06
-4.77,9.87,-0.42,-0.00,-0.26,-0.06
-7.35,11.18,0.09,-0.12,-0.90,-0.62
-7.35,11.18,0.09,-0.12,-0.90,-0.62
-7.35,11.18,0.09,-0.12,-0.90,-0.62
-7.35,11.18,0.09,-0.12,-0.90,-0.62
-7.35,11.18,0.09,-0.12,-0.90,-0.62
-9.70,11.33,0.36,-0.12,-0.90,-0.62
-9.70,11.33,0.36,-0.30,-1.54,-1.73
-9.70,11.33,0.36,-0.30,-1.54,-1.73
-9.70,11.33,0.36,-0.30,-1.54,-1.73
-9.70,11.33,0.36,-0.30,-1.54,-1.73
-9.70,11.33,0.36,-0.30,-1.54,-1.73
-10.62,8.81,0.53,-0.27,-1.51,-3.19
-10.62,8.81,0.53,-0.27,-1.51,-3.19
-10.62,8.81,0.53,-0.27,-1.51,-3.19
-10.62,8.81,0.53,-0.27,-1.51,-3.19
-10.62,8.81,0.53,-0.27,-1.51,-3.19
-10.51,5.77,-0.05,-0.16,-1.11,-4.64
-10.51,5.77,-0.05,-0.16,-1.11,-4.64
-10.51,5.77,-0.05,-0.16,-1.11,-4.64
-10.51,5.77,-0.05,-0.16,-1.11,-4.64
-10.51,5.77,-0.05,-0.16,-1.11,-4.64
-9.38,2.96,-0.09,0.07,-0.92,-5.00
-9.38,2.96,-0.09,0.07,-0.92,-5.00
-9.38,2.96,-0.09,0.07,-0.92,-5.00
-9.38,2.96,-0.09,0.07,-0.92,-5.00
-9.38,2.96,-0.09,0.07,-0.92,-5.00
-9.38,2.96,-0.09,0.07,-0.92,-5.00
-7.62,0.30,0.20,0.68,-0.66,-4.98
-7.62,0.30,0.20,0.68,-0.66,-4.98
-7.62,0.30,0.20,0.68,-0.66,-4.98
-7.62,0.30,0.20,0.68,-0.66,-4.98
-7.62,0.30,0.20,0.68,-0.66,-4.98
-4.16,-1.30,1.11,1.38,-0.23,-4.32
-4.16,-1.30,1.11,1.38,-0.23,-4.32
-4.16,-1.30,1.11,1.38,-0.23,-4.32
-4.16,-1.30,1.11,1.38,-0.23,-4.32
-4.16,-1.30,1.11,1.38,-0.23,-4.32
-4.16,-1.30,2.98,1.38,-0.23,-4.32
-2.36,-1.96,2.98,1.49,0.09,-2.32
-2.36,-1.96,2.98,1.49,0.09,-2.32
-2.36,-1.96,2.98,1.49,0.09,-2.32
-2.36,-1.96,2.98,1.49,0.09,-2.32
-2.36,-1.96,2.98,1.49,0.09,-2.32
-6.07,-5.02,5.02,0.54,0.56,-0.42
-6.07,-5.02,5.02,0.54,0.56,-0.42
-6.07,-5.02,5.02,0.54,0.56,-0.42
-6.07,-5.02,5.02,0.54,0.56,-0.42
-6.07,-5.02,5.02,0.54,0.56,-0.42
-7.93,-7.70,4.93,-0.00,0.38,-0.16
-7.93,-7.70,4.93,-0.00,0.38,-0.16
-7.93,-7.70,4.93,-0.00,0.38,-0.16
-7.93,-7.70,4.93,-0.00,0.38,-0.16
-7.93,-7.70,4.93,-0.00,0.38,-0.16
-7.93,-7.70,4.93,-0.00,0.38,-0.16
-6.24,-7.05,4.14,0.07,-0.31,-0.68
-6.24,-7.05,4.14,0.07,-0.31,-0.68
-6.24,-7.05,4.14,0.07,-0.31,-0.68
-6.24,-7.05,4.14,0.07,-0.31,-0.68
-6.24,-7.05,4.14,0.07,-0.31,-0.68
-4.41,-6.41,4.45,0.15,-0.43,-0.64
-4.41,-6.41,4.45,0.15,-0.43,-0.64
-4.41,-6.41,4.45,0.15,-0.43,-0.64
-4.41,-6.41,4.45,0.15,-0.43,-0.64
-4.41,-6.41,4.45,0.15,-0.43,-0.64
-4.82,-6.70,4.74,0.19,-0.14,-0.30
-4.82,-6.70,4.74,0.19,-0.14,-0.30
-4.82,-6.70,4.74,0.19,-0.14,-0.30
-4.82,-6.70,4.74,0.19,-0.14,-0.30
-4.82,-6.70,4.74,0.19,-0.14,-0.30
-4.91,-7.10,4.78,0.19,-0.14,-0.30
-4.91,-7.10,4.78,0.11,-0.17,-0.17
-4.91,-7.10,4.78,0.11,-0.17,-0.17
-4.91,-7.10,4.78,0.11,-0.17,-0.17
-4.91,-7.10,4.78,0.11,-0.17,-0.17
-4.91,-7.10,4.78,0.11,-0.17,-0.17
-4.28,-6.72,5.08,0.17,-0.11,-0.25
-4.28,-6.72,5.08,0.17,-0.11,-0.25
-4.28,-6.72,5.08,0.17,-0.11,-0.25
-4.28,-6.72,5.08,0.17,-0.11,-0.25
-4.28,-6.72,5.08,0.17,-0.11,-0.25
-4.76,-6.75,4.93,-0.12,0.01,-0.01
-4.76,-6.75,4.93,-0.12,0.01,-0.01
-4.76,-6.75,4.93,-0.12,0.01,-0.01
-4.76,-6.75,4.93,-0.12,0.01,-0.01
-4.76,-6.75,4.93,-0.12,0.01,-0.01
-4.99,-7.27,4.70,-0.26,0.03,0.09
-4.99,-7.27,4.70,-0.26,0.03,0.09
-4.99,-7.27,4.70,-0.26,0.03,0.09
-4.99,-7.27,4.70,-0.26,0.03,0.09
-4.99,-7.27,4.70,-0.26,0.03,0.09
-4.99,-7.27,4.70,-0.26,0.03,0.09
-4.86,-7.24,4.76,-0.08,-0.01,0.08
-4.86,-7.24,4.76,-0.08,-0.01,0.08
-4.86,-7.24,4.76,-0.08,-0.01,0.08
-4.86,-7.24,4.76,-0.08,-0.01,0.08
-4.86,-7.24,4.76,-0.08,-0.01,0.08
-4.96,-7.17,4.84,-0.02,0.11,0.08
-4.96,-7.17,4.84,-0.02,0.11,0.08
-4.96,-7.17,4.84,-0.02,0.11,0.08
-4.96,-7.17,4.84,-0.02,0.11,0.08
-4.96,-7.17,4.84,-0.02,0.11,0.08
-4.96,-7.17,4.84,-0.02,0.11,0.08
-5.38,-7.16,4.73,-0.01,0.00,0.11
-5.38,-7.16,4.73,-0.01,0.00,0.11
-5.38,-7.16,4.73,-0.01,0.00,0.11
-5.38,-7.16,4.73,-0.01,0.00,0.11
-5.38,-7.16,4.73,-0.01,0.00,0.11
-5.03,-7.36,4.63,0.03,-0.32,0.08
-5.03,-7.36,4.63,0.03,-0.32,0.08
-5.03,-7.36,4.63,0.03,-0.32,0.08
-5.03,-7.36,4.63,0.03,-0.32,0.08
-5.03,-7.36,4.63,0.03,-0.32,0.08
-4.72,-7.15,4.87,0.07,-0.29,0.04
-4.72,-7.15,4.87,0.07,-0.29,0.04
-4.72,-7.15,4.87,0.07,-0.29,0.04
-4.72,-7.15,4.87,0.07,-0.29,0.04
-4.72,-7.15,4.87,0.07,-0.29,0.04
-4.72,-7.15,4.87,0.07,-0.29,0.04
-4.79,-7.12,5.01,-0.02,-0.11,-0.03
-4.79,-7.12,5.01,-0.02,-0.11,-0.03
-4.79,-7.12,5.01,-0.02,-0.11,-0.03
-4.79,-7.12,5.01,-0.02,-0.11,-0.03
-4.79,-7.12,5.01,-0.02,-0.11,-0.03
-4.67,-6.91,4.82,-0.12,-0.08,0.01
-4.67,-6.91,4.82,-0.12,-0.08,0.01
-4.67,-6.91,4.82,-0.12,-0.08,0.01
-4.67,-6.91,4.82,-0.12,-0.08,0.01
-4.67,-6.91,4.82,-0.12,-0.08,0.01
-4.94,-7.37,4.83,-0.18,0.03,0.08
-4.94,-7.37,4.83,-0.18,0.03,0.08
-4.94,-7.37,4.83,-0.18,0.03,0.08
-4.94,-7.37,4.83,-0.18,0.03,0.08
-4.94,-7.37,4.83,-0.18,0.03,0.08
-4.94,-7.37,4.83,-0.18,0.03,0.08
-4.91,-7.16,4.78,0.02,0.05,-0.00
-4.91,-7.16,4.78,0.02,0.05,-0.00
-4.91,-7.16,4.78,0.02,0.05,-0.00
-4.91,-7.16,4.78,0.02,0.05,-0.00
-4.91,-7.16,4.78,0.02,0.05,-0.00
-5.06,-7.15,5.01,0.04,0.00,0.03
-5.06,-7.15,5.01,0.04,0.00,0.03
-5.06,-7.15,5.01,0.04,0.00,0.03
-5.06,-7.15,5.01,0.04,0.00,0.03
-5.06,-7.15,5.01,0.04,0.00,0.03
-5.08,-6.86,4.84,0.03,-0.09,0.07
-5.08,-6.86,4.84,0.03,-0.09,0.07
-5.08,-6.86,4.84,0.03,-0.09,0.07
-5.08,-6.86,4.84,0.03,-0.09,0.07
-5.08,-6.86,4.84,0.03,-0.09,0.07
-5.08,-6.86,4.84,0.03,-0.09,0.07
-4.90,-6.25,4.95,-0.11,-0.20,0.19
-4.90,-6.25,4.95,-0.11,-0.20,0.19
-4.90,-6.25,4.95,-0.11,-0.20,0.19
-4.90,-6.25,4.95,-0.11,-0.20,0.19
-4.90,-6.25,4.95,-0.11,-0.20,0.19
-4.66,-5.58,5.35,-0.43,-0.56,0.59
-4.66,-5.58,5.35,-0.43,-0.56,0.59
-4.66,-5.58,5.35,-0.43,-0.56,0.59
-4.66,-5.58,5.35,-0.43,-0.56,0.59
-4.66,-5.58,5.35,-0.43,-0.56,0.59
-4.38,-4.92,5.00,-1.04,-0.69,1.09
-4.38,-4.92,5.00,-1.04,-0.69,1.09
-4.38,-4.92,5.00,-1.04,-0.69,1.09
-4.38,-4.92,5.00,-1.04,-0.69,1.09
-4.38,-4.92,5.00,-1.04,-0.69,1.09
-4.38,-4.92,5.00,-1.04,-0.69,1.09
-4.88,-4.27,3.44,-1.36,-0.73,1.90
-4.88,-4.27,3.44,-1.36,-0.73,1.90
-4.88,-4.27,3.44,-1.36,-0.73,1.90
-4.88,-4.27,3.44,-1.36,-0.73,1.90
-4.88,-4.27,3.44,-1.36,-0.73,1.90
-6.81,-3.36,2.50,-0.93,-0.85,2.87
-6.81,-3.36,2.50,-0.93,-0.85,2.87
-6.81,-3.36,2.50,-0.93,-0.85,2.87
-6.81,-3.36,2.50,-0.93,-0.85,2.87
-6.81,-3.36,2.50,-0.93,-0.85,2.87
-8.84,-2.22,2.78,-0.03,-0.86,3.58
-8.84,-2.22,2.78,-0.03,-0.86,3.58
-8.84,-2.22,2.78,-0.03,-0.86,3.58
-8.84,-2.22,2.78,-0.03,-0.86,3.58
-8.84,-2.22,2.78,-0.03,-0.86,3.58
-8.84,-2.22,2.78,-0.03,-0.86,3.58
-9.35,-0.66,3.78,0.79,-0.60,3.45
-9.35,-0.66,3.78,0.79,-0.60,3.45
-9.35,-0.66,3.78,0.79,-0.60,3.45
-9.35,-0.66,3.78,0.79,-0.60,3.45
-9.35,-0.66,3.78,0.79,-0.60,3.45
-9.14,1.77,4.70,1.29,-0.26,2.91
-9.14,1.77,4.70,1.29,-0.26,2.91
-9.14,1.77,4.70,1.29,-0.26,2.91
-9.14,1.77,4.70,1.29,-0.26,2.91
-9.14,1.77,4.70,1.29,-0.26,2.91
-7.70,3.66,5.83,1.43,-0.97,2.45
-7.70,3.66,5.83,1.43,-0.97,2.45
-7.70,3.66,5.83,1.43,-0.97,2.45
-7.70,3.66,5.83,1.43,-0.97,2.45
-7.70,3.66,5.83,1.43,-0.97,2.45
-7.70,3.66,5.83,1.43,-0.97,2.45
-6.77,5.66,6.12,1.39,-0.80,2.08
-6.77,5.66,6.12,1.39,-0.80,2.08
-6.77,5.66,6.12,1.39,-0.80,2.08
-6.77,5.66,6.12,1.39,-0.80,2.08
-6.77,5.66,6.12,1.39,-0.80,2.08
-3.75,6.45,3.31,1.20,0.54,1.83
-3.75,6.45,3.31,1.20,0.54,1.83
-3.75,6.45,3.31,1.20,0.54,1.83
-3.75,6.45,3.31,1.20,0.54,1.83
-3.75,6.45,3.31,1.20,0.54,1.83
-4.11,8.98,1.36,1.20,2.42,1.98
-4.11,8.98,1.36,1.00,2.42,1.98
-4.11,8.98,1.36,1.00,2.42,1.98
-4.11,8.98,1.36,1.00,2.42,1.98
-4.11,8.98,1.36,1.00,2.42,1.98
-4.11,8.98,1.36,1.00,2.42,1.98
-7.57,13.47,0.98,0.91,3.43,2.49
-7.57,13.47,0.98,0.91,3.43,2.49
-7.57,13.47,0.98,0.91,3.43,2.49
-7.57,13.47,0.98,0.91,3.43,2.49
-7.57,13.47,0.98,0.91,3.43,2.49
-7.16,10.97,0.91,0.61,2.51,1.56
-7.16,10.97,0.91,0.61,2.51,1.56
-7.16,10.97,0.91,0.61,2.51,1.56
-7.16,10.97,0.91,0.61,2.51,1.56
-7.16,10.97,0.91,0.61,2.51,1.56
-7.16,10.97,0.91,0.61,2.51,1.56
-4.38,9.99,1.81,0.30,1.23,-0.76
-4.38,9.99,1.81,0.30,1.23,-0.76
-4.38,9.99,1.81,0.30,1.23,-0.76
-4.38,9.99,1.81,0.30,1.23,-0.76
-4.38,9.99,1.81,0.30,1.23,-0.76
-2.89,8.58,0.22,0.12,0.06,-0.61
-2.89,8.58,0.22,0.12,0.06,-0.61
-2.89,8.58,0.22,0.12,0.06,-0.61
-2.89,8.58,0.22,0.12,0.06,-0.61
-2.89,8.58,0.22,0.12,0.06,-0.61
-3.93,9.09,-1.11,0.05,-0.29,0.00
-3.93,9.09,-1.11,0.05,-0.29,0.00
-3.93,9.09,-1.11,0.05,-0.29,0.00
-3.93,9.09,-1.11,0.05,-0.29,0.00
-3.93,9.09,-1.11,0.05,-0.29,0.00
-3.93,9.09,-1.11,0.05,-0.29,0.00
-3.27,9.48,-0.36,-0.03,-0.37,0.16
-3.27,9.48,-0.36,-0.03,-0.37,0.16
-3.27,9.48,-0.36,-0.03,-0.37,0.16
-3.27,9.48,-0.36,-0.03,-0.37,0.16
-3.27,9.48,-0.36,-0.03,-0.37,0.16
-2.99,9.31,-0.19,-0.01,-0.19,0.05
-2.99,9.31,-0.19,-0.01,-0.19,0.05
-2.99,9.31,-0.19,-0.01,-0.19,0.05
-2.99,9.31,-0.19,-0.01,-0.19,0.05
-2.99,9.31,-0.19,-0.01,-0.19,0.05
-3.60,9.18,-0.34,0.03,-0.05,0.00
-3.60,9.18,-0.34,0.03,-0.05,0.00
-3.60,9.18,-0.34,0.03,-0.05,0.00
-3.60,9.18,-0.34,0.03,-0.05,0.00
-3.60,9.18,-0.34,0.03,-0.05,0.00
-3.60,9.18,-0.34,0.03,-0.05,0.00
-3.58,9.13,-0.16,0.02,-0.04,0.00
-3.58,9.13,-0.16,0.02,-0.04,0.00
-3.58,9.13,-0.16,0.02,-0.04,0.00
-3.58,9.13,-0.16,0.02,-0.04,0.00
-3.58,9.13,-0.16,0.02,-0.04,0.00
-3.42,9.15,-0.21,0.02,-0.10,0.01
-3.42,9.15,-0.21,0.02,-0.10,0.01
-3.42,9.15,-0.21,0.02,-0.10,0.01
-3.42,9.15,-0.21,0.02,-0.10,0.01
-3.42,9.15,-0.21,0.02,-0.10,0.01
-3.39,9.11,-0.35,0.03,-0.12,-0.02
-3.39,9.11,-0.35,0.03,-0.12,-0.02
-3.39,9.11,-0.35,0.03,-0.12,-0.02
-3.39,9.11,-0.35,0.03,-0.12,-0.02
-3.39,9.11,-0.35,0.03,-0.12,-0.02
-3.39,9.11,-0.35,0.03,-0.12,-0.02
-3.30,9.09,-0.33,0.00,-0.09,-0.02
-3.30,9.09,-0.33,0.00,-0.09,-0.02
-3.30,9.09,-0.33,0.00,-0.09,-0.02
-3.30,9.09,-0.33,0.00,-0.09,-0.02
-3.30,9.09,-0.33,0.00,-0.09,-0.02
-3.42,9.12,-0.26,-0.00,-0.01,0.01
-3.42,9.12,-0.26,-0.00,-0.01,0.01
-3.42,9.12,-0.26,-0.00,-0.01,0.01
-3.42,9.12,-0.26,-0.00,-0.01,0.01
-3.42,9.12,-0.26,-0.00,-0.01,0.01
-3.44,9.13,-0.16,0.03,-0.01,-0.01
-3.44,9.13,-0.16,0.03,-0.01,-0.01
-3.44,9.13,-0.16,0.03,-0.01,-0.01
-3.44,9.13,-0.16,0.03,-0.01,-0.01
-3.44,9.13,-0.16,0.03,-0.01,-0.01
-3.44,9.13,-0.16,0.03,-0.01,-0.01
-3.43,9.16,-0.29,0.04,-0.02,-0.03
-3.43,9.16,-0.29,0.04,-0.02,-0.03
-3.43,9.16,-0.29,0.04,-0.02,-0.03
-3.43,9.16,-0.29,0.04,-0.02,-0.03
-3.43,9.16,-0.29,0.04,-0.02,-0.03
-3.41,9.21,-0.26,0.02,0.01,-0.02
-3.41,9.21,-0.26,0.02,0.01,-0.02
-3.41,9.21,-0.26,0.02,0.01,-0.02
-3.41,9.21,-0.26,0.02,0.01,-0.02
-3.41,9.21,-0.26,0.02,0.01,-0.02
-3.40,9.21,-0.22,0.01,0.01,0.00
-3.40,9.21,-0.22,0.01,0.01,0.00
-3.40,9.21,-0.22,0.01,0.01,0.00
-3.40,9.21,-0.22,0.01,0.01,0.00
-3.40,9.21,-0.22,0.01,0.01,0.00
-3.40,9.21,-0.22,0.01,0.01,0.00
-3.39,9.22,-0.25,0.02,-0.02,0.01
-3.39,9.22,-0.25,0.02,-0.02,0.01
-3.39,9.22,-0.25,0.02,-0.02,0.01
-3.39,9.22,-0.25,0.02,-0.02,0.01
-3.39,9.22,-0.25,0.02,-0.02,0.01
-3.34,9.21,-0.30,0.02,-0.02,0.01
-3.34,9.21,-0.30,0.02,-0.02,0.01
-3.34,9.21,-0.30,0.02,-0.02,0.01
-3.34,9.21,-0.30,0.02,-0.02,0.01
-3.34,9.21,-0.30,0.02,-0.02,0.01
-3.32,9.23,-0.27,0.02,-0.02,0.01
-3.32,9.23,-0.27,0.02,-0.02,0.01
-3.32,9.23,-0.27,0.02,-0.02,0.01
-3.32,9.23,-0.27,0.02,-0.02,0.01
-3.32,9.23,-0.27,0.02,-0.02,0.01
-3.32,9.23,-0.27,0.02,-0.02,0.01
-3.33,9.22,-0.31,0.02,-0.04,0.01
-3.33,9.22,-0.31,0.02,-0.04,0.01
-3.33,9.22,-0.31,0.02,-0.04,0.01
-3.33,9.22,-0.31,0.02,-0.04,0.01
-3.33,9.22,-0.31,0.02,-0.04,0.01
-3.40,9.23,-0.20,0.02,-0.09,0.03
-3.40,9.23,-0.20,0.02,-0.09,0.03
-3.40,9.23,-0.20,0.02,-0.09,0.03
-3.40,9.23,-0.20,0.02,-0.09,0.03
-3.40,9.23,-0.20,0.02,-0.09,0.03
-3.54,9.25,-0.02,0.03,-0.21,0.05
-3.54,9.25,-0.02,0.03,-0.21,0.05
-3.54,9.25,-0.02,0.03,-0.21,0.05
-3.54,9.25,-0.02,0.03,-0.21,0.05
-3.54,9.25,-0.02,0.03,-0.21,0.05
-3.54,9.25,-0.02,0.03,-0.21,0.05
-4.23,9.51,0.15,0.05,-0.45,0.01
-4.23,9.51,0.15,0.05,-0.45,0.01
-4.23,9.51,0.15,0.05,-0.45,0.01
-4.23,9.51,0.15,0.05,-0.45,0.01
-4.23,9.51,0.15,0.05,-0.45,0.01
-4.93,9.87,0.67,-0.02,-0.99,-0.28
-4.93,9.87,0.67,-0.02,-0.99,-0.28
-4.93,9.87,0.67,-0.02,-0.99,-0.28
-4.93,9.87,0.67,-0.02,-0.99,-0.28
-4.93,9.87,0.67,-0.02,-0.99,-0.28
-6.28,10.07,1.23,-0.02,-0.99,-0.84
-6.28,10.07,1.23,-0.14,-1.24,-0.84
-6.28,10.07,1.23,-0.14,-1.24,-0.84
-6.28,10.07,1.23,-0.14,-1.24,-0.84
-6.28,10.07,1.23,-0.14,-1.24,-0.84
-6.28,10.07,1.23,-0.14,-1.24,-0.84
-8.86,10.55,1.78,-0.17,-1.21,-1.69
-8.86,10.55,1.78,-0.17,-1.21,-1.69
-8.86,10.55,1.78,-0.17,-1.21,-1.69
-8.86,10.55,1.78,-0.17,-1.21,-1.69
-8.86,10.55,1.78,-0.17,-1.21,-1.69
-9.90,8.92,1.99,-0.33,-0.95,-2.88
-9.90,8.92,1.99,-0.33,-0.95,-2.88
-9.90,8.92,1.99,-0.33,-0.95,-2.88
-9.90,8.92,1.99,-0.33,-0.95,-2.88
-9.90,8.92,1.99,-0.33,-0.95,-2.88
-10.00,6.04,1.95,-0.33,-0.93,-3.69
-10.00,6.04,1.95,-0.58,-0.93,-3.69
-10.00,6.04,1.95,-0.58,-0.93,-3.69
-10.00,6.04,1.95,-0.58,-0.93,-3.69
-10.00,6.04,1.95,-0.58,-0.93,-3.69
-10.00,6.04,1.95,-0.58,-0.93,-3.69
-9.20,1.72,1.50,-0.46,-0.59,-4.38
-9.20,1.72,1.50,-0.46,-0.59,-4.38
-9.20,1.72,1.50,-0.46,-0.59,-4.38
-9.20,1.72,1.50,-0.46,-0.59,-4.38
-9.20,1.72,1.50,-0.46,-0.59,-4.38
-7.92,-1.19,-0.15,0.64,-0.14,-4.66
-7.92,-1.19,-0.15,0.64,-0.14,-4.66
-7.92,-1.19,-0.15,0.64,-0.14,-4.66
-7.92,-1.19,-0.15,0.64,-0.14,-4.66
-7.92,-1.19,-0.15,0.64,-0.14,-4.66
-6.87,-2.12,0.47,2.05,-0.22,-3.81
-6.87,-2.12,0.47,2.05,-0.22,-3.81
-6.87,-2.12,0.47,2.05,-0.22,-3.81
-6.87,-2.12,0.47,2.05,-0.22,-3.81
-6.87,-2.12,0.47,2.05,-0.22,-3.81
-6.87,-2.12,0.47,2.05,-0.22,-3.81
-4.33,-1.64,2.15,2.85,-0.60,-2.30
-4.33,-1.64,2.15,2.85,-0.60,-2.30
-4.33,-1.64,2.15,2.85,-0.60,-2.30
-4.33,-1.64,2.15,2.85,-0.60,-2.30
-4.33,-1.64,2.15,2.85,-0.60,-2.30
-7.09,-0.56,7.37,2.27,0.03,-1.02
-7.09,-0.56,7.37,2.27,0.03,-1.02
-7.09,-0.56,7.37,2.27,0.03,-1.02
-7.09,-0.56,7.37,2.27,0.03,-1.02
-7.09,-0.56,7.37,2.27,0.03,-1.02
-6.87,-2.68,5.50,1.29,-0.38,-0.38
-6.87,-2.68,5.50,1.29,-0.38,-0.38
-6.87,-2.68,5.50,1.29,-0.38,-0.38
-6.87,-2.68,5.50,1.29,-0.38,-0.38
-6.87,-2.68,5.50,1.29,-0.38,-0.38
-6.87,-2.68,5.50,1.29,-0.38,-0.38
-6.94,-2.33,6.32,0.96,-0.08,-0.42
-6.94,-2.33,6.32,0.96,-0.08,-0.42
-6.94,-2.33,6.32,0.96,-0.08,-0.42
-6.94,-2.33,6.32,0.96,-0.08,-0.42
-6.94,-2.33,6.32,0.96,-0.08,-0.42
-7.27,-2.28,6.84,0.64,-0.11,-0.30
-7.27,-2.28,6.84,0.64,-0.11,-0.30
-7.27,-2.28,6.84,0.64,-0.11,-0.30
-7.27,-2.28,6.84,0.64,-0.11,-0.30
-7.27,-2.28,6.84,0.64,-0.11,-0.30
-6.31,-2.08,6.80,0.44,-0.45,-0.26
-6.31,-2.08,6.80,0.44,-0.45,-0.26
-6.31,-2.08,6.80,0.44,-0.45,-0.26
-6.31,-2.08,6.80,0.44,-0.45,-0.26
-6.31,-2.08,6.80,0.44,-0.45,-0.26
-6.31,-2.08,6.80,0.44,-0.45,-0.26
-5.45,-0.25,6.65,0.39,-0.28,-0.24
-5.45,-0.25,6.65,0.39,-0.28,-0.24
-5.45,-0.25,6.65,0.39,-0.28,-0.24
-5.45,-0.25,6.65,0.39,-0.28,-0.24
-5.45,-0.25,6.65,0.39,-0.28,-0.24
-6.03,-0.97,6.58,0.05,0.07,-0.12
-6.03,-0.97,6.58,0.05,0.07,-0.12
-6.03,-0.97,6.58,0.05,0.07,-0.12
-6.03,-0.97,6.58,0.05,0.07,-0.12
-6.03,-0.97,6.58,0.05,0.07,-0.12
-6.99,-2.77,7.34,-0.70,0.35,-0.09
-6.99,-2.77,7.34,-0.70,0.35,-0.09
-6.99,-2.77,7.34,-0.70,0.35,-0.09
-6.99,-2.77,7.34,-0.70,0.35,-0.09
-6.99,-2.77,7.34,-0.70,0.35,-0.09
-6.99,-2.77,7.34,-0.70,0.35,-0.09
-6.33,-3.67,6.61,-1.13,-0.10,0.03
-6.33,-3.67,6.61,-1.13,-0.10,0.03
-6.33,-3.67,6.61,-1.13,-0.10,0.03
-6.33,-3.67,6.61,-1.13,-0.10,0.03
-6.33,-3.67,6.61,-1.13,-0.10,0.03
-5.89,-5.01,6.68,-0.93,-0.21,0.15
-5.89,-5.01,6.68,-0.93,-0.21,0.15
-5.89,-5.01,6.68,-0.93,-0.21,0.15
-5.89,-5.01,6.68,-0.93,-0.21,0.15
-5.89,-5.01,6.68,-0.93,-0.21,0.15
-6.30,-4.57,6.37,-0.69,-0.31,0.31
-6.30,-4.57,6.37,-0.69,-0.31,0.31
-6.30,-4.57,6.37,-0.69,-0.31,0.31
-6.30,-4.57,6.37,-0.69,-0.31,0.31
-6.30,-4.57,6.37,-0.69,-0.31,0.31
-6.30,-4.57,6.37,-0.69,-0.31,0.31
-5.68,-4.83,7.27,-0.47,-0.34,0.18
-5.68,-4.83,7.27,-0.47,-0.34,0.18
-5.68,-4.83,7.27,-0.47,-0.34,0.18
-5.68,-4.83,7.27,-0.47,-0.34,0.18
-5.68,-4.83,7.27,-0.47,-0.34,0.18
-6.10,-4.72,6.43,-0.12,-0.13,0.15
-6.10,-4.72,6.43,-0.12,-0.13,0.15
-6.10,-4.72,6.43,-0.12,-0.13,0.15
-6.10,-4.72,6.43,-0.12,-0.13,0.15
-6.10,-4.72,6.43,-0.12,-0.13,0.15
-5.95,-4.50,7.12,-0.12,-0.42,0.10
-5.95,-4.50,7.12,-0.12,-0.42,0.10
-5.95,-4.50,7.12,-0.12,-0.42,0.10
-5.95,-4.50,7.12,-0.12,-0.42,0.10
-5.95,-4.50,7.12,-0.12,-0.42,0.10
-5.95,-4.50,7.12,-0.12,-0.42,0.10
-4.59,-4.84,6.18,0.13,-0.29,0.01
-4.59,-4.84,6.18,0.13,-0.29,0.01
-4.59,-4.84,6.18,0.13,-0.29,0.01
-4.59,-4.84,6.18,0.13,-0.29,0.01
-4.59,-4.84,6.18,0.13,-0.29,0.01
-6.61,-3.79,7.31,0.45,0.45,-0.04
-6.61,-3.79,7.31,0.45,0.45,-0.04
-6.61,-3.79,7.31,0.45,0.45,-0.04
-6.61,-3.79,7.31,0.45,0.45,-0.04
-6.61,-3.79,7.31,0.45,0.45,-0.04
-6.15,-3.63,7.39,0.28,-0.02,0.02
-6.15,-3.63,7.39,0.28,-0.02,0.02
-6.15,-3.63,7.39,0.28,-0.02,0.02
-6.15,-3.63,7.39,0.28,-0.02,0.02
-6.15,-3.63,7.39,0.28,-0.02,0.02
-6.15,-3.63,7.39,0.28,-0.02,0.02
-5.36,-3.85,6.45,-0.11,-0.23,0.07
-5.36,-3.85,6.45,-0.11,-0.23,0.07
-5.36,-3.85,6.45,-0.11,-0.23,0.07
-5.36,-3.85,6.45,-0.11,-0.23,0.07
-5.36,-3.85,6.45,-0.11,-0.23,0.07
-6.09,-2.78,7.44,-0.21,0.03,0.03
-6.09,-2.78,7.44,-0.21,0.03,0.03
-6.09,-2.78,7.44,-0.21,0.03,0.03
-6.09,-2.78,7.44,-0.21,0.03,0.03
-6.09,-2.78,7.44,-0.21,0.03,0.03
-5.62,-1.77,7.15,-0.56,-0.31,0.17
-5.62,-1.77,7.15,-0.56,-0.31,0.17
-5.62,-1.77,7.15,-0.56,-0.31,0.17
-5.62,-1.77,7.15,-0.56,-0.31,0.17
-5.62,-1.77,7.15,-0.56,-0.31,0.17
-5.62,-1.77,7.15,-0.56,-0.31,0.17
-4.47,-1.03,6.20,-0.76,-0.48,0.80
-4.47,-1.03,6.20,-0.76,-0.48,0.80
-4.47,-1.03,6.20,-0.76,-0.48,0.80
-4.47,-1.03,6.20,-0.76,-0.48,0.80
-4.47,-1.03,6.20,-0.76,-0.48,0.80
-5.90,-0.96,4.18,-0.97,0.11,1.90
-5.90,-0.96,4.18,-0.97,0.11,1.90
-5.90,-0.96,4.18,-0.97,0.11,1.90
-5.90,-0.96,4.18,-0.97,0.11,1.90
-5.90,-0.96,4.18,-0.97,0.11,1.90
-8.24,-1.39,2.87,-1.37,0.05,3.01
-8.24,-1.39,2.87,-1.37,0.05,3.01
-8.24,-1.39,2.87,-1.37,0.05,3.01
-8.24,-1.39,2.87,-1.37,0.05,3.01
-8.24,-1.39,2.87,-1.37,0.05,3.01
-8.24,-1.39,2.87,-1.37,0.05,3.01
-9.60,-1.08,3.50,-1.37,0.22,3.64
-9.60,-1.08,3.50,-1.37,0.22,3.64
-9.60,-1.08,3.50,-1.37,0.22,3.64
-9.60,-1.08,3.50,-1.37,0.22,3.64
-9.60,-1.08,3.50,-1.37,0.22,3.64
-9.64,-0.45,3.69,-0.88,0.54,3.77
-9.64,-0.45,3.69,-0.88,0.54,3.77
-9.64,-0.45,3.69,-0.88,0.54,3.77
-9.64,-0.45,3.69,-0.88,0.54,3.77
-9.64,-0.45,3.69,-0.88,0.54,3.77
-8.98,1.03,4.38,0.30,-0.02,3.69
-8.98,1.03,4.38,0.30,-0.02,3.69
-8.98,1.03,4.38,0.30,-0.02,3.69
-8.98,1.03,4.38,0.30,-0.02,3.69
-8.98,1.03,4.38,0.30,-0.02,3.69
-8.98,1.03,4.38,0.30,-0.02,3.69
-7.37,4.20,4.80,1.63,-0.70,3.23
-7.37,4.20,4.80,1.63,-0.70,3.23
-7.37,4.20,4.80,1.63,-0.70,3.23
-7.37,4.20,4.80,1.63,-0.70,3.23
-7.37,4.20,4.80,1.63,-0.70,3.23
-3.77,7.33,3.24,2.06,-0.06,2.56
-3.77,7.33,3.24,2.06,-0.06,2.56
-3.77,7.33,3.24,2.06,-0.06,2.56
-3.77,7.33,3.24,2.06,-0.06,2.56
-3.77,7.33,3.24,2.06,-0.06,2.56
-4.55,11.10,2.09,1.81,1.71,2.32
-4.55,11.10,2.09,1.81,1.71,2.32
-4.55,11.10,2.09,1.81,1.71,2.32
-4.55,11.10,2.09,1.81,1.71,2.32
-4.55,11.10,2.09,1.81,1.71,2.32
-4.55,11.10,2.09,1.81,1.71,2.32
-8.26,13.67,1.82,1.12,3.31,2.37
-8.26,13.67,1.82,1.12,3.31,2.37
-8.26,13.67,1.82,1.12,3.31,2.37
-8.26,13.67,1.82,1.12,3.31,2.37
-8.26,13.67,1.82,1.12,3.31,2.37
-6.86,11.01,1.61,0.59,1.84,1.08
-6.86,11.01,1.61,0.59,1.84,1.08
-6.86,11.01,1.61,0.59,1.84,1.08
-6.86,11.01,1.61,0.59,1.84,1.08
-6.86,11.01,1.61,0.59,1.84,1.08
-6.86,11.01,1.61,0.59,1.84,1.08
-3.03,10.38,0.93,0.29,-0.12,-1.26
-3.03,10.38,0.93,0.29,-0.12,-1.26
-3.03,10.38,0.93,0.29,-0.12,-1.26
-3.03,10.38,0.93,0.29,-0.12,-1.26
-3.03,10.38,0.93,0.29,-0.12,-1.26
-0.47,8.66,-0.37,0.41,-0.18,-1.09
-0.47,8.66,-0.37,0.41,-0.18,-1.09
-0.47,8.66,-0.37,0.41,-0.18,-1.09
-0.47,8.66,-0.37,0.41,-0.18,-1.09
-0.47,8.66,-0.37,0.41,-0.18,-1.09
-3.53,9.15,-1.62,0.22,-0.01,0.10
-3.53,9.15,-1.62,0.22,-0.01,0.10
-3.53,9.15,-1.62,0.22,-0.01,0.10
-3.53,9.15,-1.62,0.22,-0.01,0.10
-3.53,9.15,-1.62,0.22,-0.01,0.10
-3.53,9.15,-1.62,0.22,-0.01,0.10
-3.40,9.75,-1.27,0.00,-0.24,0.13
-3.40,9.75,-1.27,0.00,-0.24,0.13
-3.40,9.75,-1.27,0.00,-0.24,0.13
-3.40,9.75,-1.27,0.00,-0.24,0.13
-3.40,9.75,-1.27,0.00,-0.24,0.13
-2.64,9.30,-0.48,-0.07,-0.24,-0.02
-2.64,9.30,-0.48,-0.07,-0.24,-0.02
-2.64,9.30,-0.48,-0.07,-0.24,-0.02
-2.64,9.30,-0.48,-0.07,-0.24,-0.02
-2.64,9.30,-0.48,-0.07,-0.24,-0.02
-3.50,9.15,-0.38,-0.07,-0.02,0.01
-3.50,9.15,-0.38,-0.07,-0.02,0.01
-3.50,9.15,-0.38,-0.07,-0.02,0.01
-3.50,9.15,-0.38,-0.07,-0.02,0.01
-3.50,9.15,-0.38,-0.07,-0.02,0.01
-3.67,9.22,-0.28,-0.03,-0.08,0.07
-3.67,9.22,-0.28,-0.03,-0.08,0.07
-3.67,9.22,-0.28,-0.03,-0.08,0.07
-3.67,9.22,-0.28,-0.03,-0.08,0.07
-3.67,9.22,-0.28,-0.03,-0.08,0.07
-3.67,9.22,-0.28,-0.03,-0.08,0.07
-3.33,9.26,-0.37,-0.02,-0.20,0.07
-3.33,9.26,-0.37,-0.02,-0.20,0.07
-3.33,9.26,-0.37,-0.02,-0.20,0.07
-3.33,9.26,-0.37,-0.02,-0.20,0.07
-3.33,9.26,-0.37,-0.02,-0.20,0.07
-2.95,9.20,-0.40,-0.06,-0.22,0.02
-2.95,9.20,-0.40,-0.06,-0.22,0.02
-2.95,9.20,-0.40,-0.06,-0.22,0.02
-2.95,9.20,-0.40,-0.06,-0.22,0.02
-2.95,9.20,-0.40,-0.06,-0.22,0.02
-2.88,9.28,-0.31,-0.06,-0.22,0.02
-2.88,9.28,-0.31,0.01,-0.13,0.02
-2.88,9.28,-0.31,0.01,-0.13,0.02
-2.88,9.28,-0.31,0.01,-0.13,0.02
-2.88,9.28,-0.31,0.01,-0.13,0.02
-2.88,9.28,-0.31,0.01,-0.13,0.02
-3.10,9.32,-0.25,0.01,-0.06,0.01
-3.10,9.32,-0.25,0.01,-0.06,0.01
-3.10,9.32,-0.25,0.01,-0.06,0.01
-3.10,9.32,-0.25,0.01,-0.06,0.01
-3.10,9.32,-0.25,0.01,-0.06,0.01
-3.02,9.28,-0.23,-0.01,-0.02,-0.01
-3.02,9.28,-0.23,-0.01,-0.02,-0.01
-3.02,9.28,-0.23,-0.01,-0.02,-0.01
-3.02,9.28,-0.23,-0.01,-0.02,-0.01
-3.02,9.28,-0.23,-0.01,-0.02,-0.01
-3.05,9.27,-0.20,-0.03,0.03,-0.02
-3.05,9.27,-0.20,-0.03,0.03,-0.02
-3.05,9.27,-0.20,-0.03,0.03,-0.02
-3.05,9.27,-0.20,-0.03,0.03,-0.02
-3.05,9.27,-0.20,-0.03,0.03,-0.02
-3.05,9.27,-0.20,-0.03,0.03,-0.02
-3.14,9.27,-0.18,-0.04,0.06,-0.03
-3.14,9.27,-0.18,-0.04,0.06,-0.03
-3.14,9.27,-0.18,-0.04,0.06,-0.03
-3.14,9.27,-0.18,-0.04,0.06,-0.03
-3.14,9.27,-0.18,-0.04,0.06,-0.03
-3.20,9.24,-0.11,-0.04,0.07,-0.03
-3.20,9.24,-0.11,-0.04,0.07,-0.03
-3.20,9.24,-0.11,-0.04,0.07,-0.03
-3.20,9.24,-0.11,-0.04,0.07,-0.03
-3.20,9.24,-0.11,-0.04,0.07,-0.03
-3.26,9.23,-0.06,-0.03,0.05,-0.03
-3.26,9.23,-0.06,-0.03,0.05,-0.03
-3.26,9.23,-0.06,-0.03,0.05,-0.03
-3.26,9.23,-0.06,-0.03,0.05,-0.03
-3.26,9.23,-0.06,-0.03,0.05,-0.03
-3.26,9.23,-0.06,-0.03,0.05,-0.03
-3.26,9.24,-0.03,-0.01,0.01,-0.02
-3.26,9.24,-0.03,-0.01,0.01,-0.02
-3.26,9.24,-0.03,-0.01,0.01,-0.02
-3.26,9.24,-0.03,-0.01,0.01,-0.02
-3.26,9.24,-0.03,-0.01,0.01,-0.02
-3.23,9.25,-0.10,0.01,-0.02,-0.00
-3.23,9.25,-0.10,0.01,-0.02,-0.00
-3.23,9.25,-0.10,0.01,-0.02,-0.00
-3.23,9.25,-0.10,0.01,-0.02,-0.00
-3.23,9.25,-0.10,0.01,-0.02,-0.00
-3.17,9.29,-0.13,0.02,-0.04,0.00
-3.17,9.29,-0.13,0.02,-0.04,0.00
-3.17,9.29,-0.13,0.02,-0.04,0.00
-3.17,9.29,-0.13,0.02,-0.04,0.00
-3.17,9.29,-0.13,0.02,-0.04,0.00
-3.06,9.29,-0.16,0.02,-0.04,0.00
-3.06,9.29,-0.16,0.02,-0.04,0.00
-3.06,9.29,-0.16,0.02,-0.04,0.00
-3.06,9.29,-0.16,0.02,-0.04,0.00
-3.06,9.29,-0.16,0.02,-0.04,0.00
-3.06,9.29,-0.16,0.02,-0.04,0.00
-3.06,9.32,-0.20,0.01,-0.01,-0.00
-3.06,9.32,-0.20,0.01,-0.01,-0.00
-3.06,9.32,-0.20,0.01,-0.01,-0.00
-3.06,9.32,-0.20,0.01,-0.01,-0.00
-3.06,9.32,-0.20,0.01,-0.01,-0.00
-3.10,9.30,-0.15,-0.00,0.02,-0.01
-3.10,9.30,-0.15,-0.00,0.02,-0.01
-3.10,9.30,-0.15,-0.00,0.02,-0.01
-3.10,9.30,-0.15,-0.00,0.02,-0.01
-3.10,9.30,-0.15,-0.00,0.02,-0.01
-3.10,9.30,-0.12,-0.00,0.02,-0.01
-3.15,9.28,-0.12,-0.01,0.03,-0.02
-3.15,9.28,-0.12,-0.01,0.03,-0.02
-3.15,9.28,-0.12,-0.01,0.03,-0.02
-3.15,9.28,-0.12,-0.01,0.03,-0.02
-3.15,9.28,-0.12,-0.01,0.03,-0.02
-3.14,9.28,-0.10,-0.02,0.04,-0.02
-3.14,9.28,-0.10,-0.02,0.04,-0.02
-3.14,9.28,-0.10,-0.02,0.04,-0.02
-3.14,9.28,-0.10,-0.02,0.04,-0.02
-3.14,9.28,-0.10,-0.02,0.04,-0.02
-3.19,9.30,-0.09,-0.01,0.03,-0.01
-3.19,9.30,-0.09,-0.01,0.03,-0.01
-3.19,9.30,-0.09,-0.01,0.03,-0.01
-3.19,9.30,-0.09,-0.01,0.03,-0.01
-3.19,9.30,-0.09,-0.01,0.03,-0.01
-3.19,9.30,-0.07,-0.01,0.03,-0.01
-3.13,9.30,-0.07,-0.01,0.02,-0.01
-3.13,9.30,-0.07,-0.01,0.02,-0.01
-3.13,9.30,-0.07,-0.01,0.02,-0.01
-3.13,9.30,-0.07,-0.01,0.02,-0.01
-3.13,9.30,-0.07,-0.01,0.02,-0.01
-3.12,9.33,-0.01,-0.02,0.01,-0.01
-3.12,9.33,-0.01,-0.02,0.01,-0.01
-3.12,9.33,-0.01,-0.02,0.01,-0.01
-3.12,9.33,-0.01,-0.02,0.01,-0.01
-3.12,9.33,-0.01,-0.02,0.01,-0.01
-3.24,9.38,0.06,-0.03,-0.01,-0.03
-3.24,9.38,0.06,-0.03,-0.01,-0.03
-3.24,9.38,0.06,-0.03,-0.01,-0.03
-3.24,9.38,0.06,-0.03,-0.01,-0.03
-3.24,9.38,0.06,-0.03,-0.01,-0.03
-3.72,9.62,0.35,-0.11,-0.15,-0.11
-3.72,9.62,0.35,-0.11,-0.15,-0.11
-3.72,9.62,0.35,-0.11,-0.15,-0.11
-3.72,9.62,0.35,-0.11,-0.15,-0.11
-3.72,9.62,0.35,-0.11,-0.15,-0.11
-3.72,9.62,0.35,-0.11,-0.15,-0.11
-5.19,10.43,1.05,-0.25,-0.43,-0.41
-5.19,10.43,1.05,-0.25,-0.43,-0.41
-5.19,10.43,1.05,-0.25,-0.43,-0.41
-5.19,10.43,1.05,-0.25,-0.43,-0.41
-5.19,10.43,1.05,-0.25,-0.43,-0.41
-6.28,10.83,1.89,-0.57,-0.73,-1.10
-6.28,10.83,1.89,-0.57,-0.73,-1.10
-6.28,10.83,1.89,-0.57,-0.73,-1.10
-6.28,10.83,1.89,-0.57,-0.73,-1.10
-6.28,10.83,1.89,-0.57,-0.73,-1.10
-8.20,10.13,2.78,-1.11,-0.21,-2.25
-8.20,10.13,2.78,-1.11,-0.21,-2.25
-8.20,10.13,2.78,-1.11,-0.21,-2.25
-8.20,10.13,2.78,-1.11,-0.21,-2.25
-8.20,10.13,2.78,-1.11,-0.21,-2.25
-8.20,10.13,2.78,-1.11,-0.21,-2.25
-10.20,7.28,3.09,-1.63,0.71,-3.35
-10.20,7.28,3.09,-1.63,0.71,-3.35
-10.20,7.28,3.09,-1.63,0.71,-3.35
-10.20,7.28,3.09,-1.63,0.71,-3.35
-10.20,7.28,3.09,-1.63,0.71,-3.35
-11.08,3.83,2.11,-1.35,0.96,-4.36
-11.08,3.83,2.11,-1.35,0.96,-4.36
-11.08,3.83,2.11,-1.35,0.96,-4.36
-11.08,3.83,2.11,-1.35,0.96,-4.36
-11.08,3.83,2.11,-1.35,0.96,-4.36
-10.50,0.43,0.06,-0.26,1.00,-4.97
-10.50,0.43,0.06,-0.26,1.00,-4.97
-10.50,0.43,0.06,-0.26,1.00,-4.97
-10.50,0.43,0.06,-0.26,1.00,-4.97
-10.50,0.43,0.06,-0.26,1.00,-4.97
-10.50,0.43,0.06,-0.26,1.00,-4.97
-7.17,-2.97,-1.26,1.05,1.47,-5.00
-7.17,-2.97,-1.26,1.05,1.47,-5.00
-7.17,-2.97,-1.26,1.05,1.47,-5.00
-7.17,-2.97,-1.26,1.05,1.47,-5.00
-7.17,-2.97,-1.26,1.05,1.47,-5.00
-3.87,-3.71,0.56,2.64,2.71,-4.81
-3.87,-3.71,0.56,2.64,2.71,-4.81
-3.87,-3.71,0.56,2.64,2.71,-4.81
-3.87,-3.71,0.56,2.64,2.71,-4.81
-3.87,-3.71,0.56,2.64,2.71,-4.81
-1.55,-3.99,3.60,2.60,1.35,-2.45
-1.55,-3.99,3.60,2.60,1.35,-2.45
-1.55,-3.99,3.60,2.60,1.35,-2.45
-1.55,-3.99,3.60,2.60,1.35,-2.45
-1.55,-3.99,3.60,2.60,1.35,-2.45
-1.55,-3.99,3.60,2.60,1.35,-2.45
-4.60,-7.82,2.13,0.99,0.72,-0.71
-4.60,-7.82,2.13,0.99,0.72,-0.71
-4.60,-7.82,2.13,0.99,0.72,-0.71
-4.60,-7.82,2.13,0.99,0.72,-0.71
-4.60,-7.82,2.13,0.99,0.72,-0.71
-2.70,-7.11,3.47,0.50,0.76,-1.12
-2.70,-7.11,3.47,0.50,0.76,-1.12
-2.70,-7.11,3.47,0.50,0.76,-1.12
-2.70,-7.11,3.47,0.50,0.76,-1.12
-2.70,-7.11,3.47,0.50,0.76,-1.12
-2.28,-8.43,2.56,-0.10,0.03,-0.14
-2.28,-8.43,2.56,-0.10,0.03,-0.14
-2.28,-8.43,2.56,-0.10,0.03,-0.14
-2.28,-8.43,2.56,-0.10,0.03,-0.14
-2.28,-8.43,2.56,-0.10,0.03,-0.14
-2.28,-8.43,2.56,-0.10,0.03,-0.14
-2.51,-9.46,2.10,-0.27,-0.15,0.19
-2.51,-9.46,2.10,-0.27,-0.15,0.19
-2.51,-9.46,2.10,-0.27,-0.15,0.19
-2.51,-9.46,2.10,-0.27,-0.15,0.19
-2.51,-9.46,2.10,-0.27,-0.15,0.19
-3.09,-9.19,2.97,-0.04,-0.05,0.05
-3.09,-9.19,2.97,-0.04,-0.05,0.05
-3.09,-9.19,2.97,-0.04,-0.05,0.05
-3.09,-9.19,2.97,-0.04,-0.05,0.05
-3.09,-9.19,2.97,-0.04,-0.05,0.05
-3.38,-9.37,2.62,-0.13,0.04,-0.10
-3.38,-9.37,2.62,-0.13,0.04,-0.10
-3.38,-9.37,2.62,-0.13,0.04,-0.10
-3.38,-9.37,2.62,-0.13,0.04,-0.10
-3.38,-9.37,2.62,-0.13,0.04,-0.10
-3.38,-9.37,2.62,-0.13,0.04,-0.10
-2.30,-8.88,2.79,0.12,-0.13,0.03
-2.30,-8.88,2.79,0.12,-0.13,0.03
-2.30,-8.88,2.79,0.12,-0.13,0.03
-2.30,-8.88,2.79,0.12,-0.13,0.03
-2.30,-8.88,2.79,0.12,-0.13,0.03
-2.98,-8.73,3.04,0.05,0.04,0.17
-2.98,-8.73,3.04,0.05,0.04,0.17
-2.98,-8.73,3.04,0.05,0.04,0.17
-2.98,-8.73,3.04,0.05,0.04,0.17
-2.98,-8.73,3.04,0.05,0.04,0.17
-3.02,-9.15,2.67,-0.14,-0.04,0.14
-3.02,-9.15,2.67,-0.14,-0.04,0.14
-3.02,-9.15,2.67,-0.14,-0.04,0.14
-3.02,-9.15,2.67,-0.14,-0.04,0.14
-3.02,-9.15,2.67,-0.14,-0.04,0.14
-3.02,-9.15,2.67,-0.14,-0.04,0.14
-3.26,-9.16,2.66,0.06,-0.09,0.11
-3.26,-9.16,2.66,0.06,-0.09,0.11
-3.26,-9.16,2.66,0.06,-0.09,0.11
-3.26,-9.16,2.66,0.06,-0.09,0.11
-3.26,-9.16,2.66,0.06,-0.09,0.11
-3.25,-8.78,2.82,0.16,-0.10,0.10
-3.25,-8.78,2.82,0.16,-0.10,0.10
-3.25,-8.78,2.82,0.16,-0.10,0.10
-3.25,-8.78,2.82,0.16,-0.10,0.10
-3.25,-8.78,2.82,0.16,-0.10,0.10
-3.27,-8.68,2.97,-0.12,-0.11,0.09
-3.27,-8.68,2.97,-0.12,-0.11,0.09
-3.27,-8.68,2.97,-0.12,-0.11,0.09
-3.27,-8.68,2.97,-0.12,-0.11,0.09
-3.27,-8.68,2.97,-0.12,-0.11,0.09
-3.27,-8.68,2.97,-0.12,-0.11,0.09
-3.07,-9.38,2.34,-0.35,-0.10,0.04
-3.07,-9.38,2.34,-0.35,-0.10,0.04
-3.07,-9.38,2.34,-0.35,-0.10,0.04
-3.07,-9.38,2.34,-0.35,-0.10,0.04
-3.07,-9.38,2.34,-0.35,-0.10,0.04
-3.48,-8.83,2.82,-0.01,0.08,0.01
-3.48,-8.83,2.82,-0.01,0.08,0.01
-3.48,-8.83,2.82,-0.01,0.08,0.01
-3.48,-8.83,2.82,-0.01,0.08,0.01
-3.48,-8.83,2.82,-0.01,0.08,0.01
-2.97,-8.66,2.92,0.08,-0.11,0.14
-2.97,-8.66,2.92,0.08,-0.11,0.14
-2.97,-8.66,2.92,0.08,-0.11,0.14
-2.97,-8.66,2.92,0.08,-0.11,0.14
-2.97,-8.66,2.92,0.08,-0.11,0.14
-2.97,-8.66,2.92,0.08,-0.11,0.14
-3.62,-8.95,2.69,0.01,-0.05,0.06
-3.62,-8.95,2.69,0.01,-0.05,0.06
-3.62,-8.95,2.69,0.01,-0.05,0.06
-3.62,-8.95,2.69,0.01,-0.05,0.06
-3.62,-8.95,2.69,0.01,-0.05,0.06
-3.31,-8.80,2.57,0.12,-0.27,0.08
-3.31,-8.80,2.57,0.12,-0.27,0.08
-3.31,-8.80,2.57,0.12,-0.27,0.08
-3.31,-8.80,2.57,0.12,-0.27,0.08
-3.31,-8.80,2.57,0.12,-0.27,0.08
-3.51,-8.49,2.91,-0.13,-0.23,0.12
-3.51,-8.49,2.91,-0.13,-0.23,0.12
-3.51,-8.49,2.91,-0.13,-0.23,0.12
-3.51,-8.49,2.91,-0.13,-0.23,0.12
-3.51,-8.49,2.91,-0.13,-0.23,0.12
-3.51,-8.49,2.91,-0.13,-0.23,0.12
-3.44,-9.50,2.17,-0.47,-0.09,0.04
-3.44,-9.50,2.17,-0.47,-0.09,0.04
-3.44,-9.50,2.17,-0.47,-0.09,0.04
-3.44,-9.50,2.17,-0.47,-0.09,0.04
-3.44,-9.50,2.17,-0.47,-0.09,0.04
-3.41,-8.46,2.93,-0.02,0.10,0.04
-3.41,-8.46,2.93,-0.02,0.10,0.04
-3.41,-8.46,2.93,-0.02,0.10,0.04
-3.41,-8.46,2.93,-0.02,0.10,0.04
-3.41,-8.46,2.93,-0.02,0.10,0.04
-4.28,-8.57,2.65,0.02,-0.12,0.23
-4.28,-8.57,2.65,0.02,-0.12,0.23
-4.28,-8.57,2.65,0.02,-0.12,0.23
-4.28,-8.57,2.65,0.02,-0.12,0.23
-4.28,-8.57,2.65,0.02,-0.12,0.23
-4.28,-8.57,2.65,0.02,-0.12,0.23
-4.27,-8.14,2.83,-0.03,-0.58,0.39
-4.27,-8.14,2.83,-0.03,-0.58,0.39
-4.27,-8.14,2.83,-0.03,-0.58,0.39
-4.27,-8.14,2.83,-0.03,-0.58,0.39
-4.27,-8.14,2.83,-0.03,-0.58,0.39
-4.06,-7.51,3.00,-0.20,-1.06,0.76
-4.06,-7.51,3.00,-0.20,-1.06,0.76
-4.06,-7.51,3.00,-0.20,-1.06,0.76
-4.06,-7.51,3.00,-0.20,-1.06,0.76
-4.06,-7.51,3.00,-0.20,-1.06,0.76
-3.64,-6.88,2.40,-0.76,-1.23,1.19
-3.64,-6.88,2.40,-0.76,-1.23,1.19
-3.64,-6.88,2.40,-0.76,-1.23,1.19
-3.64,-6.88,2.40,-0.76,-1.23,1.19
-3.64,-6.88,2.40,-0.76,-1.23,1.19
-3.64,-6.88,2.40,-0.76,-1.23,1.19
-4.49,-6.55,1.78,-1.14,-1.51,2.13
-4.49,-6.55,1.78,-1.14,-1.51,2.13
-4.49,-6.55,1.78,-1.14,-1.51,2.13
-4.49,-6.55,1.78,-1.14,-1.51,2.13
-4.49,-6.55,1.78,-1.14,-1.51,2.13
-5.83,-5.60,1.62,-0.92,-1.86,3.30
-5.83,-5.60,1.62,-0.92,-1.86,3.30
-5.83,-5.60,1.62,-0.92,-1.86,3.30
-5.83,-5.60,1.62,-0.92,-1.86,3.30
-5.83,-5.60,1.62,-0.92,-1.86,3.30
-6.71,-3.58,2.42,-0.13,-1.99,4.10
-6.71,-3.58,2.42,-0.13,-1.99,4.10
-6.71,-3.58,2.42,-0.13,-1.99,4.10
-6.71,-3.58,2.42,-0.13,-1.99,4.10
-6.71,-3.58,2.42,-0.13,-1.99,4.10
-6.71,-3.58,2.42,-0.13,-1.99,4.10
-7.21,-0.88,3.51,0.89,-1.71,4.11
-7.21,-0.88,3.51,0.89,-1.71,4.11
-7.21,-0.88,3.51,0.89,-1.71,4.11
-7.21,-0.88,3.51,0.89,-1.71,4.11
-7.21,-0.88,3.51,0.89,-1.71,4.11
-8.47,2.84,5.24,1.96,-0.99,3.59
-8.47,2.84,5.24,1.96,-0.99,3.59
-8.47,2.84,5.24,1.96,-0.99,3.59
-8.47,2.84,5.24,1.96,-0.99,3.59
-8.47,2.84,5.24,1.96,-0.99,3.59
-5.74,6.02,4.67,1.96,-1.12,2.96
-5.74,6.02,4.67,2.52,-1.12,2.96
-5.74,6.02,4.67,2.52,-1.12,2.96
-5.74,6.02,4.67,2.52,-1.12,2.96
-5.74,6.02,4.67,2.52,-1.12,2.96
-5.74,6.02,4.67,2.52,-1.12,2.96
-3.32,7.67,4.12,2.08,0.43,2.21
-3.32,7.67,4.12,2.08,0.43,2.21
-3.32,7.67,4.12,2.08,0.43,2.21
-3.32,7.67,4.12,2.08,0.43,2.21
-3.32,7.67,4.12,2.08,0.43,2.21
-3.21,9.88,1.70,1.32,2.26,1.98
-3.21,9.88,1.70,1.32,2.26,1.98
-3.21,9.88,1.70,1.32,2.26,1.98
-3.21,9.88,1.70,1.32,2.26,1.98
-3.21,9.88,1.70,1.32,2.26,1.98
-3.21,9.88,1.70,1.32,2.26,1.98
-7.89,15.22,0.32,0.66,3.87,2.27
-7.89,15.22,0.32,0.66,3.87,2.27
-7.89,15.22,0.32,0.66,3.87,2.27
-7.89,15.22,0.32,0.66,3.87,2.27
-7.89,15.22,0.32,0.66,3.87,2.27
-8.79,11.21,1.72,0.36,2.46,1.94
-8.79,11.21,1.72,0.36,2.46,1.94
-8.79,11.21,1.72,0.36,2.46,1.94
-8.79,11.21,1.72,0.36,2.46,1.94
-8.79,11.21,1.72,0.36,2.46,1.94
-4.58,10.17,0.26,0.60,-0.38,-0.25
-4.58,10.17,0.26,0.60,-0.38,-0.25
-4.58,10.17,0.26,0.60,-0.38,-0.25
-4.58,10.17,0.26,0.60,-0.38,-0.25
-4.58,10.17,0.26,0.60,-0.38,-0.25
-4.58,10.17,0.26,0.60,-0.38,-0.25
-3.85,8.58,0.31,0.04,-0.23,-0.98
-3.85,8.58,0.31,0.04,-0.23,-0.98
-3.85,8.58,0.31,0.04,-0.23,-0.98
-3.85,8.58,0.31,0.04,-0.23,-0.98
-3.85,8.58,0.31,0.04,-0.23,-0.98
-2.82,8.74,-0.28,0.03,-0.66,-0.06
-2.82,8.74,-0.28,0.03,-0.66,-0.06
-2.82,8.74,-0.28,0.03,-0.66,-0.06
-2.82,8.74,-0.28,0.03,-0.66,-0.06
-2.82,8.74,-0.28,0.03,-0.66,-0.06
-2.82,8.74,-0.28,0.03,-0.66,-0.06
-2.35,9.88,-0.05,-0.05,-0.79,0.41
-2.35,9.88,-0.05,-0.05,-0.79,0.41
-2.35,9.88,-0.05,-0.05,-0.79,0.41
-2.35,9.88,-0.05,-0.05,-0.79,0.41
-2.35,9.88,-0.05,-0.05,-0.79,0.41
-1.89,9.87,0.20,0.05,-0.45,0.08
-1.89,9.87,0.20,0.05,-0.45,0.08
-1.89,9.87,0.20,0.05,-0.45,0.08
-1.89,9.87,0.20,0.05,-0.45,0.08
-1.89,9.87,0.20,0.05,-0.45,0.08
-2.52,9.33,0.14,-0.01,-0.19,-0.11
-2.52,9.33,0.14,-0.01,-0.19,-0.11
-2.52,9.33,0.14,-0.01,-0.19,-0.11
-2.52,9.33,0.14,-0.01,-0.19,-0.11
-2.52,9.33,0.14,-0.01,-0.19,-0.11
-2.52,9.33,0.14,-0.01,-0.19,-0.11
-3.49,9.06,0.12,-0.08,0.06,-0.05
-3.49,9.06,0.12,-0.08,0.06,-0.05
-3.49,9.06,0.12,-0.08,0.06,-0.05
-3.49,9.06,0.12,-0.08,0.06,-0.05
-3.49,9.06,0.12,-0.08,0.06,-0.05
-3.48,9.13,0.30,-0.03,0.02,0.01
-3.48,9.13,0.30,-0.03,0.02,0.01
-3.48,9.13,0.30,-0.03,0.02,0.01
-3.48,9.13,0.30,-0.03,0.02,0.01
-3.48,9.13,0.30,-0.03,0.02,0.01
-2.98,9.36,0.46,-0.00,-0.07,0.04
-2.98,9.36,0.46,-0.00,-0.07,0.04
-2.98,9.36,0.46,-0.00,-0.07,0.04
-2.98,9.36,0.46,-0.00,-0.07,0.04
-2.98,9.36,0.46,-0.00,-0.07,0.04
-2.98,9.36,0.46,-0.00,-0.07,0.04
-2.76,9.31,0.32,-0.01,-0.04,-0.01
-2.76,9.31,0.32,-0.01,-0.04,-0.01
-2.76,9.31,0.32,-0.01,-0.04,-0.01
-2.76,9.31,0.32,-0.01,-0.04,-0.01
-2.76,9.31,0.32,-0.01,-0.04,-0.01
-2.98,9.25,0.29,-0.01,0.04,-0.04
-2.98,9.25,0.29,-0.01,0.04,-0.04
-2.98,9.25,0.29,-0.01,0.04,-0.04
-2.98,9.25,0.29,-0.01,0.04,-0.04
-2.98,9.25,0.29,-0.01,0.04,-0.04
-3.31,9.29,0.44,-0.01,0.07,-0.00
-3.31,9.29,0.44,-0.01,0.07,-0.00
-3.31,9.29,0.44,-0.01,0.07,-0.00
-3.31,9.29,0.44,-0.01,0.07,-0.00
-3.31,9.29,0.44,-0.01,0.07,-0.00
-3.31,9.29,0.44,-0.01,0.07,-0.00
-3.03,9.31,0.44,-0.00,0.00,-0.00
-3.03,9.31,0.44,-0.00,0.00,-0.00
-3.03,9.31,0.44,-0.00,0.00,-0.00
-3.03,9.31,0.44,-0.00,0.00,-0.00
-3.03,9.31,0.44,-0.00,0.00,-0.00
-2.94,9.33,0.38,0.02,-0.01,0.01
-2.94,9.33,0.38,0.02,-0.01,0.01
-2.94,9.33,0.38,0.02,-0.01,0.01
-2.94,9.33,0.38,0.02,-0.01,0.01
-2.94,9.33,0.38,0.02,-0.01,0.01
-2.94,9.36,0.33,0.02,-0.01,0.01
-3.03,9.36,0.33,0.03,-0.02,0.01
-3.03,9.36,0.33,0.03,-0.02,0.01
-3.03,9.36,0.33,0.03,-0.02,0.01
-3.03,9.36,0.33,0.03,-0.02,0.01
-3.03,9.36,0.33,0.03,-0.02,0.01
-2.98,9.36,0.30,0.03,-0.03,-0.00
-2.98,9.36,0.30,0.03,-0.03,-0.00
-2.98,9.36,0.30,0.03,-0.03,-0.00
-2.98,9.36,0.30,0.03,-0.03,-0.00
-2.98,9.36,0.30,0.03,-0.03,-0.00
-3.01,9.34,0.38,0.03,-0.04,-0.01
-3.01,9.34,0.38,0.03,-0.04,-0.01
-3.01,9.34,0.38,0.03,-0.04,-0.01
-3.01,9.34,0.38,0.03,-0.04,-0.01
-3.01,9.34,0.38,0.03,-0.04,-0.01
-3.01,9.34,0.38,0.03,-0.04,-0.01
-2.97,9.32,0.38,0.03,-0.05,-0.01
-2.97,9.32,0.38,0.03,-0.05,-0.01
-2.97,9.32,0.38,0.03,-0.05,-0.01
-2.97,9.32,0.38,0.03,-0.05,-0.01
-2.97,9.32,0.38,0.03,-0.05,-0.01
-3.04,9.31,0.34,0.02,-0.04,-0.00
-3.04,9.31,0.34,0.02,-0.04,-0.00
-3.04,9.31,0.34,0.02,-0.04,-0.00
-3.04,9.31,0.34,0.02,-0.04,-0.00
-3.04,9.31,0.34,0.02,-0.04,-0.00
-2.96,9.32,0.32,0.02,-0.05,-0.01
-2.96,9.32,0.32,0.02,-0.05,-0.01
-2.96,9.32,0.32,0.02,-0.05,-0.01
-2.96,9.32,0.32,0.02,-0.05,-0.01
-2.96,9.32,0.32,0.02,-0.05,-0.01
-2.96,9.32,0.32,0.02,-0.05,-0.01
-2.93,9.32,0.34,0.01,-0.03,0.00
-2.93,9.32,0.34,0.01,-0.03,0.00
-2.93,9.32,0.34,0.01,-0.03,0.00
-2.93,9.32,0.34,0.01,-0.03,0.00
-2.93,9.32,0.34,0.01,-0.03,0.00
-2.95,9.36,0.34,0.01,-0.02,0.01
-2.95,9.36,0.34,0.01,-0.02,0.01
-2.95,9.36,0.34,0.01,-0.02,0.01
-2.95,9.36,0.34,0.01,-0.02,0.01
-2.95,9.36,0.34,0.01,-0.02,0.01
-2.93,9.36,0.36,0.01,-0.02,0.01
-2.93,9.36,0.36,0.01,-0.02,0.01
-2.93,9.36,0.36,0.01,-0.02,0.01
-2.93,9.36,0.36,0.01,-0.02,0.01
-2.93,9.36,0.36,0.01,-0.02,0.01
-2.93,9.36,0.36,0.01,-0.02,0.01
-2.85,9.33,0.44,0.01,-0.02,0.00
-2.85,9.33,0.44,0.01,-0.02,0.00
-2.85,9.33,0.44,0.01,-0.02,0.00
-2.85,9.33,0.44,0.01,-0.02,0.00
-2.85,9.33,0.44,0.01,-0.02,0.00
-3.01,9.35,0.58,0.02,-0.02,0.02
-3.01,9.35,0.58,0.02,-0.02,0.02
-3.01,9.35,0.58,0.02,-0.02,0.02
-3.01,9.35,0.58,0.02,-0.02,0.02
-3.01,9.35,0.58,0.02,-0.02,0.02