-0.32,9.56,-1.70,-0.03,0.06,-0.06
-0.32,9.56,-1.70,-0.03,0.06,-0.06
-0.46,9.61,-1.73,-0.07,0.06,-0.11
-0.46,9.61,-1.73,-0.07,0.06,-0.11
-0.46,9.61,-1.73,-0.07,0.06,-0.11
-0.46,9.61,-1.73,-0.07,0.06,-0.11
-0.46,9.61,-1.73,-0.07,0.06,-0.11
-0.84,9.78,-1.52,-0.07,0.07,-0.17
-0.84,9.78,-1.52,-0.07,0.07,-0.17
-0.84,9.78,-1.52,-0.07,0.07,-0.17
-0.84,9.78,-1.52,-0.07,0.07,-0.17
-0.84,9.78,-1.52,-0.07,0.07,-0.17
-0.84,9.78,-1.52,-0.07,0.07,-0.17
-0.43,9.70,-1.52,-0.09,0.07,-0.26
-0.43,9.70,-1.52,-0.09,0.07,-0.26
-0.43,9.70,-1.52,-0.09,0.07,-0.26
-0.43,9.70,-1.52,-0.09,0.07,-0.26
-0.43,9.70,-1.52,-0.09,0.07,-0.26
-0.55,9.62,-1.44,-0.15,0.26,-0.32
-0.55,9.62,-1.44,-0.15,0.26,-0.32
-0.55,9.62,-1.44,-0.15,0.26,-0.32
-0.55,9.62,-1.44,-0.15,0.26,-0.32
-0.55,9.62,-1.44,-0.15,0.26,-0.32
-1.25,9.79,-0.80,-0.16,0.43,-0.46
-1.25,9.79,-0.80,-0.16,0.43,-0.46
-1.25,9.79,-0.80,-0.16,0.43,-0.46
-1.25,9.79,-0.80,-0.16,0.43,-0.46
-1.25,9.79,-0.80,-0.16,0.43,-0.46
-1.25,9.79,-0.80,-0.16,0.43,-0.46
-1.66,9.67,-0.92,-0.24,0.32,-0.69
-1.66,9.67,-0.92,-0.24,0.32,-0.69
-1.66,9.67,-0.92,-0.24,0.32,-0.69
-1.66,9.67,-0.92,-0.24,0.32,-0.69
-1.66,9.67,-0.92,-0.24,0.32,-0.69
-1.47,9.59,-1.53,-0.12,0.08,-0.87
-1.47,9.59,-1.53,-0.12,0.08,-0.87
-1.47,9.59,-1.53,-0.12,0.08,-0.87
-1.47,9.59,-1.53,-0.12,0.08,-0.87
-1.47,9.59,-1.53,-0.12,0.08,-0.87
-1.47,9.59,-1.53,-0.12,0.08,-0.87
-1.55,9.24,-1.85,0.02,-0.04,-0.78
-1.55,9.24,-1.85,0.02,-0.04,-0.78
-1.55,9.24,-1.85,0.02,-0.04,-0.78
-1.55,9.24,-1.85,0.02,-0.04,-0.78
-1.55,9.24,-1.85,0.02,-0.04,-0.78
-2.89,8.64,-1.95,0.08,0.02,-0.46
-2.89,8.64,-1.95,0.08,0.02,-0.46
-2.89,8.64,-1.95,0.08,0.02,-0.46
-2.89,8.64,-1.95,0.08,0.02,-0.46
-2.89,8.64,-1.95,0.08,0.02,-0.46
-4.23,9.00,-2.45,0.20,-0.04,-0.22
-4.23,9.00,-2.45,0.20,-0.04,-0.22
-4.23,9.00,-2.45,0.20,-0.04,-0.22
-4.23,9.00,-2.45,0.20,-0.04,-0.22
-4.23,9.00,-2.45,0.20,-0.04,-0.22
-4.23,9.00,-2.45,0.20,-0.04,-0.22
-4.74,9.16,-2.55,0.10,0.02,-0.08
-4.74,9.16,-2.55,0.10,0.02,-0.08
-4.74,9.16,-2.55,0.10,0.02,-0.08
-4.74,9.16,-2.55,0.10,0.02,-0.08
-4.74,9.16,-2.55,0.10,0.02,-0.08
-3.79,8.28,-2.09,-0.10,0.03,-0.01
-3.79,8.28,-2.09,-0.10,0.03,-0.01
-3.79,8.28,-2.09,-0.10,0.03,-0.01
-3.79,8.28,-2.09,-0.10,0.03,-0.01
-3.79,8.28,-2.09,-0.10,0.03,-0.01
-3.51,8.47,-2.36,-0.29,0.12,-0.04
-3.51,8.47,-2.36,-0.29,0.12,-0.04
-3.51,8.47,-2.36,-0.29,0.12,-0.04
-3.51,8.47,-2.36,-0.29,0.12,-0.04
-3.51,8.47,-2.36,-0.29,0.12,-0.04
-3.51,8.47,-2.36,-0.29,0.12,-0.04
-3.84,9.99,-1.83,-0.44,0.25,0.01
-3.84,9.99,-1.83,-0.44,0.25,0.01
-3.84,9.99,-1.83,-0.44,0.25,0.01
-3.84,9.99,-1.83,-0.44,0.25,0.01
-3.84,9.99,-1.83,-0.44,0.25,0.01
-4.02,9.38,-1.48,-0.62,0.39,-0.06
-4.02,9.38,-1.48,-0.62,0.39,-0.06
-4.02,9.38,-1.48,-0.62,0.39,-0.06
-4.02,9.38,-1.48,-0.62,0.39,-0.06
-4.02,9.38,-1.48,-0.62,0.39,-0.06
-4.02,9.38,-1.48,-0.62,0.39,-0.06
-3.05,8.72,0.08,-0.79,0.13,-0.24
-3.05,8.72,0.08,-0.79,0.13,-0.24
-3.05,8.72,0.08,-0.79,0.13,-0.24
-3.05,8.72,0.08,-0.79,0.13,-0.24
-3.05,8.72,0.08,-0.79,0.13,-0.24
-2.68,9.75,0.81,-0.91,0.26,-0.23
-2.68,9.75,0.81,-0.91,0.26,-0.23
-2.68,9.75,0.81,-0.91,0.26,-0.23
-2.68,9.75,0.81,-0.91,0.26,-0.23
-2.68,9.75,0.81,-0.91,0.26,-0.23
-3.61,9.07,1.41,-0.28,0.48,-0.14
-3.61,9.07,1.41,-0.28,0.48,-0.14
-3.61,9.07,1.41,-0.28,0.48,-0.14
-3.61,9.07,1.41,-0.28,0.48,-0.14
-3.61,9.07,1.41,-0.28,0.48,-0.14
-3.61,9.07,1.41,-0.28,0.48,-0.14
-3.34,7.89,0.87,0.24,-0.24,0.11
-3.34,7.89,0.87,0.24,-0.24,0.11
-3.34,7.89,0.87,0.24,-0.24,0.11
-3.34,7.89,0.87,0.24,-0.24,0.11
-3.34,7.89,0.87,0.24,-0.24,0.11
-3.38,9.80,0.78,0.52,-0.64,0.30
-3.38,9.80,0.78,0.52,-0.64,0.30
-3.38,9.80,0.78,0.52,-0.64,0.30
-3.38,9.80,0.78,0.52,-0.64,0.30
-3.38,9.80,0.78,0.52,-0.64,0.30
-3.38,9.80,0.78,0.52,-0.64,0.30
-1.76,10.03,1.04,0.29,-0.74,0.24
-1.76,10.03,1.04,0.29,-0.74,0.24
-1.76,10.03,1.04,0.29,-0.74,0.24
-1.76,10.03,1.04,0.29,-0.74,0.24
-1.76,10.03,1.04,0.29,-0.74,0.24
-2.64,9.29,-0.63,0.03,-0.52,0.30
-2.64,9.29,-0.63,0.03,-0.52,0.30
-2.64,9.29,-0.63,0.03,-0.52,0.30
-2.64,9.29,-0.63,0.03,-0.52,0.30
-2.64,9.29,-0.63,0.03,-0.52,0.30
-4.24,9.83,-0.11,0.15,-0.54,0.19
-4.24,9.83,-0.11,0.15,-0.54,0.19
-4.24,9.83,-0.11,0.15,-0.54,0.19
-4.24,9.83,-0.11,0.15,-0.54,0.19
-4.24,9.83,-0.11,0.15,-0.54,0.19
-4.24,9.83,-0.11,0.15,-0.54,0.19
-3.98,11.84,1.89,0.00,-1.40,-0.04
-3.98,11.84,1.89,0.00,-1.40,-0.04
-3.98,11.84,1.89,0.00,-1.40,-0.04
-3.98,11.84,1.89,0.00,-1.40,-0.04
-3.98,11.84,1.89,0.00,-1.40,-0.04
-2.44,13.27,3.54,-1.03,-1.98,-0.65
-2.44,13.27,3.54,-1.03,-1.98,-0.65
-2.44,13.27,3.54,-1.03,-1.98,-0.65
-2.44,13.27,3.54,-1.03,-1.98,-0.65
-2.44,13.27,3.54,-1.03,-1.98,-0.65
-2.44,13.27,3.54,-1.03,-1.98,-0.65
-5.11,12.38,4.03,-1.84,0.37,-2.18
-5.11,12.38,4.03,-1.84,0.37,-2.18
-5.11,12.38,4.03,-1.84,0.37,-2.18
-5.11,12.38,4.03,-1.84,0.37,-2.18
-5.11,12.38,4.03,-1.84,0.37,-2.18
-7.67,8.99,5.32,-2.91,1.28,-3.10
-7.67,8.99,5.32,-2.91,1.28,-3.10
-7.67,8.99,5.32,-2.91,1.28,-3.10
-7.67,8.99,5.32,-2.91,1.28,-3.10
-7.67,8.99,5.32,-2.91,1.28,-3.10
-7.84,5.38,5.26,-3.87,0.24,-3.05
-7.84,5.38,5.26,-3.87,0.24,-3.05
-7.84,5.38,5.26,-3.87,0.24,-3.05
-7.84,5.38,5.26,-3.87,0.24,-3.05
-7.84,5.38,5.26,-3.87,0.24,-3.05
-7.84,5.38,5.26,-3.87,0.24,-3.05
-6.70,1.46,4.28,-3.89,-0.51,-2.75
-6.70,1.46,4.28,-3.89,-0.51,-2.75
-6.70,1.46,4.28,-3.89,-0.51,-2.75
-6.70,1.46,4.28,-3.89,-0.51,-2.75
-6.70,1.46,4.28,-3.89,-0.51,-2.75
-5.19,-2.66,4.18,-3.13,-1.02,-1.92
-5.19,-2.66,4.18,-3.13,-1.02,-1.92
-5.19,-2.66,4.18,-3.13,-1.02,-1.92
-5.19,-2.66,4.18,-3.13,-1.02,-1.92
-5.19,-2.66,4.18,-3.13,-1.02,-1.92
-5.19,-2.66,4.18,-3.13,-1.02,-1.92
-4.69,-4.30,3.25,-2.55,-0.61,-0.90
-4.69,-4.30,3.25,-2.55,-0.61,-0.90
-4.69,-4.30,3.25,-2.55,-0.61,-0.90
-4.69,-4.30,3.25,-2.55,-0.61,-0.90
-4.69,-4.30,3.25,-2.55,-0.61,-0.90
-6.45,-4.91,1.94,-2.30,0.58,-0.36
-6.45,-4.91,1.94,-2.30,0.58,-0.36
-6.45,-4.91,1.94,-2.30,0.58,-0.36
-6.45,-4.91,1.94,-2.30,0.58,-0.36
-6.45,-4.91,1.94,-2.30,0.58,-0.36
-7.48,-5.69,0.68,-1.93,1.79,-0.37
-7.48,-5.69,0.68,-1.93,1.79,-0.37
-7.48,-5.69,0.68,-1.93,1.79,-0.37
-7.48,-5.69,0.68,-1.93,1.79,-0.37
-7.48,-5.69,0.68,-1.93,1.79,-0.37
-7.48,-5.69,0.68,-1.93,1.79,-0.37
-5.53,-5.78,0.68,-1.30,0.68,0.27
-5.53,-5.78,0.68,-1.30,0.68,0.27
-5.53,-5.78,0.68,-1.30,0.68,0.27
-5.53,-5.78,0.68,-1.30,0.68,0.27
-5.53,-5.78,0.68,-1.30,0.68,0.27
-7.32,-2.92,0.68,-1.07,-0.09,1.43
-7.32,-2.92,0.68,-1.07,-0.09,1.43
-7.32,-2.92,0.68,-1.07,-0.09,1.43
-7.32,-2.92,0.68,-1.07,-0.09,1.43
-7.32,-2.92,0.68,-1.07,-0.09,1.43
-7.32,-2.92,0.68,-1.07,-0.09,1.43
-8.80,-2.81,-0.47,-1.41,0.06,1.55
-8.80,-2.81,-0.47,-1.41,0.06,1.55
-8.80,-2.81,-0.47,-1.41,0.06,1.55
-8.80,-2.81,-0.47,-1.41,0.06,1.55
-8.80,-2.81,-0.47,-1.41,0.06,1.55
-10.59,-4.69,-1.06,-1.09,0.42,0.73
-10.59,-4.69,-1.06,-1.09,0.42,0.73
-10.59,-4.69,-1.06,-1.09,0.42,0.73
-10.59,-4.69,-1.06,-1.09,0.42,0.73
-10.59,-4.69,-1.06,-1.09,0.42,0.73
-7.96,-4.12,-0.05,-0.20,-0.13,-0.07
-7.96,-4.12,-0.05,-0.20,-0.13,-0.07
-7.96,-4.12,-0.05,-0.20,-0.13,-0.07
-7.96,-4.12,-0.05,-0.20,-0.13,-0.07
-7.96,-4.12,-0.05,-0.20,-0.13,-0.07
-7.96,-4.12,-0.05,-0.20,-0.13,-0.07
-7.50,-4.02,-0.40,-0.10,-0.40,-0.02
-7.50,-4.02,-0.40,-0.10,-0.40,-0.02
-7.50,-4.02,-0.40,-0.10,-0.40,-0.02
-7.50,-4.02,-0.40,-0.10,-0.40,-0.02
-7.50,-4.02,-0.40,-0.10,-0.40,-0.02
-7.96,-4.12,-0.62,-0.12,-0.20,0.03
-7.96,-4.12,-0.62,-0.12,-0.20,0.03
-7.96,-4.12,-0.62,-0.12,-0.20,0.03
-7.96,-4.12,-0.62,-0.12,-0.20,0.03
-7.96,-4.12,-0.62,-0.12,-0.20,0.03
-8.68,-4.13,-0.12,0.04,-0.22,0.14
-8.68,-4.13,-0.12,0.04,-0.22,0.14
-8.68,-4.13,-0.12,0.04,-0.22,0.14
-8.68,-4.13,-0.12,0.04,-0.22,0.14
-8.68,-4.13,-0.12,0.04,-0.22,0.14
-8.68,-4.13,-0.12,0.04,-0.22,0.14
-9.28,-4.12,0.16,0.12,-0.29,0.19
-9.28,-4.12,0.16,0.12,-0.29,0.19
-9.28,-4.12,0.16,0.12,-0.29,0.19
-9.28,-4.12,0.16,0.12,-0.29,0.19
-9.28,-4.12,0.16,0.12,-0.29,0.19
-9.33,-4.16,0.31,0.25,-0.38,0.03
-9.33,-4.16,0.31,0.25,-0.38,0.03
-9.33,-4.16,0.31,0.25,-0.38,0.03
-9.33,-4.16,0.31,0.25,-0.38,0.03
-9.33,-4.16,0.31,0.25,-0.38,0.03
-8.75,-3.91,-0.01,0.25,-0.47,-0.37
-8.75,-3.91,-0.01,0.61,-0.47,-0.37
-8.75,-3.91,-0.01,0.61,-0.47,-0.37
-8.75,-3.91,-0.01,0.61,-0.47,-0.37
-8.75,-3.91,-0.01,0.61,-0.47,-0.37
-8.75,-3.91,-0.01,0.61,-0.47,-0.37
-7.85,-2.55,-0.52,1.34,-0.57,-1.04
-7.85,-2.55,-0.52,1.34,-0.57,-1.04
-7.85,-2.55,-0.52,1.34,-0.57,-1.04
-7.85,-2.55,-0.52,1.34,-0.57,-1.04
-7.85,-2.55,-0.52,1.34,-0.57,-1.04
-7.00,-1.99,0.67,2.15,-0.36,-1.62
-7.00,-1.99,0.67,2.15,-0.36,-1.62
-7.00,-1.99,0.67,2.15,-0.36,-1.62
-7.00,-1.99,0.67,2.15,-0.36,-1.62
-7.00,-1.99,0.67,2.15,-0.36,-1.62
-7.00,-1.99,0.67,2.15,-0.36,-1.62
-6.43,-2.65,2.20,2.57,-0.61,-1.23
-6.43,-2.65,2.20,2.57,-0.61,-1.23
-6.43,-2.65,2.20,2.57,-0.61,-1.23
-6.43,-2.65,2.20,2.57,-0.61,-1.23
-6.43,-2.65,2.20,2.57,-0.61,-1.23
-5.52,-2.60,3.61,2.90,-1.03,-0.44
-5.52,-2.60,3.61,2.90,-1.03,-0.44
-5.52,-2.60,3.61,2.90,-1.03,-0.44
-5.52,-2.60,3.61,2.90,-1.03,-0.44
-5.52,-2.60,3.61,2.90,-1.03,-0.44
-5.41,-1.71,6.01,3.29,-1.13,0.09
-5.41,-1.71,6.01,3.29,-1.13,0.09
-5.41,-1.71,6.01,3.29,-1.13,0.09
-5.41,-1.71,6.01,3.29,-1.13,0.09
-5.41,-1.71,6.01,3.29,-1.13,0.09
-5.41,-1.71,6.01,3.29,-1.13,0.09
-3.56,1.17,7.53,3.50,-0.56,0.46
-3.56,1.17,7.53,3.50,-0.56,0.46
-3.56,1.17,7.53,3.50,-0.56,0.46
-3.56,1.17,7.53,3.50,-0.56,0.46
-3.56,1.17,7.53,3.50,-0.56,0.46
-4.57,4.44,9.64,3.34,0.53,0.89
-4.57,4.44,9.64,3.34,0.53,0.89
-4.57,4.44,9.64,3.34,0.53,0.89
-4.57,4.44,9.64,3.34,0.53,0.89
-4.57,4.44,9.64,3.34,0.53,0.89
-4.57,4.44,7.10,3.34,0.53,0.89
-3.20,5.45,7.10,3.01,1.13,1.50
-3.20,5.45,7.10,3.01,1.13,1.50
-3.20,5.45,7.10,3.01,1.13,1.50
-3.20,5.45,7.10,3.01,1.13,1.50
-3.20,5.45,7.10,3.01,1.13,1.50
-6.41,9.43,6.38,2.93,1.37,2.34
-6.41,9.43,6.38,2.93,1.37,2.34
-6.41,9.43,6.38,2.93,1.37,2.34
-6.41,9.43,6.38,2.93,1.37,2.34
-6.41,9.43,6.38,2.93,1.37,2.34
-1.90,10.26,1.84,2.16,0.93,2.43
-1.90,10.26,1.84,2.16,0.93,2.43
-1.90,10.26,1.84,2.16,0.93,2.43
-1.90,10.26,1.84,2.16,0.93,2.43
-1.90,10.26,1.84,2.16,0.93,2.43
-1.90,10.26,1.84,2.16,0.93,2.43
-4.73,13.00,0.75,0.95,2.56,2.20
-4.73,13.00,0.75,0.95,2.56,2.20
-4.73,13.00,0.75,0.95,2.56,2.20
-4.73,13.00,0.75,0.95,2.56,2.20
-4.73,13.00,0.75,0.95,2.56,2.20
-7.51,14.23,1.79,0.26,2.82,1.86
-7.51,14.23,1.79,0.26,2.82,1.86
-7.51,14.23,1.79,0.26,2.82,1.86
-7.51,14.23,1.79,0.26,2.82,1.86
-7.51,14.23,1.79,0.26,2.82,1.86
-7.51,14.23,1.79,0.26,2.82,1.86
-6.13,10.47,0.10,0.55,1.46,0.35
-6.13,10.47,0.10,0.55,1.46,0.35
-6.13,10.47,0.10,0.55,1.46,0.35
-6.13,10.47,0.10,0.55,1.46,0.35
-6.13,10.47,0.10,0.55,1.46,0.35
-0.29,10.96,1.93,0.68,-0.54,-1.55
-0.29,10.96,1.93,0.68,-0.54,-1.55
-0.29,10.96,1.93,0.68,-0.54,-1.55
-0.29,10.96,1.93,0.68,-0.54,-1.55
-0.29,10.96,1.93,0.68,-0.54,-1.55
-0.59,8.94,0.27,0.68,-0.54,-0.58
-0.59,8.94,0.27,-0.08,-0.29,-0.58
-0.59,8.94,0.27,-0.08,-0.29,-0.58
-0.59,8.94,0.27,-0.08,-0.29,-0.58
-0.59,8.94,0.27,-0.08,-0.29,-0.58
-0.59,8.94,0.27,-0.08,-0.29,-0.58
-3.25,9.51,-0.90,-0.03,-0.07,0.13
-3.25,9.51,-0.90,-0.03,-0.07,0.13
-3.25,9.51,-0.90,-0.03,-0.07,0.13
-3.25,9.51,-0.90,-0.03,-0.07,0.13
-3.25,9.51,-0.90,-0.03,-0.07,0.13
-3.34,9.58,-0.59,0.07,-0.26,0.04
-3.34,9.58,-0.59,0.07,-0.26,0.04
-3.34,9.58,-0.59,0.07,-0.26,0.04
-3.34,9.58,-0.59,0.07,-0.26,0.04
-3.34,9.58,-0.59,0.07,-0.26,0.04
-3.34,9.58,-0.59,0.07,-0.26,0.04
-2.87,9.20,-0.18,-0.02,-0.14,-0.15
-2.87,9.20,-0.18,-0.02,-0.14,-0.15
-2.87,9.20,-0.18,-0.02,-0.14,-0.15
-2.87,9.20,-0.18,-0.02,-0.14,-0.15
-2.87,9.20,-0.18,-0.02,-0.14,-0.15
-3.21,9.20,-0.12,-0.06,-0.10,-0.08
-3.21,9.20,-0.12,-0.06,-0.10,-0.08
-3.21,9.20,-0.12,-0.06,-0.10,-0.08
-3.21,9.20,-0.12,-0.06,-0.10,-0.08
-3.21,9.20,-0.12,-0.06,-0.10,-0.08
-3.19,9.18,0.14,-0.10,-0.31,-0.02
-3.19,9.18,0.14,-0.10,-0.31,-0.02
-3.19,9.18,0.14,-0.10,-0.31,-0.02
-3.19,9.18,0.14,-0.10,-0.31,-0.02
-3.19,9.18,0.14,-0.10,-0.31,-0.02
-3.19,9.18,0.14,-0.10,-0.31,-0.02
-3.13,9.22,-0.09,-0.05,-0.14,-0.03
-3.13,9.22,-0.09,-0.05,-0.14,-0.03
-3.13,9.22,-0.09,-0.05,-0.14,-0.03
-3.13,9.22,-0.09,-0.05,-0.14,-0.03
-3.13,9.22,-0.09,-0.05,-0.14,-0.03
-3.18,9.34,0.01,0.01,-0.03,-0.00
-3.18,9.34,0.01,0.01,-0.03,-0.00
-3.18,9.34,0.01,0.01,-0.03,-0.00
-3.18,9.34,0.01,0.01,-0.03,-0.00
-3.18,9.34,0.01,0.01,-0.03,-0.00
-3.20,9.31,0.19,0.01,-0.06,0.01
-3.20,9.31,0.19,0.01,-0.06,0.01
-3.20,9.31,0.19,0.01,-0.06,0.01
-3.20,9.31,0.19,0.01,-0.06,0.01
-3.20,9.31,0.19,0.01,-0.06,0.01
-3.20,9.31,0.19,0.01,-0.06,0.01
-3.18,9.35,0.20,0.03,-0.17,0.02
-3.18,9.35,0.20,0.03,-0.17,0.02
-3.18,9.35,0.20,0.03,-0.17,0.02
-3.18,9.35,0.20,0.03,-0.17,0.02
-3.18,9.35,0.20,0.03,-0.17,0.02
-2.98,9.30,0.10,0.02,-0.24,0.01
-2.98,9.30,0.10,0.02,-0.24,0.01
-2.98,9.30,0.10,0.02,-0.24,0.01
-2.98,9.30,0.10,0.02,-0.24,0.01
-2.98,9.30,0.10,0.02,-0.24,0.01
-2.98,9.30,0.10,0.02,-0.24,0.01
-2.85,9.28,0.20,0.03,-0.17,0.01
-2.85,9.28,0.20,0.03,-0.17,0.01
-2.85,9.28,0.20,0.03,-0.17,0.01
-2.85,9.28,0.20,0.03,-0.17,0.01
-2.85,9.28,0.20,0.03,-0.17,0.01
-3.01,9.32,0.24,0.02,-0.07,-0.01
-3.01,9.32,0.24,0.02,-0.07,-0.01
-3.01,9.32,0.24,0.02,-0.07,-0.01
-3.01,9.32,0.24,0.02,-0.07,-0.01
-3.01,9.32,0.24,0.02,-0.07,-0.01
-3.02,9.33,0.15,-0.00,-0.02,-0.02
-3.02,9.33,0.15,-0.00,-0.02,-0.02
-3.02,9.33,0.15,-0.00,-0.02,-0.02
-3.02,9.33,0.15,-0.00,-0.02,-0.02
-3.02,9.33,0.15,-0.00,-0.02,-0.02
-3.02,9.33,0.15,-0.00,-0.02,-0.02
-2.98,9.30,0.26,-0.01,0.00,-0.04
-2.98,9.30,0.26,-0.01,0.00,-0.04
-2.98,9.30,0.26,-0.01,0.00,-0.04
-2.98,9.30,0.26,-0.01,0.00,-0.04
-2.98,9.30,0.26,-0.01,0.00,-0.04
-3.13,9.32,0.34,-0.01,0.01,-0.04
-3.13,9.32,0.34,-0.01,0.01,-0.04
-3.13,9.32,0.34,-0.01,0.01,-0.04
-3.13,9.32,0.34,-0.01,0.01,-0.04
-3.13,9.32,0.34,-0.01,0.01,-0.04
-3.07,9.31,0.30,-0.00,-0.01,-0.03
-3.07,9.31,0.30,-0.00,-0.01,-0.03
-3.07,9.31,0.30,-0.00,-0.01,-0.03
-3.07,9.31,0.30,-0.00,-0.01,-0.03
-3.07,9.31,0.30,-0.00,-0.01,-0.03
-3.07,9.31,0.30,-0.00,-0.01,-0.03
-3.11,9.32,0.23,0.00,-0.01,-0.03
-3.11,9.32,0.23,0.00,-0.01,-0.03
-3.11,9.32,0.23,0.00,-0.01,-0.03
-3.11,9.32,0.23,0.00,-0.01,-0.03
-3.11,9.32,0.23,0.00,-0.01,-0.03
-3.10,9.28,0.27,-0.00,0.00,-0.03
-3.10,9.28,0.27,-0.00,0.00,-0.03
-3.10,9.28,0.27,-0.00,0.00,-0.03
-3.10,9.28,0.27,-0.00,0.00,-0.03
-3.10,9.28,0.27,-0.00,0.00,-0.03
-3.10,9.28,0.27,-0.00,0.00,-0.03
-3.18,9.28,0.33,-0.01,0.03,-0.04
-3.18,9.28,0.33,-0.01,0.03,-0.04
-3.18,9.28,0.33,-0.01,0.03,-0.04
-3.18,9.28,0.33,-0.01,0.03,-0.04
-3.18,9.28,0.33,-0.01,0.03,-0.04
-3.27,9.28,0.35,-0.01,0.01,-0.04
-3.27,9.28,0.35,-0.01,0.01,-0.04
-3.27,9.28,0.35,-0.01,0.01,-0.04
-3.27,9.28,0.35,-0.01,0.01,-0.04
-3.27,9.28,0.35,-0.01,0.01,-0.04
-3.28,9.41,0.39,-0.01,0.01,-0.03
-3.28,9.41,0.39,0.00,-0.04,-0.03
-3.28,9.41,0.39,0.00,-0.04,-0.03
-3.28,9.41,0.39,0.00,-0.04,-0.03
-3.28,9.41,0.39,0.00,-0.04,-0.03
-3.28,9.41,0.39,0.00,-0.04,-0.03
-3.59,9.71,0.77,0.00,-0.20,-0.01
-3.59,9.71,0.77,0.00,-0.20,-0.01
-3.59,9.71,0.77,0.00,-0.20,-0.01
-3.59,9.71,0.77,0.00,-0.20,-0.01
-3.59,9.71,0.77,0.00,-0.20,-0.01
-5.02,11.50,1.81,-0.02,-0.80,-0.02
-5.02,11.50,1.81,-0.02,-0.80,-0.02
-5.02,11.50,1.81,-0.02,-0.80,-0.02
-5.02,11.50,1.81,-0.02,-0.80,-0.02
-5.02,11.50,1.81,-0.02,-0.80,-0.02
-5.02,11.50,1.81,-0.02,-0.80,-0.02
-4.73,13.55,3.18,-0.78,-2.71,-0.65
-4.73,13.55,3.18,-0.78,-2.71,-0.65
-4.73,13.55,3.18,-0.78,-2.71,-0.65
-4.73,13.55,3.18,-0.78,-2.71,-0.65
-4.73,13.55,3.18,-0.78,-2.71,-0.65
-4.00,11.57,6.56,-2.44,-2.47,-1.85
-4.00,11.57,6.56,-2.44,-2.47,-1.85
-4.00,11.57,6.56,-2.44,-2.47,-1.85
-4.00,11.57,6.56,-2.44,-2.47,-1.85
-4.00,11.57,6.56,-2.44,-2.47,-1.85
-7.52,7.91,9.24,-3.27,-0.53,-2.65
-7.52,7.91,9.24,-3.27,-0.53,-2.65
-7.52,7.91,9.24,-3.27,-0.53,-2.65
-7.52,7.91,9.24,-3.27,-0.53,-2.65
-7.52,7.91,9.24,-3.27,-0.53,-2.65
-7.52,7.91,9.24,-3.27,-0.53,-2.65
-4.31,4.42,8.44,-4.05,-1.62,-2.20
-4.31,4.42,8.44,-4.05,-1.62,-2.20
-4.31,4.42,8.44,-4.05,-1.62,-2.20
-4.31,4.42,8.44,-4.05,-1.62,-2.20
-4.31,4.42,8.44,-4.05,-1.62,-2.20
-4.51,0.68,7.30,-3.99,-1.84,-1.86
-4.51,0.68,7.30,-3.99,-1.84,-1.86
-4.51,0.68,7.30,-3.99,-1.84,-1.86
-4.51,0.68,7.30,-3.99,-1.84,-1.86
-4.51,0.68,7.30,-3.99,-1.84,-1.86
-3.07,-2.77,5.86,-3.99,-2.61,-1.53
-3.07,-2.77,5.86,-3.23,-2.61,-1.53
-3.07,-2.77,5.86,-3.23,-2.61,-1.53
-3.07,-2.77,5.86,-3.23,-2.61,-1.53
-3.07,-2.77,5.86,-3.23,-2.61,-1.53
-3.07,-2.77,5.86,-3.23,-2.61,-1.53
-1.30,-4.47,4.90,-2.55,-2.50,-0.96
-1.30,-4.47,4.90,-2.55,-2.50,-0.96
-1.30,-4.47,4.90,-2.55,-2.50,-0.96
-1.30,-4.47,4.90,-2.55,-2.50,-0.96
-1.30,-4.47,4.90,-2.55,-2.50,-0.96
0.27,-5.36,5.30,-1.55,-1.89,-0.53
0.27,-5.36,5.30,-1.55,-1.89,-0.53
0.27,-5.36,5.30,-1.55,-1.89,-0.53
0.27,-5.36,5.30,-1.55,-1.89,-0.53
0.27,-5.36,5.30,-1.55,-1.89,-0.53
0.27,-5.36,5.30,-1.55,-1.89,-0.53
2.91,-6.25,5.67,-0.76,-0.98,-0.25
2.91,-6.25,5.67,-0.76,-0.98,-0.25
2.91,-6.25,5.67,-0.76,-0.98,-0.25
2.91,-6.25,5.67,-0.76,-0.98,-0.25
2.91,-6.25,5.67,-0.76,-0.98,-0.25
3.14,-6.94,5.80,-0.41,-0.15,0.35
3.14,-6.94,5.80,-0.41,-0.15,0.35
3.14,-6.94,5.80,-0.41,-0.15,0.35
3.14,-6.94,5.80,-0.41,-0.15,0.35
3.14,-6.94,5.80,-0.41,-0.15,0.35
1.11,-6.67,5.68,-0.17,0.36,1.04
1.11,-6.67,5.68,-0.17,0.36,1.04
1.11,-6.67,5.68,-0.17,0.36,1.04
1.11,-6.67,5.68,-0.17,0.36,1.04
1.11,-6.67,5.68,-0.17,0.36,1.04
1.11,-6.67,5.68,-0.17,0.36,1.04
-0.65,-6.27,6.43,0.12,0.48,1.28
-0.65,-6.27,6.43,0.12,0.48,1.28
-0.65,-6.27,6.43,0.12,0.48,1.28
-0.65,-6.27,6.43,0.12,0.48,1.28
-0.65,-6.27,6.43,0.12,0.48,1.28
-1.09,-6.04,6.32,0.18,0.29,1.24
-1.09,-6.04,6.32,0.18,0.29,1.24
-1.09,-6.04,6.32,0.18,0.29,1.24
-1.09,-6.04,6.32,0.18,0.29,1.24
-1.09,-6.04,6.32,0.18,0.29,1.24
-2.26,-6.28,6.87,0.20,0.51,1.27
-2.26,-6.28,6.87,0.20,0.51,1.27
-2.26,-6.28,6.87,0.20,0.51,1.27
-2.26,-6.28,6.87,0.20,0.51,1.27
-2.26,-6.28,6.87,0.20,0.51,1.27
-2.26,-6.28,6.87,0.20,0.51,1.27
-1.84,-5.13,7.11,0.76,-0.81,1.62
-1.84,-5.13,7.11,0.76,-0.81,1.62
-1.84,-5.13,7.11,0.76,-0.81,1.62
-1.84,-5.13,7.11,0.76,-0.81,1.62
-1.84,-5.13,7.11,0.76,-0.81,1.62
-2.55,-4.28,8.07,0.88,-1.06,1.83
-2.55,-4.28,8.07,0.88,-1.06,1.83
-2.55,-4.28,8.07,0.88,-1.06,1.83
-2.55,-4.28,8.07,0.88,-1.06,1.83
-2.55,-4.28,8.07,0.88,-1.06,1.83
-3.25,-5.07,7.57,0.21,0.16,0.80
-3.25,-5.07,7.57,0.21,0.16,0.80
-3.25,-5.07,7.57,0.21,0.16,0.80
-3.25,-5.07,7.57,0.21,0.16,0.80
-3.25,-5.07,7.57,0.21,0.16,0.80
-3.25,-5.07,7.57,0.21,0.16,0.80
-2.58,-5.05,7.49,0.04,0.30,0.05
-2.58,-5.05,7.49,0.04,0.30,0.05
-2.58,-5.05,7.49,0.04,0.30,0.05
-2.58,-5.05,7.49,0.04,0.30,0.05
-2.58,-5.05,7.49,0.04,0.30,0.05
-3.13,-5.05,7.88,0.14,-0.04,0.07
-3.13,-5.05,7.88,0.14,-0.04,0.07
-3.13,-5.05,7.88,0.14,-0.04,0.07
-3.13,-5.05,7.88,0.14,-0.04,0.07
-3.13,-5.05,7.88,0.14,-0.04,0.07
-2.70,-4.96,7.95,0.09,-0.14,-0.09
-2.70,-4.96,7.95,0.09,-0.14,-0.09
-2.70,-4.96,7.95,0.09,-0.14,-0.09
-2.70,-4.96,7.95,0.09,-0.14,-0.09
-2.70,-4.96,7.95,0.09,-0.14,-0.09
-2.70,-4.96,7.95,0.09,-0.14,-0.09
-2.62,-4.97,7.95,0.09,-0.11,-0.07
-2.62,-4.97,7.95,0.09,-0.11,-0.07
-2.62,-4.97,7.95,0.09,-0.11,-0.07
-2.62,-4.97,7.95,0.09,-0.11,-0.07
-2.62,-4.97,7.95,0.09,-0.11,-0.07
-2.47,-4.91,7.82,0.14,-0.10,-0.08
-2.47,-4.91,7.82,0.14,-0.10,-0.08
-2.47,-4.91,7.82,0.14,-0.10,-0.08
-2.47,-4.91,7.82,0.14,-0.10,-0.08
-2.47,-4.91,7.82,0.14,-0.10,-0.08
-2.45,-4.71,7.62,0.17,-0.12,-0.15
-2.45,-4.71,7.62,0.17,-0.12,-0.15
-2.45,-4.71,7.62,0.17,-0.12,-0.15
-2.45,-4.71,7.62,0.17,-0.12,-0.15
-2.45,-4.71,7.62,0.17,-0.12,-0.15
-2.45,-4.71,7.62,0.17,-0.12,-0.15
-2.40,-4.39,7.28,0.23,-0.13,-0.43
-2.40,-4.39,7.28,0.23,-0.13,-0.43
-2.40,-4.39,7.28,0.23,-0.13,-0.43
-2.40,-4.39,7.28,0.23,-0.13,-0.43
-2.40,-4.39,7.28,0.23,-0.13,-0.43
-2.25,-3.84,7.25,0.29,0.02,-0.92
-2.25,-3.84,7.25,0.29,0.02,-0.92
-2.25,-3.84,7.25,0.29,0.02,-0.92
-2.25,-3.84,7.25,0.29,0.02,-0.92
-2.25,-3.84,7.25,0.29,0.02,-0.92
-2.65,-2.30,7.46,0.39,0.10,-1.35
-2.65,-2.30,7.46,0.39,0.10,-1.35
-2.65,-2.30,7.46,0.39,0.10,-1.35
-2.65,-2.30,7.46,0.39,0.10,-1.35
-2.65,-2.30,7.46,0.39,0.10,-1.35
-2.65,-2.30,7.46,0.39,0.10,-1.35
-1.54,-2.26,7.52,0.45,0.10,-1.89
-1.54,-2.26,7.52,0.45,0.10,-1.89
-1.54,-2.26,7.52,0.45,0.10,-1.89
-1.54,-2.26,7.52,0.45,0.10,-1.89
-1.54,-2.26,7.52,0.45,0.10,-1.89
-0.23,-3.25,7.28,0.64,0.32,-1.68
-0.23,-3.25,7.28,0.64,0.32,-1.68
-0.23,-3.25,7.28,0.64,0.32,-1.68
-0.23,-3.25,7.28,0.64,0.32,-1.68
-0.23,-3.25,7.28,0.64,0.32,-1.68
-0.48,-3.46,8.19,0.99,0.73,-1.04
-0.48,-3.46,8.19,0.99,0.73,-1.04
-0.48,-3.46,8.19,0.99,0.73,-1.04
-0.48,-3.46,8.19,0.99,0.73,-1.04
-0.48,-3.46,8.19,0.99,0.73,-1.04
-0.48,-3.46,8.19,0.99,0.73,-1.04
-1.89,-2.15,9.26,1.27,1.24,-0.43
-1.89,-2.15,9.26,1.27,1.24,-0.43
-1.89,-2.15,9.26,1.27,1.24,-0.43
-1.89,-2.15,9.26,1.27,1.24,-0.43
-1.89,-2.15,9.26,1.27,1.24,-0.43
-2.92,-1.12,9.52,1.24,1.61,-0.03
-2.92,-1.12,9.52,1.24,1.61,-0.03
-2.92,-1.12,9.52,1.24,1.61,-0.03
-2.92,-1.12,9.52,1.24,1.61,-0.03
-2.92,-1.12,9.52,1.24,1.61,-0.03
-4.61,-0.54,9.70,1.39,1.91,0.37
-4.61,-0.54,9.70,1.39,1.91,0.37
-4.61,-0.54,9.70,1.39,1.91,0.37
-4.61,-0.54,9.70,1.39,1.91,0.37
-4.61,-0.54,9.70,1.39,1.91,0.37
-4.61,-0.54,9.70,1.39,1.91,0.37
-5.56,0.66,9.31,1.95,1.46,0.65
-5.56,0.66,9.31,1.95,1.46,0.65
-5.56,0.66,9.31,1.95,1.46,0.65
-5.56,0.66,9.31,1.95,1.46,0.65
-5.56,0.66,9.31,1.95,1.46,0.65
-4.87,2.20,6.71,2.47,0.98,0.98
-4.87,2.20,6.71,2.47,0.98,0.98
-4.87,2.20,6.71,2.47,0.98,0.98
-4.87,2.20,6.71,2.47,0.98,0.98
-4.87,2.20,6.71,2.47,0.98,0.98
-4.47,5.37,5.38,2.47,0.98,0.98
-4.47,5.37,5.38,3.21,0.69,1.38
-4.47,5.37,5.38,3.21,0.69,1.38
-4.47,5.37,5.38,3.21,0.69,1.38
-4.47,5.37,5.38,3.21,0.69,1.38
-4.47,5.37,5.38,3.21,0.69,1.38
-2.96,8.55,3.96,3.38,0.44,1.94
-2.96,8.55,3.96,3.38,0.44,1.94
-2.96,8.55,3.96,3.38,0.44,1.94
-2.96,8.55,3.96,3.38,0.44,1.94
-2.96,8.55,3.96,3.38,0.44,1.94
-3.08,11.29,3.00,2.35,1.22,2.32
-3.08,11.29,3.00,2.35,1.22,2.32
-3.08,11.29,3.00,2.35,1.22,2.32
-3.08,11.29,3.00,2.35,1.22,2.32
-3.08,11.29,3.00,2.35,1.22,2.32
-3.08,11.29,3.00,2.35,1.22,2.32
-6.01,14.31,1.24,1.14,3.42,1.86
-6.01,14.31,1.24,1.14,3.42,1.86
-6.01,14.31,1.24,1.14,3.42,1.86
-6.01,14.31,1.24,1.14,3.42,1.86
-6.01,14.31,1.24,1.14,3.42,1.86
-8.24,12.59,2.48,0.56,3.65,0.93
-8.24,12.59,2.48,0.56,3.65,0.93
-8.24,12.59,2.48,0.56,3.65,0.93
-8.24,12.59,2.48,0.56,3.65,0.93
-8.24,12.59,2.48,0.56,3.65,0.93
-0.74,10.54,1.79,0.42,0.35,-0.43
-0.74,10.54,1.79,0.42,0.35,-0.43
-0.74,10.54,1.79,0.42,0.35,-0.43
-0.74,10.54,1.79,0.42,0.35,-0.43
-0.74,10.54,1.79,0.42,0.35,-0.43
-0.74,10.54,1.79,0.42,0.35,-0.43
-2.40,9.30,0.10,-0.21,0.45,-0.32
-2.40,9.30,0.10,-0.21,0.45,-0.32
-2.40,9.30,0.10,-0.21,0.45,-0.32
-2.40,9.30,0.10,-0.21,0.45,-0.32
-2.40,9.30,0.10,-0.21,0.45,-0.32
-1.93,9.66,-0.88,0.00,-0.27,-0.12
-1.93,9.66,-0.88,0.00,-0.27,-0.12
-1.93,9.66,-0.88,0.00,-0.27,-0.12
-1.93,9.66,-0.88,0.00,-0.27,-0.12
-1.93,9.66,-0.88,0.00,-0.27,-0.12
-2.29,9.40,-0.69,0.07,-0.30,0.14
-2.29,9.40,-0.69,0.07,-0.30,0.14
-2.29,9.40,-0.69,0.07,-0.30,0.14
-2.29,9.40,-0.69,0.07,-0.30,0.14
-2.29,9.40,-0.69,0.07,-0.30,0.14
-2.29,9.40,-0.69,0.07,-0.30,0.14
-2.09,9.52,-0.49,0.08,-0.12,0.05
-2.09,9.52,-0.49,0.08,-0.12,0.05
-2.09,9.52,-0.49,0.08,-0.12,0.05
-2.09,9.52,-0.49,0.08,-0.12,0.05
-2.09,9.52,-0.49,0.08,-0.12,0.05
-2.12,9.55,-0.22,0.04,-0.05,-0.02
-2.12,9.55,-0.22,0.04,-0.05,-0.02
-2.12,9.55,-0.22,0.04,-0.05,-0.02
-2.12,9.55,-0.22,0.04,-0.05,-0.02
-2.12,9.55,-0.22,0.04,-0.05,-0.02
-2.12,9.55,-0.22,0.04,-0.05,-0.02
-2.28,9.55,-0.23,0.05,0.03,-0.01
-2.28,9.55,-0.23,0.05,0.03,-0.01
-2.28,9.55,-0.23,0.05,0.03,-0.01
-2.28,9.55,-0.23,0.05,0.03,-0.01
-2.28,9.55,-0.23,0.05,0.03,-0.01
-2.48,9.47,-0.39,0.05,0.03,0.01
-2.48,9.47,-0.39,0.05,0.03,0.01
-2.48,9.47,-0.39,0.05,0.03,0.01
-2.48,9.47,-0.39,0.05,0.03,0.01
-2.48,9.47,-0.39,0.05,0.03,0.01
-2.32,9.39,-0.46,0.05,0.00,-0.01
-2.32,9.39,-0.46,0.05,0.00,-0.01
-2.32,9.39,-0.46,0.05,0.00,-0.01
-2.32,9.39,-0.46,0.05,0.00,-0.01
-2.32,9.39,-0.46,0.05,0.00,-0.01
-2.32,9.39,-0.46,0.05,0.00,-0.01
-2.16,9.36,-0.55,0.04,0.02,-0.02
-2.16,9.36,-0.55,0.04,0.02,-0.02
-2.16,9.36,-0.55,0.04,0.02,-0.02
-2.16,9.36,-0.55,0.04,0.02,-0.02
-2.16,9.36,-0.55,0.04,0.02,-0.02
-2.45,9.51,-0.40,0.03,0.08,-0.03
-2.45,9.51,-0.40,0.03,0.08,-0.03
-2.45,9.51,-0.40,0.03,0.08,-0.03
-2.45,9.51,-0.40,0.03,0.08,-0.03
-2.45,9.51,-0.40,0.03,0.08,-0.03
-2.41,9.49,-0.30,0.01,0.02,-0.01
-2.41,9.49,-0.30,0.01,0.02,-0.01
-2.41,9.49,-0.30,0.01,0.02,-0.01
-2.41,9.49,-0.30,0.01,0.02,-0.01
-2.41,9.49,-0.30,0.01,0.02,-0.01
-2.41,9.49,-0.30,0.01,0.02,-0.01
-2.30,9.54,-0.44,-0.00,-0.02,-0.01
-2.30,9.54,-0.44,-0.00,-0.02,-0.01
-2.30,9.54,-0.44,-0.00,-0.02,-0.01
-2.30,9.54,-0.44,-0.00,-0.02,-0.01
-2.30,9.54,-0.44,-0.00,-0.02,-0.01
-2.22,9.52,-0.54,-0.01,-0.01,-0.00
-2.22,9.52,-0.54,-0.01,-0.01,-0.00
-2.22,9.52,-0.54,-0.01,-0.01,-0.00
-2.22,9.52,-0.54,-0.01,-0.01,-0.00
-2.22,9.52,-0.54,-0.01,-0.01,-0.00
-2.22,9.55,-0.48,-0.02,0.05,-0.02
-2.22,9.55,-0.48,-0.02,0.05,-0.02
-2.22,9.55,-0.48,-0.02,0.05,-0.02
-2.22,9.55,-0.48,-0.02,0.05,-0.02
-2.22,9.55,-0.48,-0.02,0.05,-0.02
-2.22,9.55,-0.48,-0.02,0.05,-0.02
-2.42,9.61,-0.42,-0.03,0.08,-0.03
-2.42,9.61,-0.42,-0.03,0.08,-0.03
-2.42,9.61,-0.42,-0.03,0.08,-0.03
-2.42,9.61,-0.42,-0.03,0.08,-0.03
-2.42,9.61,-0.42,-0.03,0.08,-0.03
-2.38,9.65,-0.37,-0.05,0.09,-0.05
-2.38,9.65,-0.37,-0.05,0.09,-0.05
-2.38,9.65,-0.37,-0.05,0.09,-0.05
-2.38,9.65,-0.37,-0.05,0.09,-0.05
-2.38,9.65,-0.37,-0.05,0.09,-0.05
-2.47,9.62,-0.15,-0.10,0.10,-0.10
-2.47,9.62,-0.15,-0.10,0.10,-0.10
-2.47,9.62,-0.15,-0.10,0.10,-0.10
-2.47,9.62,-0.15,-0.10,0.10,-0.10
-2.47,9.62,-0.15,-0.10,0.10,-0.10
-2.50,9.89,0.22,-0.10,0.10,-0.10
-2.50,9.89,0.22,-0.19,0.09,-0.09
-2.50,9.89,0.22,-0.19,0.09,-0.09
-2.50,9.89,0.22,-0.19,0.09,-0.09
-2.50,9.89,0.22,-0.19,0.09,-0.09
-2.50,9.89,0.22,-0.19,0.09,-0.09
-3.09,10.85,0.72,-0.38,-0.09,-0.24
-3.09,10.85,0.72,-0.38,-0.09,-0.24
-3.09,10.85,0.72,-0.38,-0.09,-0.24
-3.09,10.85,0.72,-0.38,-0.09,-0.24
-3.09,10.85,0.72,-0.38,-0.09,-0.24
-2.10,11.08,1.67,-0.81,-0.38,-0.71
-2.10,11.08,1.67,-0.81,-0.38,-0.71
-2.10,11.08,1.67,-0.81,-0.38,-0.71
-2.10,11.08,1.67,-0.81,-0.38,-0.71
-2.10,11.08,1.67,-0.81,-0.38,-0.71
-2.10,11.08,1.67,-0.81,-0.38,-0.71
-3.05,10.57,2.18,-1.29,0.70,-1.33
-3.05,10.57,2.18,-1.29,0.70,-1.33
-3.05,10.57,2.18,-1.29,0.70,-1.33
-3.05,10.57,2.18,-1.29,0.70,-1.33
-3.05,10.57,2.18,-1.29,0.70,-1.33
-3.93,9.18,2.63,-1.62,1.62,-1.77
-3.93,9.18,2.63,-1.62,1.62,-1.77
-3.93,9.18,2.63,-1.62,1.62,-1.77
-3.93,9.18,2.63,-1.62,1.62,-1.77
-3.93,9.18,2.63,-1.62,1.62,-1.77
-4.66,7.81,2.64,-1.82,2.04,-1.44
-4.66,7.81,2.64,-1.82,2.04,-1.44
-4.66,7.81,2.64,-1.82,2.04,-1.44
-4.66,7.81,2.64,-1.82,2.04,-1.44
-4.66,7.81,2.64,-1.82,2.04,-1.44
-4.66,7.81,2.64,-1.82,2.04,-1.44
-5.98,6.83,1.65,-1.99,2.18,-0.75
-5.98,6.83,1.65,-1.99,2.18,-0.75
-5.98,6.83,1.65,-1.99,2.18,-0.75
-5.98,6.83,1.65,-1.99,2.18,-0.75
-5.98,6.83,1.65,-1.99,2.18,-0.75
-6.61,5.01,-0.07,-2.33,2.13,-0.37
-6.61,5.01,-0.07,-2.33,2.13,-0.37
-6.61,5.01,-0.07,-2.33,2.13,-0.37
-6.61,5.01,-0.07,-2.33,2.13,-0.37
-6.61,5.01,-0.07,-2.33,2.13,-0.37
-7.60,4.52,-0.78,-2.28,2.31,-0.40
-7.60,4.52,-0.78,-2.28,2.31,-0.40
-7.60,4.52,-0.78,-2.28,2.31,-0.40
-7.60,4.52,-0.78,-2.28,2.31,-0.40
-7.60,4.52,-0.78,-2.28,2.31,-0.40
-7.60,4.52,-0.78,-2.28,2.31,-0.40
-7.90,4.75,-0.59,-1.93,2.03,-0.27
-7.90,4.75,-0.59,-1.93,2.03,-0.27
-7.90,4.75,-0.59,-1.93,2.03,-0.27
-7.90,4.75,-0.59,-1.93,2.03,-0.27
-7.90,4.75,-0.59,-1.93,2.03,-0.27
-8.31,5.55,-1.64,-1.94,1.97,-0.08
-8.31,5.55,-1.64,-1.94,1.97,-0.08
-8.31,5.55,-1.64,-1.94,1.97,-0.08
-8.31,5.55,-1.64,-1.94,1.97,-0.08
-8.31,5.55,-1.64,-1.94,1.97,-0.08
-9.32,4.93,-1.33,-1.74,1.67,0.14
-9.32,4.93,-1.33,-1.74,1.67,0.14
-9.32,4.93,-1.33,-1.74,1.67,0.14
-9.32,4.93,-1.33,-1.74,1.67,0.14
-9.32,4.93,-1.33,-1.74,1.67,0.14
-9.32,4.93,-1.33,-1.74,1.67,0.14
-8.73,4.46,-1.06,-1.07,1.02,-0.10
-8.73,4.46,-1.06,-1.07,1.02,-0.10
-8.73,4.46,-1.06,-1.07,1.02,-0.10
-8.73,4.46,-1.06,-1.07,1.02,-0.10
-8.73,4.46,-1.06,-1.07,1.02,-0.10
-7.95,5.07,-0.85,-0.56,0.77,-0.44
-7.95,5.07,-0.85,-0.56,0.77,-0.44
-7.95,5.07,-0.85,-0.56,0.77,-0.44
-7.95,5.07,-0.85,-0.56,0.77,-0.44
-7.95,5.07,-0.85,-0.56,0.77,-0.44
-8.81,4.70,-0.59,-0.51,0.56,-0.33
-8.81,4.70,-0.59,-0.51,0.56,-0.33
-8.81,4.70,-0.59,-0.51,0.56,-0.33
-8.81,4.70,-0.59,-0.51,0.56,-0.33
-8.81,4.70,-0.59,-0.51,0.56,-0.33
-8.81,4.70,-0.59,-0.51,0.56,-0.33
-8.69,4.53,-0.78,-0.43,0.31,-0.29
-8.69,4.53,-0.78,-0.43,0.31,-0.29
-8.69,4.53,-0.78,-0.43,0.31,-0.29
-8.69,4.53,-0.78,-0.43,0.31,-0.29
-8.69,4.53,-0.78,-0.43,0.31,-0.29
-8.56,4.15,-1.32,-0.42,0.32,-0.29
-8.56,4.15,-1.32,-0.42,0.32,-0.29
-8.56,4.15,-1.32,-0.42,0.32,-0.29
-8.56,4.15,-1.32,-0.42,0.32,-0.29
-8.56,4.15,-1.32,-0.42,0.32,-0.29
-8.55,3.81,-1.47,-0.32,0.21,-0.21
-8.55,3.81,-1.47,-0.32,0.21,-0.21
-8.55,3.81,-1.47,-0.32,0.21,-0.21
-8.55,3.81,-1.47,-0.32,0.21,-0.21
-8.55,3.81,-1.47,-0.32,0.21,-0.21
-8.55,3.81,-1.47,-0.32,0.21,-0.21
-8.44,3.90,-1.28,-0.19,0.13,-0.16
-8.44,3.90,-1.28,-0.19,0.13,-0.16
-8.44,3.90,-1.28,-0.19,0.13,-0.16
-8.44,3.90,-1.28,-0.19,0.13,-0.16
-8.44,3.90,-1.28,-0.19,0.13,-0.16
-9.06,3.81,-1.09,-0.18,0.13,-0.11
-9.06,3.81,-1.09,-0.18,0.13,-0.11
-9.06,3.81,-1.09,-0.18,0.13,-0.11
-9.06,3.81,-1.09,-0.18,0.13,-0.11
-9.06,3.81,-1.09,-0.18,0.13,-0.11
-8.58,3.74,-1.61,-0.17,0.07,-0.09
-8.58,3.74,-1.61,-0.17,0.07,-0.09
-8.58,3.74,-1.61,-0.17,0.07,-0.09
-8.58,3.74,-1.61,-0.17,0.07,-0.09
-8.58,3.74,-1.61,-0.17,0.07,-0.09
-8.58,3.74,-1.61,-0.17,0.07,-0.09
-8.52,3.79,-1.81,-0.08,0.14,-0.08
-8.52,3.79,-1.81,-0.08,0.14,-0.08
-8.52,3.79,-1.81,-0.08,0.14,-0.08
-8.52,3.79,-1.81,-0.08,0.14,-0.08
-8.52,3.79,-1.81,-0.08,0.14,-0.08
-9.10,3.85,-1.32,-0.01,0.09,-0.02
-9.10,3.85,-1.32,-0.01,0.09,-0.02
-9.10,3.85,-1.32,-0.01,0.09,-0.02
-9.10,3.85,-1.32,-0.01,0.09,-0.02
-9.10,3.85,-1.32,-0.01,0.09,-0.02
-9.30,3.81,-1.20,-0.04,0.10,-0.04
-9.30,3.81,-1.20,-0.04,0.10,-0.04
-9.30,3.81,-1.20,-0.04,0.10,-0.04
-9.30,3.81,-1.20,-0.04,0.10,-0.04
-9.30,3.81,-1.20,-0.04,0.10,-0.04
-9.30,3.81,-1.20,-0.04,0.10,-0.04
-8.99,3.87,-1.33,-0.06,0.08,-0.08
-8.99,3.87,-1.33,-0.06,0.08,-0.08
-8.99,3.87,-1.33,-0.06,0.08,-0.08
-8.99,3.87,-1.33,-0.06,0.08,-0.08
-8.99,3.87,-1.33,-0.06,0.08,-0.08
-8.74,3.81,-1.57,-0.10,0.03,-0.06
-8.74,3.81,-1.57,-0.10,0.03,-0.06
-8.74,3.81,-1.57,-0.10,0.03,-0.06
-8.74,3.81,-1.57,-0.10,0.03,-0.06
-8.74,3.81,-1.57,-0.10,0.03,-0.06
-8.62,3.74,-1.73,-0.10,0.03,-0.06
-8.62,3.74,-1.73,-0.10,0.02,-0.04
-8.62,3.74,-1.73,-0.10,0.02,-0.04
-8.62,3.74,-1.73,-0.10,0.02,-0.04
-8.62,3.74,-1.73,-0.10,0.02,-0.04
-8.62,3.74,-1.73,-0.10,0.02,-0.04
-8.63,3.53,-1.90,-0.04,-0.02,0.00
-8.63,3.53,-1.90,-0.04,-0.02,0.00
-8.63,3.53,-1.90,-0.04,-0.02,0.00
-8.63,3.53,-1.90,-0.04,-0.02,0.00
-8.63,3.53,-1.90,-0.04,-0.02,0.00
-8.90,3.06,-2.84,0.11,-0.07,-0.01
-8.90,3.06,-2.84,0.11,-0.07,-0.01
-8.90,3.06,-2.84,0.11,-0.07,-0.01
-8.90,3.06,-2.84,0.11,-0.07,-0.01
-8.90,3.06,-2.84,0.11,-0.07,-0.01
-9.00,2.58,-4.07,0.78,-0.29,-0.33
-9.00,2.58,-4.07,0.78,-0.29,-0.33
-9.00,2.58,-4.07,0.78,-0.29,-0.33
-9.00,2.58,-4.07,0.78,-0.29,-0.33
-9.00,2.58,-4.07,0.78,-0.29,-0.33
-9.00,2.58,-4.07,0.78,-0.29,-0.33
-8.63,3.16,-4.32,1.86,-0.76,-0.62
-8.63,3.16,-4.32,1.86,-0.76,-0.62
-8.63,3.16,-4.32,1.86,-0.76,-0.62
-8.63,3.16,-4.32,1.86,-0.76,-0.62
-8.63,3.16,-4.32,1.86,-0.76,-0.62
-8.17,3.30,-3.30,2.90,-1.57,-0.38
-8.17,3.30,-3.30,2.90,-1.57,-0.38
-8.17,3.30,-3.30,2.90,-1.57,-0.38
-8.17,3.30,-3.30,2.90,-1.57,-0.38
-8.17,3.30,-3.30,2.90,-1.57,-0.38
-8.19,3.79,-1.49,2.90,-1.57,-0.38
-8.19,3.79,-1.49,3.64,-2.67,0.20
-8.19,3.79,-1.49,3.64,-2.67,0.20
-8.19,3.79,-1.49,3.64,-2.67,0.20
-8.19,3.79,-1.49,3.64,-2.67,0.20
-8.19,3.79,-1.49,3.64,-2.67,0.20
-6.13,3.65,0.96,3.88,-4.20,0.74
-6.13,3.65,0.96,3.88,-4.20,0.74
-6.13,3.65,0.96,3.88,-4.20,0.74
-6.13,3.65,0.96,3.88,-4.20,0.74
-6.13,3.65,0.96,3.88,-4.20,0.74
-5.45,6.43,2.50,3.56,-3.96,0.83
-5.45,6.43,2.50,3.56,-3.96,0.83
-5.45,6.43,2.50,3.56,-3.96,0.83
-5.45,6.43,2.50,3.56,-3.96,0.83
-5.45,6.43,2.50,3.56,-3.96,0.83
-5.45,6.43,2.50,3.56,-3.96,0.83
-4.92,9.62,2.56,3.69,-3.49,1.05
-4.92,9.62,2.56,3.69,-3.49,1.05
-4.92,9.62,2.56,3.69,-3.49,1.05
-4.92,9.62,2.56,3.69,-3.49,1.05
-4.92,9.62,2.56,3.69,-3.49,1.05
-2.26,8.48,1.20,3.31,-2.97,1.11
-2.26,8.48,1.20,3.31,-2.97,1.11
-2.26,8.48,1.20,3.31,-2.97,1.11
-2.26,8.48,1.20,3.31,-2.97,1.11
-2.26,8.48,1.20,3.31,-2.97,1.11
0.63,9.30,0.99,2.57,-1.52,1.01
0.63,9.30,0.99,2.57,-1.52,1.01
0.63,9.30,0.99,2.57,-1.52,1.01
0.63,9.30,0.99,2.57,-1.52,1.01
0.63,9.30,0.99,2.57,-1.52,1.01
0.63,9.30,0.99,2.57,-1.52,1.01
-2.25,13.17,2.53,1.55,0.92,1.23
-2.25,13.17,2.53,1.55,0.92,1.23
-2.25,13.17,2.53,1.55,0.92,1.23
-2.25,13.17,2.53,1.55,0.92,1.23
-2.25,13.17,2.53,1.55,0.92,1.23
-4.77,13.66,3.55,0.88,2.03,1.01
-4.77,13.66,3.55,0.88,2.03,1.01
-4.77,13.66,3.55,0.88,2.03,1.01
-4.77,13.66,3.55,0.88,2.03,1.01
-4.77,13.66,3.55,0.88,2.03,1.01
-4.77,13.66,3.55,0.88,2.03,1.01
0.80,11.30,1.96,0.30,0.24,-0.38
0.80,11.30,1.96,0.30,0.24,-0.38
0.80,11.30,1.96,0.30,0.24,-0.38
0.80,11.30,1.96,0.30,0.24,-0.38
0.80,11.30,1.96,0.30,0.24,-0.38
-1.05,9.63,0.06,-0.41,-0.21,-0.43
-1.05,9.63,0.06,-0.41,-0.21,-0.43
-1.05,9.63,0.06,-0.41,-0.21,-0.43
-1.05,9.63,0.06,-0.41,-0.21,-0.43
-1.05,9.63,0.06,-0.41,-0.21,-0.43
-3.26,9.38,-0.84,-0.44,0.27,-0.02
-3.26,9.38,-0.84,-0.44,0.27,-0.02
-3.26,9.38,-0.84,-0.44,0.27,-0.02
-3.26,9.38,-0.84,-0.44,0.27,-0.02
-3.26,9.38,-0.84,-0.44,0.27,-0.02
-3.26,9.38,-0.84,-0.44,0.27,-0.02
-3.15,9.12,-0.22,-0.24,-0.31,0.03
-3.15,9.12,-0.22,-0.24,-0.31,0.03
-3.15,9.12,-0.22,-0.24,-0.31,0.03
-3.15,9.12,-0.22,-0.24,-0.31,0.03
-3.15,9.12,-0.22,-0.24,-0.31,0.03
-2.98,9.19,0.04,0.07,-0.18,-0.18
-2.98,9.19,0.04,0.07,-0.18,-0.18
-2.98,9.19,0.04,0.07,-0.18,-0.18
-2.98,9.19,0.04,0.07,-0.18,-0.18
-2.98,9.19,0.04,0.07,-0.18,-0.18
-2.10,9.32,0.62,0.11,-0.12,-0.14
-2.10,9.32,0.62,0.11,-0.12,-0.14
-2.10,9.32,0.62,0.11,-0.12,-0.14
-2.10,9.32,0.62,0.11,-0.12,-0.14
-2.10,9.32,0.62,0.11,-0.12,-0.14
-2.10,9.32,0.62,0.11,-0.12,-0.14
-1.76,9.81,1.32,-0.03,0.01,0.03
-1.76,9.81,1.32,-0.03,0.01,0.03
-1.76,9.81,1.32,-0.03,0.01,0.03
-1.76,9.81,1.32,-0.03,0.01,0.03
-1.76,9.81,1.32,-0.03,0.01,0.03
-1.90,9.73,0.97,-0.02,0.04,0.12
-1.90,9.73,0.97,-0.02,0.04,0.12
-1.90,9.73,0.97,-0.02,0.04,0.12
-1.90,9.73,0.97,-0.02,0.04,0.12
-1.90,9.73,0.97,-0.02,0.04,0.12
-2.38,9.60,0.57,-0.03,-0.21,0.20
-2.38,9.60,0.57,-0.03,-0.21,0.20
-2.38,9.60,0.57,-0.03,-0.21,0.20
-2.38,9.60,0.57,-0.03,-0.21,0.20
-2.38,9.60,0.57,-0.03,-0.21,0.20
-2.38,9.60,0.57,-0.03,-0.21,0.20
-2.39,9.59,0.54,-0.01,-0.81,0.30
-2.39,9.59,0.54,-0.01,-0.81,0.30
-2.39,9.59,0.54,-0.01,-0.81,0.30
-2.39,9.59,0.54,-0.01,-0.81,0.30
-2.39,9.59,0.54,-0.01,-0.81,0.30
-2.30,9.48,0.69,-0.03,-0.68,-0.03
-2.30,9.48,0.69,-0.03,-0.68,-0.03
-2.30,9.48,0.69,-0.03,-0.68,-0.03
-2.30,9.48,0.69,-0.03,-0.68,-0.03
-2.30,9.48,0.69,-0.03,-0.68,-0.03
-2.41,9.41,0.85,-0.03,-0.68,-0.13
-2.41,9.41,0.85,-0.03,-0.51,-0.13
-2.41,9.41,0.85,-0.03,-0.51,-0.13
-2.41,9.41,0.85,-0.03,-0.51,-0.13
-2.41,9.41,0.85,-0.03,-0.51,-0.13
-2.41,9.41,0.85,-0.03,-0.51,-0.13
-1.80,9.89,1.40,-0.02,-0.79,-0.09
-1.80,9.89,1.40,-0.02,-0.79,-0.09
-1.80,9.89,1.40,-0.02,-0.79,-0.09
-1.80,9.89,1.40,-0.02,-0.79,-0.09
-1.80,9.89,1.40,-0.02,-0.79,-0.09
-2.04,10.94,2.55,-0.09,-0.95,-0.06
-2.04,10.94,2.55,-0.09,-0.95,-0.06
-2.04,10.94,2.55,-0.09,-0.95,-0.06
-2.04,10.94,2.55,-0.09,-0.95,-0.06
-2.04,10.94,2.55,-0.09,-0.95,-0.06
-2.04,10.94,3.34,-0.09,-0.95,-0.06
-2.54,12.23,3.34,-0.48,-1.32,-0.39
-2.54,12.23,3.34,-0.48,-1.32,-0.39
-2.54,12.23,3.34,-0.48,-1.32,-0.39
-2.54,12.23,3.34,-0.48,-1.32,-0.39
-2.54,12.23,3.34,-0.48,-1.32,-0.39
-1.52,12.54,4.22,-1.57,-1.51,-1.07
-1.52,12.54,4.22,-1.57,-1.51,-1.07
-1.52,12.54,4.22,-1.57,-1.51,-1.07
-1.52,12.54,4.22,-1.57,-1.51,-1.07
-1.52,12.54,4.22,-1.57,-1.51,-1.07
-2.06,11.21,6.67,-3.10,-0.66,-1.33
-2.06,11.21,6.67,-3.10,-0.66,-1.33
-2.06,11.21,6.67,-3.10,-0.66,-1.33
-2.06,11.21,6.67,-3.10,-0.66,-1.33
-2.06,11.21,6.67,-3.10,-0.66,-1.33
-2.06,11.21,6.67,-3.10,-0.66,-1.33
-3.33,7.98,9.09,-3.88,-0.29,-0.73
-3.33,7.98,9.09,-3.88,-0.29,-0.73
-3.33,7.98,9.09,-3.88,-0.29,-0.73
-3.33,7.98,9.09,-3.88,-0.29,-0.73
-3.33,7.98,9.09,-3.88,-0.29,-0.73
-3.31,5.15,8.74,-4.15,-0.84,-0.07
-3.31,5.15,8.74,-4.15,-0.84,-0.07
-3.31,5.15,8.74,-4.15,-0.84,-0.07
-3.31,5.15,8.74,-4.15,-0.84,-0.07
-3.31,5.15,8.74,-4.15,-0.84,-0.07
-3.02,1.59,7.15,-4.10,-1.20,0.31
-3.02,1.59,7.15,-4.10,-1.20,0.31
-3.02,1.59,7.15,-4.10,-1.20,0.31
-3.02,1.59,7.15,-4.10,-1.20,0.31
-3.02,1.59,7.15,-4.10,-1.20,0.31
-3.02,1.59,7.15,-4.10,-1.20,0.31
-1.29,-1.35,6.69,-3.37,-1.39,0.27
-1.29,-1.35,6.69,-3.37,-1.39,0.27
-1.29,-1.35,6.69,-3.37,-1.39,0.27
-1.29,-1.35,6.69,-3.37,-1.39,0.27
-1.29,-1.35,6.69,-3.37,-1.39,0.27
-1.30,-3.62,5.91,-2.83,-0.90,0.33
-1.30,-3.62,5.91,-2.83,-0.90,0.33
-1.30,-3.62,5.91,-2.83,-0.90,0.33
-1.30,-3.62,5.91,-2.83,-0.90,0.33
-1.30,-3.62,5.91,-2.83,-0.90,0.33
-1.30,-3.62,5.91,-2.83,-0.90,0.33
-0.34,-6.26,4.88,-2.39,0.33,0.25
-0.34,-6.26,4.88,-2.39,0.33,0.25
-0.34,-6.26,4.88,-2.39,0.33,0.25
-0.34,-6.26,4.88,-2.39,0.33,0.25
-0.34,-6.26,4.88,-2.39,0.33,0.25
0.76,-7.03,4.98,-1.57,0.69,0.35
0.76,-7.03,4.98,-1.57,0.69,0.35
0.76,-7.03,4.98,-1.57,0.69,0.35
0.76,-7.03,4.98,-1.57,0.69,0.35
0.76,-7.03,4.98,-1.57,0.69,0.35
-0.59,-7.24,5.55,-1.23,1.69,1.02
-0.59,-7.24,5.55,-1.23,1.69,1.02
-0.59,-7.24,5.55,-1.23,1.69,1.02
-0.59,-7.24,5.55,-1.23,1.69,1.02
-0.59,-7.24,5.55,-1.23,1.69,1.02
-0.59,-7.24,5.55,-1.23,1.69,1.02
-4.16,-7.31,3.81,-1.22,2.43,1.66
-4.16,-7.31,3.81,-1.22,2.43,1.66
-4.16,-7.31,3.81,-1.22,2.43,1.66
-4.16,-7.31,3.81,-1.22,2.43,1.66
-4.16,-7.31,3.81,-1.22,2.43,1.66
-6.34,-5.79,0.92,-1.05,3.10,1.88
-6.34,-5.79,0.92,-1.05,3.10,1.88
-6.34,-5.79,0.92,-1.05,3.10,1.88
-6.34,-5.79,0.92,-1.05,3.10,1.88
-6.34,-5.79,0.92,-1.05,3.10,1.88
-6.34,-5.79,0.92,-1.05,3.10,1.88
-7.82,-5.21,-1.54,-1.35,3.83,1.41
-7.82,-5.21,-1.54,-1.35,3.83,1.41
-7.82,-5.21,-1.54,-1.35,3.83,1.41
-7.82,-5.21,-1.54,-1.35,3.83,1.41
-7.82,-5.21,-1.54,-1.35,3.83,1.41
-8.18,-1.77,-2.65,-1.51,1.36,1.79
-8.18,-1.77,-2.65,-1.51,1.36,1.79
-8.18,-1.77,-2.65,-1.51,1.36,1.79
-8.18,-1.77,-2.65,-1.51,1.36,1.79
-8.18,-1.77,-2.65,-1.51,1.36,1.79
-11.66,-2.40,-4.82,-1.69,-0.06,2.09
-11.66,-2.40,-4.82,-1.69,-0.06,2.09
-11.66,-2.40,-4.82,-1.69,-0.06,2.09
-11.66,-2.40,-4.82,-1.69,-0.06,2.09
-11.66,-2.40,-4.82,-1.69,-0.06,2.09
-11.66,-2.40,-4.82,-1.69,-0.06,2.09
-10.08,-3.24,-1.87,-0.49,0.43,0.17
-10.08,-3.24,-1.87,-0.49,0.43,0.17
-10.08,-3.24,-1.87,-0.49,0.43,0.17
-10.08,-3.24,-1.87,-0.49,0.43,0.17
-10.08,-3.24,-1.87,-0.49,0.43,0.17
-8.17,-2.41,-2.04,-0.06,-0.30,-0.05
-8.17,-2.41,-2.04,-0.06,-0.30,-0.05
-8.17,-2.41,-2.04,-0.06,-0.30,-0.05
-8.17,-2.41,-2.04,-0.06,-0.30,-0.05
-8.17,-2.41,-2.04,-0.06,-0.30,-0.05
-8.63,-3.03,-3.13,-0.06,0.02,-0.10
-8.63,-3.03,-3.13,-0.36,0.02,-0.10
-8.63,-3.03,-3.13,-0.36,0.02,-0.10
-8.63,-3.03,-3.13,-0.36,0.02,-0.10
-8.63,-3.03,-3.13,-0.36,0.02,-0.10
-8.63,-3.03,-3.13,-0.36,0.02,-0.10
-8.88,-3.00,-3.22,-0.15,-0.15,-0.03
-8.88,-3.00,-3.22,-0.15,-0.15,-0.03
-8.88,-3.00,-3.22,-0.15,-0.15,-0.03
-8.88,-3.00,-3.22,-0.15,-0.15,-0.03
-8.88,-3.00,-3.22,-0.15,-0.15,-0.03
-9.29,-2.90,-2.69,-0.03,-0.13,0.04
-9.29,-2.90,-2.69,-0.03,-0.13,0.04
-9.29,-2.90,-2.69,-0.03,-0.13,0.04
-9.29,-2.90,-2.69,-0.03,-0.13,0.04
-9.29,-2.90,-2.69,-0.03,-0.13,0.04
-9.29,-2.86,-2.41,-0.03,-0.13,0.04
-9.00,-2.86,-2.41,-0.02,-0.21,-0.01
-9.00,-2.86,-2.41,-0.02,-0.21,-0.01
-9.00,-2.86,-2.41,-0.02,-0.21,-0.01
-9.00,-2.86,-2.41,-0.02,-0.21,-0.01
-9.00,-2.86,-2.41,-0.02,-0.21,-0.01
-8.63,-3.09,-2.86,-0.02,-0.15,-0.08
-8.63,-3.09,-2.86,-0.02,-0.15,-0.08
-8.63,-3.09,-2.86,-0.02,-0.15,-0.08
-8.63,-3.09,-2.86,-0.02,-0.15,-0.08
-8.63,-3.09,-2.86,-0.02,-0.15,-0.08
-8.68,-2.99,-2.69,0.08,-0.10,-0.00
-8.68,-2.99,-2.69,0.08,-0.10,-0.00
-8.68,-2.99,-2.69,0.08,-0.10,-0.00
-8.68,-2.99,-2.69,0.08,-0.10,-0.00
-8.68,-2.99,-2.69,0.08,-0.10,-0.00
-8.98,-2.85,-2.11,0.11,-0.13,0.03
-8.98,-2.85,-2.11,0.11,-0.13,0.03
-8.98,-2.85,-2.11,0.11,-0.13,0.03
-8.98,-2.85,-2.11,0.11,-0.13,0.03
-8.98,-2.85,-2.11,0.11,-0.13,0.03
-8.98,-2.85,-2.11,0.11,-0.13,0.03
-9.17,-2.85,-1.76,0.07,-0.09,0.00
-9.17,-2.85,-1.76,0.07,-0.09,0.00
-9.17,-2.85,-1.76,0.07,-0.09,0.00
-9.17,-2.85,-1.76,0.07,-0.09,0.00
-9.17,-2.85,-1.76,0.07,-0.09,0.00
-9.23,-2.85,-1.68,0.03,-0.14,0.05
-9.23,-2.85,-1.68,0.03,-0.14,0.05
-9.23,-2.85,-1.68,0.03,-0.14,0.05
-9.23,-2.85,-1.68,0.03,-0.14,0.05
-9.23,-2.85,-1.68,0.03,-0.14,0.05
-9.16,-2.90,-1.82,0.03,-0.14,0.11
-9.16,-2.90,-1.82,-0.02,-0.29,0.11
-9.16,-2.90,-1.82,-0.02,-0.29,0.11
-9.16,-2.90,-1.82,-0.02,-0.29,0.11
-9.16,-2.90,-1.82,-0.02,-0.29,0.11
-9.16,-2.90,-1.82,-0.02,-0.29,0.11
-9.43,-3.25,-2.27,0.10,-0.43,0.04
-9.43,-3.25,-2.27,0.10,-0.43,0.04
-9.43,-3.25,-2.27,0.10,-0.43,0.04
-9.43,-3.25,-2.27,0.10,-0.43,0.04
-9.43,-3.25,-2.27,0.10,-0.43,0.04
-8.50,-3.11,-2.36,0.72,-0.89,-0.18
-8.50,-3.11,-2.36,0.72,-0.89,-0.18
-8.50,-3.11,-2.36,0.72,-0.89,-0.18
-8.50,-3.11,-2.36,0.72,-0.89,-0.18
-8.50,-3.11,-2.36,0.72,-0.89,-0.18
-8.50,-3.11,-2.36,0.72,-0.89,-0.18
-7.61,-1.65,-2.76,1.68,-1.02,-0.73
-7.61,-1.65,-2.76,1.68,-1.02,-0.73
-7.61,-1.65,-2.76,1.68,-1.02,-0.73
-7.61,-1.65,-2.76,1.68,-1.02,-0.73
-7.61,-1.65,-2.76,1.68,-1.02,-0.73
-7.28,-0.82,-1.59,2.64,-0.44,-1.47
-7.28,-0.82,-1.59,2.64,-0.44,-1.47
-7.28,-0.82,-1.59,2.64,-0.44,-1.47
-7.28,-0.82,-1.59,2.64,-0.44,-1.47
-7.28,-0.82,-1.59,2.64,-0.44,-1.47
-6.96,-1.35,0.98,3.19,-1.16,-0.86
-6.96,-1.35,0.98,3.19,-1.16,-0.86
-6.96,-1.35,0.98,3.19,-1.16,-0.86
-6.96,-1.35,0.98,3.19,-1.16,-0.86
-6.96,-1.35,0.98,3.19,-1.16,-0.86
-6.96,-1.35,0.98,3.19,-1.16,-0.86
-6.15,-1.34,3.85,3.23,-2.40,0.08
-6.15,-1.34,3.85,3.23,-2.40,0.08
-6.15,-1.34,3.85,3.23,-2.40,0.08
-6.15,-1.34,3.85,3.23,-2.40,0.08
-6.15,-1.34,3.85,3.23,-2.40,0.08
-5.88,0.09,6.38,3.48,-1.86,0.45
-5.88,0.09,6.38,3.48,-1.86,0.45
-5.88,0.09,6.38,3.48,-1.86,0.45
-5.88,0.09,6.38,3.48,-1.86,0.45
-5.88,0.09,6.38,3.48,-1.86,0.45
-6.18,3.50,7.74,3.96,-0.84,0.26
-6.18,3.50,7.74,3.96,-0.84,0.26
-6.18,3.50,7.74,3.96,-0.84,0.26
-6.18,3.50,7.74,3.96,-0.84,0.26
-6.18,3.50,7.74,3.96,-0.84,0.26
-6.18,3.50,7.74,3.96,-0.84,0.26
-5.46,6.33,7.91,4.04,-0.54,0.02
-5.46,6.33,7.91,4.04,-0.54,0.02
-5.46,6.33,7.91,4.04,-0.54,0.02
-5.46,6.33,7.91,4.04,-0.54,0.02
-5.46,6.33,7.91,4.04,-0.54,0.02
-2.13,8.29,6.42,3.95,-1.98,0.51
-2.13,8.29,6.42,3.95,-1.98,0.51
-2.13,8.29,6.42,3.95,-1.98,0.51
-2.13,8.29,6.42,3.95,-1.98,0.51
-2.13,8.29,6.42,3.95,-1.98,0.51
-2.13,8.29,6.42,3.95,-1.98,0.51
0.53,10.41,4.77,3.53,-1.57,0.63
0.53,10.41,4.77,3.53,-1.57,0.63
0.53,10.41,4.77,3.53,-1.57,0.63
0.53,10.41,4.77,3.53,-1.57,0.63
0.53,10.41,4.77,3.53,-1.57,0.63
0.35,11.16,4.28,2.16,1.19,0.77
0.35,11.16,4.28,2.16,1.19,0.77
0.35,11.16,4.28,2.16,1.19,0.77
0.35,11.16,4.28,2.16,1.19,0.77
0.35,11.16,4.28,2.16,1.19,0.77
0.35,11.93,1.87,2.16,1.19,0.77
-5.64,11.93,1.87,0.21,4.55,1.24
-5.64,11.93,1.87,0.21,4.55,1.24
-5.64,11.93,1.87,0.21,4.55,1.24
-5.64,11.93,1.87,0.21,4.55,1.24
-5.64,11.93,1.87,0.21,4.55,1.24
-8.38,12.84,1.65,0.04,4.77,2.02
-8.38,12.84,1.65,0.04,4.77,2.02
-8.38,12.84,1.65,0.04,4.77,2.02
-8.38,12.84,1.65,0.04,4.77,2.02
-8.38,12.84,1.65,0.04,4.77,2.02
-6.50,10.30,0.05,0.63,1.69,0.31
-6.50,10.30,0.05,0.63,1.69,0.31
-6.50,10.30,0.05,0.63,1.69,0.31
-6.50,10.30,0.05,0.63,1.69,0.31
-6.50,10.30,0.05,0.63,1.69,0.31
-6.50,10.30,0.05,0.63,1.69,0.31
-1.01,9.94,0.84,0.58,-0.96,-1.44
-1.01,9.94,0.84,0.58,-0.96,-1.44
-1.01,9.94,0.84,0.58,-0.96,-1.44
-1.01,9.94,0.84,0.58,-0.96,-1.44
-1.01,9.94,0.84,0.58,-0.96,-1.44
-1.15,9.18,-0.16,0.41,-1.37,-0.08
-1.15,9.18,-0.16,0.41,-1.37,-0.08
-1.15,9.18,-0.16,0.41,-1.37,-0.08
-1.15,9.18,-0.16,0.41,-1.37,-0.08
-1.15,9.18,-0.16,0.41,-1.37,-0.08
-2.26,9.82,-0.91,0.17,-0.45,0.19
-2.26,9.82,-0.91,0.17,-0.45,0.19
-2.26,9.82,-0.91,0.17,-0.45,0.19
-2.26,9.82,-0.91,0.17,-0.45,0.19
-2.26,9.82,-0.91,0.17,-0.45,0.19
-2.26,9.82,-0.91,0.17,-0.45,0.19
-2.52,9.58,-0.40,0.09,-0.25,0.01
-2.52,9.58,-0.40,0.09,-0.25,0.01
-2.52,9.58,-0.40,0.09,-0.25,0.01
-2.52,9.58,-0.40,0.09,-0.25,0.01
-2.52,9.58,-0.40,0.09,-0.25,0.01
-3.07,9.18,-0.27,-0.05,0.04,-0.06
-3.07,9.18,-0.27,-0.05,0.04,-0.06
-3.07,9.18,-0.27,-0.05,0.04,-0.06
-3.07,9.18,-0.27,-0.05,0.04,-0.06
-3.07,9.18,-0.27,-0.05,0.04,-0.06
-3.07,9.18,-0.27,-0.05,0.04,-0.06
-3.01,9.27,-0.01,-0.07,-0.03,-0.04
-3.01,9.27,-0.01,-0.07,-0.03,-0.04
-3.01,9.27,-0.01,-0.07,-0.03,-0.04
-3.01,9.27,-0.01,-0.07,-0.03,-0.04
-3.01,9.27,-0.01,-0.07,-0.03,-0.04
-2.99,9.39,-0.00,-0.04,-0.06,0.00
-2.99,9.39,-0.00,-0.04,-0.06,0.00
-2.99,9.39,-0.00,-0.04,-0.06,0.00
-2.99,9.39,-0.00,-0.04,-0.06,0.00
-2.99,9.39,-0.00,-0.04,-0.06,0.00
-2.91,9.30,-0.09,-0.01,-0.08,0.01
-2.91,9.30,-0.09,-0.01,-0.08,0.01
-2.91,9.30,-0.09,-0.01,-0.08,0.01
-2.91,9.30,-0.09,-0.01,-0.08,0.01
-2.91,9.30,-0.09,-0.01,-0.08,0.01
-2.99,9.29,-0.01,-0.01,-0.08,0.01
-2.99,9.29,-0.01,0.01,-0.05,0.01
-2.99,9.29,-0.01,0.01,-0.05,0.01
-2.99,9.29,-0.01,0.01,-0.05,0.01
-2.99,9.29,-0.01,0.01,-0.05,0.01
-2.99,9.29,-0.01,0.01,-0.05,0.01
-2.98,9.34,0.07,0.03,-0.05,0.02
-2.98,9.34,0.07,0.03,-0.05,0.02
-2.98,9.34,0.07,0.03,-0.05,0.02
-2.98,9.34,0.07,0.03,-0.05,0.02
-2.98,9.34,0.07,0.03,-0.05,0.02
-2.72,9.39,-0.02,0.03,-0.06,0.03
-2.72,9.39,-0.02,0.03,-0.06,0.03
-2.72,9.39,-0.02,0.03,-0.06,0.03
-2.72,9.39,-0.02,0.03,-0.06,0.03
-2.72,9.39,-0.02,0.03,-0.06,0.03
-2.72,9.39,-0.02,0.03,-0.06,0.03
-2.64,9.45,-0.17,0.01,0.00,0.03
-2.64,9.45,-0.17,0.01,0.00,0.03
-2.64,9.45,-0.17,0.01,0.00,0.03
-2.64,9.45,-0.17,0.01,0.00,0.03
-2.64,9.45,-0.17,0.01,0.00,0.03
-2.64,9.43,-0.11,0.01,0.09,-0.00
-2.64,9.43,-0.11,0.01,0.09,-0.00
-2.64,9.43,-0.11,0.01,0.09,-0.00
-2.64,9.43,-0.11,0.01,0.09,-0.00
-2.64,9.43,-0.11,0.01,0.09,-0.00
-2.91,9.36,-0.03,0.01,0.11,-0.03
-2.91,9.36,-0.03,0.01,0.11,-0.03
-2.91,9.36,-0.03,0.01,0.11,-0.03
-2.91,9.36,-0.03,0.01,0.11,-0.03
-2.91,9.36,-0.03,0.01,0.11,-0.03
-2.91,9.36,-0.03,0.01,0.11,-0.03
-3.00,9.36,-0.00,0.00,0.07,-0.02
-3.00,9.36,-0.00,0.00,0.07,-0.02
-3.00,9.36,-0.00,0.00,0.07,-0.02
-3.00,9.36,-0.00,0.00,0.07,-0.02
-3.00,9.36,-0.00,0.00,0.07,-0.02
-2.99,9.37,-0.03,-0.00,0.05,-0.01
-2.99,9.37,-0.03,-0.00,0.05,-0.01
-2.99,9.37,-0.03,-0.00,0.05,-0.01
-2.99,9.37,-0.03,-0.00,0.05,-0.01
-2.99,9.37,-0.03,-0.00,0.05,-0.01
-2.77,9.47,-0.10,0.01,-0.02,-0.01
-2.77,9.47,-0.10,0.01,-0.02,-0.01
-2.77,9.47,-0.10,0.01,-0.02,-0.01
-2.77,9.47,-0.10,0.01,-0.02,-0.01
-2.77,9.47,-0.10,0.01,-0.02,-0.01
-2.77,9.47,-0.10,0.01,-0.02,-0.01
-2.66,9.35,-0.13,0.00,0.01,-0.03
-2.66,9.35,-0.13,0.00,0.01,-0.03
-2.66,9.35,-0.13,0.00,0.01,-0.03
-2.66,9.35,-0.13,0.00,0.01,-0.03
-2.66,9.35,-0.13,0.00,0.01,-0.03
-2.96,9.39,-0.04,-0.00,0.07,-0.03
-2.96,9.39,-0.04,-0.00,0.07,-0.03
-2.96,9.39,-0.04,-0.00,0.07,-0.03
-2.96,9.39,-0.04,-0.00,0.07,-0.03
-2.96,9.39,-0.04,-0.00,0.07,-0.03
-3.13,9.37,-0.10,0.01,0.02,-0.03
-3.13,9.37,-0.10,0.01,0.02,-0.03
-3.13,9.37,-0.10,0.01,0.02,-0.03
-3.13,9.37,-0.10,0.01,0.02,-0.03
-3.13,9.37,-0.10,0.01,0.02,-0.03
-3.13,9.37,-0.10,0.01,0.02,-0.03
-2.98,9.46,-0.64,0.02,0.11,-0.10
-2.98,9.46,-0.64,0.02,0.11,-0.10
-2.98,9.46,-0.64,0.02,0.11,-0.10
-2.98,9.46,-0.64,0.02,0.11,-0.10
-2.98,9.46,-0.64,0.02,0.11,-0.10
-3.00,9.47,-0.41,0.04,0.38,-0.25
-3.00,9.47,-0.41,0.04,0.38,-0.25
-3.00,9.47,-0.41,0.04,0.38,-0.25
-3.00,9.47,-0.41,0.04,0.38,-0.25
-3.00,9.47,-0.41,0.04,0.38,-0.25
-3.44,9.72,0.16,0.08,0.40,-0.28
-3.44,9.72,0.16,0.08,0.40,-0.28
-3.44,9.72,0.16,0.08,0.40,-0.28
-3.44,9.72,0.16,0.08,0.40,-0.28
-3.44,9.72,0.16,0.08,0.40,-0.28
-3.44,9.72,0.16,0.08,0.40,-0.28
-4.32,9.98,0.12,0.06,0.29,-0.36
-4.32,9.98,0.12,0.06,0.29,-0.36
-4.32,9.98,0.12,0.06,0.29,-0.36
-4.32,9.98,0.12,0.06,0.29,-0.36
-4.32,9.98,0.12,0.06,0.29,-0.36
-5.74,10.87,0.56,-0.09,-0.31,-0.38
-5.74,10.87,0.56,-0.09,-0.31,-0.38
-5.74,10.87,0.56,-0.09,-0.31,-0.38
-5.74,10.87,0.56,-0.09,-0.31,-0.38
-5.74,10.87,0.56,-0.09,-0.31,-0.38
-5.74,10.87,0.56,-0.09,-0.31,-0.38
-5.74,11.86,1.83,-0.55,-1.58,-0.48
-5.74,11.86,1.83,-0.55,-1.58,-0.48
-5.74,11.86,1.83,-0.55,-1.58,-0.48
-5.74,11.86,1.83,-0.55,-1.58,-0.48
-5.74,11.86,1.83,-0.55,-1.58,-0.48
-6.04,11.69,2.71,-1.02,-2.56,-1.12
-6.04,11.69,2.71,-1.02,-2.56,-1.12
-6.04,11.69,2.71,-1.02,-2.56,-1.12
-6.04,11.69,2.71,-1.02,-2.56,-1.12
-6.04,11.69,2.71,-1.02,-2.56,-1.12
-5.99,9.64,3.76,-2.13,-2.98,-1.78
-5.99,9.64,3.76,-2.13,-2.98,-1.78
-5.99,9.64,3.76,-2.13,-2.98,-1.78
-5.99,9.64,3.76,-2.13,-2.98,-1.78
-5.99,9.64,3.76,-2.13,-2.98,-1.78
-5.99,9.64,3.76,-2.13,-2.98,-1.78
-3.71,6.34,7.01,-3.67,-3.07,-1.75
-3.71,6.34,7.01,-3.67,-3.07,-1.75
-3.71,6.34,7.01,-3.67,-3.07,-1.75
-3.71,6.34,7.01,-3.67,-3.07,-1.75
-3.71,6.34,7.01,-3.67,-3.07,-1.75
-2.51,3.74,7.66,-3.62,-2.50,-1.02
-2.51,3.74,7.66,-3.62,-2.50,-1.02
-2.51,3.74,7.66,-3.62,-2.50,-1.02
-2.51,3.74,7.66,-3.62,-2.50,-1.02
-2.51,3.74,7.66,-3.62,-2.50,-1.02
-1.65,1.05,7.85,-3.27,-2.28,-0.37
-1.65,1.05,7.85,-3.27,-2.28,-0.37
-1.65,1.05,7.85,-3.27,-2.28,-0.37
-1.65,1.05,7.85,-3.27,-2.28,-0.37
-1.65,1.05,7.85,-3.27,-2.28,-0.37
-1.65,1.05,7.85,-3.27,-2.28,-0.37
-0.72,-1.93,8.00,-2.78,-2.20,-0.18
-0.72,-1.93,8.00,-2.78,-2.20,-0.18
-0.72,-1.93,8.00,-2.78,-2.20,-0.18
-0.72,-1.93,8.00,-2.78,-2.20,-0.18
-0.72,-1.93,8.00,-2.78,-2.20,-0.18
2.26,-3.79,7.46,-2.26,-2.42,-0.02
2.26,-3.79,7.46,-2.26,-2.42,-0.02
2.26,-3.79,7.46,-2.26,-2.42,-0.02
2.26,-3.79,7.46,-2.26,-2.42,-0.02
2.26,-3.79,7.46,-2.26,-2.42,-0.02
3.70,-6.23,6.02,-2.16,-1.70,0.37
3.70,-6.23,6.02,-2.16,-1.70,0.37
3.70,-6.23,6.02,-2.16,-1.70,0.37
3.70,-6.23,6.02,-2.16,-1.70,0.37
3.70,-6.23,6.02,-2.16,-1.70,0.37
3.70,-6.23,6.02,-2.16,-1.70,0.37
2.78,-7.89,5.74,-1.73,-0.59,0.48
2.78,-7.89,5.74,-1.73,-0.59,0.48
2.78,-7.89,5.74,-1.73,-0.59,0.48
2.78,-7.89,5.74,-1.73,-0.59,0.48
2.78,-7.89,5.74,-1.73,-0.59,0.48
2.32,-8.30,5.30,-1.01,-0.32,0.52
2.32,-8.30,5.30,-1.01,-0.32,0.52
2.32,-8.30,5.30,-1.01,-0.32,0.52
2.32,-8.30,5.30,-1.01,-0.32,0.52
2.32,-8.30,5.30,-1.01,-0.32,0.52
2.32,-8.30,5.30,-1.01,-0.32,0.52
2.52,-8.38,4.67,-0.69,0.72,0.77
2.52,-8.38,4.67,-0.69,0.72,0.77
2.52,-8.38,4.67,-0.69,0.72,0.77
2.52,-8.38,4.67,-0.69,0.72,0.77
2.52,-8.38,4.67,-0.69,0.72,0.77
0.86,-8.17,3.86,-0.27,1.27,1.30
0.86,-8.17,3.86,-0.27,1.27,1.30
0.86,-8.17,3.86,-0.27,1.27,1.30
0.86,-8.17,3.86,-0.27,1.27,1.30
0.86,-8.17,3.86,-0.27,1.27,1.30
-1.77,-6.43,4.19,0.10,1.11,1.90
-1.77,-6.43,4.19,0.10,1.11,1.90
-1.77,-6.43,4.19,0.10,1.11,1.90
-1.77,-6.43,4.19,0.10,1.11,1.90
-1.77,-6.43,4.19,0.10,1.11,1.90
-1.77,-6.43,4.19,0.10,1.11,1.90
-3.14,-5.32,4.03,0.20,1.22,1.87
-3.14,-5.32,4.03,0.20,1.22,1.87
-3.14,-5.32,4.03,0.20,1.22,1.87
-3.14,-5.32,4.03,0.20,1.22,1.87
-3.14,-5.32,4.03,0.20,1.22,1.87
-4.79,-5.01,4.47,0.12,1.21,1.64
-4.79,-5.01,4.47,0.12,1.21,1.64
-4.79,-5.01,4.47,0.12,1.21,1.64
-4.79,-5.01,4.47,0.12,1.21,1.64
-4.79,-5.01,4.47,0.12,1.21,1.64
-4.79,-5.01,4.47,0.12,1.21,1.64
-5.65,-5.62,5.78,0.17,0.63,1.22
-5.65,-5.62,5.78,0.17,0.63,1.22
-5.65,-5.62,5.78,0.17,0.63,1.22
-5.65,-5.62,5.78,0.17,0.63,1.22
-5.65,-5.62,5.78,0.17,0.63,1.22
-5.42,-5.17,6.24,0.05,0.24,1.02
-5.42,-5.17,6.24,0.05,0.24,1.02
-5.42,-5.17,6.24,0.05,0.24,1.02
-5.42,-5.17,6.24,0.05,0.24,1.02
-5.42,-5.17,6.24,0.05,0.24,1.02
-8.70,-5.39,5.68,-0.15,0.22,1.15
-8.70,-5.39,5.68,-0.15,0.22,1.15
-8.70,-5.39,5.68,-0.15,0.22,1.15
-8.70,-5.39,5.68,-0.15,0.22,1.15
-8.70,-5.39,5.68,-0.15,0.22,1.15
-8.70,-5.39,5.68,-0.15,0.22,1.15
-6.80,-5.49,4.93,-0.09,0.24,0.07
-6.80,-5.49,4.93,-0.09,0.24,0.07
-6.80,-5.49,4.93,-0.09,0.24,0.07
-6.80,-5.49,4.93,-0.09,0.24,0.07
-6.80,-5.49,4.93,-0.09,0.24,0.07
-6.66,-5.66,4.86,-0.01,-0.08,-0.14
-6.66,-5.66,4.86,-0.01,-0.08,-0.14
-6.66,-5.66,4.86,-0.01,-0.08,-0.14
-6.66,-5.66,4.86,-0.01,-0.08,-0.14
-6.66,-5.66,4.86,-0.01,-0.08,-0.14
-6.66,-5.66,4.86,-0.01,-0.08,-0.14
-6.24,-5.61,4.61,0.02,0.01,-0.18
-6.24,-5.61,4.61,0.02,0.01,-0.18
-6.24,-5.61,4.61,0.02,0.01,-0.18
-6.24,-5.61,4.61,0.02,0.01,-0.18
-6.24,-5.61,4.61,0.02,0.01,-0.18
-6.00,-5.70,4.70,0.04,0.03,-0.16
-6.00,-5.70,4.70,0.04,0.03,-0.16
-6.00,-5.70,4.70,0.04,0.03,-0.16
-6.00,-5.70,4.70,0.04,0.03,-0.16
-6.00,-5.70,4.70,0.04,0.03,-0.16
-5.67,-5.73,5.13,0.07,-0.13,-0.21
-5.67,-5.73,5.13,0.07,-0.13,-0.21
-5.67,-5.73,5.13,0.07,-0.13,-0.21
-5.67,-5.73,5.13,0.07,-0.13,-0.21
-5.67,-5.73,5.13,0.07,-0.13,-0.21
-5.67,-5.73,5.13,0.07,-0.13,-0.21
-5.59,-5.81,5.14,0.08,-0.14,-0.14
-5.59,-5.81,5.14,0.08,-0.14,-0.14
-5.59,-5.81,5.14,0.08,-0.14,-0.14
-5.59,-5.81,5.14,0.08,-0.14,-0.14
-5.59,-5.81,5.14,0.08,-0.14,-0.14
-5.60,-5.84,5.07,0.06,-0.15,-0.01
-5.60,-5.84,5.07,0.06,-0.15,-0.01
-5.60,-5.84,5.07,0.06,-0.15,-0.01
-5.60,-5.84,5.07,0.06,-0.15,-0.01
-5.60,-5.84,5.07,0.06,-0.15,-0.01
-5.61,-5.80,5.21,0.06,-0.15,-0.01
-5.61,-5.80,5.21,0.04,-0.18,0.02
-5.61,-5.80,5.21,0.04,-0.18,0.02
-5.61,-5.80,5.21,0.04,-0.18,0.02
-5.61,-5.80,5.21,0.04,-0.18,0.02
-5.61,-5.80,5.21,0.04,-0.18,0.02
-6.15,-5.99,4.63,0.15,-0.17,-0.10
-6.15,-5.99,4.63,0.15,-0.17,-0.10
-6.15,-5.99,4.63,0.15,-0.17,-0.10
-6.15,-5.99,4.63,0.15,-0.17,-0.10
-6.15,-5.99,4.63,0.15,-0.17,-0.10
-4.77,-4.62,3.87,0.70,-0.71,-0.78
-4.77,-4.62,3.87,0.70,-0.71,-0.78
-4.77,-4.62,3.87,0.70,-0.71,-0.78
-4.77,-4.62,3.87,0.70,-0.71,-0.78
-4.77,-4.62,3.87,0.70,-0.71,-0.78
-4.77,-4.62,3.87,0.70,-0.71,-0.78
-4.44,-3.00,4.28,1.17,-0.59,-1.68
-4.44,-3.00,4.28,1.17,-0.59,-1.68
-4.44,-3.00,4.28,1.17,-0.59,-1.68
-4.44,-3.00,4.28,1.17,-0.59,-1.68
-4.44,-3.00,4.28,1.17,-0.59,-1.68
-4.35,-2.19,5.68,1.57,-0.06,-2.24
-4.35,-2.19,5.68,1.57,-0.06,-2.24
-4.35,-2.19,5.68,1.57,-0.06,-2.24
-4.35,-2.19,5.68,1.57,-0.06,-2.24
-4.35,-2.19,5.68,1.57,-0.06,-2.24
-3.18,-2.59,6.34,1.97,0.26,-2.14
-3.18,-2.59,6.34,1.97,0.26,-2.14
-3.18,-2.59,6.34,1.97,0.26,-2.14
-3.18,-2.59,6.34,1.97,0.26,-2.14
-3.18,-2.59,6.34,1.97,0.26,-2.14
-3.18,-2.59,6.34,1.97,0.26,-2.14
-2.54,-3.03,7.42,2.04,0.62,-1.75
-2.54,-3.03,7.42,2.04,0.62,-1.75
-2.54,-3.03,7.42,2.04,0.62,-1.75
-2.54,-3.03,7.42,2.04,0.62,-1.75
-2.54,-3.03,7.42,2.04,0.62,-1.75
-1.48,-3.12,6.78,2.05,0.99,-1.04
-1.48,-3.12,6.78,2.05,0.99,-1.04
-1.48,-3.12,6.78,2.05,0.99,-1.04
-1.48,-3.12,6.78,2.05,0.99,-1.04
-1.48,-3.12,6.78,2.05,0.99,-1.04
-2.85,-0.88,8.38,2.31,1.20,-0.10
-2.85,-0.88,8.38,2.31,1.20,-0.10
-2.85,-0.88,8.38,2.31,1.20,-0.10
-2.85,-0.88,8.38,2.31,1.20,-0.10
-2.85,-0.88,8.38,2.31,1.20,-0.10
-2.85,-0.88,8.38,2.31,1.20,-0.10
-6.26,3.19,9.88,2.69,2.23,0.48
-6.26,3.19,9.88,2.69,2.23,0.48
-6.26,3.19,9.88,2.69,2.23,0.48
-6.26,3.19,9.88,2.69,2.23,0.48
-6.26,3.19,9.88,2.69,2.23,0.48
-4.39,5.71,10.07,2.90,1.00,1.29
-4.39,5.71,10.07,2.90,1.00,1.29
-4.39,5.71,10.07,2.90,1.00,1.29
-4.39,5.71,10.07,2.90,1.00,1.29
-4.39,5.71,10.07,2.90,1.00,1.29
-4.39,5.71,10.07,2.90,1.00,1.29
-4.24,7.19,7.86,2.90,0.97,1.61
-4.24,7.19,7.86,2.90,0.97,1.61
-4.24,7.19,7.86,2.90,0.97,1.61
-4.24,7.19,7.86,2.90,0.97,1.61
-4.24,7.19,7.86,2.90,0.97,1.61
-3.44,8.18,6.00,2.35,0.46,1.93
-3.44,8.18,6.00,2.35,0.46,1.93
-3.44,8.18,6.00,2.35,0.46,1.93
-3.44,8.18,6.00,2.35,0.46,1.93
-3.44,8.18,6.00,2.35,0.46,1.93
-2.52,9.64,2.74,1.76,1.35,2.19
-2.52,9.64,2.74,1.76,1.35,2.19
-2.52,9.64,2.74,1.76,1.35,2.19
-2.52,9.64,2.74,1.76,1.35,2.19
-2.52,9.64,2.74,1.76,1.35,2.19
-2.52,9.64,2.74,1.76,1.35,2.19
-5.49,14.57,0.78,1.19,3.57,2.49
-5.49,14.57,0.78,1.19,3.57,2.49
-5.49,14.57,0.78,1.19,3.57,2.49
-5.49,14.57,0.78,1.19,3.57,2.49
-5.49,14.57,0.78,1.19,3.57,2.49
-7.52,12.81,1.78,0.88,3.45,2.11
-7.52,12.81,1.78,0.88,3.45,2.11
-7.52,12.81,1.78,0.88,3.45,2.11
-7.52,12.81,1.78,0.88,3.45,2.11
-7.52,12.81,1.78,0.88,3.45,2.11
-7.52,12.81,1.78,0.88,3.45,2.11
-2.51,11.28,-0.35,1.05,0.74,-0.68
-2.51,11.28,-0.35,1.05,0.74,-0.68
-2.51,11.28,-0.35,1.05,0.74,-0.68
-2.51,11.28,-0.35,1.05,0.74,-0.68
-2.51,11.28,-0.35,1.05,0.74,-0.68
2.00,10.00,1.77,0.42,0.28,-1.09
2.00,10.00,1.77,0.42,0.28,-1.09
2.00,10.00,1.77,0.42,0.28,-1.09
2.00,10.00,1.77,0.42,0.28,-1.09
2.00,10.00,1.77,0.42,0.28,-1.09
2.00,10.00,1.77,0.42,0.28,-1.09
-2.50,9.45,-1.25,-0.03,0.37,0.13
-2.50,9.45,-1.25,-0.03,0.37,0.13
-2.50,9.45,-1.25,-0.03,0.37,0.13
-2.50,9.45,-1.25,-0.03,0.37,0.13
-2.50,9.45,-1.25,-0.03,0.37,0.13
-1.91,9.55,-0.65,0.07,-0.38,0.14
-1.91,9.55,-0.65,0.07,-0.38,0.14
-1.91,9.55,-0.65,0.07,-0.38,0.14
-1.91,9.55,-0.65,0.07,-0.38,0.14
-1.91,9.55,-0.65,0.07,-0.38,0.14
-2.82,9.26,-0.73,-0.06,-0.05,0.04
-2.82,9.26,-0.73,-0.06,-0.05,0.04
-2.82,9.26,-0.73,-0.06,-0.05,0.04
-2.82,9.26,-0.73,-0.06,-0.05,0.04
-2.82,9.26,-0.73,-0.06,-0.05,0.04
-2.82,9.26,-0.73,-0.06,-0.05,0.04
-1.62,9.71,-0.45,-0.04,-0.04,-0.02
-1.62,9.71,-0.45,-0.04,-0.04,-0.02
-1.62,9.71,-0.45,-0.04,-0.04,-0.02
-1.62,9.71,-0.45,-0.04,-0.04,-0.02
-1.62,9.71,-0.45,-0.04,-0.04,-0.02
-1.77,9.80,-0.70,-0.05,0.02,-0.02
-1.77,9.80,-0.70,-0.05,0.02,-0.02
-1.77,9.80,-0.70,-0.05,0.02,-0.02
-1.77,9.80,-0.70,-0.05,0.02,-0.02
-1.77,9.80,-0.70,-0.05,0.02,-0.02
-1.77,9.80,-0.70,-0.05,0.02,-0.02
-1.77,9.78,-0.77,-0.01,0.05,-0.02
-1.77,9.78,-0.77,-0.01,0.05,-0.02
-1.77,9.78,-0.77,-0.01,0.05,-0.02
-1.77,9.78,-0.77,-0.01,0.05,-0.02
-1.77,9.78,-0.77,-0.01,0.05,-0.02
-1.79,9.71,-0.61,0.01,0.08,0.06
-1.79,9.71,-0.61,0.01,0.08,0.06
-1.79,9.71,-0.61,0.01,0.08,0.06
-1.79,9.71,-0.61,0.01,0.08,0.06
-1.79,9.71,-0.61,0.01,0.08,0.06
-1.88,9.74,-0.56,0.06,0.03,0.17
-1.88,9.74,-0.56,0.06,0.03,0.17
-1.88,9.74,-0.56,0.06,0.03,0.17
-1.88,9.74,-0.56,0.06,0.03,0.17
-1.88,9.74,-0.56,0.06,0.03,0.17
-1.88,9.74,-0.56,0.06,0.03,0.17
-1.67,9.59,-0.62,0.08,-0.05,0.20
-1.67,9.59,-0.62,0.08,-0.05,0.20
-1.67,9.59,-0.62,0.08,-0.05,0.20
-1.67,9.59,-0.62,0.08,-0.05,0.20
-1.67,9.59,-0.62,0.08,-0.05,0.20
-1.46,9.53,-0.86,0.08,-0.04,0.19
-1.46,9.53,-0.86,0.08,-0.04,0.19
-1.46,9.53,-0.86,0.08,-0.04,0.19
-1.46,9.53,-0.86,0.08,-0.04,0.19
-1.46,9.53,-0.86,0.08,-0.04,0.19
-1.38,9.44,-0.80,0.08,-0.07,0.27
-1.38,9.44,-0.80,0.08,-0.07,0.27
-1.38,9.44,-0.80,0.08,-0.07,0.27
-1.38,9.44,-0.80,0.08,-0.07,0.27
-1.38,9.44,-0.80,0.08,-0.07,0.27
-1.38,9.44,-0.80,0.08,-0.07,0.27
-1.26,9.37,-0.51,0.11,-0.07,0.28
-1.26,9.37,-0.51,0.11,-0.07,0.28
-1.26,9.37,-0.51,0.11,-0.07,0.28
-1.26,9.37,-0.51,0.11,-0.07,0.28
-1.26,9.37,-0.51,0.11,-0.07,0.28
-1.17,9.56,-0.71,0.13,-0.10,0.22
-1.17,9.56,-0.71,0.13,-0.10,0.22
-1.17,9.56,-0.71,0.13,-0.10,0.22
-1.17,9.56,-0.71,0.13,-0.10,0.22
-1.17,9.56,-0.71,0.13,-0.10,0.22
-1.17,9.56,-0.71,0.13,-0.10,0.22
-0.89,9.65,-0.94,0.11,-0.18,0.16
-0.89,9.65,-0.94,0.11,-0.18,0.16
-0.89,9.65,-0.94,0.11,-0.18,0.16
-0.89,9.65,-0.94,0.11,-0.18,0.16
-0.89,9.65,-0.94,0.11,-0.18,0.16
-0.58,9.73,-1.09,0.09,-0.16,0.13
-0.58,9.73,-1.09,0.09,-0.16,0.13
-0.58,9.73,-1.09,0.09,-0.16,0.13
-0.58,9.73,-1.09,0.09,-0.16,0.13
-0.58,9.73,-1.09,0.09,-0.16,0.13
-0.58,9.73,-1.09,0.09,-0.16,0.13
-0.66,9.74,-1.08,0.08,-0.13,0.11
-0.66,9.74,-1.08,0.08,-0.13,0.11
-0.66,9.74,-1.08,0.08,-0.13,0.11
-0.66,9.74,-1.08,0.08,-0.13,0.11
-0.66,9.74,-1.08,0.08,-0.13,0.11
-0.58,9.74,-1.22,0.04,-0.09,0.06
-0.58,9.74,-1.22,0.04,-0.09,0.06
-0.58,9.74,-1.22,0.04,-0.09,0.06
-0.58,9.74,-1.22,0.04,-0.09,0.06
-0.58,9.74,-1.22,0.04,-0.09,0.06
-0.58,9.74,-1.22,0.04,-0.09,0.06
-0.38,9.73,-1.15,0.04,-0.06,0.01
-0.38,9.73,-1.15,0.04,-0.06,0.01
-0.38,9.73,-1.15,0.04,-0.06,0.01
-0.38,9.73,-1.15,0.04,-0.06,0.01
-0.38,9.73,-1.15,0.04,-0.06,0.01
-0.42,9.69,-1.17,0.05,-0.05,0.01
-0.42,9.69,-1.17,0.05,-0.05,0.01
-0.42,9.69,-1.17,0.05,-0.05,0.01
-0.42,9.69,-1.17,0.05,-0.05,0.01
-0.42,9.69,-1.17,0.05,-0.05,0.01
-0.42,9.69,-1.17,0.05,-0.05,0.01
-0.53,9.71,-1.25,0.04,-0.03,0.02
-0.53,9.71,-1.25,0.04,-0.03,0.02
-0.53,9.71,-1.25,0.04,-0.03,0.02
-0.53,9.71,-1.25,0.04,-0.03,0.02
-0.53,9.71,-1.25,0.04,-0.03,0.02
-0.28,9.80,-1.22,0.03,-0.01,0.00
-0.28,9.80,-1.22,0.03,-0.01,0.00
-0.28,9.80,-1.22,0.03,-0.01,0.00
-0.28,9.80,-1.22,0.03,-0.01,0.00
-0.28,9.80,-1.22,0.03,-0.01,0.00
-0.42,9.70,-1.25,0.03,-0.00,0.00
-0.42,9.70,-1.25,0.03,-0.00,0.00
-0.42,9.70,-1.25,0.03,-0.00,0.00
-0.42,9.70,-1.25,0.03,-0.00,0.00
-0.42,9.70,-1.25,0.03,-0.00,0.00
-0.42,9.70,-1.25,0.03,-0.00,0.00
-0.50,9.66,-1.22,0.03,0.01,0.01
-0.50,9.66,-1.22,0.03,0.01,0.01
-0.50,9.66,-1.22,0.03,0.01,0.01
-0.50,9.66,-1.22,0.03,0.01,0.01
-0.50,9.66,-1.22,0.03,0.01,0.01
-0.36,9.73,-1.29,0.02,-0.02,-0.00
-0.36,9.73,-1.29,0.02,-0.02,-0.00
-0.36,9.73,-1.29,0.02,-0.02,-0.00
-0.36,9.73,-1.29,0.02,-0.02,-0.00
-0.36,9.73,-1.29,0.02,-0.02,-0.00
-0.36,9.73,-1.29,0.02,-0.02,-0.00
-0.45,9.68,-1.31,0.02,-0.01,-0.01
-0.45,9.68,-1.31,0.02,-0.01,-0.01
-0.45,9.68,-1.31,0.02,-0.01,-0.01