-0.31,9.67,-1.44,-0.00,0.01,-0.03
-0.31,9.67,-1.44,-0.00,0.01,-0.03
-0.60,9.64,-1.33,0.01,0.01,-0.03
-0.60,9.64,-1.33,0.01,0.01,-0.03
-0.60,9.64,-1.33,0.01,0.01,-0.03
-0.60,9.64,-1.33,0.01,0.01,-0.03
-0.60,9.64,-1.33,0.01,0.01,-0.03
-0.60,9.64,-1.33,0.01,0.01,-0.03
-0.75,9.74,-1.25,0.02,0.01,-0.09
-0.75,9.74,-1.25,0.02,0.01,-0.09
-0.75,9.74,-1.25,0.02,0.01,-0.09
-0.75,9.74,-1.25,0.02,0.01,-0.09
-0.75,9.74,-1.25,0.02,0.01,-0.09
-0.52,9.61,-1.41,-0.02,0.08,-0.19
-0.52,9.61,-1.41,-0.02,0.08,-0.19
-0.52,9.61,-1.41,-0.02,0.08,-0.19
-0.52,9.61,-1.41,-0.02,0.08,-0.19
-0.52,9.61,-1.41,-0.02,0.08,-0.19
-0.52,9.61,-1.41,-0.02,0.08,-0.19
-0.75,9.57,-1.23,-0.06,0.25,-0.23
-0.75,9.57,-1.23,-0.06,0.25,-0.23
-0.75,9.57,-1.23,-0.06,0.25,-0.23
-0.75,9.57,-1.23,-0.06,0.25,-0.23
-0.75,9.57,-1.23,-0.06,0.25,-0.23
-0.92,9.44,-1.35,-0.05,0.34,-0.34
-0.92,9.44,-1.35,-0.05,0.34,-0.34
-0.92,9.44,-1.35,-0.05,0.34,-0.34
-0.92,9.44,-1.35,-0.05,0.34,-0.34
-0.92,9.44,-1.35,-0.05,0.34,-0.34
-0.73,9.48,-1.39,-0.04,0.38,-0.46
-0.73,9.48,-1.39,-0.04,0.38,-0.46
-0.73,9.48,-1.39,-0.04,0.38,-0.46
-0.73,9.48,-1.39,-0.04,0.38,-0.46
-0.73,9.48,-1.39,-0.04,0.38,-0.46
-0.73,9.48,-1.39,-0.04,0.38,-0.46
-1.08,9.60,-1.36,-0.00,0.47,-0.58
-1.08,9.60,-1.36,-0.00,0.47,-0.58
-1.08,9.60,-1.36,-0.00,0.47,-0.58
-1.08,9.60,-1.36,-0.00,0.47,-0.58
-1.08,9.60,-1.36,-0.00,0.47,-0.58
-1.66,9.44,-1.63,0.02,0.54,-0.59
-1.66,9.44,-1.63,0.02,0.54,-0.59
-1.66,9.44,-1.63,0.02,0.54,-0.59
-1.66,9.44,-1.63,0.02,0.54,-0.59
-1.66,9.44,-1.63,0.02,0.54,-0.59
-2.28,9.34,-1.77,0.02,0.40,-0.51
-2.28,9.34,-1.77,0.02,0.40,-0.51
-2.28,9.34,-1.77,0.02,0.40,-0.51
-2.28,9.34,-1.77,0.02,0.40,-0.51
-2.28,9.34,-1.77,0.02,0.40,-0.51
-2.28,9.34,-1.77,0.02,0.40,-0.51
-2.89,9.41,-1.70,0.03,0.16,-0.41
-2.89,9.41,-1.70,0.03,0.16,-0.41
-2.89,9.41,-1.70,0.03,0.16,-0.41
-2.89,9.41,-1.70,0.03,0.16,-0.41
-2.89,9.41,-1.70,0.03,0.16,-0.41
-2.85,9.28,-1.70,-0.01,-0.06,-0.33
-2.85,9.28,-1.70,-0.01,-0.06,-0.33
-2.85,9.28,-1.70,-0.01,-0.06,-0.33
-2.85,9.28,-1.70,-0.01,-0.06,-0.33
-2.85,9.28,-1.70,-0.01,-0.06,-0.33
-2.79,9.27,-1.85,-0.05,-0.12,-0.26
-2.79,9.27,-1.85,-0.05,-0.12,-0.26
-2.79,9.27,-1.85,-0.05,-0.12,-0.26
-2.79,9.27,-1.85,-0.05,-0.12,-0.26
-2.79,9.27,-1.85,-0.05,-0.12,-0.26
-2.79,9.27,-1.85,-0.05,-0.12,-0.26
-2.78,9.41,-1.55,-0.10,-0.12,-0.15
-2.78,9.41,-1.55,-0.10,-0.12,-0.15
-2.78,9.41,-1.55,-0.10,-0.12,-0.15
-2.78,9.41,-1.55,-0.10,-0.12,-0.15
-2.78,9.41,-1.55,-0.10,-0.12,-0.15
-3.11,9.40,-1.35,-0.07,-0.03,-0.16
-3.11,9.40,-1.35,-0.07,-0.03,-0.16
-3.11,9.40,-1.35,-0.07,-0.03,-0.16
-3.11,9.40,-1.35,-0.07,-0.03,-0.16
-3.11,9.40,-1.35,-0.07,-0.03,-0.16
-3.11,9.40,-1.35,-0.07,-0.03,-0.16
-3.08,9.24,-1.41,-0.01,-0.05,-0.12
-3.08,9.24,-1.41,-0.01,-0.05,-0.12
-3.08,9.24,-1.41,-0.01,-0.05,-0.12
-3.08,9.24,-1.41,-0.01,-0.05,-0.12
-3.08,9.24,-1.41,-0.01,-0.05,-0.12
-3.18,9.18,-1.46,0.01,-0.09,-0.06
-3.18,9.18,-1.46,0.01,-0.09,-0.06
-3.18,9.18,-1.46,0.01,-0.09,-0.06
-3.18,9.18,-1.46,0.01,-0.09,-0.06
-3.18,9.18,-1.46,0.01,-0.09,-0.06
-3.17,9.21,-1.37,0.02,-0.08,-0.06
-3.17,9.21,-1.37,0.02,-0.08,-0.06
-3.17,9.21,-1.37,0.02,-0.08,-0.06
-3.17,9.21,-1.37,0.02,-0.08,-0.06
-3.17,9.21,-1.37,0.02,-0.08,-0.06
-3.17,9.21,-1.37,0.02,-0.08,-0.06
-3.26,9.15,-1.43,0.02,-0.06,-0.07
-3.26,9.15,-1.43,0.02,-0.06,-0.07
-3.26,9.15,-1.43,0.02,-0.06,-0.07
-3.26,9.15,-1.43,0.02,-0.06,-0.07
-3.26,9.15,-1.43,0.02,-0.06,-0.07
-3.43,9.07,-1.36,0.03,-0.04,-0.07
-3.43,9.07,-1.36,0.03,-0.04,-0.07
-3.43,9.07,-1.36,0.03,-0.04,-0.07
-3.43,9.07,-1.36,0.03,-0.04,-0.07
-3.43,9.07,-1.36,0.03,-0.04,-0.07
-3.43,9.07,-1.36,0.03,-0.04,-0.07
-3.45,9.06,-1.39,0.03,-0.04,-0.03
-3.45,9.06,-1.39,0.03,-0.04,-0.03
-3.45,9.06,-1.39,0.03,-0.04,-0.03
-3.45,9.06,-1.39,0.03,-0.04,-0.03
-3.45,9.06,-1.39,0.03,-0.04,-0.03
-3.41,9.04,-1.40,0.02,-0.05,0.00
-3.41,9.04,-1.40,0.02,-0.05,0.00
-3.41,9.04,-1.40,0.02,-0.05,0.00
-3.41,9.04,-1.40,0.02,-0.05,0.00
-3.41,9.04,-1.40,0.02,-0.05,0.00
-3.43,9.10,-1.40,0.02,-0.04,0.00
-3.43,9.10,-1.40,0.02,-0.04,0.00
-3.43,9.10,-1.40,0.02,-0.04,0.00
-3.43,9.10,-1.40,0.02,-0.04,0.00
-3.43,9.10,-1.40,0.02,-0.04,0.00
-3.43,9.10,-1.40,0.02,-0.04,0.00
-3.35,9.07,-1.36,0.01,-0.03,0.00
-3.35,9.07,-1.36,0.01,-0.03,0.00
-3.35,9.07,-1.36,0.01,-0.03,0.00
-3.35,9.07,-1.36,0.01,-0.03,0.00
-3.35,9.07,-1.36,0.01,-0.03,0.00
-3.37,9.09,-1.33,0.01,-0.03,0.00
-3.37,9.09,-1.33,0.01,-0.03,0.00
-3.37,9.09,-1.33,0.01,-0.03,0.00
-3.37,9.09,-1.33,0.01,-0.03,0.00
-3.37,9.09,-1.33,0.01,-0.03,0.00
-3.54,9.19,-1.23,0.01,-0.03,-0.02
-3.54,9.19,-1.23,0.01,-0.03,-0.02
-3.54,9.19,-1.23,0.01,-0.03,-0.02
-3.54,9.19,-1.23,0.01,-0.03,-0.02
-3.54,9.19,-1.23,0.01,-0.03,-0.02
-3.54,9.19,-1.23,0.01,-0.03,-0.02
-4.04,9.50,-0.88,0.03,-0.10,-0.11
-4.04,9.50,-0.88,0.03,-0.10,-0.11
-4.04,9.50,-0.88,0.03,-0.10,-0.11
-4.04,9.50,-0.88,0.03,-0.10,-0.11
-4.04,9.50,-0.88,0.03,-0.10,-0.11
-6.10,10.40,-0.59,0.24,-0.69,-0.56
-6.10,10.40,-0.59,0.24,-0.69,-0.56
-6.10,10.40,-0.59,0.24,-0.69,-0.56
-6.10,10.40,-0.59,0.24,-0.69,-0.56
-6.10,10.40,-0.59,0.24,-0.69,-0.56
-7.55,10.68,0.40,0.35,-1.80,-1.32
-7.55,10.68,0.40,0.35,-1.80,-1.32
-7.55,10.68,0.40,0.35,-1.80,-1.32
-7.55,10.68,0.40,0.35,-1.80,-1.32
-7.55,10.68,0.40,0.35,-1.80,-1.32
-7.55,10.68,0.40,0.35,-1.80,-1.32
-9.12,9.31,0.60,-0.18,-1.73,-2.05
-9.12,9.31,0.60,-0.18,-1.73,-2.05
-9.12,9.31,0.60,-0.18,-1.73,-2.05
-9.12,9.31,0.60,-0.18,-1.73,-2.05
-9.12,9.31,0.60,-0.18,-1.73,-2.05
-8.31,6.99,1.40,-1.00,-1.23,-2.65
-8.31,6.99,1.40,-1.00,-1.23,-2.65
-8.31,6.99,1.40,-1.00,-1.23,-2.65
-8.31,6.99,1.40,-1.00,-1.23,-2.65
-8.31,6.99,1.40,-1.00,-1.23,-2.65
-8.31,6.99,1.44,-1.00,-1.23,-2.65
-8.98,5.09,1.44,-1.52,-1.09,-2.63
-8.98,5.09,1.44,-1.52,-1.09,-2.63
-8.98,5.09,1.44,-1.52,-1.09,-2.63
-8.98,5.09,1.44,-1.52,-1.09,-2.63
-8.98,5.09,1.44,-1.52,-1.09,-2.63
-10.48,3.12,2.15,-1.49,-1.68,-2.46
-10.48,3.12,2.15,-1.49,-1.68,-2.46
-10.48,3.12,2.15,-1.49,-1.68,-2.46
-10.48,3.12,2.15,-1.49,-1.68,-2.46
-10.48,3.12,2.15,-1.49,-1.68,-2.46
-9.10,0.27,3.01,-1.42,-1.69,-2.79
-9.10,0.27,3.01,-1.42,-1.69,-2.79
-9.10,0.27,3.01,-1.42,-1.69,-2.79
-9.10,0.27,3.01,-1.42,-1.69,-2.79
-9.10,0.27,3.01,-1.42,-1.69,-2.79
-9.10,0.27,3.01,-1.42,-1.69,-2.79
-6.72,-1.48,4.04,-1.11,-1.34,-3.02
-6.72,-1.48,4.04,-1.11,-1.34,-3.02
-6.72,-1.48,4.04,-1.11,-1.34,-3.02
-6.72,-1.48,4.04,-1.11,-1.34,-3.02
-6.72,-1.48,4.04,-1.11,-1.34,-3.02
-5.62,-3.22,5.92,-0.86,-1.22,-2.91
-5.62,-3.22,5.92,-0.86,-1.22,-2.91
-5.62,-3.22,5.92,-0.86,-1.22,-2.91
-5.62,-3.22,5.92,-0.86,-1.22,-2.91
-5.62,-3.22,5.92,-0.86,-1.22,-2.91
-4.57,-5.01,7.11,-0.80,-1.54,-2.49
-4.57,-5.01,7.11,-0.80,-1.54,-2.49
-4.57,-5.01,7.11,-0.80,-1.54,-2.49
-4.57,-5.01,7.11,-0.80,-1.54,-2.49
-4.57,-5.01,7.11,-0.80,-1.54,-2.49
-4.57,-5.01,7.11,-0.80,-1.54,-2.49
-2.58,-5.53,4.52,-0.80,-1.34,-2.15
-2.58,-5.53,4.52,-0.80,-1.34,-2.15
-2.58,-5.53,4.52,-0.80,-1.34,-2.15
-2.58,-5.53,4.52,-0.80,-1.34,-2.15
-2.58,-5.53,4.52,-0.80,-1.34,-2.15
-0.57,-4.97,2.65,-0.24,-0.72,-1.75
-0.57,-4.97,2.65,-0.24,-0.72,-1.75
-0.57,-4.97,2.65,-0.24,-0.72,-1.75
-0.57,-4.97,2.65,-0.24,-0.72,-1.75
-0.57,-4.97,2.65,-0.24,-0.72,-1.75
0.83,-5.48,6.50,0.55,-0.37,-1.12
0.83,-5.48,6.50,0.55,-0.37,-1.12
0.83,-5.48,6.50,0.55,-0.37,-1.12
0.83,-5.48,6.50,0.55,-0.37,-1.12
0.83,-5.48,6.50,0.55,-0.37,-1.12
0.83,-5.48,6.50,0.55,-0.37,-1.12
1.20,-7.05,9.64,0.36,-0.54,-0.54
1.20,-7.05,9.64,0.36,-0.54,-0.54
1.20,-7.05,9.64,0.36,-0.54,-0.54
1.20,-7.05,9.64,0.36,-0.54,-0.54
1.20,-7.05,9.64,0.36,-0.54,-0.54
0.71,-8.38,8.58,-0.40,-0.30,-0.35
0.71,-8.38,8.58,-0.40,-0.30,-0.35
0.71,-8.38,8.58,-0.40,-0.30,-0.35
0.71,-8.38,8.58,-0.40,-0.30,-0.35
0.71,-8.38,8.58,-0.40,-0.30,-0.35
0.71,-8.38,6.28,-0.40,-0.30,-0.35
0.39,-7.95,6.28,-0.40,-0.23,-0.59
0.39,-7.95,6.28,-0.40,-0.23,-0.59
0.39,-7.95,6.28,-0.40,-0.23,-0.59
0.39,-7.95,6.28,-0.40,-0.23,-0.59
0.39,-7.95,6.28,-0.40,-0.23,-0.59
1.49,-6.66,5.53,0.07,-0.73,-0.71
1.49,-6.66,5.53,0.07,-0.73,-0.71
1.49,-6.66,5.53,0.07,-0.73,-0.71
1.49,-6.66,5.53,0.07,-0.73,-0.71
1.49,-6.66,5.53,0.07,-0.73,-0.71
2.56,-5.90,5.58,0.10,-0.89,-0.48
2.56,-5.90,5.58,0.10,-0.89,-0.48
2.56,-5.90,5.58,0.10,-0.89,-0.48
2.56,-5.90,5.58,0.10,-0.89,-0.48
2.56,-5.90,5.58,0.10,-0.89,-0.48
2.56,-5.90,5.58,0.10,-0.89,-0.48
2.63,-6.20,5.69,-0.05,-0.35,-0.20
2.63,-6.20,5.69,-0.05,-0.35,-0.20
2.63,-6.20,5.69,-0.05,-0.35,-0.20
2.63,-6.20,5.69,-0.05,-0.35,-0.20
2.63,-6.20,5.69,-0.05,-0.35,-0.20
3.16,-6.85,5.89,-0.07,-0.36,-0.06
3.16,-6.85,5.89,-0.07,-0.36,-0.06
3.16,-6.85,5.89,-0.07,-0.36,-0.06
3.16,-6.85,5.89,-0.07,-0.36,-0.06
3.16,-6.85,5.89,-0.07,-0.36,-0.06
3.17,-7.21,5.89,-0.05,-0.28,0.00
3.17,-7.21,5.89,-0.05,-0.28,0.00
3.17,-7.21,5.89,-0.05,-0.28,0.00
3.17,-7.21,5.89,-0.05,-0.28,0.00
3.17,-7.21,5.89,-0.05,-0.28,0.00
3.17,-7.21,5.89,-0.05,-0.28,0.00
3.65,-7.13,6.89,0.05,-0.48,0.03
3.65,-7.13,6.89,0.05,-0.48,0.03
3.65,-7.13,6.89,0.05,-0.48,0.03
3.65,-7.13,6.89,0.05,-0.48,0.03
3.65,-7.13,6.89,0.05,-0.48,0.03
6.14,-8.18,7.21,0.09,-1.35,0.31
6.14,-8.18,7.21,0.09,-1.35,0.31
6.14,-8.18,7.21,0.09,-1.35,0.31
6.14,-8.18,7.21,0.09,-1.35,0.31
6.14,-8.18,7.21,0.09,-1.35,0.31
6.59,-9.47,6.55,0.16,-1.79,0.84
6.59,-9.47,6.55,0.16,-1.79,0.84
6.59,-9.47,6.55,0.16,-1.79,0.84
6.59,-9.47,6.55,0.16,-1.79,0.84
6.59,-9.47,6.55,0.16,-1.79,0.84
6.59,-9.47,6.55,0.16,-1.79,0.84
3.95,-8.32,5.56,0.38,-1.48,1.30
3.95,-8.32,5.56,0.38,-1.48,1.30
3.95,-8.32,5.56,0.38,-1.48,1.30
3.95,-8.32,5.56,0.38,-1.48,1.30
3.95,-8.32,5.56,0.38,-1.48,1.30
2.27,-7.25,4.55,0.20,-1.01,1.39
2.27,-7.25,4.55,0.20,-1.01,1.39
2.27,-7.25,4.55,0.20,-1.01,1.39
2.27,-7.25,4.55,0.20,-1.01,1.39
2.27,-7.25,4.55,0.20,-1.01,1.39
2.27,-7.25,4.55,0.20,-1.01,1.39
0.91,-6.76,3.55,-0.16,-0.22,1.43
0.91,-6.76,3.55,-0.16,-0.22,1.43
0.91,-6.76,3.55,-0.16,-0.22,1.43
0.91,-6.76,3.55,-0.16,-0.22,1.43
0.91,-6.76,3.55,-0.16,-0.22,1.43
0.37,-7.12,2.66,-0.47,0.40,1.13
0.37,-7.12,2.66,-0.47,0.40,1.13
0.37,-7.12,2.66,-0.47,0.40,1.13
0.37,-7.12,2.66,-0.47,0.40,1.13
0.37,-7.12,2.66,-0.47,0.40,1.13
0.40,-7.72,2.31,-0.56,0.76,0.44
0.40,-7.72,2.31,-0.56,0.76,0.44
0.40,-7.72,2.31,-0.56,0.76,0.44
0.40,-7.72,2.31,-0.56,0.76,0.44
0.40,-7.72,2.31,-0.56,0.76,0.44
0.40,-7.72,2.55,-0.56,0.76,0.44
0.50,-8.41,2.55,-0.14,0.51,0.17
0.50,-8.41,2.55,-0.14,0.51,0.17
0.50,-8.41,2.55,-0.14,0.51,0.17
0.50,-8.41,2.55,-0.14,0.51,0.17
0.50,-8.41,2.55,-0.14,0.51,0.17
0.46,-8.72,3.64,0.32,0.12,0.06
0.46,-8.72,3.64,0.32,0.12,0.06
0.46,-8.72,3.64,0.32,0.12,0.06
0.46,-8.72,3.64,0.32,0.12,0.06
0.46,-8.72,3.64,0.32,0.12,0.06
0.54,-8.71,4.51,0.47,0.02,-0.12
0.54,-8.71,4.51,0.47,0.02,-0.12
0.54,-8.71,4.51,0.47,0.02,-0.12
0.54,-8.71,4.51,0.47,0.02,-0.12
0.54,-8.71,4.51,0.47,0.02,-0.12
0.54,-8.71,4.51,0.47,0.02,-0.12
0.23,-7.97,4.55,0.46,0.10,-0.30
0.23,-7.97,4.55,0.46,0.10,-0.30
0.23,-7.97,4.55,0.46,0.10,-0.30
0.23,-7.97,4.55,0.46,0.10,-0.30
0.23,-7.97,4.55,0.46,0.10,-0.30
0.28,-7.02,4.57,0.56,0.21,-0.48
0.28,-7.02,4.57,0.56,0.21,-0.48
0.28,-7.02,4.57,0.56,0.21,-0.48
0.28,-7.02,4.57,0.56,0.21,-0.48
0.28,-7.02,4.57,0.56,0.21,-0.48
0.59,-5.70,4.21,0.66,0.46,-0.81
0.59,-5.70,4.21,0.66,0.46,-0.81
0.59,-5.70,4.21,0.66,0.46,-0.81
0.59,-5.70,4.21,0.66,0.46,-0.81
0.59,-5.70,4.21,0.66,0.46,-0.81
0.59,-5.70,4.21,0.66,0.46,-0.81
0.89,-4.76,3.78,1.03,1.06,-0.91
0.89,-4.76,3.78,1.03,1.06,-0.91
0.89,-4.76,3.78,1.03,1.06,-0.91
0.89,-4.76,3.78,1.03,1.06,-0.91
0.89,-4.76,3.78,1.03,1.06,-0.91
1.57,-3.82,3.73,1.62,1.34,-0.52
1.57,-3.82,3.73,1.62,1.34,-0.52
1.57,-3.82,3.73,1.62,1.34,-0.52
1.57,-3.82,3.73,1.62,1.34,-0.52
1.57,-3.82,3.73,1.62,1.34,-0.52
0.90,-3.39,6.03,2.10,2.17,0.53
0.90,-3.39,6.03,2.10,2.17,0.53
0.90,-3.39,6.03,2.10,2.17,0.53
0.90,-3.39,6.03,2.10,2.17,0.53
0.90,-3.39,6.03,2.10,2.17,0.53
0.90,-3.39,6.03,2.10,2.17,0.53
-3.89,-1.55,7.71,2.30,3.62,1.81
-3.89,-1.55,7.71,2.30,3.62,1.81
-3.89,-1.55,7.71,2.30,3.62,1.81
-3.89,-1.55,7.71,2.30,3.62,1.81
-3.89,-1.55,7.71,2.30,3.62,1.81
-9.78,0.82,7.67,2.02,3.30,2.79
-9.78,0.82,7.67,2.02,3.30,2.79
-9.78,0.82,7.67,2.02,3.30,2.79
-9.78,0.82,7.67,2.02,3.30,2.79
-9.78,0.82,7.67,2.02,3.30,2.79
-9.78,0.82,7.67,2.02,3.30,2.79
-8.31,3.55,8.13,2.13,1.66,3.20
-8.31,3.55,8.13,2.13,1.66,3.20
-8.31,3.55,8.13,2.13,1.66,3.20
-8.31,3.55,8.13,2.13,1.66,3.20
-8.31,3.55,8.13,2.13,1.66,3.20
-6.36,4.88,5.16,2.31,0.82,3.44
-6.36,4.88,5.16,2.31,0.82,3.44
-6.36,4.88,5.16,2.31,0.82,3.44
-6.36,4.88,5.16,2.31,0.82,3.44
-6.36,4.88,5.16,2.31,0.82,3.44
-3.88,7.60,2.21,2.31,0.82,3.44
-3.88,7.60,2.21,2.36,1.25,3.19
-3.88,7.60,2.21,2.36,1.25,3.19
-3.88,7.60,2.21,2.36,1.25,3.19
-3.88,7.60,2.21,2.36,1.25,3.19
-3.88,7.60,2.21,2.36,1.25,3.19
-6.13,15.29,1.41,1.88,3.25,2.90
-6.13,15.29,1.41,1.88,3.25,2.90
-6.13,15.29,1.41,1.88,3.25,2.90
-6.13,15.29,1.41,1.88,3.25,2.90
-6.13,15.29,1.41,1.88,3.25,2.90
-11.40,16.01,1.41,0.96,4.20,3.09
-11.40,16.01,1.41,0.96,4.20,3.09
-11.40,16.01,1.41,0.96,4.20,3.09
-11.40,16.01,1.41,0.96,4.20,3.09
-11.40,16.01,1.41,0.96,4.20,3.09
-11.40,16.01,1.41,0.96,4.20,3.09
-5.04,11.58,1.25,0.53,2.11,-0.00
-5.04,11.58,1.25,0.53,2.11,-0.00
-5.04,11.58,1.25,0.53,2.11,-0.00
-5.04,11.58,1.25,0.53,2.11,-0.00
-5.04,11.58,1.25,0.53,2.11,-0.00
-0.93,9.55,1.98,-0.21,0.19,-1.46
-0.93,9.55,1.98,-0.21,0.19,-1.46
-0.93,9.55,1.98,-0.21,0.19,-1.46
-0.93,9.55,1.98,-0.21,0.19,-1.46
-0.93,9.55,1.98,-0.21,0.19,-1.46
-0.93,9.55,1.98,-0.21,0.19,-1.46
-3.81,8.05,-0.65,-0.23,-0.05,-0.39
-3.81,8.05,-0.65,-0.23,-0.05,-0.39
-3.81,8.05,-0.65,-0.23,-0.05,-0.39
-3.81,8.05,-0.65,-0.23,-0.05,-0.39
-3.81,8.05,-0.65,-0.23,-0.05,-0.39
-4.78,9.05,-1.06,0.01,-0.05,0.19
-4.78,9.05,-1.06,0.01,-0.05,0.19
-4.78,9.05,-1.06,0.01,-0.05,0.19
-4.78,9.05,-1.06,0.01,-0.05,0.19
-4.78,9.05,-1.06,0.01,-0.05,0.19
-2.34,9.89,-0.04,0.11,-0.65,0.19
-2.34,9.89,-0.04,0.11,-0.65,0.19
-2.34,9.89,-0.04,0.11,-0.65,0.19
-2.34,9.89,-0.04,0.11,-0.65,0.19
-2.34,9.89,-0.04,0.11,-0.65,0.19
-2.34,9.89,-0.04,0.11,-0.65,0.19
-2.13,9.51,-0.34,0.08,-0.21,-0.03
-2.13,9.51,-0.34,0.08,-0.21,-0.03
-2.13,9.51,-0.34,0.08,-0.21,-0.03
-2.13,9.51,-0.34,0.08,-0.21,-0.03
-2.13,9.51,-0.34,0.08,-0.21,-0.03
-3.04,9.25,-0.56,0.05,-0.13,-0.05
-3.04,9.25,-0.56,0.05,-0.13,-0.05
-3.04,9.25,-0.56,0.05,-0.13,-0.05
-3.04,9.25,-0.56,0.05,-0.13,-0.05
-3.04,9.25,-0.56,0.05,-0.13,-0.05
-3.04,9.25,-0.56,0.05,-0.13,-0.05
-3.43,9.08,-0.50,0.03,-0.02,-0.02
-3.43,9.08,-0.50,0.03,-0.02,-0.02
-3.43,9.08,-0.50,0.03,-0.02,-0.02
-3.43,9.08,-0.50,0.03,-0.02,-0.02
-3.43,9.08,-0.50,0.03,-0.02,-0.02
-3.03,9.28,-0.31,0.05,-0.07,0.01
-3.03,9.28,-0.31,0.05,-0.07,0.01
-3.03,9.28,-0.31,0.05,-0.07,0.01
-3.03,9.28,-0.31,0.05,-0.07,0.01
-3.03,9.28,-0.31,0.05,-0.07,0.01
-2.86,9.39,-0.30,0.03,-0.08,0.00
-2.86,9.39,-0.30,0.03,-0.08,0.00
-2.86,9.39,-0.30,0.03,-0.08,0.00
-2.86,9.39,-0.30,0.03,-0.08,0.00
-2.86,9.39,-0.30,0.03,-0.08,0.00
-2.86,9.39,-0.30,0.03,-0.08,0.00
-3.07,9.29,-0.43,0.01,-0.02,-0.01
-3.07,9.29,-0.43,0.01,-0.02,-0.01
-3.07,9.29,-0.43,0.01,-0.02,-0.01
-3.07,9.29,-0.43,0.01,-0.02,-0.01
-3.07,9.29,-0.43,0.01,-0.02,-0.01
-3.06,9.28,-0.39,-0.00,-0.00,-0.02
-3.06,9.28,-0.39,-0.00,-0.00,-0.02
-3.06,9.28,-0.39,-0.00,-0.00,-0.02
-3.06,9.28,-0.39,-0.00,-0.00,-0.02
-3.06,9.28,-0.39,-0.00,-0.00,-0.02
-2.96,9.35,-0.27,-0.02,-0.01,-0.02
-2.96,9.35,-0.27,-0.02,-0.01,-0.02
-2.96,9.35,-0.27,-0.02,-0.01,-0.02
-2.96,9.35,-0.27,-0.02,-0.01,-0.02
-2.96,9.35,-0.27,-0.02,-0.01,-0.02
-2.96,9.35,-0.27,-0.02,-0.01,-0.02
-3.03,9.30,-0.24,-0.03,0.02,-0.01
-3.03,9.30,-0.24,-0.03,0.02,-0.01
-3.03,9.30,-0.24,-0.03,0.02,-0.01
-3.03,9.30,-0.24,-0.03,0.02,-0.01
-3.03,9.30,-0.24,-0.03,0.02,-0.01
-3.10,9.28,-0.21,-0.02,0.03,-0.01
-3.10,9.28,-0.21,-0.02,0.03,-0.01
-3.10,9.28,-0.21,-0.02,0.03,-0.01
-3.10,9.28,-0.21,-0.02,0.03,-0.01
-3.10,9.28,-0.21,-0.02,0.03,-0.01
-3.16,9.28,-0.14,-0.01,0.01,0.01
-3.16,9.28,-0.14,-0.01,0.01,0.01
-3.16,9.28,-0.14,-0.01,0.01,0.01
-3.16,9.28,-0.14,-0.01,0.01,0.01
-3.16,9.28,-0.14,-0.01,0.01,0.01
-3.16,9.28,-0.14,-0.01,0.01,0.01
-3.02,9.31,-0.16,-0.01,-0.03,0.01
-3.02,9.31,-0.16,-0.01,-0.03,0.01
-3.02,9.31,-0.16,-0.01,-0.03,0.01
-3.02,9.31,-0.16,-0.01,-0.03,0.01
-3.02,9.31,-0.16,-0.01,-0.03,0.01
-3.08,9.28,-0.16,-0.00,-0.01,0.01
-3.08,9.28,-0.16,-0.00,-0.01,0.01
-3.08,9.28,-0.16,-0.00,-0.01,0.01
-3.08,9.28,-0.16,-0.00,-0.01,0.01
-3.08,9.28,-0.16,-0.00,-0.01,0.01
-3.08,9.32,-0.15,-0.00,-0.01,0.01
-3.08,9.32,-0.15,0.00,-0.00,0.01
-3.08,9.32,-0.15,0.00,-0.00,0.01
-3.08,9.32,-0.15,0.00,-0.00,0.01
-3.08,9.32,-0.15,0.00,-0.00,0.01
-3.08,9.32,-0.15,0.00,-0.00,0.01
-2.96,9.34,-0.12,0.01,-0.02,0.01
-2.96,9.34,-0.12,0.01,-0.02,0.01
-2.96,9.34,-0.12,0.01,-0.02,0.01
-2.96,9.34,-0.12,0.01,-0.02,0.01
-2.96,9.34,-0.12,0.01,-0.02,0.01
-2.99,9.32,-0.20,0.02,-0.03,0.00
-2.99,9.32,-0.20,0.02,-0.03,0.00
-2.99,9.32,-0.20,0.02,-0.03,0.00
-2.99,9.32,-0.20,0.02,-0.03,0.00
-2.99,9.32,-0.20,0.02,-0.03,0.00
-2.99,9.32,-0.20,0.02,-0.03,0.00
-2.94,9.31,-0.21,0.01,-0.01,-0.01
-2.94,9.31,-0.21,0.01,-0.01,-0.01
-2.94,9.31,-0.21,0.01,-0.01,-0.01
-2.94,9.31,-0.21,0.01,-0.01,-0.01
-2.94,9.31,-0.21,0.01,-0.01,-0.01
-2.94,9.35,-0.19,0.00,-0.00,-0.02
-2.94,9.35,-0.19,0.00,-0.00,-0.02
-2.94,9.35,-0.19,0.00,-0.00,-0.02
-2.94,9.35,-0.19,0.00,-0.00,-0.02
-2.94,9.35,-0.19,0.00,-0.00,-0.02
-2.94,9.33,-0.21,0.00,0.01,-0.02
-2.94,9.33,-0.21,0.00,0.01,-0.02
-2.94,9.33,-0.21,0.00,0.01,-0.02
-2.94,9.33,-0.21,0.00,0.01,-0.02
-2.94,9.33,-0.21,0.00,0.01,-0.02
-2.94,9.33,-0.21,0.00,0.01,-0.02
-3.00,9.30,-0.21,0.01,0.02,-0.03
-3.00,9.30,-0.21,0.01,0.02,-0.03
-3.00,9.30,-0.21,0.01,0.02,-0.03
-3.00,9.30,-0.21,0.01,0.02,-0.03
-3.00,9.30,-0.21,0.01,0.02,-0.03
-3.02,9.32,-0.20,0.00,0.03,-0.03
-3.02,9.32,-0.20,0.00,0.03,-0.03
-3.02,9.32,-0.20,0.00,0.03,-0.03
-3.02,9.32,-0.20,0.00,0.03,-0.03
-3.02,9.32,-0.20,0.00,0.03,-0.03
-3.02,9.32,-0.20,0.00,0.03,-0.03
-3.01,9.32,-0.18,0.00,0.03,-0.03
-3.01,9.32,-0.18,0.00,0.03,-0.03
-3.01,9.32,-0.18,0.00,0.03,-0.03
-3.01,9.32,-0.18,0.00,0.03,-0.03
-3.01,9.32,-0.18,0.00,0.03,-0.03
-3.16,9.36,-0.11,0.00,0.02,-0.03
-3.16,9.36,-0.11,0.00,0.02,-0.03
-3.16,9.36,-0.11,0.00,0.02,-0.03
-3.16,9.36,-0.11,0.00,0.02,-0.03
-3.16,9.36,-0.11,0.00,0.02,-0.03
-3.55,9.69,0.22,0.02,0.02,-0.05
-3.55,9.69,0.22,0.02,0.02,-0.05
-3.55,9.69,0.22,0.02,0.02,-0.05
-3.55,9.69,0.22,0.02,0.02,-0.05
-3.55,9.69,0.22,0.02,0.02,-0.05
-3.55,9.69,0.22,0.02,0.02,-0.05
-6.80,10.78,1.20,-0.01,-0.27,-0.35
-6.80,10.78,1.20,-0.01,-0.27,-0.35
-6.80,10.78,1.20,-0.01,-0.27,-0.35
-6.80,10.78,1.20,-0.01,-0.27,-0.35
-6.80,10.78,1.20,-0.01,-0.27,-0.35
-8.89,12.73,2.56,-0.41,-1.55,-1.55
-8.89,12.73,2.56,-0.41,-1.55,-1.55
-8.89,12.73,2.56,-0.41,-1.55,-1.55
-8.89,12.73,2.56,-0.41,-1.55,-1.55
-8.89,12.73,2.56,-0.41,-1.55,-1.55
-11.24,12.14,5.29,-0.41,-1.55,-1.55
-11.24,12.14,5.29,-1.48,-1.68,-3.33
-11.24,12.14,5.29,-1.48,-1.68,-3.33
-11.24,12.14,5.29,-1.48,-1.68,-3.33
-11.24,12.14,5.29,-1.48,-1.68,-3.33
-11.24,12.14,5.29,-1.48,-1.68,-3.33
-11.16,8.96,6.33,-2.26,-1.84,-4.31
-11.16,8.96,6.33,-2.26,-1.84,-4.31
-11.16,8.96,6.33,-2.26,-1.84,-4.31
-11.16,8.96,6.33,-2.26,-1.84,-4.31
-11.16,8.96,6.33,-2.26,-1.84,-4.31
-7.18,4.11,6.22,-2.85,-3.16,-4.32
-7.18,4.11,6.22,-2.85,-3.16,-4.32
-7.18,4.11,6.22,-2.85,-3.16,-4.32
-7.18,4.11,6.22,-2.85,-3.16,-4.32
-7.18,4.11,6.22,-2.85,-3.16,-4.32
-7.18,4.11,6.22,-2.85,-3.16,-4.32
-5.50,-1.27,5.44,-2.89,-3.73,-3.54
-5.50,-1.27,5.44,-2.89,-3.73,-3.54
-5.50,-1.27,5.44,-2.89,-3.73,-3.54
-5.50,-1.27,5.44,-2.89,-3.73,-3.54
-5.50,-1.27,5.44,-2.89,-3.73,-3.54
-3.18,-4.39,5.00,-2.36,-4.10,-1.87
-3.18,-4.39,5.00,-2.36,-4.10,-1.87
-3.18,-4.39,5.00,-2.36,-4.10,-1.87
-3.18,-4.39,5.00,-2.36,-4.10,-1.87
-3.18,-4.39,5.00,-2.36,-4.10,-1.87
-0.49,-4.48,4.16,-1.60,-3.87,-0.58
-0.49,-4.48,4.16,-1.60,-3.87,-0.58
-0.49,-4.48,4.16,-1.60,-3.87,-0.58
-0.49,-4.48,4.16,-1.60,-3.87,-0.58
-0.49,-4.48,4.16,-1.60,-3.87,-0.58
-0.49,-4.48,4.16,-1.60,-3.87,-0.58
1.04,-5.39,4.17,-0.99,-2.61,0.06
1.04,-5.39,4.17,-0.99,-2.61,0.06
1.04,-5.39,4.17,-0.99,-2.61,0.06
1.04,-5.39,4.17,-0.99,-2.61,0.06
1.04,-5.39,4.17,-0.99,-2.61,0.06
3.16,-6.28,4.03,-0.36,-1.88,0.41
3.16,-6.28,4.03,-0.36,-1.88,0.41
3.16,-6.28,4.03,-0.36,-1.88,0.41
3.16,-6.28,4.03,-0.36,-1.88,0.41
3.16,-6.28,4.03,-0.36,-1.88,0.41
3.16,-6.28,4.03,-0.36,-1.88,0.41
3.55,-5.23,4.22,0.34,-1.19,0.75
3.55,-5.23,4.22,0.34,-1.19,0.75
3.55,-5.23,4.22,0.34,-1.19,0.75
3.55,-5.23,4.22,0.34,-1.19,0.75
3.55,-5.23,4.22,0.34,-1.19,0.75
2.88,-3.76,5.24,0.96,-0.72,1.03
2.88,-3.76,5.24,0.96,-0.72,1.03
2.88,-3.76,5.24,0.96,-0.72,1.03
2.88,-3.76,5.24,0.96,-0.72,1.03
2.88,-3.76,5.24,0.96,-0.72,1.03
2.57,-4.60,5.75,0.64,-0.17,0.69
2.57,-4.60,5.75,0.64,-0.17,0.69
2.57,-4.60,5.75,0.64,-0.17,0.69
2.57,-4.60,5.75,0.64,-0.17,0.69
2.57,-4.60,5.75,0.64,-0.17,0.69
2.57,-4.60,5.75,0.64,-0.17,0.69
2.69,-6.21,5.96,0.04,0.27,0.26
2.69,-6.21,5.96,0.04,0.27,0.26
2.69,-6.21,5.96,0.04,0.27,0.26
2.69,-6.21,5.96,0.04,0.27,0.26
2.69,-6.21,5.96,0.04,0.27,0.26
2.12,-6.66,7.16,0.12,0.36,0.17
2.12,-6.66,7.16,0.12,0.36,0.17
2.12,-6.66,7.16,0.12,0.36,0.17
2.12,-6.66,7.16,0.12,0.36,0.17
2.12,-6.66,7.16,0.12,0.36,0.17
2.12,-6.66,7.44,0.12,0.36,0.17
2.29,-6.77,7.44,0.16,-0.12,0.09
2.29,-6.77,7.44,0.16,-0.12,0.09
2.29,-6.77,7.44,0.16,-0.12,0.09
2.29,-6.77,7.44,0.16,-0.12,0.09
2.29,-6.77,7.44,0.16,-0.12,0.09
2.14,-6.65,7.15,0.12,-0.02,0.17
2.14,-6.65,7.15,0.12,-0.02,0.17
2.14,-6.65,7.15,0.12,-0.02,0.17
2.14,-6.65,7.15,0.12,-0.02,0.17
2.14,-6.65,7.15,0.12,-0.02,0.17
1.71,-6.66,6.99,0.06,0.13,0.20
1.71,-6.66,6.99,0.06,0.13,0.20
1.71,-6.66,6.99,0.06,0.13,0.20
1.71,-6.66,6.99,0.06,0.13,0.20
1.71,-6.66,6.99,0.06,0.13,0.20
1.71,-6.66,6.99,0.06,0.13,0.20
1.66,-6.72,6.82,0.06,0.03,0.12
1.66,-6.72,6.82,0.06,0.03,0.12
1.66,-6.72,6.82,0.06,0.03,0.12
1.66,-6.72,6.82,0.06,0.03,0.12
1.66,-6.72,6.82,0.06,0.03,0.12
1.74,-6.68,6.93,0.11,-0.10,0.03
1.74,-6.68,6.93,0.11,-0.10,0.03
1.74,-6.68,6.93,0.11,-0.10,0.03
1.74,-6.68,6.93,0.11,-0.10,0.03
1.74,-6.68,6.93,0.11,-0.10,0.03
1.74,-6.68,6.93,0.11,-0.10,0.03
2.03,-6.61,7.19,0.14,-0.20,-0.01
2.03,-6.61,7.19,0.14,-0.20,-0.01
2.03,-6.61,7.19,0.14,-0.20,-0.01
2.03,-6.61,7.19,0.14,-0.20,-0.01
2.03,-6.61,7.19,0.14,-0.20,-0.01
2.16,-6.60,7.25,0.10,-0.15,-0.02
2.16,-6.60,7.25,0.10,-0.15,-0.02
2.16,-6.60,7.25,0.10,-0.15,-0.02
2.16,-6.60,7.25,0.10,-0.15,-0.02
2.16,-6.60,7.25,0.10,-0.15,-0.02
2.17,-6.53,7.19,0.04,-0.10,-0.03
2.17,-6.53,7.19,0.04,-0.10,-0.03
2.17,-6.53,7.19,0.04,-0.10,-0.03
2.17,-6.53,7.19,0.04,-0.10,-0.03
2.17,-6.53,7.19,0.04,-0.10,-0.03
2.17,-6.53,7.19,0.04,-0.10,-0.03
2.19,-6.46,7.00,-0.01,-0.02,-0.02
2.19,-6.46,7.00,-0.01,-0.02,-0.02
2.19,-6.46,7.00,-0.01,-0.02,-0.02
2.19,-6.46,7.00,-0.01,-0.02,-0.02
2.19,-6.46,7.00,-0.01,-0.02,-0.02
2.19,-6.51,6.84,-0.01,0.01,-0.04
2.19,-6.51,6.84,-0.01,0.01,-0.04
2.19,-6.51,6.84,-0.01,0.01,-0.04
2.19,-6.51,6.84,-0.01,0.01,-0.04
2.19,-6.51,6.84,-0.01,0.01,-0.04
2.16,-6.08,6.54,0.02,-0.03,-0.06
2.16,-6.08,6.54,0.02,-0.03,-0.06
2.16,-6.08,6.54,0.02,-0.03,-0.06
2.16,-6.08,6.54,0.02,-0.03,-0.06
2.16,-6.08,6.54,0.02,-0.03,-0.06
2.16,-6.08,6.54,0.02,-0.03,-0.06
1.02,-4.64,5.91,0.07,0.36,-0.32
1.02,-4.64,5.91,0.07,0.36,-0.32
1.02,-4.64,5.91,0.07,0.36,-0.32
1.02,-4.64,5.91,0.07,0.36,-0.32
1.02,-4.64,5.91,0.07,0.36,-0.32
0.57,-3.43,4.83,0.47,1.20,-1.15
0.57,-3.43,4.83,0.47,1.20,-1.15
0.57,-3.43,4.83,0.47,1.20,-1.15
0.57,-3.43,4.83,0.47,1.20,-1.15
0.57,-3.43,4.83,0.47,1.20,-1.15
0.57,-3.43,4.83,0.47,1.20,-1.15
0.22,-1.84,4.49,1.29,1.27,-1.95
0.22,-1.84,4.49,1.29,1.27,-1.95
0.22,-1.84,4.49,1.29,1.27,-1.95
0.22,-1.84,4.49,1.29,1.27,-1.95
0.22,-1.84,4.49,1.29,1.27,-1.95
0.91,-0.59,5.40,1.94,0.88,-2.27
0.91,-0.59,5.40,1.94,0.88,-2.27
0.91,-0.59,5.40,1.94,0.88,-2.27
0.91,-0.59,5.40,1.94,0.88,-2.27
0.91,-0.59,5.40,1.94,0.88,-2.27
2.02,0.68,8.29,2.32,0.24,-1.74
2.02,0.68,8.29,2.32,0.24,-1.74
2.02,0.68,8.29,2.32,0.24,-1.74
2.02,0.68,8.29,2.32,0.24,-1.74
2.02,0.68,8.29,2.32,0.24,-1.74
2.02,0.68,8.29,2.32,0.24,-1.74
5.13,1.05,8.32,1.95,0.82,-0.49
5.13,1.05,8.32,1.95,0.82,-0.49
5.13,1.05,8.32,1.95,0.82,-0.49
5.13,1.05,8.32,1.95,0.82,-0.49
5.13,1.05,8.32,1.95,0.82,-0.49
-5.83,3.07,10.68,1.64,4.39,0.54
-5.83,3.07,10.68,1.64,4.39,0.54
-5.83,3.07,10.68,1.64,4.39,0.54
-5.83,3.07,10.68,1.64,4.39,0.54
-5.83,3.07,10.68,1.64,4.39,0.54
-5.83,3.07,10.68,1.64,4.39,0.54
-4.05,3.42,8.85,1.60,2.31,1.62
-4.05,3.42,8.85,1.60,2.31,1.62
-4.05,3.42,8.85,1.60,2.31,1.62
-4.05,3.42,8.85,1.60,2.31,1.62
-4.05,3.42,8.85,1.60,2.31,1.62
-4.73,6.40,10.07,2.16,1.58,1.83
-4.73,6.40,10.07,2.16,1.58,1.83
-4.73,6.40,10.07,2.16,1.58,1.83
-4.73,6.40,10.07,2.16,1.58,1.83
-4.73,6.40,10.07,2.16,1.58,1.83
-4.18,8.09,8.86,2.03,2.01,1.69
-4.18,8.09,8.86,2.03,2.01,1.69
-4.18,8.09,8.86,2.03,2.01,1.69
-4.18,8.09,8.86,2.03,2.01,1.69
-4.18,8.09,8.86,2.03,2.01,1.69
-4.18,8.09,8.86,2.03,2.01,1.69
-3.97,9.76,4.20,1.82,3.02,2.13
-3.97,9.76,4.20,1.82,3.02,2.13
-3.97,9.76,4.20,1.82,3.02,2.13
-3.97,9.76,4.20,1.82,3.02,2.13
-3.97,9.76,4.20,1.82,3.02,2.13
-7.87,12.71,2.36,1.26,4.50,2.14
-7.87,12.71,2.36,1.26,4.50,2.14
-7.87,12.71,2.36,1.26,4.50,2.14
-7.87,12.71,2.36,1.26,4.50,2.14
-7.87,12.71,2.36,1.26,4.50,2.14
-7.87,12.71,2.36,1.26,4.50,2.14
-7.39,10.89,1.72,1.27,2.74,1.62
-7.39,10.89,1.72,1.27,2.74,1.62
-7.39,10.89,1.72,1.27,2.74,1.62
-7.39,10.89,1.72,1.27,2.74,1.62
-7.39,10.89,1.72,1.27,2.74,1.62
-2.75,10.23,1.64,0.54,1.25,-0.18
-2.75,10.23,1.64,0.54,1.25,-0.18
-2.75,10.23,1.64,0.54,1.25,-0.18
-2.75,10.23,1.64,0.54,1.25,-0.18
-2.75,10.23,1.64,0.54,1.25,-0.18
-2.75,10.23,1.64,0.54,1.25,-0.18
-3.37,9.65,2.19,-0.10,1.13,-0.32
-3.37,9.65,2.19,-0.10,1.13,-0.32
-3.37,9.65,2.19,-0.10,1.13,-0.32
-3.37,9.65,2.19,-0.10,1.13,-0.32
-3.37,9.65,2.19,-0.10,1.13,-0.32
-2.92,9.71,-0.20,0.13,-0.37,-0.14
-2.92,9.71,-0.20,0.13,-0.37,-0.14
-2.92,9.71,-0.20,0.13,-0.37,-0.14
-2.92,9.71,-0.20,0.13,-0.37,-0.14
-2.92,9.71,-0.20,0.13,-0.37,-0.14
-3.24,9.16,-0.81,-0.04,-0.34,-0.03
-3.24,9.16,-0.81,-0.04,-0.34,-0.03
-3.24,9.16,-0.81,-0.04,-0.34,-0.03
-3.24,9.16,-0.81,-0.04,-0.34,-0.03
-3.24,9.16,-0.81,-0.04,-0.34,-0.03
-3.24,9.16,-0.81,-0.04,-0.34,-0.03
-2.73,9.33,-0.49,0.02,-0.21,-0.01
-2.73,9.33,-0.49,0.02,-0.21,-0.01
-2.73,9.33,-0.49,0.02,-0.21,-0.01
-2.73,9.33,-0.49,0.02,-0.21,-0.01
-2.73,9.33,-0.49,0.02,-0.21,-0.01
-2.56,9.59,-0.15,0.05,-0.24,0.02
-2.56,9.59,-0.15,0.05,-0.24,0.02
-2.56,9.59,-0.15,0.05,-0.24,0.02
-2.56,9.59,-0.15,0.05,-0.24,0.02
-2.56,9.59,-0.15,0.05,-0.24,0.02
-3.01,9.30,-0.11,0.05,-0.24,0.02
-3.01,9.30,-0.11,0.06,-0.07,0.04
-3.01,9.30,-0.11,0.06,-0.07,0.04
-3.01,9.30,-0.11,0.06,-0.07,0.04
-3.01,9.30,-0.11,0.06,-0.07,0.04
-3.01,9.30,-0.11,0.06,-0.07,0.04
-3.05,9.26,-0.25,0.11,-0.08,0.02
-3.05,9.26,-0.25,0.11,-0.08,0.02
-3.05,9.26,-0.25,0.11,-0.08,0.02
-3.05,9.26,-0.25,0.11,-0.08,0.02
-3.05,9.26,-0.25,0.11,-0.08,0.02
-2.89,9.35,-0.34,0.07,-0.14,0.02
-2.89,9.35,-0.34,0.07,-0.14,0.02
-2.89,9.35,-0.34,0.07,-0.14,0.02
-2.89,9.35,-0.34,0.07,-0.14,0.02
-2.89,9.35,-0.34,0.07,-0.14,0.02
-2.89,9.35,-0.34,0.07,-0.14,0.02
-2.73,9.36,-0.22,0.05,-0.11,0.07
-2.73,9.36,-0.22,0.05,-0.11,0.07
-2.73,9.36,-0.22,0.05,-0.11,0.07
-2.73,9.36,-0.22,0.05,-0.11,0.07
-2.73,9.36,-0.22,0.05,-0.11,0.07
-2.63,9.43,-0.27,0.02,-0.11,0.05
-2.63,9.43,-0.27,0.02,-0.11,0.05
-2.63,9.43,-0.27,0.02,-0.11,0.05
-2.63,9.43,-0.27,0.02,-0.11,0.05
-2.63,9.43,-0.27,0.02,-0.11,0.05
-2.64,9.39,-0.34,0.02,-0.10,0.02
-2.64,9.39,-0.34,0.02,-0.10,0.02
-2.64,9.39,-0.34,0.02,-0.10,0.02
-2.64,9.39,-0.34,0.02,-0.10,0.02
-2.64,9.39,-0.34,0.02,-0.10,0.02
-2.64,9.39,-0.34,0.02,-0.10,0.02
-2.58,9.38,-0.34,0.01,-0.06,-0.01
-2.58,9.38,-0.34,0.01,-0.06,-0.01
-2.58,9.38,-0.34,0.01,-0.06,-0.01
-2.58,9.38,-0.34,0.01,-0.06,-0.01
-2.58,9.38,-0.34,0.01,-0.06,-0.01
-2.67,9.41,-0.25,0.01,-0.00,-0.01
-2.67,9.41,-0.25,0.01,-0.00,-0.01
-2.67,9.41,-0.25,0.01,-0.00,-0.01
-2.67,9.41,-0.25,0.01,-0.00,-0.01
-2.67,9.41,-0.25,0.01,-0.00,-0.01
-2.67,9.41,-0.25,0.01,-0.00,-0.01
-2.89,9.50,-0.05,0.02,-0.03,-0.01
-2.89,9.50,-0.05,0.02,-0.03,-0.01
-2.89,9.50,-0.05,0.02,-0.03,-0.01
-2.89,9.50,-0.05,0.02,-0.03,-0.01
-2.89,9.50,-0.05,0.02,-0.03,-0.01
-3.39,9.60,0.11,0.03,-0.14,-0.10
-3.39,9.60,0.11,0.03,-0.14,-0.10
-3.39,9.60,0.11,0.03,-0.14,-0.10
-3.39,9.60,0.11,0.03,-0.14,-0.10
-3.39,9.60,0.11,0.03,-0.14,-0.10
-4.13,9.94,0.92,0.05,-0.45,-0.35
-4.13,9.94,0.92,0.05,-0.45,-0.35
-4.13,9.94,0.92,0.05,-0.45,-0.35
-4.13,9.94,0.92,0.05,-0.45,-0.35
-4.13,9.94,0.92,0.05,-0.45,-0.35
-4.13,9.94,0.92,0.05,-0.45,-0.35
-7.34,11.81,2.03,0.05,-1.36,-0.48
-7.34,11.81,2.03,0.05,-1.36,-0.48
-7.34,11.81,2.03,0.05,-1.36,-0.48
-7.34,11.81,2.03,0.05,-1.36,-0.48
-7.34,11.81,2.03,0.05,-1.36,-0.48
-7.95,14.32,4.35,-0.56,-2.38,-1.61
-7.95,14.32,4.35,-0.56,-2.38,-1.61
-7.95,14.32,4.35,-0.56,-2.38,-1.61
-7.95,14.32,4.35,-0.56,-2.38,-1.61
-7.95,14.32,4.35,-0.56,-2.38,-1.61
-7.95,14.32,4.35,-0.56,-2.38,-1.61
-10.93,13.27,7.63,-1.98,-1.81,-3.42
-10.93,13.27,7.63,-1.98,-1.81,-3.42
-10.93,13.27,7.63,-1.98,-1.81,-3.42
-10.93,13.27,7.63,-1.98,-1.81,-3.42
-10.93,13.27,7.63,-1.98,-1.81,-3.42
-9.09,9.08,6.38,-3.39,-2.79,-4.01
-9.09,9.08,6.38,-3.39,-2.79,-4.01
-9.09,9.08,6.38,-3.39,-2.79,-4.01
-9.09,9.08,6.38,-3.39,-2.79,-4.01
-9.09,9.08,6.38,-3.39,-2.79,-4.01
-6.20,2.30,4.09,-4.29,-3.45,-3.43
-6.20,2.30,4.09,-4.29,-3.45,-3.43
-6.20,2.30,4.09,-4.29,-3.45,-3.43
-6.20,2.30,4.09,-4.29,-3.45,-3.43
-6.20,2.30,4.09,-4.29,-3.45,-3.43
-6.20,2.30,4.09,-4.29,-3.45,-3.43
-2.96,-2.31,3.62,-3.74,-4.16,-1.89
-2.96,-2.31,3.62,-3.74,-4.16,-1.89
-2.96,-2.31,3.62,-3.74,-4.16,-1.89
-2.96,-2.31,3.62,-3.74,-4.16,-1.89
-2.96,-2.31,3.62,-3.74,-4.16,-1.89
-0.40,-4.63,4.77,-2.59,-3.50,-0.55
-0.40,-4.63,4.77,-2.59,-3.50,-0.55
-0.40,-4.63,4.77,-2.59,-3.50,-0.55
-0.40,-4.63,4.77,-2.59,-3.50,-0.55
-0.40,-4.63,4.77,-2.59,-3.50,-0.55
-0.47,-4.69,5.82,-1.22,-1.88,-0.08
-0.47,-4.69,5.82,-1.22,-1.88,-0.08
-0.47,-4.69,5.82,-1.22,-1.88,-0.08
-0.47,-4.69,5.82,-1.22,-1.88,-0.08
-0.47,-4.69,5.82,-1.22,-1.88,-0.08
-0.47,-4.69,5.82,-1.22,-1.88,-0.08
1.50,-4.80,4.90,-0.55,-1.64,0.24
1.50,-4.80,4.90,-0.55,-1.64,0.24
1.50,-4.80,4.90,-0.55,-1.64,0.24
1.50,-4.80,4.90,-0.55,-1.64,0.24
1.50,-4.80,4.90,-0.55,-1.64,0.24
2.55,-5.13,4.02,-0.27,-0.69,0.81
2.55,-5.13,4.02,-0.27,-0.69,0.81
2.55,-5.13,4.02,-0.27,-0.69,0.81
2.55,-5.13,4.02,-0.27,-0.69,0.81
2.55,-5.13,4.02,-0.27,-0.69,0.81
2.55,-5.11,5.20,-0.27,-0.69,0.81
1.59,-5.11,5.20,0.25,0.52,1.24
1.59,-5.11,5.20,0.25,0.52,1.24
1.59,-5.11,5.20,0.25,0.52,1.24
1.59,-5.11,5.20,0.25,0.52,1.24
1.59,-5.11,5.20,0.25,0.52,1.24
0.32,-4.73,6.73,0.76,0.16,1.46
0.32,-4.73,6.73,0.76,0.16,1.46
0.32,-4.73,6.73,0.76,0.16,1.46
0.32,-4.73,6.73,0.76,0.16,1.46
0.32,-4.73,6.73,0.76,0.16,1.46
-0.70,-5.40,7.01,0.31,0.28,1.22
-0.70,-5.40,7.01,0.31,0.28,1.22
-0.70,-5.40,7.01,0.31,0.28,1.22
-0.70,-5.40,7.01,0.31,0.28,1.22
-0.70,-5.40,7.01,0.31,0.28,1.22
-0.70,-5.40,7.01,0.31,0.28,1.22
-1.90,-6.13,7.30,-0.06,0.59,0.83
-1.90,-6.13,7.30,-0.06,0.59,0.83
-1.90,-6.13,7.30,-0.06,0.59,0.83
-1.90,-6.13,7.30,-0.06,0.59,0.83
-1.90,-6.13,7.30,-0.06,0.59,0.83
-2.01,-6.41,7.80,-0.03,0.27,0.38
-2.01,-6.41,7.80,-0.03,0.27,0.38
-2.01,-6.41,7.80,-0.03,0.27,0.38
-2.01,-6.41,7.80,-0.03,0.27,0.38
-2.01,-6.41,7.80,-0.03,0.27,0.38
-2.01,-6.41,7.80,-0.03,0.27,0.38
-1.66,-6.35,7.43,-0.04,-0.02,0.15
-1.66,-6.35,7.43,-0.04,-0.02,0.15
-1.66,-6.35,7.43,-0.04,-0.02,0.15
-1.66,-6.35,7.43,-0.04,-0.02,0.15
-1.66,-6.35,7.43,-0.04,-0.02,0.15
-2.05,-6.44,7.01,-0.11,0.10,0.12
-2.05,-6.44,7.01,-0.11,0.10,0.12
-2.05,-6.44,7.01,-0.11,0.10,0.12
-2.05,-6.44,7.01,-0.11,0.10,0.12
-2.05,-6.44,7.01,-0.11,0.10,0.12
-2.42,-6.49,6.99,-0.03,0.06,0.10
-2.42,-6.49,6.99,-0.03,0.06,0.10
-2.42,-6.49,6.99,-0.03,0.06,0.10
-2.42,-6.49,6.99,-0.03,0.06,0.10
-2.42,-6.49,6.99,-0.03,0.06,0.10
-2.42,-6.49,6.99,-0.03,0.06,0.10
-2.02,-6.49,7.07,0.07,-0.10,-0.07
-2.02,-6.49,7.07,0.07,-0.10,-0.07
-2.02,-6.49,7.07,0.07,-0.10,-0.07
-2.02,-6.49,7.07,0.07,-0.10,-0.07
-2.02,-6.49,7.07,0.07,-0.10,-0.07
-1.61,-6.44,7.12,0.11,-0.19,-0.15
-1.61,-6.44,7.12,0.11,-0.19,-0.15
-1.61,-6.44,7.12,0.11,-0.19,-0.15
-1.61,-6.44,7.12,0.11,-0.19,-0.15
-1.61,-6.44,7.12,0.11,-0.19,-0.15
-1.74,-6.26,7.08,0.12,-0.10,-0.22
-1.74,-6.26,7.08,0.12,-0.10,-0.22
-1.74,-6.26,7.08,0.12,-0.10,-0.22
-1.74,-6.26,7.08,0.12,-0.10,-0.22
-1.74,-6.26,7.08,0.12,-0.10,-0.22
-1.74,-6.26,7.08,0.12,-0.10,-0.22
-1.37,-6.03,7.05,0.26,-0.22,-0.51
-1.37,-6.03,7.05,0.26,-0.22,-0.51
-1.37,-6.03,7.05,0.26,-0.22,-0.51
-1.37,-6.03,7.05,0.26,-0.22,-0.51
-1.37,-6.03,7.05,0.26,-0.22,-0.51
-0.77,-4.93,6.74,0.48,-0.35,-0.85
-0.77,-4.93,6.74,0.48,-0.35,-0.85
-0.77,-4.93,6.74,0.48,-0.35,-0.85
-0.77,-4.93,6.74,0.48,-0.35,-0.85
-0.77,-4.93,6.74,0.48,-0.35,-0.85
-0.72,-3.21,6.16,0.66,-0.02,-1.48
-0.72,-3.21,6.16,0.66,-0.02,-1.48
-0.72,-3.21,6.16,0.66,-0.02,-1.48
-0.72,-3.21,6.16,0.66,-0.02,-1.48
-0.72,-3.21,6.16,0.66,-0.02,-1.48
-0.72,-3.21,6.16,0.66,-0.02,-1.48
0.14,-2.35,5.54,1.03,0.10,-1.96
0.14,-2.35,5.54,1.03,0.10,-1.96
0.14,-2.35,5.54,1.03,0.10,-1.96
0.14,-2.35,5.54,1.03,0.10,-1.96
0.14,-2.35,5.54,1.03,0.10,-1.96
0.85,-1.46,5.28,1.43,0.27,-1.88
0.85,-1.46,5.28,1.43,0.27,-1.88
0.85,-1.46,5.28,1.43,0.27,-1.88
0.85,-1.46,5.28,1.43,0.27,-1.88
0.85,-1.46,5.28,1.43,0.27,-1.88
2.26,-1.12,7.16,1.89,0.28,-1.23
2.26,-1.12,7.16,1.89,0.28,-1.23
2.26,-1.12,7.16,1.89,0.28,-1.23
2.26,-1.12,7.16,1.89,0.28,-1.23
2.26,-1.12,7.16,1.89,0.28,-1.23
2.26,-1.12,7.16,1.89,0.28,-1.23
0.86,0.33,10.01,2.27,1.11,-0.29
0.86,0.33,10.01,2.27,1.11,-0.29
0.86,0.33,10.01,2.27,1.11,-0.29
0.86,0.33,10.01,2.27,1.11,-0.29
0.86,0.33,10.01,2.27,1.11,-0.29
-3.18,0.84,10.48,1.69,2.59,0.28
-3.18,0.84,10.48,1.69,2.59,0.28
-3.18,0.84,10.48,1.69,2.59,0.28
-3.18,0.84,10.48,1.69,2.59,0.28
-3.18,0.84,10.48,1.69,2.59,0.28
-5.41,2.10,10.82,1.33,2.36,0.65
-5.41,2.10,10.82,1.33,2.36,0.65
-5.41,2.10,10.82,1.33,2.36,0.65
-5.41,2.10,10.82,1.33,2.36,0.65
-5.41,2.10,10.82,1.33,2.36,0.65
-5.41,2.10,10.82,1.33,2.36,0.65
-5.18,3.07,8.48,1.50,1.58,0.85
-5.18,3.07,8.48,1.50,1.58,0.85
-5.18,3.07,8.48,1.50,1.58,0.85
-5.18,3.07,8.48,1.50,1.58,0.85
-5.18,3.07,8.48,1.50,1.58,0.85
-5.07,5.43,9.14,2.15,1.10,0.87
-5.07,5.43,9.14,2.15,1.10,0.87
-5.07,5.43,9.14,2.15,1.10,0.87
-5.07,5.43,9.14,2.15,1.10,0.87
-5.07,5.43,9.14,2.15,1.10,0.87
-5.07,5.43,7.67,2.15,1.10,0.87
-3.08,6.75,7.67,2.52,0.76,0.95
-3.08,6.75,7.67,2.52,0.76,0.95
-3.08,6.75,7.67,2.52,0.76,0.95
-3.08,6.75,7.67,2.52,0.76,0.95
-3.08,6.75,7.67,2.52,0.76,0.95
-1.79,7.83,4.47,2.19,1.48,1.53
-1.79,7.83,4.47,2.19,1.48,1.53
-1.79,7.83,4.47,2.19,1.48,1.53
-1.79,7.83,4.47,2.19,1.48,1.53
-1.79,7.83,4.47,2.19,1.48,1.53
-5.68,13.59,2.03,1.09,3.83,1.94
-5.68,13.59,2.03,1.09,3.83,1.94
-5.68,13.59,2.03,1.09,3.83,1.94
-5.68,13.59,2.03,1.09,3.83,1.94
-5.68,13.59,2.03,1.09,3.83,1.94
-5.68,13.59,2.03,1.09,3.83,1.94
-11.05,11.98,2.34,0.23,4.53,2.04
-11.05,11.98,2.34,0.23,4.53,2.04
-11.05,11.98,2.34,0.23,4.53,2.04
-11.05,11.98,2.34,0.23,4.53,2.04
-11.05,11.98,2.34,0.23,4.53,2.04
-2.88,11.63,1.87,1.04,0.42,0.17
-2.88,11.63,1.87,1.04,0.42,0.17
-2.88,11.63,1.87,1.04,0.42,0.17
-2.88,11.63,1.87,1.04,0.42,0.17
-2.88,11.63,1.87,1.04,0.42,0.17
-2.54,8.73,0.62,0.06,-0.52,-0.68
-2.54,8.73,0.62,0.06,-0.52,-0.68
-2.54,8.73,0.62,0.06,-0.52,-0.68
-2.54,8.73,0.62,0.06,-0.52,-0.68
-2.54,8.73,0.62,0.06,-0.52,-0.68
-2.54,8.73,0.62,0.06,-0.52,-0.68
-4.33,8.48,-1.05,0.08,-0.41,-0.12
-4.33,8.48,-1.05,0.08,-0.41,-0.12
-4.33,8.48,-1.05,0.08,-0.41,-0.12
-4.33,8.48,-1.05,0.08,-0.41,-0.12
-4.33,8.48,-1.05,0.08,-0.41,-0.12
-4.37,8.79,-0.68,-0.05,-0.56,0.21
-4.37,8.79,-0.68,-0.05,-0.56,0.21
-4.37,8.79,-0.68,-0.05,-0.56,0.21
-4.37,8.79,-0.68,-0.05,-0.56,0.21
-4.37,8.79,-0.68,-0.05,-0.56,0.21
-3.10,9.46,0.09,0.07,-0.72,0.08
-3.10,9.46,0.09,0.07,-0.72,0.08
-3.10,9.46,0.09,0.07,-0.72,0.08
-3.10,9.46,0.09,0.07,-0.72,0.08
-3.10,9.46,0.09,0.07,-0.72,0.08
-3.10,9.46,0.09,0.07,-0.72,0.08
-2.65,9.40,0.14,0.02,-0.47,-0.11
-2.65,9.40,0.14,0.02,-0.47,-0.11
-2.65,9.40,0.14,0.02,-0.47,-0.11
-2.65,9.40,0.14,0.02,-0.47,-0.11
-2.65,9.40,0.14,0.02,-0.47,-0.11
-2.65,9.24,0.08,0.08,-0.30,-0.04
-2.65,9.24,0.08,0.08,-0.30,-0.04
-2.65,9.24,0.08,0.08,-0.30,-0.04
-2.65,9.24,0.08,0.08,-0.30,-0.04
-2.65,9.24,0.08,0.08,-0.30,-0.04
-3.45,9.12,0.01,0.08,-0.30,0.04
-3.45,9.12,0.01,0.09,-0.09,0.04
-3.45,9.12,0.01,0.09,-0.09,0.04
-3.45,9.12,0.01,0.09,-0.09,0.04
-3.45,9.12,0.01,0.09,-0.09,0.04
-3.45,9.12,0.01,0.09,-0.09,0.04
-3.61,9.14,0.14,0.06,-0.02,0.04
-3.61,9.14,0.14,0.06,-0.02,0.04
-3.61,9.14,0.14,0.06,-0.02,0.04
-3.61,9.14,0.14,0.06,-0.02,0.04
-3.61,9.14,0.14,0.06,-0.02,0.04
-3.27,9.25,0.24,0.04,-0.05,0.02
-3.27,9.25,0.24,0.04,-0.05,0.02
-3.27,9.25,0.24,0.04,-0.05,0.02
-3.27,9.25,0.24,0.04,-0.05,0.02
-3.27,9.25,0.24,0.04,-0.05,0.02
-3.27,9.25,0.13,0.04,-0.05,0.02
-3.08,9.34,0.13,0.03,-0.09,0.01
-3.08,9.34,0.13,0.03,-0.09,0.01
-3.08,9.34,0.13,0.03,-0.09,0.01
-3.08,9.34,0.13,0.03,-0.09,0.01
-3.08,9.34,0.13,0.03,-0.09,0.01
-3.19,9.26,0.15,0.01,-0.03,0.02
-3.19,9.26,0.15,0.01,-0.03,0.02
-3.19,9.26,0.15,0.01,-0.03,0.02
-3.19,9.26,0.15,0.01,-0.03,0.02
-3.19,9.26,0.15,0.01,-0.03,0.02
-3.21,9.22,0.24,-0.00,-0.01,0.01
-3.21,9.22,0.24,-0.00,-0.01,0.01
-3.21,9.22,0.24,-0.00,-0.01,0.01
-3.21,9.22,0.24,-0.00,-0.01,0.01
-3.21,9.22,0.24,-0.00,-0.01,0.01
-3.21,9.22,0.24,-0.00,-0.01,0.01
-3.25,9.29,0.23,-0.00,-0.02,-0.01
-3.25,9.29,0.23,-0.00,-0.02,-0.01
-3.25,9.29,0.23,-0.00,-0.02,-0.01
-3.25,9.29,0.23,-0.00,-0.02,-0.01
-3.25,9.29,0.23,-0.00,-0.02,-0.01
-3.28,9.25,0.28,-0.02,-0.00,-0.00
-3.28,9.25,0.28,-0.02,-0.00,-0.00
-3.28,9.25,0.28,-0.02,-0.00,-0.00
-3.28,9.25,0.28,-0.02,-0.00,-0.00
-3.28,9.25,0.28,-0.02,-0.00,-0.00
-3.50,9.52,0.61,0.01,-0.09,0.01
-3.50,9.52,0.61,0.01,-0.09,0.01
-3.50,9.52,0.61,0.01,-0.09,0.01
-3.50,9.52,0.61,0.01,-0.09,0.01
-3.50,9.52,0.61,0.01,-0.09,0.01
-3.50,9.52,0.61,0.01,-0.09,0.01
-6.20,10.76,2.40,0.07,-0.50,-0.04
-6.20,10.76,2.40,0.07,-0.50,-0.04
-6.20,10.76,2.40,0.07,-0.50,-0.04
-6.20,10.76,2.40,0.07,-0.50,-0.04
-6.20,10.76,2.40,0.07,-0.50,-0.04
-7.86,15.32,4.45,-0.18,-1.73,-0.91
-7.86,15.32,4.45,-0.18,-1.73,-0.91
-7.86,15.32,4.45,-0.18,-1.73,-0.91
-7.86,15.32,4.45,-0.18,-1.73,-0.91
-7.86,15.32,4.45,-0.18,-1.73,-0.91
-8.39,15.33,7.58,-0.18,-1.73,-0.91
-8.39,15.33,7.58,-2.21,-1.83,-2.93
-8.39,15.33,7.58,-2.21,-1.83,-2.93
-8.39,15.33,7.58,-2.21,-1.83,-2.93
-8.39,15.33,7.58,-2.21,-1.83,-2.93
-8.39,15.33,7.58,-2.21,-1.83,-2.93
-7.90,9.18,7.48,-4.02,-1.49,-3.85
-7.90,9.18,7.48,-4.02,-1.49,-3.85
-7.90,9.18,7.48,-4.02,-1.49,-3.85
-7.90,9.18,7.48,-4.02,-1.49,-3.85
-7.90,9.18,7.48,-4.02,-1.49,-3.85
-7.99,2.85,6.18,-4.26,-2.04,-3.78
-7.99,2.85,6.18,-4.26,-2.04,-3.78
-7.99,2.85,6.18,-4.26,-2.04,-3.78
-7.99,2.85,6.18,-4.26,-2.04,-3.78
-7.99,2.85,6.18,-4.26,-2.04,-3.78
-6.18,-1.87,3.68,-3.51,-3.42,-2.66
-6.18,-1.87,3.68,-3.51,-3.42,-2.66
-6.18,-1.87,3.68,-3.51,-3.42,-2.66
-6.18,-1.87,3.68,-3.51,-3.42,-2.66
-6.18,-1.87,3.68,-3.51,-3.42,-2.66
-6.18,-1.87,3.68,-3.51,-3.42,-2.66
-1.48,-4.85,4.14,-2.93,-3.52,-1.09
-1.48,-4.85,4.14,-2.93,-3.52,-1.09
-1.48,-4.85,4.14,-2.93,-3.52,-1.09
-1.48,-4.85,4.14,-2.93,-3.52,-1.09
-1.48,-4.85,4.14,-2.93,-3.52,-1.09
0.21,-4.91,4.77,-1.74,-2.98,0.14
0.21,-4.91,4.77,-1.74,-2.98,0.14
0.21,-4.91,4.77,-1.74,-2.98,0.14
0.21,-4.91,4.77,-1.74,-2.98,0.14
0.21,-4.91,4.77,-1.74,-2.98,0.14
-0.06,-3.41,4.62,-0.52,-1.86,1.08
-0.06,-3.41,4.62,-0.52,-1.86,1.08
-0.06,-3.41,4.62,-0.52,-1.86,1.08
-0.06,-3.41,4.62,-0.52,-1.86,1.08
-0.06,-3.41,4.62,-0.52,-1.86,1.08
-0.06,-3.41,4.62,-0.52,-1.86,1.08
0.07,-3.50,4.10,-0.28,-0.31,1.72
0.07,-3.50,4.10,-0.28,-0.31,1.72
0.07,-3.50,4.10,-0.28,-0.31,1.72
0.07,-3.50,4.10,-0.28,-0.31,1.72
0.07,-3.50,4.10,-0.28,-0.31,1.72
-1.21,-4.40,4.26,-0.28,0.81,1.89
-1.21,-4.40,4.26,-0.28,0.81,1.89
-1.21,-4.40,4.26,-0.28,0.81,1.89
-1.21,-4.40,4.26,-0.28,0.81,1.89
-1.21,-4.40,4.26,-0.28,0.81,1.89
-2.59,-6.01,5.24,-0.12,0.82,1.15
-2.59,-6.01,5.24,-0.12,0.82,1.15
-2.59,-6.01,5.24,-0.12,0.82,1.15
-2.59,-6.01,5.24,-0.12,0.82,1.15
-2.59,-6.01,5.24,-0.12,0.82,1.15
-2.59,-6.01,5.24,-0.12,0.82,1.15
-3.02,-6.68,6.39,0.13,0.31,0.21
-3.02,-6.68,6.39,0.13,0.31,0.21
-3.02,-6.68,6.39,0.13,0.31,0.21
-3.02,-6.68,6.39,0.13,0.31,0.21
-3.02,-6.68,6.39,0.13,0.31,0.21
-2.47,-6.55,7.29,0.35,-0.33,-0.10
-2.47,-6.55,7.29,0.35,-0.33,-0.10
-2.47,-6.55,7.29,0.35,-0.33,-0.10
-2.47,-6.55,7.29,0.35,-0.33,-0.10
-2.47,-6.55,7.29,0.35,-0.33,-0.10
-2.45,-6.52,7.62,0.35,-0.33,-0.07
-2.45,-6.52,7.62,0.17,-0.29,-0.07
-2.45,-6.52,7.62,0.17,-0.29,-0.07
-2.45,-6.52,7.62,0.17,-0.29,-0.07
-2.45,-6.52,7.62,0.17,-0.29,-0.07
-2.45,-6.52,7.62,0.17,-0.29,-0.07
-2.73,-6.71,7.36,-0.07,0.04,-0.05
-2.73,-6.71,7.36,-0.07,0.04,-0.05
-2.73,-6.71,7.36,-0.07,0.04,-0.05
-2.73,-6.71,7.36,-0.07,0.04,-0.05
-2.73,-6.71,7.36,-0.07,0.04,-0.05
-2.49,-6.68,7.00,-0.04,-0.07,-0.06
-2.49,-6.68,7.00,-0.04,-0.07,-0.06
-2.49,-6.68,7.00,-0.04,-0.07,-0.06
-2.49,-6.68,7.00,-0.04,-0.07,-0.06
-2.49,-6.68,7.00,-0.04,-0.07,-0.06
-2.22,-6.67,6.73,-0.02,-0.09,-0.03
-2.22,-6.67,6.73,-0.02,-0.09,-0.03
-2.22,-6.67,6.73,-0.02,-0.09,-0.03
-2.22,-6.67,6.73,-0.02,-0.09,-0.03
-2.22,-6.67,6.73,-0.02,-0.09,-0.03
-2.22,-6.67,6.73,-0.02,-0.09,-0.03
-2.11,-6.72,6.59,-0.02,-0.08,-0.02
-2.11,-6.72,6.59,-0.02,-0.08,-0.02
-2.11,-6.72,6.59,-0.02,-0.08,-0.02
-2.11,-6.72,6.59,-0.02,-0.08,-0.02
-2.11,-6.72,6.59,-0.02,-0.08,-0.02
-1.99,-6.77,6.57,0.03,-0.12,-0.03
-1.99,-6.77,6.57,0.03,-0.12,-0.03
-1.99,-6.77,6.57,0.03,-0.12,-0.03
-1.99,-6.77,6.57,0.03,-0.12,-0.03
-1.99,-6.77,6.57,0.03,-0.12,-0.03
-1.92,-6.67,6.52,0.07,-0.11,-0.01
-1.92,-6.67,6.52,0.07,-0.11,-0.01
-1.92,-6.67,6.52,0.07,-0.11,-0.01
-1.92,-6.67,6.52,0.07,-0.11,-0.01
-1.92,-6.67,6.52,0.07,-0.11,-0.01
-1.92,-6.67,6.52,0.07,-0.11,-0.01
-2.10,-6.80,6.88,0.13,-0.10,-0.01
-2.10,-6.80,6.88,0.13,-0.10,-0.01
-2.10,-6.80,6.88,0.13,-0.10,-0.01
-2.10,-6.80,6.88,0.13,-0.10,-0.01
-2.10,-6.80,6.88,0.13,-0.10,-0.01
-1.97,-6.63,6.98,0.19,-0.24,-0.13
-1.97,-6.63,6.98,0.19,-0.24,-0.13
-1.97,-6.63,6.98,0.19,-0.24,-0.13
-1.97,-6.63,6.98,0.19,-0.24,-0.13
-1.97,-6.63,6.98,0.19,-0.24,-0.13
-1.87,-6.40,6.84,0.20,-0.20,-0.24
-1.87,-6.40,6.84,0.20,-0.20,-0.24
-1.87,-6.40,6.84,0.20,-0.20,-0.24
-1.87,-6.40,6.84,0.20,-0.20,-0.24
-1.87,-6.40,6.84,0.20,-0.20,-0.24
-1.87,-6.40,6.84,0.20,-0.20,-0.24
-1.86,-5.66,6.20,0.24,0.07,-0.59
-1.86,-5.66,6.20,0.24,0.07,-0.59
-1.86,-5.66,6.20,0.24,0.07,-0.59
-1.86,-5.66,6.20,0.24,0.07,-0.59
-1.86,-5.66,6.20,0.24,0.07,-0.59
-1.36,-4.81,6.00,0.45,0.16,-1.23
-1.36,-4.81,6.00,0.45,0.16,-1.23
-1.36,-4.81,6.00,0.45,0.16,-1.23
-1.36,-4.81,6.00,0.45,0.16,-1.23
-1.36,-4.81,6.00,0.45,0.16,-1.23
-0.34,-3.37,6.58,0.68,-0.16,-1.59
-0.34,-3.37,6.58,0.68,-0.16,-1.59
-0.34,-3.37,6.58,0.68,-0.16,-1.59
-0.34,-3.37,6.58,0.68,-0.16,-1.59
-0.34,-3.37,6.58,0.68,-0.16,-1.59
-0.34,-3.37,6.58,0.68,-0.16,-1.59
-0.17,-2.72,7.43,0.57,0.22,-1.72
-0.17,-2.72,7.43,0.57,0.22,-1.72
-0.17,-2.72,7.43,0.57,0.22,-1.72
-0.17,-2.72,7.43,0.57,0.22,-1.72
-0.17,-2.72,7.43,0.57,0.22,-1.72
-0.06,-2.29,6.88,0.45,0.80,-1.49
-0.06,-2.29,6.88,0.45,0.80,-1.49
-0.06,-2.29,6.88,0.45,0.80,-1.49
-0.06,-2.29,6.88,0.45,0.80,-1.49
-0.06,-2.29,6.88,0.45,0.80,-1.49
0.45,-3.58,6.00,0.45,0.80,-1.49
0.45,-3.58,6.00,0.65,0.78,-0.81
0.45,-3.58,6.00,0.65,0.78,-0.81
0.45,-3.58,6.00,0.65,0.78,-0.81
0.45,-3.58,6.00,0.65,0.78,-0.81
0.45,-3.58,6.00,0.65,0.78,-0.81
-0.01,-4.00,7.20,1.44,1.37,0.30
-0.01,-4.00,7.20,1.44,1.37,0.30
-0.01,-4.00,7.20,1.44,1.37,0.30
-0.01,-4.00,7.20,1.44,1.37,0.30
-0.01,-4.00,7.20,1.44,1.37,0.30
-3.14,-2.00,8.48,2.03,2.59,1.32
-3.14,-2.00,8.48,2.03,2.59,1.32
-3.14,-2.00,8.48,2.03,2.59,1.32
-3.14,-2.00,8.48,2.03,2.59,1.32
-3.14,-2.00,8.48,2.03,2.59,1.32
-3.14,-2.00,8.48,2.03,2.59,1.32
-7.14,0.10,9.61,2.05,2.48,2.14
-7.14,0.10,9.61,2.05,2.48,2.14
-7.14,0.10,9.61,2.05,2.48,2.14
-7.14,0.10,9.61,2.05,2.48,2.14
-7.14,0.10,9.61,2.05,2.48,2.14
-4.20,2.66,9.43,2.40,0.99,2.45
-4.20,2.66,9.43,2.40,0.99,2.45
-4.20,2.66,9.43,2.40,0.99,2.45
-4.20,2.66,9.43,2.40,0.99,2.45
-4.20,2.66,9.43,2.40,0.99,2.45
-5.54,6.43,8.81,2.81,1.71,2.42
-5.54,6.43,8.81,2.81,1.71,2.42
-5.54,6.43,8.81,2.81,1.71,2.42
-5.54,6.43,8.81,2.81,1.71,2.42
-5.54,6.43,8.81,2.81,1.71,2.42
-5.54,6.43,8.81,2.81,1.71,2.42
-6.37,9.21,5.17,2.67,2.19,2.57
-6.37,9.21,5.17,2.67,2.19,2.57
-6.37,9.21,5.17,2.67,2.19,2.57
-6.37,9.21,5.17,2.67,2.19,2.57
-6.37,9.21,5.17,2.67,2.19,2.57
-6.79,12.90,2.60,1.90,2.90,2.56
-6.79,12.90,2.60,1.90,2.90,2.56
-6.79,12.90,2.60,1.90,2.90,2.56
-6.79,12.90,2.60,1.90,2.90,2.56
-6.79,12.90,2.60,1.90,2.90,2.56
-9.13,11.71,1.87,1.90,2.90,2.17
-9.13,11.71,1.87,1.31,2.82,2.17
-9.13,11.71,1.87,1.31,2.82,2.17
-9.13,11.71,1.87,1.31,2.82,2.17
-9.13,11.71,1.87,1.31,2.82,2.17
-9.13,11.71,1.87,1.31,2.82,2.17
-2.75,11.46,1.39,1.05,-0.04,0.14
-2.75,11.46,1.39,1.05,-0.04,0.14
-2.75,11.46,1.39,1.05,-0.04,0.14
-2.75,11.46,1.39,1.05,-0.04,0.14
-2.75,11.46,1.39,1.05,-0.04,0.14
-1.66,9.46,1.19,-0.26,0.26,-0.75
-1.66,9.46,1.19,-0.26,0.26,-0.75
-1.66,9.46,1.19,-0.26,0.26,-0.75
-1.66,9.46,1.19,-0.26,0.26,-0.75
-1.66,9.46,1.19,-0.26,0.26,-0.75
-1.66,9.46,1.19,-0.26,0.26,-0.75
-3.56,8.55,-0.48,-0.12,0.19,-0.28
-3.56,8.55,-0.48,-0.12,0.19,-0.28
-3.56,8.55,-0.48,-0.12,0.19,-0.28
-3.56,8.55,-0.48,-0.12,0.19,-0.28
-3.56,8.55,-0.48,-0.12,0.19,-0.28
-2.99,9.38,0.03,0.04,-0.22,0.14
-2.99,9.38,0.03,0.04,-0.22,0.14
-2.99,9.38,0.03,0.04,-0.22,0.14
-2.99,9.38,0.03,0.04,-0.22,0.14
-2.99,9.38,0.03,0.04,-0.22,0.14
-3.23,9.47,0.01,-0.02,-0.05,0.10
-3.23,9.47,0.01,-0.02,-0.05,0.10
-3.23,9.47,0.01,-0.02,-0.05,0.10
-3.23,9.47,0.01,-0.02,-0.05,0.10
-3.23,9.47,0.01,-0.02,-0.05,0.10
-3.23,9.47,0.01,-0.02,-0.05,0.10
-3.00,9.21,-0.05,0.05,-0.16,-0.03
-3.00,9.21,-0.05,0.05,-0.16,-0.03
-3.00,9.21,-0.05,0.05,-0.16,-0.03
-3.00,9.21,-0.05,0.05,-0.16,-0.03
-3.00,9.21,-0.05,0.05,-0.16,-0.03
-3.32,9.19,-0.16,0.08,-0.10,0.02
-3.32,9.19,-0.16,0.08,-0.10,0.02
-3.32,9.19,-0.16,0.08,-0.10,0.02
-3.32,9.19,-0.16,0.08,-0.10,0.02
-3.32,9.19,-0.16,0.08,-0.10,0.02
-3.18,9.25,-0.11,0.08,-0.06,0.04
-3.18,9.25,-0.11,0.08,-0.06,0.04
-3.18,9.25,-0.11,0.08,-0.06,0.04
-3.18,9.25,-0.11,0.08,-0.06,0.04
-3.18,9.25,-0.11,0.08,-0.06,0.04
-3.18,9.25,-0.11,0.08,-0.06,0.04
-2.99,9.33,-0.07,0.06,-0.12,0.00
-2.99,9.33,-0.07,0.06,-0.12,0.00
-2.99,9.33,-0.07,0.06,-0.12,0.00
-2.99,9.33,-0.07,0.06,-0.12,0.00
-2.99,9.33,-0.07,0.06,-0.12,0.00
-3.03,9.34,-0.18,0.03,-0.11,0.02
-3.03,9.34,-0.18,0.03,-0.11,0.02
-3.03,9.34,-0.18,0.03,-0.11,0.02
-3.03,9.34,-0.18,0.03,-0.11,0.02
-3.03,9.34,-0.18,0.03,-0.11,0.02
-3.03,9.34,-0.11,0.03,-0.11,0.02
-2.98,9.33,-0.11,0.00,-0.06,0.03
-2.98,9.33,-0.11,0.00,-0.06,0.03
-2.98,9.33,-0.11,0.00,-0.06,0.03
-2.98,9.33,-0.11,0.00,-0.06,0.03
-2.98,9.33,-0.11,0.00,-0.06,0.03
-2.88,9.38,-0.11,-0.01,-0.03,-0.01
-2.88,9.38,-0.11,-0.01,-0.03,-0.01
-2.88,9.38,-0.11,-0.01,-0.03,-0.01
-2.88,9.38,-0.11,-0.01,-0.03,-0.01
-2.88,9.38,-0.11,-0.01,-0.03,-0.01
-2.56,9.38,-0.22,-0.02,0.12,-0.04
-2.56,9.38,-0.22,-0.02,0.12,-0.04
-2.56,9.38,-0.22,-0.02,0.12,-0.04
-2.56,9.38,-0.22,-0.02,0.12,-0.04
-2.56,9.38,-0.22,-0.02,0.12,-0.04
-2.56,9.38,-0.20,-0.02,0.12,-0.04
-2.91,9.34,-0.20,-0.06,0.51,0.01
-2.91,9.34,-0.20,-0.06,0.51,0.01
-2.91,9.34,-0.20,-0.06,0.51,0.01
-2.91,9.34,-0.20,-0.06,0.51,0.01
-2.91,9.34,-0.20,-0.06,0.51,0.01
-3.35,9.31,-0.07,-0.06,0.36,0.07
-3.35,9.31,-0.07,-0.06,0.36,0.07
-3.35,9.31,-0.07,-0.06,0.36,0.07
-3.35,9.31,-0.07,-0.06,0.36,0.07
-3.35,9.31,-0.07,-0.06,0.36,0.07
-3.29,9.44,0.12,0.00,0.02,0.00
-3.29,9.44,0.12,0.00,0.02,0.00
-3.29,9.44,0.12,0.00,0.02,0.00
-3.29,9.44,0.12,0.00,0.02,0.00
-3.29,9.44,0.12,0.00,0.02,0.00
-3.29,9.44,0.12,0.00,0.02,0.00
-3.80,9.53,0.12,0.07,-0.21,-0.07
-3.80,9.53,0.12,0.07,-0.21,-0.07
-3.80,9.53,0.12,0.07,-0.21,-0.07
-3.80,9.53,0.12,0.07,-0.21,-0.07
-3.80,9.53,0.12,0.07,-0.21,-0.07
-6.73,10.61,0.87,-0.01,-0.37,-0.46
-6.73,10.61,0.87,-0.01,-0.37,-0.46
-6.73,10.61,0.87,-0.01,-0.37,-0.46
-6.73,10.61,0.87,-0.01,-0.37,-0.46
-6.73,10.61,0.87,-0.01,-0.37,-0.46
-9.05,12.41,3.10,-0.65,-0.68,-1.55
-9.05,12.41,3.10,-0.65,-0.68,-1.55
-9.05,12.41,3.10,-0.65,-0.68,-1.55
-9.05,12.41,3.10,-0.65,-0.68,-1.55
-9.05,12.41,3.10,-0.65,-0.68,-1.55
-9.05,12.41,3.10,-0.65,-0.68,-1.55
-11.80,11.95,6.60,-1.45,-0.87,-3.46
-11.80,11.95,6.60,-1.45,-0.87,-3.46
-11.80,11.95,6.60,-1.45,-0.87,-3.46
-11.80,11.95,6.60,-1.45,-0.87,-3.46
-11.80,11.95,6.60,-1.45,-0.87,-3.46
-12.35,9.42,7.87,-2.31,-2.20,-4.69
-12.35,9.42,7.87,-2.31,-2.20,-4.69
-12.35,9.42,7.87,-2.31,-2.20,-4.69
-12.35,9.42,7.87,-2.31,-2.20,-4.69
-12.35,9.42,7.87,-2.31,-2.20,-4.69
-9.93,4.76,6.05,-3.35,-3.43,-4.67
-9.93,4.76,6.05,-3.35,-3.43,-4.67
-9.93,4.76,6.05,-3.35,-3.43,-4.67
-9.93,4.76,6.05,-3.35,-3.43,-4.67
-9.93,4.76,6.05,-3.35,-3.43,-4.67
-9.93,4.76,6.05,-3.35,-3.43,-4.67
-7.34,-1.05,3.89,-3.53,-3.41,-4.16
-7.34,-1.05,3.89,-3.53,-3.41,-4.16
-7.34,-1.05,3.89,-3.53,-3.41,-4.16
-7.34,-1.05,3.89,-3.53,-3.41,-4.16
-7.34,-1.05,3.89,-3.53,-3.41,-4.16
-1.40,-5.40,2.85,-2.65,-3.54,-2.90
-1.40,-5.40,2.85,-2.65,-3.54,-2.90
-1.40,-5.40,2.85,-2.65,-3.54,-2.90
-1.40,-5.40,2.85,-2.65,-3.54,-2.90
-1.40,-5.40,2.85,-2.65,-3.54,-2.90
0.91,-5.59,2.95,-1.21,-2.46,-1.21
0.91,-5.59,2.95,-1.21,-2.46,-1.21
0.91,-5.59,2.95,-1.21,-2.46,-1.21
0.91,-5.59,2.95,-1.21,-2.46,-1.21
0.91,-5.59,2.95,-1.21,-2.46,-1.21
1.03,-3.76,3.12,0.08,-1.25,0.76
1.03,-3.76,3.12,0.08,-1.25,0.76
1.03,-3.76,3.12,0.08,-1.25,0.76
1.03,-3.76,3.12,0.08,-1.25,0.76
1.03,-3.76,3.12,0.08,-1.25,0.76
1.03,-3.76,3.12,0.08,-1.25,0.76
0.25,-3.29,3.59,0.34,-0.23,1.76
0.25,-3.29,3.59,0.34,-0.23,1.76
0.25,-3.29,3.59,0.34,-0.23,1.76
0.25,-3.29,3.59,0.34,-0.23,1.76
0.25,-3.29,3.59,0.34,-0.23,1.76
-1.26,-3.98,5.03,0.30,0.25,2.03
-1.26,-3.98,5.03,0.30,0.25,2.03
-1.26,-3.98,5.03,0.30,0.25,2.03
-1.26,-3.98,5.03,0.30,0.25,2.03
-1.26,-3.98,5.03,0.30,0.25,2.03
-1.26,-3.98,5.03,0.30,0.25,2.03
-1.94,-5.57,5.76,-0.00,0.26,1.19
-1.94,-5.57,5.76,-0.00,0.26,1.19
-1.94,-5.57,5.76,-0.00,0.26,1.19
-1.94,-5.57,5.76,-0.00,0.26,1.19
-1.94,-5.57,5.76,-0.00,0.26,1.19
-2.08,-6.45,6.96,0.05,0.11,0.44
-2.08,-6.45,6.96,0.05,0.11,0.44
-2.08,-6.45,6.96,0.05,0.11,0.44
-2.08,-6.45,6.96,0.05,0.11,0.44
-2.08,-6.45,6.96,0.05,0.11,0.44
-2.07,-6.47,7.75,0.15,-0.19,0.27
-2.07,-6.47,7.75,0.15,-0.19,0.27
-2.07,-6.47,7.75,0.15,-0.19,0.27
-2.07,-6.47,7.75,0.15,-0.19,0.27
-2.07,-6.47,7.75,0.15,-0.19,0.27
-2.07,-6.47,7.75,0.15,-0.19,0.27
-2.58,-6.45,7.31,-0.08,0.01,0.26
-2.58,-6.45,7.31,-0.08,0.01,0.26
-2.58,-6.45,7.31,-0.08,0.01,0.26
-2.58,-6.45,7.31,-0.08,0.01,0.26
-2.58,-6.45,7.31,-0.08,0.01,0.26
-3.15,-6.68,6.67,-0.17,0.10,0.26
-3.15,-6.68,6.67,-0.17,0.10,0.26
-3.15,-6.68,6.67,-0.17,0.10,0.26
-3.15,-6.68,6.67,-0.17,0.10,0.26
-3.15,-6.68,6.67,-0.17,0.10,0.26
-3.19,-6.74,6.49,-0.07,0.00,0.15
-3.19,-6.74,6.49,-0.07,0.00,0.15
-3.19,-6.74,6.49,-0.07,0.00,0.15
-3.19,-6.74,6.49,-0.07,0.00,0.15
-3.19,-6.74,6.49,-0.07,0.00,0.15
-3.19,-6.74,6.49,-0.07,0.00,0.15
-2.91,-6.81,6.57,0.00,-0.06,0.03
-2.91,-6.81,6.57,0.00,-0.06,0.03
-2.91,-6.81,6.57,0.00,-0.06,0.03
-2.91,-6.81,6.57,0.00,-0.06,0.03
-2.91,-6.81,6.57,0.00,-0.06,0.03
-2.84,-6.82,6.67,0.01,-0.07,-0.02
-2.84,-6.82,6.67,0.01,-0.07,-0.02
-2.84,-6.82,6.67,0.01,-0.07,-0.02
-2.84,-6.82,6.67,0.01,-0.07,-0.02
-2.84,-6.82,6.67,0.01,-0.07,-0.02
-2.84,-6.76,6.62,0.01,-0.07,-0.02
-2.54,-6.76,6.62,0.03,-0.10,-0.02
-2.54,-6.76,6.62,0.03,-0.10,-0.02
-2.54,-6.76,6.62,0.03,-0.10,-0.02
-2.54,-6.76,6.62,0.03,-0.10,-0.02
-2.54,-6.76,6.62,0.03,-0.10,-0.02
-2.63,-6.68,6.70,0.07,-0.12,0.06
-2.63,-6.68,6.70,0.07,-0.12,0.06
-2.63,-6.68,6.70,0.07,-0.12,0.06
-2.63,-6.68,6.70,0.07,-0.12,0.06
-2.63,-6.68,6.70,0.07,-0.12,0.06
-2.69,-6.62,6.76,0.05,-0.03,0.02
-2.69,-6.62,6.76,0.05,-0.03,0.02
-2.69,-6.62,6.76,0.05,-0.03,0.02
-2.69,-6.62,6.76,0.05,-0.03,0.02
-2.69,-6.62,6.76,0.05,-0.03,0.02
-2.51,-6.43,6.72,0.05,-0.03,0.02
-2.51,-6.43,6.72,0.09,-0.09,-0.08
-2.51,-6.43,6.72,0.09,-0.09,-0.08
-2.51,-6.43,6.72,0.09,-0.09,-0.08
-2.51,-6.43,6.72,0.09,-0.09,-0.08
-2.51,-6.43,6.72,0.09,-0.09,-0.08
-2.39,-5.50,6.19,0.30,-0.21,-0.49
-2.39,-5.50,6.19,0.30,-0.21,-0.49
-2.39,-5.50,6.19,0.30,-0.21,-0.49
-2.39,-5.50,6.19,0.30,-0.21,-0.49
-2.39,-5.50,6.19,0.30,-0.21,-0.49
-1.92,-3.38,5.35,0.64,-0.09,-1.43
-1.92,-3.38,5.35,0.64,-0.09,-1.43
-1.92,-3.38,5.35,0.64,-0.09,-1.43
-1.92,-3.38,5.35,0.64,-0.09,-1.43
-1.92,-3.38,5.35,0.64,-0.09,-1.43
-1.92,-3.38,5.36,0.64,-0.09,-1.43
-1.00,-2.01,5.36,1.00,-0.02,-2.07
-1.00,-2.01,5.36,1.00,-0.02,-2.07
-1.00,-2.01,5.36,1.00,-0.02,-2.07
-1.00,-2.01,5.36,1.00,-0.02,-2.07
-1.00,-2.01,5.36,1.00,-0.02,-2.07
0.01,-1.66,5.83,1.36,0.26,-2.00
0.01,-1.66,5.83,1.36,0.26,-2.00
0.01,-1.66,5.83,1.36,0.26,-2.00
0.01,-1.66,5.83,1.36,0.26,-2.00
0.01,-1.66,5.83,1.36,0.26,-2.00
1.13,-2.37,6.32,1.65,0.76,-1.30
1.13,-2.37,6.32,1.65,0.76,-1.30
1.13,-2.37,6.32,1.65,0.76,-1.30
1.13,-2.37,6.32,1.65,0.76,-1.30
1.13,-2.37,6.32,1.65,0.76,-1.30
1.13,-2.37,6.32,1.65,0.76,-1.30
1.18,-2.12,7.10,1.85,1.85,0.03
1.18,-2.12,7.10,1.85,1.85,0.03
1.18,-2.12,7.10,1.85,1.85,0.03
1.18,-2.12,7.10,1.85,1.85,0.03
1.18,-2.12,7.10,1.85,1.85,0.03
-5.39,-0.07,7.69,1.58,3.54,1.53
-5.39,-0.07,7.69,1.58,3.54,1.53
-5.39,-0.07,7.69,1.58,3.54,1.53
-5.39,-0.07,7.69,1.58,3.54,1.53
-5.39,-0.07,7.69,1.58,3.54,1.53
-11.00,0.15,7.36,0.91,3.48,2.21
-11.00,0.15,7.36,0.91,3.48,2.21
-11.00,0.15,7.36,0.91,3.48,2.21
-11.00,0.15,7.36,0.91,3.48,2.21
-11.00,0.15,7.36,0.91,3.48,2.21
-11.00,0.15,7.36,0.91,3.48,2.21
-11.14,1.88,7.22,0.74,3.38,2.33
-11.14,1.88,7.22,0.74,3.38,2.33
-11.14,1.88,7.22,0.74,3.38,2.33
-11.14,1.88,7.22,0.74,3.38,2.33
-11.14,1.88,7.22,0.74,3.38,2.33
-7.89,3.59,6.70,1.28,1.10,2.55
-7.89,3.59,6.70,1.28,1.10,2.55
-7.89,3.59,6.70,1.28,1.10,2.55
-7.89,3.59,6.70,1.28,1.10,2.55
-7.89,3.59,6.70,1.28,1.10,2.55
-7.89,3.59,6.70,1.28,1.10,2.55
-4.19,7.45,4.63,1.96,-0.31,3.06
-4.19,7.45,4.63,1.96,-0.31,3.06
-4.19,7.45,4.63,1.96,-0.31,3.06
-4.19,7.45,4.63,1.96,-0.31,3.06
-4.19,7.45,4.63,1.96,-0.31,3.06
-5.80,15.52,3.47,2.18,1.37,3.55
-5.80,15.52,3.47,2.18,1.37,3.55
-5.80,15.52,3.47,2.18,1.37,3.55
-5.80,15.52,3.47,2.18,1.37,3.55
-5.80,15.52,3.47,2.18,1.37,3.55
-10.18,13.96,2.77,1.53,2.35,3.23
-10.18,13.96,2.77,1.53,2.35,3.23
-10.18,13.96,2.77,1.53,2.35,3.23
-10.18,13.96,2.77,1.53,2.35,3.23
-10.18,13.96,2.77,1.53,2.35,3.23
-10.18,13.96,2.77,1.53,2.35,3.23
-5.15,10.75,0.03,0.69,0.26,-0.27
-5.15,10.75,0.03,0.69,0.26,-0.27
-5.15,10.75,0.03,0.69,0.26,-0.27
-5.15,10.75,0.03,0.69,0.26,-0.27
-5.15,10.75,0.03,0.69,0.26,-0.27
-1.51,8.53,0.52,0.03,-0.28,-1.49
-1.51,8.53,0.52,0.03,-0.28,-1.49
-1.51,8.53,0.52,0.03,-0.28,-1.49
-1.51,8.53,0.52,0.03,-0.28,-1.49
-1.51,8.53,0.52,0.03,-0.28,-1.49
-1.51,8.53,0.52,0.03,-0.28,-1.49
-2.08,8.80,-0.15,0.10,0.06,0.01
-2.08,8.80,-0.15,0.10,0.06,0.01
-2.08,8.80,-0.15,0.10,0.06,0.01
-2.08,8.80,-0.15,0.10,0.06,0.01
-2.08,8.80,-0.15,0.10,0.06,0.01
-3.13,9.90,0.08,0.32,-0.29,0.74
-3.13,9.90,0.08,0.32,-0.29,0.74
-3.13,9.90,0.08,0.32,-0.29,0.74
-3.13,9.90,0.08,0.32,-0.29,0.74
-3.13,9.90,0.08,0.32,-0.29,0.74
-2.35,9.71,-0.10,0.32,-0.50,0.61
-2.35,9.71,-0.10,0.32,-0.50,0.61
-2.35,9.71,-0.10,0.32,-0.50,0.61
-2.35,9.71,-0.10,0.32,-0.50,0.61
-2.35,9.71,-0.10,0.32,-0.50,0.61
-2.35,9.71,-0.10,0.32,-0.50,0.61
-2.41,9.32,-0.54,0.19,-0.10,0.44
-2.41,9.32,-0.54,0.19,-0.10,0.44
-2.41,9.32,-0.54,0.19,-0.10,0.44
-2.41,9.32,-0.54,0.19,-0.10,0.44
-2.41,9.32,-0.54,0.19,-0.10,0.44
-2.02,9.37,-0.77,0.17,-0.21,0.45
-2.02,9.37,-0.77,0.17,-0.21,0.45
-2.02,9.37,-0.77,0.17,-0.21,0.45
-2.02,9.37,-0.77,0.17,-0.21,0.45
-2.02,9.37,-0.77,0.17,-0.21,0.45
-1.56,9.65,-0.55,0.09,0.01,0.28
-1.56,9.65,-0.55,0.09,0.01,0.28
-1.56,9.65,-0.55,0.09,0.01,0.28
-1.56,9.65,-0.55,0.09,0.01,0.28
-1.56,9.65,-0.55,0.09,0.01,0.28
-1.56,9.65,-0.55,0.09,0.01,0.28
-1.56,9.81,-0.41,0.11,0.01,0.20
-1.56,9.81,-0.41,0.11,0.01,0.20
-1.56,9.81,-0.41,0.11,0.01,0.20
-1.56,9.81,-0.41,0.11,0.01,0.20
-1.56,9.81,-0.41,0.11,0.01,0.20
-1.54,9.54,-0.58,0.11,0.02,0.14
-1.54,9.54,-0.58,0.11,0.02,0.14
-1.54,9.54,-0.58,0.11,0.02,0.14
-1.54,9.54,-0.58,0.11,0.02,0.14
-1.54,9.54,-0.58,0.11,0.02,0.14
-1.54,9.54,-0.58,0.11,0.02,0.14
-1.16,9.49,-0.78,0.11,-0.04,0.10
-1.16,9.49,-0.78,0.11,-0.04,0.10
-1.16,9.49,-0.78,0.11,-0.04,0.10
-1.16,9.49,-0.78,0.11,-0.04,0.10
-1.16,9.49,-0.78,0.11,-0.04,0.10
-1.10,9.68,-0.79,0.08,-0.01,0.09
-1.10,9.68,-0.79,0.08,-0.01,0.09
-1.10,9.68,-0.79,0.08,-0.01,0.09
-1.10,9.68,-0.79,0.08,-0.01,0.09
-1.10,9.68,-0.79,0.08,-0.01,0.09
-1.12,9.80,-0.92,0.08,0.01,0.06
-1.12,9.80,-0.92,0.05,0.01,0.06
-1.12,9.80,-0.92,0.05,0.01,0.06
-1.12,9.80,-0.92,0.05,0.01,0.06
-1.12,9.80,-0.92,0.05,0.01,0.06
-1.12,9.80,-0.92,0.05,0.01,0.06
-1.14,9.68,-0.81,0.05,0.03,0.02
-1.14,9.68,-0.81,0.05,0.03,0.02
-1.14,9.68,-0.81,0.05,0.03,0.02
-1.14,9.68,-0.81,0.05,0.03,0.02
-1.14,9.68,-0.81,0.05,0.03,0.02
-1.08,9.69,-0.96,0.05,-0.02,0.00
-1.08,9.69,-0.96,0.05,-0.02,0.00
-1.08,9.69,-0.96,0.05,-0.02,0.00
-1.08,9.69,-0.96,0.05,-0.02,0.00
-1.08,9.69,-0.96,0.05,-0.02,0.00
-1.08,9.69,-0.96,0.05,-0.02,0.00
-1.05,9.68,-1.08,0.05,-0.07,0.01
-1.05,9.68,-1.08,0.05,-0.07,0.01
-1.05,9.68,-1.08,0.05,-0.07,0.01
-1.05,9.68,-1.08,0.05,-0.07,0.01
-1.05,9.68,-1.08,0.05,-0.07,0.01
-0.98,9.67,-1.11,0.04,-0.05,0.01
-0.98,9.67,-1.11,0.04,-0.05,0.01
-0.98,9.67,-1.11,0.04,-0.05,0.01
-0.98,9.67,-1.11,0.04,-0.05,0.01
-0.98,9.67,-1.11,0.04,-0.05,0.01
-0.98,9.67,-1.11,0.04,-0.05,0.01
-0.98,9.68,-1.11,0.02,-0.03,0.01
-0.98,9.68,-1.11,0.02,-0.03,0.01
-0.98,9.68,-1.11,0.02,-0.03,0.01
-0.98,9.68,-1.11,0.02,-0.03,0.01
-0.98,9.68,-1.11,0.02,-0.03,0.01
-0.99,9.72,-1.12,0.02,-0.02,-0.01
-0.99,9.72,-1.12,0.02,-0.02,-0.01
-0.99,9.72,-1.12,0.02,-0.02,-0.01
-0.99,9.72,-1.12,0.02,-0.02,-0.01
-0.99,9.72,-1.12,0.02,-0.02,-0.01
-0.99,9.72,-1.12,0.02,-0.02,-0.01
-0.99,9.68,-1.13,0.02,0.00,-0.02
-0.99,9.68,-1.13,0.02,0.00,-0.02
-0.99,9.68,-1.13,0.02,0.00,-0.02
-0.99,9.68,-1.13,0.02,0.00,-0.02
-0.99,9.68,-1.13,0.02,0.00,-0.02
-1.08,9.67,-1.06,0.01,0.01,-0.02
-1.08,9.67,-1.06,0.01,0.01,-0.02
-1.08,9.67,-1.06,0.01,0.01,-0.02
-1.08,9.67,-1.06,0.01,0.01,-0.02
-1.08,9.67,-1.06,0.01,0.01,-0.02
-0.97,9.66,-1.14,0.02,-0.01,-0.01
-0.97,9.66,-1.14,0.02,-0.01,-0.01
-0.97,9.66,-1.14,0.02,-0.01,-0.01
-0.97,9.66,-1.14,0.02,-0.01,-0.01