-0.68,9.44,-2.28,-0.01,0.01,-0.03
-0.68,9.44,-2.28,-0.01,0.01,-0.03
-0.91,9.58,-2.08,-0.06,0.02,-0.07
-0.91,9.58,-2.08,-0.06,0.02,-0.07
-0.91,9.58,-2.08,-0.06,0.02,-0.07
-0.91,9.58,-2.08,-0.06,0.02,-0.07
-0.91,9.58,-2.08,-0.06,0.02,-0.07
-0.83,9.83,-1.73,-0.16,0.06,-0.14
-0.83,9.83,-1.73,-0.16,0.06,-0.14
-0.83,9.83,-1.73,-0.16,0.06,-0.14
-0.83,9.83,-1.73,-0.16,0.06,-0.14
-0.83,9.83,-1.73,-0.16,0.06,-0.14
-0.66,9.37,-1.87,-0.32,0.18,-0.18
-0.66,9.37,-1.87,-0.32,0.18,-0.18
-0.66,9.37,-1.87,-0.32,0.18,-0.18
-0.66,9.37,-1.87,-0.32,0.18,-0.18
-0.66,9.37,-1.87,-0.32,0.18,-0.18
-0.66,9.37,-1.87,-0.32,0.18,-0.18
-1.01,9.29,-1.41,-0.31,0.26,-0.39
-1.01,9.29,-1.41,-0.31,0.26,-0.39
-1.01,9.29,-1.41,-0.31,0.26,-0.39
-1.01,9.29,-1.41,-0.31,0.26,-0.39
-1.01,9.29,-1.41,-0.31,0.26,-0.39
-1.87,9.21,-1.03,-0.33,0.42,-0.56
-1.87,9.21,-1.03,-0.33,0.42,-0.56
-1.87,9.21,-1.03,-0.33,0.42,-0.56
-1.87,9.21,-1.03,-0.33,0.42,-0.56
-1.87,9.21,-1.03,-0.33,0.42,-0.56
-2.13,8.85,-1.48,-0.41,0.58,-0.77
-2.13,8.85,-1.48,-0.41,0.58,-0.77
-2.13,8.85,-1.48,-0.41,0.58,-0.77
-2.13,8.85,-1.48,-0.41,0.58,-0.77
-2.13,8.85,-1.48,-0.41,0.58,-0.77
-2.13,8.85,-1.48,-0.41,0.58,-0.77
-2.29,9.10,-1.67,-0.33,0.68,-0.92
-2.29,9.10,-1.67,-0.33,0.68,-0.92
-2.29,9.10,-1.67,-0.33,0.68,-0.92
-2.29,9.10,-1.67,-0.33,0.68,-0.92
-2.29,9.10,-1.67,-0.33,0.68,-0.92
-2.92,9.96,-1.35,-0.10,0.60,-0.70
-2.92,9.96,-1.35,-0.10,0.60,-0.70
-2.92,9.96,-1.35,-0.10,0.60,-0.70
-2.92,9.96,-1.35,-0.10,0.60,-0.70
-2.92,9.96,-1.35,-0.10,0.60,-0.70
-2.92,9.96,-1.35,-0.10,0.60,-0.70
-3.50,9.89,-0.98,-0.13,0.26,-0.33
-3.50,9.89,-0.98,-0.13,0.26,-0.33
-3.50,9.89,-0.98,-0.13,0.26,-0.33
-3.50,9.89,-0.98,-0.13,0.26,-0.33
-3.50,9.89,-0.98,-0.13,0.26,-0.33
-2.70,9.50,-1.53,-0.00,-0.18,-0.17
-2.70,9.50,-1.53,-0.00,-0.18,-0.17
-2.70,9.50,-1.53,-0.00,-0.18,-0.17
-2.70,9.50,-1.53,-0.00,-0.18,-0.17
-2.70,9.50,-1.53,-0.00,-0.18,-0.17
-3.15,9.25,-1.34,0.07,-0.19,-0.08
-3.15,9.25,-1.34,0.07,-0.19,-0.08
-3.15,9.25,-1.34,0.07,-0.19,-0.08
-3.15,9.25,-1.34,0.07,-0.19,-0.08
-3.15,9.25,-1.34,0.07,-0.19,-0.08
-3.15,9.25,-1.34,0.07,-0.19,-0.08
-3.58,9.27,-1.44,0.01,-0.20,0.01
-3.58,9.27,-1.44,0.01,-0.20,0.01
-3.58,9.27,-1.44,0.01,-0.20,0.01
-3.58,9.27,-1.44,0.01,-0.20,0.01
-3.58,9.27,-1.44,0.01,-0.20,0.01
-3.46,8.95,-1.64,-0.06,-0.13,-0.03
-3.46,8.95,-1.64,-0.06,-0.13,-0.03
-3.46,8.95,-1.64,-0.06,-0.13,-0.03
-3.46,8.95,-1.64,-0.06,-0.13,-0.03
-3.46,8.95,-1.64,-0.06,-0.13,-0.03
-3.46,8.95,-1.64,-0.06,-0.13,-0.03
-3.43,9.05,-1.09,-0.08,0.03,-0.12
-3.43,9.05,-1.09,-0.08,0.03,-0.12
-3.43,9.05,-1.09,-0.08,0.03,-0.12
-3.43,9.05,-1.09,-0.08,0.03,-0.12
-3.43,9.05,-1.09,-0.08,0.03,-0.12
-3.64,9.06,-0.92,-0.08,0.10,-0.10
-3.64,9.06,-0.92,-0.08,0.10,-0.10
-3.64,9.06,-0.92,-0.08,0.10,-0.10
-3.64,9.06,-0.92,-0.08,0.10,-0.10
-3.64,9.06,-0.92,-0.08,0.10,-0.10
-3.61,9.01,-0.92,-0.04,0.05,-0.03
-3.61,9.01,-0.92,-0.04,0.05,-0.03
-3.61,9.01,-0.92,-0.04,0.05,-0.03
-3.61,9.01,-0.92,-0.04,0.05,-0.03
-3.61,9.01,-0.92,-0.04,0.05,-0.03
-3.61,9.01,-0.92,-0.04,0.05,-0.03
-3.77,9.03,-0.74,-0.02,0.00,-0.00
-3.77,9.03,-0.74,-0.02,0.00,-0.00
-3.77,9.03,-0.74,-0.02,0.00,-0.00
-3.77,9.03,-0.74,-0.02,0.00,-0.00
-3.77,9.03,-0.74,-0.02,0.00,-0.00
-3.98,8.97,-0.62,-0.01,-0.04,-0.03
-3.98,8.97,-0.62,-0.01,-0.04,-0.03
-3.98,8.97,-0.62,-0.01,-0.04,-0.03
-3.98,8.97,-0.62,-0.01,-0.04,-0.03
-3.98,8.97,-0.62,-0.01,-0.04,-0.03
-3.98,8.97,-0.62,-0.01,-0.04,-0.03
-3.90,8.97,-0.56,0.00,-0.17,-0.04
-3.90,8.97,-0.56,0.00,-0.17,-0.04
-3.90,8.97,-0.56,0.00,-0.17,-0.04
-3.90,8.97,-0.56,0.00,-0.17,-0.04
-3.90,8.97,-0.56,0.00,-0.17,-0.04
-3.73,9.10,-0.50,0.03,-0.24,-0.01
-3.73,9.10,-0.50,0.03,-0.24,-0.01
-3.73,9.10,-0.50,0.03,-0.24,-0.01
-3.73,9.10,-0.50,0.03,-0.24,-0.01
-3.73,9.10,-0.50,0.03,-0.24,-0.01
-3.85,9.15,-0.45,0.02,-0.32,0.01
-3.85,9.15,-0.45,0.02,-0.32,0.01
-3.85,9.15,-0.45,0.02,-0.32,0.01
-3.85,9.15,-0.45,0.02,-0.32,0.01
-3.85,9.15,-0.45,0.02,-0.32,0.01
-3.85,9.15,-0.45,0.02,-0.32,0.01
-4.59,9.39,-0.13,-0.08,-0.43,-0.11
-4.59,9.39,-0.13,-0.08,-0.43,-0.11
-4.59,9.39,-0.13,-0.08,-0.43,-0.11
-4.59,9.39,-0.13,-0.08,-0.43,-0.11
-4.59,9.39,-0.13,-0.08,-0.43,-0.11
-5.36,9.57,0.32,-0.14,-0.62,-0.53
-5.36,9.57,0.32,-0.14,-0.62,-0.53
-5.36,9.57,0.32,-0.14,-0.62,-0.53
-5.36,9.57,0.32,-0.14,-0.62,-0.53
-5.36,9.57,0.32,-0.14,-0.62,-0.53
-5.36,9.57,0.32,-0.14,-0.62,-0.53
-6.17,9.63,1.03,-0.27,-0.67,-1.09
-6.17,9.63,1.03,-0.27,-0.67,-1.09
-6.17,9.63,1.03,-0.27,-0.67,-1.09
-6.17,9.63,1.03,-0.27,-0.67,-1.09
-6.17,9.63,1.03,-0.27,-0.67,-1.09
-9.56,9.81,1.70,-0.59,-0.22,-1.93
-9.56,9.81,1.70,-0.59,-0.22,-1.93
-9.56,9.81,1.70,-0.59,-0.22,-1.93
-9.56,9.81,1.70,-0.59,-0.22,-1.93
-9.56,9.81,1.70,-0.59,-0.22,-1.93
-11.40,8.30,2.67,-0.87,-0.49,-2.93
-11.40,8.30,2.67,-0.87,-0.49,-2.93
-11.40,8.30,2.67,-0.87,-0.49,-2.93
-11.40,8.30,2.67,-0.87,-0.49,-2.93
-11.40,8.30,2.67,-0.87,-0.49,-2.93
-11.40,8.30,2.67,-0.87,-0.49,-2.93
-12.33,5.18,2.86,-1.21,-1.05,-3.60
-12.33,5.18,2.86,-1.21,-1.05,-3.60
-12.33,5.18,2.86,-1.21,-1.05,-3.60
-12.33,5.18,2.86,-1.21,-1.05,-3.60
-12.33,5.18,2.86,-1.21,-1.05,-3.60
-11.71,1.66,2.22,-1.53,-1.71,-4.08
-11.71,1.66,2.22,-1.53,-1.71,-4.08
-11.71,1.66,2.22,-1.53,-1.71,-4.08
-11.71,1.66,2.22,-1.53,-1.71,-4.08
-11.71,1.66,2.22,-1.53,-1.71,-4.08
-9.09,-0.74,1.68,-1.82,-2.27,-4.55
-9.09,-0.74,1.68,-1.82,-2.27,-4.55
-9.09,-0.74,1.68,-1.82,-2.27,-4.55
-9.09,-0.74,1.68,-1.82,-2.27,-4.55
-9.09,-0.74,1.68,-1.82,-2.27,-4.55
-9.09,-0.74,1.68,-1.82,-2.27,-4.55
-5.62,-2.36,0.46,-1.31,-1.23,-4.84
-5.62,-2.36,0.46,-1.31,-1.23,-4.84
-5.62,-2.36,0.46,-1.31,-1.23,-4.84
-5.62,-2.36,0.46,-1.31,-1.23,-4.84
-5.62,-2.36,0.46,-1.31,-1.23,-4.84
-1.40,-3.26,2.70,-0.22,-0.64,-4.45
-1.40,-3.26,2.70,-0.22,-0.64,-4.45
-1.40,-3.26,2.70,-0.22,-0.64,-4.45
-1.40,-3.26,2.70,-0.22,-0.64,-4.45
-1.40,-3.26,2.70,-0.22,-0.64,-4.45
0.67,-3.59,5.91,0.59,1.06,-3.32
0.67,-3.59,5.91,0.59,1.06,-3.32
0.67,-3.59,5.91,0.59,1.06,-3.32
0.67,-3.59,5.91,0.59,1.06,-3.32
0.67,-3.59,5.91,0.59,1.06,-3.32
0.67,-3.59,5.91,0.59,1.06,-3.32
1.15,-4.65,6.92,0.61,1.13,-1.82
1.15,-4.65,6.92,0.61,1.13,-1.82
1.15,-4.65,6.92,0.61,1.13,-1.82
1.15,-4.65,6.92,0.61,1.13,-1.82
1.15,-4.65,6.92,0.61,1.13,-1.82
-0.08,-6.50,6.96,0.24,1.02,-0.69
-0.08,-6.50,6.96,0.24,1.02,-0.69
-0.08,-6.50,6.96,0.24,1.02,-0.69
-0.08,-6.50,6.96,0.24,1.02,-0.69
-0.08,-6.50,6.96,0.24,1.02,-0.69
-0.08,-6.50,6.96,0.24,1.02,-0.69
-0.23,-7.29,6.76,0.16,0.40,-0.25
-0.23,-7.29,6.76,0.16,0.40,-0.25
-0.23,-7.29,6.76,0.16,0.40,-0.25
-0.23,-7.29,6.76,0.16,0.40,-0.25
-0.23,-7.29,6.76,0.16,0.40,-0.25
-0.77,-7.17,6.86,0.05,0.29,-0.14
-0.77,-7.17,6.86,0.05,0.29,-0.14
-0.77,-7.17,6.86,0.05,0.29,-0.14
-0.77,-7.17,6.86,0.05,0.29,-0.14
-0.77,-7.17,6.86,0.05,0.29,-0.14
-0.75,-7.32,6.63,0.05,0.18,-0.01
-0.75,-7.32,6.63,0.00,0.18,-0.01
-0.75,-7.32,6.63,0.00,0.18,-0.01
-0.75,-7.32,6.63,0.00,0.18,-0.01
-0.75,-7.32,6.63,0.00,0.18,-0.01
-0.75,-7.32,6.63,0.00,0.18,-0.01
-0.73,-7.55,6.45,-0.02,0.08,0.04
-0.73,-7.55,6.45,-0.02,0.08,0.04
-0.73,-7.55,6.45,-0.02,0.08,0.04
-0.73,-7.55,6.45,-0.02,0.08,0.04
-0.73,-7.55,6.45,-0.02,0.08,0.04
-0.59,-7.47,6.59,-0.02,0.02,0.07
-0.59,-7.47,6.59,-0.02,0.02,0.07
-0.59,-7.47,6.59,-0.02,0.02,0.07
-0.59,-7.47,6.59,-0.02,0.02,0.07
-0.59,-7.47,6.59,-0.02,0.02,0.07
-0.59,-7.47,6.59,-0.02,0.02,0.07
-0.75,-7.46,6.71,0.03,-0.17,0.13
-0.75,-7.46,6.71,0.03,-0.17,0.13
-0.75,-7.46,6.71,0.03,-0.17,0.13
-0.75,-7.46,6.71,0.03,-0.17,0.13
-0.75,-7.46,6.71,0.03,-0.17,0.13
-0.24,-6.37,6.81,0.03,-0.36,0.28
-0.24,-6.37,6.81,0.03,-0.36,0.28
-0.24,-6.37,6.81,0.03,-0.36,0.28
-0.24,-6.37,6.81,0.03,-0.36,0.28
-0.24,-6.37,6.81,0.03,-0.36,0.28
0.06,-5.55,5.48,-0.05,-0.96,0.72
0.06,-5.55,5.48,-0.05,-0.96,0.72
0.06,-5.55,5.48,-0.05,-0.96,0.72
0.06,-5.55,5.48,-0.05,-0.96,0.72
0.06,-5.55,5.48,-0.05,-0.96,0.72
0.06,-5.55,5.48,-0.05,-0.96,0.72
0.51,-4.43,5.69,0.08,-1.09,1.55
0.51,-4.43,5.69,0.08,-1.09,1.55
0.51,-4.43,5.69,0.08,-1.09,1.55
0.51,-4.43,5.69,0.08,-1.09,1.55
0.51,-4.43,5.69,0.08,-1.09,1.55
-1.67,-4.05,5.64,0.29,-0.55,2.81
-1.67,-4.05,5.64,0.29,-0.55,2.81
-1.67,-4.05,5.64,0.29,-0.55,2.81
-1.67,-4.05,5.64,0.29,-0.55,2.81
-1.67,-4.05,5.64,0.29,-0.55,2.81
-1.67,-4.05,5.64,0.29,-0.55,2.81
-5.26,-3.25,5.57,0.58,-0.11,3.64
-5.26,-3.25,5.57,0.58,-0.11,3.64
-5.26,-3.25,5.57,0.58,-0.11,3.64
-5.26,-3.25,5.57,0.58,-0.11,3.64
-5.26,-3.25,5.57,0.58,-0.11,3.64
-6.86,-2.42,6.56,0.79,-0.12,3.71
-6.86,-2.42,6.56,0.79,-0.12,3.71
-6.86,-2.42,6.56,0.79,-0.12,3.71
-6.86,-2.42,6.56,0.79,-0.12,3.71
-6.86,-2.42,6.56,0.79,-0.12,3.71
-7.35,-1.38,7.23,1.17,-0.14,3.33
-7.35,-1.38,7.23,1.17,-0.14,3.33
-7.35,-1.38,7.23,1.17,-0.14,3.33
-7.35,-1.38,7.23,1.17,-0.14,3.33
-7.35,-1.38,7.23,1.17,-0.14,3.33
-7.35,-1.38,7.23,1.17,-0.14,3.33
-7.76,0.70,7.03,1.58,-0.13,2.79
-7.76,0.70,7.03,1.58,-0.13,2.79
-7.76,0.70,7.03,1.58,-0.13,2.79
-7.76,0.70,7.03,1.58,-0.13,2.79
-7.76,0.70,7.03,1.58,-0.13,2.79
-8.28,3.14,6.34,2.11,0.28,1.90
-8.28,3.14,6.34,2.11,0.28,1.90
-8.28,3.14,6.34,2.11,0.28,1.90
-8.28,3.14,6.34,2.11,0.28,1.90
-8.28,3.14,6.34,2.11,0.28,1.90
-8.28,3.14,6.34,2.11,0.28,1.90
-7.32,5.08,6.47,2.72,0.17,1.09
-7.32,5.08,6.47,2.72,0.17,1.09
-7.32,5.08,6.47,2.72,0.17,1.09
-7.32,5.08,6.47,2.72,0.17,1.09
-7.32,5.08,6.47,2.72,0.17,1.09
-5.33,6.67,6.43,2.66,0.16,1.01
-5.33,6.67,6.43,2.66,0.16,1.01
-5.33,6.67,6.43,2.66,0.16,1.01
-5.33,6.67,6.43,2.66,0.16,1.01
-5.33,6.67,6.43,2.66,0.16,1.01
-3.86,8.40,4.70,2.66,0.16,1.01
-3.86,8.40,4.70,2.20,1.07,1.67
-3.86,8.40,4.70,2.20,1.07,1.67
-3.86,8.40,4.70,2.20,1.07,1.67
-3.86,8.40,4.70,2.20,1.07,1.67
-3.86,8.40,4.70,2.20,1.07,1.67
-5.39,11.01,1.82,1.38,3.21,1.96
-5.39,11.01,1.82,1.38,3.21,1.96
-5.39,11.01,1.82,1.38,3.21,1.96
-5.39,11.01,1.82,1.38,3.21,1.96
-5.39,11.01,1.82,1.38,3.21,1.96
-8.17,10.88,0.49,0.60,4.06,1.20
-8.17,10.88,0.49,0.60,4.06,1.20
-8.17,10.88,0.49,0.60,4.06,1.20
-8.17,10.88,0.49,0.60,4.06,1.20
-8.17,10.88,0.49,0.60,4.06,1.20
-8.17,10.88,0.49,0.60,4.06,1.20
-4.58,10.13,0.52,0.47,1.71,-0.22
-4.58,10.13,0.52,0.47,1.71,-0.22
-4.58,10.13,0.52,0.47,1.71,-0.22
-4.58,10.13,0.52,0.47,1.71,-0.22
-4.58,10.13,0.52,0.47,1.71,-0.22
-3.04,9.24,0.63,0.12,0.97,-0.51
-3.04,9.24,0.63,0.12,0.97,-0.51
-3.04,9.24,0.63,0.12,0.97,-0.51
-3.04,9.24,0.63,0.12,0.97,-0.51
-3.04,9.24,0.63,0.12,0.97,-0.51
-4.28,8.89,-1.76,0.07,0.15,0.01
-4.28,8.89,-1.76,0.07,0.15,0.01
-4.28,8.89,-1.76,0.07,0.15,0.01
-4.28,8.89,-1.76,0.07,0.15,0.01
-4.28,8.89,-1.76,0.07,0.15,0.01
-4.28,8.89,-1.76,0.07,0.15,0.01
-3.73,9.10,-1.25,-0.00,-0.30,0.05
-3.73,9.10,-1.25,-0.00,-0.30,0.05
-3.73,9.10,-1.25,-0.00,-0.30,0.05
-3.73,9.10,-1.25,-0.00,-0.30,0.05
-3.73,9.10,-1.25,-0.00,-0.30,0.05
-3.68,9.07,-0.78,-0.10,-0.16,0.02
-3.68,9.07,-0.78,-0.10,-0.16,0.02
-3.68,9.07,-0.78,-0.10,-0.16,0.02
-3.68,9.07,-0.78,-0.10,-0.16,0.02
-3.68,9.07,-0.78,-0.10,-0.16,0.02
-3.68,8.97,-0.99,-0.10,-0.16,0.02
-3.74,8.97,-0.99,-0.12,-0.08,-0.03
-3.74,8.97,-0.99,-0.12,-0.08,-0.03
-3.74,8.97,-0.99,-0.12,-0.08,-0.03
-3.74,8.97,-0.99,-0.12,-0.08,-0.03
-3.74,8.97,-0.99,-0.12,-0.08,-0.03
-3.77,8.90,-0.87,-0.05,-0.07,-0.04
-3.77,8.90,-0.87,-0.05,-0.07,-0.04
-3.77,8.90,-0.87,-0.05,-0.07,-0.04
-3.77,8.90,-0.87,-0.05,-0.07,-0.04
-3.77,8.90,-0.87,-0.05,-0.07,-0.04
-3.75,8.94,-0.89,-0.01,-0.06,-0.01
-3.75,8.94,-0.89,-0.01,-0.06,-0.01
-3.75,8.94,-0.89,-0.01,-0.06,-0.01
-3.75,8.94,-0.89,-0.01,-0.06,-0.01
-3.75,8.94,-0.89,-0.01,-0.06,-0.01
-3.66,9.01,-0.85,-0.01,0.02,-0.02
-3.66,9.01,-0.85,-0.01,0.02,-0.02
-3.66,9.01,-0.85,-0.01,0.02,-0.02
-3.66,9.01,-0.85,-0.01,0.02,-0.02
-3.66,9.01,-0.85,-0.01,0.02,-0.02
-3.66,9.01,-0.85,-0.01,0.02,-0.02
-3.74,8.99,-0.78,-0.02,0.13,-0.03
-3.74,8.99,-0.78,-0.02,0.13,-0.03
-3.74,8.99,-0.78,-0.02,0.13,-0.03
-3.74,8.99,-0.78,-0.02,0.13,-0.03
-3.74,8.99,-0.78,-0.02,0.13,-0.03
-3.85,8.97,-0.74,-0.02,0.10,-0.02
-3.85,8.97,-0.74,-0.02,0.10,-0.02
-3.85,8.97,-0.74,-0.02,0.10,-0.02
-3.85,8.97,-0.74,-0.02,0.10,-0.02
-3.85,8.97,-0.74,-0.02,0.10,-0.02
-3.79,9.03,-0.73,-0.01,0.03,-0.02
-3.79,9.03,-0.73,-0.01,0.03,-0.02
-3.79,9.03,-0.73,-0.01,0.03,-0.02
-3.79,9.03,-0.73,-0.01,0.03,-0.02
-3.79,9.03,-0.73,-0.01,0.03,-0.02
-3.79,9.03,-0.73,-0.01,0.03,-0.02
-3.75,8.97,-0.83,0.00,0.01,-0.02
-3.75,8.97,-0.83,0.00,0.01,-0.02
-3.75,8.97,-0.83,0.00,0.01,-0.02
-3.75,8.97,-0.83,0.00,0.01,-0.02
-3.75,8.97,-0.83,0.00,0.01,-0.02
-3.73,9.01,-0.81,0.01,0.00,-0.02
-3.73,9.01,-0.81,0.01,0.00,-0.02
-3.73,9.01,-0.81,0.01,0.00,-0.02
-3.73,9.01,-0.81,0.01,0.00,-0.02
-3.73,9.01,-0.81,0.01,0.00,-0.02
-3.74,9.00,-0.82,-0.00,0.02,-0.02
-3.74,9.00,-0.82,-0.00,0.02,-0.02
-3.74,9.00,-0.82,-0.00,0.02,-0.02
-3.74,9.00,-0.82,-0.00,0.02,-0.02
-3.74,9.00,-0.82,-0.00,0.02,-0.02
-3.74,9.00,-0.82,-0.00,0.02,-0.02
-3.79,9.00,-0.76,-0.01,0.04,-0.03
-3.79,9.00,-0.76,-0.01,0.04,-0.03
-3.79,9.00,-0.76,-0.01,0.04,-0.03
-3.79,9.00,-0.76,-0.01,0.04,-0.03
-3.79,9.00,-0.76,-0.01,0.04,-0.03
-3.80,9.01,-0.77,-0.01,0.04,-0.03
-3.80,9.01,-0.77,-0.01,0.04,-0.03
-3.80,9.01,-0.77,-0.01,0.04,-0.03
-3.80,9.01,-0.77,-0.01,0.04,-0.03
-3.80,9.01,-0.77,-0.01,0.04,-0.03
-3.76,9.00,-0.82,-0.01,0.03,-0.02
-3.76,9.00,-0.82,-0.01,0.03,-0.02
-3.76,9.00,-0.82,-0.01,0.03,-0.02
-3.76,9.00,-0.82,-0.01,0.03,-0.02
-3.76,9.00,-0.82,-0.01,0.03,-0.02
-3.76,9.00,-0.82,-0.01,0.03,-0.02
-3.65,8.99,-0.92,-0.02,0.21,-0.06
-3.65,8.99,-0.92,-0.02,0.21,-0.06
-3.65,8.99,-0.92,-0.02,0.21,-0.06
-3.65,8.99,-0.92,-0.02,0.21,-0.06
-3.65,8.99,-0.92,-0.02,0.21,-0.06
-3.90,8.95,-0.93,-0.05,0.34,-0.07
-3.90,8.95,-0.93,-0.05,0.34,-0.07
-3.90,8.95,-0.93,-0.05,0.34,-0.07
-3.90,8.95,-0.93,-0.05,0.34,-0.07
-3.90,8.95,-0.93,-0.05,0.34,-0.07
-3.97,8.98,-0.87,-0.04,0.20,-0.06
-3.97,8.98,-0.87,-0.04,0.20,-0.06
-3.97,8.98,-0.87,-0.04,0.20,-0.06
-3.97,8.98,-0.87,-0.04,0.20,-0.06
-3.97,8.98,-0.87,-0.04,0.20,-0.06
-3.97,8.98,-0.87,-0.04,0.20,-0.06
-3.93,8.97,-0.85,-0.01,0.06,-0.04
-3.93,8.97,-0.85,-0.01,0.06,-0.04
-3.93,8.97,-0.85,-0.01,0.06,-0.04
-3.93,8.97,-0.85,-0.01,0.06,-0.04
-3.93,8.97,-0.85,-0.01,0.06,-0.04
-3.84,9.02,-0.95,0.00,-0.00,-0.02
-3.84,9.02,-0.95,0.00,-0.00,-0.02
-3.84,9.02,-0.95,0.00,-0.00,-0.02
-3.84,9.02,-0.95,0.00,-0.00,-0.02
-3.84,9.02,-0.95,0.00,-0.00,-0.02
-3.84,8.95,-0.97,0.00,0.00,-0.02
-3.84,8.95,-0.97,0.00,0.00,-0.02
-3.84,8.95,-0.97,0.00,0.00,-0.02
-3.84,8.95,-0.97,0.00,0.00,-0.02
-3.84,8.95,-0.97,0.00,0.00,-0.02
-3.84,8.95,-0.97,0.00,0.00,-0.02
-3.84,8.94,-0.95,0.00,0.00,-0.02
-3.84,8.94,-0.95,0.00,0.00,-0.02
-3.84,8.94,-0.95,0.00,0.00,-0.02
-3.84,8.94,-0.95,0.00,0.00,-0.02
-3.84,8.94,-0.95,0.00,0.00,-0.02
-3.93,8.95,-0.82,-0.01,0.02,-0.02
-3.93,8.95,-0.82,-0.01,0.02,-0.02
-3.93,8.95,-0.82,-0.01,0.02,-0.02
-3.93,8.95,-0.82,-0.01,0.02,-0.02
-3.93,8.95,-0.82,-0.01,0.02,-0.02
-3.94,8.97,-0.94,-0.01,-0.01,-0.00
-3.94,8.97,-0.94,-0.01,-0.01,-0.00
-3.94,8.97,-0.94,-0.01,-0.01,-0.00
-3.94,8.97,-0.94,-0.01,-0.01,-0.00
-3.94,8.97,-0.94,-0.01,-0.01,-0.00
-3.94,8.97,-0.94,-0.01,-0.01,-0.00
-3.87,8.93,-0.91,0.00,-0.05,0.02
-3.87,8.93,-0.91,0.00,-0.05,0.02
-3.87,8.93,-0.91,0.00,-0.05,0.02
-3.87,8.93,-0.91,0.00,-0.05,0.02
-3.87,8.93,-0.91,0.00,-0.05,0.02
-3.86,8.99,-0.74,0.01,-0.09,0.02
-3.86,8.99,-0.74,0.01,-0.09,0.02
-3.86,8.99,-0.74,0.01,-0.09,0.02
-3.86,8.99,-0.74,0.01,-0.09,0.02
-3.86,8.99,-0.74,0.01,-0.09,0.02
-3.86,8.99,-0.57,0.01,-0.09,0.02
-4.23,9.02,-0.57,0.01,-0.12,0.02
-4.23,9.02,-0.57,0.01,-0.12,0.02
-4.23,9.02,-0.57,0.01,-0.12,0.02
-4.23,9.02,-0.57,0.01,-0.12,0.02
-4.23,9.02,-0.57,0.01,-0.12,0.02
-4.81,9.27,-0.20,0.01,-0.29,-0.05
-4.81,9.27,-0.20,0.01,-0.29,-0.05
-4.81,9.27,-0.20,0.01,-0.29,-0.05
-4.81,9.27,-0.20,0.01,-0.29,-0.05
-4.81,9.27,-0.20,0.01,-0.29,-0.05
-7.22,10.09,0.02,-0.13,-0.56,-0.46
-7.22,10.09,0.02,-0.13,-0.56,-0.46
-7.22,10.09,0.02,-0.13,-0.56,-0.46
-7.22,10.09,0.02,-0.13,-0.56,-0.46
-7.22,10.09,0.02,-0.13,-0.56,-0.46
-7.22,10.09,0.02,-0.13,-0.56,-0.46
-9.57,10.37,0.62,-0.40,-0.71,-1.80
-9.57,10.37,0.62,-0.40,-0.71,-1.80
-9.57,10.37,0.62,-0.40,-0.71,-1.80
-9.57,10.37,0.62,-0.40,-0.71,-1.80
-9.57,10.37,0.62,-0.40,-0.71,-1.80
-12.00,8.20,0.85,-0.77,-0.15,-3.34
-12.00,8.20,0.85,-0.77,-0.15,-3.34
-12.00,8.20,0.85,-0.77,-0.15,-3.34
-12.00,8.20,0.85,-0.77,-0.15,-3.34
-12.00,8.20,0.85,-0.77,-0.15,-3.34
-12.95,4.56,0.34,-0.77,-0.02,-4.48
-12.95,4.56,0.34,-0.77,-0.02,-4.48
-12.95,4.56,0.34,-0.77,-0.02,-4.48
-12.95,4.56,0.34,-0.77,-0.02,-4.48
-12.95,4.56,0.34,-0.77,-0.02,-4.48
-12.95,4.56,0.34,-0.77,-0.02,-4.48
-11.71,1.97,-0.36,-0.24,-0.46,-4.99
-11.71,1.97,-0.36,-0.24,-0.46,-4.99
-11.71,1.97,-0.36,-0.24,-0.46,-4.99
-11.71,1.97,-0.36,-0.24,-0.46,-4.99
-11.71,1.97,-0.36,-0.24,-0.46,-4.99
-9.07,-0.55,-1.05,0.56,-0.38,-5.00
-9.07,-0.55,-1.05,0.56,-0.38,-5.00
-9.07,-0.55,-1.05,0.56,-0.38,-5.00
-9.07,-0.55,-1.05,0.56,-0.38,-5.00
-9.07,-0.55,-1.05,0.56,-0.38,-5.00
-5.33,-2.32,-0.82,1.37,0.42,-4.77
-5.33,-2.32,-0.82,1.37,0.42,-4.77
-5.33,-2.32,-0.82,1.37,0.42,-4.77
-5.33,-2.32,-0.82,1.37,0.42,-4.77
-5.33,-2.32,-0.82,1.37,0.42,-4.77
-5.33,-2.32,-0.82,1.37,0.42,-4.77
-3.41,-3.11,1.23,1.67,1.48,-3.56
-3.41,-3.11,1.23,1.67,1.48,-3.56
-3.41,-3.11,1.23,1.67,1.48,-3.56
-3.41,-3.11,1.23,1.67,1.48,-3.56
-3.41,-3.11,1.23,1.67,1.48,-3.56
-2.94,-4.56,2.53,1.48,2.36,-2.23
-2.94,-4.56,2.53,1.48,2.36,-2.23
-2.94,-4.56,2.53,1.48,2.36,-2.23
-2.94,-4.56,2.53,1.48,2.36,-2.23
-2.94,-4.56,2.53,1.48,2.36,-2.23
-4.11,-6.56,3.54,1.48,2.36,-2.23
-4.11,-6.56,3.54,1.00,2.50,-1.09
-4.11,-6.56,3.54,1.00,2.50,-1.09
-4.11,-6.56,3.54,1.00,2.50,-1.09
-4.11,-6.56,3.54,1.00,2.50,-1.09
-4.11,-6.56,3.54,1.00,2.50,-1.09
-3.94,-7.88,3.94,0.26,1.70,-0.37
-3.94,-7.88,3.94,0.26,1.70,-0.37
-3.94,-7.88,3.94,0.26,1.70,-0.37
-3.94,-7.88,3.94,0.26,1.70,-0.37
-3.94,-7.88,3.94,0.26,1.70,-0.37
-4.58,-8.75,2.19,-0.03,0.65,0.06
-4.58,-8.75,2.19,-0.03,0.65,0.06
-4.58,-8.75,2.19,-0.03,0.65,0.06
-4.58,-8.75,2.19,-0.03,0.65,0.06
-4.58,-8.75,2.19,-0.03,0.65,0.06
-4.58,-8.75,2.19,-0.03,0.65,0.06
-4.37,-8.57,2.21,0.09,0.10,0.04
-4.37,-8.57,2.21,0.09,0.10,0.04
-4.37,-8.57,2.21,0.09,0.10,0.04
-4.37,-8.57,2.21,0.09,0.10,0.04
-4.37,-8.57,2.21,0.09,0.10,0.04
-4.24,-8.66,2.28,0.06,-0.04,0.05
-4.24,-8.66,2.28,0.06,-0.04,0.05
-4.24,-8.66,2.28,0.06,-0.04,0.05
-4.24,-8.66,2.28,0.06,-0.04,0.05
-4.24,-8.66,2.28,0.06,-0.04,0.05
-4.14,-8.56,2.27,0.00,-0.07,0.04
-4.14,-8.56,2.27,0.00,-0.07,0.04
-4.14,-8.56,2.27,0.00,-0.07,0.04
-4.14,-8.56,2.27,0.00,-0.07,0.04
-4.14,-8.56,2.27,0.00,-0.07,0.04
-4.14,-8.56,2.27,0.00,-0.07,0.04
-4.25,-8.70,2.51,-0.01,-0.05,0.02
-4.25,-8.70,2.51,-0.01,-0.05,0.02
-4.25,-8.70,2.51,-0.01,-0.05,0.02
-4.25,-8.70,2.51,-0.01,-0.05,0.02
-4.25,-8.70,2.51,-0.01,-0.05,0.02
-4.27,-8.51,2.34,-0.03,-0.11,0.05
-4.27,-8.51,2.34,-0.03,-0.11,0.05
-4.27,-8.51,2.34,-0.03,-0.11,0.05
-4.27,-8.51,2.34,-0.03,-0.11,0.05
-4.27,-8.51,2.34,-0.03,-0.11,0.05
-4.35,-8.45,2.59,-0.05,-0.19,0.08
-4.35,-8.45,2.59,-0.05,-0.19,0.08
-4.35,-8.45,2.59,-0.05,-0.19,0.08
-4.35,-8.45,2.59,-0.05,-0.19,0.08
-4.35,-8.45,2.59,-0.05,-0.19,0.08
-4.35,-8.45,2.59,-0.05,-0.19,0.08
-4.74,-7.88,2.76,-0.10,-0.52,0.12
-4.74,-7.88,2.76,-0.10,-0.52,0.12
-4.74,-7.88,2.76,-0.10,-0.52,0.12
-4.74,-7.88,2.76,-0.10,-0.52,0.12
-4.74,-7.88,2.76,-0.10,-0.52,0.12
-4.03,-6.10,3.12,-0.29,-1.18,0.34
-4.03,-6.10,3.12,-0.29,-1.18,0.34
-4.03,-6.10,3.12,-0.29,-1.18,0.34
-4.03,-6.10,3.12,-0.29,-1.18,0.34
-4.03,-6.10,3.12,-0.29,-1.18,0.34
-3.90,-5.86,2.84,-0.91,-1.72,0.95
-3.90,-5.86,2.84,-0.91,-1.72,0.95
-3.90,-5.86,2.84,-0.91,-1.72,0.95
-3.90,-5.86,2.84,-0.91,-1.72,0.95
-3.90,-5.86,2.84,-0.91,-1.72,0.95
-3.90,-5.86,2.84,-0.91,-1.72,0.95
-4.93,-5.67,2.11,-1.31,-2.06,1.73
-4.93,-5.67,2.11,-1.31,-2.06,1.73
-4.93,-5.67,2.11,-1.31,-2.06,1.73
-4.93,-5.67,2.11,-1.31,-2.06,1.73
-4.93,-5.67,2.11,-1.31,-2.06,1.73
-6.63,-5.42,1.11,-1.38,-1.75,2.41
-6.63,-5.42,1.11,-1.38,-1.75,2.41
-6.63,-5.42,1.11,-1.38,-1.75,2.41
-6.63,-5.42,1.11,-1.38,-1.75,2.41
-6.63,-5.42,1.11,-1.38,-1.75,2.41
-9.08,-5.37,1.20,-1.38,-0.74,2.72
-9.08,-5.37,1.20,-1.25,-0.74,2.72
-9.08,-5.37,1.20,-1.25,-0.74,2.72
-9.08,-5.37,1.20,-1.25,-0.74,2.72
-9.08,-5.37,1.20,-1.25,-0.74,2.72
-9.08,-5.37,1.20,-1.25,-0.74,2.72
-9.05,-4.30,1.50,-0.91,-0.95,2.66
-9.05,-4.30,1.50,-0.91,-0.95,2.66
-9.05,-4.30,1.50,-0.91,-0.95,2.66
-9.05,-4.30,1.50,-0.91,-0.95,2.66
-9.05,-4.30,1.50,-0.91,-0.95,2.66
-8.27,-2.49,1.46,-0.60,-0.93,2.70
-8.27,-2.49,1.46,-0.60,-0.93,2.70
-8.27,-2.49,1.46,-0.60,-0.93,2.70
-8.27,-2.49,1.46,-0.60,-0.93,2.70
-8.27,-2.49,1.46,-0.60,-0.93,2.70
-8.27,-2.49,1.46,-0.60,-0.93,2.70
-9.01,-0.30,1.41,-0.05,-0.72,3.06
-9.01,-0.30,1.41,-0.05,-0.72,3.06
-9.01,-0.30,1.41,-0.05,-0.72,3.06
-9.01,-0.30,1.41,-0.05,-0.72,3.06
-9.01,-0.30,1.41,-0.05,-0.72,3.06
-9.38,2.05,2.50,0.80,-0.40,3.09
-9.38,2.05,2.50,0.80,-0.40,3.09
-9.38,2.05,2.50,0.80,-0.40,3.09
-9.38,2.05,2.50,0.80,-0.40,3.09
-9.38,2.05,2.50,0.80,-0.40,3.09
-8.70,4.12,3.64,1.32,-0.18,2.88
-8.70,4.12,3.64,1.32,-0.18,2.88
-8.70,4.12,3.64,1.32,-0.18,2.88
-8.70,4.12,3.64,1.32,-0.18,2.88
-8.70,4.12,3.64,1.32,-0.18,2.88
-8.70,4.12,3.64,1.32,-0.18,2.88
-7.50,6.81,2.82,1.46,-0.31,3.02
-7.50,6.81,2.82,1.46,-0.31,3.02
-7.50,6.81,2.82,1.46,-0.31,3.02
-7.50,6.81,2.82,1.46,-0.31,3.02
-7.50,6.81,2.82,1.46,-0.31,3.02
-7.18,10.18,1.36,1.26,0.32,2.96
-7.18,10.18,1.36,1.26,0.32,2.96
-7.18,10.18,1.36,1.26,0.32,2.96
-7.18,10.18,1.36,1.26,0.32,2.96
-7.18,10.18,1.36,1.26,0.32,2.96
-8.06,11.59,1.43,1.26,1.13,2.53
-8.06,11.59,1.43,1.22,1.13,2.53
-8.06,11.59,1.43,1.22,1.13,2.53
-8.06,11.59,1.43,1.22,1.13,2.53
-8.06,11.59,1.43,1.22,1.13,2.53
-8.06,11.59,1.43,1.22,1.13,2.53
-4.06,10.76,0.99,1.17,0.43,1.05
-4.06,10.76,0.99,1.17,0.43,1.05
-4.06,10.76,0.99,1.17,0.43,1.05
-4.06,10.76,0.99,1.17,0.43,1.05
-4.06,10.76,0.99,1.17,0.43,1.05
-2.85,9.62,0.97,0.28,1.43,-0.37
-2.85,9.62,0.97,0.28,1.43,-0.37
-2.85,9.62,0.97,0.28,1.43,-0.37
-2.85,9.62,0.97,0.28,1.43,-0.37
-2.85,9.62,0.97,0.28,1.43,-0.37
-2.85,9.62,0.97,0.28,1.43,-0.37
-4.08,9.21,-1.02,0.11,1.13,-0.32
-4.08,9.21,-1.02,0.11,1.13,-0.32
-4.08,9.21,-1.02,0.11,1.13,-0.32
-4.08,9.21,-1.02,0.11,1.13,-0.32
-4.08,9.21,-1.02,0.11,1.13,-0.32
-2.74,9.27,-1.32,0.15,0.03,-0.22
-2.74,9.27,-1.32,0.15,0.03,-0.22
-2.74,9.27,-1.32,0.15,0.03,-0.22
-2.74,9.27,-1.32,0.15,0.03,-0.22
-2.74,9.27,-1.32,0.15,0.03,-0.22
-3.29,9.06,-1.19,0.15,0.09,-0.08
-3.29,9.06,-1.19,0.04,0.09,-0.08
-3.29,9.06,-1.19,0.04,0.09,-0.08
-3.29,9.06,-1.19,0.04,0.09,-0.08
-3.29,9.06,-1.19,0.04,0.09,-0.08
-3.29,9.06,-1.19,0.04,0.09,-0.08
-3.55,9.11,-1.37,0.07,0.14,-0.16
-3.55,9.11,-1.37,0.07,0.14,-0.16
-3.55,9.11,-1.37,0.07,0.14,-0.16
-3.55,9.11,-1.37,0.07,0.14,-0.16
-3.55,9.11,-1.37,0.07,0.14,-0.16
-3.59,8.94,-1.52,0.04,0.05,-0.12
-3.59,8.94,-1.52,0.04,0.05,-0.12
-3.59,8.94,-1.52,0.04,0.05,-0.12
-3.59,8.94,-1.52,0.04,0.05,-0.12
-3.59,8.94,-1.52,0.04,0.05,-0.12
-3.59,8.94,-1.52,0.04,0.05,-0.12
-3.53,8.96,-1.47,0.05,0.04,-0.08
-3.53,8.96,-1.47,0.05,0.04,-0.08
-3.53,8.96,-1.47,0.05,0.04,-0.08
-3.53,8.96,-1.47,0.05,0.04,-0.08
-3.53,8.96,-1.47,0.05,0.04,-0.08
-3.50,9.02,-1.41,0.04,0.00,-0.04
-3.50,9.02,-1.41,0.04,0.00,-0.04
-3.50,9.02,-1.41,0.04,0.00,-0.04
-3.50,9.02,-1.41,0.04,0.00,-0.04
-3.50,9.02,-1.41,0.04,0.00,-0.04
-3.60,8.98,-1.47,0.00,0.01,-0.01
-3.60,8.98,-1.47,0.00,0.01,-0.01
-3.60,8.98,-1.47,0.00,0.01,-0.01
-3.60,8.98,-1.47,0.00,0.01,-0.01
-3.60,8.98,-1.47,0.00,0.01,-0.01
-3.60,8.98,-1.47,0.00,0.01,-0.01
-3.54,9.00,-1.42,-0.02,0.01,-0.01
-3.54,9.00,-1.42,-0.02,0.01,-0.01
-3.54,9.00,-1.42,-0.02,0.01,-0.01
-3.54,9.00,-1.42,-0.02,0.01,-0.01
-3.54,9.00,-1.42,-0.02,0.01,-0.01
-3.52,9.01,-1.47,-0.01,-0.00,-0.01
-3.52,9.01,-1.47,-0.01,-0.00,-0.01
-3.52,9.01,-1.47,-0.01,-0.00,-0.01
-3.52,9.01,-1.47,-0.01,-0.00,-0.01
-3.52,9.01,-1.47,-0.01,-0.00,-0.01
-3.57,9.01,-1.38,0.01,0.01,-0.02
-3.57,9.01,-1.38,0.01,0.01,-0.02
-3.57,9.01,-1.38,0.01,0.01,-0.02
-3.57,9.01,-1.38,0.01,0.01,-0.02
-3.57,9.01,-1.38,0.01,0.01,-0.02
-3.57,9.01,-1.41,0.01,0.01,-0.02
-3.59,9.01,-1.41,0.01,0.00,-0.01
-3.59,9.01,-1.41,0.01,0.00,-0.01
-3.59,9.01,-1.41,0.01,0.00,-0.01
-3.59,9.01,-1.41,0.01,0.00,-0.01
-3.59,9.01,-1.41,0.01,0.00,-0.01
-3.54,9.02,-1.40,0.01,-0.02,-0.00
-3.54,9.02,-1.40,0.01,-0.02,-0.00
-3.54,9.02,-1.40,0.01,-0.02,-0.00
-3.54,9.02,-1.40,0.01,-0.02,-0.00
-3.54,9.02,-1.40,0.01,-0.02,-0.00
-3.52,9.03,-1.44,0.00,-0.02,0.01
-3.52,9.03,-1.44,0.00,-0.02,0.01
-3.52,9.03,-1.44,0.00,-0.02,0.01
-3.52,9.03,-1.44,0.00,-0.02,0.01
-3.52,9.03,-1.44,0.00,-0.02,0.01
-3.52,9.03,-1.44,0.00,-0.02,0.01
-3.51,9.02,-1.42,-0.00,-0.02,0.01
-3.51,9.02,-1.42,-0.00,-0.02,0.01
-3.51,9.02,-1.42,-0.00,-0.02,0.01
-3.51,9.02,-1.42,-0.00,-0.02,0.01
-3.51,9.02,-1.42,-0.00,-0.02,0.01
-3.48,9.01,-1.42,0.01,-0.01,-0.00
-3.48,9.01,-1.42,0.01,-0.01,-0.00
-3.48,9.01,-1.42,0.01,-0.01,-0.00
-3.48,9.01,-1.42,0.01,-0.01,-0.00
-3.48,9.01,-1.42,0.01,-0.01,-0.00
-3.51,9.03,-1.46,0.01,-0.01,-0.01
-3.51,9.03,-1.46,0.01,-0.01,-0.01
-3.51,9.03,-1.46,0.01,-0.01,-0.01
-3.51,9.03,-1.46,0.01,-0.01,-0.01
-3.51,9.03,-1.46,0.01,-0.01,-0.01
-3.51,9.03,-1.46,0.01,-0.01,-0.01
-3.49,9.04,-1.42,0.01,-0.00,-0.01
-3.49,9.04,-1.42,0.01,-0.00,-0.01
-3.49,9.04,-1.42,0.01,-0.00,-0.01
-3.49,9.04,-1.42,0.01,-0.00,-0.01
-3.49,9.04,-1.42,0.01,-0.00,-0.01
-3.49,9.03,-1.47,-0.00,0.01,-0.01
-3.49,9.03,-1.47,-0.00,0.01,-0.01
-3.49,9.03,-1.47,-0.00,0.01,-0.01
-3.49,9.03,-1.47,-0.00,0.01,-0.01
-3.49,9.03,-1.47,-0.00,0.01,-0.01
-3.49,9.03,-1.40,-0.01,0.02,-0.02
-3.49,9.03,-1.40,-0.01,0.02,-0.02
-3.49,9.03,-1.40,-0.01,0.02,-0.02
-3.49,9.03,-1.40,-0.01,0.02,-0.02
-3.49,9.03,-1.40,-0.01,0.02,-0.02
-3.49,9.03,-1.40,-0.01,0.02,-0.02
-3.50,9.04,-1.42,0.00,0.02,-0.02
-3.50,9.04,-1.42,0.00,0.02,-0.02
-3.50,9.04,-1.42,0.00,0.02,-0.02
-3.50,9.04,-1.42,0.00,0.02,-0.02
-3.50,9.04,-1.42,0.00,0.02,-0.02
-3.49,9.03,-1.40,0.01,0.01,-0.01
-3.49,9.03,-1.40,0.01,0.01,-0.01
-3.49,9.03,-1.40,0.01,0.01,-0.01
-3.49,9.03,-1.40,0.01,0.01,-0.01
-3.49,9.03,-1.40,0.01,0.01,-0.01
-3.48,9.04,-1.44,0.01,0.02,-0.01
-3.48,9.04,-1.44,0.01,0.02,-0.01
-3.48,9.04,-1.44,0.01,0.02,-0.01
-3.48,9.04,-1.44,0.01,0.02,-0.01
-3.48,9.04,-1.44,0.01,0.02,-0.01
-3.48,9.04,-1.44,0.01,0.02,-0.01
-3.29,9.08,-1.44,-0.01,0.04,0.03
-3.29,9.08,-1.44,-0.01,0.04,0.03
-3.29,9.08,-1.44,-0.01,0.04,0.03
-3.29,9.08,-1.44,-0.01,0.04,0.03
-3.29,9.08,-1.44,-0.01,0.04,0.03
-3.40,9.00,-1.43,-0.03,0.10,0.12
-3.40,9.00,-1.43,-0.03,0.10,0.12
-3.40,9.00,-1.43,-0.03,0.10,0.12
-3.40,9.00,-1.43,-0.03,0.10,0.12
-3.40,9.00,-1.43,-0.03,0.10,0.12
-3.40,9.00,-1.43,-0.03,0.10,0.12
-3.32,9.13,-1.37,-0.03,0.08,0.14
-3.32,9.13,-1.37,-0.03,0.08,0.14
-3.32,9.13,-1.37,-0.03,0.08,0.14
-3.32,9.13,-1.37,-0.03,0.08,0.14
-3.32,9.13,-1.37,-0.03,0.08,0.14
-3.24,9.20,-1.41,0.01,0.00,0.08
-3.24,9.20,-1.41,0.01,0.00,0.08
-3.24,9.20,-1.41,0.01,0.00,0.08
-3.24,9.20,-1.41,0.01,0.00,0.08
-3.24,9.20,-1.41,0.01,0.00,0.08
-3.22,9.18,-1.30,0.02,-0.03,0.03
-3.22,9.18,-1.30,0.02,-0.03,0.03
-3.22,9.18,-1.30,0.02,-0.03,0.03
-3.22,9.18,-1.30,0.02,-0.03,0.03
-3.22,9.18,-1.30,0.02,-0.03,0.03
-3.22,9.18,-1.30,0.02,-0.03,0.03
-4.21,9.43,-1.35,0.01,-0.17,0.06
-4.21,9.43,-1.35,0.01,-0.17,0.06
-4.21,9.43,-1.35,0.01,-0.17,0.06
-4.21,9.43,-1.35,0.01,-0.17,0.06
-4.21,9.43,-1.35,0.01,-0.17,0.06
-5.84,10.52,-1.06,-0.23,-0.70,-0.14
-5.84,10.52,-1.06,-0.23,-0.70,-0.14
-5.84,10.52,-1.06,-0.23,-0.70,-0.14
-5.84,10.52,-1.06,-0.23,-0.70,-0.14
-5.84,10.52,-1.06,-0.23,-0.70,-0.14
-7.26,11.21,1.56,-1.11,-2.17,-1.45
-7.26,11.21,1.56,-1.11,-2.17,-1.45
-7.26,11.21,1.56,-1.11,-2.17,-1.45
-7.26,11.21,1.56,-1.11,-2.17,-1.45
-7.26,11.21,1.56,-1.11,-2.17,-1.45
-7.26,11.21,1.56,-1.11,-2.17,-1.45
-10.02,9.29,3.29,-1.71,-1.22,-2.99
-10.02,9.29,3.29,-1.71,-1.22,-2.99
-10.02,9.29,3.29,-1.71,-1.22,-2.99
-10.02,9.29,3.29,-1.71,-1.22,-2.99
-10.02,9.29,3.29,-1.71,-1.22,-2.99
-12.61,6.91,3.01,-1.43,-0.18,-3.74
-12.61,6.91,3.01,-1.43,-0.18,-3.74
-12.61,6.91,3.01,-1.43,-0.18,-3.74
-12.61,6.91,3.01,-1.43,-0.18,-3.74
-12.61,6.91,3.01,-1.43,-0.18,-3.74
-11.85,4.04,1.90,-1.25,0.11,-4.75
-11.85,4.04,1.90,-1.25,0.11,-4.75
-11.85,4.04,1.90,-1.25,0.11,-4.75
-11.85,4.04,1.90,-1.25,0.11,-4.75
-11.85,4.04,1.90,-1.25,0.11,-4.75
-11.85,4.04,1.90,-1.25,0.11,-4.75
-9.03,1.15,1.39,-0.66,0.25,-4.99
-9.03,1.15,1.39,-0.66,0.25,-4.99
-9.03,1.15,1.39,-0.66,0.25,-4.99
-9.03,1.15,1.39,-0.66,0.25,-4.99
-9.03,1.15,1.39,-0.66,0.25,-4.99
-5.36,-1.20,1.29,0.12,-0.42,-4.99
-5.36,-1.20,1.29,0.12,-0.42,-4.99
-5.36,-1.20,1.29,0.12,-0.42,-4.99
-5.36,-1.20,1.29,0.12,-0.42,-4.99
-5.36,-1.20,1.29,0.12,-0.42,-4.99
-2.73,-2.96,1.91,0.63,0.15,-4.30
-2.73,-2.96,1.91,0.63,0.15,-4.30
-2.73,-2.96,1.91,0.63,0.15,-4.30
-2.73,-2.96,1.91,0.63,0.15,-4.30
-2.73,-2.96,1.91,0.63,0.15,-4.30
-2.73,-2.96,1.91,0.63,0.15,-4.30
-1.68,-4.19,3.02,0.84,0.72,-2.51
-1.68,-4.19,3.02,0.84,0.72,-2.51
-1.68,-4.19,3.02,0.84,0.72,-2.51
-1.68,-4.19,3.02,0.84,0.72,-2.51
-1.68,-4.19,3.02,0.84,0.72,-2.51
-2.34,-6.87,3.98,0.37,0.87,-0.91
-2.34,-6.87,3.98,0.37,0.87,-0.91
-2.34,-6.87,3.98,0.37,0.87,-0.91
-2.34,-6.87,3.98,0.37,0.87,-0.91
-2.34,-6.87,3.98,0.37,0.87,-0.91
-3.47,-8.00,4.13,-0.07,0.58,-0.08
-3.47,-8.00,4.13,-0.07,0.58,-0.08
-3.47,-8.00,4.13,-0.07,0.58,-0.08
-3.47,-8.00,4.13,-0.07,0.58,-0.08
-3.47,-8.00,4.13,-0.07,0.58,-0.08
-3.47,-8.00,4.13,-0.07,0.58,-0.08
-3.76,-8.60,3.89,-0.22,0.05,0.22
-3.76,-8.60,3.89,-0.22,0.05,0.22
-3.76,-8.60,3.89,-0.22,0.05,0.22
-3.76,-8.60,3.89,-0.22,0.05,0.22
-3.76,-8.60,3.89,-0.22,0.05,0.22
-3.56,-8.72,3.75,-0.18,-0.09,0.18
-3.56,-8.72,3.75,-0.18,-0.09,0.18
-3.56,-8.72,3.75,-0.18,-0.09,0.18
-3.56,-8.72,3.75,-0.18,-0.09,0.18
-3.56,-8.72,3.75,-0.18,-0.09,0.18
-3.56,-8.72,3.41,-0.18,-0.09,0.18
-3.54,-8.45,3.41,-0.08,-0.06,0.04
-3.54,-8.45,3.41,-0.08,-0.06,0.04
-3.54,-8.45,3.41,-0.08,-0.06,0.04
-3.54,-8.45,3.41,-0.08,-0.06,0.04
-3.54,-8.45,3.41,-0.08,-0.06,0.04
-3.49,-8.47,3.46,-0.13,-0.14,0.09
-3.49,-8.47,3.46,-0.13,-0.14,0.09
-3.49,-8.47,3.46,-0.13,-0.14,0.09
-3.49,-8.47,3.46,-0.13,-0.14,0.09
-3.49,-8.47,3.46,-0.13,-0.14,0.09
-3.71,-8.48,3.23,-0.25,-0.16,0.12
-3.71,-8.48,3.23,-0.25,-0.16,0.12
-3.71,-8.48,3.23,-0.25,-0.16,0.12
-3.71,-8.48,3.23,-0.25,-0.16,0.12
-3.71,-8.48,3.23,-0.25,-0.16,0.12
-3.71,-8.48,3.23,-0.25,-0.16,0.12
-3.75,-8.72,3.25,-0.28,-0.17,0.12
-3.75,-8.72,3.25,-0.28,-0.17,0.12
-3.75,-8.72,3.25,-0.28,-0.17,0.12
-3.75,-8.72,3.25,-0.28,-0.17,0.12
-3.75,-8.72,3.25,-0.28,-0.17,0.12
-3.64,-8.72,3.03,-0.26,-0.22,0.11
-3.64,-8.72,3.03,-0.26,-0.22,0.11
-3.64,-8.72,3.03,-0.26,-0.22,0.11
-3.64,-8.72,3.03,-0.26,-0.22,0.11
-3.64,-8.72,3.03,-0.26,-0.22,0.11
-3.61,-8.46,3.07,-0.26,-0.19,0.14
-3.61,-8.46,3.07,-0.26,-0.19,0.14
-3.61,-8.46,3.07,-0.26,-0.19,0.14
-3.61,-8.46,3.07,-0.26,-0.19,0.14
-3.61,-8.46,3.07,-0.26,-0.19,0.14
-3.61,-8.46,3.15,-0.26,-0.19,0.14
-3.75,-8.28,3.15,-0.38,-0.20,0.23
-3.75,-8.28,3.15,-0.38,-0.20,0.23
-3.75,-8.28,3.15,-0.38,-0.20,0.23
-3.75,-8.28,3.15,-0.38,-0.20,0.23
-3.75,-8.28,3.15,-0.38,-0.20,0.23
-3.91,-7.76,2.88,-0.32,-0.60,0.30
-3.91,-7.76,2.88,-0.32,-0.60,0.30
-3.91,-7.76,2.88,-0.32,-0.60,0.30
-3.91,-7.76,2.88,-0.32,-0.60,0.30
-3.91,-7.76,2.88,-0.32,-0.60,0.30
-3.06,-6.56,2.83,0.41,-1.45,0.40
-3.06,-6.56,2.83,0.41,-1.45,0.40
-3.06,-6.56,2.83,0.41,-1.45,0.40
-3.06,-6.56,2.83,0.41,-1.45,0.40
-3.06,-6.56,2.83,0.41,-1.45,0.40
-3.06,-5.14,3.36,0.41,-1.45,0.40
-2.37,-5.14,3.36,0.94,-1.92,1.37
-2.37,-5.14,3.36,0.94,-1.92,1.37
-2.37,-5.14,3.36,0.94,-1.92,1.37
-2.37,-5.14,3.36,0.94,-1.92,1.37
-2.37,-5.14,3.36,0.94,-1.92,1.37
-4.26,-3.76,4.39,1.26,-1.66,2.72
-4.26,-3.76,4.39,1.26,-1.66,2.72
-4.26,-3.76,4.39,1.26,-1.66,2.72
-4.26,-3.76,4.39,1.26,-1.66,2.72
-4.26,-3.76,4.39,1.26,-1.66,2.72
-6.61,-2.22,5.76,1.45,-1.53,3.51
-6.61,-2.22,5.76,1.45,-1.53,3.51
-6.61,-2.22,5.76,1.45,-1.53,3.51
-6.61,-2.22,5.76,1.45,-1.53,3.51
-6.61,-2.22,5.76,1.45,-1.53,3.51
-6.61,-2.22,5.76,1.45,-1.53,3.51
-5.89,-0.02,6.78,1.94,-1.55,3.61
-5.89,-0.02,6.78,1.94,-1.55,3.61
-5.89,-0.02,6.78,1.94,-1.55,3.61
-5.89,-0.02,6.78,1.94,-1.55,3.61
-5.89,-0.02,6.78,1.94,-1.55,3.61
-6.47,2.43,7.43,2.20,0.01,3.04
-6.47,2.43,7.43,2.20,0.01,3.04
-6.47,2.43,7.43,2.20,0.01,3.04
-6.47,2.43,7.43,2.20,0.01,3.04
-6.47,2.43,7.43,2.20,0.01,3.04
-7.79,4.23,8.40,2.06,0.79,2.36
-7.79,4.23,8.40,2.06,0.79,2.36
-7.79,4.23,8.40,2.06,0.79,2.36
-7.79,4.23,8.40,2.06,0.79,2.36
-7.79,4.23,8.40,2.06,0.79,2.36
-7.79,4.23,8.40,2.06,0.79,2.36
-6.07,6.00,6.83,2.05,0.44,2.02
-6.07,6.00,6.83,2.05,0.44,2.02
-6.07,6.00,6.83,2.05,0.44,2.02
-6.07,6.00,6.83,2.05,0.44,2.02
-6.07,6.00,6.83,2.05,0.44,2.02
-4.85,8.22,5.10,1.94,0.91,2.09
-4.85,8.22,5.10,1.94,0.91,2.09
-4.85,8.22,5.10,1.94,0.91,2.09
-4.85,8.22,5.10,1.94,0.91,2.09
-4.85,8.22,5.10,1.94,0.91,2.09
-5.32,10.51,3.22,1.76,2.12,2.34
-5.32,10.51,3.22,1.76,2.12,2.34
-5.32,10.51,3.22,1.76,2.12,2.34
-5.32,10.51,3.22,1.76,2.12,2.34
-5.32,10.51,3.22,1.76,2.12,2.34
-5.32,10.51,3.22,1.76,2.12,2.34
-6.23,11.48,3.20,1.20,3.27,1.89
-6.23,11.48,3.20,1.20,3.27,1.89
-6.23,11.48,3.20,1.20,3.27,1.89
-6.23,11.48,3.20,1.20,3.27,1.89
-6.23,11.48,3.20,1.20,3.27,1.89
-3.71,10.35,2.65,0.39,2.50,0.53
-3.71,10.35,2.65,0.39,2.50,0.53
-3.71,10.35,2.65,0.39,2.50,0.53
-3.71,10.35,2.65,0.39,2.50,0.53
-3.71,10.35,2.65,0.39,2.50,0.53
-3.71,10.35,2.65,0.39,2.50,0.53
-3.73,9.02,0.67,0.35,1.63,0.02
-3.73,9.02,0.67,0.35,1.63,0.02
-3.73,9.02,0.67,0.35,1.63,0.02
-3.73,9.02,0.67,0.35,1.63,0.02
-3.73,9.02,0.67,0.35,1.63,0.02
-3.86,9.19,-1.63,0.88,1.05,-0.48
-3.86,9.19,-1.63,0.88,1.05,-0.48
-3.86,9.19,-1.63,0.88,1.05,-0.48
-3.86,9.19,-1.63,0.88,1.05,-0.48
-3.86,9.19,-1.63,0.88,1.05,-0.48
-3.22,9.39,-0.82,0.64,0.70,-0.72
-3.22,9.39,-0.82,0.64,0.70,-0.72
-3.22,9.39,-0.82,0.64,0.70,-0.72
-3.22,9.39,-0.82,0.64,0.70,-0.72
-3.22,9.39,-0.82,0.64,0.70,-0.72
-3.22,9.39,-0.82,0.64,0.70,-0.72
-2.49,9.62,-0.41,0.16,0.15,-0.23
-2.49,9.62,-0.41,0.16,0.15,-0.23
-2.49,9.62,-0.41,0.16,0.15,-0.23
-2.49,9.62,-0.41,0.16,0.15,-0.23
-2.49,9.62,-0.41,0.16,0.15,-0.23
-3.87,9.02,-1.90,0.04,-0.17,0.05
-3.87,9.02,-1.90,0.04,-0.17,0.05
-3.87,9.02,-1.90,0.04,-0.17,0.05
-3.87,9.02,-1.90,0.04,-0.17,0.05
-3.87,9.02,-1.90,0.04,-0.17,0.05
-3.87,8.81,-1.72,0.04,-0.17,0.05
-3.70,8.81,-1.72,-0.07,-0.33,0.01
-3.70,8.81,-1.72,-0.07,-0.33,0.01
-3.70,8.81,-1.72,-0.07,-0.33,0.01
-3.70,8.81,-1.72,-0.07,-0.33,0.01
-3.70,8.81,-1.72,-0.07,-0.33,0.01
-3.49,9.05,-0.96,-0.18,-0.24,-0.03
-3.49,9.05,-0.96,-0.18,-0.24,-0.03
-3.49,9.05,-0.96,-0.18,-0.24,-0.03
-3.49,9.05,-0.96,-0.18,-0.24,-0.03
-3.49,9.05,-0.96,-0.18,-0.24,-0.03
-3.32,9.22,-0.80,-0.08,-0.20,0.01
-3.32,9.22,-0.80,-0.08,-0.20,0.01
-3.32,9.22,-0.80,-0.08,-0.20,0.01
-3.32,9.22,-0.80,-0.08,-0.20,0.01
-3.32,9.22,-0.80,-0.08,-0.20,0.01
-3.32,9.22,-1.01,-0.08,-0.20,0.01
-3.45,9.07,-1.01,-0.00,-0.14,0.04
-3.45,9.07,-1.01,-0.00,-0.14,0.04
-3.45,9.07,-1.01,-0.00,-0.14,0.04
-3.45,9.07,-1.01,-0.00,-0.14,0.04
-3.45,9.07,-1.01,-0.00,-0.14,0.04
-3.50,9.04,-0.97,-0.00,-0.05,0.02
-3.50,9.04,-0.97,-0.00,-0.05,0.02
-3.50,9.04,-0.97,-0.00,-0.05,0.02
-3.50,9.04,-0.97,-0.00,-0.05,0.02
-3.50,9.04,-0.97,-0.00,-0.05,0.02
-3.44,9.12,-0.90,-0.03,0.02,0.01
-3.44,9.12,-0.90,-0.03,0.02,0.01
-3.44,9.12,-0.90,-0.03,0.02,0.01
-3.44,9.12,-0.90,-0.03,0.02,0.01
-3.44,9.12,-0.90,-0.03,0.02,0.01
-3.44,9.12,-0.90,-0.03,0.02,0.01
-3.38,9.11,-0.87,-0.01,0.02,0.01
-3.38,9.11,-0.87,-0.01,0.02,0.01
-3.38,9.11,-0.87,-0.01,0.02,0.01
-3.38,9.11,-0.87,-0.01,0.02,0.01
-3.38,9.11,-0.87,-0.01,0.02,0.01
-3.42,9.15,-0.91,0.01,0.03,-0.01
-3.42,9.15,-0.91,0.01,0.03,-0.01
-3.42,9.15,-0.91,0.01,0.03,-0.01
-3.42,9.15,-0.91,0.01,0.03,-0.01
-3.42,9.15,-0.91,0.01,0.03,-0.01
-3.43,9.12,-0.89,0.02,0.01,-0.00
-3.43,9.12,-0.89,0.02,0.01,-0.00
-3.43,9.12,-0.89,0.02,0.01,-0.00
-3.43,9.12,-0.89,0.02,0.01,-0.00
-3.43,9.12,-0.89,0.02,0.01,-0.00
-3.43,9.12,-0.89,0.02,0.01,-0.00
-3.40,9.14,-0.87,0.01,0.01,-0.00
-3.40,9.14,-0.87,0.01,0.01,-0.00
-3.40,9.14,-0.87,0.01,0.01,-0.00
-3.40,9.14,-0.87,0.01,0.01,-0.00
-3.40,9.14,-0.87,0.01,0.01,-0.00
-3.40,9.14,-0.92,0.01,-0.01,0.01
-3.40,9.14,-0.92,0.01,-0.01,0.01
-3.40,9.14,-0.92,0.01,-0.01,0.01
-3.40,9.14,-0.92,0.01,-0.01,0.01
-3.40,9.14,-0.92,0.01,-0.01,0.01
-3.40,9.12,-0.92,0.01,-0.01,0.02
-3.40,9.12,-0.92,0.02,-0.03,0.02
-3.40,9.12,-0.92,0.02,-0.03,0.02
-3.40,9.12,-0.92,0.02,-0.03,0.02
-3.40,9.12,-0.92,0.02,-0.03,0.02
-3.40,9.12,-0.92,0.02,-0.03,0.02
-3.38,9.17,-0.91,0.02,-0.03,0.02
-3.38,9.17,-0.91,0.02,-0.03,0.02
-3.38,9.17,-0.91,0.02,-0.03,0.02
-3.38,9.17,-0.91,0.02,-0.03,0.02
-3.38,9.17,-0.91,0.02,-0.03,0.02
-3.34,9.15,-0.96,0.03,-0.04,0.00
-3.34,9.15,-0.96,0.03,-0.04,0.00
-3.34,9.15,-0.96,0.03,-0.04,0.00
-3.34,9.15,-0.96,0.03,-0.04,0.00
-3.34,9.15,-0.96,0.03,-0.04,0.00
-3.34,9.15,-0.96,0.03,-0.04,0.00
-3.31,9.17,-0.98,0.02,-0.03,0.00
-3.31,9.17,-0.98,0.02,-0.03,0.00
-3.31,9.17,-0.98,0.02,-0.03,0.00
-3.31,9.17,-0.98,0.02,-0.03,0.00
-3.31,9.17,-0.98,0.02,-0.03,0.00
-3.29,9.19,-0.98,0.01,-0.01,-0.00
-3.29,9.19,-0.98,0.01,-0.01,-0.00
-3.29,9.19,-0.98,0.01,-0.01,-0.00
-3.29,9.19,-0.98,0.01,-0.01,-0.00
-3.29,9.19,-0.98,0.01,-0.01,-0.00
-3.28,9.17,-0.95,-0.00,-0.00,-0.00
-3.28,9.17,-0.95,-0.00,-0.00,-0.00
-3.28,9.17,-0.95,-0.00,-0.00,-0.00
-3.28,9.17,-0.95,-0.00,-0.00,-0.00
-3.28,9.17,-0.95,-0.00,-0.00,-0.00
-3.28,9.17,-0.95,-0.00,-0.00,-0.00
-3.27,9.20,-0.99,0.01,-0.00,-0.01
-3.27,9.20,-0.99,0.01,-0.00,-0.01
-3.27,9.20,-0.99,0.01,-0.00,-0.01
-3.27,9.20,-0.99,0.01,-0.00,-0.01
-3.27,9.20,-0.99,0.01,-0.00,-0.01
-3.34,9.17,-0.87,0.00,0.01,-0.01
-3.34,9.17,-0.87,0.00,0.01,-0.01
-3.34,9.17,-0.87,0.00,0.01,-0.01
-3.34,9.17,-0.87,0.00,0.01,-0.01
-3.34,9.17,-0.87,0.00,0.01,-0.01
-3.77,9.28,-0.67,0.01,-0.03,-0.01
-3.77,9.28,-0.67,0.01,-0.03,-0.01
-3.77,9.28,-0.67,0.01,-0.03,-0.01
-3.77,9.28,-0.67,0.01,-0.03,-0.01
-3.77,9.28,-0.67,0.01,-0.03,-0.01
-3.77,9.28,-0.67,0.01,-0.03,-0.01
-5.62,9.66,-0.47,-0.00,-0.17,-0.22
-5.62,9.66,-0.47,-0.00,-0.17,-0.22
-5.62,9.66,-0.47,-0.00,-0.17,-0.22
-5.62,9.66,-0.47,-0.00,-0.17,-0.22
-5.62,9.66,-0.47,-0.00,-0.17,-0.22
-8.45,10.62,0.23,-0.08,-0.55,-1.09
-8.45,10.62,0.23,-0.08,-0.55,-1.09
-8.45,10.62,0.23,-0.08,-0.55,-1.09
-8.45,10.62,0.23,-0.08,-0.55,-1.09
-8.45,10.62,0.23,-0.08,-0.55,-1.09
-10.60,10.90,1.13,-0.30,-1.24,-2.41
-10.60,10.90,1.13,-0.30,-1.24,-2.41
-10.60,10.90,1.13,-0.30,-1.24,-2.41
-10.60,10.90,1.13,-0.30,-1.24,-2.41
-10.60,10.90,1.13,-0.30,-1.24,-2.41
-10.60,10.90,1.13,-0.30,-1.24,-2.41
-12.39,8.93,1.51,-0.85,-0.77,-3.87
-12.39,8.93,1.51,-0.85,-0.77,-3.87
-12.39,8.93,1.51,-0.85,-0.77,-3.87
-12.39,8.93,1.51,-0.85,-0.77,-3.87
-12.39,8.93,1.51,-0.85,-0.77,-3.87
-12.64,4.97,1.77,-1.36,-0.58,-4.87
-12.64,4.97,1.77,-1.36,-0.58,-4.87
-12.64,4.97,1.77,-1.36,-0.58,-4.87
-12.64,4.97,1.77,-1.36,-0.58,-4.87
-12.64,4.97,1.77,-1.36,-0.58,-4.87
-10.90,1.64,0.87,-1.28,-0.96,-5.00
-10.90,1.64,0.87,-1.28,-0.96,-5.00
-10.90,1.64,0.87,-1.28,-0.96,-5.00
-10.90,1.64,0.87,-1.28,-0.96,-5.00
-10.90,1.64,0.87,-1.28,-0.96,-5.00
-10.90,1.64,0.87,-1.28,-0.96,-5.00
-6.87,-1.26,-0.37,-0.88,-0.90,-5.00
-6.87,-1.26,-0.37,-0.88,-0.90,-5.00
-6.87,-1.26,-0.37,-0.88,-0.90,-5.00
-6.87,-1.26,-0.37,-0.88,-0.90,-5.00
-6.87,-1.26,-0.37,-0.88,-0.90,-5.00
-2.67,-3.20,0.29,-0.12,-0.11,-4.74
-2.67,-3.20,0.29,-0.12,-0.11,-4.74
-2.67,-3.20,0.29,-0.12,-0.11,-4.74
-2.67,-3.20,0.29,-0.12,-0.11,-4.74
-2.67,-3.20,0.29,-0.12,-0.11,-4.74
-0.16,-4.74,2.61,0.62,0.49,-3.49
-0.16,-4.74,2.61,0.62,0.49,-3.49
-0.16,-4.74,2.61,0.62,0.49,-3.49
-0.16,-4.74,2.61,0.62,0.49,-3.49
-0.16,-4.74,2.61,0.62,0.49,-3.49
-0.16,-4.74,2.61,0.62,0.49,-3.49
0.57,-5.95,3.45,0.56,0.78,-1.79
0.57,-5.95,3.45,0.56,0.78,-1.79
0.57,-5.95,3.45,0.56,0.78,-1.79
0.57,-5.95,3.45,0.56,0.78,-1.79
0.57,-5.95,3.45,0.56,0.78,-1.79
-0.13,-7.43,3.07,0.21,0.74,-0.61
-0.13,-7.43,3.07,0.21,0.74,-0.61
-0.13,-7.43,3.07,0.21,0.74,-0.61
-0.13,-7.43,3.07,0.21,0.74,-0.61
-0.13,-7.43,3.07,0.21,0.74,-0.61
-1.09,-8.68,4.04,0.09,0.76,-0.11
-1.09,-8.68,4.04,0.09,0.76,-0.11
-1.09,-8.68,4.04,0.09,0.76,-0.11
-1.09,-8.68,4.04,0.09,0.76,-0.11
-1.09,-8.68,4.04,0.09,0.76,-0.11
-1.09,-8.68,4.04,0.09,0.76,-0.11
-0.99,-9.25,4.07,-0.07,0.39,-0.12
-0.99,-9.25,4.07,-0.07,0.39,-0.12
-0.99,-9.25,4.07,-0.07,0.39,-0.12
-0.99,-9.25,4.07,-0.07,0.39,-0.12
-0.99,-9.25,4.07,-0.07,0.39,-0.12
-0.62,-9.19,3.43,-0.03,0.01,-0.12
-0.62,-9.19,3.43,-0.03,0.01,-0.12
-0.62,-9.19,3.43,-0.03,0.01,-0.12
-0.62,-9.19,3.43,-0.03,0.01,-0.12
-0.62,-9.19,3.43,-0.03,0.01,-0.12
-0.89,-9.43,3.58,0.07,-0.15,-0.04
-0.89,-9.43,3.58,0.07,-0.15,-0.04
-0.89,-9.43,3.58,0.07,-0.15,-0.04
-0.89,-9.43,3.58,0.07,-0.15,-0.04
-0.89,-9.43,3.58,0.07,-0.15,-0.04
-0.89,-9.43,3.58,0.07,-0.15,-0.04
-0.29,-8.90,4.09,0.07,-0.38,-0.13
-0.29,-8.90,4.09,0.07,-0.38,-0.13
-0.29,-8.90,4.09,0.07,-0.38,-0.13
-0.29,-8.90,4.09,0.07,-0.38,-0.13
-0.29,-8.90,4.09,0.07,-0.38,-0.13
-0.45,-8.24,3.37,0.14,-0.03,-0.09
-0.45,-8.24,3.37,0.14,-0.03,-0.09
-0.45,-8.24,3.37,0.14,-0.03,-0.09
-0.45,-8.24,3.37,0.14,-0.03,-0.09
-0.45,-8.24,3.37,0.14,-0.03,-0.09
-0.50,-9.16,3.75,0.05,0.07,0.10
-0.50,-9.16,3.75,0.05,0.07,0.10
-0.50,-9.16,3.75,0.05,0.07,0.10
-0.50,-9.16,3.75,0.05,0.07,0.10
-0.50,-9.16,3.75,0.05,0.07,0.10
-0.50,-9.16,3.75,0.05,0.07,0.10
-1.03,-9.99,4.29,0.04,0.08,0.13
-1.03,-9.99,4.29,0.04,0.08,0.13
-1.03,-9.99,4.29,0.04,0.08,0.13
-1.03,-9.99,4.29,0.04,0.08,0.13
-1.03,-9.99,4.29,0.04,0.08,0.13
-0.88,-9.05,3.72,-0.05,-0.35,-0.09
-0.88,-9.05,3.72,-0.05,-0.35,-0.09
-0.88,-9.05,3.72,-0.05,-0.35,-0.09
-0.88,-9.05,3.72,-0.05,-0.35,-0.09
-0.88,-9.05,3.72,-0.05,-0.35,-0.09
0.01,-8.17,3.34,0.02,-0.37,-0.21
0.01,-8.17,3.34,0.02,-0.37,-0.21
0.01,-8.17,3.34,0.02,-0.37,-0.21
0.01,-8.17,3.34,0.02,-0.37,-0.21
0.01,-8.17,3.34,0.02,-0.37,-0.21
0.01,-8.17,3.34,0.02,-0.37,-0.21
0.48,-8.32,4.72,0.18,0.03,0.12
0.48,-8.32,4.72,0.18,0.03,0.12
0.48,-8.32,4.72,0.18,0.03,0.12
0.48,-8.32,4.72,0.18,0.03,0.12
0.48,-8.32,4.72,0.18,0.03,0.12
-0.90,-7.94,3.52,0.08,-0.09,0.43
-0.90,-7.94,3.52,0.08,-0.09,0.43
-0.90,-7.94,3.52,0.08,-0.09,0.43
-0.90,-7.94,3.52,0.08,-0.09,0.43
-0.90,-7.94,3.52,0.08,-0.09,0.43
-0.90,-7.94,3.52,0.08,-0.09,0.43
0.07,-6.24,3.95,0.02,-0.61,0.80
0.07,-6.24,3.95,0.02,-0.61,0.80
0.07,-6.24,3.95,0.02,-0.61,0.80
0.07,-6.24,3.95,0.02,-0.61,0.80
0.07,-6.24,3.95,0.02,-0.61,0.80
-0.81,-5.60,3.19,-0.10,-0.84,1.77
-0.81,-5.60,3.19,-0.10,-0.84,1.77
-0.81,-5.60,3.19,-0.10,-0.84,1.77
-0.81,-5.60,3.19,-0.10,-0.84,1.77
-0.81,-5.60,3.19,-0.10,-0.84,1.77
-2.78,-5.21,2.57,0.44,-1.39,2.97
-2.78,-5.21,2.57,0.44,-1.39,2.97
-2.78,-5.21,2.57,0.44,-1.39,2.97
-2.78,-5.21,2.57,0.44,-1.39,2.97
-2.78,-5.21,2.57,0.44,-1.39,2.97
-2.78,-5.21,2.57,0.44,-1.39,2.97
-4.81,-3.38,3.93,1.56,-1.21,3.91
-4.81,-3.38,3.93,1.56,-1.21,3.91
-4.81,-3.38,3.93,1.56,-1.21,3.91
-4.81,-3.38,3.93,1.56,-1.21,3.91
-4.81,-3.38,3.93,1.56,-1.21,3.91
-6.82,-0.27,6.24,2.45,-1.61,4.28
-6.82,-0.27,6.24,2.45,-1.61,4.28
-6.82,-0.27,6.24,2.45,-1.61,4.28
-6.82,-0.27,6.24,2.45,-1.61,4.28
-6.82,-0.27,6.24,2.45,-1.61,4.28
-7.81,2.66,10.13,2.88,-1.83,3.79
-7.81,2.66,10.13,2.88,-1.83,3.79
-7.81,2.66,10.13,2.88,-1.83,3.79
-7.81,2.66,10.13,2.88,-1.83,3.79
-7.81,2.66,10.13,2.88,-1.83,3.79
-7.81,2.66,10.13,2.88,-1.83,3.79
-7.09,3.55,9.18,2.35,0.70,2.86
-7.09,3.55,9.18,2.35,0.70,2.86
-7.09,3.55,9.18,2.35,0.70,2.86
-7.09,3.55,9.18,2.35,0.70,2.86
-7.09,3.55,9.18,2.35,0.70,2.86
-6.60,5.17,7.49,2.09,1.27,2.20
-6.60,5.17,7.49,2.09,1.27,2.20
-6.60,5.17,7.49,2.09,1.27,2.20
-6.60,5.17,7.49,2.09,1.27,2.20
-6.60,5.17,7.49,2.09,1.27,2.20
-4.95,7.75,4.78,2.09,1.27,1.85
-4.95,7.75,4.78,2.20,1.43,1.85
-4.95,7.75,4.78,2.20,1.43,1.85
-4.95,7.75,4.78,2.20,1.43,1.85
-4.95,7.75,4.78,2.20,1.43,1.85
-4.95,7.75,4.78,2.20,1.43,1.85
-5.26,10.48,2.89,2.04,2.42,1.99
-5.26,10.48,2.89,2.04,2.42,1.99
-5.26,10.48,2.89,2.04,2.42,1.99
-5.26,10.48,2.89,2.04,2.42,1.99
-5.26,10.48,2.89,2.04,2.42,1.99
-6.72,12.16,1.65,1.75,3.13,2.09
-6.72,12.16,1.65,1.75,3.13,2.09
-6.72,12.16,1.65,1.75,3.13,2.09
-6.72,12.16,1.65,1.75,3.13,2.09
-6.72,12.16,1.65,1.75,3.13,2.09
-6.72,12.16,1.65,1.75,3.13,2.09
-7.23,10.79,1.07,0.85,3.16,0.84
-7.23,10.79,1.07,0.85,3.16,0.84
-7.23,10.79,1.07,0.85,3.16,0.84
-7.23,10.79,1.07,0.85,3.16,0.84
-7.23,10.79,1.07,0.85,3.16,0.84
-4.24,9.63,1.32,0.12,1.47,-0.55
-4.24,9.63,1.32,0.12,1.47,-0.55
-4.24,9.63,1.32,0.12,1.47,-0.55
-4.24,9.63,1.32,0.12,1.47,-0.55
-4.24,9.63,1.32,0.12,1.47,-0.55
-4.24,9.01,-0.29,0.12,1.47,-0.55
-2.96,9.01,-0.29,0.12,-0.27,-0.29
-2.96,9.01,-0.29,0.12,-0.27,-0.29
-2.96,9.01,-0.29,0.12,-0.27,-0.29
-2.96,9.01,-0.29,0.12,-0.27,-0.29
-2.96,9.01,-0.29,0.12,-0.27,-0.29
-3.42,9.33,-1.50,0.12,-0.57,-0.04
-3.42,9.33,-1.50,0.12,-0.57,-0.04
-3.42,9.33,-1.50,0.12,-0.57,-0.04
-3.42,9.33,-1.50,0.12,-0.57,-0.04
-3.42,9.33,-1.50,0.12,-0.57,-0.04
-2.92,9.23,-1.21,0.03,-0.48,0.01
-2.92,9.23,-1.21,0.03,-0.48,0.01
-2.92,9.23,-1.21,0.03,-0.48,0.01
-2.92,9.23,-1.21,0.03,-0.48,0.01
-2.92,9.23,-1.21,0.03,-0.48,0.01
-2.92,9.23,-1.21,0.03,-0.48,0.01
-2.33,9.32,-0.72,0.07,-0.41,-0.01
-2.33,9.32,-0.72,0.07,-0.41,-0.01
-2.33,9.32,-0.72,0.07,-0.41,-0.01
-2.33,9.32,-0.72,0.07,-0.41,-0.01
-2.33,9.32,-0.72,0.07,-0.41,-0.01
-3.32,9.20,-0.73,0.10,-0.15,0.01
-3.32,9.20,-0.73,0.10,-0.15,0.01
-3.32,9.20,-0.73,0.10,-0.15,0.01
-3.32,9.20,-0.73,0.10,-0.15,0.01
-3.32,9.20,-0.73,0.10,-0.15,0.01
-3.43,9.11,-0.82,0.07,-0.06,0.01
-3.43,9.11,-0.82,0.07,-0.06,0.01
-3.43,9.11,-0.82,0.07,-0.06,0.01
-3.43,9.11,-0.82,0.07,-0.06,0.01
-3.43,9.11,-0.82,0.07,-0.06,0.01
-3.43,9.11,-0.82,0.07,-0.06,0.01
-2.99,9.18,-0.84,0.02,-0.07,0.02
-2.99,9.18,-0.84,0.02,-0.07,0.02
-2.99,9.18,-0.84,0.02,-0.07,0.02
-2.99,9.18,-0.84,0.02,-0.07,0.02
-2.99,9.18,-0.84,0.02,-0.07,0.02
-3.04,9.27,-0.86,0.01,-0.03,-0.00
-3.04,9.27,-0.86,0.01,-0.03,-0.00
-3.04,9.27,-0.86,0.01,-0.03,-0.00
-3.04,9.27,-0.86,0.01,-0.03,-0.00
-3.04,9.27,-0.86,0.01,-0.03,-0.00
-3.12,9.23,-0.76,-0.03,0.02,-0.02
-3.12,9.23,-0.76,-0.03,0.02,-0.02
-3.12,9.23,-0.76,-0.03,0.02,-0.02
-3.12,9.23,-0.76,-0.03,0.02,-0.02
-3.12,9.23,-0.76,-0.03,0.02,-0.02
-3.12,9.23,-0.76,-0.03,0.02,-0.02
-3.17,9.20,-0.75,-0.04,0.06,-0.01
-3.17,9.20,-0.75,-0.04,0.06,-0.01
-3.17,9.20,-0.75,-0.04,0.06,-0.01
-3.17,9.20,-0.75,-0.04,0.06,-0.01
-3.17,9.20,-0.75,-0.04,0.06,-0.01
-3.22,9.22,-0.74,-0.01,0.06,-0.04
-3.22,9.22,-0.74,-0.01,0.06,-0.04
-3.22,9.22,-0.74,-0.01,0.06,-0.04
-3.22,9.22,-0.74,-0.01,0.06,-0.04
-3.22,9.22,-0.74,-0.01,0.06,-0.04
-3.23,9.22,-0.74,-0.01,0.05,-0.05
-3.23,9.22,-0.74,-0.01,0.05,-0.05
-3.23,9.22,-0.74,-0.01,0.05,-0.05
-3.23,9.22,-0.74,-0.01,0.05,-0.05
-3.23,9.22,-0.74,-0.01,0.05,-0.05
-3.23,9.22,-0.74,-0.01,0.05,-0.05
-3.28,9.21,-0.70,-0.03,0.06,-0.03
-3.28,9.21,-0.70,-0.03,0.06,-0.03
-3.28,9.21,-0.70,-0.03,0.06,-0.03
-3.28,9.21,-0.70,-0.03,0.06,-0.03
-3.28,9.21,-0.70,-0.03,0.06,-0.03
-3.26,9.19,-0.72,-0.02,0.06,-0.01
-3.26,9.19,-0.72,-0.02,0.06,-0.01
-3.26,9.19,-0.72,-0.02,0.06,-0.01
-3.26,9.19,-0.72,-0.02,0.06,-0.01
-3.26,9.19,-0.72,-0.02,0.06,-0.01
-3.28,9.17,-0.80,-0.02,0.06,-0.01
-3.28,9.17,-0.80,0.00,0.12,-0.00
-3.28,9.17,-0.80,0.00,0.12,-0.00
-3.28,9.17,-0.80,0.00,0.12,-0.00
-3.28,9.17,-0.80,0.00,0.12,-0.00
-3.28,9.17,-0.80,0.00,0.12,-0.00
-3.06,9.25,-0.83,0.04,0.22,0.00
-3.06,9.25,-0.83,0.04,0.22,0.00
-3.06,9.25,-0.83,0.04,0.22,0.00
-3.06,9.25,-0.83,0.04,0.22,0.00
-3.06,9.25,-0.83,0.04,0.22,0.00
-3.02,9.21,-1.13,0.09,0.39,-0.03
-3.02,9.21,-1.13,0.09,0.39,-0.03
-3.02,9.21,-1.13,0.09,0.39,-0.03
-3.02,9.21,-1.13,0.09,0.39,-0.03
-3.02,9.21,-1.13,0.09,0.39,-0.03
-3.02,9.21,-1.13,0.09,0.39,-0.03
-3.34,9.21,-1.15,0.10,0.50,-0.09
-3.34,9.21,-1.15,0.10,0.50,-0.09
-3.34,9.21,-1.15,0.10,0.50,-0.09
-3.34,9.21,-1.15,0.10,0.50,-0.09
-3.34,9.21,-1.15,0.10,0.50,-0.09
-3.44,9.20,-1.02,0.08,0.28,-0.08
-3.44,9.20,-1.02,0.08,0.28,-0.08
-3.44,9.20,-1.02,0.08,0.28,-0.08
-3.44,9.20,-1.02,0.08,0.28,-0.08
-3.44,9.20,-1.02,0.08,0.28,-0.08
-4.41,9.14,-0.55,0.10,-0.14,0.01
-4.41,9.14,-0.55,0.10,-0.14,0.01
-4.41,9.14,-0.55,0.10,-0.14,0.01
-4.41,9.14,-0.55,0.10,-0.14,0.01
-4.41,9.14,-0.55,0.10,-0.14,0.01
-4.41,9.14,-0.55,0.10,-0.14,0.01
-6.22,9.60,-0.68,0.11,-0.64,-0.14
-6.22,9.60,-0.68,0.11,-0.64,-0.14
-6.22,9.60,-0.68,0.11,-0.64,-0.14
-6.22,9.60,-0.68,0.11,-0.64,-0.14
-6.22,9.60,-0.68,0.11,-0.64,-0.14
-9.04,10.99,-0.67,-0.15,-1.15,-0.98
-9.04,10.99,-0.67,-0.15,-1.15,-0.98
-9.04,10.99,-0.67,-0.15,-1.15,-0.98
-9.04,10.99,-0.67,-0.15,-1.15,-0.98
-9.04,10.99,-0.67,-0.15,-1.15,-0.98
-10.47,11.86,-0.21,-0.32,-1.80,-2.52
-10.47,11.86,-0.21,-0.32,-1.80,-2.52
-10.47,11.86,-0.21,-0.32,-1.80,-2.52
-10.47,11.86,-0.21,-0.32,-1.80,-2.52
-10.47,11.86,-0.21,-0.32,-1.80,-2.52
-10.47,11.86,-0.21,-0.32,-1.80,-2.52
-11.70,9.24,0.61,-0.84,-1.34,-3.96
-11.70,9.24,0.61,-0.84,-1.34,-3.96
-11.70,9.24,0.61,-0.84,-1.34,-3.96
-11.70,9.24,0.61,-0.84,-1.34,-3.96
-11.70,9.24,0.61,-0.84,-1.34,-3.96
-11.23,5.81,1.10,-1.45,-1.65,-4.90
-11.23,5.81,1.10,-1.45,-1.65,-4.90
-11.23,5.81,1.10,-1.45,-1.65,-4.90
-11.23,5.81,1.10,-1.45,-1.65,-4.90
-11.23,5.81,1.10,-1.45,-1.65,-4.90
-9.37,2.15,1.44,-1.61,-1.45,-5.00
-9.37,2.15,1.44,-1.61,-1.45,-5.00
-9.37,2.15,1.44,-1.61,-1.45,-5.00
-9.37,2.15,1.44,-1.61,-1.45,-5.00
-9.37,2.15,1.44,-1.61,-1.45,-5.00
-9.37,2.15,1.44,-1.61,-1.45,-5.00
-5.26,-0.88,1.26,-1.09,-1.01,-5.00
-5.26,-0.88,1.26,-1.09,-1.01,-5.00
-5.26,-0.88,1.26,-1.09,-1.01,-5.00
-5.26,-0.88,1.26,-1.09,-1.01,-5.00
-5.26,-0.88,1.26,-1.09,-1.01,-5.00
-1.10,-2.97,2.06,0.05,-0.20,-4.47
-1.10,-2.97,2.06,0.05,-0.20,-4.47
-1.10,-2.97,2.06,0.05,-0.20,-4.47
-1.10,-2.97,2.06,0.05,-0.20,-4.47
-1.10,-2.97,2.06,0.05,-0.20,-4.47
0.08,-4.55,4.19,0.87,0.36,-2.70
0.08,-4.55,4.19,0.87,0.36,-2.70
0.08,-4.55,4.19,0.87,0.36,-2.70
0.08,-4.55,4.19,0.87,0.36,-2.70
0.08,-4.55,4.19,0.87,0.36,-2.70
0.08,-4.55,4.19,0.87,0.36,-2.70
-0.42,-6.60,5.29,0.68,0.46,-1.18
-0.42,-6.60,5.29,0.68,0.46,-1.18
-0.42,-6.60,5.29,0.68,0.46,-1.18
-0.42,-6.60,5.29,0.68,0.46,-1.18
-0.42,-6.60,5.29,0.68,0.46,-1.18
-1.27,-7.58,5.26,0.29,0.40,-0.25
-1.27,-7.58,5.26,0.29,0.40,-0.25
-1.27,-7.58,5.26,0.29,0.40,-0.25
-1.27,-7.58,5.26,0.29,0.40,-0.25
-1.27,-7.58,5.26,0.29,0.40,-0.25
-2.01,-7.74,5.41,0.14,0.08,0.04
-2.01,-7.74,5.41,0.14,0.08,0.04
-2.01,-7.74,5.41,0.14,0.08,0.04
-2.01,-7.74,5.41,0.14,0.08,0.04
-2.01,-7.74,5.41,0.14,0.08,0.04
-2.01,-7.74,5.41,0.14,0.08,0.04
-1.95,-7.81,5.48,0.07,-0.11,-0.00
-1.95,-7.81,5.48,0.07,-0.11,-0.00
-1.95,-7.81,5.48,0.07,-0.11,-0.00
-1.95,-7.81,5.48,0.07,-0.11,-0.00
-1.95,-7.81,5.48,0.07,-0.11,-0.00
-1.44,-8.24,5.62,-0.08,0.08,-0.06
-1.44,-8.24,5.62,-0.08,0.08,-0.06
-1.44,-8.24,5.62,-0.08,0.08,-0.06
-1.44,-8.24,5.62,-0.08,0.08,-0.06
-1.44,-8.24,5.62,-0.08,0.08,-0.06
-1.44,-8.24,5.62,-0.08,0.08,-0.06
-2.44,-8.47,5.50,-0.16,0.03,0.01
-2.44,-8.47,5.50,-0.16,0.03,0.01
-2.44,-8.47,5.50,-0.16,0.03,0.01
-2.44,-8.47,5.50,-0.16,0.03,0.01
-2.44,-8.47,5.50,-0.16,0.03,0.01
-2.00,-8.09,5.48,0.02,-0.99,0.27
-2.00,-8.09,5.48,0.02,-0.99,0.27
-2.00,-8.09,5.48,0.02,-0.99,0.27
-2.00,-8.09,5.48,0.02,-0.99,0.27
-2.00,-8.09,5.48,0.02,-0.99,0.27
-0.96,-7.86,5.15,0.18,-1.08,0.32
-0.96,-7.86,5.15,0.18,-1.08,0.32
-0.96,-7.86,5.15,0.18,-1.08,0.32
-0.96,-7.86,5.15,0.18,-1.08,0.32
-0.96,-7.86,5.15,0.18,-1.08,0.32
-0.96,-7.86,5.15,0.18,-1.08,0.32
-0.46,-7.37,5.89,0.19,-0.30,0.14
-0.46,-7.37,5.89,0.19,-0.30,0.14
-0.46,-7.37,5.89,0.19,-0.30,0.14
-0.46,-7.37,5.89,0.19,-0.30,0.14
-0.46,-7.37,5.89,0.19,-0.30,0.14
-1.30,-8.08,5.58,-0.12,0.52,-0.01
-1.30,-8.08,5.58,-0.12,0.52,-0.01
-1.30,-8.08,5.58,-0.12,0.52,-0.01
-1.30,-8.08,5.58,-0.12,0.52,-0.01
-1.30,-8.08,5.58,-0.12,0.52,-0.01
-2.74,-8.72,5.60,-0.27,0.42,-0.02
-2.74,-8.72,5.60,-0.27,0.42,-0.02
-2.74,-8.72,5.60,-0.27,0.42,-0.02
-2.74,-8.72,5.60,-0.27,0.42,-0.02
-2.74,-8.72,5.60,-0.27,0.42,-0.02
-2.74,-8.72,5.60,-0.27,0.42,-0.02
-1.69,-8.06,5.29,0.05,-0.98,0.26
-1.69,-8.06,5.29,0.05,-0.98,0.26
-1.69,-8.06,5.29,0.05,-0.98,0.26
-1.69,-8.06,5.29,0.05,-0.98,0.26
-1.69,-8.06,5.29,0.05,-0.98,0.26
-0.74,-7.36,5.82,0.31,-1.16,0.36
-0.74,-7.36,5.82,0.31,-1.16,0.36
-0.74,-7.36,5.82,0.31,-1.16,0.36
-0.74,-7.36,5.82,0.31,-1.16,0.36
-0.74,-7.36,5.82,0.31,-1.16,0.36
-0.12,-7.58,6.17,0.03,-0.66,0.19
-0.12,-7.58,6.17,0.03,-0.66,0.19
-0.12,-7.58,6.17,0.03,-0.66,0.19
-0.12,-7.58,6.17,0.03,-0.66,0.19
-0.12,-7.58,6.17,0.03,-0.66,0.19
-0.12,-7.58,6.17,0.03,-0.66,0.19
-1.26,-8.21,5.64,-0.28,0.40,-0.02
-1.26,-8.21,5.64,-0.28,0.40,-0.02
-1.26,-8.21,5.64,-0.28,0.40,-0.02
-1.26,-8.21,5.64,-0.28,0.40,-0.02
-1.26,-8.21,5.64,-0.28,0.40,-0.02
-1.45,-7.34,5.64,-0.32,0.53,-0.04
-1.45,-7.34,5.64,-0.32,0.53,-0.04
-1.45,-7.34,5.64,-0.32,0.53,-0.04
-1.45,-7.34,5.64,-0.32,0.53,-0.04
-1.45,-7.34,5.64,-0.32,0.53,-0.04
-1.90,-6.68,4.61,-0.42,0.19,0.29
-1.90,-6.68,4.61,-0.42,0.19,0.29
-1.90,-6.68,4.61,-0.42,0.19,0.29
-1.90,-6.68,4.61,-0.42,0.19,0.29
-1.90,-6.68,4.61,-0.42,0.19,0.29
-1.90,-6.68,4.61,-0.42,0.19,0.29
-0.92,-6.26,4.43,-0.49,-0.44,0.72
-0.92,-6.26,4.43,-0.49,-0.44,0.72
-0.92,-6.26,4.43,-0.49,-0.44,0.72
-0.92,-6.26,4.43,-0.49,-0.44,0.72
-0.92,-6.26,4.43,-0.49,-0.44,0.72
-1.70,-5.21,4.13,0.12,-0.33,1.91
-1.70,-5.21,4.13,0.12,-0.33,1.91
-1.70,-5.21,4.13,0.12,-0.33,1.91
-1.70,-5.21,4.13,0.12,-0.33,1.91
-1.70,-5.21,4.13,0.12,-0.33,1.91
-4.32,-4.28,3.24,0.62,-0.55,3.14
-4.32,-4.28,3.24,0.62,-0.55,3.14
-4.32,-4.28,3.24,0.62,-0.55,3.14
-4.32,-4.28,3.24,0.62,-0.55,3.14
-4.32,-4.28,3.24,0.62,-0.55,3.14
-4.32,-4.28,3.24,0.62,-0.55,3.14
-6.88,-2.89,4.15,1.05,0.60,3.69
-6.88,-2.89,4.15,1.05,0.60,3.69
-6.88,-2.89,4.15,1.05,0.60,3.69
-6.88,-2.89,4.15,1.05,0.60,3.69
-6.88,-2.89,4.15,1.05,0.60,3.69
-8.60,-1.16,5.79,1.44,0.22,3.75
-8.60,-1.16,5.79,1.44,0.22,3.75
-8.60,-1.16,5.79,1.44,0.22,3.75
-8.60,-1.16,5.79,1.44,0.22,3.75
-8.60,-1.16,5.79,1.44,0.22,3.75
-8.60,1.48,6.48,1.44,0.22,3.75
-8.00,1.48,6.48,2.08,-1.05,3.61
-8.00,1.48,6.48,2.08,-1.05,3.61
-8.00,1.48,6.48,2.08,-1.05,3.61
-8.00,1.48,6.48,2.08,-1.05,3.61
-8.00,1.48,6.48,2.08,-1.05,3.61
-7.17,4.62,6.30,2.66,-0.83,3.01
-7.17,4.62,6.30,2.66,-0.83,3.01
-7.17,4.62,6.30,2.66,-0.83,3.01
-7.17,4.62,6.30,2.66,-0.83,3.01
-7.17,4.62,6.30,2.66,-0.83,3.01
-4.94,7.73,4.68,2.74,0.35,2.48
-4.94,7.73,4.68,2.74,0.35,2.48
-4.94,7.73,4.68,2.74,0.35,2.48
-4.94,7.73,4.68,2.74,0.35,2.48
-4.94,7.73,4.68,2.74,0.35,2.48
-4.94,7.73,4.68,2.74,0.35,2.48
-5.24,10.87,2.37,2.36,2.39,2.50
-5.24,10.87,2.37,2.36,2.39,2.50
-5.24,10.87,2.37,2.36,2.39,2.50
-5.24,10.87,2.37,2.36,2.39,2.50
-5.24,10.87,2.37,2.36,2.39,2.50
-7.26,12.90,0.29,1.64,3.70,2.41
-7.26,12.90,0.29,1.64,3.70,2.41
-7.26,12.90,0.29,1.64,3.70,2.41
-7.26,12.90,0.29,1.64,3.70,2.41
-7.26,12.90,0.29,1.64,3.70,2.41
-6.57,11.25,-0.21,1.16,3.00,1.46
-6.57,11.25,-0.21,1.16,3.00,1.46
-6.57,11.25,-0.21,1.16,3.00,1.46
-6.57,11.25,-0.21,1.16,3.00,1.46
-6.57,11.25,-0.21,1.16,3.00,1.46
-6.57,11.25,-0.21,1.16,3.00,1.46
-3.33,9.95,0.38,0.44,2.08,-0.28
-3.33,9.95,0.38,0.44,2.08,-0.28
-3.33,9.95,0.38,0.44,2.08,-0.28
-3.33,9.95,0.38,0.44,2.08,-0.28
-3.33,9.95,0.38,0.44,2.08,-0.28
-2.09,9.42,-1.43,0.28,0.40,-0.07
-2.09,9.42,-1.43,0.28,0.40,-0.07
-2.09,9.42,-1.43,0.28,0.40,-0.07
-2.09,9.42,-1.43,0.28,0.40,-0.07
-2.09,9.42,-1.43,0.28,0.40,-0.07
-2.09,9.42,-1.43,0.28,0.40,-0.07
-1.66,9.71,-2.34,0.19,-0.34,0.31
-1.66,9.71,-2.34,0.19,-0.34,0.31
-1.66,9.71,-2.34,0.19,-0.34,0.31
-1.66,9.71,-2.34,0.19,-0.34,0.31
-1.66,9.71,-2.34,0.19,-0.34,0.31
-1.78,9.87,-1.79,0.00,-0.08,0.35
-1.78,9.87,-1.79,0.00,-0.08,0.35
-1.78,9.87,-1.79,0.00,-0.08,0.35
-1.78,9.87,-1.79,0.00,-0.08,0.35
-1.78,9.87,-1.79,0.00,-0.08,0.35
-1.38,9.67,-1.70,-0.10,-0.02,0.27
-1.38,9.67,-1.70,-0.10,-0.02,0.27
-1.38,9.67,-1.70,-0.10,-0.02,0.27
-1.38,9.67,-1.70,-0.10,-0.02,0.27
-1.38,9.67,-1.70,-0.10,-0.02,0.27
-1.38,9.67,-1.70,-0.10,-0.02,0.27
-1.10,9.53,-1.69,-0.01,0.08,0.08
-1.10,9.53,-1.69,-0.01,0.08,0.08
-1.10,9.53,-1.69,-0.01,0.08,0.08
-1.10,9.53,-1.69,-0.01,0.08,0.08
-1.10,9.53,-1.69,-0.01,0.08,0.08
-1.40,9.37,-1.77,0.01,0.11,0.07
-1.40,9.37,-1.77,0.01,0.11,0.07
-1.40,9.37,-1.77,0.01,0.11,0.07
-1.40,9.37,-1.77,0.01,0.11,0.07
-1.40,9.37,-1.77,0.01,0.11,0.07
-1.20,9.42,-1.66,-0.01,0.10,0.09
-1.20,9.42,-1.66,-0.01,0.10,0.09
-1.20,9.42,-1.66,-0.01,0.10,0.09
-1.20,9.42,-1.66,-0.01,0.10,0.09
-1.20,9.42,-1.66,-0.01,0.10,0.09
-1.20,9.42,-1.66,-0.01,0.10,0.09
-1.10,9.45,-1.68,0.02,-0.05,0.14
-1.10,9.45,-1.68,0.02,-0.05,0.14
-1.10,9.45,-1.68,0.02,-0.05,0.14
-1.10,9.45,-1.68,0.02,-0.05,0.14
-1.10,9.45,-1.68,0.02,-0.05,0.14
-0.87,9.56,-1.90,0.07,-0.11,0.14
-0.87,9.56,-1.90,0.07,-0.11,0.14
-0.87,9.56,-1.90,0.07,-0.11,0.14
-0.87,9.56,-1.90,0.07,-0.11,0.14
-0.87,9.56,-1.90,0.07,-0.11,0.14
-0.69,9.57,-1.95,0.06,-0.06,0.13
-0.69,9.57,-1.95,0.06,-0.06,0.13
-0.69,9.57,-1.95,0.06,-0.06,0.13
-0.69,9.57,-1.95,0.06,-0.06,0.13
-0.69,9.57,-1.95,0.06,-0.06,0.13
-0.69,9.57,-1.95,0.06,-0.06,0.13
-0.65,9.50,-1.87,0.03,0.03,0.12
-0.65,9.50,-1.87,0.03,0.03,0.12
-0.65,9.50,-1.87,0.03,0.03,0.12
-0.65,9.50,-1.87,0.03,0.03,0.12
-0.65,9.50,-1.87,0.03,0.03,0.12
-0.72,9.58,-1.70,-0.00,0.07,0.09
-0.72,9.58,-1.70,-0.00,0.07,0.09
-0.72,9.58,-1.70,-0.00,0.07,0.09
-0.72,9.58,-1.70,-0.00,0.07,0.09
-0.72,9.58,-1.70,-0.00,0.07,0.09
-0.72,9.60,-1.81,0.01,0.04,0.07
-0.72,9.60,-1.81,0.01,0.04,0.07
-0.72,9.60,-1.81,0.01,0.04,0.07
-0.72,9.60,-1.81,0.01,0.04,0.07
-0.72,9.60,-1.81,0.01,0.04,0.07
-0.72,9.60,-1.81,0.01,0.04,0.07
-0.61,9.58,-1.82,0.04,-0.00,0.06
-0.61,9.58,-1.82,0.04,-0.00,0.06
-0.61,9.58,-1.82,0.04,-0.00,0.06
-0.61,9.58,-1.82,0.04,-0.00,0.06
-0.61,9.58,-1.82,0.04,-0.00,0.06
-0.49,9.52,-1.88,0.06,-0.03,0.05
-0.49,9.52,-1.88,0.06,-0.03,0.05
-0.49,9.52,-1.88,0.06,-0.03,0.05
-0.49,9.52,-1.88,0.06,-0.03,0.05
-0.49,9.52,-1.88,0.06,-0.03,0.05
-0.49,9.52,-1.88,0.06,-0.03,0.05
-0.44,9.57,-2.03,0.06,-0.06,0.07
-0.44,9.57,-2.03,0.06,-0.06,0.07
-0.44,9.57,-2.03,0.06,-0.06,0.07
-0.44,9.57,-2.03,0.06,-0.06,0.07
-0.44,9.57,-2.03,0.06,-0.06,0.07
-0.26,9.53,-1.99,0.05,-0.07,0.08
-0.26,9.53,-1.99,0.05,-0.07,0.08
-0.26,9.53,-1.99,0.05,-0.07,0.08
-0.26,9.53,-1.99,0.05,-0.07,0.08
-0.26,9.53,-1.99,0.05,-0.07,0.08
-0.26,9.53,-1.99,0.05,-0.07,0.08
-0.34,9.54,-2.13,0.05,-0.07,0.06
-0.34,9.54,-2.13,0.05,-0.07,0.06
-0.34,9.54,-2.13,0.05,-0.07,0.06
-0.34,9.54,-2.13,0.05,-0.07,0.06
-0.34,9.54,-2.13,0.05,-0.07,0.06
-0.30,9.53,-2.14,0.05,-0.06,0.04
-0.30,9.53,-2.14,0.05,-0.06,0.04
-0.30,9.53,-2.14,0.05,-0.06,0.04
-0.30,9.53,-2.14,0.05,-0.06,0.04
-0.30,9.53,-2.14,0.05,-0.06,0.04
-0.30,9.53,-2.14,0.05,-0.06,0.04
-0.13,9.56,-2.20,0.04,-0.07,0.02
-0.13,9.56,-2.20,0.04,-0.07,0.02
-0.13,9.56,-2.20,0.04,-0.07,0.02
-0.13,9.56,-2.20,0.04,-0.07,0.02
-0.13,9.56,-2.20,0.04,-0.07,0.02
-0.11,9.57,-2.19,0.03,-0.05,0.02
-0.11,9.57,-2.19,0.03,-0.05,0.02
-0.11,9.57,-2.19,0.03,-0.05,0.02
-0.11,9.57,-2.19,0.03,-0.05,0.02
-0.11,9.57,-2.19,0.03,-0.05,0.02
-0.20,9.51,-2.17,0.03,-0.05,0.00
-0.20,9.51,-2.17,0.02,-0.02,0.00
-0.20,9.51,-2.17,0.02,-0.02,0.00
-0.20,9.51,-2.17,0.02,-0.02,0.00
-0.20,9.51,-2.17,0.02,-0.02,0.00
-0.20,9.51,-2.17,0.02,-0.02,0.00
-0.20,9.54,-2.12,0.03,-0.02,-0.00
-0.20,9.54,-2.12,0.03,-0.02,-0.00
-0.20,9.54,-2.12,0.03,-0.02,-0.00
-0.20,9.54,-2.12,0.03,-0.02,-0.00
-0.20,9.54,-2.12,0.03,-0.02,-0.00
-0.17,9.55,-2.20,0.02,-0.02,-0.00
-0.17,9.55,-2.20,0.02,-0.02,-0.00
-0.17,9.55,-2.20,0.02,-0.02,-0.00
-0.17,9.55,-2.20,0.02,-0.02,-0.00
-0.17,9.55,-2.20,0.02,-0.02,-0.00
-0.17,9.55,-2.20,0.02,-0.02,-0.00
-0.17,9.57,-2.19,0.01,0.00,-0.01
-0.17,9.57,-2.19,0.01,0.00,-0.01
-0.17,9.57,-2.19,0.01,0.00,-0.01