-8.32,1.04,5.27,-0.01,0.00,-0.01
-8.32,1.04,5.27,-0.01,0.00,-0.01
-8.32,1.04,5.27,-0.01,0.00,-0.01
-8.32,1.04,5.27,-0.01,0.00,-0.01
-8.32,1.04,5.27,-0.01,0.00,-0.01
-8.32,0.98,5.27,-0.02,-0.00,-0.00
-8.32,0.98,5.27,-0.02,-0.00,-0.00
-8.32,0.98,5.27,-0.02,-0.00,-0.00
-8.32,0.98,5.27,-0.02,-0.00,-0.00
-8.32,0.98,5.27,-0.02,-0.00,-0.00
-8.32,0.95,5.25,-0.02,-0.01,0.00
-8.32,0.95,5.25,-0.02,-0.01,0.00
-8.32,0.95,5.25,-0.02,-0.01,0.00
-8.32,0.95,5.25,-0.02,-0.01,0.00
-8.32,0.95,5.25,-0.02,-0.01,0.00
-8.32,0.95,5.25,-0.02,-0.01,0.00
-8.27,1.06,5.31,-0.01,-0.01,0.01
-8.27,1.06,5.31,-0.01,-0.01,0.01
-8.27,1.06,5.31,-0.01,-0.01,0.01
-8.27,1.06,5.31,-0.01,-0.01,0.01
-8.27,1.06,5.31,-0.01,-0.01,0.01
-8.29,1.12,5.37,0.02,0.00,-0.01
-8.29,1.12,5.37,0.02,0.00,-0.01
-8.29,1.12,5.37,0.02,0.00,-0.01
-8.29,1.12,5.37,0.02,0.00,-0.01
-8.29,1.12,5.37,0.02,0.00,-0.01
-8.29,1.12,5.37,0.02,0.00,-0.01
-8.27,1.11,5.28,-0.01,-0.00,-0.01
-8.27,1.11,5.28,-0.01,-0.00,-0.01
-8.27,1.11,5.28,-0.01,-0.00,-0.01
-8.27,1.11,5.28,-0.01,-0.00,-0.01
-8.27,1.11,5.28,-0.01,-0.00,-0.01
-8.30,1.01,5.30,-0.02,0.00,-0.02
-8.30,1.01,5.30,-0.02,0.00,-0.02
-8.30,1.01,5.30,-0.02,0.00,-0.02
-8.30,1.01,5.30,-0.02,0.00,-0.02
-8.30,1.01,5.30,-0.02,0.00,-0.02
-8.30,1.01,5.30,-0.02,0.00,-0.02
-8.30,0.89,5.29,-0.04,-0.00,-0.02
-8.30,0.89,5.29,-0.04,-0.00,-0.02
-8.30,0.89,5.29,-0.04,-0.00,-0.02
-8.30,0.89,5.29,-0.04,-0.00,-0.02
-8.30,0.89,5.29,-0.04,-0.00,-0.02
-8.26,0.92,5.32,-0.04,0.00,-0.01
-8.26,0.92,5.32,-0.04,0.00,-0.01
-8.26,0.92,5.32,-0.04,0.00,-0.01
-8.26,0.92,5.32,-0.04,0.00,-0.01
-8.26,0.92,5.32,-0.04,0.00,-0.01
-8.27,0.96,5.32,-0.02,-0.00,0.00
-8.27,0.96,5.32,-0.02,-0.00,0.00
-8.27,0.96,5.32,-0.02,-0.00,0.00
-8.27,0.96,5.32,-0.02,-0.00,0.00
-8.27,0.96,5.32,-0.02,-0.00,0.00
-8.27,0.96,5.32,-0.02,-0.00,0.00
-8.30,1.07,5.37,0.00,-0.01,0.01
-8.30,1.07,5.37,0.00,-0.01,0.01
-8.30,1.07,5.37,0.00,-0.01,0.01
-8.30,1.07,5.37,0.00,-0.01,0.01
-8.30,1.07,5.37,0.00,-0.01,0.01
-8.30,1.07,5.32,-0.00,0.00,-0.01
-8.30,1.07,5.32,-0.00,0.00,-0.01
-8.30,1.07,5.32,-0.00,0.00,-0.01
-8.30,1.07,5.32,-0.00,0.00,-0.01
-8.30,1.07,5.32,-0.00,0.00,-0.01
-8.30,1.07,5.32,-0.00,0.00,-0.01
-8.27,0.97,5.34,-0.01,0.00,-0.01
-8.27,0.97,5.34,-0.01,0.00,-0.01
-8.27,0.97,5.34,-0.01,0.00,-0.01
-8.27,0.97,5.34,-0.01,0.00,-0.01
-8.27,0.97,5.34,-0.01,0.00,-0.01
-8.27,0.92,5.32,-0.02,0.00,-0.01
-8.27,0.92,5.32,-0.02,0.00,-0.01
-8.27,0.92,5.32,-0.02,0.00,-0.01
-8.27,0.92,5.32,-0.02,0.00,-0.01
-8.27,0.92,5.32,-0.02,0.00,-0.01
-8.27,0.94,5.34,-0.01,0.00,-0.00
-8.27,0.94,5.34,-0.01,0.00,-0.00
-8.27,0.94,5.34,-0.01,0.00,-0.00
-8.27,0.94,5.34,-0.01,0.00,-0.00
-8.27,0.94,5.34,-0.01,0.00,-0.00
-8.27,0.94,5.34,-0.01,0.00,-0.00
-8.27,0.99,5.34,0.00,0.00,0.00
-8.27,0.99,5.34,0.00,0.00,0.00
-8.27,0.99,5.34,0.00,0.00,0.00
-8.27,0.99,5.34,0.00,0.00,0.00
-8.27,0.99,5.34,0.00,0.00,0.00
-8.27,1.02,5.36,-0.00,0.00,-0.00
-8.27,1.02,5.36,-0.00,0.00,-0.00
-8.27,1.02,5.36,-0.00,0.00,-0.00
-8.27,1.02,5.36,-0.00,0.00,-0.00
-8.27,1.02,5.36,-0.00,0.00,-0.00
-8.27,1.02,5.36,-0.00,0.00,-0.00
-8.28,1.00,5.34,-0.01,0.01,-0.01
-8.28,1.00,5.34,-0.01,0.01,-0.01
-8.28,1.00,5.34,-0.01,0.01,-0.01
-8.28,1.00,5.34,-0.01,0.01,-0.01
-8.28,1.00,5.34,-0.01,0.01,-0.01
-8.28,0.96,5.34,-0.01,0.01,-0.01
-8.28,0.96,5.34,-0.01,0.01,-0.01
-8.28,0.96,5.34,-0.01,0.01,-0.01
-8.28,0.96,5.34,-0.01,0.01,-0.01
-8.28,0.96,5.34,-0.01,0.01,-0.01
-8.27,0.95,5.33,-0.01,0.01,-0.01
-8.27,0.95,5.33,-0.01,0.00,-0.01
-8.27,0.95,5.33,-0.01,0.00,-0.01
-8.27,0.95,5.33,-0.01,0.00,-0.01
-8.27,0.95,5.33,-0.01,0.00,-0.01
-8.27,0.95,5.33,-0.01,0.00,-0.01
-8.28,0.97,5.35,-0.01,0.00,-0.00
-8.28,0.97,5.35,-0.01,0.00,-0.00
-8.28,0.97,5.35,-0.01,0.00,-0.00
-8.28,0.97,5.35,-0.01,0.00,-0.00
-8.28,0.97,5.35,-0.01,0.00,-0.00
-8.27,1.00,5.35,-0.00,0.00,-0.00
-8.27,1.00,5.35,-0.00,0.00,-0.00
-8.27,1.00,5.35,-0.00,0.00,-0.00
-8.27,1.00,5.35,-0.00,0.00,-0.00
-8.27,1.00,5.35,-0.00,0.00,-0.00
-8.27,1.00,5.35,-0.00,0.00,-0.00
-8.27,0.99,5.35,-0.00,0.01,-0.00
-8.27,0.99,5.35,-0.00,0.01,-0.00
-8.27,0.99,5.35,-0.00,0.01,-0.00
-8.27,0.99,5.35,-0.00,0.01,-0.00
-8.27,0.99,5.35,-0.00,0.01,-0.00
-8.27,0.97,5.34,-0.00,0.01,-0.01
-8.27,0.97,5.34,-0.00,0.01,-0.01
-8.27,0.97,5.34,-0.00,0.01,-0.01
-8.27,0.97,5.34,-0.00,0.01,-0.01
-8.27,0.97,5.34,-0.00,0.01,-0.01
-8.27,0.98,5.34,-0.00,0.01,-0.00
-8.27,0.98,5.34,-0.00,0.01,-0.00
-8.27,0.98,5.34,-0.00,0.01,-0.00
-8.27,0.98,5.34,-0.00,0.01,-0.00
-8.27,0.98,5.34,-0.00,0.01,-0.00
-8.27,0.98,5.34,-0.00,0.01,-0.00
-8.26,0.98,5.34,-0.01,0.01,-0.00
-8.26,0.98,5.34,-0.01,0.01,-0.00
-8.26,0.98,5.34,-0.01,0.01,-0.00
-8.26,0.98,5.34,-0.01,0.01,-0.00
-8.26,0.98,5.34,-0.01,0.01,-0.00
-8.30,0.93,5.33,-0.01,-0.00,-0.01
-8.30,0.93,5.33,-0.01,-0.00,-0.01
-8.30,0.93,5.33,-0.01,-0.00,-0.01
-8.30,0.93,5.33,-0.01,-0.00,-0.01
-8.30,0.93,5.33,-0.01,-0.00,-0.01
-8.30,0.93,5.33,-0.01,-0.00,-0.01
-8.31,0.98,5.33,0.00,-0.00,-0.00
-8.31,0.98,5.33,0.00,-0.00,-0.00
-8.31,0.98,5.33,0.00,-0.00,-0.00
-8.31,0.98,5.33,0.00,-0.00,-0.00
-8.31,0.98,5.33,0.00,-0.00,-0.00
-8.23,1.03,5.36,0.00,-0.01,-0.00
-8.23,1.03,5.36,0.00,-0.01,-0.00
-8.23,1.03,5.36,0.00,-0.01,-0.00
-8.23,1.03,5.36,0.00,-0.01,-0.00
-8.23,1.03,5.36,0.00,-0.01,-0.00
-8.29,1.02,5.38,0.00,-0.00,-0.01
-8.29,1.02,5.38,-0.02,-0.00,-0.01
-8.29,1.02,5.38,-0.02,-0.00,-0.01
-8.29,1.02,5.38,-0.02,-0.00,-0.01
-8.29,1.02,5.38,-0.02,-0.00,-0.01
-8.29,1.02,5.38,-0.02,-0.00,-0.01
-8.20,0.96,5.37,-0.03,0.01,-0.01
-8.20,0.96,5.37,-0.03,0.01,-0.01
-8.20,0.96,5.37,-0.03,0.01,-0.01
-8.20,0.96,5.37,-0.03,0.01,-0.01
-8.20,0.96,5.37,-0.03,0.01,-0.01
-8.29,0.89,5.36,-0.02,0.01,-0.01
-8.29,0.89,5.36,-0.02,0.01,-0.01
-8.29,0.89,5.36,-0.02,0.01,-0.01
-8.29,0.89,5.36,-0.02,0.01,-0.01
-8.29,0.89,5.36,-0.02,0.01,-0.01
-8.29,0.89,5.36,-0.02,0.01,-0.01
-8.39,0.90,5.26,0.02,-0.00,-0.01
-8.39,0.90,5.26,0.02,-0.00,-0.01
-8.39,0.90,5.26,0.02,-0.00,-0.01
-8.39,0.90,5.26,0.02,-0.00,-0.01
-8.39,0.90,5.26,0.02,-0.00,-0.01
-8.32,0.88,5.33,0.04,-0.03,-0.01
-8.32,0.88,5.33,0.04,-0.03,-0.01
-8.32,0.88,5.33,0.04,-0.03,-0.01
-8.32,0.88,5.33,0.04,-0.03,-0.01
-8.32,0.88,5.33,0.04,-0.03,-0.01
-8.26,1.07,5.41,0.04,-0.03,-0.01
-8.26,1.07,5.41,0.06,-0.04,-0.02
-8.26,1.07,5.41,0.06,-0.04,-0.02
-8.26,1.07,5.41,0.06,-0.04,-0.02
-8.26,1.07,5.41,0.06,-0.04,-0.02
-8.26,1.07,5.41,0.06,-0.04,-0.02
-7.98,1.12,5.59,0.04,-0.06,-0.01
-7.98,1.12,5.59,0.04,-0.06,-0.01
-7.98,1.12,5.59,0.04,-0.06,-0.01
-7.98,1.12,5.59,0.04,-0.06,-0.01
-7.98,1.12,5.59,0.04,-0.06,-0.01
-8.12,1.10,5.56,0.01,-0.01,-0.01
-8.12,1.10,5.56,0.01,-0.01,-0.01
-8.12,1.10,5.56,0.01,-0.01,-0.01
-8.12,1.10,5.56,0.01,-0.01,-0.01
-8.12,1.10,5.56,0.01,-0.01,-0.01
-8.12,1.10,5.56,0.01,-0.01,-0.01
-8.11,1.05,5.45,-0.02,0.02,0.00
-8.11,1.05,5.45,-0.02,0.02,0.00
-8.11,1.05,5.45,-0.02,0.02,0.00
-8.11,1.05,5.45,-0.02,0.02,0.00
-8.11,1.05,5.45,-0.02,0.02,0.00
-8.33,0.89,5.44,-0.04,0.03,-0.00
-8.33,0.89,5.44,-0.04,0.03,-0.00
-8.33,0.89,5.44,-0.04,0.03,-0.00
-8.33,0.89,5.44,-0.04,0.03,-0.00
-8.33,0.89,5.44,-0.04,0.03,-0.00
-8.33,0.89,5.44,-0.04,0.03,-0.00
-8.26,0.96,5.29,-0.05,0.03,0.00
-8.26,0.96,5.29,-0.05,0.03,0.00
-8.26,0.96,5.29,-0.05,0.03,0.00
-8.26,0.96,5.29,-0.05,0.03,0.00
-8.26,0.96,5.29,-0.05,0.03,0.00
-8.28,0.89,5.40,-0.03,0.01,-0.00
-8.28,0.89,5.40,-0.03,0.01,-0.00
-8.28,0.89,5.40,-0.03,0.01,-0.00
-8.28,0.89,5.40,-0.03,0.01,-0.00
-8.28,0.89,5.40,-0.03,0.01,-0.00
-8.21,1.00,5.44,-0.03,0.01,0.00
-8.21,1.00,5.44,-0.02,-0.00,0.00
-8.21,1.00,5.44,-0.02,-0.00,0.00
-8.21,1.00,5.44,-0.02,-0.00,0.00
-8.21,1.00,5.44,-0.02,-0.00,0.00
-8.21,1.00,5.44,-0.02,-0.00,0.00
-8.18,0.99,5.47,-0.02,0.00,-0.00
-8.18,0.99,5.47,-0.02,0.00,-0.00
-8.18,0.99,5.47,-0.02,0.00,-0.00
-8.18,0.99,5.47,-0.02,0.00,-0.00
-8.18,0.99,5.47,-0.02,0.00,-0.00
-8.20,0.99,5.47,-0.00,-0.00,-0.00
-8.20,0.99,5.47,-0.00,-0.00,-0.00
-8.20,0.99,5.47,-0.00,-0.00,-0.00
-8.20,0.99,5.47,-0.00,-0.00,-0.00
-8.20,0.99,5.47,-0.00,-0.00,-0.00
-8.20,0.99,5.47,-0.00,-0.00,-0.00
-8.24,1.00,5.42,0.00,0.00,-0.01
-8.24,1.00,5.42,0.00,0.00,-0.01
-8.24,1.00,5.42,0.00,0.00,-0.01
-8.24,1.00,5.42,0.00,0.00,-0.01
-8.24,1.00,5.42,0.00,0.00,-0.01
-8.24,0.96,5.41,-0.00,0.00,-0.01
-8.24,0.96,5.41,-0.00,0.00,-0.01
-8.24,0.96,5.41,-0.00,0.00,-0.01
-8.24,0.96,5.41,-0.00,0.00,-0.01
-8.24,0.96,5.41,-0.00,0.00,-0.01
-8.17,1.00,5.45,-0.00,0.00,-0.01
-8.17,1.00,5.45,-0.00,-0.00,-0.01
-8.17,1.00,5.45,-0.00,-0.00,-0.01
-8.17,1.00,5.45,-0.00,-0.00,-0.01
-8.17,1.00,5.45,-0.00,-0.00,-0.01
-8.17,1.00,5.45,-0.00,-0.00,-0.01
-8.22,1.00,5.51,0.02,0.00,-0.02
-8.22,1.00,5.51,0.02,0.00,-0.02
-8.22,1.00,5.51,0.02,0.00,-0.02
-8.22,1.00,5.51,0.02,0.00,-0.02
-8.22,1.00,5.51,0.02,0.00,-0.02
-8.20,0.99,5.39,0.00,-0.01,-0.01
-8.20,0.99,5.39,0.00,-0.01,-0.01
-8.20,0.99,5.39,0.00,-0.01,-0.01
-8.20,0.99,5.39,0.00,-0.01,-0.01
-8.20,0.99,5.39,0.00,-0.01,-0.01
-8.20,0.99,5.39,0.00,-0.01,-0.01
-8.21,0.83,5.62,0.03,-0.04,-0.03
-8.21,0.83,5.62,0.03,-0.04,-0.03
-8.21,0.83,5.62,0.03,-0.04,-0.03
-8.21,0.83,5.62,0.03,-0.04,-0.03
-8.21,0.83,5.62,0.03,-0.04,-0.03
-8.38,0.80,5.15,0.07,0.02,-0.10
-8.38,0.80,5.15,0.07,0.02,-0.10
-8.38,0.80,5.15,0.07,0.02,-0.10
-8.38,0.80,5.15,0.07,0.02,-0.10
-8.38,0.80,5.15,0.07,0.02,-0.10
-8.38,0.80,5.15,0.07,0.02,-0.10
-8.04,0.82,5.50,0.02,-0.00,-0.02
-8.04,0.82,5.50,0.02,-0.00,-0.02
-8.04,0.82,5.50,0.02,-0.00,-0.02
-8.04,0.82,5.50,0.02,-0.00,-0.02
-8.04,0.82,5.50,0.02,-0.00,-0.02
-8.07,1.12,5.65,0.02,-0.03,-0.00
-8.07,1.12,5.65,0.02,-0.03,-0.00
-8.07,1.12,5.65,0.02,-0.03,-0.00
-8.07,1.12,5.65,0.02,-0.03,-0.00
-8.07,1.12,5.65,0.02,-0.03,-0.00
-8.20,1.13,5.49,0.02,0.02,-0.00
-8.20,1.13,5.49,0.02,0.02,-0.00
-8.20,1.13,5.49,0.02,0.02,-0.00
-8.20,1.13,5.49,0.02,0.02,-0.00
-8.20,1.13,5.49,0.02,0.02,-0.00
-8.20,1.13,5.49,0.02,0.02,-0.00
-8.26,1.11,5.46,-0.00,-0.00,-0.01
-8.26,1.11,5.46,-0.00,-0.00,-0.01
-8.26,1.11,5.46,-0.00,-0.00,-0.01
-8.26,1.11,5.46,-0.00,-0.00,-0.01
-8.26,1.11,5.46,-0.00,-0.00,-0.01
-8.21,0.97,5.48,-0.03,-0.00,-0.01
-8.21,0.97,5.48,-0.03,-0.00,-0.01
-8.21,0.97,5.48,-0.03,-0.00,-0.01
-8.21,0.97,5.48,-0.03,-0.00,-0.01
-8.21,0.97,5.48,-0.03,-0.00,-0.01
-8.21,0.97,5.48,-0.03,-0.00,-0.01
-8.17,0.90,5.46,-0.03,0.00,-0.00
-8.17,0.90,5.46,-0.03,0.00,-0.00
-8.17,0.90,5.46,-0.03,0.00,-0.00
-8.17,0.90,5.46,-0.03,0.00,-0.00
-8.17,0.90,5.46,-0.03,0.00,-0.00
-8.17,0.86,5.49,-0.01,0.00,-0.00
-8.17,0.86,5.49,-0.01,0.00,-0.00
-8.17,0.86,5.49,-0.01,0.00,-0.00
-8.17,0.86,5.49,-0.01,0.00,-0.00
-8.17,0.86,5.49,-0.01,0.00,-0.00
-8.15,0.91,5.49,-0.01,0.00,0.01
-8.15,0.91,5.49,-0.01,0.00,0.01
-8.15,0.91,5.49,-0.01,0.00,0.01
-8.15,0.91,5.49,-0.01,0.00,0.01
-8.15,0.91,5.49,-0.01,0.00,0.01
-8.15,0.91,5.49,-0.01,0.00,0.01
-8.18,0.99,5.51,0.00,0.00,0.01
-8.18,0.99,5.51,0.00,0.00,0.01
-8.18,0.99,5.51,0.00,0.00,0.01
-8.18,0.99,5.51,0.00,0.00,0.01
-8.18,0.99,5.51,0.00,0.00,0.01
-8.19,1.00,5.49,-0.00,0.01,0.00
-8.19,1.00,5.49,-0.00,0.01,0.00
-8.19,1.00,5.49,-0.00,0.01,0.00
-8.19,1.00,5.49,-0.00,0.01,0.00
-8.19,1.00,5.49,-0.00,0.01,0.00
-8.19,1.00,5.49,-0.00,0.01,0.00
-8.20,1.01,5.47,-0.01,0.00,-0.00
-8.20,1.01,5.47,-0.01,0.00,-0.00
-8.20,1.01,5.47,-0.01,0.00,-0.00
-8.20,1.01,5.47,-0.01,0.00,-0.00
-8.20,1.01,5.47,-0.01,0.00,-0.00
-8.19,0.98,5.49,-0.01,0.01,-0.01
-8.19,0.98,5.49,-0.01,0.01,-0.01
-8.19,0.98,5.49,-0.01,0.01,-0.01
-8.19,0.98,5.49,-0.01,0.01,-0.01
-8.19,0.98,5.49,-0.01,0.01,-0.01
-8.19,0.98,5.49,-0.01,0.01,-0.01
-8.19,0.96,5.48,-0.01,0.01,-0.01
-8.19,0.96,5.48,-0.01,0.01,-0.01
-8.19,0.96,5.48,-0.01,0.01,-0.01
-8.19,0.96,5.48,-0.01,0.01,-0.01
-8.19,0.96,5.48,-0.01,0.01,-0.01
-8.18,0.96,5.50,-0.01,0.00,-0.00
-8.18,0.96,5.50,-0.01,0.00,-0.00
-8.18,0.96,5.50,-0.01,0.00,-0.00
-8.18,0.96,5.50,-0.01,0.00,-0.00
-8.18,0.96,5.50,-0.01,0.00,-0.00
-8.16,0.95,5.49,-0.01,-0.00,-0.00
-8.16,0.95,5.49,-0.01,-0.00,-0.00
-8.16,0.95,5.49,-0.01,-0.00,-0.00
-8.16,0.95,5.49,-0.01,-0.00,-0.00
-8.16,0.95,5.49,-0.01,-0.00,-0.00
-8.16,0.95,5.49,-0.01,-0.00,-0.00
-8.18,0.97,5.48,0.00,0.00,-0.00
-8.18,0.97,5.48,0.00,0.00,-0.00
-8.18,0.97,5.48,0.00,0.00,-0.00
-8.18,0.97,5.48,0.00,0.00,-0.00
-8.18,0.97,5.48,0.00,0.00,-0.00
-8.17,0.98,5.50,0.00,0.01,-0.01
-8.17,0.98,5.50,0.00,0.01,-0.01
-8.17,0.98,5.50,0.00,0.01,-0.01
-8.17,0.98,5.50,0.00,0.01,-0.01
-8.17,0.98,5.50,0.00,0.01,-0.01
-8.17,0.98,5.50,0.00,0.01,-0.01
-8.19,1.02,5.49,-0.01,0.01,-0.01
-8.19,1.02,5.49,-0.01,0.01,-0.01
-8.19,1.02,5.49,-0.01,0.01,-0.01
-8.19,1.02,5.49,-0.01,0.01,-0.01
-8.19,1.02,5.49,-0.01,0.01,-0.01
-8.18,0.94,5.49,-0.01,0.00,-0.01
-8.18,0.94,5.49,-0.01,0.00,-0.01
-8.18,0.94,5.49,-0.01,0.00,-0.01
-8.18,0.94,5.49,-0.01,0.00,-0.01
-8.18,0.94,5.49,-0.01,0.00,-0.01
-8.36,0.99,5.48,-0.01,0.00,-0.00
-8.36,0.99,5.48,-0.01,0.00,-0.00
-8.36,0.99,5.48,-0.01,0.00,-0.00
-8.36,0.99,5.48,-0.01,0.00,-0.00
-8.36,0.99,5.48,-0.01,0.00,-0.00
-8.36,0.99,5.48,-0.01,0.00,-0.00
-7.97,0.95,5.52,-0.01,-0.02,-0.00
-7.97,0.95,5.52,-0.01,-0.02,-0.00
-7.97,0.95,5.52,-0.01,-0.02,-0.00
-7.97,0.95,5.52,-0.01,-0.02,-0.00
-7.97,0.95,5.52,-0.01,-0.02,-0.00
-8.18,0.96,5.49,-0.00,0.01,-0.01
-8.18,0.96,5.49,-0.00,0.01,-0.01
-8.18,0.96,5.49,-0.00,0.01,-0.01
-8.18,0.96,5.49,-0.00,0.01,-0.01
-8.18,0.96,5.49,-0.00,0.01,-0.01
-8.18,0.96,5.49,-0.00,0.01,-0.01
-8.18,0.98,5.51,-0.01,0.00,-0.00
-8.18,0.98,5.51,-0.01,0.00,-0.00
-8.18,0.98,5.51,-0.01,0.00,-0.00
-8.18,0.98,5.51,-0.01,0.00,-0.00
-8.18,0.98,5.51,-0.01,0.00,-0.00
-8.16,0.98,5.50,-0.00,0.01,-0.00
-8.16,0.98,5.50,-0.00,0.01,-0.00
-8.16,0.98,5.50,-0.00,0.01,-0.00
-8.16,0.98,5.50,-0.00,0.01,-0.00
-8.16,0.98,5.50,-0.00,0.01,-0.00
-8.16,0.98,5.50,-0.00,0.01,-0.00
-8.17,0.98,5.51,-0.01,0.01,-0.01
-8.17,0.98,5.51,-0.01,0.01,-0.01
-8.17,0.98,5.51,-0.01,0.01,-0.01
-8.17,0.98,5.51,-0.01,0.01,-0.01
-8.17,0.98,5.51,-0.01,0.01,-0.01
-8.18,0.96,5.50,-0.01,0.01,-0.01
-8.18,0.96,5.50,-0.01,0.01,-0.01
-8.18,0.96,5.50,-0.01,0.01,-0.01
-8.18,0.96,5.50,-0.01,0.01,-0.01
-8.18,0.96,5.50,-0.01,0.01,-0.01
-8.38,0.99,5.51,-0.01,0.00,-0.01
-8.38,0.99,5.51,-0.01,0.00,-0.01
-8.38,0.99,5.51,-0.01,0.00,-0.01
-8.38,0.99,5.51,-0.01,0.00,-0.01
-8.38,0.99,5.51,-0.01,0.00,-0.01
-8.38,0.99,5.51,-0.01,0.00,-0.01
-7.94,0.92,5.51,-0.01,-0.02,-0.00
-7.94,0.92,5.51,-0.01,-0.02,-0.00
-7.94,0.92,5.51,-0.01,-0.02,-0.00
-7.94,0.92,5.51,-0.01,-0.02,-0.00
-7.94,0.92,5.51,-0.01,-0.02,-0.00
-8.15,0.97,5.51,-0.00,0.01,-0.00
-8.15,0.97,5.51,-0.00,0.01,-0.00
-8.15,0.97,5.51,-0.00,0.01,-0.00
-8.15,0.97,5.51,-0.00,0.01,-0.00
-8.15,0.97,5.51,-0.00,0.01,-0.00
-8.15,0.97,5.51,-0.00,0.01,-0.00
-8.17,0.98,5.53,-0.01,0.01,-0.00
-8.17,0.98,5.53,-0.01,0.01,-0.00
-8.17,0.98,5.53,-0.01,0.01,-0.00
-8.17,0.98,5.53,-0.01,0.01,-0.00
-8.17,0.98,5.53,-0.01,0.01,-0.00
-8.17,0.99,5.52,-0.01,0.01,-0.01
-8.17,0.99,5.52,-0.01,0.01,-0.01
-8.17,0.99,5.52,-0.01,0.01,-0.01
-8.17,0.99,5.52,-0.01,0.01,-0.01
-8.17,0.99,5.52,-0.01,0.01,-0.01
-8.16,0.96,5.52,-0.01,0.01,-0.01
-8.16,0.96,5.52,-0.01,0.00,-0.01
-8.16,0.96,5.52,-0.01,0.00,-0.01
-8.16,0.96,5.52,-0.01,0.00,-0.01
-8.16,0.96,5.52,-0.01,0.00,-0.01
-8.16,0.96,5.52,-0.01,0.00,-0.01
-8.16,0.95,5.52,-0.01,0.01,-0.01
-8.16,0.95,5.52,-0.01,0.01,-0.01
-8.16,0.95,5.52,-0.01,0.01,-0.01
-8.16,0.95,5.52,-0.01,0.01,-0.01
-8.16,0.95,5.52,-0.01,0.01,-0.01
-8.16,0.97,5.51,-0.01,0.01,-0.00
-8.16,0.97,5.51,-0.01,0.01,-0.00
-8.16,0.97,5.51,-0.01,0.01,-0.00
-8.16,0.97,5.51,-0.01,0.01,-0.00
-8.16,0.97,5.51,-0.01,0.01,-0.00
-8.16,0.97,5.51,-0.01,0.01,-0.00
-8.16,0.97,5.52,-0.01,0.01,-0.00
-8.16,0.97,5.52,-0.01,0.01,-0.00
-8.16,0.97,5.52,-0.01,0.01,-0.00
-8.16,0.97,5.52,-0.01,0.01,-0.00
-8.16,0.97,5.52,-0.01,0.01,-0.00
-8.16,0.98,5.51,-0.00,0.00,-0.01
-8.16,0.98,5.51,-0.00,0.00,-0.01
-8.16,0.98,5.51,-0.00,0.00,-0.01
-8.16,0.98,5.51,-0.00,0.00,-0.01
-8.16,0.98,5.51,-0.00,0.00,-0.01
-8.17,0.96,5.53,-0.00,0.00,-0.00
-8.17,0.96,5.53,-0.01,0.00,-0.00
-8.17,0.96,5.53,-0.01,0.00,-0.00
-8.17,0.96,5.53,-0.01,0.00,-0.00
-8.17,0.96,5.53,-0.01,0.00,-0.00
-8.17,0.96,5.53,-0.01,0.00,-0.00
-8.16,0.97,5.51,-0.01,0.01,-0.00
-8.16,0.97,5.51,-0.01,0.01,-0.00
-8.16,0.97,5.51,-0.01,0.01,-0.00
-8.16,0.97,5.51,-0.01,0.01,-0.00
-8.16,0.97,5.51,-0.01,0.01,-0.00
-8.16,0.97,5.53,-0.01,0.01,-0.00
-8.16,0.97,5.53,-0.01,0.01,-0.00
-8.16,0.97,5.53,-0.01,0.01,-0.00
-8.16,0.97,5.53,-0.01,0.01,-0.00
-8.16,0.97,5.53,-0.01,0.01,-0.00
-8.16,0.97,5.53,-0.01,0.01,-0.00
-8.16,0.96,5.51,-0.01,0.01,-0.00
-8.16,0.96,5.51,-0.01,0.01,-0.00
-8.16,0.96,5.51,-0.01,0.01,-0.00
-8.16,0.96,5.51,-0.01,0.01,-0.00
-8.16,0.96,5.51,-0.01,0.01,-0.00
-8.17,0.96,5.52,-0.01,0.01,-0.01
-8.17,0.96,5.52,-0.01,0.01,-0.01
-8.17,0.96,5.52,-0.01,0.01,-0.01
-8.17,0.96,5.52,-0.01,0.01,-0.01
-8.17,0.96,5.52,-0.01,0.01,-0.01
-8.17,0.96,5.51,-0.01,0.01,-0.01
-8.16,0.96,5.51,-0.01,0.01,-0.01
-8.16,0.96,5.51,-0.01,0.01,-0.01
-8.16,0.96,5.51,-0.01,0.01,-0.01
-8.16,0.96,5.51,-0.01,0.01,-0.01
-8.16,0.96,5.51,-0.01,0.01,-0.01
-8.16,0.97,5.52,-0.01,0.01,-0.01
-8.16,0.97,5.52,-0.01,0.01,-0.01
-8.16,0.97,5.52,-0.01,0.01,-0.01
-8.16,0.97,5.52,-0.01,0.01,-0.01
-8.16,0.97,5.52,-0.01,0.01,-0.01
-8.16,0.96,5.52,-0.01,0.01,-0.01
-8.16,0.96,5.52,-0.01,0.01,-0.01
-8.16,0.96,5.52,-0.01,0.01,-0.01
-8.16,0.96,5.52,-0.01,0.01,-0.01
-8.16,0.96,5.52,-0.01,0.01,-0.01
-8.16,0.96,5.52,-0.01,0.01,-0.01
-8.16,0.96,5.50,-0.01,0.01,-0.00
-8.16,0.96,5.50,-0.01,0.01,-0.00
-8.16,0.96,5.50,-0.01,0.01,-0.00
-8.16,0.96,5.50,-0.01,0.01,-0.00
-8.16,0.96,5.50,-0.01,0.01,-0.00
-8.17,0.96,5.51,-0.01,0.00,-0.01
-8.17,0.96,5.51,-0.01,0.00,-0.01
-8.17,0.96,5.51,-0.01,0.00,-0.01
-8.17,0.96,5.51,-0.01,0.00,-0.01
-8.17,0.96,5.51,-0.01,0.00,-0.01
-8.17,0.96,5.51,-0.01,0.00,-0.01
-8.17,0.94,5.52,-0.01,0.00,-0.00
-8.17,0.94,5.52,-0.01,0.00,-0.00
-8.17,0.94,5.52,-0.01,0.00,-0.00
-8.17,0.94,5.52,-0.01,0.00,-0.00
-8.17,0.94,5.52,-0.01,0.00,-0.00
-8.17,0.97,5.52,-0.01,0.00,-0.00
-8.17,0.97,5.52,-0.01,0.00,-0.00
-8.17,0.97,5.52,-0.01,0.00,-0.00
-8.17,0.97,5.52,-0.01,0.00,-0.00
-8.17,0.97,5.52,-0.01,0.00,-0.00
-8.15,0.96,5.51,-0.01,0.01,-0.00
-8.15,0.96,5.51,-0.01,0.01,-0.00
-8.15,0.96,5.51,-0.01,0.01,-0.00
-8.15,0.96,5.51,-0.01,0.01,-0.00
-8.15,0.96,5.51,-0.01,0.01,-0.00
-8.15,0.96,5.51,-0.01,0.01,-0.00
-8.17,0.96,5.52,-0.01,0.00,-0.01
-8.17,0.96,5.52,-0.01,0.00,-0.01
-8.17,0.96,5.52,-0.01,0.00,-0.01
-8.17,0.96,5.52,-0.01,0.00,-0.01
-8.17,0.96,5.52,-0.01,0.00,-0.01
-8.17,0.94,5.49,-0.01,0.01,-0.01
-8.17,0.94,5.49,-0.01,0.01,-0.01
-8.17,0.94,5.49,-0.01,0.01,-0.01
-8.17,0.94,5.49,-0.01,0.01,-0.01
-8.17,0.94,5.49,-0.01,0.01,-0.01
-8.17,0.94,5.49,-0.01,0.01,-0.01
-8.16,0.96,5.52,-0.01,0.01,-0.01
-8.16,0.96,5.52,-0.01,0.01,-0.01
-8.16,0.96,5.52,-0.01,0.01,-0.01
-8.16,0.96,5.52,-0.01,0.01,-0.01
-8.16,0.96,5.52,-0.01,0.01,-0.01
-8.16,0.95,5.52,-0.01,0.00,-0.00
-8.16,0.95,5.52,-0.01,0.00,-0.00
-8.16,0.95,5.52,-0.01,0.00,-0.00
-8.16,0.95,5.52,-0.01,0.00,-0.00
-8.16,0.95,5.52,-0.01,0.00,-0.00
-8.16,0.97,5.52,-0.01,0.01,-0.00
-8.16,0.97,5.52,-0.01,0.01,-0.00
-8.16,0.97,5.52,-0.01,0.01,-0.00
-8.16,0.97,5.52,-0.01,0.01,-0.00
-8.16,0.97,5.52,-0.01,0.01,-0.00
-8.16,0.97,5.52,-0.01,0.01,-0.00
-8.17,0.96,5.51,-0.01,0.01,-0.01
-8.17,0.96,5.51,-0.01,0.01,-0.01
-8.17,0.96,5.51,-0.01,0.01,-0.01
-8.17,0.96,5.51,-0.01,0.01,-0.01
-8.17,0.96,5.51,-0.01,0.01,-0.01
-8.17,0.96,5.51,-0.01,0.01,-0.01
-8.17,0.96,5.51,-0.01,0.01,-0.01
-8.17,0.96,5.51,-0.01,0.01,-0.01
-8.17,0.96,5.51,-0.01,0.01,-0.01
-8.17,0.96,5.51,-0.01,0.01,-0.01
-8.17,0.96,5.51,-0.01,0.01,-0.01
-8.17,0.95,5.52,-0.01,0.01,-0.01
-8.17,0.95,5.52,-0.01,0.01,-0.01
-8.17,0.95,5.52,-0.01,0.01,-0.01
-8.17,0.95,5.52,-0.01,0.01,-0.01
-8.17,0.95,5.52,-0.01,0.01,-0.01
-8.17,0.96,5.50,-0.01,0.01,-0.00
-8.17,0.96,5.50,-0.01,0.01,-0.00
-8.17,0.96,5.50,-0.01,0.01,-0.00
-8.17,0.96,5.50,-0.01,0.01,-0.00
-8.17,0.96,5.50,-0.01,0.01,-0.00
-8.16,0.95,5.51,-0.01,0.00,-0.01
-8.16,0.95,5.51,-0.01,0.00,-0.01
-8.16,0.95,5.51,-0.01,0.00,-0.01
-8.16,0.95,5.51,-0.01,0.00,-0.01
-8.16,0.95,5.51,-0.01,0.00,-0.01
-8.16,0.95,5.51,-0.01,0.00,-0.01
-8.16,0.94,5.51,-0.01,0.00,-0.01
-8.16,0.94,5.51,-0.01,0.00,-0.01
-8.16,0.94,5.51,-0.01,0.00,-0.01
-8.16,0.94,5.51,-0.01,0.00,-0.01
-8.16,0.94,5.51,-0.01,0.00,-0.01
-8.17,0.95,5.51,-0.01,0.00,-0.00
-8.17,0.95,5.51,-0.01,0.00,-0.00
-8.17,0.95,5.51,-0.01,0.00,-0.00
-8.17,0.95,5.51,-0.01,0.00,-0.00
-8.17,0.95,5.51,-0.01,0.00,-0.00
-8.17,0.95,5.51,-0.01,0.00,-0.00
-8.17,0.95,5.51,-0.00,0.01,-0.00
-8.17,0.95,5.51,-0.00,0.01,-0.00
-8.17,0.95,5.51,-0.00,0.01,-0.00
-8.17,0.95,5.51,-0.00,0.01,-0.00
-8.17,0.95,5.51,-0.00,0.01,-0.00
-8.17,0.97,5.50,-0.01,0.01,-0.00
-8.17,0.97,5.50,-0.01,0.01,-0.00
-8.17,0.97,5.50,-0.01,0.01,-0.00
-8.17,0.97,5.50,-0.01,0.01,-0.00
-8.17,0.97,5.50,-0.01,0.01,-0.00
-8.18,0.95,5.51,-0.01,0.01,-0.01
-8.18,0.95,5.51,-0.01,0.01,-0.01
-8.18,0.95,5.51,-0.01,0.01,-0.01
-8.18,0.95,5.51,-0.01,0.01,-0.01
-8.18,0.95,5.51,-0.01,0.01,-0.01
-8.18,0.95,5.51,-0.01,0.01,-0.01
-8.17,0.93,5.49,-0.01,0.00,-0.01
-8.17,0.93,5.49,-0.01,0.00,-0.01
-8.17,0.93,5.49,-0.01,0.00,-0.01
-8.17,0.93,5.49,-0.01,0.00,-0.01
-8.17,0.93,5.49,-0.01,0.00,-0.01
-8.20,0.89,5.51,-0.00,-0.02,0.00
-8.20,0.89,5.51,-0.00,-0.02,0.00
-8.20,0.89,5.51,-0.00,-0.02,0.00
-8.20,0.89,5.51,-0.00,-0.02,0.00
-8.20,0.89,5.51,-0.00,-0.02,0.00
-8.20,0.89,5.51,-0.00,-0.02,0.00
-8.08,1.03,5.58,0.01,-0.04,0.00
-8.08,1.03,5.58,0.01,-0.04,0.00
-8.08,1.03,5.58,0.01,-0.04,0.00
-8.08,1.03,5.58,0.01,-0.04,0.00
-8.08,1.03,5.58,0.01,-0.04,0.00
-8.14,0.98,5.57,-0.01,0.00,-0.01
-8.14,0.98,5.57,-0.01,0.00,-0.01
-8.14,0.98,5.57,-0.01,0.00,-0.01
-8.14,0.98,5.57,-0.01,0.00,-0.01
-8.14,0.98,5.57,-0.01,0.00,-0.01
-8.14,0.94,5.55,-0.01,0.00,-0.01
-8.14,0.94,5.55,-0.01,0.00,-0.01
-8.14,0.94,5.55,-0.01,0.00,-0.01
-8.14,0.94,5.55,-0.01,0.00,-0.01
-8.14,0.94,5.55,-0.01,0.00,-0.01
-8.14,0.94,5.55,-0.01,0.00,-0.01
-8.14,0.96,5.55,-0.01,0.01,-0.01
-8.14,0.96,5.55,-0.01,0.01,-0.01
-8.14,0.96,5.55,-0.01,0.01,-0.01
-8.14,0.96,5.55,-0.01,0.01,-0.01
-8.14,0.96,5.55,-0.01,0.01,-0.01
-8.14,0.95,5.55,-0.01,0.01,-0.00
-8.14,0.95,5.55,-0.01,0.01,-0.00
-8.14,0.95,5.55,-0.01,0.01,-0.00
-8.14,0.95,5.55,-0.01,0.01,-0.00
-8.14,0.95,5.55,-0.01,0.01,-0.00
-8.14,0.95,5.55,-0.01,0.01,-0.00
-8.14,0.99,5.56,-0.01,0.01,-0.00
-8.14,0.99,5.56,-0.01,0.01,-0.00
-8.14,0.99,5.56,-0.01,0.01,-0.00
-8.14,0.99,5.56,-0.01,0.01,-0.00
-8.14,0.99,5.56,-0.01,0.01,-0.00
-8.14,0.93,5.55,-0.01,0.00,-0.01
-8.14,0.93,5.55,-0.01,0.00,-0.01
-8.14,0.93,5.55,-0.01,0.00,-0.01
-8.14,0.93,5.55,-0.01,0.00,-0.01
-8.14,0.93,5.55,-0.01,0.00,-0.01
-8.14,0.97,5.55,-0.01,0.00,-0.01
-8.13,0.97,5.55,-0.01,-0.00,-0.00
-8.13,0.97,5.55,-0.01,-0.00,-0.00
-8.13,0.97,5.55,-0.01,-0.00,-0.00
-8.13,0.97,5.55,-0.01,-0.00,-0.00
-8.13,0.97,5.55,-0.01,-0.00,-0.00
-8.12,0.93,5.59,-0.01,0.00,-0.00
-8.12,0.93,5.59,-0.01,0.00,-0.00
-8.12,0.93,5.59,-0.01,0.00,-0.00
-8.12,0.93,5.59,-0.01,0.00,-0.00
-8.12,0.93,5.59,-0.01,0.00,-0.00
-8.12,0.93,5.56,-0.01,0.00,0.00
-8.12,0.93,5.56,-0.01,0.00,0.00
-8.12,0.93,5.56,-0.01,0.00,0.00
-8.12,0.93,5.56,-0.01,0.00,0.00
-8.12,0.93,5.56,-0.01,0.00,0.00
-8.12,0.93,5.56,-0.01,0.00,0.00
-8.14,0.97,5.55,-0.01,0.01,0.00
-8.14,0.97,5.55,-0.01,0.01,0.00
-8.14,0.97,5.55,-0.01,0.01,0.00
-8.14,0.97,5.55,-0.01,0.01,0.00
-8.14,0.97,5.55,-0.01,0.01,0.00
-8.13,0.98,5.57,-0.01,0.01,-0.00
-8.13,0.98,5.57,-0.01,0.01,-0.00
-8.13,0.98,5.57,-0.01,0.01,-0.00
-8.13,0.98,5.57,-0.01,0.01,-0.00
-8.13,0.98,5.57,-0.01,0.01,-0.00
-8.12,0.96,5.57,-0.01,0.01,-0.00
-8.12,0.96,5.57,-0.01,0.01,-0.00
-8.12,0.96,5.57,-0.01,0.01,-0.00
-8.12,0.96,5.57,-0.01,0.01,-0.00
-8.12,0.96,5.57,-0.01,0.01,-0.00
-8.12,0.96,5.57,-0.01,0.01,-0.00
-8.14,0.97,5.55,-0.01,0.01,-0.00
-8.14,0.97,5.55,-0.01,0.01,-0.00
-8.14,0.97,5.55,-0.01,0.01,-0.00
-8.14,0.97,5.55,-0.01,0.01,-0.00
-8.14,0.97,5.55,-0.01,0.01,-0.00
-8.14,0.96,5.56,-0.01,0.00,-0.01
-8.14,0.96,5.56,-0.01,0.00,-0.01
-8.14,0.96,5.56,-0.01,0.00,-0.01
-8.14,0.96,5.56,-0.01,0.00,-0.01
-8.14,0.96,5.56,-0.01,0.00,-0.01
-8.14,0.96,5.56,-0.01,0.00,-0.01
-8.13,0.95,5.57,-0.01,0.00,-0.01
-8.13,0.95,5.57,-0.01,0.00,-0.01
-8.13,0.95,5.57,-0.01,0.00,-0.01
-8.13,0.95,5.57,-0.01,0.00,-0.01
-8.13,0.95,5.57,-0.01,0.00,-0.01
-8.13,0.96,5.56,-0.01,0.00,-0.00
-8.13,0.96,5.56,-0.01,0.00,-0.00
-8.13,0.96,5.56,-0.01,0.00,-0.00
-8.13,0.96,5.56,-0.01,0.00,-0.00
-8.13,0.96,5.56,-0.01,0.00,-0.00
-8.13,0.95,5.57,-0.01,0.00,-0.00
-8.13,0.95,5.57,-0.01,0.00,-0.00
-8.13,0.95,5.57,-0.01,0.00,-0.00
-8.13,0.95,5.57,-0.01,0.00,-0.00
-8.13,0.95,5.57,-0.01,0.00,-0.00
-8.13,0.95,5.57,-0.01,0.00,-0.00
-8.11,0.96,5.57,-0.01,0.00,-0.00
-8.11,0.96,5.57,-0.01,0.00,-0.00
-8.11,0.96,5.57,-0.01,0.00,-0.00
-8.11,0.96,5.57,-0.01,0.00,-0.00
-8.11,0.96,5.57,-0.01,0.00,-0.00
-8.12,0.98,5.59,-0.01,0.00,-0.00
-8.12,0.98,5.59,-0.01,0.00,-0.00
-8.12,0.98,5.59,-0.01,0.00,-0.00
-8.12,0.98,5.59,-0.01,0.00,-0.00
-8.12,0.98,5.59,-0.01,0.00,-0.00
-8.12,0.98,5.59,-0.01,0.00,-0.00
-8.13,0.95,5.57,-0.01,0.01,-0.01
-8.13,0.95,5.57,-0.01,0.01,-0.01
-8.13,0.95,5.57,-0.01,0.01,-0.01
-8.13,0.95,5.57,-0.01,0.01,-0.01
-8.13,0.95,5.57,-0.01,0.01,-0.01
-8.14,0.96,5.56,-0.01,0.01,-0.00
-8.14,0.96,5.56,-0.01,0.01,-0.00
-8.14,0.96,5.56,-0.01,0.01,-0.00
-8.14,0.96,5.56,-0.01,0.01,-0.00
-8.14,0.96,5.56,-0.01,0.01,-0.00
-8.13,0.97,5.58,-0.01,0.01,-0.00
-8.13,0.97,5.58,-0.01,0.00,-0.00
-8.13,0.97,5.58,-0.01,0.00,-0.00
-8.13,0.97,5.58,-0.01,0.00,-0.00
-8.13,0.97,5.58,-0.01,0.00,-0.00
-8.13,0.97,5.58,-0.01,0.00,-0.00
-8.11,0.94,5.58,-0.01,0.01,-0.01
-8.11,0.94,5.58,-0.01,0.01,-0.01
-8.11,0.94,5.58,-0.01,0.01,-0.01
-8.11,0.94,5.58,-0.01,0.01,-0.01
-8.11,0.94,5.58,-0.01,0.01,-0.01
-8.13,0.94,5.57,-0.01,0.00,-0.00
-8.13,0.94,5.57,-0.01,0.00,-0.00
-8.13,0.94,5.57,-0.01,0.00,-0.00
-8.13,0.94,5.57,-0.01,0.00,-0.00
-8.13,0.94,5.57,-0.01,0.00,-0.00
-8.13,0.94,5.57,-0.01,0.00,-0.00
-8.13,0.94,5.58,-0.00,0.00,-0.00
-8.13,0.94,5.58,-0.00,0.00,-0.00
-8.13,0.94,5.58,-0.00,0.00,-0.00
-8.13,0.94,5.58,-0.00,0.00,-0.00
-8.13,0.94,5.58,-0.00,0.00,-0.00
-8.12,0.98,5.58,-0.00,0.00,-0.00
-8.12,0.98,5.58,-0.00,0.00,-0.00
-8.12,0.98,5.58,-0.00,0.00,-0.00
-8.12,0.98,5.58,-0.00,0.00,-0.00
-8.12,0.98,5.58,-0.00,0.00,-0.00
-8.13,0.98,5.60,-0.00,0.00,-0.00
-8.13,0.98,5.60,-0.01,0.01,-0.00
-8.13,0.98,5.60,-0.01,0.01,-0.00
-8.13,0.98,5.60,-0.01,0.01,-0.00
-8.13,0.98,5.60,-0.01,0.01,-0.00
-8.13,0.98,5.60,-0.01,0.01,-0.00
-8.11,0.94,5.57,-0.01,0.00,-0.01
-8.11,0.94,5.57,-0.01,0.00,-0.01
-8.11,0.94,5.57,-0.01,0.00,-0.01
-8.11,0.94,5.57,-0.01,0.00,-0.01
-8.11,0.94,5.57,-0.01,0.00,-0.01
-8.12,0.95,5.57,-0.01,0.00,-0.01
-8.12,0.95,5.57,-0.01,0.00,-0.01
-8.12,0.95,5.57,-0.01,0.00,-0.01
-8.12,0.95,5.57,-0.01,0.00,-0.01
-8.12,0.95,5.57,-0.01,0.00,-0.01
-8.12,0.95,5.57,-0.01,0.00,-0.01
-8.12,0.94,5.58,-0.01,0.00,-0.00
-8.12,0.94,5.58,-0.01,0.00,-0.00
-8.12,0.94,5.58,-0.01,0.00,-0.00
-8.12,0.94,5.58,-0.01,0.00,-0.00
-8.12,0.94,5.58,-0.01,0.00,-0.00
-8.12,0.94,5.59,-0.01,0.00,-0.00
-8.12,0.94,5.59,-0.01,0.00,-0.00
-8.12,0.94,5.59,-0.01,0.00,-0.00
-8.12,0.94,5.59,-0.01,0.00,-0.00
-8.12,0.94,5.59,-0.01,0.00,-0.00
-8.12,0.94,5.59,-0.01,0.00,-0.00
-8.12,0.97,5.59,-0.00,0.00,-0.00
-8.12,0.97,5.59,-0.00,0.00,-0.00
-8.12,0.97,5.59,-0.00,0.00,-0.00
-8.12,0.97,5.59,-0.00,0.00,-0.00
-8.12,0.97,5.59,-0.00,0.00,-0.00
-8.12,0.95,5.58,-0.01,0.00,-0.00
-8.12,0.95,5.58,-0.01,0.00,-0.00
-8.12,0.95,5.58,-0.01,0.00,-0.00
-8.12,0.95,5.58,-0.01,0.00,-0.00
-8.12,0.95,5.58,-0.01,0.00,-0.00
-8.12,0.95,5.58,-0.01,0.00,-0.00
-8.12,0.96,5.58,-0.01,0.00,-0.00
-8.12,0.96,5.58,-0.01,0.00,-0.00
-8.12,0.96,5.58,-0.01,0.00,-0.00
-8.12,0.96,5.58,-0.01,0.00,-0.00
-8.12,0.96,5.58,-0.01,0.00,-0.00
-8.12,0.94,5.60,-0.00,0.00,-0.01
-8.12,0.94,5.60,-0.00,0.00,-0.01
-8.12,0.94,5.60,-0.00,0.00,-0.01
-8.12,0.94,5.60,-0.00,0.00,-0.01
-8.12,0.94,5.60,-0.00,0.00,-0.01
-8.12,0.95,5.57,-0.00,0.01,-0.00
-8.12,0.95,5.57,-0.00,0.01,-0.00
-8.12,0.95,5.57,-0.00,0.01,-0.00
-8.12,0.95,5.57,-0.00,0.01,-0.00
-8.12,0.95,5.57,-0.00,0.01,-0.00
-8.12,0.95,5.57,-0.00,0.01,-0.00
-8.13,1.00,5.57,-0.00,0.01,-0.00
-8.13,1.00,5.57,-0.00,0.01,-0.00
-8.13,1.00,5.57,-0.00,0.01,-0.00
-8.13,1.00,5.57,-0.00,0.01,-0.00
-8.13,1.00,5.57,-0.00,0.01,-0.00
-8.11,0.97,5.59,-0.01,0.01,-0.01
-8.11,0.97,5.59,-0.01,0.01,-0.01
-8.11,0.97,5.59,-0.01,0.01,-0.01
-8.11,0.97,5.59,-0.01,0.01,-0.01
-8.11,0.97,5.59,-0.01,0.01,-0.01
-8.11,0.97,5.59,-0.01,0.01,-0.01
-8.12,0.92,5.58,-0.01,0.01,-0.01
-8.12,0.92,5.58,-0.01,0.01,-0.01
-8.12,0.92,5.58,-0.01,0.01,-0.01
-8.12,0.92,5.58,-0.01,0.01,-0.01
-8.12,0.92,5.58,-0.01,0.01,-0.01
-8.13,0.96,5.55,-0.01,0.00,-0.01
-8.13,0.96,5.55,-0.01,0.00,-0.01
-8.13,0.96,5.55,-0.01,0.00,-0.01
-8.13,0.96,5.55,-0.01,0.00,-0.01
-8.13,0.96,5.55,-0.01,0.00,-0.01
-8.13,0.96,5.55,-0.01,0.00,-0.01
-8.14,0.98,5.57,-0.01,-0.00,-0.00
-8.14,0.98,5.57,-0.01,-0.00,-0.00
-8.14,0.98,5.57,-0.01,-0.00,-0.00
-8.14,0.98,5.57,-0.01,-0.00,-0.00
-8.14,0.98,5.57,-0.01,-0.00,-0.00
-8.11,0.97,5.61,-0.01,-0.00,-0.00
-8.11,0.97,5.61,-0.01,-0.00,-0.00
-8.11,0.97,5.61,-0.01,-0.00,-0.00
-8.11,0.97,5.61,-0.01,-0.00,-0.00
-8.11,0.97,5.61,-0.01,-0.00,-0.00
-8.06,0.94,5.63,-0.01,-0.00,-0.00
-8.06,0.94,5.63,-0.01,-0.00,-0.00
-8.06,0.94,5.63,-0.01,-0.00,-0.00
-8.06,0.94,5.63,-0.01,-0.00,-0.00
-8.06,0.94,5.63,-0.01,-0.00,-0.00
-8.06,0.94,5.63,-0.01,-0.00,-0.00
-8.05,0.95,5.61,-0.00,0.01,0.00
-8.05,0.95,5.61,-0.00,0.01,0.00
-8.05,0.95,5.61,-0.00,0.01,0.00
-8.05,0.95,5.61,-0.00,0.01,0.00
-8.05,0.95,5.61,-0.00,0.01,0.00
-8.09,1.04,5.63,-0.01,0.01,0.01
-8.09,1.04,5.63,-0.01,0.01,0.01
-8.09,1.04,5.63,-0.01,0.01,0.01
-8.09,1.04,5.63,-0.01,0.01,0.01
-8.09,1.04,5.63,-0.01,0.01,0.01
-8.09,1.04,5.63,-0.01,0.01,0.01
-8.15,1.03,5.53,-0.01,0.01,0.01
-8.15,1.03,5.53,-0.01,0.01,0.01
-8.15,1.03,5.53,-0.01,0.01,0.01
-8.15,1.03,5.53,-0.01,0.01,0.01
-8.15,1.03,5.53,-0.01,0.01,0.01
-8.16,0.99,5.61,-0.02,0.01,0.00
-8.16,0.99,5.61,-0.02,0.01,0.00
-8.16,0.99,5.61,-0.02,0.01,0.00
-8.16,0.99,5.61,-0.02,0.01,0.00
-8.16,0.99,5.61,-0.02,0.01,0.00
-8.12,0.86,5.53,-0.02,0.01,-0.01
-8.12,0.86,5.53,-0.02,0.01,-0.01
-8.12,0.86,5.53,-0.02,0.01,-0.01
-8.12,0.86,5.53,-0.02,0.01,-0.01
-8.12,0.86,5.53,-0.02,0.01,-0.01
-8.12,0.86,5.53,-0.02,0.01,-0.01
-8.15,0.95,5.56,-0.01,-0.00,-0.00
-8.15,0.95,5.56,-0.01,-0.00,-0.00
-8.15,0.95,5.56,-0.01,-0.00,-0.00
-8.15,0.95,5.56,-0.01,-0.00,-0.00
-8.15,0.95,5.56,-0.01,-0.00,-0.00
-8.07,0.97,5.63,-0.01,-0.01,-0.00
-8.07,0.97,5.63,-0.01,-0.01,-0.00
-8.07,0.97,5.63,-0.01,-0.01,-0.00
-8.07,0.97,5.63,-0.01,-0.01,-0.00
-8.07,0.97,5.63,-0.01,-0.01,-0.00
-8.07,0.97,5.63,-0.01,-0.01,-0.00
-8.06,0.99,5.65,-0.01,-0.00,0.00
-8.06,0.99,5.65,-0.01,-0.00,0.00
-8.06,0.99,5.65,-0.01,-0.00,0.00
-8.06,0.99,5.65,-0.01,-0.00,0.00
-8.06,0.99,5.65,-0.01,-0.00,0.00
-8.10,0.97,5.59,-0.00,0.00,-0.00
-8.10,0.97,5.59,-0.00,0.00,-0.00
-8.10,0.97,5.59,-0.00,0.00,-0.00
-8.10,0.97,5.59,-0.00,0.00,-0.00
-8.10,0.97,5.59,-0.00,0.00,-0.00
-8.11,0.99,5.62,-0.01,0.00,-0.00
-8.11,0.99,5.62,-0.01,0.00,-0.00
-8.11,0.99,5.62,-0.01,0.00,-0.00
-8.11,0.99,5.62,-0.01,0.00,-0.00
-8.11,0.99,5.62,-0.01,0.00,-0.00
-8.11,0.99,5.62,-0.01,0.00,-0.00
-8.09,1.01,5.62,-0.00,0.00,-0.00
-8.09,1.01,5.62,-0.00,0.00,-0.00
-8.09,1.01,5.62,-0.00,0.00,-0.00
-8.09,1.01,5.62,-0.00,0.00,-0.00
-8.09,1.01,5.62,-0.00,0.00,-0.00
-8.11,1.00,5.60,-0.00,0.00,-0.00
-8.11,1.00,5.60,-0.00,0.00,-0.00
-8.11,1.00,5.60,-0.00,0.00,-0.00
-8.11,1.00,5.60,-0.00,0.00,-0.00
-8.11,1.00,5.60,-0.00,0.00,-0.00
-8.11,1.00,5.61,-0.00,0.00,-0.00
-8.10,0.98,5.61,-0.01,0.00,-0.00
-8.10,0.98,5.61,-0.01,0.00,-0.00
-8.10,0.98,5.61,-0.01,0.00,-0.00
-8.10,0.98,5.61,-0.01,0.00,-0.00
-8.10,0.98,5.61,-0.01,0.00,-0.00
-8.09,0.98,5.61,-0.01,0.00,-0.00
-8.09,0.98,5.61,-0.01,0.00,-0.00
-8.09,0.98,5.61,-0.01,0.00,-0.00
-8.09,0.98,5.61,-0.01,0.00,-0.00
-8.09,0.98,5.61,-0.01,0.00,-0.00
-8.09,0.99,5.61,-0.01,0.00,-0.00
-8.09,0.99,5.61,-0.01,0.00,-0.00
-8.09,0.99,5.61,-0.01,0.00,-0.00
-8.09,0.99,5.61,-0.01,0.00,-0.00
-8.09,0.99,5.61,-0.01,0.00,-0.00
-8.09,0.99,5.61,-0.01,0.00,-0.00
-8.08,0.98,5.63,-0.01,0.00,-0.00
-8.08,0.98,5.63,-0.01,0.00,-0.00
-8.08,0.98,5.63,-0.01,0.00,-0.00
-8.08,0.98,5.63,-0.01,0.00,-0.00
-8.08,0.98,5.63,-0.01,0.00,-0.00
-8.08,0.99,5.62,-0.00,0.00,-0.00
-8.08,0.99,5.62,-0.00,0.00,-0.00
-8.08,0.99,5.62,-0.00,0.00,-0.00
-8.08,0.99,5.62,-0.00,0.00,-0.00
-8.08,0.99,5.62,-0.00,0.00,-0.00
-8.08,0.99,5.62,-0.00,0.00,-0.00
-8.10,0.98,5.62,-0.01,0.00,-0.00
-8.10,0.98,5.62,-0.01,0.00,-0.00
-8.10,0.98,5.62,-0.01,0.00,-0.00
-8.10,0.98,5.62,-0.01,0.00,-0.00
-8.10,0.98,5.62,-0.01,0.00,-0.00
-8.09,0.99,5.61,-0.00,0.00,-0.00
-8.09,0.99,5.61,-0.00,0.00,-0.00
-8.09,0.99,5.61,-0.00,0.00,-0.00
-8.09,0.99,5.61,-0.00,0.00,-0.00
-8.09,0.99,5.61,-0.00,0.00,-0.00
-8.09,1.00,5.62,-0.01,0.00,-0.00
-8.09,1.00,5.62,-0.01,0.00,-0.00
-8.09,1.00,5.62,-0.01,0.00,-0.00
-8.09,1.00,5.62,-0.01,0.00,-0.00
-8.09,1.00,5.62,-0.01,0.00,-0.00
-8.09,1.00,5.62,-0.01,0.00,-0.00
-8.09,0.99,5.62,-0.01,0.00,-0.00
-8.09,0.99,5.62,-0.01,0.00,-0.00
-8.09,0.99,5.62,-0.01,0.00,-0.00
-8.09,0.99,5.62,-0.01,0.00,-0.00
-8.09,0.99,5.62,-0.01,0.00,-0.00
-8.08,0.99,5.62,-0.01,0.00,-0.00
-8.08,0.99,5.62,-0.01,0.00,-0.00
-8.08,0.99,5.62,-0.01,0.00,-0.00
-8.08,0.99,5.62,-0.01,0.00,-0.00
-8.08,0.99,5.62,-0.01,0.00,-0.00
-8.08,0.99,5.62,-0.01,0.00,-0.00
-8.08,0.99,5.63,-0.01,0.00,-0.00
-8.08,0.99,5.63,-0.01,0.00,-0.00
-8.08,0.99,5.63,-0.01,0.00,-0.00
-8.08,0.99,5.63,-0.01,0.00,-0.00
-8.08,0.99,5.63,-0.01,0.00,-0.00
-8.08,1.00,5.62,-0.00,0.00,-0.00
-8.08,1.00,5.62,-0.00,0.00,-0.00
-8.08,1.00,5.62,-0.00,0.00,-0.00
-8.08,1.00,5.62,-0.00,0.00,-0.00
-8.08,1.00,5.62,-0.00,0.00,-0.00
-8.08,0.99,5.64,-0.01,0.00,-0.00
-8.08,0.99,5.64,-0.01,0.00,-0.00
-8.08,0.99,5.64,-0.01,0.00,-0.00
-8.08,0.99,5.64,-0.01,0.00,-0.00
-8.08,0.99,5.64,-0.01,0.00,-0.00
-8.08,0.99,5.64,-0.01,0.00,-0.00
-8.08,1.00,5.63,-0.01,0.00,-0.00
-8.08,1.00,5.63,-0.01,0.00,-0.00
-8.08,1.00,5.63,-0.01,0.00,-0.00
-8.08,1.00,5.63,-0.01,0.00,-0.00
-8.08,1.00,5.63,-0.01,0.00,-0.00
-8.08,1.00,5.63,-0.01,0.01,-0.00
-8.08,1.00,5.63,-0.01,0.01,-0.00
-8.08,1.00,5.63,-0.01,0.01,-0.00
-8.08,1.00,5.63,-0.01,0.01,-0.00
-8.08,1.00,5.63,-0.01,0.01,-0.00
-8.08,1.00,5.63,-0.01,0.01,-0.00
-8.09,0.99,5.63,-0.01,0.00,-0.00
-8.09,0.99,5.63,-0.01,0.00,-0.00
-8.09,0.99,5.63,-0.01,0.00,-0.00
-8.09,0.99,5.63,-0.01,0.00,-0.00
-8.09,0.99,5.63,-0.01,0.00,-0.00
-8.08,0.99,5.62,-0.01,0.00,-0.00
-8.08,0.99,5.62,-0.01,0.00,-0.00
-8.08,0.99,5.62,-0.01,0.00,-0.00
-8.08,0.99,5.62,-0.01,0.00,-0.00
-8.08,0.99,5.62,-0.01,0.00,-0.00
-8.08,0.99,5.65,-0.01,0.00,-0.00
-8.08,0.99,5.65,-0.01,0.00,-0.00
-8.08,0.99,5.65,-0.01,0.00,-0.00
-8.08,0.99,5.65,-0.01,0.00,-0.00
-8.08,0.99,5.65,-0.01,0.00,-0.00
-8.08,0.99,5.65,-0.01,0.00,-0.00
-8.07,1.00,5.63,-0.01,0.00,-0.00
-8.07,1.00,5.63,-0.01,0.00,-0.00
-8.07,1.00,5.63,-0.01,0.00,-0.00
-8.07,1.00,5.63,-0.01,0.00,-0.00
-8.07,1.00,5.63,-0.01,0.00,-0.00
-8.09,1.00,5.64,-0.01,0.00,-0.00
-8.09,1.00,5.64,-0.01,0.00,-0.00
-8.09,1.00,5.64,-0.01,0.00,-0.00
-8.09,1.00,5.64,-0.01,0.00,-0.00
-8.09,1.00,5.64,-0.01,0.00,-0.00
-8.09,1.00,5.64,-0.01,0.00,-0.00
-8.08,1.00,5.63,-0.01,0.00,-0.01
-8.08,1.00,5.63,-0.01,0.00,-0.01
-8.08,1.00,5.63,-0.01,0.00,-0.01
-8.08,1.00,5.63,-0.01,0.00,-0.01
-8.08,1.00,5.63,-0.01,0.00,-0.01
-8.08,1.00,5.64,-0.01,0.00,-0.00
-8.08,1.00,5.64,-0.01,0.00,-0.00
-8.08,1.00,5.64,-0.01,0.00,-0.00
-8.08,1.00,5.64,-0.01,0.00,-0.00
-8.08,1.00,5.64,-0.01,0.00,-0.00
-8.08,1.00,5.63,-0.01,0.00,-0.00
-8.08,1.00,5.63,-0.01,0.00,-0.00
-8.08,1.00,5.63,-0.01,0.00,-0.00
-8.08,1.00,5.63,-0.01,0.00,-0.00
-8.08,1.00,5.63,-0.01,0.00,-0.00
-8.08,1.00,5.63,-0.01,0.00,-0.00
-8.07,1.00,5.63,-0.01,0.00,-0.00
-8.07,1.00,5.63,-0.01,0.00,-0.00
-8.07,1.00,5.63,-0.01,0.00,-0.00
-8.07,1.00,5.63,-0.01,0.00,-0.00
-8.07,1.00,5.63,-0.01,0.00,-0.00
-8.08,1.00,5.64,-0.01,0.00,-0.00
-8.08,1.00,5.64,-0.01,0.00,-0.00
-8.08,1.00,5.64,-0.01,0.00,-0.00
-8.08,1.00,5.64,-0.01,0.00,-0.00
-8.08,1.00,5.64,-0.01,0.00,-0.00
-8.08,1.00,5.64,-0.01,0.00,-0.00
-8.07,1.00,5.65,-0.01,0.00,-0.00
-8.07,1.00,5.65,-0.01,0.00,-0.00
-8.07,1.00,5.65,-0.01,0.00,-0.00
-8.07,1.00,5.65,-0.01,0.00,-0.00
-8.07,1.00,5.65,-0.01,0.00,-0.00
-8.07,1.00,5.64,-0.01,0.01,-0.01
-8.07,1.00,5.64,-0.01,0.01,-0.01
-8.07,1.00,5.64,-0.01,0.01,-0.01
-8.07,1.00,5.64,-0.01,0.01,-0.01
-8.07,1.00,5.64,-0.01,0.01,-0.01
-8.08,1.00,5.63,-0.01,0.01,-0.00
-8.08,1.00,5.63,-0.01,0.01,-0.00
-8.08,1.00,5.63,-0.01,0.01,-0.00
-8.08,1.00,5.63,-0.01,0.01,-0.00
-8.08,1.00,5.63,-0.01,0.01,-0.00
-8.08,1.00,5.63,-0.01,0.01,-0.00
-8.08,1.00,5.64,-0.01,0.00,-0.00
-8.08,1.00,5.64,-0.01,0.00,-0.00
-8.08,1.00,5.64,-0.01,0.00,-0.00
-8.08,1.00,5.64,-0.01,0.00,-0.00
-8.08,1.00,5.64,-0.01,0.00,-0.00
-8.07,0.98,5.63,-0.01,0.00,-0.00
-8.07,0.98,5.63,-0.01,0.00,-0.00
-8.07,0.98,5.63,-0.01,0.00,-0.00
-8.07,0.98,5.63,-0.01,0.00,-0.00
-8.07,0.98,5.63,-0.01,0.00,-0.00
-8.07,0.98,5.63,-0.01,0.00,-0.00
-8.08,1.00,5.65,-0.01,0.00,-0.00
-8.08,1.00,5.65,-0.01,0.00,-0.00
-8.08,1.00,5.65,-0.01,0.00,-0.00
-8.08,1.00,5.65,-0.01,0.00,-0.00
-8.08,1.00,5.65,-0.01,0.00,-0.00
-8.07,1.00,5.64,-0.01,0.00,-0.00
-8.07,1.00,5.64,-0.01,0.00,-0.00
-8.07,1.00,5.64,-0.01,0.00,-0.00
-8.07,1.00,5.64,-0.01,0.00,-0.00
-8.07,1.00,5.64,-0.01,0.00,-0.00
-8.08,1.00,5.64,-0.01,0.00,-0.00
-8.08,1.00,5.64,-0.01,0.00,-0.00
-8.08,1.00,5.64,-0.01,0.00,-0.00
-8.08,1.00,5.64,-0.01,0.00,-0.00
-8.08,1.00,5.64,-0.01,0.00,-0.00
-8.08,1.00,5.64,-0.01,0.00,-0.00
-8.07,0.99,5.64,-0.01,0.00,-0.00
-8.07,0.99,5.64,-0.01,0.00,-0.00
-8.07,0.99,5.64,-0.01,0.00,-0.00
-8.07,0.99,5.64,-0.01,0.00,-0.00
-8.07,0.99,5.64,-0.01,0.00,-0.00
-8.08,0.99,5.64,-0.01,0.00,-0.00
-8.08,0.99,5.64,-0.01,0.00,-0.00
-8.08,0.99,5.64,-0.01,0.00,-0.00
-8.08,0.99,5.64,-0.01,0.00,-0.00
-8.08,0.99,5.64,-0.01,0.00,-0.00
-8.08,0.99,5.64,-0.01,0.00,-0.00
-8.07,0.99,5.64,-0.01,0.00,-0.00
-8.07,0.99,5.64,-0.01,0.00,-0.00
-8.07,0.99,5.64,-0.01,0.00,-0.00
-8.07,0.99,5.64,-0.01,0.00,-0.00
-8.07,0.99,5.64,-0.01,0.00,-0.00
-8.08,1.00,5.64,-0.01,0.00,-0.00
-8.08,1.00,5.64,-0.01,0.00,-0.00
-8.08,1.00,5.64,-0.01,0.00,-0.00
-8.08,1.00,5.64,-0.01,0.00,-0.00
-8.08,1.00,5.64,-0.01,0.00,-0.00
-8.07,1.00,5.64,-0.01,0.00,-0.00
-8.07,1.00,5.64,-0.01,0.00,-0.00
-8.07,1.00,5.64,-0.01,0.00,-0.00
-8.07,1.00,5.64,-0.01,0.00,-0.00
-8.07,1.00,5.64,-0.01,0.00,-0.00
-8.07,1.00,5.64,-0.01,0.00,-0.00
-8.08,0.99,5.64,-0.01,0.01,-0.00
-8.08,0.99,5.64,-0.01,0.01,-0.00
-8.08,0.99,5.64,-0.01,0.01,-0.00
-8.08,0.99,5.64,-0.01,0.01,-0.00
-8.08,0.99,5.64,-0.01,0.01,-0.00
-8.07,0.99,5.65,-0.01,0.01,-0.00
-8.07,0.99,5.65,-0.01,0.01,-0.00
-8.07,0.99,5.65,-0.01,0.01,-0.00
-8.07,0.99,5.65,-0.01,0.01,-0.00
-8.07,0.99,5.65,-0.01,0.01,-0.00
-8.07,0.99,5.65,-0.01,0.01,-0.00
-8.08,0.99,5.64,-0.01,0.01,-0.00
-8.08,0.99,5.64,-0.01,0.01,-0.00
-8.08,0.99,5.64,-0.01,0.01,-0.00
-8.08,0.99,5.64,-0.01,0.01,-0.00
-8.08,0.99,5.64,-0.01,0.01,-0.00
-8.08,1.00,5.64,-0.01,0.01,-0.00
-8.08,1.00,5.64,-0.01,0.01,-0.00
-8.08,1.00,5.64,-0.01,0.01,-0.00
-8.08,1.00,5.64,-0.01,0.01,-0.00
-8.08,1.00,5.64,-0.01,0.01,-0.00
-8.07,0.99,5.64,-0.01,0.01,-0.00
-8.07,0.99,5.64,-0.01,0.00,-0.00
-8.07,0.99,5.64,-0.01,0.00,-0.00
-8.07,0.99,5.64,-0.01,0.00,-0.00
-8.07,0.99,5.64,-0.01,0.00,-0.00
-8.07,0.99,5.64,-0.01,0.00,-0.00
-8.08,0.98,5.65,-0.01,0.00,-0.00
-8.08,0.98,5.65,-0.01,0.00,-0.00
-8.08,0.98,5.65,-0.01,0.00,-0.00
-8.08,0.98,5.65,-0.01,0.00,-0.00
-8.08,0.98,5.65,-0.01,0.00,-0.00
-8.07,0.99,5.64,-0.01,0.00,-0.00
-8.07,0.99,5.64,-0.01,0.00,-0.00
-8.07,0.99,5.64,-0.01,0.00,-0.00
-8.07,0.99,5.64,-0.01,0.00,-0.00
-8.07,0.99,5.64,-0.01,0.00,-0.00
-8.07,0.99,5.64,-0.01,0.00,-0.00
-8.07,1.00,5.65,-0.01,0.00,-0.00
-8.07,1.00,5.65,-0.01,0.00,-0.00
-8.07,1.00,5.65,-0.01,0.00,-0.00
-8.07,1.00,5.65,-0.01,0.00,-0.00
-8.07,1.00,5.65,-0.01,0.00,-0.00
-8.07,1.00,5.64,-0.01,0.01,-0.00
-8.07,1.00,5.64,-0.01,0.01,-0.00
-8.07,1.00,5.64,-0.01,0.01,-0.00
-8.07,1.00,5.64,-0.01,0.01,-0.00
-8.07,1.00,5.64,-0.01,0.01,-0.00
-8.07,1.00,5.64,-0.01,0.01,-0.00
-8.08,0.99,5.65,-0.01,0.00,-0.01
-8.08,0.99,5.65,-0.01,0.00,-0.01
-8.08,0.99,5.65,-0.01,0.00,-0.01
-8.08,0.99,5.65,-0.01,0.00,-0.01
-8.08,0.99,5.65,-0.01,0.00,-0.01
-8.07,1.00,5.64,-0.01,0.00,-0.00
-8.07,1.00,5.64,-0.01,0.00,-0.00
-8.07,1.00,5.64,-0.01,0.00,-0.00
-8.07,1.00,5.64,-0.01,0.00,-0.00
-8.07,1.00,5.64,-0.01,0.00,-0.00
-8.07,0.99,5.65,-0.01,0.00,-0.00
-8.07,0.99,5.65,-0.01,0.00,-0.00
-8.07,0.99,5.65,-0.01,0.00,-0.00
-8.07,0.99,5.65,-0.01,0.00,-0.00
-8.07,0.99,5.65,-0.01,0.00,-0.00
-8.07,0.99,5.65,-0.01,0.00,-0.00
-8.07,1.00,5.65,-0.01,0.00,-0.00
-8.07,1.00,5.65,-0.01,0.00,-0.00
-8.07,1.00,5.65,-0.01,0.00,-0.00
-8.07,1.00,5.65,-0.01,0.00,-0.00
-8.07,1.00,5.65,-0.01,0.00,-0.00
-8.07,1.00,5.65,-0.01,0.00,-0.00
-8.07,1.00,5.65,-0.01,0.00,-0.00
-8.07,1.00,5.65,-0.01,0.00,-0.00
-8.07,1.00,5.65,-0.01,0.00,-0.00
-8.07,1.00,5.65,-0.01,0.00,-0.00
-8.07,1.00,5.65,-0.01,0.00,-0.00
-8.06,0.99,5.66,-0.01,0.00,-0.00
-8.06,0.99,5.66,-0.01,0.00,-0.00
-8.06,0.99,5.66,-0.01,0.00,-0.00
-8.06,0.99,5.66,-0.01,0.00,-0.00
-8.06,0.99,5.66,-0.01,0.00,-0.00
-8.08,0.99,5.65,-0.01,0.01,-0.01
-8.08,0.99,5.65,-0.01,0.01,-0.01
-8.08,0.99,5.65,-0.01,0.01,-0.01
-8.08,0.99,5.65,-0.01,0.01,-0.01
-8.08,0.99,5.65,-0.01,0.01,-0.01
-8.08,0.99,5.65,-0.01,0.01,-0.01
-8.08,1.00,5.63,-0.01,0.01,-0.00
-8.08,1.00,5.63,-0.01,0.01,-0.00
-8.08,1.00,5.63,-0.01,0.01,-0.00
-8.08,1.00,5.63,-0.01,0.01,-0.00
-8.08,1.00,5.63,-0.01,0.01,-0.00
-8.07,1.00,5.65,-0.01,0.00,-0.00
-8.07,1.00,5.65,-0.01,0.00,-0.00
-8.07,1.00,5.65,-0.01,0.00,-0.00
-8.07,1.00,5.65,-0.01,0.00,-0.00
-8.07,1.00,5.65,-0.01,0.00,-0.00
-8.06,0.97,5.65,-0.01,0.00,-0.00
-8.06,0.97,5.65,-0.01,0.00,-0.00
-8.06,0.97,5.65,-0.01,0.00,-0.00
-8.06,0.97,5.65,-0.01,0.00,-0.00
-8.06,0.97,5.65,-0.01,0.00,-0.00
-8.06,0.97,5.65,-0.01,0.00,-0.00
-8.07,0.99,5.65,-0.01,0.00,-0.00
-8.07,0.99,5.65,-0.01,0.00,-0.00
-8.07,0.99,5.65,-0.01,0.00,-0.00
-8.07,0.99,5.65,-0.01,0.00,-0.00
-8.07,0.99,5.65,-0.01,0.00,-0.00
-8.07,0.99,5.65,-0.01,0.01,-0.00
-8.07,0.99,5.65,-0.01,0.01,-0.00
-8.07,0.99,5.65,-0.01,0.01,-0.00
-8.07,0.99,5.65,-0.01,0.01,-0.00
-8.07,0.99,5.65,-0.01,0.01,-0.00
-8.07,0.99,5.65,-0.01,0.01,-0.00
-8.08,0.99,5.65,-0.01,0.01,-0.00
-8.08,0.99,5.65,-0.01,0.01,-0.00
-8.08,0.99,5.65,-0.01,0.01,-0.00
-8.08,0.99,5.65,-0.01,0.01,-0.00
-8.08,0.99,5.65,-0.01,0.01,-0.00
-8.07,0.99,5.65,-0.01,0.01,-0.00
-8.07,0.99,5.65,-0.01,0.01,-0.00
-8.07,0.99,5.65,-0.01,0.01,-0.00
-8.07,0.99,5.65,-0.01,0.01,-0.00
-8.07,0.99,5.65,-0.01,0.01,-0.00
-8.07,0.99,5.65,-0.01,0.01,-0.00
-8.07,0.99,5.65,-0.01,0.01,-0.00
-8.07,0.99,5.65,-0.01,0.01,-0.00
-8.07,0.99,5.65,-0.01,0.01,-0.00
-8.07,0.99,5.65,-0.01,0.01,-0.00
-8.07,0.99,5.65,-0.01,0.01,-0.00
-8.07,0.99,5.65,-0.01,0.01,-0.00
-8.07,0.99,5.65,-0.01,0.01,-0.00
-8.07,0.99,5.65,-0.01,0.01,-0.00
-8.07,0.99,5.65,-0.01,0.01,-0.00
-8.07,0.99,5.65,-0.01,0.01,-0.00
-8.07,0.99,5.65,-0.01,0.01,-0.00
-8.07,0.99,5.65,-0.01,0.01,-0.00
-8.07,0.99,5.65,-0.01,0.01,-0.00
-8.07,0.99,5.65,-0.01,0.01,-0.00
-8.07,0.99,5.65,-0.01,0.01,-0.00
-8.07,0.99,5.65,-0.01,0.01,-0.00
-8.07,1.00,5.64,-0.01,0.01,-0.00
-8.07,1.00,5.64,-0.01,0.01,-0.00
-8.07,1.00,5.64,-0.01,0.01,-0.00
-8.07,1.00,5.64,-0.01,0.01,-0.00
-8.07,1.00,5.64,-0.01,0.01,-0.00
-8.07,0.99,5.65,-0.01,0.01,-0.00
-8.07,0.99,5.65,-0.01,0.01,-0.00
-8.07,0.99,5.65,-0.01,0.01,-0.00
-8.07,0.99,5.65,-0.01,0.01,-0.00
-8.07,0.99,5.65,-0.01,0.01,-0.00
-8.07,0.99,5.65,-0.01,0.01,-0.00
-8.07,0.99,5.65,-0.01,0.01,-0.00
-8.07,0.99,5.65,-0.01,0.01,-0.00
-8.07,0.99,5.65,-0.01,0.01,-0.00
-8.07,0.99,5.65,-0.01,0.01,-0.00
-8.07,0.99,5.65,-0.01,0.01,-0.00
-8.07,0.99,5.64,-0.01,0.01,-0.00
-8.07,0.99,5.64,-0.01,0.01,-0.00
-8.07,0.99,5.64,-0.01,0.01,-0.00
-8.07,0.99,5.64,-0.01,0.01,-0.00
-8.07,0.99,5.64,-0.01,0.01,-0.00
-8.09,1.00,5.64,-0.01,0.01,-0.00
-8.09,1.00,5.64,-0.01,0.01,-0.00
-8.09,1.00,5.64,-0.01,0.01,-0.00
-8.09,1.00,5.64,-0.01,0.01,-0.00
-8.09,1.00,5.64,-0.01,0.01,-0.00
-8.09,1.00,5.64,-0.01,0.01,-0.00
-8.06,0.99,5.64,-0.01,0.00,-0.00
-8.06,0.99,5.64,-0.01,0.00,-0.00
-8.06,0.99,5.64,-0.01,0.00,-0.00
-8.06,0.99,5.64,-0.01,0.00,-0.00
-8.06,0.99,5.64,-0.01,0.00,-0.00
-8.07,0.99,5.65,-0.01,0.00,-0.00
-8.07,0.99,5.65,-0.01,0.00,-0.00
-8.07,0.99,5.65,-0.01,0.00,-0.00
-8.07,0.99,5.65,-0.01,0.00,-0.00
-8.07,0.99,5.65,-0.01,0.00,-0.00
-8.07,0.99,5.64,-0.01,0.00,-0.00
-8.07,0.99,5.64,-0.01,0.01,-0.00
-8.07,0.99,5.64,-0.01,0.01,-0.00
-8.07,0.99,5.64,-0.01,0.01,-0.00
-8.07,0.99,5.64,-0.01,0.01,-0.00
-8.07,0.99,5.64,-0.01,0.01,-0.00
-8.08,1.00,5.64,-0.01,0.00,-0.00
-8.08,1.00,5.64,-0.01,0.00,-0.00
-8.08,1.00,5.64,-0.01,0.00,-0.00
-8.08,1.00,5.64,-0.01,0.00,-0.00
-8.08,1.00,5.64,-0.01,0.00,-0.00
-8.07,0.99,5.64,-0.01,0.01,-0.01
-8.07,0.99,5.64,-0.01,0.01,-0.01
-8.07,0.99,5.64,-0.01,0.01,-0.01
-8.07,0.99,5.64,-0.01,0.01,-0.01
-8.07,0.99,5.64,-0.01,0.01,-0.01
-8.07,0.99,5.64,-0.01,0.01,-0.01
-8.08,0.99,5.65,-0.01,0.01,-0.00
-8.08,0.99,5.65,-0.01,0.01,-0.00
-8.08,0.99,5.65,-0.01,0.01,-0.00
-8.08,0.99,5.65,-0.01,0.01,-0.00
-8.08,0.99,5.65,-0.01,0.01,-0.00
-8.08,0.99,5.64,-0.01,0.01,-0.00
-8.08,0.99,5.64,-0.01,0.01,-0.00
-8.08,0.99,5.64,-0.01,0.01,-0.00
-8.08,0.99,5.64,-0.01,0.01,-0.00
-8.08,0.99,5.64,-0.01,0.01,-0.00
-8.08,0.99,5.64,-0.01,0.01,-0.00
-8.07,0.99,5.64,-0.01,0.00,-0.00
-8.07,0.99,5.64,-0.01,0.00,-0.00
-8.07,0.99,5.64,-0.01,0.00,-0.00
-8.07,0.99,5.64,-0.01,0.00,-0.00
-8.07,0.99,5.64,-0.01,0.00,-0.00
-8.07,0.99,5.64,-0.01,0.00,-0.00
-8.07,0.99,5.64,-0.01,0.00,-0.00
-8.07,0.99,5.64,-0.01,0.00,-0.00
-8.07,0.99,5.64,-0.01,0.00,-0.00
-8.07,0.99,5.64,-0.01,0.00,-0.00
-8.07,0.99,5.65,-0.01,0.00,-0.00
-8.07,0.99,5.65,-0.01,0.00,-0.00
-8.07,0.99,5.65,-0.01,0.00,-0.00
-8.07,0.99,5.65,-0.01,0.00,-0.00
-8.07,0.99,5.65,-0.01,0.00,-0.00
-8.07,0.99,5.65,-0.01,0.00,-0.00
-8.07,0.99,5.65,-0.01,0.01,-0.00
-8.07,0.99,5.65,-0.01,0.01,-0.00
-8.07,0.99,5.65,-0.01,0.01,-0.00
-8.07,0.99,5.65,-0.01,0.01,-0.00
-8.07,0.99,5.65,-0.01,0.01,-0.00
-8.08,0.99,5.64,-0.01,0.01,-0.00
-8.08,0.99,5.64,-0.01,0.01,-0.00
-8.08,0.99,5.64,-0.01,0.01,-0.00
-8.08,0.99,5.64,-0.01,0.01,-0.00
-8.08,0.99,5.64,-0.01,0.01,-0.00
-8.08,0.99,5.64,-0.01,0.01,-0.00
-8.09,0.99,5.64,-0.01,0.01,-0.00
-8.09,0.99,5.64,-0.01,0.01,-0.00
-8.09,0.99,5.64,-0.01,0.01,-0.00
-8.09,0.99,5.64,-0.01,0.01,-0.00
-8.09,0.99,5.64,-0.01,0.01,-0.00
-8.07,0.99,5.64,-0.01,0.00,-0.00
-8.07,0.99,5.64,-0.01,0.00,-0.00
-8.07,0.99,5.64,-0.01,0.00,-0.00
-8.07,0.99,5.64,-0.01,0.00,-0.00
-8.07,0.99,5.64,-0.01,0.00,-0.00
-8.08,0.98,5.65,-0.01,0.00,-0.00
-8.08,0.98,5.65,-0.01,0.00,-0.00
-8.08,0.98,5.65,-0.01,0.00,-0.00
-8.08,0.98,5.65,-0.01,0.00,-0.00
-8.08,0.98,5.65,-0.01,0.00,-0.00
-8.08,0.98,5.65,-0.01,0.00,-0.00
-8.06,0.99,5.64,-0.00,0.00,-0.00
-8.06,0.99,5.64,-0.00,0.00,-0.00
-8.06,0.99,5.64,-0.00,0.00,-0.00
-8.06,0.99,5.64,-0.00,0.00,-0.00
-8.06,0.99,5.64,-0.00,0.00,-0.00
-8.07,0.99,5.65,-0.01,0.00,-0.00
-8.07,0.99,5.65,-0.01,0.00,-0.00
-8.07,0.99,5.65,-0.01,0.00,-0.00
-8.07,0.99,5.65,-0.01,0.00,-0.00
-8.07,0.99,5.65,-0.01,0.00,-0.00
-8.07,0.99,5.65,-0.01,0.00,-0.00
-8.07,0.99,5.64,-0.01,0.01,-0.00
-8.07,0.99,5.64,-0.01,0.01,-0.00
-8.07,0.99,5.64,-0.01,0.01,-0.00
-8.07,0.99,5.64,-0.01,0.01,-0.00
-8.07,0.99,5.64,-0.01,0.01,-0.00
-8.08,0.99,5.65,-0.01,0.00,-0.00
-8.08,0.99,5.65,-0.01,0.00,-0.00
-8.08,0.99,5.65,-0.01,0.00,-0.00
-8.08,0.99,5.65,-0.01,0.00,-0.00
-8.08,0.99,5.65,-0.01,0.00,-0.00
-8.07,0.99,5.65,-0.01,0.00,-0.00
-8.07,0.99,5.65,-0.01,0.00,-0.00
-8.07,0.99,5.65,-0.01,0.00,-0.00
-8.07,0.99,5.65,-0.01,0.00,-0.00
-8.07,0.99,5.65,-0.01,0.00,-0.00
-8.07,0.99,5.65,-0.01,0.00,-0.00
-8.07,1.00,5.64,-0.01,0.00,-0.00
-8.07,1.00,5.64,-0.01,0.00,-0.00
-8.07,1.00,5.64,-0.01,0.00,-0.00
-8.07,1.00,5.64,-0.01,0.00,-0.00
-8.07,1.00,5.64,-0.01,0.00,-0.00
-8.07,0.99,5.65,-0.01,0.00,-0.00
-8.07,0.99,5.65,-0.01,0.00,-0.00
-8.07,0.99,5.65,-0.01,0.00,-0.00
-8.07,0.99,5.65,-0.01,0.00,-0.00
-8.07,0.99,5.65,-0.01,0.00,-0.00
-8.07,0.99,5.65,-0.01,0.00,-0.00
-8.07,0.98,5.64,-0.01,0.00,-0.00
-8.07,0.98,5.64,-0.01,0.00,-0.00
-8.07,0.98,5.64,-0.01,0.00,-0.00
-8.07,0.98,5.64,-0.01,0.00,-0.00
-8.07,0.98,5.64,-0.01,0.00,-0.00
-8.06,0.99,5.66,-0.01,0.00,-0.00
-8.06,0.99,5.66,-0.01,0.00,-0.00
-8.06,0.99,5.66,-0.01,0.00,-0.00
-8.06,0.99,5.66,-0.01,0.00,-0.00
-8.06,0.99,5.66,-0.01,0.00,-0.00
-8.07,1.00,5.65,-0.00,0.01,-0.00
-8.07,1.00,5.65,-0.00,0.01,-0.00
-8.07,1.00,5.65,-0.00,0.01,-0.00
-8.07,1.00,5.65,-0.00,0.01,-0.00
-8.07,1.00,5.65,-0.00,0.01,-0.00
-8.07,1.00,5.65,-0.00,0.01,-0.00
-8.08,0.99,5.64,-0.01,0.01,-0.00
-8.08,0.99,5.64,-0.01,0.01,-0.00
-8.08,0.99,5.64,-0.01,0.01,-0.00
-8.08,0.99,5.64,-0.01,0.01,-0.00
-8.08,0.99,5.64,-0.01,0.01,-0.00
-8.08,0.98,5.64,-0.01,0.00,-0.00
-8.08,0.98,5.64,-0.01,0.00,-0.00
-8.08,0.98,5.64,-0.01,0.00,-0.00
-8.08,0.98,5.64,-0.01,0.00,-0.00
-8.08,0.98,5.64,-0.01,0.00,-0.00
-8.08,0.98,5.64,-0.01,0.00,-0.00
-8.07,1.01,5.66,-0.01,0.00,-0.00
-8.07,1.01,5.66,-0.01,0.00,-0.00
-8.07,1.01,5.66,-0.01,0.00,-0.00
-8.07,1.01,5.66,-0.01,0.00,-0.00
-8.07,1.01,5.66,-0.01,0.00,-0.00
-8.05,1.00,5.67,-0.01,0.00,-0.00
-8.05,1.00,5.67,-0.01,0.00,-0.00
-8.05,1.00,5.67,-0.01,0.00,-0.00
-8.05,1.00,5.67,-0.01,0.00,-0.00
-8.05,1.00,5.67,-0.01,0.00,-0.00
-8.06,0.98,5.66,-0.01,0.00,-0.00
-8.06,0.98,5.66,-0.01,0.00,-0.00
-8.06,0.98,5.66,-0.01,0.00,-0.00
-8.06,0.98,5.66,-0.01,0.00,-0.00
-8.06,0.98,5.66,-0.01,0.00,-0.00
-8.06,0.98,5.66,-0.01,0.00,-0.00
-8.06,0.99,5.65,-0.01,0.00,-0.01
-8.06,0.99,5.65,-0.01,0.00,-0.01
-8.06,0.99,5.65,-0.01,0.00,-0.01
-8.06,0.99,5.65,-0.01,0.00,-0.01
-8.06,0.99,5.65,-0.01,0.00,-0.01
-8.07,1.00,5.66,-0.01,0.00,-0.01
-8.07,1.00,5.66,-0.01,0.00,-0.01
-8.07,1.00,5.66,-0.01,0.00,-0.01
-8.07,1.00,5.66,-0.01,0.00,-0.01
-8.07,1.00,5.66,-0.01,0.00,-0.01
-8.07,1.00,5.66,-0.01,0.00,-0.01
-8.07,1.01,5.66,-0.01,0.00,-0.01
-8.07,1.01,5.66,-0.01,0.00,-0.01
-8.07,1.01,5.66,-0.01,0.00,-0.01
-8.07,1.01,5.66,-0.01,0.00,-0.01
-8.07,1.01,5.66,-0.01,0.00,-0.01
-8.06,0.98,5.66,-0.01,0.00,-0.01
-8.06,0.98,5.66,-0.01,0.00,-0.01
-8.06,0.98,5.66,-0.01,0.00,-0.01
-8.06,0.98,5.66,-0.01,0.00,-0.01
-8.06,0.98,5.66,-0.01,0.00,-0.01
-8.06,0.98,5.66,-0.01,0.00,-0.01
-8.08,0.97,5.65,-0.01,-0.00,-0.00
-8.08,0.97,5.65,-0.01,-0.00,-0.00
-8.08,0.97,5.65,-0.01,-0.00,-0.00
-8.08,0.97,5.65,-0.01,-0.00,-0.00
-8.08,0.97,5.65,-0.01,-0.00,-0.00
-8.07,1.00,5.66,-0.00,-0.00,-0.00
-8.07,1.00,5.66,-0.00,-0.00,-0.00
-8.07,1.00,5.66,-0.00,-0.00,-0.00
-8.07,1.00,5.66,-0.00,-0.00,-0.00
-8.07,1.00,5.66,-0.00,-0.00,-0.00
-8.04,0.99,5.68,-0.00,-0.00,-0.00
-8.04,0.99,5.68,-0.00,-0.00,-0.00
-8.04,0.99,5.68,-0.00,-0.00,-0.00
-8.04,0.99,5.68,-0.00,-0.00,-0.00
-8.04,0.99,5.68,-0.00,-0.00,-0.00
-8.04,0.99,5.68,-0.00,-0.00,-0.00
-8.03,0.99,5.69,-0.00,-0.00,-0.00
-8.03,0.99,5.69,-0.00,-0.00,-0.00
-8.03,0.99,5.69,-0.00,-0.00,-0.00
-8.03,0.99,5.69,-0.00,-0.00,-0.00
-8.03,0.99,5.69,-0.00,-0.00,-0.00
-8.05,0.99,5.69,-0.00,-0.00,-0.00
-8.05,0.99,5.69,-0.00,-0.00,-0.00
-8.05,0.99,5.69,-0.00,-0.00,-0.00
-8.05,0.99,5.69,-0.00,-0.00,-0.00
-8.05,0.99,5.69,-0.00,-0.00,-0.00
-8.04,1.02,5.68,-0.00,-0.00,-0.00
-8.04,1.02,5.68,-0.00,-0.00,-0.00
-8.04,1.02,5.68,-0.00,-0.00,-0.00
-8.04,1.02,5.68,-0.00,-0.00,-0.00
-8.04,1.02,5.68,-0.00,-0.00,-0.00
-8.04,1.02,5.68,-0.00,-0.00,-0.00
-8.01,0.99,5.70,-0.01,0.00,-0.00
-8.01,0.99,5.70,-0.01,0.00,-0.00
-8.01,0.99,5.70,-0.01,0.00,-0.00
-8.01,0.99,5.70,-0.01,0.00,-0.00
-8.01,0.99,5.70,-0.01,0.00,-0.00
-8.03,1.00,5.71,-0.01,0.01,-0.01
-8.03,1.00,5.71,-0.01,0.01,-0.01
-8.03,1.00,5.71,-0.01,0.01,-0.01
-8.03,1.00,5.71,-0.01,0.01,-0.01
-8.03,1.00,5.71,-0.01,0.01,-0.01
-8.03,1.00,5.71,-0.01,0.01,-0.01
-8.03,0.98,5.68,-0.01,0.01,-0.01
-8.03,0.98,5.68,-0.01,0.01,-0.01
-8.03,0.98,5.68,-0.01,0.01,-0.01
-8.03,0.98,5.68,-0.01,0.01,-0.01
-8.03,0.98,5.68,-0.01,0.01,-0.01
-8.09,0.98,5.66,0.00,0.01,-0.01
-8.09,0.98,5.66,0.00,0.01,-0.01
-8.09,0.98,5.66,0.00,0.01,-0.01
-8.09,0.98,5.66,0.00,0.01,-0.01
-8.09,0.98,5.66,0.00,0.01,-0.01
-8.05,0.98,5.66,0.00,0.01,-0.01
-8.05,0.98,5.66,0.00,0.01,-0.01
-8.05,0.98,5.66,0.00,0.01,-0.01
-8.05,0.98,5.66,0.00,0.01,-0.01
-8.05,0.98,5.66,0.00,0.01,-0.01
-8.05,0.98,5.66,0.00,0.01,-0.01
-8.05,1.04,5.70,-0.00,0.00,-0.00
-8.05,1.04,5.70,-0.00,0.00,-0.00
-8.05,1.04,5.70,-0.00,0.00,-0.00
-8.05,1.04,5.70,-0.00,0.00,-0.00
-8.05,1.04,5.70,-0.00,0.00,-0.00
-8.04,0.99,5.69,-0.01,0.01,0.00
-8.04,0.99,5.69,-0.01,0.01,0.00
-8.04,0.99,5.69,-0.01,0.01,0.00
-8.04,0.99,5.69,-0.01,0.01,0.00
-8.04,0.99,5.69,-0.01,0.01,0.00
-8.04,0.99,5.69,-0.01,0.01,0.00
-8.06,0.97,5.67,-0.01,-0.00,0.00
-8.06,0.97,5.67,-0.01,-0.00,0.00
-8.06,0.97,5.67,-0.01,-0.00,0.00
-8.06,0.97,5.67,-0.01,-0.00,0.00
-8.06,0.97,5.67,-0.01,-0.00,0.00
-8.05,0.98,5.65,-0.01,-0.00,-0.00
-8.05,0.98,5.65,-0.01,-0.00,-0.00
-8.05,0.98,5.65,-0.01,-0.00,-0.00
-8.05,0.98,5.65,-0.01,-0.00,-0.00
-8.05,0.98,5.65,-0.01,-0.00,-0.00
-8.05,0.98,5.65,-0.01,-0.00,-0.00
-8.01,1.01,5.71,-0.00,0.00,-0.01
-8.01,1.01,5.71,-0.00,0.00,-0.01
-8.01,1.01,5.71,-0.00,0.00,-0.01
-8.01,1.01,5.71,-0.00,0.00,-0.01
-8.01,1.01,5.71,-0.00,0.00,-0.01
-8.00,1.04,5.76,0.00,-0.03,-0.02
-8.00,1.04,5.76,0.00,-0.03,-0.02
-8.00,1.04,5.76,0.00,-0.03,-0.02
-8.00,1.04,5.76,0.00,-0.03,-0.02
-8.00,1.04,5.76,0.00,-0.03,-0.02
-8.02,0.99,5.69,0.00,0.00,-0.02
-8.02,0.99,5.69,0.00,0.00,-0.02
-8.02,0.99,5.69,0.00,0.00,-0.02
-8.02,0.99,5.69,0.00,0.00,-0.02
-8.02,0.99,5.69,0.00,0.00,-0.02
-8.02,0.99,5.69,0.00,0.00,-0.02
-8.01,0.98,5.71,-0.01,0.01,-0.00
-8.01,0.98,5.71,-0.01,0.01,-0.00
-8.01,0.98,5.71,-0.01,0.01,-0.00
-8.01,0.98,5.71,-0.01,0.01,-0.00
-8.01,0.98,5.71,-0.01,0.01,-0.00
-8.04,0.96,5.71,-0.02,0.02,0.01
-8.04,0.96,5.71,-0.02,0.02,0.01
-8.04,0.96,5.71,-0.02,0.02,0.01
-8.04,0.96,5.71,-0.02,0.02,0.01
-8.04,0.96,5.71,-0.02,0.02,0.01
-8.04,0.96,5.71,-0.02,0.02,0.01
-8.06,1.01,5.68,-0.01,0.01,0.01
-8.06,1.01,5.68,-0.01,0.01,0.01
-8.06,1.01,5.68,-0.01,0.01,0.01
-8.06,1.01,5.68,-0.01,0.01,0.01
-8.06,1.01,5.68,-0.01,0.01,0.01
-8.08,1.02,5.67,-0.00,0.01,0.00
-8.08,1.02,5.67,-0.00,0.01,0.00
-8.08,1.02,5.67,-0.00,0.01,0.00
-8.08,1.02,5.67,-0.00,0.01,0.00
-8.08,1.02,5.67,-0.00,0.01,0.00
-8.08,1.02,5.67,-0.00,0.01,0.00
-8.06,1.01,5.67,-0.00,0.00,-0.01
-8.06,1.01,5.67,-0.00,0.00,-0.01
-8.06,1.01,5.67,-0.00,0.00,-0.01
-8.06,1.01,5.67,-0.00,0.00,-0.01
-8.06,1.01,5.67,-0.00,0.00,-0.01
-8.02,1.02,5.70,-0.00,-0.00,-0.01
-8.02,1.02,5.70,-0.00,-0.00,-0.01
-8.02,1.02,5.70,-0.00,-0.00,-0.01
-8.02,1.02,5.70,-0.00,-0.00,-0.01
-8.02,1.02,5.70,-0.00,-0.00,-0.01
-8.01,0.99,5.74,-0.00,-0.00,-0.01
-8.01,0.99,5.74,-0.00,-0.00,-0.01
-8.01,0.99,5.74,-0.00,-0.00,-0.01
-8.01,0.99,5.74,-0.00,-0.00,-0.01
-8.01,0.99,5.74,-0.00,-0.00,-0.01
-8.01,0.99,5.74,-0.00,-0.00,-0.01
-8.03,0.98,5.68,-0.01,0.00,-0.00
-8.03,0.98,5.68,-0.01,0.00,-0.00
-8.03,0.98,5.68,-0.01,0.00,-0.00
-8.03,0.98,5.68,-0.01,0.00,-0.00
-8.03,0.98,5.68,-0.01,0.00,-0.00
-8.03,1.00,5.70,-0.00,-0.00,-0.00
-8.03,1.00,5.70,-0.00,-0.00,-0.00
-8.03,1.00,5.70,-0.00,-0.00,-0.00
-8.03,1.00,5.70,-0.00,-0.00,-0.00
-8.03,1.00,5.70,-0.00,-0.00,-0.00
-8.03,1.00,5.70,-0.00,-0.00,-0.00
-8.00,1.01,5.73,-0.00,0.00,-0.00
-8.00,1.01,5.73,-0.00,0.00,-0.00
-8.00,1.01,5.73,-0.00,0.00,-0.00
-8.00,1.01,5.73,-0.00,0.00,-0.00
-8.00,1.01,5.73,-0.00,0.00,-0.00
-8.04,1.04,5.72,0.01,0.00,-0.01
-8.04,1.04,5.72,0.01,0.00,-0.01
-8.04,1.04,5.72,0.01,0.00,-0.01
-8.04,1.04,5.72,0.01,0.00,-0.01
-8.04,1.04,5.72,0.01,0.00,-0.01
-8.04,1.04,5.72,0.01,0.00,-0.01
-8.02,0.98,5.70,0.01,0.00,-0.01
-8.02,0.98,5.70,0.01,0.00,-0.01
-8.02,0.98,5.70,0.01,0.00,-0.01
-8.02,0.98,5.70,0.01,0.00,-0.01
-8.02,0.98,5.70,0.01,0.00,-0.01
-8.05,0.98,5.72,-0.01,0.00,-0.00
-8.05,0.98,5.72,-0.01,0.00,-0.00
-8.05,0.98,5.72,-0.01,0.00,-0.00
-8.05,0.98,5.72,-0.01,0.00,-0.00
-8.05,0.98,5.72,-0.01,0.00,-0.00
-8.05,0.98,5.72,-0.01,0.00,-0.00
-8.05,1.09,5.65,-0.00,0.00,-0.00
-8.05,1.09,5.65,-0.00,0.00,-0.00
-8.05,1.09,5.65,-0.00,0.00,-0.00
-8.05,1.09,5.65,-0.00,0.00,-0.00
-8.05,1.09,5.65,-0.00,0.00,-0.00
-7.96,1.04,5.77,-0.02,0.01,-0.01
-7.96,1.04,5.77,-0.02,0.01,-0.01
-7.96,1.04,5.77,-0.02,0.01,-0.01
-7.96,1.04,5.77,-0.02,0.01,-0.01
-7.96,1.04,5.77,-0.02,0.01,-0.01
-7.99,0.98,5.74,-0.02,0.01,-0.01
-7.99,0.98,5.74,-0.02,0.01,-0.01
-7.99,0.98,5.74,-0.02,0.01,-0.01
-7.99,0.98,5.74,-0.02,0.01,-0.01
-7.99,0.98,5.74,-0.02,0.01,-0.01
-7.99,0.98,5.74,-0.02,0.01,-0.01
-8.05,0.95,5.70,-0.01,0.01,-0.01
-8.05,0.95,5.70,-0.01,0.01,-0.01
-8.05,0.95,5.70,-0.01,0.01,-0.01
-8.05,0.95,5.70,-0.01,0.01,-0.01
-8.05,0.95,5.70,-0.01,0.01,-0.01
-8.05,0.97,5.67,0.00,0.01,-0.01
-8.05,0.97,5.67,0.00,0.01,-0.01
-8.05,0.97,5.67,0.00,0.01,-0.01
-8.05,0.97,5.67,0.00,0.01,-0.01
-8.05,0.97,5.67,0.00,0.01,-0.01
-8.05,0.97,5.67,0.00,0.01,-0.01
-8.04,1.02,5.70,-0.00,0.01,-0.00
-8.04,1.02,5.70,-0.00,0.01,-0.00
-8.04,1.02,5.70,-0.00,0.01,-0.00
-8.04,1.02,5.70,-0.00,0.01,-0.00
-8.04,1.02,5.70,-0.00,0.01,-0.00
-8.06,1.05,5.70,-0.01,0.01,-0.01
-8.06,1.05,5.70,-0.01,0.01,-0.01
-8.06,1.05,5.70,-0.01,0.01,-0.01
-8.06,1.05,5.70,-0.01,0.01,-0.01
-8.06,1.05,5.70,-0.01,0.01,-0.01
-8.06,1.05,5.70,-0.01,0.01,-0.01
-8.04,1.06,5.71,-0.01,0.00,-0.01
-8.04,1.06,5.71,-0.01,0.00,-0.01
-8.04,1.06,5.71,-0.01,0.00,-0.01
-8.04,1.06,5.71,-0.01,0.00,-0.01
-8.04,1.06,5.71,-0.01,0.00,-0.01
-8.03,0.97,5.70,-0.02,0.00,-0.01
-8.03,0.97,5.70,-0.02,0.00,-0.01
-8.03,0.97,5.70,-0.02,0.00,-0.01
-8.03,0.97,5.70,-0.02,0.00,-0.01
-8.03,0.97,5.70,-0.02,0.00,-0.01
-8.03,0.97,5.70,-0.02,0.00,-0.01
-8.03,0.94,5.69,-0.02,0.00,-0.00
-8.03,0.94,5.69,-0.02,0.00,-0.00
-8.03,0.94,5.69,-0.02,0.00,-0.00
-8.03,0.94,5.69,-0.02,0.00,-0.00
-8.03,0.94,5.69,-0.02,0.00,-0.00
-8.03,0.95,5.69,-0.01,0.01,-0.00
-8.03,0.95,5.69,-0.01,0.01,-0.00
-8.03,0.95,5.69,-0.01,0.01,-0.00
-8.03,0.95,5.69,-0.01,0.01,-0.00
-8.03,0.95,5.69,-0.01,0.01,-0.00
-8.03,1.01,5.70,-0.00,0.01,-0.00
-8.03,1.01,5.70,-0.00,0.01,-0.00
-8.03,1.01,5.70,-0.00,0.01,-0.00
-8.03,1.01,5.70,-0.00,0.01,-0.00
-8.03,1.01,5.70,-0.00,0.01,-0.00
-8.03,1.01,5.70,-0.00,0.01,-0.00
-8.03,1.03,5.72,-0.00,0.01,-0.01
-8.03,1.03,5.72,-0.00,0.01,-0.01
-8.03,1.03,5.72,-0.00,0.01,-0.01
-8.03,1.03,5.72,-0.00,0.01,-0.01
-8.03,1.03,5.72,-0.00,0.01,-0.01
-8.06,0.98,5.68,-0.01,0.01,-0.01
-8.06,0.98,5.68,-0.01,0.01,-0.01
-8.06,0.98,5.68,-0.01,0.01,-0.01
-8.06,0.98,5.68,-0.01,0.01,-0.01
-8.06,0.98,5.68,-0.01,0.01,-0.01
-8.06,0.98,5.68,-0.01,0.01,-0.01
-8.04,0.98,5.69,-0.01,0.00,-0.00
-8.04,0.98,5.69,-0.01,0.00,-0.00
-8.04,0.98,5.69,-0.01,0.00,-0.00
-8.04,0.98,5.69,-0.01,0.00,-0.00
-8.04,0.98,5.69,-0.01,0.00,-0.00
-8.03,1.00,5.70,-0.01,0.00,-0.00
-8.03,1.00,5.70,-0.01,0.00,-0.00
-8.03,1.00,5.70,-0.01,0.00,-0.00
-8.03,1.00,5.70,-0.01,0.00,-0.00
-8.03,1.00,5.70,-0.01,0.00,-0.00
-8.03,1.00,5.70,-0.01,0.00,-0.00
-8.03,1.00,5.72,-0.01,0.01,-0.00
-8.03,1.00,5.72,-0.01,0.01,-0.00
-8.03,1.00,5.72,-0.01,0.01,-0.00
-8.03,1.00,5.72,-0.01,0.01,-0.00
-8.03,1.00,5.72,-0.01,0.01,-0.00
-8.02,1.00,5.69,-0.00,0.01,-0.00
-8.02,1.00,5.69,-0.00,0.01,-0.00
-8.02,1.00,5.69,-0.00,0.01,-0.00
-8.02,1.00,5.69,-0.00,0.01,-0.00
-8.02,1.00,5.69,-0.00,0.01,-0.00
-8.04,0.98,5.68,-0.01,0.00,-0.01
-8.04,0.98,5.68,-0.01,0.00,-0.01
-8.04,0.98,5.68,-0.01,0.00,-0.01
-8.04,0.98,5.68,-0.01,0.00,-0.01
-8.04,0.98,5.68,-0.01,0.00,-0.01
-8.04,0.98,5.68,-0.01,0.00,-0.01
-8.04,0.96,5.69,-0.01,0.01,-0.00
-8.04,0.96,5.69,-0.01,0.01,-0.00
-8.04,0.96,5.69,-0.01,0.01,-0.00
-8.04,0.96,5.69,-0.01,0.01,-0.00
-8.04,0.96,5.69,-0.01,0.01,-0.00
-8.03,1.01,5.72,-0.00,0.00,-0.00
-8.03,1.01,5.72,-0.00,0.00,-0.00
-8.03,1.01,5.72,-0.00,0.00,-0.00
-8.03,1.01,5.72,-0.00,0.00,-0.00
-8.03,1.01,5.72,-0.00,0.00,-0.00
-8.03,1.01,5.72,-0.00,0.00,-0.00
-8.04,1.01,5.71,-0.00,0.00,-0.00
-8.04,1.01,5.71,-0.00,0.00,-0.00
-8.04,1.01,5.71,-0.00,0.00,-0.00
-8.04,1.01,5.71,-0.00,0.00,-0.00
-8.04,1.01,5.71,-0.00,0.00,-0.00
-8.04,0.98,5.69,-0.01,0.00,-0.00
-8.04,0.98,5.69,-0.01,0.00,-0.00
-8.04,0.98,5.69,-0.01,0.00,-0.00
-8.04,0.98,5.69,-0.01,0.00,-0.00
-8.04,0.98,5.69,-0.01,0.00,-0.00
-8.03,1.00,5.70,-0.01,0.00,-0.00
-8.03,1.00,5.70,-0.01,0.00,-0.00
-8.03,1.00,5.70,-0.01,0.00,-0.00
-8.03,1.00,5.70,-0.01,0.00,-0.00
-8.03,1.00,5.70,-0.01,0.00,-0.00
-8.03,1.00,5.70,-0.01,0.00,-0.00
-8.01,1.00,5.72,-0.01,0.00,-0.00
-8.01,1.00,5.72,-0.01,0.00,-0.00
-8.01,1.00,5.72,-0.01,0.00,-0.00
-8.01,1.00,5.72,-0.01,0.00,-0.00
-8.01,1.00,5.72,-0.01,0.00,-0.00
-8.02,1.00,5.71,-0.01,0.01,-0.01
-8.02,1.00,5.71,-0.01,0.01,-0.01
-8.02,1.00,5.71,-0.01,0.01,-0.01
-8.02,1.00,5.71,-0.01,0.01,-0.01
-8.02,1.00,5.71,-0.01,0.01,-0.01
-8.02,1.00,5.71,-0.01,0.01,-0.01
-8.05,0.98,5.68,-0.00,0.01,-0.01
-8.05,0.98,5.68,-0.00,0.01,-0.01
-8.05,0.98,5.68,-0.00,0.01,-0.01
-8.05,0.98,5.68,-0.00,0.01,-0.01
-8.05,0.98,5.68,-0.00,0.01,-0.01
-8.06,0.99,5.68,-0.00,0.01,-0.00
-8.06,0.99,5.68,-0.00,0.01,-0.00
-8.06,0.99,5.68,-0.00,0.01,-0.00
-8.06,0.99,5.68,-0.00,0.01,-0.00
-8.06,0.99,5.68,-0.00,0.01,-0.00
-8.04,0.99,5.69,-0.00,0.01,-0.00
-8.04,0.99,5.69,-0.01,0.00,-0.00
-8.04,0.99,5.69,-0.01,0.00,-0.00
-8.04,0.99,5.69,-0.01,0.00,-0.00
-8.04,0.99,5.69,-0.01,0.00,-0.00
-8.04,0.99,5.69,-0.01,0.00,-0.00
-8.03,1.01,5.72,-0.01,0.00,-0.00
-8.03,1.01,5.72,-0.01,0.00,-0.00
-8.03,1.01,5.72,-0.01,0.00,-0.00
-8.03,1.01,5.72,-0.01,0.00,-0.00
-8.03,1.01,5.72,-0.01,0.00,-0.00
-8.02,0.99,5.70,-0.01,0.01,-0.00
-8.02,0.99,5.70,-0.01,0.01,-0.00
-8.02,0.99,5.70,-0.01,0.01,-0.00
-8.02,0.99,5.70,-0.01,0.01,-0.00
-8.02,0.99,5.70,-0.01,0.01,-0.00
-8.02,0.99,5.70,-0.01,0.01,-0.00
-8.04,0.99,5.70,-0.01,0.01,-0.01
-8.04,0.99,5.70,-0.01,0.01,-0.01
-8.04,0.99,5.70,-0.01,0.01,-0.01
-8.04,0.99,5.70,-0.01,0.01,-0.01
-8.04,0.99,5.70,-0.01,0.01,-0.01
-8.04,0.99,5.70,-0.01,0.01,-0.00
-8.04,0.99,5.70,-0.01,0.01,-0.00
-8.04,0.99,5.70,-0.01,0.01,-0.00
-8.04,0.99,5.70,-0.01,0.01,-0.00
-8.04,0.99,5.70,-0.01,0.01,-0.00
-8.04,0.99,5.70,-0.01,0.01,-0.00
-8.05,0.98,5.69,-0.01,0.01,-0.01
-8.05,0.98,5.69,-0.01,0.01,-0.01
-8.05,0.98,5.69,-0.01,0.01,-0.01
-8.05,0.98,5.69,-0.01,0.01,-0.01
-8.05,0.98,5.69,-0.01,0.01,-0.01
-8.03,0.98,5.67,-0.01,0.01,-0.00
-8.03,0.98,5.67,-0.01,0.01,-0.00
-8.03,0.98,5.67,-0.01,0.01,-0.00
-8.03,0.98,5.67,-0.01,0.01,-0.00
-8.03,0.98,5.67,-0.01,0.01,-0.00
-8.06,1.02,5.74,-0.00,0.00,-0.00
-8.06,1.02,5.74,-0.00,0.00,-0.00
-8.06,1.02,5.74,-0.00,0.00,-0.00
-8.06,1.02,5.74,-0.00,0.00,-0.00
-8.06,1.02,5.74,-0.00,0.00,-0.00
-8.06,1.02,5.74,-0.00,0.00,-0.00
-8.02,1.02,5.67,-0.01,0.01,-0.00
-8.02,1.02,5.67,-0.01,0.01,-0.00
-8.02,1.02,5.67,-0.01,0.01,-0.00
-8.02,1.02,5.67,-0.01,0.01,-0.00