9.66,2.37,1.11,-0.06,-0.24,-0.09
9.66,2.37,1.11,-0.06,-0.24,-0.09
9.34,2.72,0.31,-0.13,-0.48,-0.06
9.34,2.72,0.31,-0.13,-0.48,-0.06
9.34,2.72,0.31,-0.13,-0.48,-0.06
9.34,2.72,0.31,-0.13,-0.48,-0.06
9.34,2.72,0.31,-0.13,-0.48,-0.06
9.34,2.72,0.31,-0.13,-0.48,-0.06
9.68,2.82,0.60,0.03,-0.14,0.02
9.68,2.82,0.60,0.03,-0.14,0.02
9.68,2.82,0.60,0.03,-0.14,0.02
9.68,2.82,0.60,0.03,-0.14,0.02
9.68,2.82,0.60,0.03,-0.14,0.02
9.68,2.82,0.60,0.03,-0.14,0.02
9.71,2.55,0.37,0.06,-0.01,0.07
9.71,2.55,0.37,0.06,-0.01,0.07
9.71,2.55,0.37,0.06,-0.01,0.07
9.71,2.55,0.37,0.06,-0.01,0.07
9.71,2.55,0.37,0.06,-0.01,0.07
9.54,2.44,0.37,-0.04,-0.07,0.09
9.54,2.44,0.37,-0.04,-0.07,0.09
9.54,2.44,0.37,-0.04,-0.07,0.09
9.54,2.44,0.37,-0.04,-0.07,0.09
9.54,2.44,0.37,-0.04,-0.07,0.09
9.54,2.44,0.37,-0.04,-0.07,0.09
9.24,2.65,0.48,-0.09,-0.06,0.14
9.24,2.65,0.48,-0.09,-0.06,0.14
9.24,2.65,0.48,-0.09,-0.06,0.14
9.24,2.65,0.48,-0.09,-0.06,0.14
9.24,2.65,0.48,-0.09,-0.06,0.14
9.24,2.65,0.48,-0.09,-0.06,0.14
9.54,2.69,0.75,-0.09,0.01,0.18
9.54,2.69,0.75,-0.09,0.01,0.18
9.54,2.69,0.75,-0.09,0.01,0.18
9.54,2.69,0.75,-0.09,0.01,0.18
9.54,2.69,0.75,-0.09,0.01,0.18
9.69,2.74,-1.15,-0.02,0.12,0.16
9.69,2.74,-1.15,-0.02,0.12,0.16
9.69,2.74,-1.15,-0.02,0.12,0.16
9.69,2.74,-1.15,-0.02,0.12,0.16
9.69,2.74,-1.15,-0.02,0.12,0.16
9.69,2.74,-1.15,-0.02,0.12,0.16
10.04,2.70,0.38,0.08,-0.00,0.09
10.04,2.70,0.38,0.08,-0.00,0.09
10.04,2.70,0.38,0.08,-0.00,0.09
10.04,2.70,0.38,0.08,-0.00,0.09
10.04,2.70,0.38,0.08,-0.00,0.09
10.04,2.70,0.38,0.08,-0.00,0.09
10.59,1.68,0.81,-0.13,-0.21,0.00
10.59,1.68,0.81,-0.13,-0.21,0.00
10.59,1.68,0.81,-0.13,-0.21,0.00
10.59,1.68,0.81,-0.13,-0.21,0.00
10.59,1.68,0.81,-0.13,-0.21,0.00
10.59,1.68,0.27,-0.13,-0.21,0.00
10.58,1.21,0.27,-0.24,-0.35,0.12
10.58,1.21,0.27,-0.24,-0.35,0.12
10.58,1.21,0.27,-0.24,-0.35,0.12
10.58,1.21,0.27,-0.24,-0.35,0.12
10.58,1.21,0.27,-0.24,-0.35,0.12
9.66,1.18,0.51,-0.47,-0.58,0.21
9.66,1.18,0.51,-0.47,-0.58,0.21
9.66,1.18,0.51,-0.47,-0.58,0.21
9.66,1.18,0.51,-0.47,-0.58,0.21
9.66,1.18,0.51,-0.47,-0.58,0.21
9.66,1.18,0.51,-0.47,-0.58,0.21
9.67,1.60,0.46,-0.82,-0.57,0.11
9.67,1.60,0.46,-0.82,-0.57,0.11
9.67,1.60,0.46,-0.82,-0.57,0.11
9.67,1.60,0.46,-0.82,-0.57,0.11
9.67,1.60,0.46,-0.82,-0.57,0.11
9.67,1.60,0.46,-0.82,-0.57,0.11
9.31,1.45,0.07,-0.91,-0.42,-0.01
9.31,1.45,0.07,-0.91,-0.42,-0.01
9.31,1.45,0.07,-0.91,-0.42,-0.01
9.31,1.45,0.07,-0.91,-0.42,-0.01
9.31,1.45,0.07,-0.91,-0.42,-0.01
9.68,1.82,0.01,-0.95,-0.36,-0.03
9.68,1.82,0.01,-0.95,-0.36,-0.03
9.68,1.82,0.01,-0.95,-0.36,-0.03
9.68,1.82,0.01,-0.95,-0.36,-0.03
9.68,1.82,0.01,-0.95,-0.36,-0.03
9.68,1.82,0.01,-0.95,-0.36,-0.03
9.83,2.04,-0.77,-1.03,-0.31,-0.00
9.83,2.04,-0.77,-1.03,-0.31,-0.00
9.83,2.04,-0.77,-1.03,-0.31,-0.00
9.83,2.04,-0.77,-1.03,-0.31,-0.00
9.83,2.04,-0.77,-1.03,-0.31,-0.00
9.83,2.04,-0.77,-1.03,-0.31,-0.00
9.62,1.99,-1.59,-0.71,-0.30,-0.05
9.62,1.99,-1.59,-0.71,-0.30,-0.05
9.62,1.99,-1.59,-0.71,-0.30,-0.05
9.62,1.99,-1.59,-0.71,-0.30,-0.05
9.62,1.99,-1.59,-0.71,-0.30,-0.05
9.40,2.69,-1.11,-0.57,-0.06,-0.17
9.40,2.69,-1.11,-0.57,-0.06,-0.17
9.40,2.69,-1.11,-0.57,-0.06,-0.17
9.40,2.69,-1.11,-0.57,-0.06,-0.17
9.40,2.69,-1.11,-0.57,-0.06,-0.17
9.40,2.69,-1.11,-0.57,-0.06,-0.17
9.46,2.73,-0.39,-0.53,0.18,-0.32
9.46,2.73,-0.39,-0.53,0.18,-0.32
9.46,2.73,-0.39,-0.53,0.18,-0.32
9.46,2.73,-0.39,-0.53,0.18,-0.32
9.46,2.73,-0.39,-0.53,0.18,-0.32
9.46,2.73,-0.39,-0.53,0.18,-0.32
7.87,2.92,-1.05,-0.61,-0.72,-0.72
7.87,2.92,-1.05,-0.61,-0.72,-0.72
7.87,2.92,-1.05,-0.61,-0.72,-0.72
7.87,2.92,-1.05,-0.61,-0.72,-0.72
7.87,2.92,-1.05,-0.61,-0.72,-0.72
6.96,2.51,-0.80,-0.93,-2.15,-1.40
6.96,2.51,-0.80,-0.93,-2.15,-1.40
6.96,2.51,-0.80,-0.93,-2.15,-1.40
6.96,2.51,-0.80,-0.93,-2.15,-1.40
6.96,2.51,-0.80,-0.93,-2.15,-1.40
6.96,2.51,-0.80,-0.93,-2.15,-1.40
5.69,5.06,-2.90,-1.90,-3.04,-1.93
5.69,5.06,-2.90,-1.90,-3.04,-1.93
5.69,5.06,-2.90,-1.90,-3.04,-1.93
5.69,5.06,-2.90,-1.90,-3.04,-1.93
5.69,5.06,-2.90,-1.90,-3.04,-1.93
5.69,5.06,-2.90,-1.90,-3.04,-1.93
6.45,9.16,-4.72,-1.85,-1.97,-2.14
6.45,9.16,-4.72,-1.85,-1.97,-2.14
6.45,9.16,-4.72,-1.85,-1.97,-2.14
6.45,9.16,-4.72,-1.85,-1.97,-2.14
6.45,9.16,-4.72,-1.85,-1.97,-2.14
6.90,9.22,-3.83,-0.66,-0.04,-1.39
6.90,9.22,-3.83,-0.66,-0.04,-1.39
6.90,9.22,-3.83,-0.66,-0.04,-1.39
6.90,9.22,-3.83,-0.66,-0.04,-1.39
6.90,9.22,-3.83,-0.66,-0.04,-1.39
6.90,9.22,-3.83,-0.66,-0.04,-1.39
7.24,7.90,-3.37,-0.37,1.06,0.20
7.24,7.90,-3.37,-0.37,1.06,0.20
7.24,7.90,-3.37,-0.37,1.06,0.20
7.24,7.90,-3.37,-0.37,1.06,0.20
7.24,7.90,-3.37,-0.37,1.06,0.20
7.24,7.90,-3.37,-0.37,1.06,0.20
5.78,6.93,-2.80,-0.65,0.54,0.87
5.78,6.93,-2.80,-0.65,0.54,0.87
5.78,6.93,-2.80,-0.65,0.54,0.87
5.78,6.93,-2.80,-0.65,0.54,0.87
5.78,6.93,-2.80,-0.65,0.54,0.87
5.78,6.93,-2.25,-0.65,0.54,0.87
6.35,7.40,-2.25,-0.67,-0.07,0.47
6.35,7.40,-2.25,-0.67,-0.07,0.47
6.35,7.40,-2.25,-0.67,-0.07,0.47
6.35,7.40,-2.25,-0.67,-0.07,0.47
6.35,7.40,-2.25,-0.67,-0.07,0.47
6.00,7.96,-1.93,-0.65,-0.68,0.27
6.00,7.96,-1.93,-0.65,-0.68,0.27
6.00,7.96,-1.93,-0.65,-0.68,0.27
6.00,7.96,-1.93,-0.65,-0.68,0.27
6.00,7.96,-1.93,-0.65,-0.68,0.27
6.00,7.96,-1.93,-0.65,-0.68,0.27
6.06,7.46,-2.05,-0.48,-0.62,0.19
6.06,7.46,-2.05,-0.48,-0.62,0.19
6.06,7.46,-2.05,-0.48,-0.62,0.19
6.06,7.46,-2.05,-0.48,-0.62,0.19
6.06,7.46,-2.05,-0.48,-0.62,0.19
6.06,7.46,-2.05,-0.48,-0.62,0.19
6.01,7.01,-2.14,-0.37,-0.56,0.29
6.01,7.01,-2.14,-0.37,-0.56,0.29
6.01,7.01,-2.14,-0.37,-0.56,0.29
6.01,7.01,-2.14,-0.37,-0.56,0.29
6.01,7.01,-2.14,-0.37,-0.56,0.29
6.88,8.69,-2.14,-0.38,-0.58,0.15
6.88,8.69,-2.14,-0.38,-0.58,0.15
6.88,8.69,-2.14,-0.38,-0.58,0.15
6.88,8.69,-2.14,-0.38,-0.58,0.15
6.88,8.69,-2.14,-0.38,-0.58,0.15
6.88,8.69,-2.14,-0.38,-0.58,0.15
6.47,8.16,-1.61,-0.22,-0.52,0.02
6.47,8.16,-1.61,-0.22,-0.52,0.02
6.47,8.16,-1.61,-0.22,-0.52,0.02
6.47,8.16,-1.61,-0.22,-0.52,0.02
6.47,8.16,-1.61,-0.22,-0.52,0.02
6.47,8.16,-1.61,-0.22,-0.52,0.02
7.07,8.43,-1.57,-0.30,-0.46,0.31
7.07,8.43,-1.57,-0.30,-0.46,0.31
7.07,8.43,-1.57,-0.30,-0.46,0.31
7.07,8.43,-1.57,-0.30,-0.46,0.31
7.07,8.43,-1.57,-0.30,-0.46,0.31
5.47,7.50,-0.94,-0.16,-0.67,0.39
5.47,7.50,-0.94,-0.16,-0.67,0.39
5.47,7.50,-0.94,-0.16,-0.67,0.39
5.47,7.50,-0.94,-0.16,-0.67,0.39
5.47,7.50,-0.94,-0.16,-0.67,0.39
5.47,7.50,-0.94,-0.16,-0.67,0.39
5.77,7.07,-0.50,0.11,0.02,0.51
5.77,7.07,-0.50,0.11,0.02,0.51
5.77,7.07,-0.50,0.11,0.02,0.51
5.77,7.07,-0.50,0.11,0.02,0.51
5.77,7.07,-0.50,0.11,0.02,0.51
5.77,7.07,-0.50,0.11,0.02,0.51
5.90,7.31,-0.57,-0.02,-0.06,0.33
5.90,7.31,-0.57,-0.02,-0.06,0.33
5.90,7.31,-0.57,-0.02,-0.06,0.33
5.90,7.31,-0.57,-0.02,-0.06,0.33
5.90,7.31,-0.57,-0.02,-0.06,0.33
5.61,7.68,-1.02,-0.17,-0.27,0.08
5.61,7.68,-1.02,-0.17,-0.27,0.08
5.61,7.68,-1.02,-0.17,-0.27,0.08
5.61,7.68,-1.02,-0.17,-0.27,0.08
5.61,7.68,-1.02,-0.17,-0.27,0.08
5.61,7.68,-1.02,-0.17,-0.27,0.08
5.50,8.14,-1.57,-0.13,-0.12,-0.18
5.50,8.14,-1.57,-0.13,-0.12,-0.18
5.50,8.14,-1.57,-0.13,-0.12,-0.18
5.50,8.14,-1.57,-0.13,-0.12,-0.18
5.50,8.14,-1.57,-0.13,-0.12,-0.18
5.50,8.14,-1.57,-0.13,-0.12,-0.18
5.76,9.42,-1.62,-0.01,0.08,-0.68
5.76,9.42,-1.62,-0.01,0.08,-0.68
5.76,9.42,-1.62,-0.01,0.08,-0.68
5.76,9.42,-1.62,-0.01,0.08,-0.68
5.76,9.42,-1.62,-0.01,0.08,-0.68
6.89,8.06,-2.32,0.15,0.41,-1.19
6.89,8.06,-2.32,0.15,0.41,-1.19
6.89,8.06,-2.32,0.15,0.41,-1.19
6.89,8.06,-2.32,0.15,0.41,-1.19
6.89,8.06,-2.32,0.15,0.41,-1.19
6.89,8.06,-2.32,0.15,0.41,-1.19
5.03,8.02,-2.77,-0.10,-0.34,-1.08
5.03,8.02,-2.77,-0.10,-0.34,-1.08
5.03,8.02,-2.77,-0.10,-0.34,-1.08
5.03,8.02,-2.77,-0.10,-0.34,-1.08
5.03,8.02,-2.77,-0.10,-0.34,-1.08
5.03,8.02,-2.77,-0.10,-0.34,-1.08
4.20,8.23,-2.34,-0.00,-0.21,-0.56
4.20,8.23,-2.34,-0.00,-0.21,-0.56
4.20,8.23,-2.34,-0.00,-0.21,-0.56
4.20,8.23,-2.34,-0.00,-0.21,-0.56
4.20,8.23,-2.34,-0.00,-0.21,-0.56
3.65,7.78,-1.96,-0.00,-0.21,-0.56
3.65,7.78,-1.96,0.18,0.30,-0.24
3.65,7.78,-1.96,0.18,0.30,-0.24
3.65,7.78,-1.96,0.18,0.30,-0.24
3.65,7.78,-1.96,0.18,0.30,-0.24
3.65,7.78,-1.96,0.18,0.30,-0.24
4.57,7.20,-1.99,0.19,0.79,-0.11
4.57,7.20,-1.99,0.19,0.79,-0.11
4.57,7.20,-1.99,0.19,0.79,-0.11
4.57,7.20,-1.99,0.19,0.79,-0.11
4.57,7.20,-1.99,0.19,0.79,-0.11
4.57,7.20,-1.99,0.19,0.79,-0.11
5.36,6.81,-2.55,-0.01,0.77,0.07
5.36,6.81,-2.55,-0.01,0.77,0.07
5.36,6.81,-2.55,-0.01,0.77,0.07
5.36,6.81,-2.55,-0.01,0.77,0.07
5.36,6.81,-2.55,-0.01,0.77,0.07
5.36,6.81,-2.55,-0.01,0.77,0.07
6.16,7.28,-3.09,-0.23,0.40,0.25
6.16,7.28,-3.09,-0.23,0.40,0.25
6.16,7.28,-3.09,-0.23,0.40,0.25
6.16,7.28,-3.09,-0.23,0.40,0.25
6.16,7.28,-3.09,-0.23,0.40,0.25
6.43,8.63,-3.23,-0.32,0.07,0.44
6.43,8.63,-3.23,-0.32,0.07,0.44
6.43,8.63,-3.23,-0.32,0.07,0.44
6.43,8.63,-3.23,-0.32,0.07,0.44
6.43,8.63,-3.23,-0.32,0.07,0.44
6.43,8.63,-3.23,-0.32,0.07,0.44
7.14,9.49,-2.98,-0.16,0.12,0.52
7.14,9.49,-2.98,-0.16,0.12,0.52
7.14,9.49,-2.98,-0.16,0.12,0.52
7.14,9.49,-2.98,-0.16,0.12,0.52
7.14,9.49,-2.98,-0.16,0.12,0.52
7.14,9.49,-2.98,-0.16,0.12,0.52
7.07,9.30,-2.18,0.01,-0.09,0.54
7.07,9.30,-2.18,0.01,-0.09,0.54
7.07,9.30,-2.18,0.01,-0.09,0.54
7.07,9.30,-2.18,0.01,-0.09,0.54
7.07,9.30,-2.18,0.01,-0.09,0.54
6.53,9.06,-1.07,0.09,-0.39,0.71
6.53,9.06,-1.07,0.09,-0.39,0.71
6.53,9.06,-1.07,0.09,-0.39,0.71
6.53,9.06,-1.07,0.09,-0.39,0.71
6.53,9.06,-1.07,0.09,-0.39,0.71
6.53,9.06,-1.07,0.09,-0.39,0.71
5.74,8.23,-0.54,0.19,-0.54,0.75
5.74,8.23,-0.54,0.19,-0.54,0.75
5.74,8.23,-0.54,0.19,-0.54,0.75
5.74,8.23,-0.54,0.19,-0.54,0.75
5.74,8.23,-0.54,0.19,-0.54,0.75
5.74,8.23,-0.54,0.19,-0.54,0.75
4.77,7.53,0.14,0.33,-0.10,1.04
4.77,7.53,0.14,0.33,-0.10,1.04
4.77,7.53,0.14,0.33,-0.10,1.04
4.77,7.53,0.14,0.33,-0.10,1.04
4.77,7.53,0.14,0.33,-0.10,1.04
5.11,6.55,-0.03,0.24,0.28,0.81
5.11,6.55,-0.03,0.24,0.28,0.81
5.11,6.55,-0.03,0.24,0.28,0.81
5.11,6.55,-0.03,0.24,0.28,0.81
5.11,6.55,-0.03,0.24,0.28,0.81
5.11,6.55,-0.03,0.24,0.28,0.81
5.11,6.69,-0.56,-0.01,-0.13,-0.02
5.11,6.69,-0.56,-0.01,-0.13,-0.02
5.11,6.69,-0.56,-0.01,-0.13,-0.02
5.11,6.69,-0.56,-0.01,-0.13,-0.02
5.11,6.69,-0.56,-0.01,-0.13,-0.02
5.11,6.69,-0.56,-0.01,-0.13,-0.02
6.12,7.99,-1.37,-0.18,-0.30,-0.76
6.12,7.99,-1.37,-0.18,-0.30,-0.76
6.12,7.99,-1.37,-0.18,-0.30,-0.76
6.12,7.99,-1.37,-0.18,-0.30,-0.76
6.12,7.99,-1.37,-0.18,-0.30,-0.76
6.39,9.38,-1.68,-0.24,-0.16,-1.23
6.39,9.38,-1.68,-0.24,-0.16,-1.23
6.39,9.38,-1.68,-0.24,-0.16,-1.23
6.39,9.38,-1.68,-0.24,-0.16,-1.23
6.39,9.38,-1.68,-0.24,-0.16,-1.23
6.39,9.38,-1.68,-0.24,-0.16,-1.23
7.27,8.55,-2.38,-0.10,0.43,-1.41
7.27,8.55,-2.38,-0.10,0.43,-1.41
7.27,8.55,-2.38,-0.10,0.43,-1.41
7.27,8.55,-2.38,-0.10,0.43,-1.41
7.27,8.55,-2.38,-0.10,0.43,-1.41
7.27,8.55,-2.38,-0.10,0.43,-1.41
6.24,7.75,-2.62,0.02,0.45,-0.99
6.24,7.75,-2.62,0.02,0.45,-0.99
6.24,7.75,-2.62,0.02,0.45,-0.99
6.24,7.75,-2.62,0.02,0.45,-0.99
6.24,7.75,-2.62,0.02,0.45,-0.99
5.61,7.35,-1.89,0.02,0.76,-0.17
5.61,7.35,-1.89,0.27,0.76,-0.17
5.61,7.35,-1.89,0.27,0.76,-0.17
5.61,7.35,-1.89,0.27,0.76,-0.17
5.61,7.35,-1.89,0.27,0.76,-0.17
5.61,7.35,-1.89,0.27,0.76,-0.17
5.78,6.03,-1.37,0.34,0.93,0.13
5.78,6.03,-1.37,0.34,0.93,0.13
5.78,6.03,-1.37,0.34,0.93,0.13
5.78,6.03,-1.37,0.34,0.93,0.13
5.78,6.03,-1.37,0.34,0.93,0.13
5.78,6.03,-1.37,0.34,0.93,0.13
5.57,6.64,-1.41,-0.05,0.34,0.17
5.57,6.64,-1.41,-0.05,0.34,0.17
5.57,6.64,-1.41,-0.05,0.34,0.17
5.57,6.64,-1.41,-0.05,0.34,0.17
5.57,6.64,-1.41,-0.05,0.34,0.17
5.57,6.64,-1.41,-0.05,0.34,0.17
5.97,6.91,-1.74,-0.29,0.08,0.14
5.97,6.91,-1.74,-0.29,0.08,0.14
5.97,6.91,-1.74,-0.29,0.08,0.14
5.97,6.91,-1.74,-0.29,0.08,0.14
5.97,6.91,-1.74,-0.29,0.08,0.14
6.53,7.61,-2.06,-0.52,-0.16,0.16
6.53,7.61,-2.06,-0.52,-0.16,0.16
6.53,7.61,-2.06,-0.52,-0.16,0.16
6.53,7.61,-2.06,-0.52,-0.16,0.16
6.53,7.61,-2.06,-0.52,-0.16,0.16
6.53,7.61,-2.06,-0.52,-0.16,0.16
6.80,9.58,-1.90,-0.49,-0.27,0.20
6.80,9.58,-1.90,-0.49,-0.27,0.20
6.80,9.58,-1.90,-0.49,-0.27,0.20
6.80,9.58,-1.90,-0.49,-0.27,0.20
6.80,9.58,-1.90,-0.49,-0.27,0.20
6.80,9.58,-1.90,-0.49,-0.27,0.20
7.49,9.76,-1.20,-0.21,-0.11,0.12
7.49,9.76,-1.20,-0.21,-0.11,0.12
7.49,9.76,-1.20,-0.21,-0.11,0.12
7.49,9.76,-1.20,-0.21,-0.11,0.12
7.49,9.76,-1.20,-0.21,-0.11,0.12
6.68,9.58,-0.20,-0.22,-0.58,0.30
6.68,9.58,-0.20,-0.22,-0.58,0.30
6.68,9.58,-0.20,-0.22,-0.58,0.30
6.68,9.58,-0.20,-0.22,-0.58,0.30
6.68,9.58,-0.20,-0.22,-0.58,0.30
6.68,9.58,-0.20,-0.22,-0.58,0.30
4.97,8.44,0.03,-0.36,-1.29,0.32
4.97,8.44,0.03,-0.36,-1.29,0.32
4.97,8.44,0.03,-0.36,-1.29,0.32
4.97,8.44,0.03,-0.36,-1.29,0.32
4.97,8.44,0.03,-0.36,-1.29,0.32
4.97,8.44,0.03,-0.36,-1.29,0.32
4.79,6.88,-0.16,-0.03,-0.77,0.56
4.79,6.88,-0.16,-0.03,-0.77,0.56
4.79,6.88,-0.16,-0.03,-0.77,0.56
4.79,6.88,-0.16,-0.03,-0.77,0.56
4.79,6.88,-0.16,-0.03,-0.77,0.56
4.83,6.74,0.08,0.19,-0.24,0.60
4.83,6.74,0.08,0.19,-0.24,0.60
4.83,6.74,0.08,0.19,-0.24,0.60
4.83,6.74,0.08,0.19,-0.24,0.60
4.83,6.74,0.08,0.19,-0.24,0.60
4.83,6.74,0.08,0.19,-0.24,0.60
5.82,7.75,-0.09,0.17,-0.29,0.05
5.82,7.75,-0.09,0.17,-0.29,0.05
5.82,7.75,-0.09,0.17,-0.29,0.05
5.82,7.75,-0.09,0.17,-0.29,0.05
5.82,7.75,-0.09,0.17,-0.29,0.05
5.82,7.75,-0.09,0.17,-0.29,0.05
5.96,8.48,-0.62,0.06,-0.29,-0.31
5.96,8.48,-0.62,0.06,-0.29,-0.31
5.96,8.48,-0.62,0.06,-0.29,-0.31
5.96,8.48,-0.62,0.06,-0.29,-0.31
5.96,8.48,-0.62,0.06,-0.29,-0.31
5.65,9.69,-1.27,-0.10,0.05,-0.41
5.65,9.69,-1.27,-0.10,0.05,-0.41
5.65,9.69,-1.27,-0.10,0.05,-0.41
5.65,9.69,-1.27,-0.10,0.05,-0.41
5.65,9.69,-1.27,-0.10,0.05,-0.41
5.65,9.69,-1.27,-0.10,0.05,-0.41
6.19,8.20,-2.46,-0.02,0.39,-0.88
6.19,8.20,-2.46,-0.02,0.39,-0.88
6.19,8.20,-2.46,-0.02,0.39,-0.88
6.19,8.20,-2.46,-0.02,0.39,-0.88
6.19,8.20,-2.46,-0.02,0.39,-0.88
6.19,8.20,-2.46,-0.02,0.39,-0.88
4.72,8.53,-2.19,-0.07,-0.02,-0.59
4.72,8.53,-2.19,-0.07,-0.02,-0.59
4.72,8.53,-2.19,-0.07,-0.02,-0.59
4.72,8.53,-2.19,-0.07,-0.02,-0.59
4.72,8.53,-2.19,-0.07,-0.02,-0.59
5.36,7.18,-1.46,-0.07,-0.02,-0.03
5.36,7.18,-1.46,0.21,0.56,-0.03
5.36,7.18,-1.46,0.21,0.56,-0.03
5.36,7.18,-1.46,0.21,0.56,-0.03
5.36,7.18,-1.46,0.21,0.56,-0.03
5.36,7.18,-1.46,0.21,0.56,-0.03
5.28,6.12,-1.25,0.09,0.42,0.06
5.28,6.12,-1.25,0.09,0.42,0.06
5.28,6.12,-1.25,0.09,0.42,0.06
5.28,6.12,-1.25,0.09,0.42,0.06
5.28,6.12,-1.25,0.09,0.42,0.06
5.28,6.12,-1.25,0.09,0.42,0.06
5.86,6.49,-1.51,-0.21,0.06,-0.03
5.86,6.49,-1.51,-0.21,0.06,-0.03
5.86,6.49,-1.51,-0.21,0.06,-0.03
5.86,6.49,-1.51,-0.21,0.06,-0.03
5.86,6.49,-1.51,-0.21,0.06,-0.03
5.86,6.49,-1.51,-0.21,0.06,-0.03
6.50,7.14,-1.97,-0.49,-0.20,0.01
6.50,7.14,-1.97,-0.49,-0.20,0.01
6.50,7.14,-1.97,-0.49,-0.20,0.01
6.50,7.14,-1.97,-0.49,-0.20,0.01
6.50,7.14,-1.97,-0.49,-0.20,0.01
6.32,8.16,-1.87,-0.57,-0.44,0.23
6.32,8.16,-1.87,-0.57,-0.44,0.23
6.32,8.16,-1.87,-0.57,-0.44,0.23
6.32,8.16,-1.87,-0.57,-0.44,0.23
6.32,8.16,-1.87,-0.57,-0.44,0.23
6.32,8.16,-1.87,-0.57,-0.44,0.23
7.87,10.20,-1.87,-0.39,-0.25,0.27
7.87,10.20,-1.87,-0.39,-0.25,0.27
7.87,10.20,-1.87,-0.39,-0.25,0.27
7.87,10.20,-1.87,-0.39,-0.25,0.27
7.87,10.20,-1.87,-0.39,-0.25,0.27
7.87,10.20,-1.87,-0.39,-0.25,0.27
7.23,10.39,-1.08,-0.23,-0.70,0.25
7.23,10.39,-1.08,-0.23,-0.70,0.25
7.23,10.39,-1.08,-0.23,-0.70,0.25
7.23,10.39,-1.08,-0.23,-0.70,0.25
7.23,10.39,-1.08,-0.23,-0.70,0.25
6.26,8.59,-0.68,-0.13,-1.03,0.45
6.26,8.59,-0.68,-0.13,-1.03,0.45
6.26,8.59,-0.68,-0.13,-1.03,0.45
6.26,8.59,-0.68,-0.13,-1.03,0.45
6.26,8.59,-0.68,-0.13,-1.03,0.45
6.26,8.59,-0.68,-0.13,-1.03,0.45
4.89,7.27,-0.30,0.01,-0.86,0.96
4.89,7.27,-0.30,0.01,-0.86,0.96
4.89,7.27,-0.30,0.01,-0.86,0.96
4.89,7.27,-0.30,0.01,-0.86,0.96
4.89,7.27,-0.30,0.01,-0.86,0.96
4.89,7.27,-0.30,0.01,-0.86,0.96
4.44,7.37,0.19,0.22,-0.30,1.14
4.44,7.37,0.19,0.22,-0.30,1.14
4.44,7.37,0.19,0.22,-0.30,1.14
4.44,7.37,0.19,0.22,-0.30,1.14
4.44,7.37,0.19,0.22,-0.30,1.14
4.95,7.41,0.27,0.38,0.03,0.43
4.95,7.41,0.27,0.38,0.03,0.43
4.95,7.41,0.27,0.38,0.03,0.43
4.95,7.41,0.27,0.38,0.03,0.43
4.95,7.41,0.27,0.38,0.03,0.43
4.95,7.41,0.27,0.38,0.03,0.43
5.14,8.31,-0.25,0.28,0.09,-0.20
5.14,8.31,-0.25,0.28,0.09,-0.20
5.14,8.31,-0.25,0.28,0.09,-0.20
5.14,8.31,-0.25,0.28,0.09,-0.20
5.14,8.31,-0.25,0.28,0.09,-0.20
5.14,8.31,-0.25,0.28,0.09,-0.20
5.52,9.91,-0.77,0.21,0.49,-0.50
5.52,9.91,-0.77,0.21,0.49,-0.50
5.52,9.91,-0.77,0.21,0.49,-0.50
5.52,9.91,-0.77,0.21,0.49,-0.50
5.52,9.91,-0.77,0.21,0.49,-0.50
6.64,9.20,-1.70,0.36,0.92,-1.08
6.64,9.20,-1.70,0.36,0.92,-1.08
6.64,9.20,-1.70,0.36,0.92,-1.08
6.64,9.20,-1.70,0.36,0.92,-1.08
6.64,9.20,-1.70,0.36,0.92,-1.08
6.64,9.20,-1.70,0.36,0.92,-1.08
5.63,7.86,-2.03,0.43,0.95,-0.96
5.63,7.86,-2.03,0.43,0.95,-0.96
5.63,7.86,-2.03,0.43,0.95,-0.96
5.63,7.86,-2.03,0.43,0.95,-0.96
5.63,7.86,-2.03,0.43,0.95,-0.96
5.63,7.86,-2.03,0.43,0.95,-0.96
5.20,7.47,-1.63,0.48,1.08,-0.30
5.20,7.47,-1.63,0.48,1.08,-0.30
5.20,7.47,-1.63,0.48,1.08,-0.30
5.20,7.47,-1.63,0.48,1.08,-0.30
5.20,7.47,-1.63,0.48,1.08,-0.30
5.20,7.47,-0.94,0.48,1.08,-0.30
5.53,6.29,-0.94,0.68,1.30,-0.36
5.53,6.29,-0.94,0.68,1.30,-0.36
5.53,6.29,-0.94,0.68,1.30,-0.36
5.53,6.29,-0.94,0.68,1.30,-0.36
5.53,6.29,-0.94,0.68,1.30,-0.36
6.16,6.75,-1.04,0.47,1.04,-0.48
6.16,6.75,-1.04,0.47,1.04,-0.48
6.16,6.75,-1.04,0.47,1.04,-0.48
6.16,6.75,-1.04,0.47,1.04,-0.48
6.16,6.75,-1.04,0.47,1.04,-0.48
6.16,6.75,-1.04,0.47,1.04,-0.48
6.47,6.87,-1.59,0.24,0.84,-0.40
6.47,6.87,-1.59,0.24,0.84,-0.40
6.47,6.87,-1.59,0.24,0.84,-0.40
6.47,6.87,-1.59,0.24,0.84,-0.40
6.47,6.87,-1.59,0.24,0.84,-0.40
6.47,6.87,-1.59,0.24,0.84,-0.40
6.59,9.35,-1.79,0.15,0.85,-0.01
6.59,9.35,-1.79,0.15,0.85,-0.01
6.59,9.35,-1.79,0.15,0.85,-0.01
6.59,9.35,-1.79,0.15,0.85,-0.01
6.59,9.35,-1.79,0.15,0.85,-0.01
6.32,9.87,-1.43,0.47,0.97,0.04
6.32,9.87,-1.43,0.47,0.97,0.04
6.32,9.87,-1.43,0.47,0.97,0.04
6.32,9.87,-1.43,0.47,0.97,0.04
6.32,9.87,-1.43,0.47,0.97,0.04
6.32,9.87,-1.43,0.47,0.97,0.04
6.07,10.35,-1.05,0.68,1.06,0.38
6.07,10.35,-1.05,0.68,1.06,0.38
6.07,10.35,-1.05,0.68,1.06,0.38
6.07,10.35,-1.05,0.68,1.06,0.38
6.07,10.35,-1.05,0.68,1.06,0.38
6.07,10.35,-1.05,0.68,1.06,0.38
3.96,9.41,-0.40,0.91,0.93,0.45
3.96,9.41,-0.40,0.91,0.93,0.45
3.96,9.41,-0.40,0.91,0.93,0.45
3.96,9.41,-0.40,0.91,0.93,0.45
3.96,9.41,-0.40,0.91,0.93,0.45
4.15,8.12,-0.09,1.20,1.31,0.52
4.15,8.12,-0.09,1.20,1.31,0.52
4.15,8.12,-0.09,1.20,1.31,0.52
4.15,8.12,-0.09,1.20,1.31,0.52
4.15,8.12,-0.09,1.20,1.31,0.52
4.15,8.12,-0.09,1.20,1.31,0.52
4.15,8.85,0.52,1.43,1.10,0.17
4.15,8.85,0.52,1.43,1.10,0.17
4.15,8.85,0.52,1.43,1.10,0.17
4.15,8.85,0.52,1.43,1.10,0.17
4.15,8.85,0.52,1.43,1.10,0.17
4.15,8.85,0.52,1.43,1.10,0.17
5.14,9.56,0.73,1.77,1.32,-0.26
5.14,9.56,0.73,1.77,1.32,-0.26
5.14,9.56,0.73,1.77,1.32,-0.26
5.14,9.56,0.73,1.77,1.32,-0.26
5.14,9.56,0.73,1.77,1.32,-0.26
5.28,8.81,0.74,1.82,1.55,-0.57
5.28,8.81,0.74,1.82,1.55,-0.57
5.28,8.81,0.74,1.82,1.55,-0.57
5.28,8.81,0.74,1.82,1.55,-0.57
5.28,8.81,0.74,1.82,1.55,-0.57
5.28,8.81,0.74,1.82,1.55,-0.57
5.75,7.00,-0.08,1.44,1.60,-0.94
5.75,7.00,-0.08,1.44,1.60,-0.94
5.75,7.00,-0.08,1.44,1.60,-0.94
5.75,7.00,-0.08,1.44,1.60,-0.94
5.75,7.00,-0.08,1.44,1.60,-0.94
5.75,7.00,-0.08,1.44,1.60,-0.94
6.00,7.89,-0.98,0.87,1.08,-1.40
6.00,7.89,-0.98,0.87,1.08,-1.40
6.00,7.89,-0.98,0.87,1.08,-1.40
6.00,7.89,-0.98,0.87,1.08,-1.40
6.00,7.89,-0.98,0.87,1.08,-1.40
6.00,7.89,-0.98,0.87,1.08,-1.40
6.10,7.62,-0.65,0.92,1.45,-1.56
6.10,7.62,-0.65,0.92,1.45,-1.56
6.10,7.62,-0.65,0.92,1.45,-1.56
6.10,7.62,-0.65,0.92,1.45,-1.56
6.10,7.62,-0.65,0.92,1.45,-1.56
7.50,7.76,-0.96,0.87,1.79,-1.29
7.50,7.76,-0.96,0.87,1.79,-1.29
7.50,7.76,-0.96,0.87,1.79,-1.29
7.50,7.76,-0.96,0.87,1.79,-1.29
7.50,7.76,-0.96,0.87,1.79,-1.29
7.50,7.76,-0.96,0.87,1.79,-1.29
7.07,7.03,-1.34,0.75,1.76,-0.87
7.07,7.03,-1.34,0.75,1.76,-0.87
7.07,7.03,-1.34,0.75,1.76,-0.87
7.07,7.03,-1.34,0.75,1.76,-0.87
7.07,7.03,-1.34,0.75,1.76,-0.87
7.07,7.03,-1.34,0.75,1.76,-0.87
7.19,6.60,-2.29,0.56,1.71,-0.29
7.19,6.60,-2.29,0.56,1.71,-0.29
7.19,6.60,-2.29,0.56,1.71,-0.29
7.19,6.60,-2.29,0.56,1.71,-0.29
7.19,6.60,-2.29,0.56,1.71,-0.29
7.03,7.51,-3.00,0.31,1.26,0.10
7.03,7.51,-3.00,0.31,1.26,0.10
7.03,7.51,-3.00,0.31,1.26,0.10
7.03,7.51,-3.00,0.31,1.26,0.10
7.03,7.51,-3.00,0.31,1.26,0.10
7.03,7.51,-3.00,0.31,1.26,0.10
6.91,8.61,-2.99,0.36,1.12,0.34
6.91,8.61,-2.99,0.36,1.12,0.34
6.91,8.61,-2.99,0.36,1.12,0.34
6.91,8.61,-2.99,0.36,1.12,0.34
6.91,8.61,-2.99,0.36,1.12,0.34
6.91,8.61,-2.99,0.36,1.12,0.34
6.95,8.30,-2.74,0.44,1.00,0.63
6.95,8.30,-2.74,0.44,1.00,0.63
6.95,8.30,-2.74,0.44,1.00,0.63
6.95,8.30,-2.74,0.44,1.00,0.63
6.95,8.30,-2.74,0.44,1.00,0.63
6.41,9.00,-1.85,0.44,0.37,0.85
6.41,9.00,-1.85,0.44,0.37,0.85
6.41,9.00,-1.85,0.44,0.37,0.85
6.41,9.00,-1.85,0.44,0.37,0.85
6.41,9.00,-1.85,0.44,0.37,0.85
6.41,9.00,-1.85,0.44,0.37,0.85
5.44,8.46,-0.96,0.66,0.19,0.74
5.44,8.46,-0.96,0.66,0.19,0.74
5.44,8.46,-0.96,0.66,0.19,0.74
5.44,8.46,-0.96,0.66,0.19,0.74
5.44,8.46,-0.96,0.66,0.19,0.74
5.44,8.46,-0.96,0.66,0.19,0.74
5.47,7.15,-0.74,0.68,0.39,0.71
5.47,7.15,-0.74,0.68,0.39,0.71
5.47,7.15,-0.74,0.68,0.39,0.71
5.47,7.15,-0.74,0.68,0.39,0.71
5.47,7.15,-0.74,0.68,0.39,0.71
4.95,7.30,-0.77,0.44,0.10,0.39
4.95,7.30,-0.77,0.44,0.10,0.39
4.95,7.30,-0.77,0.44,0.10,0.39
4.95,7.30,-0.77,0.44,0.10,0.39
4.95,7.30,-0.77,0.44,0.10,0.39
4.95,7.30,-0.77,0.44,0.10,0.39
5.25,7.22,-0.87,0.47,0.32,-0.21
5.25,7.22,-0.87,0.47,0.32,-0.21
5.25,7.22,-0.87,0.47,0.32,-0.21
5.25,7.22,-0.87,0.47,0.32,-0.21
5.25,7.22,-0.87,0.47,0.32,-0.21
5.25,7.22,-0.87,0.47,0.32,-0.21
6.10,7.46,-1.13,0.35,0.43,-0.66
6.10,7.46,-1.13,0.35,0.43,-0.66
6.10,7.46,-1.13,0.35,0.43,-0.66
6.10,7.46,-1.13,0.35,0.43,-0.66
6.10,7.46,-1.13,0.35,0.43,-0.66
6.18,8.40,-1.42,0.35,0.43,-0.66
6.18,8.40,-1.42,0.11,0.20,-1.02
6.18,8.40,-1.42,0.11,0.20,-1.02
6.18,8.40,-1.42,0.11,0.20,-1.02
6.18,8.40,-1.42,0.11,0.20,-1.02
6.18,8.40,-1.42,0.11,0.20,-1.02
6.75,9.79,-1.68,0.14,0.61,-1.19
6.75,9.79,-1.68,0.14,0.61,-1.19
6.75,9.79,-1.68,0.14,0.61,-1.19
6.75,9.79,-1.68,0.14,0.61,-1.19
6.75,9.79,-1.68,0.14,0.61,-1.19
6.75,9.79,-1.68,0.14,0.61,-1.19
5.95,8.20,-2.19,0.39,1.06,-1.11
5.95,8.20,-2.19,0.39,1.06,-1.11
5.95,8.20,-2.19,0.39,1.06,-1.11
5.95,8.20,-2.19,0.39,1.06,-1.11
5.95,8.20,-2.19,0.39,1.06,-1.11
5.95,8.20,-2.19,0.39,1.06,-1.11
4.80,7.78,-2.33,0.40,0.95,-0.44
4.80,7.78,-2.33,0.40,0.95,-0.44
4.80,7.78,-2.33,0.40,0.95,-0.44
4.80,7.78,-2.33,0.40,0.95,-0.44
4.80,7.78,-2.33,0.40,0.95,-0.44
4.90,7.31,-1.87,0.52,1.01,-0.15
4.90,7.31,-1.87,0.52,1.01,-0.15
4.90,7.31,-1.87,0.52,1.01,-0.15
4.90,7.31,-1.87,0.52,1.01,-0.15
4.90,7.31,-1.87,0.52,1.01,-0.15
4.90,7.31,-1.87,0.52,1.01,-0.15
5.94,6.32,-1.89,0.43,1.11,0.01
5.94,6.32,-1.89,0.43,1.11,0.01
5.94,6.32,-1.89,0.43,1.11,0.01
5.94,6.32,-1.89,0.43,1.11,0.01
5.94,6.32,-1.89,0.43,1.11,0.01
5.94,6.32,-1.89,0.43,1.11,0.01
6.31,6.67,-2.36,-0.00,0.44,0.04
6.31,6.67,-2.36,-0.00,0.44,0.04
6.31,6.67,-2.36,-0.00,0.44,0.04
6.31,6.67,-2.36,-0.00,0.44,0.04
6.31,6.67,-2.36,-0.00,0.44,0.04
6.57,7.23,-2.71,-0.26,0.08,0.22
6.57,7.23,-2.71,-0.26,0.08,0.22
6.57,7.23,-2.71,-0.26,0.08,0.22
6.57,7.23,-2.71,-0.26,0.08,0.22
6.57,7.23,-2.71,-0.26,0.08,0.22
6.57,7.23,-2.71,-0.26,0.08,0.22
6.41,8.47,-2.48,-0.31,-0.16,0.36
6.41,8.47,-2.48,-0.31,-0.16,0.36
6.41,8.47,-2.48,-0.31,-0.16,0.36
6.41,8.47,-2.48,-0.31,-0.16,0.36
6.41,8.47,-2.48,-0.31,-0.16,0.36
6.41,8.47,-2.48,-0.31,-0.16,0.36
7.18,9.63,-2.28,-0.21,-0.09,0.36
7.18,9.63,-2.28,-0.21,-0.09,0.36
7.18,9.63,-2.28,-0.21,-0.09,0.36
7.18,9.63,-2.28,-0.21,-0.09,0.36
7.18,9.63,-2.28,-0.21,-0.09,0.36
6.68,9.33,-1.71,-0.07,-0.26,0.49
6.68,9.33,-1.71,-0.07,-0.26,0.49
6.68,9.33,-1.71,-0.07,-0.26,0.49
6.68,9.33,-1.71,-0.07,-0.26,0.49
6.68,9.33,-1.71,-0.07,-0.26,0.49
6.68,9.33,-1.71,-0.07,-0.26,0.49
6.62,8.88,-1.06,0.01,-0.53,0.60
6.62,8.88,-1.06,0.01,-0.53,0.60
6.62,8.88,-1.06,0.01,-0.53,0.60
6.62,8.88,-1.06,0.01,-0.53,0.60
6.62,8.88,-1.06,0.01,-0.53,0.60
6.62,8.88,-1.06,0.01,-0.53,0.60
4.81,7.95,-0.39,0.17,-0.62,0.73
4.81,7.95,-0.39,0.17,-0.62,0.73
4.81,7.95,-0.39,0.17,-0.62,0.73
4.81,7.95,-0.39,0.17,-0.62,0.73
4.81,7.95,-0.39,0.17,-0.62,0.73
4.71,7.31,-0.02,0.34,0.04,0.88
4.71,7.31,-0.02,0.34,0.04,0.88
4.71,7.31,-0.02,0.34,0.04,0.88
4.71,7.31,-0.02,0.34,0.04,0.88
4.71,7.31,-0.02,0.34,0.04,0.88
4.71,7.31,-0.02,0.34,0.04,0.88
4.97,6.82,-0.22,0.20,0.02,0.48
4.97,6.82,-0.22,0.20,0.02,0.48
4.97,6.82,-0.22,0.20,0.02,0.48
4.97,6.82,-0.22,0.20,0.02,0.48
4.97,6.82,-0.22,0.20,0.02,0.48
4.97,6.82,-0.22,0.20,0.02,0.48
5.28,7.62,-0.92,-0.10,-0.32,-0.19
5.28,7.62,-0.92,-0.10,-0.32,-0.19
5.28,7.62,-0.92,-0.10,-0.32,-0.19
5.28,7.62,-0.92,-0.10,-0.32,-0.19
5.28,7.62,-0.92,-0.10,-0.32,-0.19
5.95,9.08,-1.50,-0.10,-0.32,-0.19
5.95,9.08,-1.50,-0.13,-0.18,-0.76
5.95,9.08,-1.50,-0.13,-0.18,-0.76
5.95,9.08,-1.50,-0.13,-0.18,-0.76
5.95,9.08,-1.50,-0.13,-0.18,-0.76
5.95,9.08,-1.50,-0.13,-0.18,-0.76
6.11,9.49,-1.66,0.06,0.40,-1.18
6.11,9.49,-1.66,0.06,0.40,-1.18
6.11,9.49,-1.66,0.06,0.40,-1.18
6.11,9.49,-1.66,0.06,0.40,-1.18
6.11,9.49,-1.66,0.06,0.40,-1.18
6.11,9.49,-1.66,0.06,0.40,-1.18
6.39,8.16,-2.34,0.20,0.74,-1.19
6.39,8.16,-2.34,0.20,0.74,-1.19
6.39,8.16,-2.34,0.20,0.74,-1.19
6.39,8.16,-2.34,0.20,0.74,-1.19
6.39,8.16,-2.34,0.20,0.74,-1.19
6.39,8.16,-2.34,0.20,0.74,-1.19
5.46,7.90,-2.23,0.24,0.56,-0.58
5.46,7.90,-2.23,0.24,0.56,-0.58
5.46,7.90,-2.23,0.24,0.56,-0.58
5.46,7.90,-2.23,0.24,0.56,-0.58
5.46,7.90,-2.23,0.24,0.56,-0.58
5.47,6.60,-1.62,0.36,0.82,-0.19
5.47,6.60,-1.62,0.36,0.82,-0.19
5.47,6.60,-1.62,0.36,0.82,-0.19
5.47,6.60,-1.62,0.36,0.82,-0.19
5.47,6.60,-1.62,0.36,0.82,-0.19
5.47,6.60,-1.62,0.36,0.82,-0.19
5.98,6.10,-1.64,0.10,0.51,-0.17
5.98,6.10,-1.64,0.10,0.51,-0.17
5.98,6.10,-1.64,0.10,0.51,-0.17
5.98,6.10,-1.64,0.10,0.51,-0.17
5.98,6.10,-1.64,0.10,0.51,-0.17
5.98,6.10,-1.64,0.10,0.51,-0.17
6.29,6.55,-2.09,-0.29,0.00,-0.12
6.29,6.55,-2.09,-0.29,0.00,-0.12
6.29,6.55,-2.09,-0.29,0.00,-0.12
6.29,6.55,-2.09,-0.29,0.00,-0.12
6.29,6.55,-2.09,-0.29,0.00,-0.12
6.45,7.45,-2.56,-0.48,-0.20,0.17
6.45,7.45,-2.56,-0.48,-0.20,0.17
6.45,7.45,-2.56,-0.48,-0.20,0.17
6.45,7.45,-2.56,-0.48,-0.20,0.17
6.45,7.45,-2.56,-0.48,-0.20,0.17
6.45,7.45,-2.56,-0.48,-0.20,0.17
5.93,8.45,-2.30,-0.37,-0.18,0.40
5.93,8.45,-2.30,-0.37,-0.18,0.40
5.93,8.45,-2.30,-0.37,-0.18,0.40
5.93,8.45,-2.30,-0.37,-0.18,0.40
5.93,8.45,-2.30,-0.37,-0.18,0.40
5.93,8.45,-2.30,-0.37,-0.18,0.40
7.40,9.50,-2.25,-0.22,0.11,0.41
7.40,9.50,-2.25,-0.22,0.11,0.41
7.40,9.50,-2.25,-0.22,0.11,0.41
7.40,9.50,-2.25,-0.22,0.11,0.41
7.40,9.50,-2.25,-0.22,0.11,0.41
6.75,9.66,-1.76,-0.16,-0.33,0.35
6.75,9.66,-1.76,-0.16,-0.33,0.35
6.75,9.66,-1.76,-0.16,-0.33,0.35
6.75,9.66,-1.76,-0.16,-0.33,0.35
6.75,9.66,-1.76,-0.16,-0.33,0.35
6.75,9.66,-1.76,-0.16,-0.33,0.35
5.90,9.52,-1.09,-0.17,-0.97,0.34
5.90,9.52,-1.09,-0.17,-0.97,0.34
5.90,9.52,-1.09,-0.17,-0.97,0.34
5.90,9.52,-1.09,-0.17,-0.97,0.34
5.90,9.52,-1.09,-0.17,-0.97,0.34
5.90,9.52,-1.09,-0.17,-0.97,0.34
5.12,8.08,-0.58,0.18,-0.78,0.51
5.12,8.08,-0.58,0.18,-0.78,0.51
5.12,8.08,-0.58,0.18,-0.78,0.51
5.12,8.08,-0.58,0.18,-0.78,0.51
5.12,8.08,-0.58,0.18,-0.78,0.51
4.63,7.23,0.08,0.48,0.22,0.96
4.63,7.23,0.08,0.48,0.22,0.96
4.63,7.23,0.08,0.48,0.22,0.96
4.63,7.23,0.08,0.48,0.22,0.96
4.63,7.23,0.08,0.48,0.22,0.96
4.63,7.23,0.08,0.48,0.22,0.96
5.28,7.06,-0.13,0.34,0.20,0.60
5.28,7.06,-0.13,0.34,0.20,0.60
5.28,7.06,-0.13,0.34,0.20,0.60
5.28,7.06,-0.13,0.34,0.20,0.60
5.28,7.06,-0.13,0.34,0.20,0.60
5.28,7.06,-0.13,0.34,0.20,0.60
4.97,7.77,-0.77,0.03,-0.30,-0.08
4.97,7.77,-0.77,0.03,-0.30,-0.08
4.97,7.77,-0.77,0.03,-0.30,-0.08
4.97,7.77,-0.77,0.03,-0.30,-0.08
4.97,7.77,-0.77,0.03,-0.30,-0.08
4.97,7.77,-1.31,0.03,-0.30,-0.08
5.60,9.84,-1.31,-0.16,-0.16,-0.57
5.60,9.84,-1.31,-0.16,-0.16,-0.57
5.60,9.84,-1.31,-0.16,-0.16,-0.57
5.60,9.84,-1.31,-0.16,-0.16,-0.57
5.60,9.84,-1.31,-0.16,-0.16,-0.57
6.25,8.46,-2.16,-0.07,0.32,-1.21
6.25,8.46,-2.16,-0.07,0.32,-1.21
6.25,8.46,-2.16,-0.07,0.32,-1.21
6.25,8.46,-2.16,-0.07,0.32,-1.21
6.25,8.46,-2.16,-0.07,0.32,-1.21
6.25,8.46,-2.16,-0.07,0.32,-1.21
5.92,8.18,-2.41,-0.15,0.11,-1.02
5.92,8.18,-2.41,-0.15,0.11,-1.02
5.92,8.18,-2.41,-0.15,0.11,-1.02
5.92,8.18,-2.41,-0.15,0.11,-1.02
5.92,8.18,-2.41,-0.15,0.11,-1.02
5.92,8.18,-2.41,-0.15,0.11,-1.02
5.64,7.64,-1.72,0.15,0.37,-0.43
5.64,7.64,-1.72,0.15,0.37,-0.43
5.64,7.64,-1.72,0.15,0.37,-0.43
5.64,7.64,-1.72,0.15,0.37,-0.43
5.64,7.64,-1.72,0.15,0.37,-0.43
6.36,5.79,-1.49,0.34,0.68,-0.27
6.36,5.79,-1.49,0.34,0.68,-0.27
6.36,5.79,-1.49,0.34,0.68,-0.27
6.36,5.79,-1.49,0.34,0.68,-0.27
6.36,5.79,-1.49,0.34,0.68,-0.27
6.36,5.79,-1.49,0.34,0.68,-0.27
6.18,6.53,-1.68,-0.16,-0.14,-0.06
6.18,6.53,-1.68,-0.16,-0.14,-0.06
6.18,6.53,-1.68,-0.16,-0.14,-0.06
6.18,6.53,-1.68,-0.16,-0.14,-0.06
6.18,6.53,-1.68,-0.16,-0.14,-0.06
6.18,6.53,-1.68,-0.16,-0.14,-0.06
6.30,6.69,-1.93,-0.32,-0.26,0.14
6.30,6.69,-1.93,-0.32,-0.26,0.14
6.30,6.69,-1.93,-0.32,-0.26,0.14
6.30,6.69,-1.93,-0.32,-0.26,0.14
6.30,6.69,-1.93,-0.32,-0.26,0.14
6.24,7.96,-2.10,-0.41,-0.33,0.45
6.24,7.96,-2.10,-0.41,-0.33,0.45
6.24,7.96,-2.10,-0.41,-0.33,0.45
6.24,7.96,-2.10,-0.41,-0.33,0.45
6.24,7.96,-2.10,-0.41,-0.33,0.45
6.24,7.96,-2.10,-0.41,-0.33,0.45
6.87,9.00,-1.95,-0.29,-0.08,0.56
6.87,9.00,-1.95,-0.29,-0.08,0.56
6.87,9.00,-1.95,-0.29,-0.08,0.56
6.87,9.00,-1.95,-0.29,-0.08,0.56
6.87,9.00,-1.95,-0.29,-0.08,0.56
6.87,9.00,-1.95,-0.29,-0.08,0.56
7.14,9.86,-1.84,-0.25,-0.31,0.31
7.14,9.86,-1.84,-0.25,-0.31,0.31
7.14,9.86,-1.84,-0.25,-0.31,0.31
7.14,9.86,-1.84,-0.25,-0.31,0.31
7.14,9.86,-1.84,-0.25,-0.31,0.31
5.98,9.22,-1.17,-0.14,-0.66,0.34
5.98,9.22,-1.17,-0.14,-0.66,0.34
5.98,9.22,-1.17,-0.14,-0.66,0.34
5.98,9.22,-1.17,-0.14,-0.66,0.34
5.98,9.22,-1.17,-0.14,-0.66,0.34
5.98,9.22,-1.17,-0.14,-0.66,0.34
6.22,8.56,-1.00,-0.10,-0.82,0.38
6.22,8.56,-1.00,-0.10,-0.82,0.38
6.22,8.56,-1.00,-0.10,-0.82,0.38
6.22,8.56,-1.00,-0.10,-0.82,0.38
6.22,8.56,-1.00,-0.10,-0.82,0.38
6.22,8.56,-1.00,-0.10,-0.82,0.38
4.51,7.52,-0.35,0.16,-0.32,0.90
4.51,7.52,-0.35,0.16,-0.32,0.90
4.51,7.52,-0.35,0.16,-0.32,0.90
4.51,7.52,-0.35,0.16,-0.32,0.90
4.51,7.52,-0.35,0.16,-0.32,0.90
4.79,6.68,-0.08,0.16,0.29,0.94
4.79,6.68,-0.08,0.27,0.29,0.94
4.79,6.68,-0.08,0.27,0.29,0.94
4.79,6.68,-0.08,0.27,0.29,0.94
4.79,6.68,-0.08,0.27,0.29,0.94
4.79,6.68,-0.08,0.27,0.29,0.94
5.03,6.70,-0.50,0.10,-0.05,0.25
5.03,6.70,-0.50,0.10,-0.05,0.25
5.03,6.70,-0.50,0.10,-0.05,0.25
5.03,6.70,-0.50,0.10,-0.05,0.25
5.03,6.70,-0.50,0.10,-0.05,0.25
5.03,6.70,-0.50,0.10,-0.05,0.25
5.42,8.16,-1.17,-0.05,-0.29,-0.56
5.42,8.16,-1.17,-0.05,-0.29,-0.56
5.42,8.16,-1.17,-0.05,-0.29,-0.56
5.42,8.16,-1.17,-0.05,-0.29,-0.56
5.42,8.16,-1.17,-0.05,-0.29,-0.56
5.42,8.16,-1.56,-0.05,-0.29,-0.56
6.16,9.58,-1.56,0.04,0.17,-1.07
6.16,9.58,-1.56,0.04,0.17,-1.07
6.16,9.58,-1.56,0.04,0.17,-1.07
6.16,9.58,-1.56,0.04,0.17,-1.07
6.16,9.58,-1.56,0.04,0.17,-1.07
7.48,8.64,-2.32,0.16,0.79,-1.18
7.48,8.64,-2.32,0.16,0.79,-1.18
7.48,8.64,-2.32,0.16,0.79,-1.18
7.48,8.64,-2.32,0.16,0.79,-1.18
7.48,8.64,-2.32,0.16,0.79,-1.18
7.48,8.64,-2.32,0.16,0.79,-1.18
5.80,8.07,-2.54,0.05,0.45,-0.67
5.80,8.07,-2.54,0.05,0.45,-0.67
5.80,8.07,-2.54,0.05,0.45,-0.67
5.80,8.07,-2.54,0.05,0.45,-0.67
5.80,8.07,-2.54,0.05,0.45,-0.67
5.80,8.07,-2.54,0.05,0.45,-0.67
5.05,7.10,-1.86,0.27,0.76,0.01
5.05,7.10,-1.86,0.27,0.76,0.01
5.05,7.10,-1.86,0.27,0.76,0.01
5.05,7.10,-1.86,0.27,0.76,0.01
5.05,7.10,-1.86,0.27,0.76,0.01
5.46,6.18,-1.46,0.34,0.86,-0.02
5.46,6.18,-1.46,0.34,0.86,-0.02
5.46,6.18,-1.46,0.34,0.86,-0.02
5.46,6.18,-1.46,0.34,0.86,-0.02
5.46,6.18,-1.46,0.34,0.86,-0.02
5.46,6.18,-1.46,0.34,0.86,-0.02
5.79,6.64,-1.75,-0.04,0.29,-0.21
5.79,6.64,-1.75,-0.04,0.29,-0.21
5.79,6.64,-1.75,-0.04,0.29,-0.21
5.79,6.64,-1.75,-0.04,0.29,-0.21
5.79,6.64,-1.75,-0.04,0.29,-0.21
5.79,6.64,-1.75,-0.04,0.29,-0.21
6.05,7.37,-2.27,-0.32,0.01,-0.13
6.05,7.37,-2.27,-0.32,0.01,-0.13
6.05,7.37,-2.27,-0.32,0.01,-0.13
6.05,7.37,-2.27,-0.32,0.01,-0.13
6.05,7.37,-2.27,-0.32,0.01,-0.13
6.39,8.15,-2.14,-0.26,0.04,0.03
6.39,8.15,-2.14,-0.26,0.04,0.03
6.39,8.15,-2.14,-0.26,0.04,0.03
6.39,8.15,-2.14,-0.26,0.04,0.03
6.39,8.15,-2.14,-0.26,0.04,0.03
6.39,8.15,-2.14,-0.26,0.04,0.03
7.39,9.70,-2.04,-0.13,0.09,0.01
7.39,9.70,-2.04,-0.13,0.09,0.01
7.39,9.70,-2.04,-0.13,0.09,0.01
7.39,9.70,-2.04,-0.13,0.09,0.01
7.39,9.70,-2.04,-0.13,0.09,0.01
7.39,9.70,-2.04,-0.13,0.09,0.01
7.05,9.78,-1.74,0.02,-0.10,0.15
7.05,9.78,-1.74,0.02,-0.10,0.15
7.05,9.78,-1.74,0.02,-0.10,0.15
7.05,9.78,-1.74,0.02,-0.10,0.15
7.05,9.78,-1.74,0.02,-0.10,0.15
6.71,8.71,-1.30,0.11,-0.31,0.59
6.71,8.71,-1.30,0.11,-0.31,0.59
6.71,8.71,-1.30,0.11,-0.31,0.59
6.71,8.71,-1.30,0.11,-0.31,0.59
6.71,8.71,-1.30,0.11,-0.31,0.59
6.71,8.71,-1.30,0.11,-0.31,0.59
4.71,7.82,-0.47,0.25,-0.58,0.71
4.71,7.82,-0.47,0.25,-0.58,0.71
4.71,7.82,-0.47,0.25,-0.58,0.71
4.71,7.82,-0.47,0.25,-0.58,0.71
4.71,7.82,-0.47,0.25,-0.58,0.71
4.71,7.82,-0.47,0.25,-0.58,0.71
4.75,7.24,-0.13,0.48,0.05,0.77
4.75,7.24,-0.13,0.48,0.05,0.77
4.75,7.24,-0.13,0.48,0.05,0.77
4.75,7.24,-0.13,0.48,0.05,0.77
4.75,7.24,-0.13,0.48,0.05,0.77
4.69,7.30,-0.21,0.48,0.05,0.42
4.69,7.30,-0.21,0.42,0.10,0.42
4.69,7.30,-0.21,0.42,0.10,0.42
4.69,7.30,-0.21,0.42,0.10,0.42
4.69,7.30,-0.21,0.42,0.10,0.42
4.69,7.30,-0.21,0.42,0.10,0.42
5.19,8.39,-0.80,0.26,0.01,-0.11
5.19,8.39,-0.80,0.26,0.01,-0.11
5.19,8.39,-0.80,0.26,0.01,-0.11
5.19,8.39,-0.80,0.26,0.01,-0.11
5.19,8.39,-0.80,0.26,0.01,-0.11
5.19,8.39,-0.80,0.26,0.01,-0.11
5.68,9.42,-1.19,0.21,0.12,-0.64
5.68,9.42,-1.19,0.21,0.12,-0.64
5.68,9.42,-1.19,0.21,0.12,-0.64
5.68,9.42,-1.19,0.21,0.12,-0.64
5.68,9.42,-1.19,0.21,0.12,-0.64
5.68,9.42,-1.19,0.21,0.12,-0.64
6.43,8.52,-1.77,0.30,0.59,-1.16
6.43,8.52,-1.77,0.30,0.59,-1.16
6.43,8.52,-1.77,0.30,0.59,-1.16
6.43,8.52,-1.77,0.30,0.59,-1.16
6.43,8.52,-1.77,0.30,0.59,-1.16
6.12,7.47,-2.27,0.16,0.68,-1.00
6.12,7.47,-2.27,0.16,0.68,-1.00
6.12,7.47,-2.27,0.16,0.68,-1.00
6.12,7.47,-2.27,0.16,0.68,-1.00
6.12,7.47,-2.27,0.16,0.68,-1.00
6.12,7.47,-2.27,0.16,0.68,-1.00
5.59,7.55,-2.21,0.05,0.60,-0.41
5.59,7.55,-2.21,0.05,0.60,-0.41
5.59,7.55,-2.21,0.05,0.60,-0.41
5.59,7.55,-2.21,0.05,0.60,-0.41
5.59,7.55,-2.21,0.05,0.60,-0.41
5.59,7.55,-2.21,0.05,0.60,-0.41
5.81,5.73,-1.99,0.26,0.90,-0.28
5.81,5.73,-1.99,0.26,0.90,-0.28
5.81,5.73,-1.99,0.26,0.90,-0.28
5.81,5.73,-1.99,0.26,0.90,-0.28
5.81,5.73,-1.99,0.26,0.90,-0.28
5.98,6.34,-2.19,-0.00,0.50,-0.23
5.98,6.34,-2.19,-0.00,0.50,-0.23
5.98,6.34,-2.19,-0.00,0.50,-0.23
5.98,6.34,-2.19,-0.00,0.50,-0.23
5.98,6.34,-2.19,-0.00,0.50,-0.23
5.98,6.34,-2.19,-0.00,0.50,-0.23
6.55,6.88,-2.48,-0.15,0.27,-0.14
6.55,6.88,-2.48,-0.15,0.27,-0.14
6.55,6.88,-2.48,-0.15,0.27,-0.14
6.55,6.88,-2.48,-0.15,0.27,-0.14
6.55,6.88,-2.48,-0.15,0.27,-0.14
6.55,6.88,-2.48,-0.15,0.27,-0.14
6.37,7.77,-2.48,-0.15,0.14,0.13
6.37,7.77,-2.48,-0.15,0.14,0.13
6.37,7.77,-2.48,-0.15,0.14,0.13
6.37,7.77,-2.48,-0.15,0.14,0.13
6.37,7.77,-2.48,-0.15,0.14,0.13
7.47,9.99,-2.28,0.00,0.34,0.31
7.47,9.99,-2.28,0.00,0.34,0.31
7.47,9.99,-2.28,0.00,0.34,0.31
7.47,9.99,-2.28,0.00,0.34,0.31
7.47,9.99,-2.28,0.00,0.34,0.31
7.47,9.99,-2.28,0.00,0.34,0.31
7.28,9.50,-1.74,0.18,0.19,0.25
7.28,9.50,-1.74,0.18,0.19,0.25
7.28,9.50,-1.74,0.18,0.19,0.25
7.28,9.50,-1.74,0.18,0.19,0.25
7.28,9.50,-1.74,0.18,0.19,0.25
7.28,9.50,-1.74,0.18,0.19,0.25
6.98,9.13,-1.31,0.03,-0.33,0.60
6.98,9.13,-1.31,0.03,-0.33,0.60
6.98,9.13,-1.31,0.03,-0.33,0.60
6.98,9.13,-1.31,0.03,-0.33,0.60
6.98,9.13,-1.31,0.03,-0.33,0.60
4.75,8.06,-0.84,0.14,-0.70,0.79
4.75,8.06,-0.84,0.14,-0.70,0.79
4.75,8.06,-0.84,0.14,-0.70,0.79
4.75,8.06,-0.84,0.14,-0.70,0.79
4.75,8.06,-0.84,0.14,-0.70,0.79
4.75,8.06,-0.84,0.14,-0.70,0.79
4.05,7.52,-0.36,0.54,0.16,1.11
4.05,7.52,-0.36,0.54,0.16,1.11
4.05,7.52,-0.36,0.54,0.16,1.11
4.05,7.52,-0.36,0.54,0.16,1.11
4.05,7.52,-0.36,0.54,0.16,1.11
4.05,7.52,-0.36,0.54,0.16,1.11
4.28,7.17,-0.31,0.68,0.46,0.67
4.28,7.17,-0.31,0.68,0.46,0.67
4.28,7.17,-0.31,0.68,0.46,0.67
4.28,7.17,-0.31,0.68,0.46,0.67
4.28,7.17,-0.31,0.68,0.46,0.67
4.28,7.17,-0.69,0.68,0.46,0.67
4.80,7.80,-0.69,0.52,0.31,-0.06
4.80,7.80,-0.69,0.52,0.31,-0.06
4.80,7.80,-0.69,0.52,0.31,-0.06
4.80,7.80,-0.69,0.52,0.31,-0.06
4.80,7.80,-0.69,0.52,0.31,-0.06
5.88,10.77,-0.94,0.32,0.38,-0.74
5.88,10.77,-0.94,0.32,0.38,-0.74
5.88,10.77,-0.94,0.32,0.38,-0.74
5.88,10.77,-0.94,0.32,0.38,-0.74
5.88,10.77,-0.94,0.32,0.38,-0.74
5.88,10.77,-0.94,0.32,0.38,-0.74
7.12,8.99,-2.12,0.48,0.84,-1.54
7.12,8.99,-2.12,0.48,0.84,-1.54
7.12,8.99,-2.12,0.48,0.84,-1.54
7.12,8.99,-2.12,0.48,0.84,-1.54
7.12,8.99,-2.12,0.48,0.84,-1.54
7.12,8.99,-2.12,0.48,0.84,-1.54
5.96,9.20,-2.73,0.47,0.82,-1.03
5.96,9.20,-2.73,0.47,0.82,-1.03
5.96,9.20,-2.73,0.47,0.82,-1.03
5.96,9.20,-2.73,0.47,0.82,-1.03
5.96,9.20,-2.73,0.47,0.82,-1.03
5.50,6.28,-1.94,1.06,1.72,-0.32
5.50,6.28,-1.94,1.06,1.72,-0.32
5.50,6.28,-1.94,1.06,1.72,-0.32
5.50,6.28,-1.94,1.06,1.72,-0.32
5.50,6.28,-1.94,1.06,1.72,-0.32
5.50,6.28,-1.94,1.06,1.72,-0.32
6.34,5.23,-1.24,1.08,1.85,-0.06
6.34,5.23,-1.24,1.08,1.85,-0.06
6.34,5.23,-1.24,1.08,1.85,-0.06
6.34,5.23,-1.24,1.08,1.85,-0.06
6.34,5.23,-1.24,1.08,1.85,-0.06
6.34,5.23,-1.24,1.08,1.85,-0.06
5.72,6.34,-1.59,0.66,0.86,-0.16
5.72,6.34,-1.59,0.66,0.86,-0.16
5.72,6.34,-1.59,0.66,0.86,-0.16
5.72,6.34,-1.59,0.66,0.86,-0.16
5.72,6.34,-1.59,0.66,0.86,-0.16
6.10,7.14,-2.30,0.46,0.78,-0.31
6.10,7.14,-2.30,0.46,0.78,-0.31
6.10,7.14,-2.30,0.46,0.78,-0.31
6.10,7.14,-2.30,0.46,0.78,-0.31
6.10,7.14,-2.30,0.46,0.78,-0.31
6.10,7.14,-2.30,0.46,0.78,-0.31
6.67,7.89,-2.82,0.41,0.89,-0.20
6.67,7.89,-2.82,0.41,0.89,-0.20
6.67,7.89,-2.82,0.41,0.89,-0.20
6.67,7.89,-2.82,0.41,0.89,-0.20
6.67,7.89,-2.82,0.41,0.89,-0.20
6.67,7.89,-2.82,0.41,0.89,-0.20
7.31,9.31,-2.19,0.46,0.84,-0.40
7.31,9.31,-2.19,0.46,0.84,-0.40
7.31,9.31,-2.19,0.46,0.84,-0.40
7.31,9.31,-2.19,0.46,0.84,-0.40
7.31,9.31,-2.19,0.46,0.84,-0.40
7.10,9.17,-1.84,0.64,0.70,-0.63
7.10,9.17,-1.84,0.64,0.70,-0.63
7.10,9.17,-1.84,0.64,0.70,-0.63
7.10,9.17,-1.84,0.64,0.70,-0.63
7.10,9.17,-1.84,0.64,0.70,-0.63
7.10,9.17,-1.84,0.64,0.70,-0.63
7.21,8.88,-1.63,0.54,0.44,-0.18
7.21,8.88,-1.63,0.54,0.44,-0.18
7.21,8.88,-1.63,0.54,0.44,-0.18
7.21,8.88,-1.63,0.54,0.44,-0.18
7.21,8.88,-1.63,0.54,0.44,-0.18
7.21,8.88,-1.63,0.54,0.44,-0.18
5.41,6.94,-1.03,0.51,0.08,0.32
5.41,6.94,-1.03,0.51,0.08,0.32
5.41,6.94,-1.03,0.51,0.08,0.32
5.41,6.94,-1.03,0.51,0.08,0.32
5.41,6.94,-1.03,0.51,0.08,0.32
5.20,6.16,-0.66,0.51,0.11,0.54
5.20,6.16,-0.66,0.50,0.11,0.54
5.20,6.16,-0.66,0.50,0.11,0.54
5.20,6.16,-0.66,0.50,0.11,0.54
5.20,6.16,-0.66,0.50,0.11,0.54
5.20,6.16,-0.66,0.50,0.11,0.54
4.98,6.55,-0.48,0.45,-0.20,0.15
4.98,6.55,-0.48,0.45,-0.20,0.15
4.98,6.55,-0.48,0.45,-0.20,0.15
4.98,6.55,-0.48,0.45,-0.20,0.15
4.98,6.55,-0.48,0.45,-0.20,0.15
4.98,6.55,-0.48,0.45,-0.20,0.15
5.86,7.29,-0.70,0.43,-0.10,-0.23
5.86,7.29,-0.70,0.43,-0.10,-0.23
5.86,7.29,-0.70,0.43,-0.10,-0.23
5.86,7.29,-0.70,0.43,-0.10,-0.23
5.86,7.29,-0.70,0.43,-0.10,-0.23
5.86,7.29,-0.70,0.43,-0.10,-0.23
7.06,9.03,-1.63,0.16,-0.25,-0.55
7.06,9.03,-1.63,0.16,-0.25,-0.55
7.06,9.03,-1.63,0.16,-0.25,-0.55
7.06,9.03,-1.63,0.16,-0.25,-0.55
7.06,9.03,-1.63,0.16,-0.25,-0.55
7.30,7.77,-2.45,-0.01,0.05,-0.97
7.30,7.77,-2.45,-0.01,0.05,-0.97
7.30,7.77,-2.45,-0.01,0.05,-0.97
7.30,7.77,-2.45,-0.01,0.05,-0.97
7.30,7.77,-2.45,-0.01,0.05,-0.97
7.30,7.77,-2.45,-0.01,0.05,-0.97
8.44,6.31,-2.58,-0.81,-0.50,-0.32
8.44,6.31,-2.58,-0.81,-0.50,-0.32
8.44,6.31,-2.58,-0.81,-0.50,-0.32
8.44,6.31,-2.58,-0.81,-0.50,-0.32
8.44,6.31,-2.58,-0.81,-0.50,-0.32
8.44,6.31,-2.58,-0.81,-0.50,-0.32
4.77,8.44,-1.90,-1.32,-1.89,1.03
4.77,8.44,-1.90,-1.32,-1.89,1.03
4.77,8.44,-1.90,-1.32,-1.89,1.03
4.77,8.44,-1.90,-1.32,-1.89,1.03
4.77,8.44,-1.90,-1.32,-1.89,1.03
6.50,6.51,-1.13,-0.64,-0.65,0.82
6.50,6.51,-1.13,-0.64,-0.65,0.82
6.50,6.51,-1.13,-0.64,-0.65,0.82
6.50,6.51,-1.13,-0.64,-0.65,0.82
6.50,6.51,-1.13,-0.64,-0.65,0.82
6.50,6.51,-1.13,-0.64,-0.65,0.82
5.65,7.18,-0.51,-0.91,-1.57,0.92
5.65,7.18,-0.51,-0.91,-1.57,0.92
5.65,7.18,-0.51,-0.91,-1.57,0.92
5.65,7.18,-0.51,-0.91,-1.57,0.92
5.65,7.18,-0.51,-0.91,-1.57,0.92
5.65,7.18,-0.51,-0.91,-1.57,0.92
5.56,8.36,-0.34,-0.91,-1.72,0.87
5.56,8.36,-0.34,-0.91,-1.72,0.87
5.56,8.36,-0.34,-0.91,-1.72,0.87
5.56,8.36,-0.34,-0.91,-1.72,0.87
5.56,8.36,-0.34,-0.91,-1.72,0.87
4.70,8.47,-0.09,-0.58,-1.01,0.84
4.70,8.47,-0.09,-0.58,-1.01,0.84
4.70,8.47,-0.09,-0.58,-1.01,0.84
4.70,8.47,-0.09,-0.58,-1.01,0.84
4.70,8.47,-0.09,-0.58,-1.01,0.84
4.70,8.47,-0.09,-0.58,-1.01,0.84
6.78,10.87,-0.44,-0.67,-0.13,0.87
6.78,10.87,-0.44,-0.67,-0.13,0.87
6.78,10.87,-0.44,-0.67,-0.13,0.87
6.78,10.87,-0.44,-0.67,-0.13,0.87
6.78,10.87,-0.44,-0.67,-0.13,0.87
6.78,10.87,-0.44,-0.67,-0.13,0.87
5.12,10.98,-0.23,-1.04,-0.91,0.25
5.12,10.98,-0.23,-1.04,-0.91,0.25
5.12,10.98,-0.23,-1.04,-0.91,0.25
5.12,10.98,-0.23,-1.04,-0.91,0.25
5.12,10.98,-0.23,-1.04,-0.91,0.25
5.15,9.43,-0.97,-1.11,-0.99,-0.48
5.15,9.43,-0.97,-1.11,-0.99,-0.48
5.15,9.43,-0.97,-1.11,-0.99,-0.48
5.15,9.43,-0.97,-1.11,-0.99,-0.48
5.15,9.43,-0.97,-1.11,-0.99,-0.48
5.15,9.43,-0.97,-1.11,-0.99,-0.48
3.98,6.95,-1.06,-0.93,-0.83,-0.42
3.98,6.95,-1.06,-0.93,-0.83,-0.42
3.98,6.95,-1.06,-0.93,-0.83,-0.42
3.98,6.95,-1.06,-0.93,-0.83,-0.42
3.98,6.95,-1.06,-0.93,-0.83,-0.42
3.98,6.95,-1.06,-0.93,-0.83,-0.42
4.86,6.65,-1.28,-0.64,-0.49,-0.36
4.86,6.65,-1.28,-0.64,-0.49,-0.36
4.86,6.65,-1.28,-0.64,-0.49,-0.36
4.86,6.65,-1.28,-0.64,-0.49,-0.36
4.86,6.65,-1.28,-0.64,-0.49,-0.36
5.98,7.80,-1.32,-0.17,-0.28,-0.59
5.98,7.80,-1.32,-0.17,-0.28,-0.59
5.98,7.80,-1.32,-0.17,-0.28,-0.59
5.98,7.80,-1.32,-0.17,-0.28,-0.59
5.98,7.80,-1.32,-0.17,-0.28,-0.59
5.98,7.80,-1.32,-0.17,-0.28,-0.59
6.88,9.46,-1.30,0.18,-0.12,-0.50
6.88,9.46,-1.30,0.18,-0.12,-0.50
6.88,9.46,-1.30,0.18,-0.12,-0.50
6.88,9.46,-1.30,0.18,-0.12,-0.50
6.88,9.46,-1.30,0.18,-0.12,-0.50
6.88,9.46,-1.30,0.18,-0.12,-0.50
6.65,9.96,-1.15,0.28,0.09,-0.35
6.65,9.96,-1.15,0.28,0.09,-0.35
6.65,9.96,-1.15,0.28,0.09,-0.35
6.65,9.96,-1.15,0.28,0.09,-0.35
6.65,9.96,-1.15,0.28,0.09,-0.35
7.81,6.92,-2.89,0.13,0.50,-0.07
7.81,6.92,-2.89,0.13,0.50,-0.07
7.81,6.92,-2.89,0.13,0.50,-0.07
7.81,6.92,-2.89,0.13,0.50,-0.07
7.81,6.92,-2.89,0.13,0.50,-0.07
7.81,6.92,-2.89,0.13,0.50,-0.07
4.25,9.31,-2.80,-0.29,-0.72,0.88
4.25,9.31,-2.80,-0.29,-0.72,0.88
4.25,9.31,-2.80,-0.29,-0.72,0.88
4.25,9.31,-2.80,-0.29,-0.72,0.88
4.25,9.31,-2.80,-0.29,-0.72,0.88
4.25,9.31,-2.80,-0.29,-0.72,0.88
5.13,7.49,-2.13,0.38,0.27,1.30
5.13,7.49,-2.13,0.38,0.27,1.30
5.13,7.49,-2.13,0.38,0.27,1.30
5.13,7.49,-2.13,0.38,0.27,1.30
5.13,7.49,-2.13,0.38,0.27,1.30
4.25,6.46,-1.71,0.38,0.27,1.11
4.25,6.46,-1.71,0.23,-0.06,1.11
4.25,6.46,-1.71,0.23,-0.06,1.11
4.25,6.46,-1.71,0.23,-0.06,1.11
4.25,6.46,-1.71,0.23,-0.06,1.11
4.25,6.46,-1.71,0.23,-0.06,1.11
4.43,6.28,-1.52,-0.07,-0.35,0.76
4.43,6.28,-1.52,-0.07,-0.35,0.76
4.43,6.28,-1.52,-0.07,-0.35,0.76
4.43,6.28,-1.52,-0.07,-0.35,0.76
4.43,6.28,-1.52,-0.07,-0.35,0.76
4.43,6.28,-1.52,-0.07,-0.35,0.76
4.84,6.95,-1.56,-0.28,-0.32,0.41
4.84,6.95,-1.56,-0.28,-0.32,0.41
4.84,6.95,-1.56,-0.28,-0.32,0.41
4.84,6.95,-1.56,-0.28,-0.32,0.41
4.84,6.95,-1.56,-0.28,-0.32,0.41
4.84,6.95,-1.56,-0.28,-0.32,0.41
5.23,8.00,-1.85,-0.40,-0.15,0.00
5.23,8.00,-1.85,-0.40,-0.15,0.00
5.23,8.00,-1.85,-0.40,-0.15,0.00
5.23,8.00,-1.85,-0.40,-0.15,0.00
5.23,8.00,-1.85,-0.40,-0.15,0.00
6.41,9.82,-2.07,-0.36,0.31,-0.50
6.41,9.82,-2.07,-0.36,0.31,-0.50
6.41,9.82,-2.07,-0.36,0.31,-0.50
6.41,9.82,-2.07,-0.36,0.31,-0.50
6.41,9.82,-2.07,-0.36,0.31,-0.50
6.41,9.82,-2.07,-0.36,0.31,-0.50
7.45,10.10,-1.94,-0.19,0.34,-1.07
7.45,10.10,-1.94,-0.19,0.34,-1.07
7.45,10.10,-1.94,-0.19,0.34,-1.07
7.45,10.10,-1.94,-0.19,0.34,-1.07
7.45,10.10,-1.94,-0.19,0.34,-1.07
7.45,10.10,-1.94,-0.19,0.34,-1.07
7.19,9.45,-1.70,-0.12,-0.12,-0.98
7.19,9.45,-1.70,-0.12,-0.12,-0.98
7.19,9.45,-1.70,-0.12,-0.12,-0.98
7.19,9.45,-1.70,-0.12,-0.12,-0.98
7.19,9.45,-1.70,-0.12,-0.12,-0.98
5.64,6.86,-1.13,0.09,0.04,-0.16
5.64,6.86,-1.13,0.09,0.04,-0.16
5.64,6.86,-1.13,0.09,0.04,-0.16
5.64,6.86,-1.13,0.09,0.04,-0.16
5.64,6.86,-1.13,0.09,0.04,-0.16
5.64,6.86,-1.13,0.09,0.04,-0.16
5.24,6.90,-0.66,0.24,0.40,0.50
5.24,6.90,-0.66,0.24,0.40,0.50
5.24,6.90,-0.66,0.24,0.40,0.50
5.24,6.90,-0.66,0.24,0.40,0.50
5.24,6.90,-0.66,0.24,0.40,0.50
5.24,6.90,-0.66,0.24,0.40,0.50
5.40,7.04,-0.54,0.42,0.38,0.23
5.40,7.04,-0.54,0.42,0.38,0.23
5.40,7.04,-0.54,0.42,0.38,0.23
5.40,7.04,-0.54,0.42,0.38,0.23
5.40,7.04,-0.54,0.42,0.38,0.23
5.69,8.37,-0.71,0.37,0.14,-0.17
5.69,8.37,-0.71,0.37,0.14,-0.17
5.69,8.37,-0.71,0.37,0.14,-0.17
5.69,8.37,-0.71,0.37,0.14,-0.17
5.69,8.37,-0.71,0.37,0.14,-0.17
5.69,8.37,-0.71,0.37,0.14,-0.17
6.39,8.23,-1.30,0.28,0.20,-0.53
6.39,8.23,-1.30,0.28,0.20,-0.53
6.39,8.23,-1.30,0.28,0.20,-0.53
6.39,8.23,-1.30,0.28,0.20,-0.53
6.39,8.23,-1.30,0.28,0.20,-0.53
6.39,8.23,-1.30,0.28,0.20,-0.53
6.83,9.73,-1.95,0.04,0.03,-0.70
6.83,9.73,-1.95,0.04,0.03,-0.70
6.83,9.73,-1.95,0.04,0.03,-0.70
6.83,9.73,-1.95,0.04,0.03,-0.70
6.83,9.73,-1.95,0.04,0.03,-0.70
7.39,7.09,-2.93,0.04,0.46,-0.86
7.39,7.09,-2.93,0.25,0.46,-0.86
7.39,7.09,-2.93,0.25,0.46,-0.86
7.39,7.09,-2.93,0.25,0.46,-0.86
7.39,7.09,-2.93,0.25,0.46,-0.86
7.39,7.09,-2.93,0.25,0.46,-0.86
6.27,8.09,-2.47,-0.20,-0.11,0.39
6.27,8.09,-2.47,-0.20,-0.11,0.39
6.27,8.09,-2.47,-0.20,-0.11,0.39
6.27,8.09,-2.47,-0.20,-0.11,0.39
6.27,8.09,-2.47,-0.20,-0.11,0.39
6.27,8.09,-2.47,-0.20,-0.11,0.39
4.99,6.61,-1.68,-0.06,-0.23,1.13
4.99,6.61,-1.68,-0.06,-0.23,1.13
4.99,6.61,-1.68,-0.06,-0.23,1.13
4.99,6.61,-1.68,-0.06,-0.23,1.13
4.99,6.61,-1.68,-0.06,-0.23,1.13
4.99,6.61,-1.56,-0.06,-0.23,1.13
5.19,5.90,-1.56,0.03,-0.03,0.80
5.19,5.90,-1.56,0.03,-0.03,0.80
5.19,5.90,-1.56,0.03,-0.03,0.80
5.19,5.90,-1.56,0.03,-0.03,0.80
5.19,5.90,-1.56,0.03,-0.03,0.80
5.23,6.50,-1.41,-0.25,-0.46,0.57
5.23,6.50,-1.41,-0.25,-0.46,0.57
5.23,6.50,-1.41,-0.25,-0.46,0.57
5.23,6.50,-1.41,-0.25,-0.46,0.57
5.23,6.50,-1.41,-0.25,-0.46,0.57
5.23,6.50,-1.41,-0.25,-0.46,0.57
5.32,7.56,-1.48,-0.41,-0.50,0.32
5.32,7.56,-1.48,-0.41,-0.50,0.32
5.32,7.56,-1.48,-0.41,-0.50,0.32
5.32,7.56,-1.48,-0.41,-0.50,0.32
5.32,7.56,-1.48,-0.41,-0.50,0.32
5.32,7.56,-1.48,-0.41,-0.50,0.32
4.86,8.08,-1.34,-0.35,-0.14,0.28
4.86,8.08,-1.34,-0.35,-0.14,0.28
4.86,8.08,-1.34,-0.35,-0.14,0.28
4.86,8.08,-1.34,-0.35,-0.14,0.28
4.86,8.08,-1.34,-0.35,-0.14,0.28
6.94,10.64,-1.49,-0.38,0.33,-0.04
6.94,10.64,-1.49,-0.38,0.33,-0.04
6.94,10.64,-1.49,-0.38,0.33,-0.04
6.94,10.64,-1.49,-0.38,0.33,-0.04
6.94,10.64,-1.49,-0.38,0.33,-0.04
6.94,10.64,-1.49,-0.38,0.33,-0.04
6.80,10.14,-0.98,-0.42,-0.14,-0.72
6.80,10.14,-0.98,-0.42,-0.14,-0.72
6.80,10.14,-0.98,-0.42,-0.14,-0.72
6.80,10.14,-0.98,-0.42,-0.14,-0.72
6.80,10.14,-0.98,-0.42,-0.14,-0.72
6.80,10.14,-0.98,-0.42,-0.14,-0.72
5.50,8.95,-1.45,-0.55,-0.64,-0.66
5.50,8.95,-1.45,-0.55,-0.64,-0.66
5.50,8.95,-1.45,-0.55,-0.64,-0.66
5.50,8.95,-1.45,-0.55,-0.64,-0.66
5.50,8.95,-1.45,-0.55,-0.64,-0.66
4.04,6.49,-1.01,-0.12,-0.13,-0.04
4.04,6.49,-1.01,-0.12,-0.13,-0.04
4.04,6.49,-1.01,-0.12,-0.13,-0.04
4.04,6.49,-1.01,-0.12,-0.13,-0.04
4.04,6.49,-1.01,-0.12,-0.13,-0.04
4.04,6.49,-1.01,-0.12,-0.13,-0.04
5.47,6.83,-0.59,0.22,0.35,0.00
5.47,6.83,-0.59,0.22,0.35,0.00
5.47,6.83,-0.59,0.22,0.35,0.00
5.47,6.83,-0.59,0.22,0.35,0.00
5.47,6.83,-0.59,0.22,0.35,0.00
5.47,6.83,-0.59,0.22,0.35,0.00
5.76,7.95,-0.44,0.34,0.13,-0.43
5.76,7.95,-0.44,0.34,0.13,-0.43
5.76,7.95,-0.44,0.34,0.13,-0.43
5.76,7.95,-0.44,0.34,0.13,-0.43
5.76,7.95,-0.44,0.34,0.13,-0.43
6.76,8.72,-0.98,0.39,0.38,-0.51
6.76,8.72,-0.98,0.39,0.38,-0.51
6.76,8.72,-0.98,0.39,0.38,-0.51
6.76,8.72,-0.98,0.39,0.38,-0.51
6.76,8.72,-0.98,0.39,0.38,-0.51
6.76,8.72,-0.98,0.39,0.38,-0.51
7.07,9.76,-1.61,0.32,0.44,-0.44
7.07,9.76,-1.61,0.32,0.44,-0.44
7.07,9.76,-1.61,0.32,0.44,-0.44
7.07,9.76,-1.61,0.32,0.44,-0.44
7.07,9.76,-1.61,0.32,0.44,-0.44
7.07,9.76,-1.61,0.32,0.44,-0.44
7.15,8.01,-2.86,0.31,0.57,-0.30
7.15,8.01,-2.86,0.31,0.57,-0.30
7.15,8.01,-2.86,0.31,0.57,-0.30
7.15,8.01,-2.86,0.31,0.57,-0.30
7.15,8.01,-2.86,0.31,0.57,-0.30
5.24,8.57,-3.01,0.11,0.02,0.51
5.24,8.57,-3.01,0.11,0.02,0.51
5.24,8.57,-3.01,0.11,0.02,0.51
5.24,8.57,-3.01,0.11,0.02,0.51
5.24,8.57,-3.01,0.11,0.02,0.51
5.24,8.57,-3.01,0.11,0.02,0.51
4.56,8.06,-2.01,0.48,0.25,1.15
4.56,8.06,-2.01,0.48,0.25,1.15
4.56,8.06,-2.01,0.48,0.25,1.15
4.56,8.06,-2.01,0.48,0.25,1.15
4.56,8.06,-2.01,0.48,0.25,1.15
4.56,8.06,-2.01,0.48,0.25,1.15
4.32,6.62,-1.44,0.69,0.64,1.04
4.32,6.62,-1.44,0.69,0.64,1.04
4.32,6.62,-1.44,0.69,0.64,1.04
4.32,6.62,-1.44,0.69,0.64,1.04
4.32,6.62,-1.44,0.69,0.64,1.04
4.20,6.29,-1.45,0.69,0.64,1.04
4.20,6.29,-1.45,0.33,0.36,0.65
4.20,6.29,-1.45,0.33,0.36,0.65
4.20,6.29,-1.45,0.33,0.36,0.65
4.20,6.29,-1.45,0.33,0.36,0.65
4.20,6.29,-1.45,0.33,0.36,0.65
4.75,6.53,-1.64,-0.03,0.12,0.22
4.75,6.53,-1.64,-0.03,0.12,0.22
4.75,6.53,-1.64,-0.03,0.12,0.22
4.75,6.53,-1.64,-0.03,0.12,0.22
4.75,6.53,-1.64,-0.03,0.12,0.22
4.75,6.53,-1.64,-0.03,0.12,0.22
5.04,7.73,-1.44,-0.14,0.15,-0.16
5.04,7.73,-1.44,-0.14,0.15,-0.16
5.04,7.73,-1.44,-0.14,0.15,-0.16
5.04,7.73,-1.44,-0.14,0.15,-0.16
5.04,7.73,-1.44,-0.14,0.15,-0.16
5.04,7.73,-1.44,-0.14,0.15,-0.16
6.91,11.01,-1.42,-0.11,0.51,-0.71
6.91,11.01,-1.42,-0.11,0.51,-0.71
6.91,11.01,-1.42,-0.11,0.51,-0.71
6.91,11.01,-1.42,-0.11,0.51,-0.71
6.91,11.01,-1.42,-0.11,0.51,-0.71
6.68,9.82,-0.78,0.19,0.62,-1.10
6.68,9.82,-0.78,0.19,0.62,-1.10
6.68,9.82,-0.78,0.19,0.62,-1.10
6.68,9.82,-0.78,0.19,0.62,-1.10
6.68,9.82,-0.78,0.19,0.62,-1.10
6.68,9.82,-0.78,0.19,0.62,-1.10
6.93,10.23,-0.74,0.23,0.66,-0.64
6.93,10.23,-0.74,0.23,0.66,-0.64
6.93,10.23,-0.74,0.23,0.66,-0.64
6.93,10.23,-0.74,0.23,0.66,-0.64
6.93,10.23,-0.74,0.23,0.66,-0.64
6.93,10.23,-0.74,0.23,0.66,-0.64
5.27,7.74,-0.32,0.56,0.92,-0.10
5.27,7.74,-0.32,0.56,0.92,-0.10
5.27,7.74,-0.32,0.56,0.92,-0.10
5.27,7.74,-0.32,0.56,0.92,-0.10
5.27,7.74,-0.32,0.56,0.92,-0.10
5.31,7.54,-0.16,0.77,1.27,0.29
5.31,7.54,-0.16,0.77,1.27,0.29
5.31,7.54,-0.16,0.77,1.27,0.29
5.31,7.54,-0.16,0.77,1.27,0.29
5.31,7.54,-0.16,0.77,1.27,0.29
5.31,7.54,-0.16,0.77,1.27,0.29
4.90,8.21,0.27,1.03,1.16,-0.01
4.90,8.21,0.27,1.03,1.16,-0.01
4.90,8.21,0.27,1.03,1.16,-0.01
4.90,8.21,0.27,1.03,1.16,-0.01
4.90,8.21,0.27,1.03,1.16,-0.01
4.90,8.21,0.27,1.03,1.16,-0.01
5.28,8.62,0.43,1.31,1.35,-0.23
5.28,8.62,0.43,1.31,1.35,-0.23
5.28,8.62,0.43,1.31,1.35,-0.23
5.28,8.62,0.43,1.31,1.35,-0.23
5.28,8.62,0.43,1.31,1.35,-0.23
5.31,9.46,0.36,1.40,1.39,-0.28
5.31,9.46,0.36,1.40,1.39,-0.28
5.31,9.46,0.36,1.40,1.39,-0.28
5.31,9.46,0.36,1.40,1.39,-0.28
5.31,9.46,0.36,1.40,1.39,-0.28
5.31,9.46,0.36,1.40,1.39,-0.28
5.10,9.27,0.17,1.58,1.73,-0.44
5.10,9.27,0.17,1.58,1.73,-0.44
5.10,9.27,0.17,1.58,1.73,-0.44
5.10,9.27,0.17,1.58,1.73,-0.44
5.10,9.27,0.17,1.58,1.73,-0.44
5.10,9.27,0.17,1.58,1.73,-0.44
5.51,7.27,-0.39,1.56,2.05,-0.50
5.51,7.27,-0.39,1.56,2.05,-0.50
5.51,7.27,-0.39,1.56,2.05,-0.50
5.51,7.27,-0.39,1.56,2.05,-0.50
5.51,7.27,-0.39,1.56,2.05,-0.50
5.51,7.98,-0.64,1.56,1.53,-0.77
5.51,7.98,-0.64,1.11,1.53,-0.77
5.51,7.98,-0.64,1.11,1.53,-0.77
5.51,7.98,-0.64,1.11,1.53,-0.77
5.51,7.98,-0.64,1.11,1.53,-0.77
5.51,7.98,-0.64,1.11,1.53,-0.77
6.44,7.46,-0.72,1.06,1.62,-1.12
6.44,7.46,-0.72,1.06,1.62,-1.12
6.44,7.46,-0.72,1.06,1.62,-1.12
6.44,7.46,-0.72,1.06,1.62,-1.12
6.44,7.46,-0.72,1.06,1.62,-1.12
6.44,7.46,-0.72,1.06,1.62,-1.12
6.80,7.46,-1.04,0.83,1.55,-0.98
6.80,7.46,-1.04,0.83,1.55,-0.98
6.80,7.46,-1.04,0.83,1.55,-0.98
6.80,7.46,-1.04,0.83,1.55,-0.98
6.80,7.46,-1.04,0.83,1.55,-0.98
6.80,7.46,-1.74,0.83,1.55,-0.98
7.06,7.18,-1.74,0.70,1.37,-0.79
7.06,7.18,-1.74,0.70,1.37,-0.79
7.06,7.18,-1.74,0.70,1.37,-0.79
7.06,7.18,-1.74,0.70,1.37,-0.79
7.06,7.18,-1.74,0.70,1.37,-0.79
6.82,6.95,-2.98,0.44,1.05,-0.51
6.82,6.95,-2.98,0.44,1.05,-0.51
6.82,6.95,-2.98,0.44,1.05,-0.51
6.82,6.95,-2.98,0.44,1.05,-0.51
6.82,6.95,-2.98,0.44,1.05,-0.51
6.82,6.95,-2.98,0.44,1.05,-0.51
6.71,7.19,-3.10,0.45,1.21,0.12
6.71,7.19,-3.10,0.45,1.21,0.12
6.71,7.19,-3.10,0.45,1.21,0.12
6.71,7.19,-3.10,0.45,1.21,0.12
6.71,7.19,-3.10,0.45,1.21,0.12
6.71,7.19,-3.10,0.45,1.21,0.12
6.11,7.32,-2.85,0.66,1.34,0.55
6.11,7.32,-2.85,0.66,1.34,0.55
6.11,7.32,-2.85,0.66,1.34,0.55
6.11,7.32,-2.85,0.66,1.34,0.55
6.11,7.32,-2.85,0.66,1.34,0.55
5.67,7.86,-2.42,0.60,1.01,0.72
5.67,7.86,-2.42,0.60,1.01,0.72
5.67,7.86,-2.42,0.60,1.01,0.72
5.67,7.86,-2.42,0.60,1.01,0.72
5.67,7.86,-2.42,0.60,1.01,0.72
5.67,7.86,-2.42,0.60,1.01,0.72
5.49,9.06,-1.67,0.63,0.75,0.58
5.49,9.06,-1.67,0.63,0.75,0.58
5.49,9.06,-1.67,0.63,0.75,0.58
5.49,9.06,-1.67,0.63,0.75,0.58
5.49,9.06,-1.67,0.63,0.75,0.58
5.49,9.06,-1.67,0.63,0.75,0.58
5.52,8.77,-1.21,0.71,0.88,0.41
5.52,8.77,-1.21,0.71,0.88,0.41
5.52,8.77,-1.21,0.71,0.88,0.41
5.52,8.77,-1.21,0.71,0.88,0.41
5.52,8.77,-1.21,0.71,0.88,0.41
5.72,8.31,-1.04,0.56,0.59,0.13
5.72,8.31,-1.04,0.56,0.59,0.13
5.72,8.31,-1.04,0.56,0.59,0.13
5.72,8.31,-1.04,0.56,0.59,0.13
5.72,8.31,-1.04,0.56,0.59,0.13
5.72,8.31,-1.04,0.56,0.59,0.13
5.26,7.99,-0.75,0.50,0.25,-0.30
5.26,7.99,-0.75,0.50,0.25,-0.30
5.26,7.99,-0.75,0.50,0.25,-0.30
5.26,7.99,-0.75,0.50,0.25,-0.30
5.26,7.99,-0.75,0.50,0.25,-0.30
5.26,7.99,-0.75,0.50,0.25,-0.30
5.63,7.45,-0.56,0.58,0.54,-0.48
5.63,7.45,-0.56,0.58,0.54,-0.48
5.63,7.45,-0.56,0.58,0.54,-0.48
5.63,7.45,-0.56,0.58,0.54,-0.48
5.63,7.45,-0.56,0.58,0.54,-0.48
6.31,7.78,-1.06,0.47,0.47,-0.75
6.31,7.78,-1.06,0.47,0.47,-0.75
6.31,7.78,-1.06,0.47,0.47,-0.75
6.31,7.78,-1.06,0.47,0.47,-0.75
6.31,7.78,-1.06,0.47,0.47,-0.75
6.31,7.78,-1.06,0.47,0.47,-0.75
6.69,7.66,-1.54,0.47,0.39,-0.97
6.69,7.66,-1.54,0.47,0.39,-0.97
6.69,7.66,-1.54,0.47,0.39,-0.97
6.69,7.66,-1.54,0.47,0.39,-0.97
6.69,7.66,-1.54,0.47,0.39,-0.97
6.69,7.66,-1.54,0.47,0.39,-0.97
6.88,7.90,-1.58,0.57,0.52,-0.78
6.88,7.90,-1.58,0.57,0.52,-0.78
6.88,7.90,-1.58,0.57,0.52,-0.78
6.88,7.90,-1.58,0.57,0.52,-0.78
6.88,7.90,-1.58,0.57,0.52,-0.78
6.58,9.72,-1.08,0.57,0.52,-0.78
6.58,9.72,-1.08,0.62,0.83,-0.39
6.58,9.72,-1.08,0.62,0.83,-0.39
6.58,9.72,-1.08,0.62,0.83,-0.39
6.58,9.72,-1.08,0.62,0.83,-0.39
6.58,9.72,-1.08,0.62,0.83,-0.39
7.15,6.91,-1.82,0.56,1.26,-0.21
7.15,6.91,-1.82,0.56,1.26,-0.21
7.15,6.91,-1.82,0.56,1.26,-0.21
7.15,6.91,-1.82,0.56,1.26,-0.21
7.15,6.91,-1.82,0.56,1.26,-0.21
7.15,6.91,-1.82,0.56,1.26,-0.21
4.58,6.76,-2.98,-0.08,0.32,0.23
4.58,6.76,-2.98,-0.08,0.32,0.23
4.58,6.76,-2.98,-0.08,0.32,0.23
4.58,6.76,-2.98,-0.08,0.32,0.23
4.58,6.76,-2.98,-0.08,0.32,0.23
4.58,6.76,-2.98,-0.08,0.32,0.23
5.15,9.37,-3.19,-0.03,0.38,0.48
5.15,9.37,-3.19,-0.03,0.38,0.48
5.15,9.37,-3.19,-0.03,0.38,0.48
5.15,9.37,-3.19,-0.03,0.38,0.48
5.15,9.37,-3.19,-0.03,0.38,0.48
4.57,6.94,-2.84,0.30,0.50,0.45
4.57,6.94,-2.84,0.30,0.50,0.45
4.57,6.94,-2.84,0.30,0.50,0.45
4.57,6.94,-2.84,0.30,0.50,0.45
4.57,6.94,-2.84,0.30,0.50,0.45
4.57,6.94,-2.84,0.30,0.50,0.45
4.05,6.31,-2.39,0.19,0.38,0.39
4.05,6.31,-2.39,0.19,0.38,0.39
4.05,6.31,-2.39,0.19,0.38,0.39
4.05,6.31,-2.39,0.19,0.38,0.39
4.05,6.31,-2.39,0.19,0.38,0.39
4.05,6.31,-2.39,0.19,0.38,0.39
5.35,6.25,-2.25,-0.00,0.21,-0.04
5.35,6.25,-2.25,-0.00,0.21,-0.04
5.35,6.25,-2.25,-0.00,0.21,-0.04
5.35,6.25,-2.25,-0.00,0.21,-0.04
5.35,6.25,-2.25,-0.00,0.21,-0.04
6.34,7.16,-2.77,-0.29,-0.19,-0.32
6.34,7.16,-2.77,-0.29,-0.19,-0.32
6.34,7.16,-2.77,-0.29,-0.19,-0.32
6.34,7.16,-2.77,-0.29,-0.19,-0.32
6.34,7.16,-2.77,-0.29,-0.19,-0.32
6.34,7.16,-2.77,-0.29,-0.19,-0.32
6.49,9.39,-2.28,-0.29,-0.17,-0.09
6.49,9.39,-2.28,-0.29,-0.17,-0.09
6.49,9.39,-2.28,-0.29,-0.17,-0.09
6.49,9.39,-2.28,-0.29,-0.17,-0.09
6.49,9.39,-2.28,-0.29,-0.17,-0.09
6.49,9.39,-2.28,-0.29,-0.17,-0.09
7.37,8.87,-2.26,-0.07,0.38,-0.01
7.37,8.87,-2.26,-0.07,0.38,-0.01
7.37,8.87,-2.26,-0.07,0.38,-0.01
7.37,8.87,-2.26,-0.07,0.38,-0.01
7.37,8.87,-2.26,-0.07,0.38,-0.01
6.59,9.64,-1.45,-0.09,0.19,0.26
6.59,9.64,-1.45,-0.09,0.19,0.26
6.59,9.64,-1.45,-0.09,0.19,0.26
6.59,9.64,-1.45,-0.09,0.19,0.26
6.59,9.64,-1.45,-0.09,0.19,0.26
6.59,9.64,-1.45,-0.09,0.19,0.26
5.96,9.08,-0.88,-0.04,-0.05,0.14
5.96,9.08,-0.88,-0.04,-0.05,0.14
5.96,9.08,-0.88,-0.04,-0.05,0.14
5.96,9.08,-0.88,-0.04,-0.05,0.14
5.96,9.08,-0.88,-0.04,-0.05,0.14
5.96,9.08,-0.88,-0.04,-0.05,0.14
4.75,6.84,-0.88,0.07,-0.25,0.15
4.75,6.84,-0.88,0.07,-0.25,0.15
4.75,6.84,-0.88,0.07,-0.25,0.15
4.75,6.84,-0.88,0.07,-0.25,0.15
4.75,6.84,-0.88,0.07,-0.25,0.15
4.78,7.03,-0.32,0.14,-0.15,0.27
4.78,7.03,-0.32,0.14,-0.15,0.27
4.78,7.03,-0.32,0.14,-0.15,0.27
4.78,7.03,-0.32,0.14,-0.15,0.27
4.78,7.03,-0.32,0.14,-0.15,0.27
4.78,7.03,-0.32,0.14,-0.15,0.27
5.77,8.24,-0.25,0.22,-0.19,-0.26
5.77,8.24,-0.25,0.22,-0.19,-0.26
5.77,8.24,-0.25,0.22,-0.19,-0.26
5.77,8.24,-0.25,0.22,-0.19,-0.26
5.77,8.24,-0.25,0.22,-0.19,-0.26
5.77,8.24,-0.25,0.22,-0.19,-0.26
6.00,8.68,-0.66,0.25,-0.06,-0.50
6.00,8.68,-0.66,0.25,-0.06,-0.50
6.00,8.68,-0.66,0.25,-0.06,-0.50
6.00,8.68,-0.66,0.25,-0.06,-0.50
6.00,8.68,-0.66,0.25,-0.06,-0.50
5.93,9.06,-1.10,0.25,-0.06,-0.50
5.93,9.06,-1.10,0.05,0.05,-0.44
5.93,9.06,-1.10,0.05,0.05,-0.44
5.93,9.06,-1.10,0.05,0.05,-0.44
5.93,9.06,-1.10,0.05,0.05,-0.44
5.93,9.06,-1.10,0.05,0.05,-0.44
6.46,8.38,-2.06,-0.05,0.28,-0.64
6.46,8.38,-2.06,-0.05,0.28,-0.64
6.46,8.38,-2.06,-0.05,0.28,-0.64
6.46,8.38,-2.06,-0.05,0.28,-0.64
6.46,8.38,-2.06,-0.05,0.28,-0.64
6.46,8.38,-2.06,-0.05,0.28,-0.64
5.87,7.62,-3.08,-0.14,-0.09,-0.57
5.87,7.62,-3.08,-0.14,-0.09,-0.57
5.87,7.62,-3.08,-0.14,-0.09,-0.57
5.87,7.62,-3.08,-0.14,-0.09,-0.57
5.87,7.62,-3.08,-0.14,-0.09,-0.57
5.87,7.62,-3.08,-0.14,-0.09,-0.57
4.68,8.74,-2.50,0.21,0.24,0.36
4.68,8.74,-2.50,0.21,0.24,0.36
4.68,8.74,-2.50,0.21,0.24,0.36
4.68,8.74,-2.50,0.21,0.24,0.36
4.68,8.74,-2.50,0.21,0.24,0.36
5.10,6.13,-1.67,0.74,1.15,0.69
5.10,6.13,-1.67,0.74,1.15,0.69
5.10,6.13,-1.67,0.74,1.15,0.69
5.10,6.13,-1.67,0.74,1.15,0.69
5.10,6.13,-1.67,0.74,1.15,0.69
5.10,6.13,-1.67,0.74,1.15,0.69
5.55,6.00,-1.46,0.32,0.60,0.65
5.55,6.00,-1.46,0.32,0.60,0.65
5.55,6.00,-1.46,0.32,0.60,0.65
5.55,6.00,-1.46,0.32,0.60,0.65
5.55,6.00,-1.46,0.32,0.60,0.65
5.55,6.00,-1.46,0.32,0.60,0.65
5.43,6.49,-2.03,-0.09,0.01,0.44
5.43,6.49,-2.03,-0.09,0.01,0.44
5.43,6.49,-2.03,-0.09,0.01,0.44
5.43,6.49,-2.03,-0.09,0.01,0.44
5.43,6.49,-2.03,-0.09,0.01,0.44
6.73,7.46,-2.25,-0.15,0.11,0.30
6.73,7.46,-2.25,-0.15,0.11,0.30
6.73,7.46,-2.25,-0.15,0.11,0.30
6.73,7.46,-2.25,-0.15,0.11,0.30
6.73,7.46,-2.25,-0.15,0.11,0.30
6.73,7.46,-2.25,-0.15,0.11,0.30
7.94,9.78,-1.95,-0.20,0.24,0.36
7.94,9.78,-1.95,-0.20,0.24,0.36
7.94,9.78,-1.95,-0.20,0.24,0.36
7.94,9.78,-1.95,-0.20,0.24,0.36
7.94,9.78,-1.95,-0.20,0.24,0.36
7.94,9.78,-1.95,-0.20,0.24,0.36
7.55,9.31,-0.80,0.07,0.35,0.22
7.55,9.31,-0.80,0.07,0.35,0.22
7.55,9.31,-0.80,0.07,0.35,0.22
7.55,9.31,-0.80,0.07,0.35,0.22
7.55,9.31,-0.80,0.07,0.35,0.22
7.63,7.66,0.06,-0.09,0.30,0.19
7.63,7.66,0.06,-0.09,0.30,0.19
7.63,7.66,0.06,-0.09,0.30,0.19
7.63,7.66,0.06,-0.09,0.30,0.19
7.63,7.66,0.06,-0.09,0.30,0.19
7.63,7.66,0.06,-0.09,0.30,0.19
5.85,6.99,0.33,-0.49,-0.48,0.20
5.85,6.99,0.33,-0.49,-0.48,0.20
5.85,6.99,0.33,-0.49,-0.48,0.20
5.85,6.99,0.33,-0.49,-0.48,0.20
5.85,6.99,0.33,-0.49,-0.48,0.20
5.85,6.99,0.33,-0.49,-0.48,0.20
7.12,6.79,0.41,-0.23,0.56,0.79
7.12,6.79,0.41,-0.23,0.56,0.79
7.12,6.79,0.41,-0.23,0.56,0.79
7.12,6.79,0.41,-0.23,0.56,0.79
7.12,6.79,0.41,-0.23,0.56,0.79
6.73,5.09,0.09,-0.23,0.56,0.92
6.73,5.09,0.09,0.04,0.54,0.92
6.73,5.09,0.09,0.04,0.54,0.92
6.73,5.09,0.09,0.04,0.54,0.92
6.73,5.09,0.09,0.04,0.54,0.92
6.73,5.09,0.09,0.04,0.54,0.92
6.80,5.50,-0.13,-0.07,-0.42,0.24
6.80,5.50,-0.13,-0.07,-0.42,0.24
6.80,5.50,-0.13,-0.07,-0.42,0.24
6.80,5.50,-0.13,-0.07,-0.42,0.24
6.80,5.50,-0.13,-0.07,-0.42,0.24
6.80,5.50,-0.13,-0.07,-0.42,0.24
7.33,8.60,-0.49,-0.06,-1.34,-0.77
7.33,8.60,-0.49,-0.06,-1.34,-0.77
7.33,8.60,-0.49,-0.06,-1.34,-0.77
7.33,8.60,-0.49,-0.06,-1.34,-0.77
7.33,8.60,-0.49,-0.06,-1.34,-0.77
7.33,8.60,-0.49,-0.06,-1.34,-0.77
7.65,8.19,-1.69,0.13,-1.05,-1.15
7.65,8.19,-1.69,0.13,-1.05,-1.15
7.65,8.19,-1.69,0.13,-1.05,-1.15
7.65,8.19,-1.69,0.13,-1.05,-1.15
7.65,8.19,-1.69,0.13,-1.05,-1.15
5.91,8.24,-1.85,-0.02,-0.50,-0.09
5.91,8.24,-1.85,-0.02,-0.50,-0.09
5.91,8.24,-1.85,-0.02,-0.50,-0.09
5.91,8.24,-1.85,-0.02,-0.50,-0.09
5.91,8.24,-1.85,-0.02,-0.50,-0.09
5.91,8.24,-1.85,-0.02,-0.50,-0.09
5.30,6.00,-1.67,0.07,0.14,0.31
5.30,6.00,-1.67,0.07,0.14,0.31
5.30,6.00,-1.67,0.07,0.14,0.31
5.30,6.00,-1.67,0.07,0.14,0.31
5.30,6.00,-1.67,0.07,0.14,0.31
5.30,6.00,-1.67,0.07,0.14,0.31
5.51,5.98,-1.64,0.01,0.13,-0.02
5.51,5.98,-1.64,0.01,0.13,-0.02
5.51,5.98,-1.64,0.01,0.13,-0.02
5.51,5.98,-1.64,0.01,0.13,-0.02
5.51,5.98,-1.64,0.01,0.13,-0.02
6.02,6.26,-2.19,-0.07,-0.18,-0.40
6.02,6.26,-2.19,-0.07,-0.18,-0.40
6.02,6.26,-2.19,-0.07,-0.18,-0.40
6.02,6.26,-2.19,-0.07,-0.18,-0.40
6.02,6.26,-2.19,-0.07,-0.18,-0.40
6.02,6.26,-2.19,-0.07,-0.18,-0.40
5.81,6.95,-2.54,-0.18,-0.21,-0.44
5.81,6.95,-2.54,-0.18,-0.21,-0.44
5.81,6.95,-2.54,-0.18,-0.21,-0.44
5.81,6.95,-2.54,-0.18,-0.21,-0.44
5.81,6.95,-2.54,-0.18,-0.21,-0.44
5.81,6.95,-2.54,-0.18,-0.21,-0.44
5.89,7.30,-2.35,0.04,0.33,-0.31
5.89,7.30,-2.35,0.04,0.33,-0.31
5.89,7.30,-2.35,0.04,0.33,-0.31
5.89,7.30,-2.35,0.04,0.33,-0.31
5.89,7.30,-2.35,0.04,0.33,-0.31
6.10,8.07,-2.17,0.28,0.76,-0.26
6.10,8.07,-2.17,0.28,0.76,-0.26
6.10,8.07,-2.17,0.28,0.76,-0.26
6.10,8.07,-2.17,0.28,0.76,-0.26
6.10,8.07,-2.17,0.28,0.76,-0.26
6.10,8.07,-2.17,0.28,0.76,-0.26
6.96,10.09,-1.92,0.47,1.02,-0.42
6.96,10.09,-1.92,0.47,1.02,-0.42
6.96,10.09,-1.92,0.47,1.02,-0.42
6.96,10.09,-1.92,0.47,1.02,-0.42
6.96,10.09,-1.92,0.47,1.02,-0.42
6.96,10.09,-1.92,0.47,1.02,-0.42
7.19,9.12,-1.56,0.74,1.41,-0.53
7.19,9.12,-1.56,0.74,1.41,-0.53
7.19,9.12,-1.56,0.74,1.41,-0.53
7.19,9.12,-1.56,0.74,1.41,-0.53
7.19,9.12,-1.56,0.74,1.41,-0.53
6.72,8.03,-1.30,0.58,1.18,-0.29
6.72,8.03,-1.30,0.58,1.18,-0.29
6.72,8.03,-1.30,0.58,1.18,-0.29
6.72,8.03,-1.30,0.58,1.18,-0.29
6.72,8.03,-1.30,0.58,1.18,-0.29
6.72,8.03,-1.30,0.58,1.18,-0.29
5.29,8.22,-0.31,0.53,0.64,-0.01
5.29,8.22,-0.31,0.53,0.64,-0.01
5.29,8.22,-0.31,0.53,0.64,-0.01
5.29,8.22,-0.31,0.53,0.64,-0.01
5.29,8.22,-0.31,0.53,0.64,-0.01
5.29,8.22,-0.31,0.53,0.64,-0.01
5.43,6.99,0.01,0.87,1.18,0.13
5.43,6.99,0.01,0.87,1.18,0.13
5.43,6.99,0.01,0.87,1.18,0.13
5.43,6.99,0.01,0.87,1.18,0.13
5.43,6.99,0.01,0.87,1.18,0.13
5.25,7.16,-0.14,0.87,1.18,0.06
5.25,7.16,-0.14,0.88,0.88,0.06
5.25,7.16,-0.14,0.88,0.88,0.06
5.25,7.16,-0.14,0.88,0.88,0.06
5.25,7.16,-0.14,0.88,0.88,0.06
5.25,7.16,-0.14,0.88,0.88,0.06
5.70,7.79,-0.34,1.05,0.73,-0.27
5.70,7.79,-0.34,1.05,0.73,-0.27
5.70,7.79,-0.34,1.05,0.73,-0.27
5.70,7.79,-0.34,1.05,0.73,-0.27
5.70,7.79,-0.34,1.05,0.73,-0.27
5.70,7.79,-0.34,1.05,0.73,-0.27
6.11,8.51,-0.32,1.26,0.97,-0.55
6.11,8.51,-0.32,1.26,0.97,-0.55
6.11,8.51,-0.32,1.26,0.97,-0.55
6.11,8.51,-0.32,1.26,0.97,-0.55
6.11,8.51,-0.32,1.26,0.97,-0.55
6.11,8.51,-0.32,1.26,0.97,-0.55
6.72,9.93,-0.79,1.29,1.25,-0.57
6.72,9.93,-0.79,1.29,1.25,-0.57
6.72,9.93,-0.79,1.29,1.25,-0.57
6.72,9.93,-0.79,1.29,1.25,-0.57
6.72,9.93,-0.79,1.29,1.25,-0.57
5.88,11.12,-0.78,1.32,1.58,-0.67
5.88,11.12,-0.78,1.32,1.58,-0.67
5.88,11.12,-0.78,1.32,1.58,-0.67
5.88,11.12,-0.78,1.32,1.58,-0.67
5.88,11.12,-0.78,1.32,1.58,-0.67
5.88,11.12,-0.78,1.32,1.58,-0.67
7.31,5.45,-2.34,1.25,2.27,-0.51
7.31,5.45,-2.34,1.25,2.27,-0.51
7.31,5.45,-2.34,1.25,2.27,-0.51
7.31,5.45,-2.34,1.25,2.27,-0.51
7.31,5.45,-2.34,1.25,2.27,-0.51
7.31,5.45,-2.34,1.25,2.27,-0.51
4.22,6.51,-2.52,0.10,0.28,-0.05
4.22,6.51,-2.52,0.10,0.28,-0.05
4.22,6.51,-2.52,0.10,0.28,-0.05
4.22,6.51,-2.52,0.10,0.28,-0.05
4.22,6.51,-2.52,0.10,0.28,-0.05
5.73,6.37,-2.60,0.47,0.87,-0.46
5.73,6.37,-2.60,0.47,0.87,-0.46
5.73,6.37,-2.60,0.47,0.87,-0.46
5.73,6.37,-2.60,0.47,0.87,-0.46
5.73,6.37,-2.60,0.47,0.87,-0.46
5.73,6.37,-2.60,0.47,0.87,-0.46
6.37,7.49,-2.94,0.45,0.87,-0.46
6.37,7.49,-2.94,0.45,0.87,-0.46
6.37,7.49,-2.94,0.45,0.87,-0.46
6.37,7.49,-2.94,0.45,0.87,-0.46
6.37,7.49,-2.94,0.45,0.87,-0.46
6.37,7.49,-2.94,0.45,0.87,-0.46
5.99,7.41,-3.07,0.22,0.49,-0.11
5.99,7.41,-3.07,0.22,0.49,-0.11
5.99,7.41,-3.07,0.22,0.49,-0.11
5.99,7.41,-3.07,0.22,0.49,-0.11
5.99,7.41,-3.07,0.22,0.49,-0.11
5.63,7.73,-3.00,0.20,0.22,-0.04
5.63,7.73,-3.00,0.20,0.22,-0.04
5.63,7.73,-3.00,0.20,0.22,-0.04
5.63,7.73,-3.00,0.20,0.22,-0.04
5.63,7.73,-3.00,0.20,0.22,-0.04
5.63,7.73,-3.00,0.20,0.22,-0.04
5.83,7.92,-2.73,0.33,0.24,-0.06
5.83,7.92,-2.73,0.33,0.24,-0.06
5.83,7.92,-2.73,0.33,0.24,-0.06
5.83,7.92,-2.73,0.33,0.24,-0.06
5.83,7.92,-2.73,0.33,0.24,-0.06
5.83,7.92,-2.73,0.33,0.24,-0.06
5.60,7.87,-2.82,0.29,0.14,0.02
5.60,7.87,-2.82,0.29,0.14,0.02
5.60,7.87,-2.82,0.29,0.14,0.02
5.60,7.87,-2.82,0.29,0.14,0.02
5.60,7.87,-2.82,0.29,0.14,0.02
5.61,7.56,-2.65,0.21,0.03,0.08
5.61,7.56,-2.65,0.21,0.03,0.08
5.61,7.56,-2.65,0.21,0.03,0.08
5.61,7.56,-2.65,0.21,0.03,0.08
5.61,7.56,-2.65,0.21,0.03,0.08
5.61,7.56,-2.65,0.21,0.03,0.08
5.75,7.49,-2.55,0.11,-0.16,-0.02
5.75,7.49,-2.55,0.11,-0.16,-0.02
5.75,7.49,-2.55,0.11,-0.16,-0.02
5.75,7.49,-2.55,0.11,-0.16,-0.02
5.75,7.49,-2.55,0.11,-0.16,-0.02
5.75,7.49,-2.55,0.11,-0.16,-0.02
5.78,7.67,-2.12,0.10,-0.15,0.05
5.78,7.67,-2.12,0.10,-0.15,0.05
5.78,7.67,-2.12,0.10,-0.15,0.05
5.78,7.67,-2.12,0.10,-0.15,0.05
5.78,7.67,-2.12,0.10,-0.15,0.05
5.78,7.67,-1.98,0.10,-0.15,0.05
5.82,7.79,-1.98,0.07,-0.04,0.12
5.82,7.79,-1.98,0.07,-0.04,0.12
5.82,7.79,-1.98,0.07,-0.04,0.12
5.82,7.79,-1.98,0.07,-0.04,0.12
5.82,7.79,-1.98,0.07,-0.04,0.12
5.49,7.56,-2.19,-0.11,-0.10,0.18
5.49,7.56,-2.19,-0.11,-0.10,0.18
5.49,7.56,-2.19,-0.11,-0.10,0.18
5.49,7.56,-2.19,-0.11,-0.10,0.18
5.49,7.56,-2.19,-0.11,-0.10,0.18
5.49,7.56,-2.19,-0.11,-0.10,0.18
5.48,7.68,-2.51,-0.25,-0.24,0.04
5.48,7.68,-2.51,-0.25,-0.24,0.04
5.48,7.68,-2.51,-0.25,-0.24,0.04
5.48,7.68,-2.51,-0.25,-0.24,0.04
5.48,7.68,-2.51,-0.25,-0.24,0.04
5.48,7.68,-2.51,-0.25,-0.24,0.04
5.81,7.94,-2.62,-0.24,-0.25,0.00
5.81,7.94,-2.62,-0.24,-0.25,0.00
5.81,7.94,-2.62,-0.24,-0.25,0.00
5.81,7.94,-2.62,-0.24,-0.25,0.00
5.81,7.94,-2.62,-0.24,-0.25,0.00
5.57,8.00,-2.49,-0.19,-0.24,0.04
5.57,8.00,-2.49,-0.19,-0.24,0.04
5.57,8.00,-2.49,-0.19,-0.24,0.04
5.57,8.00,-2.49,-0.19,-0.24,0.04
5.57,8.00,-2.49,-0.19,-0.24,0.04
5.57,8.00,-2.49,-0.19,-0.24,0.04
5.34,7.88,-2.02,-0.05,-0.08,0.10
5.34,7.88,-2.02,-0.05,-0.08,0.10
5.34,7.88,-2.02,-0.05,-0.08,0.10
5.34,7.88,-2.02,-0.05,-0.08,0.10
5.34,7.88,-2.02,-0.05,-0.08,0.10
5.34,7.88,-2.02,-0.05,-0.08,0.10
5.55,7.58,-1.87,-0.05,-0.01,-0.01
5.55,7.58,-1.87,-0.05,-0.01,-0.01
5.55,7.58,-1.87,-0.05,-0.01,-0.01
5.55,7.58,-1.87,-0.05,-0.01,-0.01
5.55,7.58,-1.87,-0.05,-0.01,-0.01
5.72,7.95,-1.97,-0.13,-0.08,-0.08
5.72,7.95,-1.97,-0.13,-0.08,-0.08
5.72,7.95,-1.97,-0.13,-0.08,-0.08
5.72,7.95,-1.97,-0.13,-0.08,-0.08
5.72,7.95,-1.97,-0.13,-0.08,-0.08
5.72,7.95,-1.97,-0.13,-0.08,-0.08
6.01,7.73,-2.24,-0.13,-0.00,-0.01
6.01,7.73,-2.24,-0.13,-0.00,-0.01
6.01,7.73,-2.24,-0.13,-0.00,-0.01
6.01,7.73,-2.24,-0.13,-0.00,-0.01
6.01,7.73,-2.24,-0.13,-0.00,-0.01
6.01,7.73,-2.24,-0.13,-0.00,-0.01
5.48,7.80,-2.05,-0.15,-0.11,0.12
5.48,7.80,-2.05,-0.15,-0.11,0.12
5.48,7.80,-2.05,-0.15,-0.11,0.12
5.48,7.80,-2.05,-0.15,-0.11,0.12
5.48,7.80,-2.05,-0.15,-0.11,0.12
5.46,8.07,-1.82,-0.16,-0.13,0.15
5.46,8.07,-1.82,-0.16,-0.13,0.15
5.46,8.07,-1.82,-0.16,-0.13,0.15
5.46,8.07,-1.82,-0.16,-0.13,0.15
5.46,8.07,-1.82,-0.16,-0.13,0.15
5.46,8.07,-1.82,-0.16,-0.13,0.15
5.31,8.18,-2.18,-0.10,-0.09,-0.03
5.31,8.18,-2.18,-0.10,-0.09,-0.03
5.31,8.18,-2.18,-0.10,-0.09,-0.03
5.31,8.18,-2.18,-0.10,-0.09,-0.03
5.31,8.18,-2.18,-0.10,-0.09,-0.03
5.31,8.18,-2.18,-0.10,-0.09,-0.03
5.98,7.74,-2.57,0.03,0.08,-0.09
5.98,7.74,-2.57,0.03,0.08,-0.09
5.98,7.74,-2.57,0.03,0.08,-0.09
5.98,7.74,-2.57,0.03,0.08,-0.09
5.98,7.74,-2.57,0.03,0.08,-0.09
6.31,7.45,-2.39,0.13,0.05,-0.12
6.31,7.45,-2.39,0.13,0.05,-0.12
6.31,7.45,-2.39,0.13,0.05,-0.12
6.31,7.45,-2.39,0.13,0.05,-0.12
6.31,7.45,-2.39,0.13,0.05,-0.12
6.31,7.45,-2.39,0.13,0.05,-0.12
6.54,7.39,-1.62,0.21,0.08,-0.02
6.54,7.39,-1.62,0.21,0.08,-0.02
6.54,7.39,-1.62,0.21,0.08,-0.02
6.54,7.39,-1.62,0.21,0.08,-0.02
6.54,7.39,-1.62,0.21,0.08,-0.02
6.54,7.39,-1.62,0.21,0.08,-0.02
6.52,7.65,-1.33,0.10,-0.01,0.02
6.52,7.65,-1.33,0.10,-0.01,0.02
6.52,7.65,-1.33,0.10,-0.01,0.02
6.52,7.65,-1.33,0.10,-0.01,0.02
6.52,7.65,-1.33,0.10,-0.01,0.02
6.05,8.21,-1.85,0.10,-0.01,0.02
6.05,8.21,-1.85,-0.10,-0.03,0.29
6.05,8.21,-1.85,-0.10,-0.03,0.29
6.05,8.21,-1.85,-0.10,-0.03,0.29
6.05,8.21,-1.85,-0.10,-0.03,0.29
6.05,8.21,-1.85,-0.10,-0.03,0.29
5.57,8.15,-2.57,-0.19,0.08,0.63
5.57,8.15,-2.57,-0.19,0.08,0.63
5.57,8.15,-2.57,-0.19,0.08,0.63
5.57,8.15,-2.57,-0.19,0.08,0.63
5.57,8.15,-2.57,-0.19,0.08,0.63
5.57,8.15,-2.57,-0.19,0.08,0.63
3.61,7.95,-2.84,-0.14,-0.32,0.30
3.61,7.95,-2.84,-0.14,-0.32,0.30
3.61,7.95,-2.84,-0.14,-0.32,0.30
3.61,7.95,-2.84,-0.14,-0.32,0.30
3.61,7.95,-2.84,-0.14,-0.32,0.30
3.61,7.95,-2.84,-0.14,-0.32,0.30
6.70,7.40,-1.90,0.07,0.31,-0.19
6.70,7.40,-1.90,0.07,0.31,-0.19
6.70,7.40,-1.90,0.07,0.31,-0.19
6.70,7.40,-1.90,0.07,0.31,-0.19
6.70,7.40,-1.90,0.07,0.31,-0.19
5.97,7.67,-1.73,-0.03,-0.24,-0.42
5.97,7.67,-1.73,-0.03,-0.24,-0.42
5.97,7.67,-1.73,-0.03,-0.24,-0.42
5.97,7.67,-1.73,-0.03,-0.24,-0.42
5.97,7.67,-1.73,-0.03,-0.24,-0.42
5.97,7.67,-1.73,-0.03,-0.24,-0.42
6.37,7.83,-1.93,-0.01,-0.12,-0.36
6.37,7.83,-1.93,-0.01,-0.12,-0.36
6.37,7.83,-1.93,-0.01,-0.12,-0.36
6.37,7.83,-1.93,-0.01,-0.12,-0.36
6.37,7.83,-1.93,-0.01,-0.12,-0.36
6.37,7.83,-1.93,-0.01,-0.12,-0.36
6.25,7.71,-2.17,-0.01,0.07,-0.04
6.25,7.71,-2.17,-0.01,0.07,-0.04
6.25,7.71,-2.17,-0.01,0.07,-0.04
6.25,7.71,-2.17,-0.01,0.07,-0.04
6.25,7.71,-2.17,-0.01,0.07,-0.04
5.96,7.53,-2.21,-0.06,0.08,0.15
5.96,7.53,-2.21,-0.06,0.08,0.15
5.96,7.53,-2.21,-0.06,0.08,0.15
5.96,7.53,-2.21,-0.06,0.08,0.15
5.96,7.53,-2.21,-0.06,0.08,0.15
5.96,7.53,-2.21,-0.06,0.08,0.15
5.90,7.66,-2.14,-0.07,0.05,0.09
5.90,7.66,-2.14,-0.07,0.05,0.09
5.90,7.66,-2.14,-0.07,0.05,0.09
5.90,7.66,-2.14,-0.07,0.05,0.09
5.90,7.66,-2.14,-0.07,0.05,0.09
5.90,7.66,-2.14,-0.07,0.05,0.09
5.87,7.72,-2.00,-0.08,0.03,0.07
5.87,7.72,-2.00,-0.08,0.03,0.07
5.87,7.72,-2.00,-0.08,0.03,0.07
5.87,7.72,-2.00,-0.08,0.03,0.07
5.87,7.72,-2.00,-0.08,0.03,0.07
5.84,7.83,-1.97,-0.09,-0.02,0.04
5.84,7.83,-1.97,-0.09,-0.02,0.04
5.84,7.83,-1.97,-0.09,-0.02,0.04
5.84,7.83,-1.97,-0.09,-0.02,0.04
5.84,7.83,-1.97,-0.09,-0.02,0.04
5.84,7.83,-1.97,-0.09,-0.02,0.04
5.97,7.70,-1.95,-0.03,0.00,-0.02
5.97,7.70,-1.95,-0.03,0.00,-0.02
5.97,7.70,-1.95,-0.03,0.00,-0.02
5.97,7.70,-1.95,-0.03,0.00,-0.02
5.97,7.70,-1.95,-0.03,0.00,-0.02
5.97,7.70,-1.95,-0.03,0.00,-0.02
5.98,7.77,-1.93,-0.03,-0.04,-0.04
5.98,7.77,-1.93,-0.03,-0.04,-0.04
5.98,7.77,-1.93,-0.03,-0.04,-0.04
5.98,7.77,-1.93,-0.03,-0.04,-0.04
5.98,7.77,-1.93,-0.03,-0.04,-0.04
6.00,7.76,-1.88,-0.01,-0.03,-0.03
6.00,7.76,-1.88,-0.01,-0.03,-0.03
6.00,7.76,-1.88,-0.01,-0.03,-0.03
6.00,7.76,-1.88,-0.01,-0.03,-0.03
6.00,7.76,-1.88,-0.01,-0.03,-0.03
6.00,7.76,-1.88,-0.01,-0.03,-0.03
5.85,7.76,-1.84,-0.02,-0.01,0.01
5.85,7.76,-1.84,-0.02,-0.01,0.01
5.85,7.76,-1.84,-0.02,-0.01,0.01
5.85,7.76,-1.84,-0.02,-0.01,0.01
5.85,7.76,-1.84,-0.02,-0.01,0.01
5.85,7.76,-1.84,-0.02,-0.01,0.01
5.83,7.76,-1.81,-0.02,0.03,0.01
5.83,7.76,-1.81,-0.02,0.03,0.01
5.83,7.76,-1.81,-0.02,0.03,0.01
5.83,7.76,-1.81,-0.02,0.03,0.01
5.83,7.76,-1.81,-0.02,0.03,0.01
5.82,7.85,-1.85,-0.04,0.02,-0.00
5.82,7.85,-1.85,-0.04,0.02,-0.00
5.82,7.85,-1.85,-0.04,0.02,-0.00
5.82,7.85,-1.85,-0.04,0.02,-0.00
5.82,7.85,-1.85,-0.04,0.02,-0.00
5.82,7.85,-1.85,-0.04,0.02,-0.00
5.87,7.81,-1.84,-0.02,0.04,-0.01
5.87,7.81,-1.84,-0.02,0.04,-0.01
5.87,7.81,-1.84,-0.02,0.04,-0.01
5.87,7.81,-1.84,-0.02,0.04,-0.01
5.87,7.81,-1.84,-0.02,0.04,-0.01
5.87,7.81,-1.84,-0.02,0.04,-0.01
5.93,7.77,-1.87,-0.02,0.00,-0.04
5.93,7.77,-1.87,-0.02,0.00,-0.04
5.93,7.77,-1.87,-0.02,0.00,-0.04
5.93,7.77,-1.87,-0.02,0.00,-0.04
5.93,7.77,-1.87,-0.02,0.00,-0.04
5.93,7.75,-1.89,-0.02,0.00,-0.04
5.93,7.75,-1.89,-0.03,-0.03,-0.03
5.93,7.75,-1.89,-0.03,-0.03,-0.03
5.93,7.75,-1.89,-0.03,-0.03,-0.03
5.93,7.75,-1.89,-0.03,-0.03,-0.03
5.93,7.75,-1.89,-0.03,-0.03,-0.03
5.98,7.79,-1.87,-0.04,-0.05,-0.03
5.98,7.79,-1.87,-0.04,-0.05,-0.03
5.98,7.79,-1.87,-0.04,-0.05,-0.03
5.98,7.79,-1.87,-0.04,-0.05,-0.03
5.98,7.79,-1.87,-0.04,-0.05,-0.03
5.98,7.79,-1.87,-0.04,-0.05,-0.03
5.89,7.79,-1.83,-0.03,-0.03,0.01
5.89,7.79,-1.83,-0.03,-0.03,0.01
5.89,7.79,-1.83,-0.03,-0.03,0.01
5.89,7.79,-1.83,-0.03,-0.03,0.01
5.89,7.79,-1.83,-0.03,-0.03,0.01
5.89,7.79,-1.83,-0.03,-0.03,0.01
5.80,7.77,-1.84,-0.03,-0.01,0.02
5.80,7.77,-1.84,-0.03,-0.01,0.02
5.80,7.77,-1.84,-0.03,-0.01,0.02
5.80,7.77,-1.84,-0.03,-0.01,0.02
5.80,7.77,-1.84,-0.03,-0.01,0.02
5.84,7.84,-1.87,-0.03,-0.01,0.00
5.84,7.84,-1.87,-0.03,-0.01,0.00
5.84,7.84,-1.87,-0.03,-0.01,0.00
5.84,7.84,-1.87,-0.03,-0.01,0.00
5.84,7.84,-1.87,-0.03,-0.01,0.00
5.84,7.84,-1.87,-0.03,-0.01,0.00
5.82,7.88,-1.84,-0.01,-0.01,0.00
5.82,7.88,-1.84,-0.01,-0.01,0.00
5.82,7.88,-1.84,-0.01,-0.01,0.00
5.82,7.88,-1.84,-0.01,-0.01,0.00
5.82,7.88,-1.84,-0.01,-0.01,0.00
5.82,7.88,-1.84,-0.01,-0.01,0.00
5.78,7.86,-1.90,-0.01,-0.02,-0.00
5.78,7.86,-1.90,-0.01,-0.02,-0.00
5.78,7.86,-1.90,-0.01,-0.02,-0.00
5.78,7.86,-1.90,-0.01,-0.02,-0.00
5.78,7.86,-1.90,-0.01,-0.02,-0.00
5.86,7.80,-1.93,-0.02,-0.04,-0.03
5.86,7.80,-1.93,-0.02,-0.04,-0.03
5.86,7.80,-1.93,-0.02,-0.04,-0.03
5.86,7.80,-1.93,-0.02,-0.04,-0.03
5.86,7.80,-1.93,-0.02,-0.04,-0.03
5.86,7.80,-1.93,-0.02,-0.04,-0.03
5.89,7.82,-1.86,-0.01,-0.06,-0.02
5.89,7.82,-1.86,-0.01,-0.06,-0.02
5.89,7.82,-1.86,-0.01,-0.06,-0.02
5.89,7.82,-1.86,-0.01,-0.06,-0.02
5.89,7.82,-1.86,-0.01,-0.06,-0.02
5.89,7.82,-1.86,-0.01,-0.06,-0.02
5.86,7.79,-1.88,-0.02,-0.06,-0.01
5.86,7.79,-1.88,-0.02,-0.06,-0.01
5.86,7.79,-1.88,-0.02,-0.06,-0.01
5.86,7.79,-1.88,-0.02,-0.06,-0.01
5.86,7.79,-1.88,-0.02,-0.06,-0.01
5.77,7.92,-1.97,-0.02,-0.07,-0.00
5.77,7.92,-1.97,-0.02,-0.07,-0.00
5.77,7.92,-1.97,-0.02,-0.07,-0.00
5.77,7.92,-1.97,-0.02,-0.07,-0.00
5.77,7.92,-1.97,-0.02,-0.07,-0.00
5.77,7.92,-1.97,-0.02,-0.07,-0.00
5.67,7.84,-1.98,-0.00,-0.04,0.01
5.67,7.84,-1.98,-0.00,-0.04,0.01
5.67,7.84,-1.98,-0.00,-0.04,0.01
5.67,7.84,-1.98,-0.00,-0.04,0.01
5.67,7.84,-1.98,-0.00,-0.04,0.01
5.67,7.84,-1.98,-0.00,-0.04,0.01
5.72,7.76,-1.88,-0.02,-0.07,-0.02
5.72,7.76,-1.88,-0.02,-0.07,-0.02
5.72,7.76,-1.88,-0.02,-0.07,-0.02
5.72,7.76,-1.88,-0.02,-0.07,-0.02
5.72,7.76,-1.88,-0.02,-0.07,-0.02
5.85,7.87,-1.87,-0.02,-0.07,-0.02
5.85,7.87,-1.87,-0.02,-0.07,-0.02
5.85,7.87,-1.87,-0.02,-0.07,-0.02
5.85,7.87,-1.87,-0.02,-0.07,-0.02
5.85,7.87,-1.87,-0.02,-0.07,-0.02
5.85,7.87,-1.87,-0.02,-0.07,-0.02
5.54,7.89,-1.99,-0.01,-0.02,0.03
5.54,7.89,-1.99,-0.01,-0.02,0.03
5.54,7.89,-1.99,-0.01,-0.02,0.03
5.54,7.89,-1.99,-0.01,-0.02,0.03
5.54,7.89,-1.99,-0.01,-0.02,0.03
5.54,7.89,-1.99,-0.01,-0.02,0.03
5.57,7.86,-1.99,-0.00,0.01,0.00
5.57,7.86,-1.99,-0.00,0.01,0.00
5.57,7.86,-1.99,-0.00,0.01,0.00
5.57,7.86,-1.99,-0.00,0.01,0.00
5.57,7.86,-1.99,-0.00,0.01,0.00
5.57,7.86,-1.97,-0.00,0.01,0.00
5.83,7.86,-1.97,-0.01,0.02,-0.04
5.83,7.86,-1.97,-0.01,0.02,-0.04
5.83,7.86,-1.97,-0.01,0.02,-0.04
5.83,7.86,-1.97,-0.01,0.02,-0.04
5.83,7.86,-1.97,-0.01,0.02,-0.04
5.76,7.91,-2.03,-0.02,0.01,-0.02
5.76,7.91,-2.03,-0.02,0.01,-0.02
5.76,7.91,-2.03,-0.02,0.01,-0.02
5.76,7.91,-2.03,-0.02,0.01,-0.02
5.76,7.91,-2.03,-0.02,0.01,-0.02
5.76,7.91,-2.03,-0.02,0.01,-0.02
5.60,7.91,-2.00,-0.00,0.01,-0.01
5.60,7.91,-2.00,-0.00,0.01,-0.01
5.60,7.91,-2.00,-0.00,0.01,-0.01
5.60,7.91,-2.00,-0.00,0.01,-0.01
5.60,7.91,-2.00,-0.00,0.01,-0.01
5.60,7.91,-2.00,-0.00,0.01,-0.01
5.65,7.89,-1.97,0.00,0.02,-0.03
5.65,7.89,-1.97,0.00,0.02,-0.03
5.65,7.89,-1.97,0.00,0.02,-0.03
5.65,7.89,-1.97,0.00,0.02,-0.03
5.65,7.89,-1.97,0.00,0.02,-0.03
5.67,7.93,-1.94,-0.01,0.01,-0.02
5.67,7.93,-1.94,-0.01,0.01,-0.02
5.67,7.93,-1.94,-0.01,0.01,-0.02
5.67,7.93,-1.94,-0.01,0.01,-0.02
5.67,7.93,-1.94,-0.01,0.01,-0.02
5.67,7.93,-1.94,-0.01,0.01,-0.02
5.68,7.91,-1.95,-0.01,0.01,-0.02
5.68,7.91,-1.95,-0.01,0.01,-0.02
5.68,7.91,-1.95,-0.01,0.01,-0.02
5.68,7.91,-1.95,-0.01,0.01,-0.02
5.68,7.91,-1.95,-0.01,0.01,-0.02
5.68,7.91,-1.95,-0.01,0.01,-0.02
5.67,7.92,-1.99,-0.01,0.01,-0.01
5.67,7.92,-1.99,-0.01,0.01,-0.01
5.67,7.92,-1.99,-0.01,0.01,-0.01
5.67,7.92,-1.99,-0.01,0.01,-0.01
5.67,7.92,-1.99,-0.01,0.01,-0.01
5.63,7.94,-1.96,0.00,0.02,-0.01
5.63,7.94,-1.96,0.00,0.02,-0.01
5.63,7.94,-1.96,0.00,0.02,-0.01
5.63,7.94,-1.96,0.00,0.02,-0.01
5.63,7.94,-1.96,0.00,0.02,-0.01
5.63,7.94,-1.96,0.00,0.02,-0.01
5.62,7.93,-1.94,0.01,0.02,-0.00
5.62,7.93,-1.94,0.01,0.02,-0.00
5.62,7.93,-1.94,0.01,0.02,-0.00
5.62,7.93,-1.94,0.01,0.02,-0.00
5.62,7.93,-1.94,0.01,0.02,-0.00
5.62,7.93,-1.94,0.01,0.02,-0.00
5.64,7.92,-1.94,0.01,0.02,-0.00
5.64,7.92,-1.94,0.01,0.02,-0.00
5.64,7.92,-1.94,0.01,0.02,-0.00
5.64,7.92,-1.94,0.01,0.02,-0.00
5.64,7.92,-1.94,0.01,0.02,-0.00
5.67,7.93,-1.96,-0.01,0.00,-0.01
5.67,7.93,-1.96,-0.01,0.00,-0.01
5.67,7.93,-1.96,-0.01,0.00,-0.01
5.67,7.93,-1.96,-0.01,0.00,-0.01
5.67,7.93,-1.96,-0.01,0.00,-0.01
5.67,7.93,-1.96,-0.01,0.00,-0.01
5.67,7.97,-1.98,0.00,0.01,-0.01
5.67,7.97,-1.98,0.00,0.01,-0.01
5.67,7.97,-1.98,0.00,0.01,-0.01
5.67,7.97,-1.98,0.00,0.01,-0.01
5.67,7.97,-1.98,0.00,0.01,-0.01
5.67,7.97,-1.98,0.00,0.01,-0.01
