6.46,-7.52,0.74,-0.03,0.04,0.01
6.46,-7.52,0.74,-0.03,0.04,0.01
6.46,-7.52,0.74,-0.03,0.04,0.01
6.46,-7.52,0.74,-0.03,0.04,0.01
6.46,-7.52,0.74,-0.03,0.04,0.01
6.46,-7.52,0.74,-0.03,0.04,0.01
6.18,-7.62,0.72,-0.06,-0.01,0.01
6.18,-7.62,0.72,-0.06,-0.01,0.01
6.18,-7.62,0.72,-0.06,-0.01,0.01
6.18,-7.62,0.72,-0.06,-0.01,0.01
6.18,-7.62,0.72,-0.06,-0.01,0.01
6.18,-7.62,0.72,-0.06,-0.01,0.01
5.94,-7.41,0.75,-0.14,0.11,-0.02
5.94,-7.41,0.75,-0.14,0.11,-0.02
5.94,-7.41,0.75,-0.14,0.11,-0.02
5.94,-7.41,0.75,-0.14,0.11,-0.02
5.94,-7.41,0.75,-0.14,0.11,-0.02
6.59,-7.31,0.85,-0.16,0.29,-0.02
6.59,-7.31,0.85,-0.16,0.29,-0.02
6.59,-7.31,0.85,-0.16,0.29,-0.02
6.59,-7.31,0.85,-0.16,0.29,-0.02
6.59,-7.31,0.85,-0.16,0.29,-0.02
6.59,-7.31,0.85,-0.16,0.29,-0.02
6.95,-6.90,0.80,-0.10,0.19,-0.01
6.95,-6.90,0.80,-0.10,0.19,-0.01
6.95,-6.90,0.80,-0.10,0.19,-0.01
6.95,-6.90,0.80,-0.10,0.19,-0.01
6.95,-6.90,0.80,-0.10,0.19,-0.01
6.95,-6.90,0.80,-0.10,0.19,-0.01
6.75,-7.24,0.86,0.12,-0.13,0.02
6.75,-7.24,0.86,0.12,-0.13,0.02
6.75,-7.24,0.86,0.12,-0.13,0.02
6.75,-7.24,0.86,0.12,-0.13,0.02
6.75,-7.24,0.86,0.12,-0.13,0.02
6.09,-7.67,0.84,0.17,-0.25,-0.03
6.09,-7.67,0.84,0.17,-0.25,-0.03
6.09,-7.67,0.84,0.17,-0.25,-0.03
6.09,-7.67,0.84,0.17,-0.25,-0.03
6.09,-7.67,0.84,0.17,-0.25,-0.03
6.09,-7.67,0.84,0.17,-0.25,-0.03
5.61,-7.82,0.90,0.04,-0.08,-0.08
5.61,-7.82,0.90,0.04,-0.08,-0.08
5.61,-7.82,0.90,0.04,-0.08,-0.08
5.61,-7.82,0.90,0.04,-0.08,-0.08
5.61,-7.82,0.90,0.04,-0.08,-0.08
5.61,-7.82,0.90,0.04,-0.08,-0.08
6.32,-7.86,0.59,-0.10,0.18,-0.04
6.32,-7.86,0.59,-0.10,0.18,-0.04
6.32,-7.86,0.59,-0.10,0.18,-0.04
6.32,-7.86,0.59,-0.10,0.18,-0.04
6.32,-7.86,0.59,-0.10,0.18,-0.04
6.13,-7.42,0.73,-0.19,0.21,-0.05
6.13,-7.42,0.73,-0.19,0.21,-0.05
6.13,-7.42,0.73,-0.19,0.21,-0.05
6.13,-7.42,0.73,-0.19,0.21,-0.05
6.13,-7.42,0.73,-0.19,0.21,-0.05
6.13,-7.42,0.73,-0.19,0.21,-0.05
6.56,-7.70,0.85,-0.17,0.22,0.06
6.56,-7.70,0.85,-0.17,0.22,0.06
6.56,-7.70,0.85,-0.17,0.22,0.06
6.56,-7.70,0.85,-0.17,0.22,0.06
6.56,-7.70,0.85,-0.17,0.22,0.06
6.56,-7.70,0.85,-0.17,0.22,0.06
6.36,-7.59,0.62,-0.17,0.21,0.02
6.36,-7.59,0.62,-0.17,0.21,0.02
6.36,-7.59,0.62,-0.17,0.21,0.02
6.36,-7.59,0.62,-0.17,0.21,0.02
6.36,-7.59,0.62,-0.17,0.21,0.02
5.94,-7.49,0.69,-0.17,0.28,0.05
5.94,-7.49,0.69,-0.22,0.28,0.05
5.94,-7.49,0.69,-0.22,0.28,0.05
5.94,-7.49,0.69,-0.22,0.28,0.05
5.94,-7.49,0.69,-0.22,0.28,0.05
5.94,-7.49,0.69,-0.22,0.28,0.05
6.61,-7.47,0.63,-0.14,0.32,0.25
6.61,-7.47,0.63,-0.14,0.32,0.25
6.61,-7.47,0.63,-0.14,0.32,0.25
6.61,-7.47,0.63,-0.14,0.32,0.25
6.61,-7.47,0.63,-0.14,0.32,0.25
6.61,-7.47,0.63,-0.14,0.32,0.25
6.68,-7.21,0.52,0.04,0.02,0.35
6.68,-7.21,0.52,0.04,0.02,0.35
6.68,-7.21,0.52,0.04,0.02,0.35
6.68,-7.21,0.52,0.04,0.02,0.35
6.68,-7.21,0.52,0.04,0.02,0.35
6.68,-7.21,0.52,0.04,0.02,0.35
5.99,-7.82,0.76,0.03,-0.11,0.18
5.99,-7.82,0.76,0.03,-0.11,0.18
5.99,-7.82,0.76,0.03,-0.11,0.18
5.99,-7.82,0.76,0.03,-0.11,0.18
5.99,-7.82,0.76,0.03,-0.11,0.18
5.48,-7.72,0.74,-0.06,-0.01,0.06
5.48,-7.72,0.74,-0.06,-0.01,0.06
5.48,-7.72,0.74,-0.06,-0.01,0.06
5.48,-7.72,0.74,-0.06,-0.01,0.06
5.48,-7.72,0.74,-0.06,-0.01,0.06
5.48,-7.72,0.74,-0.06,-0.01,0.06
5.85,-7.95,0.47,0.13,-0.19,0.17
5.85,-7.95,0.47,0.13,-0.19,0.17
5.85,-7.95,0.47,0.13,-0.19,0.17
5.85,-7.95,0.47,0.13,-0.19,0.17
5.85,-7.95,0.47,0.13,-0.19,0.17
5.85,-7.95,0.47,0.13,-0.19,0.17
5.20,-8.54,0.86,0.20,-0.36,0.12
5.20,-8.54,0.86,0.20,-0.36,0.12
5.20,-8.54,0.86,0.20,-0.36,0.12
5.20,-8.54,0.86,0.20,-0.36,0.12
5.20,-8.54,0.86,0.20,-0.36,0.12
4.66,-8.04,0.90,0.15,-0.29,-0.02
4.66,-8.04,0.90,0.15,-0.29,-0.02
4.66,-8.04,0.90,0.15,-0.29,-0.02
4.66,-8.04,0.90,0.15,-0.29,-0.02
4.66,-8.04,0.90,0.15,-0.29,-0.02
4.66,-8.04,0.90,0.15,-0.29,-0.02
5.03,-8.15,0.56,0.14,-0.24,-0.03
5.03,-8.15,0.56,0.14,-0.24,-0.03
5.03,-8.15,0.56,0.14,-0.24,-0.03
5.03,-8.15,0.56,0.14,-0.24,-0.03
5.03,-8.15,0.56,0.14,-0.24,-0.03
5.03,-8.15,0.56,0.14,-0.24,-0.03
5.14,-8.28,0.89,0.10,-0.37,-0.06
5.14,-8.28,0.89,0.10,-0.37,-0.06
5.14,-8.28,0.89,0.10,-0.37,-0.06
5.14,-8.28,0.89,0.10,-0.37,-0.06
5.14,-8.28,0.89,0.10,-0.37,-0.06
5.44,-9.31,1.30,0.05,-0.40,-0.04
5.44,-9.31,1.30,0.05,-0.40,-0.04
5.44,-9.31,1.30,0.05,-0.40,-0.04
5.44,-9.31,1.30,0.05,-0.40,-0.04
5.44,-9.31,1.30,0.05,-0.40,-0.04
5.44,-9.31,1.30,0.05,-0.40,-0.04
4.97,-9.20,1.23,-0.15,-0.08,-0.16
4.97,-9.20,1.23,-0.15,-0.08,-0.16
4.97,-9.20,1.23,-0.15,-0.08,-0.16
4.97,-9.20,1.23,-0.15,-0.08,-0.16
4.97,-9.20,1.23,-0.15,-0.08,-0.16
4.97,-9.20,1.23,-0.15,-0.08,-0.16
5.08,-8.33,1.07,-0.49,0.40,-0.11
5.08,-8.33,1.07,-0.49,0.40,-0.11
5.08,-8.33,1.07,-0.49,0.40,-0.11
5.08,-8.33,1.07,-0.49,0.40,-0.11
5.08,-8.33,1.07,-0.49,0.40,-0.11
5.71,-7.68,1.22,-0.49,0.76,-0.04
5.71,-7.68,1.22,-0.85,0.76,-0.04
5.71,-7.68,1.22,-0.85,0.76,-0.04
5.71,-7.68,1.22,-0.85,0.76,-0.04
5.71,-7.68,1.22,-0.85,0.76,-0.04
5.71,-7.68,1.22,-0.85,0.76,-0.04
5.89,-7.13,1.25,-1.04,0.95,-0.01
5.89,-7.13,1.25,-1.04,0.95,-0.01
5.89,-7.13,1.25,-1.04,0.95,-0.01
5.89,-7.13,1.25,-1.04,0.95,-0.01
5.89,-7.13,1.25,-1.04,0.95,-0.01
5.89,-7.13,1.25,-1.04,0.95,-0.01
6.74,-7.51,1.38,-1.11,1.11,0.04
6.74,-7.51,1.38,-1.11,1.11,0.04
6.74,-7.51,1.38,-1.11,1.11,0.04
6.74,-7.51,1.38,-1.11,1.11,0.04
6.74,-7.51,1.38,-1.11,1.11,0.04
6.74,-7.51,0.97,-1.11,1.11,0.04
6.89,-7.28,0.97,-1.10,1.26,-0.09
6.89,-7.28,0.97,-1.10,1.26,-0.09
6.89,-7.28,0.97,-1.10,1.26,-0.09
6.89,-7.28,0.97,-1.10,1.26,-0.09
6.89,-7.28,0.97,-1.10,1.26,-0.09
7.88,-7.46,0.64,-0.88,1.50,-0.35
7.88,-7.46,0.64,-0.88,1.50,-0.35
7.88,-7.46,0.64,-0.88,1.50,-0.35
7.88,-7.46,0.64,-0.88,1.50,-0.35
7.88,-7.46,0.64,-0.88,1.50,-0.35
7.88,-7.46,0.64,-0.88,1.50,-0.35
7.45,-6.53,-0.56,-0.75,1.59,-0.73
7.45,-6.53,-0.56,-0.75,1.59,-0.73
7.45,-6.53,-0.56,-0.75,1.59,-0.73
7.45,-6.53,-0.56,-0.75,1.59,-0.73
7.45,-6.53,-0.56,-0.75,1.59,-0.73
7.45,-6.53,-0.56,-0.75,1.59,-0.73
7.15,-6.61,-0.80,-0.63,1.33,-1.05
7.15,-6.61,-0.80,-0.63,1.33,-1.05
7.15,-6.61,-0.80,-0.63,1.33,-1.05
7.15,-6.61,-0.80,-0.63,1.33,-1.05
7.15,-6.61,-0.80,-0.63,1.33,-1.05
7.11,-6.27,-0.38,-0.78,1.23,-0.76
7.11,-6.27,-0.38,-0.78,1.23,-0.76
7.11,-6.27,-0.38,-0.78,1.23,-0.76
7.11,-6.27,-0.38,-0.78,1.23,-0.76
7.11,-6.27,-0.38,-0.78,1.23,-0.76
7.11,-6.27,-0.38,-0.78,1.23,-0.76
9.43,-5.65,1.03,-1.11,2.21,-1.26
9.43,-5.65,1.03,-1.11,2.21,-1.26
9.43,-5.65,1.03,-1.11,2.21,-1.26
9.43,-5.65,1.03,-1.11,2.21,-1.26
9.43,-5.65,1.03,-1.11,2.21,-1.26
9.43,-5.65,1.03,-1.11,2.21,-1.26
8.34,-3.50,2.22,-0.92,1.72,-1.56
8.34,-3.50,2.22,-0.92,1.72,-1.56
8.34,-3.50,2.22,-0.92,1.72,-1.56
8.34,-3.50,2.22,-0.92,1.72,-1.56
8.34,-3.50,2.22,-0.92,1.72,-1.56
7.08,-2.85,3.19,-0.77,1.32,-1.24
7.08,-2.85,3.19,-0.77,1.32,-1.24
7.08,-2.85,3.19,-0.77,1.32,-1.24
7.08,-2.85,3.19,-0.77,1.32,-1.24
7.08,-2.85,3.19,-0.77,1.32,-1.24
7.08,-2.85,3.19,-0.77,1.32,-1.24
9.09,-4.70,2.16,-0.71,1.21,-0.90
9.09,-4.70,2.16,-0.71,1.21,-0.90
9.09,-4.70,2.16,-0.71,1.21,-0.90
9.09,-4.70,2.16,-0.71,1.21,-0.90
9.09,-4.70,2.16,-0.71,1.21,-0.90
9.09,-4.70,2.16,-0.71,1.21,-0.90
6.18,-0.96,4.06,-2.08,0.34,-0.09
6.18,-0.96,4.06,-2.08,0.34,-0.09
6.18,-0.96,4.06,-2.08,0.34,-0.09
6.18,-0.96,4.06,-2.08,0.34,-0.09
6.18,-0.96,4.06,-2.08,0.34,-0.09
8.26,-3.62,4.35,-0.80,1.66,-0.31
8.26,-3.62,4.35,-0.80,1.66,-0.31
8.26,-3.62,4.35,-0.80,1.66,-0.31
8.26,-3.62,4.35,-0.80,1.66,-0.31
8.26,-3.62,4.35,-0.80,1.66,-0.31
8.26,-3.62,4.35,-0.80,1.66,-0.31
9.56,-4.37,5.97,-0.76,1.33,-0.51
9.56,-4.37,5.97,-0.76,1.33,-0.51
9.56,-4.37,5.97,-0.76,1.33,-0.51
9.56,-4.37,5.97,-0.76,1.33,-0.51
9.56,-4.37,5.97,-0.76,1.33,-0.51
9.56,-4.37,5.97,-0.76,1.33,-0.51
9.17,-3.45,5.58,-0.36,0.84,-0.47
9.17,-3.45,5.58,-0.36,0.84,-0.47
9.17,-3.45,5.58,-0.36,0.84,-0.47
9.17,-3.45,5.58,-0.36,0.84,-0.47
9.17,-3.45,5.58,-0.36,0.84,-0.47
7.92,-4.00,4.26,-0.22,0.52,-0.60
7.92,-4.00,4.26,-0.22,0.52,-0.60
7.92,-4.00,4.26,-0.22,0.52,-0.60
7.92,-4.00,4.26,-0.22,0.52,-0.60
7.92,-4.00,4.26,-0.22,0.52,-0.60
7.92,-4.00,4.26,-0.22,0.52,-0.60
5.75,-3.43,6.00,-0.54,0.81,-0.78
5.75,-3.43,6.00,-0.54,0.81,-0.78
5.75,-3.43,6.00,-0.54,0.81,-0.78
5.75,-3.43,6.00,-0.54,0.81,-0.78
5.75,-3.43,6.00,-0.54,0.81,-0.78
5.75,-3.43,6.00,-0.54,0.81,-0.78
11.04,-1.92,5.41,-0.58,0.87,-0.40
11.04,-1.92,5.41,-0.58,0.87,-0.40
11.04,-1.92,5.41,-0.58,0.87,-0.40
11.04,-1.92,5.41,-0.58,0.87,-0.40
11.04,-1.92,5.41,-0.58,0.87,-0.40
3.76,-2.84,5.41,-0.58,0.87,-0.40
3.76,-2.84,5.41,-0.81,-2.62,0.38
3.76,-2.84,5.41,-0.81,-2.62,0.38
3.76,-2.84,5.41,-0.81,-2.62,0.38
3.76,-2.84,5.41,-0.81,-2.62,0.38
3.76,-2.84,5.41,-0.81,-2.62,0.38
7.81,-4.41,3.05,-0.54,-2.41,1.37
7.81,-4.41,3.05,-0.54,-2.41,1.37
7.81,-4.41,3.05,-0.54,-2.41,1.37
7.81,-4.41,3.05,-0.54,-2.41,1.37
7.81,-4.41,3.05,-0.54,-2.41,1.37
7.81,-4.41,3.05,-0.54,-2.41,1.37
6.11,-6.06,1.95,-0.08,-2.97,2.50
6.11,-6.06,1.95,-0.08,-2.97,2.50
6.11,-6.06,1.95,-0.08,-2.97,2.50
6.11,-6.06,1.95,-0.08,-2.97,2.50
6.11,-6.06,1.95,-0.08,-2.97,2.50
6.11,-6.06,1.95,-0.08,-2.97,2.50
8.47,-8.16,1.22,0.07,-0.93,2.24
8.47,-8.16,1.22,0.07,-0.93,2.24
8.47,-8.16,1.22,0.07,-0.93,2.24
8.47,-8.16,1.22,0.07,-0.93,2.24
8.47,-8.16,1.22,0.07,-0.93,2.24
8.14,-9.70,0.36,-0.09,0.05,1.24
8.14,-9.70,0.36,-0.09,0.05,1.24
8.14,-9.70,0.36,-0.09,0.05,1.24
8.14,-9.70,0.36,-0.09,0.05,1.24
8.14,-9.70,0.36,-0.09,0.05,1.24
8.14,-9.70,0.36,-0.09,0.05,1.24
8.53,-8.25,-1.09,-0.54,1.29,0.04
8.53,-8.25,-1.09,-0.54,1.29,0.04
8.53,-8.25,-1.09,-0.54,1.29,0.04
8.53,-8.25,-1.09,-0.54,1.29,0.04
8.53,-8.25,-1.09,-0.54,1.29,0.04
8.53,-8.25,-1.09,-0.54,1.29,0.04
9.20,-5.54,-1.52,-0.76,1.47,-0.82
9.20,-5.54,-1.52,-0.76,1.47,-0.82
9.20,-5.54,-1.52,-0.76,1.47,-0.82
9.20,-5.54,-1.52,-0.76,1.47,-0.82
9.20,-5.54,-1.52,-0.76,1.47,-0.82
7.70,-7.65,-0.34,-0.19,0.11,-1.61
7.70,-7.65,-0.34,-0.19,0.11,-1.61
7.70,-7.65,-0.34,-0.19,0.11,-1.61
7.70,-7.65,-0.34,-0.19,0.11,-1.61
7.70,-7.65,-0.34,-0.19,0.11,-1.61
7.70,-7.65,-0.34,-0.19,0.11,-1.61
7.28,-6.21,-0.61,-0.29,0.89,-2.25
7.28,-6.21,-0.61,-0.29,0.89,-2.25
7.28,-6.21,-0.61,-0.29,0.89,-2.25
7.28,-6.21,-0.61,-0.29,0.89,-2.25
7.28,-6.21,-0.61,-0.29,0.89,-2.25
7.28,-6.21,-0.61,-0.29,0.89,-2.25
9.51,-4.91,0.37,0.82,1.53,-2.53
9.51,-4.91,0.37,0.82,1.53,-2.53
9.51,-4.91,0.37,0.82,1.53,-2.53
9.51,-4.91,0.37,0.82,1.53,-2.53
9.51,-4.91,0.37,0.82,1.53,-2.53
10.19,-1.86,1.61,1.82,-1.72,-0.69
10.19,-1.86,1.61,1.82,-1.72,-0.69
10.19,-1.86,1.61,1.82,-1.72,-0.69
10.19,-1.86,1.61,1.82,-1.72,-0.69
10.19,-1.86,1.61,1.82,-1.72,-0.69
10.19,-1.86,1.61,1.82,-1.72,-0.69
2.58,-2.31,1.65,2.40,-4.69,1.10
2.58,-2.31,1.65,2.40,-4.69,1.10
2.58,-2.31,1.65,2.40,-4.69,1.10
2.58,-2.31,1.65,2.40,-4.69,1.10
2.58,-2.31,1.65,2.40,-4.69,1.10
2.58,-2.31,1.65,2.40,-4.69,1.10
0.23,-5.78,-2.22,2.09,-4.17,1.75
0.23,-5.78,-2.22,2.09,-4.17,1.75
0.23,-5.78,-2.22,2.09,-4.17,1.75
0.23,-5.78,-2.22,2.09,-4.17,1.75
0.23,-5.78,-2.22,2.09,-4.17,1.75
6.67,-10.22,-3.38,1.64,-0.23,1.90
6.67,-10.22,-3.38,1.64,-0.23,1.90
6.67,-10.22,-3.38,1.64,-0.23,1.90
6.67,-10.22,-3.38,1.64,-0.23,1.90
6.67,-10.22,-3.38,1.64,-0.23,1.90
6.67,-10.22,-3.38,1.64,-0.23,1.90
5.42,-10.54,-1.20,0.69,1.96,1.90
5.42,-10.54,-1.20,0.69,1.96,1.90
5.42,-10.54,-1.20,0.69,1.96,1.90
5.42,-10.54,-1.20,0.69,1.96,1.90
5.42,-10.54,-1.20,0.69,1.96,1.90
5.42,-10.54,-1.20,0.69,1.96,1.90
9.92,-9.11,0.39,-0.02,4.16,0.76
9.92,-9.11,0.39,-0.02,4.16,0.76
9.92,-9.11,0.39,-0.02,4.16,0.76
9.92,-9.11,0.39,-0.02,4.16,0.76
9.92,-9.11,0.39,-0.02,4.16,0.76
6.53,-6.50,-0.76,-0.02,4.16,0.48
6.53,-6.50,-0.76,0.12,1.13,0.48
6.53,-6.50,-0.76,0.12,1.13,0.48
6.53,-6.50,-0.76,0.12,1.13,0.48
6.53,-6.50,-0.76,0.12,1.13,0.48
6.53,-6.50,-0.76,0.12,1.13,0.48
5.25,-7.70,-1.38,0.28,-0.48,0.42
5.25,-7.70,-1.38,0.28,-0.48,0.42
5.25,-7.70,-1.38,0.28,-0.48,0.42
5.25,-7.70,-1.38,0.28,-0.48,0.42
5.25,-7.70,-1.38,0.28,-0.48,0.42
5.25,-7.70,-1.38,0.28,-0.48,0.42
6.39,-8.36,-1.17,-0.14,-0.04,-0.07
6.39,-8.36,-1.17,-0.14,-0.04,-0.07
6.39,-8.36,-1.17,-0.14,-0.04,-0.07
6.39,-8.36,-1.17,-0.14,-0.04,-0.07
6.39,-8.36,-1.17,-0.14,-0.04,-0.07
6.39,-8.36,-1.17,-0.14,-0.04,-0.07
5.62,-8.80,-1.17,-0.21,-0.28,-0.40
5.62,-8.80,-1.17,-0.21,-0.28,-0.40
5.62,-8.80,-1.17,-0.21,-0.28,-0.40
5.62,-8.80,-1.17,-0.21,-0.28,-0.40
5.62,-8.80,-1.17,-0.21,-0.28,-0.40
5.29,-9.70,-0.96,-0.19,-0.36,-0.31
5.29,-9.70,-0.96,-0.19,-0.36,-0.31
5.29,-9.70,-0.96,-0.19,-0.36,-0.31
5.29,-9.70,-0.96,-0.19,-0.36,-0.31
5.29,-9.70,-0.96,-0.19,-0.36,-0.31
5.29,-9.70,-0.96,-0.19,-0.36,-0.31
4.16,-10.17,-0.88,-0.23,-0.28,0.06
4.16,-10.17,-0.88,-0.23,-0.28,0.06
4.16,-10.17,-0.88,-0.23,-0.28,0.06
4.16,-10.17,-0.88,-0.23,-0.28,0.06
4.16,-10.17,-0.88,-0.23,-0.28,0.06
4.16,-10.17,-0.88,-0.23,-0.28,0.06
4.04,-9.09,-1.05,-0.31,0.05,0.21
4.04,-9.09,-1.05,-0.31,0.05,0.21
4.04,-9.09,-1.05,-0.31,0.05,0.21
4.04,-9.09,-1.05,-0.31,0.05,0.21
4.04,-9.09,-1.05,-0.31,0.05,0.21
2.34,-9.50,-0.04,-0.40,0.12,0.02
2.34,-9.50,-0.04,-0.40,0.12,0.02
2.34,-9.50,-0.04,-0.40,0.12,0.02
2.34,-9.50,-0.04,-0.40,0.12,0.02
2.34,-9.50,-0.04,-0.40,0.12,0.02
2.34,-9.50,-0.04,-0.40,0.12,0.02
3.08,-6.85,-0.40,-0.55,0.81,-0.04
3.08,-6.85,-0.40,-0.55,0.81,-0.04
3.08,-6.85,-0.40,-0.55,0.81,-0.04
3.08,-6.85,-0.40,-0.55,0.81,-0.04
3.08,-6.85,-0.40,-0.55,0.81,-0.04
3.08,-6.85,-0.40,-0.55,0.81,-0.04
4.08,-5.84,-0.59,-0.18,0.66,0.19
4.08,-5.84,-0.59,-0.18,0.66,0.19
4.08,-5.84,-0.59,-0.18,0.66,0.19
4.08,-5.84,-0.59,-0.18,0.66,0.19
4.08,-5.84,-0.59,-0.18,0.66,0.19
5.53,-7.07,-1.20,0.17,0.59,0.25
5.53,-7.07,-1.20,0.17,0.59,0.25
5.53,-7.07,-1.20,0.17,0.59,0.25
5.53,-7.07,-1.20,0.17,0.59,0.25
5.53,-7.07,-1.20,0.17,0.59,0.25
5.53,-7.07,-1.20,0.17,0.59,0.25
6.39,-7.14,-1.75,0.19,0.78,0.11
6.39,-7.14,-1.75,0.19,0.78,0.11
6.39,-7.14,-1.75,0.19,0.78,0.11
6.39,-7.14,-1.75,0.19,0.78,0.11
6.39,-7.14,-1.75,0.19,0.78,0.11
6.39,-7.14,-1.75,0.19,0.78,0.11
7.13,-8.52,-1.95,0.30,0.54,0.02
7.13,-8.52,-1.95,0.30,0.54,0.02
7.13,-8.52,-1.95,0.30,0.54,0.02
7.13,-8.52,-1.95,0.30,0.54,0.02
7.13,-8.52,-1.95,0.30,0.54,0.02
7.55,-10.41,-1.48,0.29,0.34,-0.11
7.55,-10.41,-1.48,0.29,0.34,-0.11
7.55,-10.41,-1.48,0.29,0.34,-0.11
7.55,-10.41,-1.48,0.29,0.34,-0.11
7.55,-10.41,-1.48,0.29,0.34,-0.11
7.55,-10.41,-1.48,0.29,0.34,-0.11
5.95,-9.95,-0.33,0.16,-0.05,-0.23
5.95,-9.95,-0.33,0.16,-0.05,-0.23
5.95,-9.95,-0.33,0.16,-0.05,-0.23
5.95,-9.95,-0.33,0.16,-0.05,-0.23
5.95,-9.95,-0.33,0.16,-0.05,-0.23
5.95,-9.95,-0.33,0.16,-0.05,-0.23
6.33,-9.03,0.31,0.34,-0.65,-0.43
6.33,-9.03,0.31,0.34,-0.65,-0.43
6.33,-9.03,0.31,0.34,-0.65,-0.43
6.33,-9.03,0.31,0.34,-0.65,-0.43
6.33,-9.03,0.31,0.34,-0.65,-0.43
4.71,-7.72,0.34,0.34,-1.49,-0.45
4.71,-7.72,0.34,0.40,-1.49,-0.45
4.71,-7.72,0.34,0.40,-1.49,-0.45
4.71,-7.72,0.34,0.40,-1.49,-0.45
4.71,-7.72,0.34,0.40,-1.49,-0.45
4.71,-7.72,0.34,0.40,-1.49,-0.45
4.94,-7.12,0.17,-0.00,-0.97,-0.78
4.94,-7.12,0.17,-0.00,-0.97,-0.78
4.94,-7.12,0.17,-0.00,-0.97,-0.78
4.94,-7.12,0.17,-0.00,-0.97,-0.78
4.94,-7.12,0.17,-0.00,-0.97,-0.78
4.94,-7.12,0.17,-0.00,-0.97,-0.78
4.84,-7.37,-0.16,-0.20,-0.72,-0.73
4.84,-7.37,-0.16,-0.20,-0.72,-0.73
4.84,-7.37,-0.16,-0.20,-0.72,-0.73
4.84,-7.37,-0.16,-0.20,-0.72,-0.73
4.84,-7.37,-0.16,-0.20,-0.72,-0.73
4.84,-8.18,-0.29,-0.20,-0.72,-0.73
4.82,-8.18,-0.29,-0.25,-0.49,-0.31
4.82,-8.18,-0.29,-0.25,-0.49,-0.31
4.82,-8.18,-0.29,-0.25,-0.49,-0.31
4.82,-8.18,-0.29,-0.25,-0.49,-0.31
4.82,-8.18,-0.29,-0.25,-0.49,-0.31
4.48,-8.79,-0.70,-0.21,-0.20,0.35
4.48,-8.79,-0.70,-0.21,-0.20,0.35
4.48,-8.79,-0.70,-0.21,-0.20,0.35
4.48,-8.79,-0.70,-0.21,-0.20,0.35
4.48,-8.79,-0.70,-0.21,-0.20,0.35
4.48,-8.79,-0.70,-0.21,-0.20,0.35
4.53,-10.37,-0.43,-0.19,0.23,0.89
4.53,-10.37,-0.43,-0.19,0.23,0.89
4.53,-10.37,-0.43,-0.19,0.23,0.89
4.53,-10.37,-0.43,-0.19,0.23,0.89
4.53,-10.37,-0.43,-0.19,0.23,0.89
4.53,-10.37,-0.43,-0.19,0.23,0.89
5.48,-9.21,-1.26,-0.23,0.74,0.93
5.48,-9.21,-1.26,-0.23,0.74,0.93
5.48,-9.21,-1.26,-0.23,0.74,0.93
5.48,-9.21,-1.26,-0.23,0.74,0.93
5.48,-9.21,-1.26,-0.23,0.74,0.93
4.50,-7.62,-1.30,-0.17,0.62,0.44
4.50,-7.62,-1.30,-0.17,0.62,0.44
4.50,-7.62,-1.30,-0.17,0.62,0.44
4.50,-7.62,-1.30,-0.17,0.62,0.44
4.50,-7.62,-1.30,-0.17,0.62,0.44
4.50,-7.62,-1.30,-0.17,0.62,0.44
5.08,-5.29,-1.65,-0.29,0.97,0.12
5.08,-5.29,-1.65,-0.29,0.97,0.12
5.08,-5.29,-1.65,-0.29,0.97,0.12
5.08,-5.29,-1.65,-0.29,0.97,0.12
5.08,-5.29,-1.65,-0.29,0.97,0.12
5.08,-5.29,-1.65,-0.29,0.97,0.12
6.30,-6.38,-2.05,-0.02,0.62,0.19
6.30,-6.38,-2.05,-0.02,0.62,0.19
6.30,-6.38,-2.05,-0.02,0.62,0.19
6.30,-6.38,-2.05,-0.02,0.62,0.19
6.30,-6.38,-2.05,-0.02,0.62,0.19
6.39,-6.73,-2.38,0.12,0.32,0.05
6.39,-6.73,-2.38,0.12,0.32,0.05
6.39,-6.73,-2.38,0.12,0.32,0.05
6.39,-6.73,-2.38,0.12,0.32,0.05
6.39,-6.73,-2.38,0.12,0.32,0.05
6.39,-6.73,-2.38,0.12,0.32,0.05
6.53,-8.24,-2.17,0.20,0.28,-0.28
6.53,-8.24,-2.17,0.20,0.28,-0.28
6.53,-8.24,-2.17,0.20,0.28,-0.28
6.53,-8.24,-2.17,0.20,0.28,-0.28
6.53,-8.24,-2.17,0.20,0.28,-0.28
6.53,-8.24,-2.17,0.20,0.28,-0.28
7.30,-9.29,-1.85,0.12,0.31,-0.35
7.30,-9.29,-1.85,0.12,0.31,-0.35
7.30,-9.29,-1.85,0.12,0.31,-0.35
7.30,-9.29,-1.85,0.12,0.31,-0.35
7.30,-9.29,-1.85,0.12,0.31,-0.35
6.96,-10.20,-1.02,0.07,-0.05,-0.23
6.96,-10.20,-1.02,0.07,-0.05,-0.23
6.96,-10.20,-1.02,0.07,-0.05,-0.23
6.96,-10.20,-1.02,0.07,-0.05,-0.23
6.96,-10.20,-1.02,0.07,-0.05,-0.23
6.96,-10.20,-1.02,0.07,-0.05,-0.23
6.14,-9.46,-0.31,-0.01,-0.30,-0.69
6.14,-9.46,-0.31,-0.01,-0.30,-0.69
6.14,-9.46,-0.31,-0.01,-0.30,-0.69
6.14,-9.46,-0.31,-0.01,-0.30,-0.69
6.14,-9.46,-0.31,-0.01,-0.30,-0.69
6.14,-9.46,-0.31,-0.01,-0.30,-0.69
4.40,-8.04,-0.15,0.09,-0.75,-0.59
4.40,-8.04,-0.15,0.09,-0.75,-0.59
4.40,-8.04,-0.15,0.09,-0.75,-0.59
4.40,-8.04,-0.15,0.09,-0.75,-0.59
4.40,-8.04,-0.15,0.09,-0.75,-0.59
3.96,-6.42,-0.31,-0.19,-0.29,-0.70
3.96,-6.42,-0.31,-0.19,-0.29,-0.70
3.96,-6.42,-0.31,-0.19,-0.29,-0.70
3.96,-6.42,-0.31,-0.19,-0.29,-0.70
3.96,-6.42,-0.31,-0.19,-0.29,-0.70
3.96,-6.42,-0.31,-0.19,-0.29,-0.70
4.14,-7.05,-0.46,-0.24,-0.23,-0.50
4.14,-7.05,-0.46,-0.24,-0.23,-0.50
4.14,-7.05,-0.46,-0.24,-0.23,-0.50
4.14,-7.05,-0.46,-0.24,-0.23,-0.50
4.14,-7.05,-0.46,-0.24,-0.23,-0.50
4.14,-7.05,-0.46,-0.24,-0.23,-0.50
4.85,-7.78,-0.58,-0.34,0.07,0.17
4.85,-7.78,-0.58,-0.34,0.07,0.17
4.85,-7.78,-0.58,-0.34,0.07,0.17
4.85,-7.78,-0.58,-0.34,0.07,0.17
4.85,-7.78,-0.58,-0.34,0.07,0.17
5.48,-8.11,-0.73,-0.34,0.42,0.79
5.48,-8.11,-0.73,-0.34,0.42,0.79
5.48,-8.11,-0.73,-0.34,0.42,0.79
5.48,-8.11,-0.73,-0.34,0.42,0.79
5.48,-8.11,-0.73,-0.34,0.42,0.79
5.48,-8.11,-0.73,-0.34,0.42,0.79
6.42,-10.33,-0.50,-0.17,0.50,1.24
6.42,-10.33,-0.50,-0.17,0.50,1.24
6.42,-10.33,-0.50,-0.17,0.50,1.24
6.42,-10.33,-0.50,-0.17,0.50,1.24
6.42,-10.33,-0.50,-0.17,0.50,1.24
6.42,-10.33,-0.50,-0.17,0.50,1.24
6.27,-9.46,-1.41,-0.35,0.86,1.18
6.27,-9.46,-1.41,-0.35,0.86,1.18
6.27,-9.46,-1.41,-0.35,0.86,1.18
6.27,-9.46,-1.41,-0.35,0.86,1.18
6.27,-9.46,-1.41,-0.35,0.86,1.18
6.27,-9.46,-1.41,-0.35,0.86,1.18
4.79,-9.18,-1.17,-0.68,1.24,0.29
4.79,-9.18,-1.17,-0.68,1.24,0.29
4.79,-9.18,-1.17,-0.68,1.24,0.29
4.79,-9.18,-1.17,-0.68,1.24,0.29
4.79,-9.18,-1.17,-0.68,1.24,0.29
4.95,-4.96,-1.83,-1.03,1.86,-0.28
4.95,-4.96,-1.83,-1.03,1.86,-0.28
4.95,-4.96,-1.83,-1.03,1.86,-0.28
4.95,-4.96,-1.83,-1.03,1.86,-0.28
4.95,-4.96,-1.83,-1.03,1.86,-0.28
4.95,-4.96,-1.83,-1.03,1.86,-0.28
5.71,-5.53,-1.95,-0.65,1.25,-0.18
5.71,-5.53,-1.95,-0.65,1.25,-0.18
5.71,-5.53,-1.95,-0.65,1.25,-0.18
5.71,-5.53,-1.95,-0.65,1.25,-0.18
5.71,-5.53,-1.95,-0.65,1.25,-0.18
5.71,-5.53,-1.95,-0.65,1.25,-0.18
6.36,-6.35,-2.07,-0.35,0.72,0.08
6.36,-6.35,-2.07,-0.35,0.72,0.08
6.36,-6.35,-2.07,-0.35,0.72,0.08
6.36,-6.35,-2.07,-0.35,0.72,0.08
6.36,-6.35,-2.07,-0.35,0.72,0.08
6.89,-7.62,-2.10,-0.05,0.54,0.06
6.89,-7.62,-2.10,-0.05,0.54,0.06
6.89,-7.62,-2.10,-0.05,0.54,0.06
6.89,-7.62,-2.10,-0.05,0.54,0.06
6.89,-7.62,-2.10,-0.05,0.54,0.06
6.89,-7.62,-2.10,-0.05,0.54,0.06
7.54,-9.28,-1.78,0.01,0.50,0.05
7.54,-9.28,-1.78,0.01,0.50,0.05
7.54,-9.28,-1.78,0.01,0.50,0.05
7.54,-9.28,-1.78,0.01,0.50,0.05
7.54,-9.28,-1.78,0.01,0.50,0.05
7.54,-9.28,-1.78,0.01,0.50,0.05
7.26,-9.80,-1.10,-0.16,0.47,0.01
7.26,-9.80,-1.10,-0.16,0.47,0.01
7.26,-9.80,-1.10,-0.16,0.47,0.01
7.26,-9.80,-1.10,-0.16,0.47,0.01
7.26,-9.80,-1.10,-0.16,0.47,0.01
6.31,-9.31,-0.21,-0.16,0.11,-0.60
6.31,-9.31,-0.21,-0.16,0.11,-0.60
6.31,-9.31,-0.21,-0.16,0.11,-0.60
6.31,-9.31,-0.21,-0.16,0.11,-0.60
6.31,-9.31,-0.21,-0.16,0.11,-0.60
6.31,-9.31,-0.21,-0.16,0.11,-0.60
4.66,-8.06,-0.18,-0.10,-0.22,-0.68
4.66,-8.06,-0.18,-0.10,-0.22,-0.68
4.66,-8.06,-0.18,-0.10,-0.22,-0.68
4.66,-8.06,-0.18,-0.10,-0.22,-0.68
4.66,-8.06,-0.18,-0.10,-0.22,-0.68
4.66,-8.06,-0.18,-0.10,-0.22,-0.68
4.02,-6.98,-0.42,-0.21,0.01,-0.70
4.02,-6.98,-0.42,-0.21,0.01,-0.70
4.02,-6.98,-0.42,-0.21,0.01,-0.70
4.02,-6.98,-0.42,-0.21,0.01,-0.70
4.02,-6.98,-0.42,-0.21,0.01,-0.70
3.93,-6.82,-0.54,-0.38,0.07,-0.38
3.93,-6.82,-0.54,-0.38,0.07,-0.38
3.93,-6.82,-0.54,-0.38,0.07,-0.38
3.93,-6.82,-0.54,-0.38,0.07,-0.38
3.93,-6.82,-0.54,-0.38,0.07,-0.38
3.93,-6.82,-0.54,-0.38,0.07,-0.38
4.76,-7.72,-0.47,-0.49,0.28,0.32
4.76,-7.72,-0.47,-0.49,0.28,0.32
4.76,-7.72,-0.47,-0.49,0.28,0.32
4.76,-7.72,-0.47,-0.49,0.28,0.32
4.76,-7.72,-0.47,-0.49,0.28,0.32
4.76,-7.72,-0.47,-0.49,0.28,0.32
5.60,-8.22,-0.51,-0.58,0.60,0.95
5.60,-8.22,-0.51,-0.58,0.60,0.95
5.60,-8.22,-0.51,-0.58,0.60,0.95
5.60,-8.22,-0.51,-0.58,0.60,0.95
5.60,-8.22,-0.51,-0.58,0.60,0.95
6.63,-10.81,-0.11,-0.53,0.80,1.28
6.63,-10.81,-0.11,-0.53,0.80,1.28
6.63,-10.81,-0.11,-0.53,0.80,1.28
6.63,-10.81,-0.11,-0.53,0.80,1.28
6.63,-10.81,-0.11,-0.53,0.80,1.28
6.63,-10.81,-0.11,-0.53,0.80,1.28
6.96,-9.17,-1.12,-0.73,1.23,1.16
6.96,-9.17,-1.12,-0.73,1.23,1.16
6.96,-9.17,-1.12,-0.73,1.23,1.16
6.96,-9.17,-1.12,-0.73,1.23,1.16
6.96,-9.17,-1.12,-0.73,1.23,1.16
6.96,-9.17,-1.12,-0.73,1.23,1.16
4.80,-8.31,-1.09,-0.88,1.38,0.32
4.80,-8.31,-1.09,-0.88,1.38,0.32
4.80,-8.31,-1.09,-0.88,1.38,0.32
4.80,-8.31,-1.09,-0.88,1.38,0.32
4.80,-8.31,-1.09,-0.88,1.38,0.32
4.42,-5.77,-1.15,-0.88,1.38,0.32
4.42,-5.77,-1.15,-1.04,1.62,-0.04
4.42,-5.77,-1.15,-1.04,1.62,-0.04
4.42,-5.77,-1.15,-1.04,1.62,-0.04
4.42,-5.77,-1.15,-1.04,1.62,-0.04
4.42,-5.77,-1.15,-1.04,1.62,-0.04
4.76,-6.39,-1.48,-0.61,1.20,0.00
4.76,-6.39,-1.48,-0.61,1.20,0.00
4.76,-6.39,-1.48,-0.61,1.20,0.00
4.76,-6.39,-1.48,-0.61,1.20,0.00
4.76,-6.39,-1.48,-0.61,1.20,0.00
4.76,-6.39,-1.48,-0.61,1.20,0.00
5.40,-6.89,-2.48,-0.30,0.96,0.12
5.40,-6.89,-2.48,-0.30,0.96,0.12
5.40,-6.89,-2.48,-0.30,0.96,0.12
5.40,-6.89,-2.48,-0.30,0.96,0.12
5.40,-6.89,-2.48,-0.30,0.96,0.12
5.40,-6.89,-2.48,-0.30,0.96,0.12
6.78,-7.42,-2.74,-0.11,0.87,-0.04
6.78,-7.42,-2.74,-0.11,0.87,-0.04
6.78,-7.42,-2.74,-0.11,0.87,-0.04
6.78,-7.42,-2.74,-0.11,0.87,-0.04
6.78,-7.42,-2.74,-0.11,0.87,-0.04
7.83,-10.75,-2.07,-0.10,0.62,-0.19
7.83,-10.75,-2.07,-0.10,0.62,-0.19
7.83,-10.75,-2.07,-0.10,0.62,-0.19
7.83,-10.75,-2.07,-0.10,0.62,-0.19
7.83,-10.75,-2.07,-0.10,0.62,-0.19
7.83,-10.75,-2.07,-0.10,0.62,-0.19
7.17,-9.53,-1.60,-0.46,0.66,-0.42
7.17,-9.53,-1.60,-0.46,0.66,-0.42
7.17,-9.53,-1.60,-0.46,0.66,-0.42
7.17,-9.53,-1.60,-0.46,0.66,-0.42
7.17,-9.53,-1.60,-0.46,0.66,-0.42
7.17,-9.53,-1.60,-0.46,0.66,-0.42
4.88,-8.20,-0.78,-0.26,0.02,-0.88
4.88,-8.20,-0.78,-0.26,0.02,-0.88
4.88,-8.20,-0.78,-0.26,0.02,-0.88
4.88,-8.20,-0.78,-0.26,0.02,-0.88
4.88,-8.20,-0.78,-0.26,0.02,-0.88
3.90,-8.47,-0.08,-0.17,-0.43,-0.44
3.90,-8.47,-0.08,-0.17,-0.43,-0.44
3.90,-8.47,-0.08,-0.17,-0.43,-0.44
3.90,-8.47,-0.08,-0.17,-0.43,-0.44
3.90,-8.47,-0.08,-0.17,-0.43,-0.44
3.90,-8.47,-0.08,-0.17,-0.43,-0.44
3.84,-6.83,-0.06,-0.46,0.11,-0.23
3.84,-6.83,-0.06,-0.46,0.11,-0.23
3.84,-6.83,-0.06,-0.46,0.11,-0.23
3.84,-6.83,-0.06,-0.46,0.11,-0.23
3.84,-6.83,-0.06,-0.46,0.11,-0.23
3.84,-6.83,-0.06,-0.46,0.11,-0.23
4.29,-6.88,-0.35,-0.49,0.34,0.10
4.29,-6.88,-0.35,-0.49,0.34,0.10
4.29,-6.88,-0.35,-0.49,0.34,0.10
4.29,-6.88,-0.35,-0.49,0.34,0.10
4.29,-6.88,-0.35,-0.49,0.34,0.10
5.53,-8.00,-0.96,-0.47,0.49,0.58
5.53,-8.00,-0.96,-0.47,0.49,0.58
5.53,-8.00,-0.96,-0.47,0.49,0.58
5.53,-8.00,-0.96,-0.47,0.49,0.58
5.53,-8.00,-0.96,-0.47,0.49,0.58
5.53,-8.00,-0.96,-0.47,0.49,0.58
6.08,-8.50,-1.38,-0.57,0.79,0.86
6.08,-8.50,-1.38,-0.57,0.79,0.86
6.08,-8.50,-1.38,-0.57,0.79,0.86
6.08,-8.50,-1.38,-0.57,0.79,0.86
6.08,-8.50,-1.38,-0.57,0.79,0.86
6.08,-8.50,-1.38,-0.57,0.79,0.86
6.38,-10.57,-0.56,-0.66,1.02,0.94
6.38,-10.57,-0.56,-0.66,1.02,0.94
6.38,-10.57,-0.56,-0.66,1.02,0.94
6.38,-10.57,-0.56,-0.66,1.02,0.94
6.38,-10.57,-0.56,-0.66,1.02,0.94
6.45,-8.68,-1.25,-0.68,1.16,0.83
6.45,-8.68,-1.25,-0.68,1.16,0.83
6.45,-8.68,-1.25,-0.68,1.16,0.83
6.45,-8.68,-1.25,-0.68,1.16,0.83
6.45,-8.68,-1.25,-0.68,1.16,0.83
6.45,-8.68,-1.25,-0.68,1.16,0.83
4.42,-8.38,-1.10,-0.56,0.90,0.29
4.42,-8.38,-1.10,-0.56,0.90,0.29
4.42,-8.38,-1.10,-0.56,0.90,0.29
4.42,-8.38,-1.10,-0.56,0.90,0.29
4.42,-8.38,-1.10,-0.56,0.90,0.29
4.42,-8.38,-1.10,-0.56,0.90,0.29
4.83,-6.33,-1.44,-0.81,1.38,-0.13
4.83,-6.33,-1.44,-0.81,1.38,-0.13
4.83,-6.33,-1.44,-0.81,1.38,-0.13
4.83,-6.33,-1.44,-0.81,1.38,-0.13
4.83,-6.33,-1.44,-0.81,1.38,-0.13
4.95,-6.52,-2.31,-0.53,0.98,-0.11
4.95,-6.52,-2.31,-0.53,0.98,-0.11
4.95,-6.52,-2.31,-0.53,0.98,-0.11
4.95,-6.52,-2.31,-0.53,0.98,-0.11
4.95,-6.52,-2.31,-0.53,0.98,-0.11
4.95,-6.52,-2.31,-0.53,0.98,-0.11
5.29,-6.59,-2.76,-0.35,0.73,-0.04
5.29,-6.59,-2.76,-0.35,0.73,-0.04
5.29,-6.59,-2.76,-0.35,0.73,-0.04
5.29,-6.59,-2.76,-0.35,0.73,-0.04
5.29,-6.59,-2.76,-0.35,0.73,-0.04
5.29,-6.59,-2.76,-0.35,0.73,-0.04
5.88,-6.86,-2.81,-0.13,0.56,-0.10
5.88,-6.86,-2.81,-0.13,0.56,-0.10
5.88,-6.86,-2.81,-0.13,0.56,-0.10
5.88,-6.86,-2.81,-0.13,0.56,-0.10
5.88,-6.86,-2.81,-0.13,0.56,-0.10
6.24,-8.39,-2.13,-0.13,0.56,-0.10
6.24,-8.39,-2.13,-0.05,0.40,-0.20
6.24,-8.39,-2.13,-0.05,0.40,-0.20
6.24,-8.39,-2.13,-0.05,0.40,-0.20
6.24,-8.39,-2.13,-0.05,0.40,-0.20
6.24,-8.39,-2.13,-0.05,0.40,-0.20
7.12,-9.87,-1.23,-0.22,0.58,-0.24
7.12,-9.87,-1.23,-0.22,0.58,-0.24
7.12,-9.87,-1.23,-0.22,0.58,-0.24
7.12,-9.87,-1.23,-0.22,0.58,-0.24
7.12,-9.87,-1.23,-0.22,0.58,-0.24
7.12,-9.87,-1.23,-0.22,0.58,-0.24
7.03,-8.70,-0.62,-0.26,0.42,-0.47
7.03,-8.70,-0.62,-0.26,0.42,-0.47
7.03,-8.70,-0.62,-0.26,0.42,-0.47
7.03,-8.70,-0.62,-0.26,0.42,-0.47
7.03,-8.70,-0.62,-0.26,0.42,-0.47
7.03,-8.70,-0.44,-0.26,0.42,-0.47
5.56,-8.78,-0.44,0.07,-0.32,-0.46
5.56,-8.78,-0.44,0.07,-0.32,-0.46
5.56,-8.78,-0.44,0.07,-0.32,-0.46
5.56,-8.78,-0.44,0.07,-0.32,-0.46
5.56,-8.78,-0.44,0.07,-0.32,-0.46
4.66,-7.05,-0.66,-0.13,-0.07,-0.55
4.66,-7.05,-0.66,-0.13,-0.07,-0.55
4.66,-7.05,-0.66,-0.13,-0.07,-0.55
4.66,-7.05,-0.66,-0.13,-0.07,-0.55
4.66,-7.05,-0.66,-0.13,-0.07,-0.55
4.66,-7.05,-0.66,-0.13,-0.07,-0.55
4.60,-6.82,-0.70,-0.36,0.21,-0.61
4.60,-6.82,-0.70,-0.36,0.21,-0.61
4.60,-6.82,-0.70,-0.36,0.21,-0.61
4.60,-6.82,-0.70,-0.36,0.21,-0.61
4.60,-6.82,-0.70,-0.36,0.21,-0.61
4.60,-6.82,-0.70,-0.36,0.21,-0.61
5.37,-6.81,-1.35,-0.52,0.35,-0.06
5.37,-6.81,-1.35,-0.52,0.35,-0.06
5.37,-6.81,-1.35,-0.52,0.35,-0.06
5.37,-6.81,-1.35,-0.52,0.35,-0.06
5.37,-6.81,-1.35,-0.52,0.35,-0.06
6.37,-7.78,-1.66,-0.57,0.40,0.58
6.37,-7.78,-1.66,-0.57,0.40,0.58
6.37,-7.78,-1.66,-0.57,0.40,0.58
6.37,-7.78,-1.66,-0.57,0.40,0.58
6.37,-7.78,-1.66,-0.57,0.40,0.58
6.37,-7.78,-1.66,-0.57,0.40,0.58
7.13,-9.60,-1.44,-0.59,0.38,1.01
7.13,-9.60,-1.44,-0.59,0.38,1.01
7.13,-9.60,-1.44,-0.59,0.38,1.01
7.13,-9.60,-1.44,-0.59,0.38,1.01
7.13,-9.60,-1.44,-0.59,0.38,1.01
7.13,-9.60,-1.44,-0.59,0.38,1.01
7.05,-8.84,-1.28,-0.75,0.68,1.04
7.05,-8.84,-1.28,-0.75,0.68,1.04
7.05,-8.84,-1.28,-0.75,0.68,1.04
7.05,-8.84,-1.28,-0.75,0.68,1.04
7.05,-8.84,-1.28,-0.75,0.68,1.04
5.40,-8.43,-1.28,-0.63,0.47,0.65
5.40,-8.43,-1.28,-0.63,0.47,0.65
5.40,-8.43,-1.28,-0.63,0.47,0.65
5.40,-8.43,-1.28,-0.63,0.47,0.65
5.40,-8.43,-1.28,-0.63,0.47,0.65
5.40,-8.43,-1.28,-0.63,0.47,0.65
4.39,-6.75,-1.19,-0.69,0.67,0.07
4.39,-6.75,-1.19,-0.69,0.67,0.07
4.39,-6.75,-1.19,-0.69,0.67,0.07
4.39,-6.75,-1.19,-0.69,0.67,0.07
4.39,-6.75,-1.19,-0.69,0.67,0.07
4.39,-6.75,-1.19,-0.69,0.67,0.07
4.60,-5.41,-1.79,-0.44,0.60,0.04
4.60,-5.41,-1.79,-0.44,0.60,0.04
4.60,-5.41,-1.79,-0.44,0.60,0.04
4.60,-5.41,-1.79,-0.44,0.60,0.04
4.60,-5.41,-1.79,-0.44,0.60,0.04
5.46,-6.43,-2.36,-0.11,0.37,0.10
5.46,-6.43,-2.36,-0.11,0.37,0.10
5.46,-6.43,-2.36,-0.11,0.37,0.10
5.46,-6.43,-2.36,-0.11,0.37,0.10
5.46,-6.43,-2.36,-0.11,0.37,0.10
5.46,-6.43,-2.36,-0.11,0.37,0.10
6.38,-6.27,-3.01,-0.06,0.49,-0.07
6.38,-6.27,-3.01,-0.06,0.49,-0.07
6.38,-6.27,-3.01,-0.06,0.49,-0.07
6.38,-6.27,-3.01,-0.06,0.49,-0.07
6.38,-6.27,-3.01,-0.06,0.49,-0.07
6.38,-6.27,-3.01,-0.06,0.49,-0.07
7.02,-7.74,-2.64,0.03,0.40,-0.18
7.02,-7.74,-2.64,0.03,0.40,-0.18
7.02,-7.74,-2.64,0.03,0.40,-0.18
7.02,-7.74,-2.64,0.03,0.40,-0.18
7.02,-7.74,-2.64,0.03,0.40,-0.18
8.09,-9.36,-2.16,0.03,0.43,-0.16
8.09,-9.36,-2.16,0.03,0.43,-0.16
8.09,-9.36,-2.16,0.03,0.43,-0.16
8.09,-9.36,-2.16,0.03,0.43,-0.16
8.09,-9.36,-2.16,0.03,0.43,-0.16
8.09,-9.36,-2.16,0.03,0.43,-0.16
8.01,-8.94,-1.84,0.05,0.11,-0.32
8.01,-8.94,-1.84,0.05,0.11,-0.32
8.01,-8.94,-1.84,0.05,0.11,-0.32
8.01,-8.94,-1.84,0.05,0.11,-0.32
8.01,-8.94,-1.84,0.05,0.11,-0.32
8.01,-8.94,-1.84,0.05,0.11,-0.32
6.23,-8.95,-1.04,0.11,-0.45,-0.71
6.23,-8.95,-1.04,0.11,-0.45,-0.71
6.23,-8.95,-1.04,0.11,-0.45,-0.71
6.23,-8.95,-1.04,0.11,-0.45,-0.71
6.23,-8.95,-1.04,0.11,-0.45,-0.71
4.50,-7.40,-0.78,0.00,-0.55,-0.63
4.50,-7.40,-0.78,0.00,-0.55,-0.63
4.50,-7.40,-0.78,0.00,-0.55,-0.63
4.50,-7.40,-0.78,0.00,-0.55,-0.63
4.50,-7.40,-0.78,0.00,-0.55,-0.63
4.50,-7.40,-0.78,0.00,-0.55,-0.63
4.09,-6.69,-0.51,-0.14,-0.32,-0.49
4.09,-6.69,-0.51,-0.14,-0.32,-0.49
4.09,-6.69,-0.51,-0.14,-0.32,-0.49
4.09,-6.69,-0.51,-0.14,-0.32,-0.49
4.09,-6.69,-0.51,-0.14,-0.32,-0.49
4.09,-6.69,-0.51,-0.14,-0.32,-0.49
4.02,-6.92,-0.49,-0.23,-0.12,-0.01
4.02,-6.92,-0.49,-0.23,-0.12,-0.01
4.02,-6.92,-0.49,-0.23,-0.12,-0.01
4.02,-6.92,-0.49,-0.23,-0.12,-0.01
4.02,-6.92,-0.49,-0.23,-0.12,-0.01
4.63,-7.60,-0.70,-0.23,-0.12,-0.01
4.63,-7.60,-0.70,-0.25,0.23,0.60
4.63,-7.60,-0.70,-0.25,0.23,0.60
4.63,-7.60,-0.70,-0.25,0.23,0.60
4.63,-7.60,-0.70,-0.25,0.23,0.60
4.63,-7.60,-0.70,-0.25,0.23,0.60
4.88,-8.58,-0.88,-0.18,0.41,1.14
4.88,-8.58,-0.88,-0.18,0.41,1.14
4.88,-8.58,-0.88,-0.18,0.41,1.14
4.88,-8.58,-0.88,-0.18,0.41,1.14
4.88,-8.58,-0.88,-0.18,0.41,1.14
4.88,-8.58,-0.88,-0.18,0.41,1.14
5.68,-11.77,-0.52,-0.07,0.58,1.60
5.68,-11.77,-0.52,-0.07,0.58,1.60
5.68,-11.77,-0.52,-0.07,0.58,1.60
5.68,-11.77,-0.52,-0.07,0.58,1.60
5.68,-11.77,-0.52,-0.07,0.58,1.60
5.68,-11.77,-0.52,-0.07,0.58,1.60
6.38,-9.06,-1.54,-0.16,1.06,1.39
6.38,-9.06,-1.54,-0.16,1.06,1.39
6.38,-9.06,-1.54,-0.16,1.06,1.39
6.38,-9.06,-1.54,-0.16,1.06,1.39
6.38,-9.06,-1.54,-0.16,1.06,1.39
5.14,-8.67,-1.75,-0.18,0.99,0.37
5.14,-8.67,-1.75,-0.18,0.99,0.37
5.14,-8.67,-1.75,-0.18,0.99,0.37
5.14,-8.67,-1.75,-0.18,0.99,0.37
5.14,-8.67,-1.75,-0.18,0.99,0.37
5.14,-8.67,-1.75,-0.18,0.99,0.37
5.29,-5.71,-2.30,-0.54,1.55,-0.29
5.29,-5.71,-2.30,-0.54,1.55,-0.29
5.29,-5.71,-2.30,-0.54,1.55,-0.29
5.29,-5.71,-2.30,-0.54,1.55,-0.29
5.29,-5.71,-2.30,-0.54,1.55,-0.29
5.29,-5.71,-2.30,-0.54,1.55,-0.29
5.15,-6.44,-2.84,-0.35,1.08,-0.15
5.15,-6.44,-2.84,-0.35,1.08,-0.15
5.15,-6.44,-2.84,-0.35,1.08,-0.15
5.15,-6.44,-2.84,-0.35,1.08,-0.15
5.15,-6.44,-2.84,-0.35,1.08,-0.15
5.40,-7.26,-2.93,-0.11,0.68,-0.16
5.40,-7.26,-2.93,-0.11,0.68,-0.16
5.40,-7.26,-2.93,-0.11,0.68,-0.16
5.40,-7.26,-2.93,-0.11,0.68,-0.16
5.40,-7.26,-2.93,-0.11,0.68,-0.16
5.40,-7.26,-2.93,-0.11,0.68,-0.16
5.27,-7.74,-2.39,0.06,0.42,-0.42
5.27,-7.74,-2.39,0.06,0.42,-0.42
5.27,-7.74,-2.39,0.06,0.42,-0.42
5.27,-7.74,-2.39,0.06,0.42,-0.42
5.27,-7.74,-2.39,0.06,0.42,-0.42
5.27,-7.74,-2.39,0.06,0.42,-0.42
6.37,-10.10,-1.41,-0.03,0.51,-0.50
6.37,-10.10,-1.41,-0.03,0.51,-0.50
6.37,-10.10,-1.41,-0.03,0.51,-0.50
6.37,-10.10,-1.41,-0.03,0.51,-0.50
6.37,-10.10,-1.41,-0.03,0.51,-0.50
6.25,-9.47,-0.76,-0.24,0.56,-0.32
6.25,-9.47,-0.76,-0.24,0.56,-0.32
6.25,-9.47,-0.76,-0.24,0.56,-0.32
6.25,-9.47,-0.76,-0.24,0.56,-0.32
6.25,-9.47,-0.76,-0.24,0.56,-0.32
6.25,-9.47,-0.76,-0.24,0.56,-0.32
5.44,-9.41,-0.17,-0.10,0.13,-0.57
5.44,-9.41,-0.17,-0.10,0.13,-0.57
5.44,-9.41,-0.17,-0.10,0.13,-0.57
5.44,-9.41,-0.17,-0.10,0.13,-0.57
5.44,-9.41,-0.17,-0.10,0.13,-0.57
5.44,-9.41,-0.17,-0.10,0.13,-0.57
4.26,-8.92,-0.09,-0.05,-0.24,-0.31
4.26,-8.92,-0.09,-0.05,-0.24,-0.31
4.26,-8.92,-0.09,-0.05,-0.24,-0.31
4.26,-8.92,-0.09,-0.05,-0.24,-0.31
4.26,-8.92,-0.09,-0.05,-0.24,-0.31
4.33,-6.60,-0.37,-0.26,0.05,-0.29
4.33,-6.60,-0.37,-0.26,0.05,-0.29
4.33,-6.60,-0.37,-0.26,0.05,-0.29
4.33,-6.60,-0.37,-0.26,0.05,-0.29
4.33,-6.60,-0.37,-0.26,0.05,-0.29
4.33,-6.60,-0.37,-0.26,0.05,-0.29
4.92,-6.92,-0.53,-0.24,-0.04,0.03
4.92,-6.92,-0.53,-0.24,-0.04,0.03
4.92,-6.92,-0.53,-0.24,-0.04,0.03
4.92,-6.92,-0.53,-0.24,-0.04,0.03
4.92,-6.92,-0.53,-0.24,-0.04,0.03
4.92,-6.92,-0.53,-0.24,-0.04,0.03
6.08,-7.14,-1.27,-0.45,0.38,0.28
6.08,-7.14,-1.27,-0.45,0.38,0.28
6.08,-7.14,-1.27,-0.45,0.38,0.28
6.08,-7.14,-1.27,-0.45,0.38,0.28
6.08,-7.14,-1.27,-0.45,0.38,0.28
7.02,-7.76,-1.63,-0.55,0.58,0.32
7.02,-7.76,-1.63,-0.55,0.58,0.32
7.02,-7.76,-1.63,-0.55,0.58,0.32
7.02,-7.76,-1.63,-0.55,0.58,0.32
7.02,-7.76,-1.63,-0.55,0.58,0.32
7.02,-7.76,-1.63,-0.55,0.58,0.32
7.31,-9.46,-1.67,-0.52,0.55,0.44
7.31,-9.46,-1.67,-0.52,0.55,0.44
7.31,-9.46,-1.67,-0.52,0.55,0.44
7.31,-9.46,-1.67,-0.52,0.55,0.44
7.31,-9.46,-1.67,-0.52,0.55,0.44
7.31,-9.46,-1.67,-0.52,0.55,0.44
6.54,-8.94,-1.95,-0.59,0.56,0.46
6.54,-8.94,-1.95,-0.59,0.56,0.46
6.54,-8.94,-1.95,-0.59,0.56,0.46
6.54,-8.94,-1.95,-0.59,0.56,0.46
6.54,-8.94,-1.95,-0.59,0.56,0.46
4.36,-8.98,-1.04,-0.80,0.53,-0.00
4.36,-8.98,-1.04,-0.80,0.53,-0.00
4.36,-8.98,-1.04,-0.80,0.53,-0.00
4.36,-8.98,-1.04,-0.80,0.53,-0.00
4.36,-8.98,-1.04,-0.80,0.53,-0.00
4.36,-8.98,-1.04,-0.80,0.53,-0.00
4.94,-7.06,-1.23,-1.11,1.12,-0.54
4.94,-7.06,-1.23,-1.11,1.12,-0.54
4.94,-7.06,-1.23,-1.11,1.12,-0.54
4.94,-7.06,-1.23,-1.11,1.12,-0.54
4.94,-7.06,-1.23,-1.11,1.12,-0.54
4.94,-7.06,-1.23,-1.11,1.12,-0.54
4.85,-5.17,-1.81,-0.80,0.81,-0.49
4.85,-5.17,-1.81,-0.80,0.81,-0.49
4.85,-5.17,-1.81,-0.80,0.81,-0.49
4.85,-5.17,-1.81,-0.80,0.81,-0.49
4.85,-5.17,-1.81,-0.80,0.81,-0.49
6.39,-5.07,-2.20,-0.53,0.74,-0.37
6.39,-5.07,-2.20,-0.53,0.74,-0.37
6.39,-5.07,-2.20,-0.53,0.74,-0.37
6.39,-5.07,-2.20,-0.53,0.74,-0.37
6.39,-5.07,-2.20,-0.53,0.74,-0.37
6.39,-5.07,-2.20,-0.53,0.74,-0.37
6.40,-5.64,-2.58,-0.32,0.46,-0.19
6.40,-5.64,-2.58,-0.32,0.46,-0.19
6.40,-5.64,-2.58,-0.32,0.46,-0.19
6.40,-5.64,-2.58,-0.32,0.46,-0.19
6.40,-5.64,-2.58,-0.32,0.46,-0.19
6.40,-5.64,-2.58,-0.32,0.46,-0.19
7.20,-6.31,-2.61,-0.30,0.53,-0.12
7.20,-6.31,-2.61,-0.30,0.53,-0.12
7.20,-6.31,-2.61,-0.30,0.53,-0.12
7.20,-6.31,-2.61,-0.30,0.53,-0.12
7.20,-6.31,-2.61,-0.30,0.53,-0.12
8.06,-9.31,-1.94,-0.30,0.53,-0.12
8.06,-9.31,-1.94,-0.01,0.36,0.18
8.06,-9.31,-1.94,-0.01,0.36,0.18
8.06,-9.31,-1.94,-0.01,0.36,0.18
8.06,-9.31,-1.94,-0.01,0.36,0.18
8.06,-9.31,-1.94,-0.01,0.36,0.18
7.90,-8.70,-1.10,0.09,0.06,0.36
7.90,-8.70,-1.10,0.09,0.06,0.36
7.90,-8.70,-1.10,0.09,0.06,0.36
7.90,-8.70,-1.10,0.09,0.06,0.36
7.90,-8.70,-1.10,0.09,0.06,0.36
7.90,-8.70,-1.10,0.09,0.06,0.36
6.35,-7.88,-0.13,0.47,-0.86,0.45
6.35,-7.88,-0.13,0.47,-0.86,0.45
6.35,-7.88,-0.13,0.47,-0.86,0.45
6.35,-7.88,-0.13,0.47,-0.86,0.45
6.35,-7.88,-0.13,0.47,-0.86,0.45
6.35,-7.88,-0.13,0.47,-0.86,0.45
3.93,-7.05,-0.08,0.74,-1.70,0.91
3.93,-7.05,-0.08,0.74,-1.70,0.91
3.93,-7.05,-0.08,0.74,-1.70,0.91
3.93,-7.05,-0.08,0.74,-1.70,0.91
3.93,-7.05,-0.08,0.74,-1.70,0.91
4.50,-7.09,-0.35,0.65,-1.75,1.06
4.50,-7.09,-0.35,0.65,-1.75,1.06
4.50,-7.09,-0.35,0.65,-1.75,1.06
4.50,-7.09,-0.35,0.65,-1.75,1.06
4.50,-7.09,-0.35,0.65,-1.75,1.06
4.50,-7.09,-0.35,0.65,-1.75,1.06
4.59,-8.50,-2.51,0.72,-1.63,0.94
4.59,-8.50,-2.51,0.72,-1.63,0.94
4.59,-8.50,-2.51,0.72,-1.63,0.94
4.59,-8.50,-2.51,0.72,-1.63,0.94
4.59,-8.50,-2.51,0.72,-1.63,0.94
4.59,-8.50,-2.51,0.72,-1.63,0.94
5.20,-8.98,-3.16,0.21,-0.36,0.36
5.20,-8.98,-3.16,0.21,-0.36,0.36
5.20,-8.98,-3.16,0.21,-0.36,0.36
5.20,-8.98,-3.16,0.21,-0.36,0.36
5.20,-8.98,-3.16,0.21,-0.36,0.36
5.87,-9.63,-2.72,-0.18,0.34,0.05
5.87,-9.63,-2.72,-0.18,0.34,0.05
5.87,-9.63,-2.72,-0.18,0.34,0.05
5.87,-9.63,-2.72,-0.18,0.34,0.05
5.87,-9.63,-2.72,-0.18,0.34,0.05
5.87,-9.63,-2.72,-0.18,0.34,0.05
5.16,-9.17,-2.23,-0.29,0.69,-0.01
5.16,-9.17,-2.23,-0.29,0.69,-0.01
5.16,-9.17,-2.23,-0.29,0.69,-0.01
5.16,-9.17,-2.23,-0.29,0.69,-0.01
5.16,-9.17,-2.23,-0.29,0.69,-0.01
5.16,-9.17,-2.23,-0.29,0.69,-0.01
4.66,-8.36,-2.20,-0.23,0.42,-0.28
4.66,-8.36,-2.20,-0.23,0.42,-0.28
4.66,-8.36,-2.20,-0.23,0.42,-0.28
4.66,-8.36,-2.20,-0.23,0.42,-0.28
4.66,-8.36,-2.20,-0.23,0.42,-0.28
3.17,-9.73,-1.13,-0.32,-0.19,-0.35
3.17,-9.73,-1.13,-0.32,-0.19,-0.35
3.17,-9.73,-1.13,-0.32,-0.19,-0.35
3.17,-9.73,-1.13,-0.32,-0.19,-0.35
3.17,-9.73,-1.13,-0.32,-0.19,-0.35
3.17,-9.73,-1.13,-0.32,-0.19,-0.35
3.76,-5.80,-1.05,-0.26,0.04,-0.58
3.76,-5.80,-1.05,-0.26,0.04,-0.58
3.76,-5.80,-1.05,-0.26,0.04,-0.58
3.76,-5.80,-1.05,-0.26,0.04,-0.58
3.76,-5.80,-1.05,-0.26,0.04,-0.58
3.76,-5.80,-1.05,-0.26,0.04,-0.58
4.59,-6.17,-1.46,0.50,-0.82,-0.34
4.59,-6.17,-1.46,0.50,-0.82,-0.34
4.59,-6.17,-1.46,0.50,-0.82,-0.34
4.59,-6.17,-1.46,0.50,-0.82,-0.34
4.59,-6.17,-1.46,0.50,-0.82,-0.34
5.95,-7.75,-1.67,0.86,-1.04,-0.02
5.95,-7.75,-1.67,0.86,-1.04,-0.02
5.95,-7.75,-1.67,0.86,-1.04,-0.02
5.95,-7.75,-1.67,0.86,-1.04,-0.02
5.95,-7.75,-1.67,0.86,-1.04,-0.02
5.95,-7.75,-1.67,0.86,-1.04,-0.02
6.13,-7.91,-1.83,0.74,-1.11,-0.22
6.13,-7.91,-1.83,0.74,-1.11,-0.22
6.13,-7.91,-1.83,0.74,-1.11,-0.22
6.13,-7.91,-1.83,0.74,-1.11,-0.22
6.13,-7.91,-1.83,0.74,-1.11,-0.22
6.13,-7.91,-1.83,0.74,-1.11,-0.22
5.48,-8.33,-1.23,0.51,-0.95,-0.71
5.48,-8.33,-1.23,0.51,-0.95,-0.71
5.48,-8.33,-1.23,0.51,-0.95,-0.71
5.48,-8.33,-1.23,0.51,-0.95,-0.71
5.48,-8.33,-1.23,0.51,-0.95,-0.71
6.50,-9.96,-0.80,0.63,-0.59,-0.88
6.50,-9.96,-0.80,0.63,-0.59,-0.88
6.50,-9.96,-0.80,0.63,-0.59,-0.88
6.50,-9.96,-0.80,0.63,-0.59,-0.88
6.50,-9.96,-0.80,0.63,-0.59,-0.88
6.50,-9.96,-0.80,0.63,-0.59,-0.88
5.79,-9.03,-0.24,0.94,-1.03,-0.62
5.79,-9.03,-0.24,0.94,-1.03,-0.62
5.79,-9.03,-0.24,0.94,-1.03,-0.62
5.79,-9.03,-0.24,0.94,-1.03,-0.62
5.79,-9.03,-0.24,0.94,-1.03,-0.62
5.79,-9.03,-0.24,0.94,-1.03,-0.62
4.42,-7.70,0.15,1.13,-1.31,-0.57
4.42,-7.70,0.15,1.13,-1.31,-0.57
4.42,-7.70,0.15,1.13,-1.31,-0.57
4.42,-7.70,0.15,1.13,-1.31,-0.57
4.42,-7.70,0.15,1.13,-1.31,-0.57
4.86,-9.23,0.52,1.32,-1.67,-0.04
4.86,-9.23,0.52,1.32,-1.67,-0.04
4.86,-9.23,0.52,1.32,-1.67,-0.04
4.86,-9.23,0.52,1.32,-1.67,-0.04
4.86,-9.23,0.52,1.32,-1.67,-0.04
4.86,-9.23,0.52,1.32,-1.67,-0.04
4.82,-7.55,0.31,0.72,-1.07,-0.00
4.82,-7.55,0.31,0.72,-1.07,-0.00
4.82,-7.55,0.31,0.72,-1.07,-0.00
4.82,-7.55,0.31,0.72,-1.07,-0.00
4.82,-7.55,0.31,0.72,-1.07,-0.00
4.82,-7.55,0.31,0.72,-1.07,-0.00
5.84,-7.29,-0.38,0.43,-0.60,-0.15
5.84,-7.29,-0.38,0.43,-0.60,-0.15
5.84,-7.29,-0.38,0.43,-0.60,-0.15
5.84,-7.29,-0.38,0.43,-0.60,-0.15
5.84,-7.29,-0.38,0.43,-0.60,-0.15
6.73,-8.15,-0.87,0.43,-0.60,-0.15
6.73,-8.15,-0.87,0.38,-0.60,-0.02
6.73,-8.15,-0.87,0.38,-0.60,-0.02
6.73,-8.15,-0.87,0.38,-0.60,-0.02
6.73,-8.15,-0.87,0.38,-0.60,-0.02
6.73,-8.15,-0.87,0.38,-0.60,-0.02
6.64,-8.78,-1.07,0.17,-0.60,-0.21
6.64,-8.78,-1.07,0.17,-0.60,-0.21
6.64,-8.78,-1.07,0.17,-0.60,-0.21
6.64,-8.78,-1.07,0.17,-0.60,-0.21
6.64,-8.78,-1.07,0.17,-0.60,-0.21
6.64,-8.78,-1.07,0.17,-0.60,-0.21
5.82,-8.18,-1.53,0.06,-0.62,-0.32
5.82,-8.18,-1.53,0.06,-0.62,-0.32
5.82,-8.18,-1.53,0.06,-0.62,-0.32
5.82,-8.18,-1.53,0.06,-0.62,-0.32
5.82,-8.18,-1.53,0.06,-0.62,-0.32
5.82,-8.18,-1.53,0.06,-0.62,-0.32
4.95,-8.61,-1.87,0.19,-0.93,-0.31
4.95,-8.61,-1.87,0.19,-0.93,-0.31
4.95,-8.61,-1.87,0.19,-0.93,-0.31
4.95,-8.61,-1.87,0.19,-0.93,-0.31
4.95,-8.61,-1.87,0.19,-0.93,-0.31
4.98,-8.96,-1.80,0.20,-0.87,-0.16
4.98,-8.96,-1.80,0.20,-0.87,-0.16
4.98,-8.96,-1.80,0.20,-0.87,-0.16
4.98,-8.96,-1.80,0.20,-0.87,-0.16
4.98,-8.96,-1.80,0.20,-0.87,-0.16
4.98,-8.96,-1.80,0.20,-0.87,-0.16
4.02,-7.06,-1.82,0.28,-0.84,-0.13
4.02,-7.06,-1.82,0.28,-0.84,-0.13
4.02,-7.06,-1.82,0.28,-0.84,-0.13
4.02,-7.06,-1.82,0.28,-0.84,-0.13
4.02,-7.06,-1.82,0.28,-0.84,-0.13
4.02,-7.06,-1.82,0.28,-0.84,-0.13
4.26,-7.37,-1.98,0.52,-0.96,-0.11
4.26,-7.37,-1.98,0.52,-0.96,-0.11
4.26,-7.37,-1.98,0.52,-0.96,-0.11
4.26,-7.37,-1.98,0.52,-0.96,-0.11
4.26,-7.37,-1.98,0.52,-0.96,-0.11
4.82,-7.93,-2.28,0.73,-1.07,0.05
4.82,-7.93,-2.28,0.73,-1.07,0.05
4.82,-7.93,-2.28,0.73,-1.07,0.05
4.82,-7.93,-2.28,0.73,-1.07,0.05
4.82,-7.93,-2.28,0.73,-1.07,0.05
4.82,-7.93,-2.28,0.73,-1.07,0.05
4.63,-7.87,-2.15,0.78,-1.10,-0.03
4.63,-7.87,-2.15,0.78,-1.10,-0.03
4.63,-7.87,-2.15,0.78,-1.10,-0.03
4.63,-7.87,-2.15,0.78,-1.10,-0.03
4.63,-7.87,-2.15,0.78,-1.10,-0.03
4.63,-7.87,-2.15,0.78,-1.10,-0.03
4.83,-7.92,-1.74,0.90,-1.11,-0.16
4.83,-7.92,-1.74,0.90,-1.11,-0.16
4.83,-7.92,-1.74,0.90,-1.11,-0.16
4.83,-7.92,-1.74,0.90,-1.11,-0.16
4.83,-7.92,-1.74,0.90,-1.11,-0.16
4.83,-8.87,-1.24,1.10,-1.33,-0.26
4.83,-8.87,-1.24,1.10,-1.33,-0.26
4.83,-8.87,-1.24,1.10,-1.33,-0.26
4.83,-8.87,-1.24,1.10,-1.33,-0.26
4.83,-8.87,-1.24,1.10,-1.33,-0.26
4.83,-8.87,-1.24,1.10,-1.33,-0.26
4.53,-8.39,-0.73,0.94,-1.22,-0.27
4.53,-8.39,-0.73,0.94,-1.22,-0.27
4.53,-8.39,-0.73,0.94,-1.22,-0.27
4.53,-8.39,-0.73,0.94,-1.22,-0.27
4.53,-8.39,-0.73,0.94,-1.22,-0.27
4.53,-8.39,-0.73,0.94,-1.22,-0.27
4.45,-8.65,-0.22,0.68,-0.86,-0.20
4.45,-8.65,-0.22,0.68,-0.86,-0.20
4.45,-8.65,-0.22,0.68,-0.86,-0.20
4.45,-8.65,-0.22,0.68,-0.86,-0.20
4.45,-8.65,-0.22,0.68,-0.86,-0.20
5.71,-8.61,-0.35,0.51,-0.35,0.07
5.71,-8.61,-0.35,0.51,-0.35,0.07
5.71,-8.61,-0.35,0.51,-0.35,0.07
5.71,-8.61,-0.35,0.51,-0.35,0.07
5.71,-8.61,-0.35,0.51,-0.35,0.07
5.71,-8.61,-0.35,0.51,-0.35,0.07
4.76,-9.15,-0.63,0.39,-0.36,0.04
4.76,-9.15,-0.63,0.39,-0.36,0.04
4.76,-9.15,-0.63,0.39,-0.36,0.04
4.76,-9.15,-0.63,0.39,-0.36,0.04
4.76,-9.15,-0.63,0.39,-0.36,0.04
4.76,-9.15,-0.63,0.39,-0.36,0.04
4.27,-9.29,-0.95,0.09,-0.04,0.11
4.27,-9.29,-0.95,0.09,-0.04,0.11
4.27,-9.29,-0.95,0.09,-0.04,0.11
4.27,-9.29,-0.95,0.09,-0.04,0.11
4.27,-9.29,-0.95,0.09,-0.04,0.11
3.73,-9.87,-1.18,-0.19,0.36,0.20
3.73,-9.87,-1.18,-0.19,0.36,0.20
3.73,-9.87,-1.18,-0.19,0.36,0.20
3.73,-9.87,-1.18,-0.19,0.36,0.20
3.73,-9.87,-1.18,-0.19,0.36,0.20
3.73,-9.87,-1.18,-0.19,0.36,0.20
4.17,-8.31,-1.83,-0.47,0.74,0.22
4.17,-8.31,-1.83,-0.47,0.74,0.22
4.17,-8.31,-1.83,-0.47,0.74,0.22
4.17,-8.31,-1.83,-0.47,0.74,0.22
4.17,-8.31,-1.83,-0.47,0.74,0.22
4.17,-8.31,-1.83,-0.47,0.74,0.22
3.10,-9.55,-1.58,-0.57,0.63,0.17
3.10,-9.55,-1.58,-0.57,0.63,0.17
3.10,-9.55,-1.58,-0.57,0.63,0.17
3.10,-9.55,-1.58,-0.57,0.63,0.17
3.10,-9.55,-1.58,-0.57,0.63,0.17
3.34,-8.36,-2.43,-0.57,1.41,-0.04
3.34,-8.36,-2.43,-0.91,1.41,-0.04
3.34,-8.36,-2.43,-0.91,1.41,-0.04
3.34,-8.36,-2.43,-0.91,1.41,-0.04
3.34,-8.36,-2.43,-0.91,1.41,-0.04
3.34,-8.36,-2.43,-0.91,1.41,-0.04
4.29,-7.17,-2.55,-0.94,1.66,0.05
4.29,-7.17,-2.55,-0.94,1.66,0.05
4.29,-7.17,-2.55,-0.94,1.66,0.05
4.29,-7.17,-2.55,-0.94,1.66,0.05
4.29,-7.17,-2.55,-0.94,1.66,0.05
4.29,-7.17,-2.55,-0.94,1.66,0.05
5.44,-7.17,-2.46,-0.89,1.61,0.11
5.44,-7.17,-2.46,-0.89,1.61,0.11
5.44,-7.17,-2.46,-0.89,1.61,0.11
5.44,-7.17,-2.46,-0.89,1.61,0.11
5.44,-7.17,-2.46,-0.89,1.61,0.11
5.44,-7.17,-2.46,-0.89,1.61,0.11
5.86,-6.50,-2.61,-0.85,1.52,-0.03
5.86,-6.50,-2.61,-0.85,1.52,-0.03
5.86,-6.50,-2.61,-0.85,1.52,-0.03
5.86,-6.50,-2.61,-0.85,1.52,-0.03
5.86,-6.50,-2.61,-0.85,1.52,-0.03
6.42,-6.58,-2.49,-0.79,1.42,-0.21
6.42,-6.58,-2.49,-0.79,1.42,-0.21
6.42,-6.58,-2.49,-0.79,1.42,-0.21
6.42,-6.58,-2.49,-0.79,1.42,-0.21
6.42,-6.58,-2.49,-0.79,1.42,-0.21
6.42,-6.58,-2.49,-0.79,1.42,-0.21
6.88,-7.81,-2.29,-0.59,1.20,-0.40
6.88,-7.81,-2.29,-0.59,1.20,-0.40
6.88,-7.81,-2.29,-0.59,1.20,-0.40
6.88,-7.81,-2.29,-0.59,1.20,-0.40
6.88,-7.81,-2.29,-0.59,1.20,-0.40
6.88,-7.81,-2.29,-0.59,1.20,-0.40
7.30,-9.64,-1.61,-0.30,0.79,-0.22
7.30,-9.64,-1.61,-0.30,0.79,-0.22
7.30,-9.64,-1.61,-0.30,0.79,-0.22
7.30,-9.64,-1.61,-0.30,0.79,-0.22
7.30,-9.64,-1.61,-0.30,0.79,-0.22
6.94,-7.43,-1.28,-0.07,0.48,0.04
6.94,-7.43,-1.28,-0.07,0.48,0.04
6.94,-7.43,-1.28,-0.07,0.48,0.04
6.94,-7.43,-1.28,-0.07,0.48,0.04
6.94,-7.43,-1.28,-0.07,0.48,0.04
6.94,-7.43,-1.28,-0.07,0.48,0.04
5.90,-7.06,-0.75,0.34,-0.32,-0.07
5.90,-7.06,-0.75,0.34,-0.32,-0.07
5.90,-7.06,-0.75,0.34,-0.32,-0.07
5.90,-7.06,-0.75,0.34,-0.32,-0.07
5.90,-7.06,-0.75,0.34,-0.32,-0.07
5.90,-7.06,-0.75,0.34,-0.32,-0.07
5.94,-8.06,-0.92,0.43,-0.70,0.23
5.94,-8.06,-0.92,0.43,-0.70,0.23
5.94,-8.06,-0.92,0.43,-0.70,0.23
5.94,-8.06,-0.92,0.43,-0.70,0.23
5.94,-8.06,-0.92,0.43,-0.70,0.23
5.87,-7.43,-1.08,0.19,-0.47,0.26
5.87,-7.43,-1.08,0.19,-0.47,0.26
5.87,-7.43,-1.08,0.19,-0.47,0.26
5.87,-7.43,-1.08,0.19,-0.47,0.26
5.87,-7.43,-1.08,0.19,-0.47,0.26
5.87,-7.43,-1.08,0.19,-0.47,0.26
5.78,-6.88,-1.02,0.04,-0.38,0.27
5.78,-6.88,-1.02,0.04,-0.38,0.27
5.78,-6.88,-1.02,0.04,-0.38,0.27
5.78,-6.88,-1.02,0.04,-0.38,0.27
5.78,-6.88,-1.02,0.04,-0.38,0.27
5.78,-6.88,-1.02,0.04,-0.38,0.27
5.98,-8.31,-1.15,0.04,-0.51,0.37
5.98,-8.31,-1.15,0.04,-0.51,0.37
5.98,-8.31,-1.15,0.04,-0.51,0.37
5.98,-8.31,-1.15,0.04,-0.51,0.37
5.98,-8.31,-1.15,0.04,-0.51,0.37
6.04,-7.38,-1.85,-0.09,-0.26,0.12
6.04,-7.38,-1.85,-0.09,-0.26,0.12
6.04,-7.38,-1.85,-0.09,-0.26,0.12
6.04,-7.38,-1.85,-0.09,-0.26,0.12
6.04,-7.38,-1.85,-0.09,-0.26,0.12
6.04,-7.38,-1.85,-0.09,-0.26,0.12
5.64,-8.35,-2.38,-0.14,-0.27,-0.18
5.64,-8.35,-2.38,-0.14,-0.27,-0.18
5.64,-8.35,-2.38,-0.14,-0.27,-0.18
5.64,-8.35,-2.38,-0.14,-0.27,-0.18
5.64,-8.35,-2.38,-0.14,-0.27,-0.18
5.64,-8.35,-2.38,-0.14,-0.27,-0.18
5.53,-9.87,-2.31,-0.26,-0.11,0.09
5.53,-9.87,-2.31,-0.26,-0.11,0.09
5.53,-9.87,-2.31,-0.26,-0.11,0.09
5.53,-9.87,-2.31,-0.26,-0.11,0.09
5.53,-9.87,-2.31,-0.26,-0.11,0.09
3.51,-8.76,-1.96,-0.26,-0.10,0.18
3.51,-8.76,-1.96,-0.36,-0.10,0.18
3.51,-8.76,-1.96,-0.36,-0.10,0.18
3.51,-8.76,-1.96,-0.36,-0.10,0.18
3.51,-8.76,-1.96,-0.36,-0.10,0.18
3.51,-8.76,-1.96,-0.36,-0.10,0.18
3.73,-8.24,-1.64,-0.46,0.31,-0.17
3.73,-8.24,-1.64,-0.46,0.31,-0.17
3.73,-8.24,-1.64,-0.46,0.31,-0.17
3.73,-8.24,-1.64,-0.46,0.31,-0.17
3.73,-8.24,-1.64,-0.46,0.31,-0.17
3.73,-8.24,-1.64,-0.46,0.31,-0.17
3.62,-6.83,-2.10,-0.36,0.42,-0.10
3.62,-6.83,-2.10,-0.36,0.42,-0.10
3.62,-6.83,-2.10,-0.36,0.42,-0.10
3.62,-6.83,-2.10,-0.36,0.42,-0.10
3.62,-6.83,-2.10,-0.36,0.42,-0.10
4.30,-6.74,-2.48,-0.36,0.42,-0.10
4.30,-6.74,-2.48,-0.22,0.56,0.02
4.30,-6.74,-2.48,-0.22,0.56,0.02
4.30,-6.74,-2.48,-0.22,0.56,0.02
4.30,-6.74,-2.48,-0.22,0.56,0.02
4.30,-6.74,-2.48,-0.22,0.56,0.02
4.63,-6.92,-2.70,-0.01,0.55,0.09
4.63,-6.92,-2.70,-0.01,0.55,0.09
4.63,-6.92,-2.70,-0.01,0.55,0.09
4.63,-6.92,-2.70,-0.01,0.55,0.09
4.63,-6.92,-2.70,-0.01,0.55,0.09
4.63,-6.92,-2.70,-0.01,0.55,0.09
5.28,-6.75,-2.76,0.07,0.64,0.11
5.28,-6.75,-2.76,0.07,0.64,0.11
5.28,-6.75,-2.76,0.07,0.64,0.11
5.28,-6.75,-2.76,0.07,0.64,0.11
5.28,-6.75,-2.76,0.07,0.64,0.11
5.28,-6.75,-2.76,0.07,0.64,0.11
6.53,-7.08,-2.69,0.20,0.60,0.21
6.53,-7.08,-2.69,0.20,0.60,0.21
6.53,-7.08,-2.69,0.20,0.60,0.21
6.53,-7.08,-2.69,0.20,0.60,0.21
6.53,-7.08,-2.69,0.20,0.60,0.21
6.88,-7.53,-2.46,0.33,0.50,0.14
6.88,-7.53,-2.46,0.33,0.50,0.14
6.88,-7.53,-2.46,0.33,0.50,0.14
6.88,-7.53,-2.46,0.33,0.50,0.14
6.88,-7.53,-2.46,0.33,0.50,0.14
6.88,-7.53,-2.46,0.33,0.50,0.14
7.48,-9.26,-1.83,0.34,0.54,0.05
7.48,-9.26,-1.83,0.34,0.54,0.05
7.48,-9.26,-1.83,0.34,0.54,0.05
7.48,-9.26,-1.83,0.34,0.54,0.05
7.48,-9.26,-1.83,0.34,0.54,0.05
7.48,-9.26,-1.83,0.34,0.54,0.05
6.88,-9.29,-1.24,0.29,0.24,-0.09
6.88,-9.29,-1.24,0.29,0.24,-0.09
6.88,-9.29,-1.24,0.29,0.24,-0.09
6.88,-9.29,-1.24,0.29,0.24,-0.09
6.88,-9.29,-1.24,0.29,0.24,-0.09
6.26,-8.36,-0.13,0.21,-0.12,-0.39
6.26,-8.36,-0.13,0.21,-0.12,-0.39
6.26,-8.36,-0.13,0.21,-0.12,-0.39
6.26,-8.36,-0.13,0.21,-0.12,-0.39
6.26,-8.36,-0.13,0.21,-0.12,-0.39
6.26,-8.36,-0.13,0.21,-0.12,-0.39
5.50,-8.64,0.58,0.35,-0.84,-0.24
5.50,-8.64,0.58,0.35,-0.84,-0.24
5.50,-8.64,0.58,0.35,-0.84,-0.24
5.50,-8.64,0.58,0.35,-0.84,-0.24
5.50,-8.64,0.58,0.35,-0.84,-0.24
5.50,-8.64,0.58,0.35,-0.84,-0.24
5.10,-6.87,0.28,0.26,-0.72,-0.34
5.10,-6.87,0.28,0.26,-0.72,-0.34
5.10,-6.87,0.28,0.26,-0.72,-0.34
5.10,-6.87,0.28,0.26,-0.72,-0.34
5.10,-6.87,0.28,0.26,-0.72,-0.34
4.84,-6.90,-0.24,0.22,-0.63,-0.36
4.84,-6.90,-0.24,0.22,-0.63,-0.36
4.84,-6.90,-0.24,0.22,-0.63,-0.36
4.84,-6.90,-0.24,0.22,-0.63,-0.36
4.84,-6.90,-0.24,0.22,-0.63,-0.36
4.84,-6.90,-0.24,0.22,-0.63,-0.36
5.02,-7.59,-0.87,0.09,-0.37,-0.05
5.02,-7.59,-0.87,0.09,-0.37,-0.05
5.02,-7.59,-0.87,0.09,-0.37,-0.05
5.02,-7.59,-0.87,0.09,-0.37,-0.05
5.02,-7.59,-0.87,0.09,-0.37,-0.05
5.02,-7.59,-0.87,0.09,-0.37,-0.05
5.39,-8.25,-1.26,-0.05,-0.12,0.24
5.39,-8.25,-1.26,-0.05,-0.12,0.24
5.39,-8.25,-1.26,-0.05,-0.12,0.24
5.39,-8.25,-1.26,-0.05,-0.12,0.24
5.39,-8.25,-1.26,-0.05,-0.12,0.24
5.42,-9.53,-1.31,-0.08,-0.12,0.56
5.42,-9.53,-1.31,-0.08,-0.12,0.56
5.42,-9.53,-1.31,-0.08,-0.12,0.56
5.42,-9.53,-1.31,-0.08,-0.12,0.56
5.42,-9.53,-1.31,-0.08,-0.12,0.56
5.42,-9.53,-1.31,-0.08,-0.12,0.56
5.12,-9.80,-1.30,-0.30,0.28,0.80
5.12,-9.80,-1.30,-0.30,0.28,0.80
5.12,-9.80,-1.30,-0.30,0.28,0.80
5.12,-9.80,-1.30,-0.30,0.28,0.80
5.12,-9.80,-1.30,-0.30,0.28,0.80
5.12,-9.80,-1.30,-0.30,0.28,0.80
6.39,-8.34,-1.76,-0.42,0.62,0.76
6.39,-8.34,-1.76,-0.42,0.62,0.76
6.39,-8.34,-1.76,-0.42,0.62,0.76
6.39,-8.34,-1.76,-0.42,0.62,0.76
6.39,-8.34,-1.76,-0.42,0.62,0.76
5.08,-8.63,-1.48,-0.45,0.19,0.34
5.08,-8.63,-1.48,-0.45,0.19,0.34
5.08,-8.63,-1.48,-0.45,0.19,0.34
5.08,-8.63,-1.48,-0.45,0.19,0.34
5.08,-8.63,-1.48,-0.45,0.19,0.34
5.08,-8.63,-1.48,-0.45,0.19,0.34
4.81,-5.44,-2.08,-0.58,0.40,-0.15
4.81,-5.44,-2.08,-0.58,0.40,-0.15
4.81,-5.44,-2.08,-0.58,0.40,-0.15
4.81,-5.44,-2.08,-0.58,0.40,-0.15
4.81,-5.44,-2.08,-0.58,0.40,-0.15
4.81,-5.44,-2.08,-0.58,0.40,-0.15
5.07,-5.60,-2.56,-0.15,-0.02,-0.23
5.07,-5.60,-2.56,-0.15,-0.02,-0.23
5.07,-5.60,-2.56,-0.15,-0.02,-0.23
5.07,-5.60,-2.56,-0.15,-0.02,-0.23
5.07,-5.60,-2.56,-0.15,-0.02,-0.23
5.07,-6.55,-2.73,-0.15,-0.02,-0.23
5.97,-6.55,-2.73,0.15,-0.22,-0.12
5.97,-6.55,-2.73,0.15,-0.22,-0.12
5.97,-6.55,-2.73,0.15,-0.22,-0.12
5.97,-6.55,-2.73,0.15,-0.22,-0.12
5.97,-6.55,-2.73,0.15,-0.22,-0.12
5.93,-6.73,-2.59,0.34,-0.41,-0.32
5.93,-6.73,-2.59,0.34,-0.41,-0.32
5.93,-6.73,-2.59,0.34,-0.41,-0.32
5.93,-6.73,-2.59,0.34,-0.41,-0.32
5.93,-6.73,-2.59,0.34,-0.41,-0.32
5.93,-6.73,-2.59,0.34,-0.41,-0.32
6.65,-9.31,-1.86,0.54,-0.56,-0.35
6.65,-9.31,-1.86,0.54,-0.56,-0.35
6.65,-9.31,-1.86,0.54,-0.56,-0.35
6.65,-9.31,-1.86,0.54,-0.56,-0.35
6.65,-9.31,-1.86,0.54,-0.56,-0.35
6.65,-9.31,-1.86,0.54,-0.56,-0.35
7.45,-10.46,-0.70,0.59,-0.57,-0.15
7.45,-10.46,-0.70,0.59,-0.57,-0.15
7.45,-10.46,-0.70,0.59,-0.57,-0.15
7.45,-10.46,-0.70,0.59,-0.57,-0.15
7.45,-10.46,-0.70,0.59,-0.57,-0.15
6.75,-8.74,0.54,0.71,-0.98,-0.40
6.75,-8.74,0.54,0.71,-0.98,-0.40
6.75,-8.74,0.54,0.71,-0.98,-0.40
6.75,-8.74,0.54,0.71,-0.98,-0.40
6.75,-8.74,0.54,0.71,-0.98,-0.40
6.75,-8.74,0.54,0.71,-0.98,-0.40
5.49,-7.50,1.04,0.91,-1.50,-0.49
5.49,-7.50,1.04,0.91,-1.50,-0.49
5.49,-7.50,1.04,0.91,-1.50,-0.49
5.49,-7.50,1.04,0.91,-1.50,-0.49
5.49,-7.50,1.04,0.91,-1.50,-0.49
5.49,-7.50,1.04,0.91,-1.50,-0.49
4.66,-7.20,1.01,0.82,-1.43,-0.60
4.66,-7.20,1.01,0.82,-1.43,-0.60
4.66,-7.20,1.01,0.82,-1.43,-0.60
4.66,-7.20,1.01,0.82,-1.43,-0.60
4.66,-7.20,1.01,0.82,-1.43,-0.60
4.67,-7.36,0.34,0.69,-1.17,-0.44
4.67,-7.36,0.34,0.69,-1.17,-0.44
4.67,-7.36,0.34,0.69,-1.17,-0.44
4.67,-7.36,0.34,0.69,-1.17,-0.44
4.67,-7.36,0.34,0.69,-1.17,-0.44
4.67,-7.36,0.34,0.69,-1.17,-0.44
5.05,-8.12,-0.58,0.65,-1.07,-0.03
5.05,-8.12,-0.58,0.65,-1.07,-0.03
5.05,-8.12,-0.58,0.65,-1.07,-0.03
5.05,-8.12,-0.58,0.65,-1.07,-0.03
5.05,-8.12,-0.58,0.65,-1.07,-0.03
5.05,-8.12,-0.58,0.65,-1.07,-0.03
4.91,-9.26,-1.17,0.49,-0.82,0.40
4.91,-9.26,-1.17,0.49,-0.82,0.40
4.91,-9.26,-1.17,0.49,-0.82,0.40
4.91,-9.26,-1.17,0.49,-0.82,0.40
4.91,-9.26,-1.17,0.49,-0.82,0.40
4.85,-9.31,-1.28,0.22,-0.27,0.80
4.85,-9.31,-1.28,0.22,-0.27,0.80
4.85,-9.31,-1.28,0.22,-0.27,0.80
4.85,-9.31,-1.28,0.22,-0.27,0.80
4.85,-9.31,-1.28,0.22,-0.27,0.80
4.85,-9.31,-1.28,0.22,-0.27,0.80
5.61,-8.94,-1.28,0.14,0.04,0.86
5.61,-8.94,-1.28,0.14,0.04,0.86
5.61,-8.94,-1.28,0.14,0.04,0.86
5.61,-8.94,-1.28,0.14,0.04,0.86
5.61,-8.94,-1.28,0.14,0.04,0.86
5.61,-8.94,-1.28,0.14,0.04,0.86
5.37,-9.67,-1.49,0.26,-0.35,0.41
5.37,-9.67,-1.49,0.26,-0.35,0.41
5.37,-9.67,-1.49,0.26,-0.35,0.41
5.37,-9.67,-1.49,0.26,-0.35,0.41
5.37,-9.67,-1.49,0.26,-0.35,0.41
4.81,-7.46,-1.14,-0.08,-0.13,-0.29
4.81,-7.46,-1.14,-0.08,-0.13,-0.29
4.81,-7.46,-1.14,-0.08,-0.13,-0.29
4.81,-7.46,-1.14,-0.08,-0.13,-0.29
4.81,-7.46,-1.14,-0.08,-0.13,-0.29
4.81,-7.46,-1.14,-0.08,-0.13,-0.29
4.49,-6.50,-1.06,0.09,-0.23,-0.53
4.49,-6.50,-1.06,0.09,-0.23,-0.53
4.49,-6.50,-1.06,0.09,-0.23,-0.53
4.49,-6.50,-1.06,0.09,-0.23,-0.53
4.49,-6.50,-1.06,0.09,-0.23,-0.53
4.49,-6.50,-1.06,0.09,-0.23,-0.53
4.68,-7.31,-1.31,0.42,-0.56,-0.36
4.68,-7.31,-1.31,0.42,-0.56,-0.36
4.68,-7.31,-1.31,0.42,-0.56,-0.36
4.68,-7.31,-1.31,0.42,-0.56,-0.36
4.68,-7.31,-1.31,0.42,-0.56,-0.36
4.29,-7.02,-1.63,0.51,-0.69,-0.38
4.29,-7.02,-1.63,0.51,-0.69,-0.38
4.29,-7.02,-1.63,0.51,-0.69,-0.38
4.29,-7.02,-1.63,0.51,-0.69,-0.38
4.29,-7.02,-1.63,0.51,-0.69,-0.38
4.29,-7.02,-1.63,0.51,-0.69,-0.38
5.02,-6.91,-1.69,0.41,-0.42,-0.47
5.02,-6.91,-1.69,0.41,-0.42,-0.47
5.02,-6.91,-1.69,0.41,-0.42,-0.47
5.02,-6.91,-1.69,0.41,-0.42,-0.47
5.02,-6.91,-1.69,0.41,-0.42,-0.47
5.02,-6.91,-1.69,0.41,-0.42,-0.47
6.19,-8.15,-1.65,0.41,-0.25,-0.34
6.19,-8.15,-1.65,0.41,-0.25,-0.34
6.19,-8.15,-1.65,0.41,-0.25,-0.34
6.19,-8.15,-1.65,0.41,-0.25,-0.34
6.19,-8.15,-1.65,0.41,-0.25,-0.34
7.64,-12.39,-1.47,0.41,-0.25,-0.21
7.64,-12.39,-1.47,0.41,-0.27,-0.21
7.64,-12.39,-1.47,0.41,-0.27,-0.21
7.64,-12.39,-1.47,0.41,-0.27,-0.21
7.64,-12.39,-1.47,0.41,-0.27,-0.21
7.64,-12.39,-1.47,0.41,-0.27,-0.21
6.76,-9.80,-0.28,-0.03,-0.17,-0.34
6.76,-9.80,-0.28,-0.03,-0.17,-0.34
6.76,-9.80,-0.28,-0.03,-0.17,-0.34
6.76,-9.80,-0.28,-0.03,-0.17,-0.34
6.76,-9.80,-0.28,-0.03,-0.17,-0.34
6.76,-9.80,-0.28,-0.03,-0.17,-0.34
5.13,-8.60,-0.10,0.34,-0.88,-0.64
5.13,-8.60,-0.10,0.34,-0.88,-0.64
5.13,-8.60,-0.10,0.34,-0.88,-0.64
5.13,-8.60,-0.10,0.34,-0.88,-0.64
5.13,-8.60,-0.10,0.34,-0.88,-0.64
5.13,-8.60,-0.30,0.34,-0.88,-0.64
3.96,-7.36,-0.30,0.47,-1.40,-0.47
3.96,-7.36,-0.30,0.47,-1.40,-0.47
3.96,-7.36,-0.30,0.47,-1.40,-0.47
3.96,-7.36,-0.30,0.47,-1.40,-0.47
3.96,-7.36,-0.30,0.47,-1.40,-0.47
3.81,-7.18,-0.59,0.19,-1.06,-0.49
3.81,-7.18,-0.59,0.19,-1.06,-0.49
3.81,-7.18,-0.59,0.19,-1.06,-0.49
3.81,-7.18,-0.59,0.19,-1.06,-0.49
3.81,-7.18,-0.59,0.19,-1.06,-0.49
3.81,-7.18,-0.59,0.19,-1.06,-0.49
4.23,-7.45,-1.32,-0.03,-0.52,-0.18
4.23,-7.45,-1.32,-0.03,-0.52,-0.18
4.23,-7.45,-1.32,-0.03,-0.52,-0.18
4.23,-7.45,-1.32,-0.03,-0.52,-0.18
4.23,-7.45,-1.32,-0.03,-0.52,-0.18
4.23,-7.45,-1.32,-0.03,-0.52,-0.18
4.59,-8.03,-1.56,-0.17,0.05,0.30
4.59,-8.03,-1.56,-0.17,0.05,0.30
4.59,-8.03,-1.56,-0.17,0.05,0.30
4.59,-8.03,-1.56,-0.17,0.05,0.30
4.59,-8.03,-1.56,-0.17,0.05,0.30
4.92,-8.57,-1.69,-0.13,0.49,0.72
4.92,-8.57,-1.69,-0.13,0.49,0.72
4.92,-8.57,-1.69,-0.13,0.49,0.72
4.92,-8.57,-1.69,-0.13,0.49,0.72
4.92,-8.57,-1.69,-0.13,0.49,0.72
4.92,-8.57,-1.69,-0.13,0.49,0.72
5.21,-10.26,-1.24,-0.12,0.85,1.06
5.21,-10.26,-1.24,-0.12,0.85,1.06
5.21,-10.26,-1.24,-0.12,0.85,1.06
5.21,-10.26,-1.24,-0.12,0.85,1.06
5.21,-10.26,-1.24,-0.12,0.85,1.06
5.21,-10.26,-1.24,-0.12,0.85,1.06
5.80,-9.43,-1.74,-0.25,1.07,0.92
5.80,-9.43,-1.74,-0.25,1.07,0.92
5.80,-9.43,-1.74,-0.25,1.07,0.92
5.80,-9.43,-1.74,-0.25,1.07,0.92
5.80,-9.43,-1.74,-0.25,1.07,0.92
4.95,-9.16,-1.56,-0.57,1.08,0.20
4.95,-9.16,-1.56,-0.57,1.08,0.20
4.95,-9.16,-1.56,-0.57,1.08,0.20
4.95,-9.16,-1.56,-0.57,1.08,0.20
4.95,-9.16,-1.56,-0.57,1.08,0.20
4.95,-9.16,-1.56,-0.57,1.08,0.20
4.39,-5.88,-2.11,-0.93,1.41,-0.35
4.39,-5.88,-2.11,-0.93,1.41,-0.35
4.39,-5.88,-2.11,-0.93,1.41,-0.35
4.39,-5.88,-2.11,-0.93,1.41,-0.35
4.39,-5.88,-2.11,-0.93,1.41,-0.35
4.39,-5.88,-2.11,-0.93,1.41,-0.35
4.24,-5.93,-2.52,-0.58,1.00,-0.32
4.24,-5.93,-2.52,-0.58,1.00,-0.32
4.24,-5.93,-2.52,-0.58,1.00,-0.32
4.24,-5.93,-2.52,-0.58,1.00,-0.32
4.24,-5.93,-2.52,-0.58,1.00,-0.32
5.16,-6.53,-2.56,-0.23,0.72,-0.07
5.16,-6.53,-2.56,-0.23,0.72,-0.07
5.16,-6.53,-2.56,-0.23,0.72,-0.07
5.16,-6.53,-2.56,-0.23,0.72,-0.07
5.16,-6.53,-2.56,-0.23,0.72,-0.07
5.16,-6.53,-2.56,-0.23,0.72,-0.07
5.65,-7.28,-2.41,0.08,0.41,0.02
5.65,-7.28,-2.41,0.08,0.41,0.02
5.65,-7.28,-2.41,0.08,0.41,0.02
5.65,-7.28,-2.41,0.08,0.41,0.02
5.65,-7.28,-2.41,0.08,0.41,0.02
5.65,-7.28,-2.41,0.08,0.41,0.02
6.82,-8.93,-2.13,0.16,0.33,0.20
6.82,-8.93,-2.13,0.16,0.33,0.20
6.82,-8.93,-2.13,0.16,0.33,0.20
6.82,-8.93,-2.13,0.16,0.33,0.20
6.82,-8.93,-2.13,0.16,0.33,0.20
7.32,-9.95,-2.19,0.15,0.31,0.30
7.32,-9.95,-2.19,0.15,0.31,0.30
7.32,-9.95,-2.19,0.15,0.31,0.30
7.32,-9.95,-2.19,0.15,0.31,0.30
7.32,-9.95,-2.19,0.15,0.31,0.30
7.32,-9.95,-2.19,0.15,0.31,0.30
6.59,-9.24,-1.67,0.01,0.20,-0.09
6.59,-9.24,-1.67,0.01,0.20,-0.09
6.59,-9.24,-1.67,0.01,0.20,-0.09
6.59,-9.24,-1.67,0.01,0.20,-0.09
6.59,-9.24,-1.67,0.01,0.20,-0.09
6.59,-9.24,-1.67,0.01,0.20,-0.09
4.82,-9.38,-0.79,0.06,-0.50,-0.27
4.82,-9.38,-0.79,0.06,-0.50,-0.27
4.82,-9.38,-0.79,0.06,-0.50,-0.27
4.82,-9.38,-0.79,0.06,-0.50,-0.27
4.82,-9.38,-0.79,0.06,-0.50,-0.27
3.67,-6.98,-0.59,-0.23,-0.25,-0.57
3.67,-6.98,-0.59,-0.23,-0.25,-0.57
3.67,-6.98,-0.59,-0.23,-0.25,-0.57
3.67,-6.98,-0.59,-0.23,-0.25,-0.57
3.67,-6.98,-0.59,-0.23,-0.25,-0.57
3.67,-6.98,-0.59,-0.23,-0.25,-0.57
3.63,-7.20,-0.55,-0.23,-0.39,-0.39
3.63,-7.20,-0.55,-0.23,-0.39,-0.39
3.63,-7.20,-0.55,-0.23,-0.39,-0.39
3.63,-7.20,-0.55,-0.23,-0.39,-0.39
3.63,-7.20,-0.55,-0.23,-0.39,-0.39
3.63,-7.20,-0.55,-0.23,-0.39,-0.39
4.23,-8.02,-0.87,-0.21,-0.26,-0.05
4.23,-8.02,-0.87,-0.21,-0.26,-0.05
4.23,-8.02,-0.87,-0.21,-0.26,-0.05
4.23,-8.02,-0.87,-0.21,-0.26,-0.05
4.23,-8.02,-0.87,-0.21,-0.26,-0.05
4.85,-8.27,-1.14,-0.27,0.24,0.18
4.85,-8.27,-1.14,-0.27,0.24,0.18
4.85,-8.27,-1.14,-0.27,0.24,0.18
4.85,-8.27,-1.14,-0.27,0.24,0.18
4.85,-8.27,-1.14,-0.27,0.24,0.18
4.85,-8.27,-1.14,-0.27,0.24,0.18
5.52,-9.62,-1.31,-0.18,0.59,0.59
5.52,-9.62,-1.31,-0.18,0.59,0.59
5.52,-9.62,-1.31,-0.18,0.59,0.59
5.52,-9.62,-1.31,-0.18,0.59,0.59
5.52,-9.62,-1.31,-0.18,0.59,0.59
5.52,-9.62,-1.31,-0.18,0.59,0.59
5.35,-9.31,-1.24,-0.25,1.01,0.95
5.35,-9.31,-1.24,-0.25,1.01,0.95
5.35,-9.31,-1.24,-0.25,1.01,0.95
5.35,-9.31,-1.24,-0.25,1.01,0.95
5.35,-9.31,-1.24,-0.25,1.01,0.95
5.35,-9.88,-1.15,-0.25,1.01,0.95
4.99,-9.88,-1.15,-0.22,0.94,0.83
4.99,-9.88,-1.15,-0.22,0.94,0.83
4.99,-9.88,-1.15,-0.22,0.94,0.83
4.99,-9.88,-1.15,-0.22,0.94,0.83
4.99,-9.88,-1.15,-0.22,0.94,0.83
4.65,-7.29,-1.49,-0.54,1.25,0.17
4.65,-7.29,-1.49,-0.54,1.25,0.17
4.65,-7.29,-1.49,-0.54,1.25,0.17
4.65,-7.29,-1.49,-0.54,1.25,0.17
4.65,-7.29,-1.49,-0.54,1.25,0.17
4.65,-7.29,-1.49,-0.54,1.25,0.17
4.45,-4.79,-1.82,-0.64,1.25,-0.08
4.45,-4.79,-1.82,-0.64,1.25,-0.08
4.45,-4.79,-1.82,-0.64,1.25,-0.08
4.45,-4.79,-1.82,-0.64,1.25,-0.08
4.45,-4.79,-1.82,-0.64,1.25,-0.08
4.45,-4.79,-1.82,-0.64,1.25,-0.08
5.64,-6.39,-2.17,-0.37,1.11,-0.08
5.64,-6.39,-2.17,-0.37,1.11,-0.08
5.64,-6.39,-2.17,-0.37,1.11,-0.08
5.64,-6.39,-2.17,-0.37,1.11,-0.08
5.64,-6.39,-2.17,-0.37,1.11,-0.08
6.13,-8.71,-2.16,-0.20,0.93,-0.10
6.13,-8.71,-2.16,-0.20,0.93,-0.10
6.13,-8.71,-2.16,-0.20,0.93,-0.10
6.13,-8.71,-2.16,-0.20,0.93,-0.10
6.13,-8.71,-2.16,-0.20,0.93,-0.10
6.13,-8.71,-2.16,-0.20,0.93,-0.10
5.90,-8.26,-2.03,-0.05,0.86,0.01
5.90,-8.26,-2.03,-0.05,0.86,0.01
5.90,-8.26,-2.03,-0.05,0.86,0.01
5.90,-8.26,-2.03,-0.05,0.86,0.01
5.90,-8.26,-2.03,-0.05,0.86,0.01
5.90,-8.26,-2.03,-0.05,0.86,0.01
4.46,-6.60,-1.59,0.12,0.45,-0.31
4.46,-6.60,-1.59,0.12,0.45,-0.31
4.46,-6.60,-1.59,0.12,0.45,-0.31
4.46,-6.60,-1.59,0.12,0.45,-0.31
4.46,-6.60,-1.59,0.12,0.45,-0.31
6.17,-14.61,0.36,0.24,-0.13,-0.18
6.17,-14.61,0.36,0.24,-0.13,-0.18
6.17,-14.61,0.36,0.24,-0.13,-0.18
6.17,-14.61,0.36,0.24,-0.13,-0.18
6.17,-14.61,0.36,0.24,-0.13,-0.18
6.17,-14.61,0.36,0.24,-0.13,-0.18
6.26,-12.36,0.56,-0.39,0.14,0.41
6.26,-12.36,0.56,-0.39,0.14,0.41
6.26,-12.36,0.56,-0.39,0.14,0.41
6.26,-12.36,0.56,-0.39,0.14,0.41
6.26,-12.36,0.56,-0.39,0.14,0.41
6.26,-12.36,0.56,-0.39,0.14,0.41
3.41,-6.04,-0.40,-0.15,-0.49,0.39
3.41,-6.04,-0.40,-0.15,-0.49,0.39
3.41,-6.04,-0.40,-0.15,-0.49,0.39
3.41,-6.04,-0.40,-0.15,-0.49,0.39
3.41,-6.04,-0.40,-0.15,-0.49,0.39
2.37,-4.93,-0.25,0.21,-0.89,0.26
2.37,-4.93,-0.25,0.21,-0.89,0.26
2.37,-4.93,-0.25,0.21,-0.89,0.26
2.37,-4.93,-0.25,0.21,-0.89,0.26
2.37,-4.93,-0.25,0.21,-0.89,0.26
2.37,-4.93,-0.25,0.21,-0.89,0.26
4.22,-8.27,-0.55,0.20,-0.41,0.33
4.22,-8.27,-0.55,0.20,-0.41,0.33
4.22,-8.27,-0.55,0.20,-0.41,0.33
4.22,-8.27,-0.55,0.20,-0.41,0.33
4.22,-8.27,-0.55,0.20,-0.41,0.33
4.22,-8.27,-0.55,0.20,-0.41,0.33
4.73,-9.19,-0.75,-0.33,0.46,0.49
4.73,-9.19,-0.75,-0.33,0.46,0.49
4.73,-9.19,-0.75,-0.33,0.46,0.49
4.73,-9.19,-0.75,-0.33,0.46,0.49
4.73,-9.19,-0.75,-0.33,0.46,0.49
4.77,-8.72,-1.27,-0.44,0.83,0.33
4.77,-8.72,-1.27,-0.44,0.83,0.33
4.77,-8.72,-1.27,-0.44,0.83,0.33
4.77,-8.72,-1.27,-0.44,0.83,0.33
4.77,-8.72,-1.27,-0.44,0.83,0.33
4.77,-8.72,-1.27,-0.44,0.83,0.33
3.87,-12.22,-1.07,-0.17,0.31,0.49
3.87,-12.22,-1.07,-0.17,0.31,0.49
3.87,-12.22,-1.07,-0.17,0.31,0.49
3.87,-12.22,-1.07,-0.17,0.31,0.49
3.87,-12.22,-1.07,-0.17,0.31,0.49
3.87,-12.22,-1.07,-0.17,0.31,0.49
4.29,-8.46,-1.53,-0.52,0.90,0.30
4.29,-8.46,-1.53,-0.52,0.90,0.30
4.29,-8.46,-1.53,-0.52,0.90,0.30
4.29,-8.46,-1.53,-0.52,0.90,0.30
4.29,-8.46,-1.53,-0.52,0.90,0.30
2.38,-9.23,-0.64,-0.52,0.90,-0.05
2.38,-9.23,-0.64,-0.52,0.59,-0.05
2.38,-9.23,-0.64,-0.52,0.59,-0.05
2.38,-9.23,-0.64,-0.52,0.59,-0.05
2.38,-9.23,-0.64,-0.52,0.59,-0.05
2.38,-9.23,-0.64,-0.52,0.59,-0.05
4.05,-5.79,-0.90,-0.77,1.28,-0.23
4.05,-5.79,-0.90,-0.77,1.28,-0.23
4.05,-5.79,-0.90,-0.77,1.28,-0.23
4.05,-5.79,-0.90,-0.77,1.28,-0.23
4.05,-5.79,-0.90,-0.77,1.28,-0.23
4.05,-5.79,-0.90,-0.77,1.28,-0.23
3.45,-7.03,-1.27,-0.00,0.16,-0.10
3.45,-7.03,-1.27,-0.00,0.16,-0.10
3.45,-7.03,-1.27,-0.00,0.16,-0.10
3.45,-7.03,-1.27,-0.00,0.16,-0.10
3.45,-7.03,-1.27,-0.00,0.16,-0.10
3.45,-7.03,-1.81,-0.00,0.16,-0.10
4.53,-7.71,-1.81,0.25,0.11,-0.03
4.53,-7.71,-1.81,0.25,0.11,-0.03
4.53,-7.71,-1.81,0.25,0.11,-0.03
4.53,-7.71,-1.81,0.25,0.11,-0.03
4.53,-7.71,-1.81,0.25,0.11,-0.03
5.43,-8.02,-2.42,0.43,0.01,-0.11
5.43,-8.02,-2.42,0.43,0.01,-0.11
5.43,-8.02,-2.42,0.43,0.01,-0.11
5.43,-8.02,-2.42,0.43,0.01,-0.11
5.43,-8.02,-2.42,0.43,0.01,-0.11
5.43,-8.02,-2.42,0.43,0.01,-0.11
5.85,-8.60,-2.00,0.43,-0.05,-0.29
5.85,-8.60,-2.00,0.43,-0.05,-0.29
5.85,-8.60,-2.00,0.43,-0.05,-0.29
5.85,-8.60,-2.00,0.43,-0.05,-0.29
5.85,-8.60,-2.00,0.43,-0.05,-0.29
5.85,-8.60,-2.00,0.43,-0.05,-0.29
6.77,-12.80,-1.24,0.47,-0.25,-0.32
6.77,-12.80,-1.24,0.47,-0.25,-0.32
6.77,-12.80,-1.24,0.47,-0.25,-0.32
6.77,-12.80,-1.24,0.47,-0.25,-0.32
6.77,-12.80,-1.24,0.47,-0.25,-0.32
4.89,-10.08,0.02,0.03,-0.54,-0.54
4.89,-10.08,0.02,0.03,-0.54,-0.54
4.89,-10.08,0.02,0.03,-0.54,-0.54
4.89,-10.08,0.02,0.03,-0.54,-0.54
4.89,-10.08,0.02,0.03,-0.54,-0.54
4.89,-10.08,0.02,0.03,-0.54,-0.54
4.20,-8.72,0.37,0.11,-0.97,-0.48
4.20,-8.72,0.37,0.11,-0.97,-0.48
4.20,-8.72,0.37,0.11,-0.97,-0.48
4.20,-8.72,0.37,0.11,-0.97,-0.48
4.20,-8.72,0.37,0.11,-0.97,-0.48
4.20,-8.72,0.37,0.11,-0.97,-0.48
3.58,-6.80,0.43,0.09,-1.01,-0.31
3.58,-6.80,0.43,0.09,-1.01,-0.31
3.58,-6.80,0.43,0.09,-1.01,-0.31
3.58,-6.80,0.43,0.09,-1.01,-0.31
3.58,-6.80,0.43,0.09,-1.01,-0.31
3.32,-7.52,0.37,0.09,-0.86,-0.19
3.32,-7.52,0.37,0.09,-0.86,-0.19
3.32,-7.52,0.37,0.09,-0.86,-0.19
3.32,-7.52,0.37,0.09,-0.86,-0.19
3.32,-7.52,0.37,0.09,-0.86,-0.19
3.32,-7.52,0.37,0.09,-0.86,-0.19
3.93,-7.73,-0.06,-0.01,-0.38,0.14
3.93,-7.73,-0.06,-0.01,-0.38,0.14
3.93,-7.73,-0.06,-0.01,-0.38,0.14
3.93,-7.73,-0.06,-0.01,-0.38,0.14
3.93,-7.73,-0.06,-0.01,-0.38,0.14
3.93,-7.73,-0.06,-0.01,-0.38,0.14
4.36,-8.88,-0.35,0.07,-0.05,0.43
4.36,-8.88,-0.35,0.07,-0.05,0.43
4.36,-8.88,-0.35,0.07,-0.05,0.43
4.36,-8.88,-0.35,0.07,-0.05,0.43
4.36,-8.88,-0.35,0.07,-0.05,0.43
5.12,-11.30,-0.03,0.25,0.25,0.58
5.12,-11.30,-0.03,0.25,0.25,0.58
5.12,-11.30,-0.03,0.25,0.25,0.58
5.12,-11.30,-0.03,0.25,0.25,0.58
5.12,-11.30,-0.03,0.25,0.25,0.58
5.12,-11.30,-0.03,0.25,0.25,0.58
4.37,-9.31,-0.57,0.19,0.43,0.59
4.37,-9.31,-0.57,0.19,0.43,0.59
4.37,-9.31,-0.57,0.19,0.43,0.59
4.37,-9.31,-0.57,0.19,0.43,0.59
4.37,-9.31,-0.57,0.19,0.43,0.59
4.37,-9.31,-0.57,0.19,0.43,0.59
2.90,-10.14,-0.64,0.02,0.51,0.24
2.90,-10.14,-0.64,0.02,0.51,0.24
2.90,-10.14,-0.64,0.02,0.51,0.24
2.90,-10.14,-0.64,0.02,0.51,0.24
2.90,-10.14,-0.64,0.02,0.51,0.24
3.39,-7.15,-1.05,0.02,1.32,-0.24
3.39,-7.15,-1.05,-0.45,1.32,-0.24
3.39,-7.15,-1.05,-0.45,1.32,-0.24
3.39,-7.15,-1.05,-0.45,1.32,-0.24
3.39,-7.15,-1.05,-0.45,1.32,-0.24
3.39,-7.15,-1.05,-0.45,1.32,-0.24
4.16,-6.53,-1.27,-0.41,1.38,-0.26
4.16,-6.53,-1.27,-0.41,1.38,-0.26
4.16,-6.53,-1.27,-0.41,1.38,-0.26
4.16,-6.53,-1.27,-0.41,1.38,-0.26
4.16,-6.53,-1.27,-0.41,1.38,-0.26
4.16,-6.53,-1.27,-0.41,1.38,-0.26
4.75,-7.26,-1.65,-0.18,1.12,-0.15
4.75,-7.26,-1.65,-0.18,1.12,-0.15
4.75,-7.26,-1.65,-0.18,1.12,-0.15
4.75,-7.26,-1.65,-0.18,1.12,-0.15
4.75,-7.26,-1.65,-0.18,1.12,-0.15
4.75,-8.39,-1.64,-0.18,1.12,-0.15
4.59,-8.39,-1.64,-0.00,0.77,-0.25
4.59,-8.39,-1.64,-0.00,0.77,-0.25
4.59,-8.39,-1.64,-0.00,0.77,-0.25
4.59,-8.39,-1.64,-0.00,0.77,-0.25
4.59,-8.39,-1.64,-0.00,0.77,-0.25
5.67,-10.04,-0.89,0.03,0.71,-0.30
5.67,-10.04,-0.89,0.03,0.71,-0.30
5.67,-10.04,-0.89,0.03,0.71,-0.30
5.67,-10.04,-0.89,0.03,0.71,-0.30
5.67,-10.04,-0.89,0.03,0.71,-0.30
5.67,-10.04,-0.89,0.03,0.71,-0.30
4.18,-12.53,0.33,0.07,0.15,-0.11
4.18,-12.53,0.33,0.07,0.15,-0.11
4.18,-12.53,0.33,0.07,0.15,-0.11
4.18,-12.53,0.33,0.07,0.15,-0.11
4.18,-12.53,0.33,0.07,0.15,-0.11
4.18,-12.53,0.33,0.07,0.15,-0.11
3.80,-10.99,1.49,-0.59,0.60,-0.17
3.80,-10.99,1.49,-0.59,0.60,-0.17
3.80,-10.99,1.49,-0.59,0.60,-0.17
3.80,-10.99,1.49,-0.59,0.60,-0.17
3.80,-10.99,1.49,-0.59,0.60,-0.17
2.69,-7.48,1.31,-0.62,0.35,-0.15
2.69,-7.48,1.31,-0.62,0.35,-0.15
2.69,-7.48,1.31,-0.62,0.35,-0.15
2.69,-7.48,1.31,-0.62,0.35,-0.15
2.69,-7.48,1.31,-0.62,0.35,-0.15
2.69,-7.48,1.31,-0.62,0.35,-0.15
3.21,-8.29,1.35,-0.60,0.30,-0.07
3.21,-8.29,1.35,-0.60,0.30,-0.07
3.21,-8.29,1.35,-0.60,0.30,-0.07
3.21,-8.29,1.35,-0.60,0.30,-0.07
3.21,-8.29,1.35,-0.60,0.30,-0.07
3.21,-8.29,1.35,-0.60,0.30,-0.07
4.16,-9.67,1.05,-0.76,0.89,0.06
4.16,-9.67,1.05,-0.76,0.89,0.06
4.16,-9.67,1.05,-0.76,0.89,0.06
4.16,-9.67,1.05,-0.76,0.89,0.06
4.16,-9.67,1.05,-0.76,0.89,0.06
4.46,-7.82,0.33,-0.76,1.41,0.21
4.46,-7.82,0.33,-0.76,1.41,0.21
4.46,-7.82,0.33,-0.76,1.41,0.21
4.46,-7.82,0.33,-0.76,1.41,0.21
4.46,-7.82,0.33,-0.76,1.41,0.21
4.46,-7.82,0.33,-0.76,1.41,0.21
3.66,-9.07,0.24,-0.51,1.02,0.46
3.66,-9.07,0.24,-0.51,1.02,0.46
3.66,-9.07,0.24,-0.51,1.02,0.46
3.66,-9.07,0.24,-0.51,1.02,0.46
3.66,-9.07,0.24,-0.51,1.02,0.46
3.66,-9.07,0.24,-0.51,1.02,0.46
4.96,-9.39,0.27,-0.76,1.72,0.50
4.96,-9.39,0.27,-0.76,1.72,0.50
4.96,-9.39,0.27,-0.76,1.72,0.50
4.96,-9.39,0.27,-0.76,1.72,0.50
4.96,-9.39,0.27,-0.76,1.72,0.50
4.83,-8.65,-0.32,-0.82,1.93,0.36
4.83,-8.65,-0.32,-0.82,1.93,0.36
4.83,-8.65,-0.32,-0.82,1.93,0.36
4.83,-8.65,-0.32,-0.82,1.93,0.36
4.83,-8.65,-0.32,-0.82,1.93,0.36
4.83,-8.65,-0.32,-0.82,1.93,0.36
3.99,-8.76,-0.09,-0.87,1.91,0.36
3.99,-8.76,-0.09,-0.87,1.91,0.36
3.99,-8.76,-0.09,-0.87,1.91,0.36
3.99,-8.76,-0.09,-0.87,1.91,0.36
3.99,-8.76,-0.09,-0.87,1.91,0.36
3.99,-8.76,-0.09,-0.87,1.91,0.36
3.94,-7.94,-0.08,-1.08,2.30,0.39
3.94,-7.94,-0.08,-1.08,2.30,0.39
3.94,-7.94,-0.08,-1.08,2.30,0.39
3.94,-7.94,-0.08,-1.08,2.30,0.39
3.94,-7.94,-0.08,-1.08,2.30,0.39
5.21,-11.97,-0.10,-0.92,2.05,0.59
5.21,-11.97,-0.10,-0.92,2.05,0.59
5.21,-11.97,-0.10,-0.92,2.05,0.59
5.21,-11.97,-0.10,-0.92,2.05,0.59
5.21,-11.97,-0.10,-0.92,2.05,0.59
5.21,-11.97,-0.10,-0.92,2.05,0.59
4.70,-9.14,-1.52,-1.24,2.22,0.41
4.70,-9.14,-1.52,-1.24,2.22,0.41
4.70,-9.14,-1.52,-1.24,2.22,0.41
4.70,-9.14,-1.52,-1.24,2.22,0.41
4.70,-9.14,-1.52,-1.24,2.22,0.41
4.70,-9.14,-1.52,-1.24,2.22,0.41
1.75,-9.06,-1.52,-1.38,1.28,-0.01
1.75,-9.06,-1.52,-1.38,1.28,-0.01
1.75,-9.06,-1.52,-1.38,1.28,-0.01
1.75,-9.06,-1.52,-1.38,1.28,-0.01
1.75,-9.06,-1.52,-1.38,1.28,-0.01
3.68,-6.29,-0.56,-1.38,1.28,-0.01
3.68,-6.29,-0.56,-1.86,1.99,0.04
3.68,-6.29,-0.56,-1.86,1.99,0.04
3.68,-6.29,-0.56,-1.86,1.99,0.04
3.68,-6.29,-0.56,-1.86,1.99,0.04
3.68,-6.29,-0.56,-1.86,1.99,0.04
3.88,-7.68,-1.55,-1.24,1.62,-0.04
3.88,-7.68,-1.55,-1.24,1.62,-0.04
3.88,-7.68,-1.55,-1.24,1.62,-0.04
3.88,-7.68,-1.55,-1.24,1.62,-0.04
3.88,-7.68,-1.55,-1.24,1.62,-0.04
3.88,-7.68,-1.55,-1.24,1.62,-0.04
4.00,-7.44,-2.50,-0.62,1.31,-0.05
4.00,-7.44,-2.50,-0.62,1.31,-0.05
4.00,-7.44,-2.50,-0.62,1.31,-0.05
4.00,-7.44,-2.50,-0.62,1.31,-0.05
4.00,-7.44,-2.50,-0.62,1.31,-0.05
4.00,-7.44,-2.50,-0.62,1.31,-0.05
3.91,-7.13,-2.73,-0.29,1.03,-0.09
3.91,-7.13,-2.73,-0.29,1.03,-0.09
3.91,-7.13,-2.73,-0.29,1.03,-0.09
3.91,-7.13,-2.73,-0.29,1.03,-0.09
3.91,-7.13,-2.73,-0.29,1.03,-0.09
5.14,-8.03,-2.66,-0.04,0.99,-0.03
5.14,-8.03,-2.66,-0.04,0.99,-0.03
5.14,-8.03,-2.66,-0.04,0.99,-0.03
5.14,-8.03,-2.66,-0.04,0.99,-0.03
5.14,-8.03,-2.66,-0.04,0.99,-0.03
5.14,-8.03,-2.66,-0.04,0.99,-0.03
6.21,-9.37,-2.60,0.16,0.87,0.05
6.21,-9.37,-2.60,0.16,0.87,0.05
6.21,-9.37,-2.60,0.16,0.87,0.05
6.21,-9.37,-2.60,0.16,0.87,0.05
6.21,-9.37,-2.60,0.16,0.87,0.05
6.21,-9.37,-2.60,0.16,0.87,0.05
7.10,-9.22,-2.79,0.16,0.79,-0.00
7.10,-9.22,-2.79,0.16,0.79,-0.00
7.10,-9.22,-2.79,0.16,0.79,-0.00
7.10,-9.22,-2.79,0.16,0.79,-0.00
7.10,-9.22,-2.79,0.16,0.79,-0.00
6.59,-8.61,-2.56,0.09,0.29,-0.25
6.59,-8.61,-2.56,0.09,0.29,-0.25
6.59,-8.61,-2.56,0.09,0.29,-0.25
6.59,-8.61,-2.56,0.09,0.29,-0.25
6.59,-8.61,-2.56,0.09,0.29,-0.25
6.59,-8.61,-2.56,0.09,0.29,-0.25
6.05,-8.95,-1.84,0.02,-0.31,-0.51
6.05,-8.95,-1.84,0.02,-0.31,-0.51
6.05,-8.95,-1.84,0.02,-0.31,-0.51
6.05,-8.95,-1.84,0.02,-0.31,-0.51
6.05,-8.95,-1.84,0.02,-0.31,-0.51
6.05,-8.95,-1.84,0.02,-0.31,-0.51
5.26,-7.60,-1.08,-0.31,-0.28,-0.64
5.26,-7.60,-1.08,-0.31,-0.28,-0.64
5.26,-7.60,-1.08,-0.31,-0.28,-0.64
5.26,-7.60,-1.08,-0.31,-0.28,-0.64
5.26,-7.60,-1.08,-0.31,-0.28,-0.64
4.54,-6.55,-0.89,-0.45,-0.25,-0.80
4.54,-6.55,-0.89,-0.45,-0.25,-0.80
4.54,-6.55,-0.89,-0.45,-0.25,-0.80
4.54,-6.55,-0.89,-0.45,-0.25,-0.80
4.54,-6.55,-0.89,-0.45,-0.25,-0.80
4.54,-6.55,-0.89,-0.45,-0.25,-0.80
4.00,-6.19,-0.91,-0.37,-0.34,-0.34
4.00,-6.19,-0.91,-0.37,-0.34,-0.34
4.00,-6.19,-0.91,-0.37,-0.34,-0.34
4.00,-6.19,-0.91,-0.37,-0.34,-0.34
4.00,-6.19,-0.91,-0.37,-0.34,-0.34
4.00,-6.19,-0.91,-0.37,-0.34,-0.34
4.87,-7.22,-1.18,-0.20,-0.02,0.32
4.87,-7.22,-1.18,-0.20,-0.02,0.32
4.87,-7.22,-1.18,-0.20,-0.02,0.32
4.87,-7.22,-1.18,-0.20,-0.02,0.32
4.87,-7.22,-1.18,-0.20,-0.02,0.32
5.04,-9.16,-1.29,0.04,0.22,1.01
5.04,-9.16,-1.29,0.04,0.22,1.01
5.04,-9.16,-1.29,0.04,0.22,1.01
5.04,-9.16,-1.29,0.04,0.22,1.01
5.04,-9.16,-1.29,0.04,0.22,1.01
5.04,-9.16,-1.29,0.04,0.22,1.01
5.47,-11.30,-1.56,0.18,0.53,1.37
5.47,-11.30,-1.56,0.18,0.53,1.37
5.47,-11.30,-1.56,0.18,0.53,1.37
5.47,-11.30,-1.56,0.18,0.53,1.37
5.47,-11.30,-1.56,0.18,0.53,1.37
5.47,-11.30,-1.56,0.18,0.53,1.37
5.10,-10.41,-2.18,-0.13,0.86,0.86
5.10,-10.41,-2.18,-0.13,0.86,0.86
5.10,-10.41,-2.18,-0.13,0.86,0.86
5.10,-10.41,-2.18,-0.13,0.86,0.86
5.10,-10.41,-2.18,-0.13,0.86,0.86
3.40,-8.09,-1.97,-0.66,1.10,-0.01
3.40,-8.09,-1.97,-0.66,1.10,-0.01
3.40,-8.09,-1.97,-0.66,1.10,-0.01
3.40,-8.09,-1.97,-0.66,1.10,-0.01
3.40,-8.09,-1.97,-0.66,1.10,-0.01
3.40,-8.09,-1.97,-0.66,1.10,-0.01
3.28,-5.42,-1.98,-0.87,1.42,-0.24
3.28,-5.42,-1.98,-0.87,1.42,-0.24
3.28,-5.42,-1.98,-0.87,1.42,-0.24
3.28,-5.42,-1.98,-0.87,1.42,-0.24
3.28,-5.42,-1.98,-0.87,1.42,-0.24
3.28,-5.42,-1.98,-0.87,1.42,-0.24
4.32,-7.19,-2.04,-0.43,0.97,-0.07
4.32,-7.19,-2.04,-0.43,0.97,-0.07
4.32,-7.19,-2.04,-0.43,0.97,-0.07
4.32,-7.19,-2.04,-0.43,0.97,-0.07
4.32,-7.19,-2.04,-0.43,0.97,-0.07
5.21,-6.89,-2.36,-0.43,0.78,0.03
5.21,-6.89,-2.36,-0.17,0.78,0.03
5.21,-6.89,-2.36,-0.17,0.78,0.03
5.21,-6.89,-2.36,-0.17,0.78,0.03
5.21,-6.89,-2.36,-0.17,0.78,0.03
5.21,-6.89,-2.36,-0.17,0.78,0.03
5.37,-7.85,-2.62,0.18,0.43,-0.03
5.37,-7.85,-2.62,0.18,0.43,-0.03
5.37,-7.85,-2.62,0.18,0.43,-0.03
5.37,-7.85,-2.62,0.18,0.43,-0.03
5.37,-7.85,-2.62,0.18,0.43,-0.03
5.37,-7.85,-2.62,0.18,0.43,-0.03
7.27,-10.85,-2.85,0.36,0.37,0.20
7.27,-10.85,-2.85,0.36,0.37,0.20
7.27,-10.85,-2.85,0.36,0.37,0.20
7.27,-10.85,-2.85,0.36,0.37,0.20
7.27,-10.85,-2.85,0.36,0.37,0.20
7.27,-10.85,-1.93,0.36,0.37,0.20
6.78,-10.77,-1.93,0.10,0.11,0.29
6.78,-10.77,-1.93,0.10,0.11,0.29
6.78,-10.77,-1.93,0.10,0.11,0.29
6.78,-10.77,-1.93,0.10,0.11,0.29
6.78,-10.77,-1.93,0.10,0.11,0.29
5.67,-8.48,-1.16,-0.06,-0.29,-0.40
5.67,-8.48,-1.16,-0.06,-0.29,-0.40
5.67,-8.48,-1.16,-0.06,-0.29,-0.40
5.67,-8.48,-1.16,-0.06,-0.29,-0.40
5.67,-8.48,-1.16,-0.06,-0.29,-0.40
5.67,-8.48,-1.16,-0.06,-0.29,-0.40
4.89,-7.33,-0.33,0.08,-1.06,-0.42
4.89,-7.33,-0.33,0.08,-1.06,-0.42
4.89,-7.33,-0.33,0.08,-1.06,-0.42
4.89,-7.33,-0.33,0.08,-1.06,-0.42
4.89,-7.33,-0.33,0.08,-1.06,-0.42
4.89,-7.33,-0.33,0.08,-1.06,-0.42
5.05,-6.78,-0.12,-0.09,-1.15,-0.46
5.05,-6.78,-0.12,-0.09,-1.15,-0.46
5.05,-6.78,-0.12,-0.09,-1.15,-0.46
5.05,-6.78,-0.12,-0.09,-1.15,-0.46
5.05,-6.78,-0.12,-0.09,-1.15,-0.46
5.09,-7.02,-0.69,-0.17,-1.02,-0.57
5.09,-7.02,-0.69,-0.17,-1.02,-0.57
5.09,-7.02,-0.69,-0.17,-1.02,-0.57
5.09,-7.02,-0.69,-0.17,-1.02,-0.57
5.09,-7.02,-0.69,-0.17,-1.02,-0.57
5.09,-7.02,-0.69,-0.17,-1.02,-0.57
4.66,-7.41,-1.36,-0.19,-0.78,-0.42
4.66,-7.41,-1.36,-0.19,-0.78,-0.42
4.66,-7.41,-1.36,-0.19,-0.78,-0.42
4.66,-7.41,-1.36,-0.19,-0.78,-0.42
4.66,-7.41,-1.36,-0.19,-0.78,-0.42
4.66,-7.41,-1.36,-0.19,-0.78,-0.42
4.92,-7.98,-2.04,-0.18,-0.30,-0.11
4.92,-7.98,-2.04,-0.18,-0.30,-0.11
4.92,-7.98,-2.04,-0.18,-0.30,-0.11
4.92,-7.98,-2.04,-0.18,-0.30,-0.11
4.92,-7.98,-2.04,-0.18,-0.30,-0.11
4.82,-10.62,-2.17,0.01,-0.00,0.36
4.82,-10.62,-2.17,0.01,-0.00,0.36
4.82,-10.62,-2.17,0.01,-0.00,0.36
4.82,-10.62,-2.17,0.01,-0.00,0.36
4.82,-10.62,-2.17,0.01,-0.00,0.36
4.82,-10.62,-2.17,0.01,-0.00,0.36
5.27,-7.28,-2.66,-0.09,0.81,0.38
5.27,-7.28,-2.66,-0.09,0.81,0.38
5.27,-7.28,-2.66,-0.09,0.81,0.38
5.27,-7.28,-2.66,-0.09,0.81,0.38
5.27,-7.28,-2.66,-0.09,0.81,0.38
5.27,-7.28,-2.66,-0.09,0.81,0.38
4.40,-10.86,-2.26,0.23,-0.10,0.10
4.40,-10.86,-2.26,0.23,-0.10,0.10
4.40,-10.86,-2.26,0.23,-0.10,0.10
4.40,-10.86,-2.26,0.23,-0.10,0.10
4.40,-10.86,-2.26,0.23,-0.10,0.10
6.17,-7.58,-2.74,-0.32,0.35,-0.24
6.17,-7.58,-2.74,-0.32,0.35,-0.24
6.17,-7.58,-2.74,-0.32,0.35,-0.24
6.17,-7.58,-2.74,-0.32,0.35,-0.24
6.17,-7.58,-2.74,-0.32,0.35,-0.24
6.17,-7.58,-2.74,-0.32,0.35,-0.24
5.46,-5.25,-3.26,-0.28,-0.08,-0.35
5.46,-5.25,-3.26,-0.28,-0.08,-0.35
5.46,-5.25,-3.26,-0.28,-0.08,-0.35
5.46,-5.25,-3.26,-0.28,-0.08,-0.35
5.46,-5.25,-3.26,-0.28,-0.08,-0.35
5.46,-5.25,-3.26,-0.28,-0.08,-0.35
5.82,-5.43,-3.66,0.04,-0.34,-0.07
5.82,-5.43,-3.66,0.04,-0.34,-0.07
5.82,-5.43,-3.66,0.04,-0.34,-0.07
5.82,-5.43,-3.66,0.04,-0.34,-0.07
5.82,-5.43,-3.66,0.04,-0.34,-0.07
5.72,-6.18,-3.51,-0.04,-0.51,0.02
5.72,-6.18,-3.51,-0.04,-0.51,0.02
5.72,-6.18,-3.51,-0.04,-0.51,0.02
5.72,-6.18,-3.51,-0.04,-0.51,0.02
5.72,-6.18,-3.51,-0.04,-0.51,0.02
5.72,-6.18,-3.51,-0.04,-0.51,0.02
6.04,-6.51,-3.40,-0.02,-0.31,-0.35
6.04,-6.51,-3.40,-0.02,-0.31,-0.35
6.04,-6.51,-3.40,-0.02,-0.31,-0.35
6.04,-6.51,-3.40,-0.02,-0.31,-0.35
6.04,-6.51,-3.40,-0.02,-0.31,-0.35
6.04,-6.51,-3.40,-0.02,-0.31,-0.35
5.72,-6.29,-3.44,0.23,-0.44,-0.39
5.72,-6.29,-3.44,0.23,-0.44,-0.39
5.72,-6.29,-3.44,0.23,-0.44,-0.39
5.72,-6.29,-3.44,0.23,-0.44,-0.39
5.72,-6.29,-3.44,0.23,-0.44,-0.39
5.29,-6.40,-3.47,0.55,-0.55,-0.14
5.29,-6.40,-3.47,0.55,-0.55,-0.14
5.29,-6.40,-3.47,0.55,-0.55,-0.14
5.29,-6.40,-3.47,0.55,-0.55,-0.14
5.29,-6.40,-3.47,0.55,-0.55,-0.14
5.29,-6.40,-3.47,0.55,-0.55,-0.14
6.97,-9.53,-2.54,0.85,-0.41,0.08
6.97,-9.53,-2.54,0.85,-0.41,0.08
6.97,-9.53,-2.54,0.85,-0.41,0.08
6.97,-9.53,-2.54,0.85,-0.41,0.08
6.97,-9.53,-2.54,0.85,-0.41,0.08
6.97,-9.53,-2.54,0.85,-0.41,0.08
8.27,-10.12,-1.34,1.08,-0.50,0.35
8.27,-10.12,-1.34,1.08,-0.50,0.35
8.27,-10.12,-1.34,1.08,-0.50,0.35
8.27,-10.12,-1.34,1.08,-0.50,0.35
8.27,-10.12,-1.34,1.08,-0.50,0.35
6.71,-7.99,-1.07,1.08,-0.50,-0.03
6.71,-7.99,-1.07,1.23,-1.70,-0.03
6.71,-7.99,-1.07,1.23,-1.70,-0.03
6.71,-7.99,-1.07,1.23,-1.70,-0.03
6.71,-7.99,-1.07,1.23,-1.70,-0.03
6.71,-7.99,-1.07,1.23,-1.70,-0.03
3.39,-9.32,-1.05,0.93,-2.24,-0.14
3.39,-9.32,-1.05,0.93,-2.24,-0.14
3.39,-9.32,-1.05,0.93,-2.24,-0.14
3.39,-9.32,-1.05,0.93,-2.24,-0.14
3.39,-9.32,-1.05,0.93,-2.24,-0.14
3.39,-9.32,-1.05,0.93,-2.24,-0.14
3.90,-7.45,-0.97,-0.08,-0.71,-0.42
3.90,-7.45,-0.97,-0.08,-0.71,-0.42
3.90,-7.45,-0.97,-0.08,-0.71,-0.42
3.90,-7.45,-0.97,-0.08,-0.71,-0.42
3.90,-7.45,-0.97,-0.08,-0.71,-0.42
3.90,-7.45,-0.97,-0.08,-0.71,-0.42
3.74,-7.86,-1.34,0.03,-0.87,-0.24
3.74,-7.86,-1.34,0.03,-0.87,-0.24
3.74,-7.86,-1.34,0.03,-0.87,-0.24
3.74,-7.86,-1.34,0.03,-0.87,-0.24
3.74,-7.86,-1.34,0.03,-0.87,-0.24
4.40,-7.77,-1.85,0.17,-0.63,-0.12
4.40,-7.77,-1.85,0.17,-0.63,-0.12
4.40,-7.77,-1.85,0.17,-0.63,-0.12
4.40,-7.77,-1.85,0.17,-0.63,-0.12
4.40,-7.77,-1.85,0.17,-0.63,-0.12
4.40,-7.77,-1.85,0.17,-0.63,-0.12
5.25,-7.78,-1.97,0.16,-0.35,-0.11
5.25,-7.78,-1.97,0.16,-0.35,-0.11
5.25,-7.78,-1.97,0.16,-0.35,-0.11
5.25,-7.78,-1.97,0.16,-0.35,-0.11
5.25,-7.78,-1.97,0.16,-0.35,-0.11
5.25,-7.78,-1.97,0.16,-0.35,-0.11
5.08,-7.97,-2.15,0.22,-0.38,-0.20
5.08,-7.97,-2.15,0.22,-0.38,-0.20
5.08,-7.97,-2.15,0.22,-0.38,-0.20
5.08,-7.97,-2.15,0.22,-0.38,-0.20
5.08,-7.97,-2.15,0.22,-0.38,-0.20
4.75,-7.74,-2.69,0.31,-0.34,-0.07
4.75,-7.74,-2.69,0.31,-0.34,-0.07
4.75,-7.74,-2.69,0.31,-0.34,-0.07
4.75,-7.74,-2.69,0.31,-0.34,-0.07
4.75,-7.74,-2.69,0.31,-0.34,-0.07
4.75,-7.74,-2.69,0.31,-0.34,-0.07
4.24,-8.93,-2.82,0.44,-0.39,0.07
4.24,-8.93,-2.82,0.44,-0.39,0.07
4.24,-8.93,-2.82,0.44,-0.39,0.07
4.24,-8.93,-2.82,0.44,-0.39,0.07
4.24,-8.93,-2.82,0.44,-0.39,0.07
4.24,-8.93,-2.82,0.44,-0.39,0.07
3.97,-9.47,-2.57,0.40,-0.28,0.32
3.97,-9.47,-2.57,0.40,-0.28,0.32
3.97,-9.47,-2.57,0.40,-0.28,0.32
3.97,-9.47,-2.57,0.40,-0.28,0.32
3.97,-9.47,-2.57,0.40,-0.28,0.32
3.15,-9.22,-2.28,0.31,-0.23,0.42
3.15,-9.22,-2.28,0.31,-0.23,0.42
3.15,-9.22,-2.28,0.31,-0.23,0.42
3.15,-9.22,-2.28,0.31,-0.23,0.42
3.15,-9.22,-2.28,0.31,-0.23,0.42
3.15,-9.22,-2.28,0.31,-0.23,0.42
3.00,-8.99,-2.24,0.23,-0.06,0.36
3.00,-8.99,-2.24,0.23,-0.06,0.36
3.00,-8.99,-2.24,0.23,-0.06,0.36
3.00,-8.99,-2.24,0.23,-0.06,0.36
3.00,-8.99,-2.24,0.23,-0.06,0.36
3.00,-8.99,-2.24,0.23,-0.06,0.36
2.46,-9.21,-2.05,0.22,-0.22,0.36
2.46,-9.21,-2.05,0.22,-0.22,0.36
2.46,-9.21,-2.05,0.22,-0.22,0.36
2.46,-9.21,-2.05,0.22,-0.22,0.36
2.46,-9.21,-2.05,0.22,-0.22,0.36
2.47,-9.12,-1.77,0.15,-0.19,0.35
2.47,-9.12,-1.77,0.15,-0.19,0.35
2.47,-9.12,-1.77,0.15,-0.19,0.35
2.47,-9.12,-1.77,0.15,-0.19,0.35
2.47,-9.12,-1.77,0.15,-0.19,0.35
2.47,-9.12,-1.77,0.15,-0.19,0.35
2.39,-8.94,-1.92,0.15,-0.20,0.28
2.39,-8.94,-1.92,0.15,-0.20,0.28
2.39,-8.94,-1.92,0.15,-0.20,0.28
2.39,-8.94,-1.92,0.15,-0.20,0.28
2.39,-8.94,-1.92,0.15,-0.20,0.28
2.39,-8.94,-1.92,0.15,-0.20,0.28
2.36,-8.55,-2.01,0.06,-0.10,0.05
2.36,-8.55,-2.01,0.06,-0.10,0.05
2.36,-8.55,-2.01,0.06,-0.10,0.05
2.36,-8.55,-2.01,0.06,-0.10,0.05
2.36,-8.55,-2.01,0.06,-0.10,0.05
2.60,-8.56,-2.19,0.02,-0.04,-0.19
2.60,-8.56,-2.19,0.02,-0.04,-0.19
2.60,-8.56,-2.19,0.02,-0.04,-0.19
2.60,-8.56,-2.19,0.02,-0.04,-0.19
2.60,-8.56,-2.19,0.02,-0.04,-0.19
2.60,-8.56,-2.19,0.02,-0.04,-0.19
2.71,-9.01,-2.27,-0.08,0.05,-0.39
2.71,-9.01,-2.27,-0.08,0.05,-0.39
2.71,-9.01,-2.27,-0.08,0.05,-0.39
2.71,-9.01,-2.27,-0.08,0.05,-0.39
2.71,-9.01,-2.27,-0.08,0.05,-0.39
2.71,-9.01,-2.27,-0.08,0.05,-0.39
3.05,-8.99,-2.09,-0.30,0.32,-0.53
3.05,-8.99,-2.09,-0.30,0.32,-0.53
3.05,-8.99,-2.09,-0.30,0.32,-0.53
3.05,-8.99,-2.09,-0.30,0.32,-0.53
3.05,-8.99,-2.09,-0.30,0.32,-0.53
3.34,-8.03,-2.13,-0.30,0.44,-0.49
3.34,-8.03,-2.13,-0.39,0.44,-0.49
3.34,-8.03,-2.13,-0.39,0.44,-0.49
3.34,-8.03,-2.13,-0.39,0.44,-0.49
3.34,-8.03,-2.13,-0.39,0.44,-0.49
3.34,-8.03,-2.13,-0.39,0.44,-0.49
4.17,-8.11,-2.40,-0.29,0.42,-0.44
4.17,-8.11,-2.40,-0.29,0.42,-0.44
4.17,-8.11,-2.40,-0.29,0.42,-0.44
4.17,-8.11,-2.40,-0.29,0.42,-0.44
4.17,-8.11,-2.40,-0.29,0.42,-0.44
4.17,-8.11,-2.40,-0.29,0.42,-0.44
4.53,-8.08,-2.52,-0.09,0.08,-0.40
4.53,-8.08,-2.52,-0.09,0.08,-0.40
4.53,-8.08,-2.52,-0.09,0.08,-0.40
4.53,-8.08,-2.52,-0.09,0.08,-0.40
4.53,-8.08,-2.52,-0.09,0.08,-0.40
4.53,-8.08,-2.40,-0.09,0.08,-0.40
4.79,-8.31,-2.40,0.04,0.02,-0.35
4.79,-8.31,-2.40,0.04,0.02,-0.35
4.79,-8.31,-2.40,0.04,0.02,-0.35
4.79,-8.31,-2.40,0.04,0.02,-0.35
4.79,-8.31,-2.40,0.04,0.02,-0.35
5.31,-8.61,-2.55,0.10,0.15,-0.19
5.31,-8.61,-2.55,0.10,0.15,-0.19
5.31,-8.61,-2.55,0.10,0.15,-0.19
5.31,-8.61,-2.55,0.10,0.15,-0.19
5.31,-8.61,-2.55,0.10,0.15,-0.19
5.31,-8.61,-2.55,0.10,0.15,-0.19
5.10,-8.66,-2.36,0.13,0.12,-0.15
5.10,-8.66,-2.36,0.13,0.12,-0.15
5.10,-8.66,-2.36,0.13,0.12,-0.15
5.10,-8.66,-2.36,0.13,0.12,-0.15
5.10,-8.66,-2.36,0.13,0.12,-0.15
5.10,-8.66,-2.36,0.13,0.12,-0.15
4.88,-8.37,-2.35,0.22,0.03,-0.16
4.88,-8.37,-2.35,0.22,0.03,-0.16
4.88,-8.37,-2.35,0.22,0.03,-0.16
4.88,-8.37,-2.35,0.22,0.03,-0.16
4.88,-8.37,-2.35,0.22,0.03,-0.16
4.96,-8.43,-2.33,0.31,-0.09,-0.07
4.96,-8.43,-2.33,0.31,-0.09,-0.07
4.96,-8.43,-2.33,0.31,-0.09,-0.07
4.96,-8.43,-2.33,0.31,-0.09,-0.07
4.96,-8.43,-2.33,0.31,-0.09,-0.07
4.96,-8.43,-2.33,0.31,-0.09,-0.07
4.94,-8.34,-2.13,0.24,-0.08,-0.06
4.94,-8.34,-2.13,0.24,-0.08,-0.06
4.94,-8.34,-2.13,0.24,-0.08,-0.06
4.94,-8.34,-2.13,0.24,-0.08,-0.06
4.94,-8.34,-2.13,0.24,-0.08,-0.06
4.94,-8.34,-2.13,0.24,-0.08,-0.06
4.99,-8.21,-2.03,0.13,-0.07,-0.05
4.99,-8.21,-2.03,0.13,-0.07,-0.05
4.99,-8.21,-2.03,0.13,-0.07,-0.05
4.99,-8.21,-2.03,0.13,-0.07,-0.05
4.99,-8.21,-2.03,0.13,-0.07,-0.05
5.12,-7.83,-1.88,0.02,-0.06,-0.11
5.12,-7.83,-1.88,0.02,-0.06,-0.11
5.12,-7.83,-1.88,0.02,-0.06,-0.11
5.12,-7.83,-1.88,0.02,-0.06,-0.11
5.12,-7.83,-1.88,0.02,-0.06,-0.11
5.12,-7.83,-1.88,0.02,-0.06,-0.11
5.41,-7.82,-1.80,-0.03,-0.03,-0.16
5.41,-7.82,-1.80,-0.03,-0.03,-0.16
5.41,-7.82,-1.80,-0.03,-0.03,-0.16
5.41,-7.82,-1.80,-0.03,-0.03,-0.16
5.41,-7.82,-1.80,-0.03,-0.03,-0.16
5.41,-7.82,-1.80,-0.03,-0.03,-0.16
5.87,-7.83,-2.05,0.05,-0.08,-0.14
5.87,-7.83,-2.05,0.05,-0.08,-0.14
5.87,-7.83,-2.05,0.05,-0.08,-0.14
5.87,-7.83,-2.05,0.05,-0.08,-0.14
5.87,-7.83,-2.05,0.05,-0.08,-0.14
5.62,-8.06,-2.24,0.10,-0.24,-0.19
5.62,-8.06,-2.24,0.10,-0.24,-0.19
5.62,-8.06,-2.24,0.10,-0.24,-0.19
5.62,-8.06,-2.24,0.10,-0.24,-0.19
5.62,-8.06,-2.24,0.10,-0.24,-0.19
5.62,-8.06,-2.24,0.10,-0.24,-0.19
5.45,-8.10,-2.01,-0.05,-0.15,-0.28
5.45,-8.10,-2.01,-0.05,-0.15,-0.28
5.45,-8.10,-2.01,-0.05,-0.15,-0.28
5.45,-8.10,-2.01,-0.05,-0.15,-0.28
5.45,-8.10,-2.01,-0.05,-0.15,-0.28
5.45,-8.10,-2.01,-0.05,-0.15,-0.28
5.41,-7.65,-2.00,-0.06,-0.10,-0.23
5.41,-7.65,-2.00,-0.06,-0.10,-0.23
5.41,-7.65,-2.00,-0.06,-0.10,-0.23
5.41,-7.65,-2.00,-0.06,-0.10,-0.23
5.41,-7.65,-2.00,-0.06,-0.10,-0.23
5.66,-7.56,-2.12,0.02,-0.17,-0.09
5.66,-7.56,-2.12,0.02,-0.17,-0.09
5.66,-7.56,-2.12,0.02,-0.17,-0.09
5.66,-7.56,-2.12,0.02,-0.17,-0.09
5.66,-7.56,-2.12,0.02,-0.17,-0.09
5.66,-7.56,-2.12,0.02,-0.17,-0.09
5.67,-7.62,-2.07,0.02,-0.12,-0.09
5.67,-7.62,-2.07,0.02,-0.12,-0.09
5.67,-7.62,-2.07,0.02,-0.12,-0.09
5.67,-7.62,-2.07,0.02,-0.12,-0.09
5.67,-7.62,-2.07,0.02,-0.12,-0.09
5.67,-7.62,-2.07,0.02,-0.12,-0.09
5.68,-7.72,-2.04,0.01,-0.04,-0.06
5.68,-7.72,-2.04,0.01,-0.04,-0.06
5.68,-7.72,-2.04,0.01,-0.04,-0.06
5.68,-7.72,-2.04,0.01,-0.04,-0.06
5.68,-7.72,-2.04,0.01,-0.04,-0.06
5.80,-7.47,-2.09,-0.01,0.08,-0.03
5.80,-7.47,-2.09,-0.01,0.08,-0.03
5.80,-7.47,-2.09,-0.01,0.08,-0.03
5.80,-7.47,-2.09,-0.01,0.08,-0.03
5.80,-7.47,-2.09,-0.01,0.08,-0.03
5.80,-7.47,-2.09,-0.01,0.08,-0.03
5.62,-7.57,-2.24,0.05,0.07,-0.00
5.62,-7.57,-2.24,0.05,0.07,-0.00
5.62,-7.57,-2.24,0.05,0.07,-0.00
5.62,-7.57,-2.24,0.05,0.07,-0.00
5.62,-7.57,-2.24,0.05,0.07,-0.00
5.62,-7.57,-2.24,0.05,0.07,-0.00
5.67,-7.37,-2.15,0.04,0.10,0.05
5.67,-7.37,-2.15,0.04,0.10,0.05
5.67,-7.37,-2.15,0.04,0.10,0.05
5.67,-7.37,-2.15,0.04,0.10,0.05
5.67,-7.37,-2.15,0.04,0.10,0.05
5.75,-7.52,-1.97,0.04,0.08,0.14
5.75,-7.52,-1.97,0.09,0.08,0.14
5.75,-7.52,-1.97,0.09,0.08,0.14
5.75,-7.52,-1.97,0.09,0.08,0.14
5.75,-7.52,-1.97,0.09,0.08,0.14
5.75,-7.52,-1.97,0.09,0.08,0.14
5.85,-7.58,-1.69,0.13,0.10,0.18
5.85,-7.58,-1.69,0.13,0.10,0.18
5.85,-7.58,-1.69,0.13,0.10,0.18
5.85,-7.58,-1.69,0.13,0.10,0.18
5.85,-7.58,-1.69,0.13,0.10,0.18
5.85,-7.58,-1.69,0.13,0.10,0.18
5.74,-7.75,-1.65,0.19,0.03,0.22
5.74,-7.75,-1.65,0.19,0.03,0.22
5.74,-7.75,-1.65,0.19,0.03,0.22
5.74,-7.75,-1.65,0.19,0.03,0.22
5.74,-7.75,-1.65,0.19,0.03,0.22
5.74,-7.75,-1.65,0.19,0.03,0.22
5.67,-8.05,-1.96,0.20,0.03,0.21
5.67,-8.05,-1.96,0.20,0.03,0.21
5.67,-8.05,-1.96,0.20,0.03,0.21
5.67,-8.05,-1.96,0.20,0.03,0.21
5.67,-8.05,-1.96,0.20,0.03,0.21
5.77,-8.19,-1.84,0.09,0.12,0.08
5.77,-8.19,-1.84,0.09,0.12,0.08
5.77,-8.19,-1.84,0.09,0.12,0.08
5.77,-8.19,-1.84,0.09,0.12,0.08
5.77,-8.19,-1.84,0.09,0.12,0.08
5.77,-8.19,-1.84,0.09,0.12,0.08
5.25,-7.98,-1.43,0.03,0.04,-0.02
5.25,-7.98,-1.43,0.03,0.04,-0.02
5.25,-7.98,-1.43,0.03,0.04,-0.02
5.25,-7.98,-1.43,0.03,0.04,-0.02
5.25,-7.98,-1.43,0.03,0.04,-0.02
5.25,-7.98,-1.43,0.03,0.04,-0.02
5.32,-8.13,-1.22,0.04,0.01,0.00
5.32,-8.13,-1.22,0.04,0.01,0.00
5.32,-8.13,-1.22,0.04,0.01,0.00
5.32,-8.13,-1.22,0.04,0.01,0.00
5.32,-8.13,-1.22,0.04,0.01,0.00
5.28,-8.01,-1.38,0.06,-0.00,0.02
5.28,-8.01,-1.38,0.06,-0.00,0.02
5.28,-8.01,-1.38,0.06,-0.00,0.02
5.28,-8.01,-1.38,0.06,-0.00,0.02
5.28,-8.01,-1.38,0.06,-0.00,0.02
5.28,-8.01,-1.38,0.06,-0.00,0.02
5.37,-8.14,-1.41,0.05,-0.00,0.00
5.37,-8.14,-1.41,0.05,-0.00,0.00
5.37,-8.14,-1.41,0.05,-0.00,0.00
5.37,-8.14,-1.41,0.05,-0.00,0.00
5.37,-8.14,-1.41,0.05,-0.00,0.00
5.37,-8.14,-1.41,0.05,-0.00,0.00
5.35,-8.01,-1.40,0.00,0.02,-0.02
5.35,-8.01,-1.40,0.00,0.02,-0.02
5.35,-8.01,-1.40,0.00,0.02,-0.02
5.35,-8.01,-1.40,0.00,0.02,-0.02
5.35,-8.01,-1.40,0.00,0.02,-0.02
5.38,-8.07,-1.37,-0.03,0.02,-0.01
5.38,-8.07,-1.37,-0.03,0.02,-0.01
5.38,-8.07,-1.37,-0.03,0.02,-0.01
5.38,-8.07,-1.37,-0.03,0.02,-0.01
5.38,-8.07,-1.37,-0.03,0.02,-0.01
5.38,-8.07,-1.37,-0.03,0.02,-0.01
5.35,-8.08,-1.30,-0.05,0.05,-0.01
5.35,-8.08,-1.30,-0.05,0.05,-0.01
5.35,-8.08,-1.30,-0.05,0.05,-0.01
5.35,-8.08,-1.30,-0.05,0.05,-0.01
5.35,-8.08,-1.30,-0.05,0.05,-0.01
5.35,-8.08,-1.30,-0.05,0.05,-0.01
5.39,-8.04,-1.35,-0.04,0.05,-0.01
5.39,-8.04,-1.35,-0.04,0.05,-0.01
5.39,-8.04,-1.35,-0.04,0.05,-0.01
5.39,-8.04,-1.35,-0.04,0.05,-0.01
5.39,-8.04,-1.35,-0.04,0.05,-0.01
5.42,-8.04,-1.39,-0.04,0.05,-0.01
5.42,-8.04,-1.39,-0.04,0.05,-0.01
5.42,-8.04,-1.39,-0.04,0.05,-0.01
5.42,-8.04,-1.39,-0.04,0.05,-0.01
5.42,-8.04,-1.39,-0.04,0.05,-0.01
5.42,-8.04,-1.39,-0.04,0.05,-0.01
5.42,-8.05,-1.43,-0.04,0.05,-0.00
5.42,-8.05,-1.43,-0.04,0.05,-0.00
5.42,-8.05,-1.43,-0.04,0.05,-0.00
5.42,-8.05,-1.43,-0.04,0.05,-0.00
5.42,-8.05,-1.43,-0.04,0.05,-0.00
5.42,-8.05,-1.43,-0.04,0.05,-0.00
5.43,-7.97,-1.40,-0.05,0.05,-0.01
5.43,-7.97,-1.40,-0.05,0.05,-0.01
5.43,-7.97,-1.40,-0.05,0.05,-0.01
5.43,-7.97,-1.40,-0.05,0.05,-0.01
5.43,-7.97,-1.40,-0.05,0.05,-0.01
5.43,-8.02,-1.43,-0.05,0.05,-0.01
5.50,-8.02,-1.43,-0.04,0.03,-0.00
5.50,-8.02,-1.43,-0.04,0.03,-0.00
5.50,-8.02,-1.43,-0.04,0.03,-0.00
5.50,-8.02,-1.43,-0.04,0.03,-0.00
5.50,-8.02,-1.43,-0.04,0.03,-0.00
5.45,-7.94,-1.46,-0.03,0.02,-0.01
5.45,-7.94,-1.46,-0.03,0.02,-0.01
5.45,-7.94,-1.46,-0.03,0.02,-0.01
5.45,-7.94,-1.46,-0.03,0.02,-0.01
5.45,-7.94,-1.46,-0.03,0.02,-0.01
5.45,-7.94,-1.46,-0.03,0.02,-0.01
5.50,-7.94,-1.41,-0.03,0.01,-0.01
5.50,-7.94,-1.41,-0.03,0.01,-0.01
5.50,-7.94,-1.41,-0.03,0.01,-0.01
5.50,-7.94,-1.41,-0.03,0.01,-0.01
5.50,-7.94,-1.41,-0.03,0.01,-0.01
5.50,-7.94,-1.41,-0.03,0.01,-0.01
5.47,-8.03,-1.39,-0.02,0.00,-0.01
5.47,-8.03,-1.39,-0.02,0.00,-0.01
5.47,-8.03,-1.39,-0.02,0.00,-0.01
5.47,-8.03,-1.39,-0.02,0.00,-0.01
5.47,-8.03,-1.39,-0.02,0.00,-0.01
5.42,-7.96,-1.44,-0.01,0.01,-0.03
5.42,-7.96,-1.44,-0.01,0.01,-0.03
5.42,-7.96,-1.44,-0.01,0.01,-0.03
5.42,-7.96,-1.44,-0.01,0.01,-0.03
5.42,-7.96,-1.44,-0.01,0.01,-0.03
5.42,-7.96,-1.44,-0.01,0.01,-0.03
5.48,-7.94,-1.38,-0.00,0.00,-0.01
5.48,-7.94,-1.38,-0.00,0.00,-0.01
5.48,-7.94,-1.38,-0.00,0.00,-0.01
5.48,-7.94,-1.38,-0.00,0.00,-0.01
5.48,-7.94,-1.38,-0.00,0.00,-0.01
5.48,-7.94,-1.38,-0.00,0.00,-0.01
5.54,-7.94,-1.47,0.02,-0.03,0.00
5.54,-7.94,-1.47,0.02,-0.03,0.00
5.54,-7.94,-1.47,0.02,-0.03,0.00
5.54,-7.94,-1.47,0.02,-0.03,0.00
5.54,-7.94,-1.47,0.02,-0.03,0.00
5.53,-8.02,-1.46,0.02,-0.03,-0.02
5.53,-8.02,-1.46,0.02,-0.03,-0.02
5.53,-8.02,-1.46,0.02,-0.03,-0.02
5.53,-8.02,-1.46,0.02,-0.03,-0.02
5.53,-8.02,-1.46,0.02,-0.03,-0.02
5.53,-8.02,-1.46,0.02,-0.03,-0.02
5.48,-7.83,-1.52,0.00,-0.02,-0.04
5.48,-7.83,-1.52,0.00,-0.02,-0.04
5.48,-7.83,-1.52,0.00,-0.02,-0.04
5.48,-7.83,-1.52,0.00,-0.02,-0.04
5.48,-7.83,-1.52,0.00,-0.02,-0.04
5.48,-7.83,-1.52,0.00,-0.02,-0.04
5.52,-7.95,-1.52,0.01,-0.05,-0.02
5.52,-7.95,-1.52,0.01,-0.05,-0.02
5.52,-7.95,-1.52,0.01,-0.05,-0.02
5.52,-7.95,-1.52,0.01,-0.05,-0.02
5.52,-7.95,-1.52,0.01,-0.05,-0.02
5.56,-8.05,-1.35,-0.04,0.01,-0.04
5.56,-8.05,-1.35,-0.04,0.01,-0.04
5.56,-8.05,-1.35,-0.04,0.01,-0.04
5.56,-8.05,-1.35,-0.04,0.01,-0.04
5.56,-8.05,-1.35,-0.04,0.01,-0.04
5.56,-8.05,-1.35,-0.04,0.01,-0.04
5.42,-7.84,-1.42,-0.05,0.03,-0.05
5.42,-7.84,-1.42,-0.05,0.03,-0.05
5.42,-7.84,-1.42,-0.05,0.03,-0.05
5.42,-7.84,-1.42,-0.05,0.03,-0.05
5.42,-7.84,-1.42,-0.05,0.03,-0.05
5.42,-7.84,-1.42,-0.05,0.03,-0.05
5.59,-7.99,-1.51,-0.03,0.03,-0.02
5.59,-7.99,-1.51,-0.03,0.03,-0.02
5.59,-7.99,-1.51,-0.03,0.03,-0.02
5.59,-7.99,-1.51,-0.03,0.03,-0.02
5.59,-7.99,-1.51,-0.03,0.03,-0.02
5.54,-7.85,-1.53,-0.03,0.02,-0.01
5.54,-7.85,-1.53,-0.03,0.02,-0.01
5.54,-7.85,-1.53,-0.03,0.02,-0.01
5.54,-7.85,-1.53,-0.03,0.02,-0.01
5.54,-7.85,-1.53,-0.03,0.02,-0.01
5.54,-7.85,-1.53,-0.03,0.02,-0.01
5.73,-7.79,-1.49,-0.01,0.02,0.00
5.73,-7.79,-1.49,-0.01,0.02,0.00
5.73,-7.79,-1.49,-0.01,0.02,0.00
5.73,-7.79,-1.49,-0.01,0.02,0.00
5.73,-7.79,-1.49,-0.01,0.02,0.00
5.73,-7.79,-1.49,-0.01,0.02,0.00
5.79,-7.73,-1.48,0.00,-0.02,-0.00
5.79,-7.73,-1.48,0.00,-0.02,-0.00
5.79,-7.73,-1.48,0.00,-0.02,-0.00
5.79,-7.73,-1.48,0.00,-0.02,-0.00
5.79,-7.73,-1.48,0.00,-0.02,-0.00
5.70,-7.83,-1.49,0.01,-0.03,-0.02
5.70,-7.83,-1.49,0.01,-0.03,-0.02
5.70,-7.83,-1.49,0.01,-0.03,-0.02
5.70,-7.83,-1.49,0.01,-0.03,-0.02
5.70,-7.83,-1.49,0.01,-0.03,-0.02
5.70,-7.83,-1.49,0.01,-0.03,-0.02
5.57,-7.90,-1.46,-0.00,-0.03,-0.03
5.57,-7.90,-1.46,-0.00,-0.03,-0.03
5.57,-7.90,-1.46,-0.00,-0.03,-0.03
5.57,-7.90,-1.46,-0.00,-0.03,-0.03
5.57,-7.90,-1.46,-0.00,-0.03,-0.03
5.57,-7.90,-1.46,-0.00,-0.03,-0.03
5.50,-7.90,-1.38,-0.03,0.02,-0.04
5.50,-7.90,-1.38,-0.03,0.02,-0.04
5.50,-7.90,-1.38,-0.03,0.02,-0.04
5.50,-7.90,-1.38,-0.03,0.02,-0.04
5.50,-7.90,-1.38,-0.03,0.02,-0.04
5.49,-7.91,-1.46,-0.03,0.02,-0.02
5.49,-7.91,-1.46,-0.03,0.05,-0.02
5.49,-7.91,-1.46,-0.03,0.05,-0.02
5.49,-7.91,-1.46,-0.03,0.05,-0.02
5.49,-7.91,-1.46,-0.03,0.05,-0.02
5.49,-7.91,-1.46,-0.03,0.05,-0.02
5.64,-7.86,-1.62,-0.02,0.06,-0.00
5.64,-7.86,-1.62,-0.02,0.06,-0.00
5.64,-7.86,-1.62,-0.02,0.06,-0.00
5.64,-7.86,-1.62,-0.02,0.06,-0.00
5.64,-7.86,-1.62,-0.02,0.06,-0.00
5.64,-7.86,-1.62,-0.02,0.06,-0.00
5.78,-7.77,-1.60,-0.02,0.06,0.01
5.78,-7.77,-1.60,-0.02,0.06,0.01
5.78,-7.77,-1.60,-0.02,0.06,0.01
5.78,-7.77,-1.60,-0.02,0.06,0.01
5.78,-7.77,-1.60,-0.02,0.06,0.01
5.78,-7.77,-1.60,-0.02,0.06,0.01
5.71,-7.77,-1.43,-0.03,0.04,0.01
5.71,-7.77,-1.43,-0.03,0.04,0.01
5.71,-7.77,-1.43,-0.03,0.04,0.01
5.71,-7.77,-1.43,-0.03,0.04,0.01
5.71,-7.77,-1.43,-0.03,0.04,0.01
5.67,-7.76,-1.44,-0.02,0.03,-0.00
5.67,-7.76,-1.44,-0.02,0.03,-0.00
5.67,-7.76,-1.44,-0.02,0.03,-0.00
5.67,-7.76,-1.44,-0.02,0.03,-0.00
5.67,-7.76,-1.44,-0.02,0.03,-0.00
5.67,-7.76,-1.44,-0.02,0.03,-0.00
5.72,-7.84,-1.58,-0.01,0.02,-0.00
5.72,-7.84,-1.58,-0.01,0.02,-0.00
5.72,-7.84,-1.58,-0.01,0.02,-0.00
5.72,-7.84,-1.58,-0.01,0.02,-0.00
5.72,-7.84,-1.58,-0.01,0.02,-0.00
5.72,-7.84,-1.58,-0.01,0.02,-0.00
5.70,-7.86,-1.57,-0.02,0.02,-0.01
5.70,-7.86,-1.57,-0.02,0.02,-0.01
5.70,-7.86,-1.57,-0.02,0.02,-0.01
5.70,-7.86,-1.57,-0.02,0.02,-0.01
5.70,-7.86,-1.57,-0.02,0.02,-0.01
5.63,-7.84,-1.48,-0.03,0.01,-0.00
5.63,-7.84,-1.48,-0.03,0.01,-0.00
5.63,-7.84,-1.48,-0.03,0.01,-0.00
5.63,-7.84,-1.48,-0.03,0.01,-0.00
5.63,-7.84,-1.48,-0.03,0.01,-0.00
5.63,-7.84,-1.48,-0.03,0.01,-0.00
5.62,-7.83,-1.42,-0.03,0.02,-0.00
5.62,-7.83,-1.42,-0.03,0.02,-0.00
5.62,-7.83,-1.42,-0.03,0.02,-0.00
5.62,-7.83,-1.42,-0.03,0.02,-0.00
5.62,-7.83,-1.42,-0.03,0.02,-0.00
5.62,-7.83,-1.42,-0.03,0.02,-0.00
5.67,-7.85,-1.53,-0.01,0.02,0.00
5.67,-7.85,-1.53,-0.01,0.02,0.00
5.67,-7.85,-1.53,-0.01,0.02,0.00
5.67,-7.85,-1.53,-0.01,0.02,0.00
5.67,-7.85,-1.53,-0.01,0.02,0.00
5.70,-7.76,-1.55,-0.01,0.02,0.00
5.70,-7.76,-1.55,-0.01,0.02,0.00
5.70,-7.76,-1.55,-0.01,0.02,0.00
5.70,-7.76,-1.55,-0.01,0.02,0.00
5.70,-7.76,-1.55,-0.01,0.02,0.00
5.70,-7.76,-1.55,-0.01,0.02,0.00
5.76,-7.75,-1.52,-0.00,0.01,0.01
5.76,-7.75,-1.52,-0.00,0.01,0.01
5.76,-7.75,-1.52,-0.00,0.01,0.01
5.76,-7.75,-1.52,-0.00,0.01,0.01
5.76,-7.75,-1.52,-0.00,0.01,0.01
5.76,-7.75,-1.52,-0.00,0.01,0.01
5.75,-7.86,-1.52,0.01,-0.01,0.00
5.75,-7.86,-1.52,0.01,-0.01,0.00
5.75,-7.86,-1.52,0.01,-0.01,0.00
5.75,-7.86,-1.52,0.01,-0.01,0.00
5.75,-7.86,-1.52,0.01,-0.01,0.00
5.52,-7.89,-1.53,0.00,-0.01,-0.00
5.52,-7.89,-1.53,0.00,-0.01,-0.00
5.52,-7.89,-1.53,0.00,-0.01,-0.00
5.52,-7.89,-1.53,0.00,-0.01,-0.00
5.52,-7.89,-1.53,0.00,-0.01,-0.00
5.52,-7.89,-1.53,0.00,-0.01,-0.00
5.55,-7.73,-1.46,-0.02,0.03,-0.01
5.55,-7.73,-1.46,-0.02,0.03,-0.01
5.55,-7.73,-1.46,-0.02,0.03,-0.01
5.55,-7.73,-1.46,-0.02,0.03,-0.01
5.55,-7.73,-1.46,-0.02,0.03,-0.01
5.55,-7.73,-1.46,-0.02,0.03,-0.01
5.81,-7.69,-1.40,-0.01,0.04,0.00
5.81,-7.69,-1.40,-0.01,0.04,0.00
5.81,-7.69,-1.40,-0.01,0.04,0.00
5.81,-7.69,-1.40,-0.01,0.04,0.00
5.81,-7.69,-1.40,-0.01,0.04,0.00
5.87,-7.83,-1.53,-0.01,0.04,0.00
5.87,-7.83,-1.53,0.02,0.01,0.00
5.87,-7.83,-1.53,0.02,0.01,0.00
5.87,-7.83,-1.53,0.02,0.01,0.00
5.87,-7.83,-1.53,0.02,0.01,0.00
5.87,-7.83,-1.53,0.02,0.01,0.00
5.68,-7.82,-1.52,0.01,0.00,-0.03
5.68,-7.82,-1.52,0.01,0.00,-0.03
5.68,-7.82,-1.52,0.01,0.00,-0.03
5.68,-7.82,-1.52,0.01,0.00,-0.03
5.68,-7.82,-1.52,0.01,0.00,-0.03
5.68,-7.82,-1.52,0.01,0.00,-0.03
5.59,-7.94,-1.45,-0.01,0.00,-0.02
5.59,-7.94,-1.45,-0.01,0.00,-0.02
5.59,-7.94,-1.45,-0.01,0.00,-0.02
