3.84,1.36,-8.84,-0.01,0.00,-0.00
3.84,1.36,-8.84,-0.01,0.00,-0.00
3.84,1.36,-8.84,-0.01,0.00,-0.00
3.84,1.36,-8.84,-0.01,0.00,-0.00
3.84,1.36,-8.84,-0.01,0.00,-0.00
3.84,1.36,-8.84,-0.01,0.00,-0.00
3.82,1.36,-8.84,-0.01,-0.01,-0.00
3.82,1.36,-8.84,-0.01,-0.01,-0.00
3.82,1.36,-8.84,-0.01,-0.01,-0.00
3.82,1.36,-8.84,-0.01,-0.01,-0.00
3.82,1.36,-8.84,-0.01,-0.01,-0.00
3.82,1.36,-8.84,-0.01,-0.01,-0.00
3.78,1.30,-8.89,-0.01,0.00,-0.01
3.78,1.30,-8.89,-0.01,0.00,-0.01
3.78,1.30,-8.89,-0.01,0.00,-0.01
3.78,1.30,-8.89,-0.01,0.00,-0.01
3.78,1.30,-8.89,-0.01,0.00,-0.01
4.16,1.34,-8.93,-0.06,0.05,-0.01
4.16,1.34,-8.93,-0.06,0.05,-0.01
4.16,1.34,-8.93,-0.06,0.05,-0.01
4.16,1.34,-8.93,-0.06,0.05,-0.01
4.16,1.34,-8.93,-0.06,0.05,-0.01
4.16,1.34,-8.93,-0.06,0.05,-0.01
4.35,1.18,-8.96,-0.08,-0.15,0.07
4.35,1.18,-8.96,-0.08,-0.15,0.07
4.35,1.18,-8.96,-0.08,-0.15,0.07
4.35,1.18,-8.96,-0.08,-0.15,0.07
4.35,1.18,-8.96,-0.08,-0.15,0.07
4.35,1.18,-8.96,-0.08,-0.15,0.07
2.82,1.14,-8.89,-0.21,-0.51,0.14
2.82,1.14,-8.89,-0.21,-0.51,0.14
2.82,1.14,-8.89,-0.21,-0.51,0.14
2.82,1.14,-8.89,-0.21,-0.51,0.14
2.82,1.14,-8.89,-0.21,-0.51,0.14
4.20,2.66,-9.21,-0.58,0.45,0.23
4.20,2.66,-9.21,-0.58,0.45,0.23
4.20,2.66,-9.21,-0.58,0.45,0.23
4.20,2.66,-9.21,-0.58,0.45,0.23
4.20,2.66,-9.21,-0.58,0.45,0.23
4.20,2.66,-9.21,-0.58,0.45,0.23
3.43,1.38,-8.35,-0.14,0.16,0.11
3.43,1.38,-8.35,-0.14,0.16,0.11
3.43,1.38,-8.35,-0.14,0.16,0.11
3.43,1.38,-8.35,-0.14,0.16,0.11
3.43,1.38,-8.35,-0.14,0.16,0.11
3.43,1.38,-8.35,-0.14,0.16,0.11
3.73,1.89,-8.02,-0.07,0.15,0.14
3.73,1.89,-8.02,-0.07,0.15,0.14
3.73,1.89,-8.02,-0.07,0.15,0.14
3.73,1.89,-8.02,-0.07,0.15,0.14
3.73,1.89,-8.02,-0.07,0.15,0.14
3.54,1.81,-7.96,-0.07,0.15,0.19
3.54,1.81,-7.96,0.07,0.03,0.19
3.54,1.81,-7.96,0.07,0.03,0.19
3.54,1.81,-7.96,0.07,0.03,0.19
3.54,1.81,-7.96,0.07,0.03,0.19
3.54,1.81,-7.96,0.07,0.03,0.19
4.61,1.28,-9.14,0.04,-0.03,0.14
4.61,1.28,-9.14,0.04,-0.03,0.14
4.61,1.28,-9.14,0.04,-0.03,0.14
4.61,1.28,-9.14,0.04,-0.03,0.14
4.61,1.28,-9.14,0.04,-0.03,0.14
4.61,1.28,-9.14,0.04,-0.03,0.14
3.94,2.97,-8.91,-0.64,-0.45,0.22
3.94,2.97,-8.91,-0.64,-0.45,0.22
3.94,2.97,-8.91,-0.64,-0.45,0.22
3.94,2.97,-8.91,-0.64,-0.45,0.22
3.94,2.97,-8.91,-0.64,-0.45,0.22
3.94,2.97,-8.91,-0.64,-0.45,0.22
3.60,2.22,-8.86,-0.42,-0.16,0.36
3.60,2.22,-8.86,-0.42,-0.16,0.36
3.60,2.22,-8.86,-0.42,-0.16,0.36
3.60,2.22,-8.86,-0.42,-0.16,0.36
3.60,2.22,-8.86,-0.42,-0.16,0.36
3.76,2.73,-8.71,-0.11,0.02,0.11
3.76,2.73,-8.71,-0.11,0.02,0.11
3.76,2.73,-8.71,-0.11,0.02,0.11
3.76,2.73,-8.71,-0.11,0.02,0.11
3.76,2.73,-8.71,-0.11,0.02,0.11
3.76,2.73,-8.71,-0.11,0.02,0.11
3.58,2.41,-8.75,0.10,-0.02,0.01
3.58,2.41,-8.75,0.10,-0.02,0.01
3.58,2.41,-8.75,0.10,-0.02,0.01
3.58,2.41,-8.75,0.10,-0.02,0.01
3.58,2.41,-8.75,0.10,-0.02,0.01
3.58,2.41,-8.75,0.10,-0.02,0.01
3.75,2.28,-8.66,0.06,0.04,0.05
3.75,2.28,-8.66,0.06,0.04,0.05
3.75,2.28,-8.66,0.06,0.04,0.05
3.75,2.28,-8.66,0.06,0.04,0.05
3.75,2.28,-8.66,0.06,0.04,0.05
3.83,2.12,-8.75,0.07,0.02,0.03
3.83,2.12,-8.75,0.07,0.02,0.03
3.83,2.12,-8.75,0.07,0.02,0.03
3.83,2.12,-8.75,0.07,0.02,0.03
3.83,2.12,-8.75,0.07,0.02,0.03
3.83,2.12,-8.75,0.07,0.02,0.03
3.79,2.27,-8.71,-0.03,-0.03,0.01
3.79,2.27,-8.71,-0.03,-0.03,0.01
3.79,2.27,-8.71,-0.03,-0.03,0.01
3.79,2.27,-8.71,-0.03,-0.03,0.01
3.79,2.27,-8.71,-0.03,-0.03,0.01
3.79,2.27,-8.71,-0.03,-0.03,0.01
3.71,2.15,-8.74,-0.01,-0.09,0.06
3.71,2.15,-8.74,-0.01,-0.09,0.06
3.71,2.15,-8.74,-0.01,-0.09,0.06
3.71,2.15,-8.74,-0.01,-0.09,0.06
3.71,2.15,-8.74,-0.01,-0.09,0.06
3.66,2.19,-8.76,-0.02,-0.11,0.06
3.66,2.19,-8.76,-0.02,-0.11,0.06
3.66,2.19,-8.76,-0.02,-0.11,0.06
3.66,2.19,-8.76,-0.02,-0.11,0.06
3.66,2.19,-8.76,-0.02,-0.11,0.06
3.66,2.19,-8.76,-0.02,-0.11,0.06
3.49,2.13,-8.81,-0.02,-0.16,0.04
3.49,2.13,-8.81,-0.02,-0.16,0.04
3.49,2.13,-8.81,-0.02,-0.16,0.04
3.49,2.13,-8.81,-0.02,-0.16,0.04
3.49,2.13,-8.81,-0.02,-0.16,0.04
3.49,2.13,-8.81,-0.02,-0.16,0.04
3.32,2.34,-8.75,-0.03,-0.08,0.04
3.32,2.34,-8.75,-0.03,-0.08,0.04
3.32,2.34,-8.75,-0.03,-0.08,0.04
3.32,2.34,-8.75,-0.03,-0.08,0.04
3.32,2.34,-8.75,-0.03,-0.08,0.04
3.44,2.02,-8.91,0.13,0.05,0.00
3.44,2.02,-8.91,0.13,0.05,0.00
3.44,2.02,-8.91,0.13,0.05,0.00
3.44,2.02,-8.91,0.13,0.05,0.00
3.44,2.02,-8.91,0.13,0.05,0.00
3.44,2.02,-8.91,0.13,0.05,0.00
3.88,1.88,-8.83,0.32,0.26,-0.06
3.88,1.88,-8.83,0.32,0.26,-0.06
3.88,1.88,-8.83,0.32,0.26,-0.06
3.88,1.88,-8.83,0.32,0.26,-0.06
3.88,1.88,-8.83,0.32,0.26,-0.06
3.88,1.88,-8.83,0.32,0.26,-0.06
3.62,1.79,-8.79,0.21,0.18,-0.17
3.62,1.79,-8.79,0.21,0.18,-0.17
3.62,1.79,-8.79,0.21,0.18,-0.17
3.62,1.79,-8.79,0.21,0.18,-0.17
3.62,1.79,-8.79,0.21,0.18,-0.17
3.82,1.76,-8.78,0.21,0.18,-0.17
3.82,1.76,-8.78,-0.01,0.05,-0.03
3.82,1.76,-8.78,-0.01,0.05,-0.03
3.82,1.76,-8.78,-0.01,0.05,-0.03
3.82,1.76,-8.78,-0.01,0.05,-0.03
3.82,1.76,-8.78,-0.01,0.05,-0.03
3.81,1.78,-8.76,-0.02,0.02,-0.01
3.81,1.78,-8.76,-0.02,0.02,-0.01
3.81,1.78,-8.76,-0.02,0.02,-0.01
3.81,1.78,-8.76,-0.02,0.02,-0.01
3.81,1.78,-8.76,-0.02,0.02,-0.01
3.81,1.78,-8.76,-0.02,0.02,-0.01
3.81,1.80,-8.77,0.01,-0.01,0.00
3.81,1.80,-8.77,0.01,-0.01,0.00
3.81,1.80,-8.77,0.01,-0.01,0.00
3.81,1.80,-8.77,0.01,-0.01,0.00
3.81,1.80,-8.77,0.01,-0.01,0.00
3.81,1.80,-8.77,0.01,-0.01,0.00
3.74,1.79,-8.81,0.04,-0.02,0.02
3.74,1.79,-8.81,0.04,-0.02,0.02
3.74,1.79,-8.81,0.04,-0.02,0.02
3.74,1.79,-8.81,0.04,-0.02,0.02
3.74,1.79,-8.81,0.04,-0.02,0.02
3.86,1.81,-8.82,0.09,0.02,0.07
3.86,1.81,-8.82,0.09,0.02,0.07
3.86,1.81,-8.82,0.09,0.02,0.07
3.86,1.81,-8.82,0.09,0.02,0.07
3.86,1.81,-8.82,0.09,0.02,0.07
3.86,1.81,-8.82,0.09,0.02,0.07
4.07,1.22,-8.83,0.27,-0.04,0.21
4.07,1.22,-8.83,0.27,-0.04,0.21
4.07,1.22,-8.83,0.27,-0.04,0.21
4.07,1.22,-8.83,0.27,-0.04,0.21
4.07,1.22,-8.83,0.27,-0.04,0.21
4.07,1.22,-8.83,0.27,-0.04,0.21
3.36,0.88,-8.75,0.00,-0.09,0.49
3.36,0.88,-8.75,0.00,-0.09,0.49
3.36,0.88,-8.75,0.00,-0.09,0.49
3.36,0.88,-8.75,0.00,-0.09,0.49
3.36,0.88,-8.75,0.00,-0.09,0.49
4.04,1.52,-8.79,-0.40,0.23,0.06
4.04,1.52,-8.79,-0.40,0.23,0.06
4.04,1.52,-8.79,-0.40,0.23,0.06
4.04,1.52,-8.79,-0.40,0.23,0.06
4.04,1.52,-8.79,-0.40,0.23,0.06
4.04,1.52,-8.79,-0.40,0.23,0.06
3.98,1.88,-8.83,-0.26,0.16,-0.15
3.98,1.88,-8.83,-0.26,0.16,-0.15
3.98,1.88,-8.83,-0.26,0.16,-0.15
3.98,1.88,-8.83,-0.26,0.16,-0.15
3.98,1.88,-8.83,-0.26,0.16,-0.15
3.98,1.88,-8.83,-0.26,0.16,-0.15
3.92,1.69,-8.74,-0.02,0.01,-0.11
3.92,1.69,-8.74,-0.02,0.01,-0.11
3.92,1.69,-8.74,-0.02,0.01,-0.11
3.92,1.69,-8.74,-0.02,0.01,-0.11
3.92,1.69,-8.74,-0.02,0.01,-0.11
4.07,1.86,-8.63,-0.00,0.03,-0.10
4.07,1.86,-8.63,-0.00,0.03,-0.10
4.07,1.86,-8.63,-0.00,0.03,-0.10
4.07,1.86,-8.63,-0.00,0.03,-0.10
4.07,1.86,-8.63,-0.00,0.03,-0.10
4.07,1.86,-8.63,-0.00,0.03,-0.10
3.99,1.95,-8.71,-0.01,0.02,-0.04
3.99,1.95,-8.71,-0.01,0.02,-0.04
3.99,1.95,-8.71,-0.01,0.02,-0.04
3.99,1.95,-8.71,-0.01,0.02,-0.04
3.99,1.95,-8.71,-0.01,0.02,-0.04
3.99,1.95,-8.71,-0.01,0.02,-0.04
4.07,1.71,-8.69,0.00,0.03,-0.01
4.07,1.71,-8.69,0.00,0.03,-0.01
4.07,1.71,-8.69,0.00,0.03,-0.01
4.07,1.71,-8.69,0.00,0.03,-0.01
4.07,1.71,-8.69,0.00,0.03,-0.01
4.01,1.85,-8.66,0.00,0.03,-0.03
4.01,1.85,-8.66,-0.01,0.03,-0.03
4.01,1.85,-8.66,-0.01,0.03,-0.03
4.01,1.85,-8.66,-0.01,0.03,-0.03
4.01,1.85,-8.66,-0.01,0.03,-0.03
4.01,1.85,-8.66,-0.01,0.03,-0.03
3.93,1.76,-8.74,0.01,0.04,-0.04
3.93,1.76,-8.74,0.01,0.04,-0.04
3.93,1.76,-8.74,0.01,0.04,-0.04
3.93,1.76,-8.74,0.01,0.04,-0.04
3.93,1.76,-8.74,0.01,0.04,-0.04
3.93,1.76,-8.74,0.01,0.04,-0.04
4.21,1.79,-8.61,0.01,0.05,-0.07
4.21,1.79,-8.61,0.01,0.05,-0.07
4.21,1.79,-8.61,0.01,0.05,-0.07
4.21,1.79,-8.61,0.01,0.05,-0.07
4.21,1.79,-8.61,0.01,0.05,-0.07
4.21,1.79,-8.61,0.01,0.05,-0.07
4.14,1.84,-8.63,0.01,0.02,-0.03
4.14,1.84,-8.63,0.01,0.02,-0.03
4.14,1.84,-8.63,0.01,0.02,-0.03
4.14,1.84,-8.63,0.01,0.02,-0.03
4.14,1.84,-8.63,0.01,0.02,-0.03
4.06,1.77,-8.67,0.03,0.03,-0.03
4.06,1.77,-8.67,0.03,0.03,-0.03
4.06,1.77,-8.67,0.03,0.03,-0.03
4.06,1.77,-8.67,0.03,0.03,-0.03
4.06,1.77,-8.67,0.03,0.03,-0.03
4.06,1.77,-8.67,0.03,0.03,-0.03
4.17,1.76,-8.62,0.01,0.06,-0.04
4.17,1.76,-8.62,0.01,0.06,-0.04
4.17,1.76,-8.62,0.01,0.06,-0.04
4.17,1.76,-8.62,0.01,0.06,-0.04
4.17,1.76,-8.62,0.01,0.06,-0.04
4.17,1.76,-8.62,0.01,0.06,-0.04
4.18,1.82,-8.60,0.00,0.05,-0.05
4.18,1.82,-8.60,0.00,0.05,-0.05
4.18,1.82,-8.60,0.00,0.05,-0.05
4.18,1.82,-8.60,0.00,0.05,-0.05
4.18,1.82,-8.60,0.00,0.05,-0.05
4.12,1.88,-8.63,-0.00,0.03,-0.01
4.12,1.88,-8.63,-0.00,0.03,-0.01
4.12,1.88,-8.63,-0.00,0.03,-0.01
4.12,1.88,-8.63,-0.00,0.03,-0.01
4.12,1.88,-8.63,-0.00,0.03,-0.01
4.12,1.88,-8.63,-0.00,0.03,-0.01
4.18,1.81,-8.62,-0.01,0.03,-0.00
4.18,1.81,-8.62,-0.01,0.03,-0.00
4.18,1.81,-8.62,-0.01,0.03,-0.00
4.18,1.81,-8.62,-0.01,0.03,-0.00
4.18,1.81,-8.62,-0.01,0.03,-0.00
4.18,1.81,-8.62,-0.01,0.03,-0.00
4.24,1.83,-8.58,-0.01,0.03,-0.00
4.24,1.83,-8.58,-0.01,0.03,-0.00
4.24,1.83,-8.58,-0.01,0.03,-0.00
4.24,1.83,-8.58,-0.01,0.03,-0.00
4.24,1.83,-8.58,-0.01,0.03,-0.00
4.20,1.79,-8.61,-0.00,0.02,-0.01
4.20,1.79,-8.61,-0.00,0.02,-0.01
4.20,1.79,-8.61,-0.00,0.02,-0.01
4.20,1.79,-8.61,-0.00,0.02,-0.01
4.20,1.79,-8.61,-0.00,0.02,-0.01
4.20,1.79,-8.61,-0.00,0.02,-0.01
4.26,1.84,-8.56,-0.00,0.03,-0.01
4.26,1.84,-8.56,-0.00,0.03,-0.01
4.26,1.84,-8.56,-0.00,0.03,-0.01
4.26,1.84,-8.56,-0.00,0.03,-0.01
4.26,1.84,-8.56,-0.00,0.03,-0.01
4.26,1.84,-8.56,-0.00,0.03,-0.01
4.26,1.83,-8.56,0.00,0.02,-0.01
4.26,1.83,-8.56,0.00,0.02,-0.01
4.26,1.83,-8.56,0.00,0.02,-0.01
4.26,1.83,-8.56,0.00,0.02,-0.01
4.26,1.83,-8.56,0.00,0.02,-0.01
4.24,1.80,-8.58,0.01,0.01,0.00
4.24,1.80,-8.58,0.01,0.01,0.00
4.24,1.80,-8.58,0.01,0.01,0.00
4.24,1.80,-8.58,0.01,0.01,0.00
4.24,1.80,-8.58,0.01,0.01,0.00
4.24,1.80,-8.58,0.01,0.01,0.00
4.25,1.79,-8.58,0.00,0.01,0.00
4.25,1.79,-8.58,0.00,0.01,0.00
4.25,1.79,-8.58,0.00,0.01,0.00
4.25,1.79,-8.58,0.00,0.01,0.00
4.25,1.79,-8.58,0.00,0.01,0.00
4.25,1.79,-8.58,0.00,0.01,0.00
4.26,1.79,-8.58,-0.00,0.01,0.00
4.26,1.79,-8.58,-0.00,0.01,0.00
4.26,1.79,-8.58,-0.00,0.01,0.00
4.26,1.79,-8.58,-0.00,0.01,0.00
4.26,1.79,-8.58,-0.00,0.01,0.00
4.26,1.80,-8.57,-0.00,0.01,0.00
4.26,1.80,-8.57,-0.00,0.01,-0.00
4.26,1.80,-8.57,-0.00,0.01,-0.00
4.26,1.80,-8.57,-0.00,0.01,-0.00
4.26,1.80,-8.57,-0.00,0.01,-0.00
4.26,1.80,-8.57,-0.00,0.01,-0.00
4.26,1.80,-8.57,-0.01,0.01,-0.00
4.26,1.80,-8.57,-0.01,0.01,-0.00
4.26,1.80,-8.57,-0.01,0.01,-0.00
4.26,1.80,-8.57,-0.01,0.01,-0.00
4.26,1.80,-8.57,-0.01,0.01,-0.00
4.26,1.80,-8.57,-0.01,0.01,-0.00
4.27,1.81,-8.57,-0.00,0.01,-0.00
4.27,1.81,-8.57,-0.00,0.01,-0.00
4.27,1.81,-8.57,-0.00,0.01,-0.00
4.27,1.81,-8.57,-0.00,0.01,-0.00
4.27,1.81,-8.57,-0.00,0.01,-0.00
4.27,1.81,-8.57,-0.00,0.01,-0.00
4.26,1.79,-8.57,-0.00,0.01,0.00
4.26,1.79,-8.57,-0.00,0.01,0.00
4.26,1.79,-8.57,-0.00,0.01,0.00
4.26,1.79,-8.57,-0.00,0.01,0.00
4.26,1.79,-8.57,-0.00,0.01,0.00
4.26,1.79,-8.57,-0.00,0.01,-0.00
4.26,1.79,-8.57,-0.00,0.01,-0.00
4.26,1.79,-8.57,-0.00,0.01,-0.00
4.26,1.79,-8.57,-0.00,0.01,-0.00
4.26,1.79,-8.57,-0.00,0.01,-0.00
4.26,1.79,-8.57,-0.00,0.01,-0.00
4.27,1.79,-8.57,-0.00,0.01,-0.00
4.27,1.79,-8.57,-0.00,0.01,-0.00
4.27,1.79,-8.57,-0.00,0.01,-0.00
4.27,1.79,-8.57,-0.00,0.01,-0.00
4.27,1.79,-8.57,-0.00,0.01,-0.00
4.27,1.79,-8.57,-0.00,0.01,-0.00
4.26,1.79,-8.57,-0.00,0.01,-0.00
4.26,1.79,-8.57,-0.00,0.01,-0.00
4.26,1.79,-8.57,-0.00,0.01,-0.00
4.26,1.79,-8.57,-0.00,0.01,-0.00
4.26,1.79,-8.57,-0.00,0.01,-0.00
4.27,1.80,-8.57,-0.01,0.01,-0.00
4.27,1.80,-8.57,-0.01,0.01,-0.00
4.27,1.80,-8.57,-0.01,0.01,-0.00
4.27,1.80,-8.57,-0.01,0.01,-0.00
4.27,1.80,-8.57,-0.01,0.01,-0.00
4.27,1.80,-8.57,-0.01,0.01,-0.00
4.27,1.79,-8.57,-0.00,0.00,0.00
4.27,1.79,-8.57,-0.00,0.00,0.00
4.27,1.79,-8.57,-0.00,0.00,0.00
4.27,1.79,-8.57,-0.00,0.00,0.00
4.27,1.79,-8.57,-0.00,0.00,0.00
4.27,1.79,-8.57,-0.00,0.00,0.00
4.27,1.79,-8.57,-0.00,0.00,0.00
4.27,1.79,-8.57,-0.00,0.00,0.00
4.27,1.79,-8.57,-0.00,0.00,0.00
4.27,1.79,-8.57,-0.00,0.00,0.00
4.27,1.79,-8.57,-0.00,0.00,0.00
4.27,1.79,-8.57,0.00,0.00,-0.00
4.27,1.79,-8.57,0.00,0.00,-0.00
4.27,1.79,-8.57,0.00,0.00,-0.00
4.27,1.79,-8.57,0.00,0.00,-0.00
4.27,1.79,-8.57,0.00,0.00,-0.00
4.27,1.79,-8.57,0.00,0.00,-0.00
4.26,1.78,-8.59,-0.00,0.00,-0.00
4.26,1.78,-8.59,-0.00,0.00,-0.00
4.26,1.78,-8.59,-0.00,0.00,-0.00
4.26,1.78,-8.59,-0.00,0.00,-0.00
4.26,1.78,-8.59,-0.00,0.00,-0.00
4.26,1.78,-8.59,-0.00,0.00,-0.00
4.27,1.78,-8.58,-0.01,0.01,-0.00
4.27,1.78,-8.58,-0.01,0.01,-0.00
4.27,1.78,-8.58,-0.01,0.01,-0.00
4.27,1.78,-8.58,-0.01,0.01,-0.00
4.27,1.78,-8.58,-0.01,0.01,-0.00
4.27,1.78,-8.57,-0.01,0.01,-0.00
4.27,1.78,-8.57,-0.00,0.01,-0.00
4.27,1.78,-8.57,-0.00,0.01,-0.00
4.27,1.78,-8.57,-0.00,0.01,-0.00
4.27,1.78,-8.57,-0.00,0.01,-0.00
4.27,1.78,-8.57,-0.00,0.01,-0.00
4.26,1.77,-8.59,0.00,0.01,-0.00
4.26,1.77,-8.59,0.00,0.01,-0.00
4.26,1.77,-8.59,0.00,0.01,-0.00
4.26,1.77,-8.59,0.00,0.01,-0.00
4.26,1.77,-8.59,0.00,0.01,-0.00
4.26,1.77,-8.59,0.00,0.01,-0.00
4.27,1.76,-8.57,-0.00,0.01,-0.00
4.27,1.76,-8.57,-0.00,0.01,-0.00
4.27,1.76,-8.57,-0.00,0.01,-0.00
4.27,1.76,-8.57,-0.00,0.01,-0.00
4.27,1.76,-8.57,-0.00,0.01,-0.00
4.27,1.76,-8.57,-0.00,0.01,-0.00
4.27,1.77,-8.58,-0.00,0.01,-0.00
4.27,1.77,-8.58,-0.00,0.01,-0.00
4.27,1.77,-8.58,-0.00,0.01,-0.00
4.27,1.77,-8.58,-0.00,0.01,-0.00
4.27,1.77,-8.58,-0.00,0.01,-0.00
4.28,1.78,-8.57,-0.00,0.01,-0.00
4.28,1.78,-8.57,-0.00,0.01,-0.00
4.28,1.78,-8.57,-0.00,0.01,-0.00
4.28,1.78,-8.57,-0.00,0.01,-0.00
4.28,1.78,-8.57,-0.00,0.01,-0.00
4.28,1.78,-8.57,-0.00,0.01,-0.00
4.26,1.76,-8.58,-0.00,0.01,0.00
4.26,1.76,-8.58,-0.00,0.01,0.00
4.26,1.76,-8.58,-0.00,0.01,0.00
4.26,1.76,-8.58,-0.00,0.01,0.00
4.26,1.76,-8.58,-0.00,0.01,0.00
4.26,1.76,-8.58,-0.00,0.01,0.00
4.27,1.76,-8.58,-0.00,0.01,0.00
4.27,1.76,-8.58,-0.00,0.01,0.00
4.27,1.76,-8.58,-0.00,0.01,0.00
4.27,1.76,-8.58,-0.00,0.01,0.00
4.27,1.76,-8.58,-0.00,0.01,0.00
4.27,1.76,-8.58,-0.00,0.01,0.00
4.27,1.76,-8.58,-0.00,0.01,0.00
4.27,1.76,-8.58,-0.00,0.01,0.00
4.27,1.76,-8.58,-0.00,0.01,0.00
4.27,1.76,-8.58,-0.00,0.01,0.00
4.27,1.76,-8.58,-0.00,0.01,0.00
4.28,1.75,-8.58,-0.00,0.01,0.00
4.28,1.75,-8.58,-0.00,0.01,0.00
4.28,1.75,-8.58,-0.00,0.01,0.00
4.28,1.75,-8.58,-0.00,0.01,0.00
4.28,1.75,-8.58,-0.00,0.01,0.00
4.28,1.75,-8.58,-0.00,0.01,0.00
4.28,1.75,-8.57,-0.00,0.01,0.00
4.28,1.75,-8.57,-0.00,0.01,0.00
4.28,1.75,-8.57,-0.00,0.01,0.00
4.28,1.75,-8.57,-0.00,0.01,0.00
4.28,1.75,-8.57,-0.00,0.01,0.00
4.28,1.76,-8.58,-0.00,0.01,0.00
4.28,1.76,-8.58,-0.00,0.01,0.00
4.28,1.76,-8.58,-0.00,0.01,0.00
4.28,1.76,-8.58,-0.00,0.01,0.00
4.28,1.76,-8.58,-0.00,0.01,0.00
4.28,1.76,-8.58,-0.00,0.01,0.00
4.28,1.75,-8.58,-0.00,0.01,0.00
4.28,1.75,-8.58,-0.00,0.01,0.00
4.28,1.75,-8.58,-0.00,0.01,0.00
4.28,1.75,-8.58,-0.00,0.01,0.00
4.28,1.75,-8.58,-0.00,0.01,0.00
4.28,1.75,-8.58,-0.00,0.01,0.00
4.28,1.75,-8.58,-0.00,0.01,0.00
4.28,1.75,-8.58,-0.00,0.01,0.00
4.28,1.75,-8.58,-0.00,0.01,0.00
4.28,1.75,-8.58,-0.00,0.01,0.00
4.28,1.75,-8.58,-0.00,0.01,0.00
4.28,1.75,-8.58,-0.00,0.01,0.00
4.27,1.75,-8.58,-0.00,0.00,0.00
4.27,1.75,-8.58,-0.00,0.00,0.00
4.27,1.75,-8.58,-0.00,0.00,0.00
4.27,1.75,-8.58,-0.00,0.00,0.00
4.27,1.75,-8.58,-0.00,0.00,0.00
4.28,1.75,-8.57,-0.00,0.01,0.00
4.28,1.75,-8.57,-0.00,0.01,0.00
4.28,1.75,-8.57,-0.00,0.01,0.00
4.28,1.75,-8.57,-0.00,0.01,0.00
4.28,1.75,-8.57,-0.00,0.01,0.00
4.28,1.75,-8.57,-0.00,0.01,0.00
4.28,1.75,-8.58,-0.01,0.01,-0.00
4.28,1.75,-8.58,-0.01,0.01,-0.00
4.28,1.75,-8.58,-0.01,0.01,-0.00
4.28,1.75,-8.58,-0.01,0.01,-0.00
4.28,1.75,-8.58,-0.01,0.01,-0.00
4.28,1.75,-8.58,-0.01,0.01,-0.00
4.29,1.75,-8.58,-0.01,0.01,-0.00
4.29,1.75,-8.58,-0.01,0.01,-0.00
4.29,1.75,-8.58,-0.01,0.01,-0.00
4.29,1.75,-8.58,-0.01,0.01,-0.00
4.29,1.75,-8.58,-0.01,0.01,-0.00
4.28,1.75,-8.58,-0.01,0.01,-0.00
4.28,1.75,-8.58,-0.01,0.01,-0.00
4.28,1.75,-8.58,-0.01,0.01,-0.00
4.28,1.75,-8.58,-0.01,0.01,-0.00
4.28,1.75,-8.58,-0.01,0.01,-0.00
4.28,1.75,-8.58,-0.01,0.01,-0.00
4.29,1.76,-8.57,-0.01,0.01,0.00
4.29,1.76,-8.57,-0.01,0.01,0.00
4.29,1.76,-8.57,-0.01,0.01,0.00
4.29,1.76,-8.57,-0.01,0.01,0.00
4.29,1.76,-8.57,-0.01,0.01,0.00
4.29,1.76,-8.57,-0.01,0.01,0.00
4.28,1.75,-8.57,-0.00,0.01,0.00
4.28,1.75,-8.57,-0.00,0.01,0.00
4.28,1.75,-8.57,-0.00,0.01,0.00
4.28,1.75,-8.57,-0.00,0.01,0.00
4.28,1.75,-8.57,-0.00,0.01,0.00
4.28,1.75,-8.57,-0.00,0.01,-0.00
4.28,1.75,-8.57,-0.00,0.01,-0.00
4.28,1.75,-8.57,-0.00,0.01,-0.00
4.28,1.75,-8.57,-0.00,0.01,-0.00
4.28,1.75,-8.57,-0.00,0.01,-0.00
4.28,1.75,-8.57,-0.00,0.01,-0.00
4.28,1.75,-8.58,-0.01,0.01,-0.00
4.28,1.75,-8.58,-0.01,0.01,-0.00
4.28,1.75,-8.58,-0.01,0.01,-0.00
4.28,1.75,-8.58,-0.01,0.01,-0.00
4.28,1.75,-8.58,-0.01,0.01,-0.00
4.28,1.75,-8.58,-0.01,0.01,-0.00
4.28,1.75,-8.57,-0.01,0.01,-0.00
4.28,1.75,-8.57,-0.01,0.01,-0.00
4.28,1.75,-8.57,-0.01,0.01,-0.00
4.28,1.75,-8.57,-0.01,0.01,-0.00
4.28,1.75,-8.57,-0.01,0.01,-0.00
4.28,1.75,-8.58,-0.01,0.01,-0.00
4.28,1.75,-8.58,-0.01,0.01,-0.00
4.28,1.75,-8.58,-0.01,0.01,-0.00
4.28,1.75,-8.58,-0.01,0.01,-0.00
4.28,1.75,-8.58,-0.01,0.01,-0.00
4.28,1.75,-8.58,-0.01,0.01,-0.00
4.29,1.75,-8.57,-0.01,0.01,-0.00
4.29,1.75,-8.57,-0.01,0.01,-0.00
4.29,1.75,-8.57,-0.01,0.01,-0.00
4.29,1.75,-8.57,-0.01,0.01,-0.00
4.29,1.75,-8.57,-0.01,0.01,-0.00
4.29,1.75,-8.57,-0.01,0.01,-0.00
4.28,1.76,-8.58,-0.01,0.00,0.00
4.28,1.76,-8.58,-0.01,0.00,0.00
4.28,1.76,-8.58,-0.01,0.00,0.00
4.28,1.76,-8.58,-0.01,0.00,0.00
4.28,1.76,-8.58,-0.01,0.00,0.00
4.28,1.76,-8.57,-0.01,0.00,0.00
4.28,1.75,-8.57,-0.00,0.01,0.00
4.28,1.75,-8.57,-0.00,0.01,0.00
4.28,1.75,-8.57,-0.00,0.01,0.00
4.28,1.75,-8.57,-0.00,0.01,0.00
4.28,1.75,-8.57,-0.00,0.01,0.00
4.28,1.75,-8.58,-0.01,0.01,-0.00
4.28,1.75,-8.58,-0.01,0.01,-0.00
4.28,1.75,-8.58,-0.01,0.01,-0.00
4.28,1.75,-8.58,-0.01,0.01,-0.00
4.28,1.75,-8.58,-0.01,0.01,-0.00
4.28,1.75,-8.58,-0.01,0.01,-0.00
4.29,1.76,-8.57,-0.01,0.01,-0.00
4.29,1.76,-8.57,-0.01,0.01,-0.00
4.29,1.76,-8.57,-0.01,0.01,-0.00
4.29,1.76,-8.57,-0.01,0.01,-0.00
4.29,1.76,-8.57,-0.01,0.01,-0.00
4.29,1.76,-8.57,-0.01,0.01,-0.00
4.28,1.75,-8.57,-0.01,0.01,-0.00
4.28,1.75,-8.57,-0.01,0.01,-0.00
4.28,1.75,-8.57,-0.01,0.01,-0.00
4.28,1.75,-8.57,-0.01,0.01,-0.00
4.28,1.75,-8.57,-0.01,0.01,-0.00
4.29,1.76,-8.57,-0.01,0.01,-0.00
4.29,1.76,-8.57,-0.01,0.01,-0.00
4.29,1.76,-8.57,-0.01,0.01,-0.00
4.29,1.76,-8.57,-0.01,0.01,-0.00
4.29,1.76,-8.57,-0.01,0.01,-0.00
4.29,1.76,-8.57,-0.01,0.01,-0.00
4.28,1.75,-8.57,-0.00,0.00,0.00
4.28,1.75,-8.57,-0.00,0.00,0.00
4.28,1.75,-8.57,-0.00,0.00,0.00
4.28,1.75,-8.57,-0.00,0.00,0.00
4.28,1.75,-8.57,-0.00,0.00,0.00
4.28,1.75,-8.57,-0.00,0.00,0.00
4.28,1.76,-8.57,-0.00,0.01,-0.00
4.28,1.76,-8.57,-0.00,0.01,-0.00
4.28,1.76,-8.57,-0.00,0.01,-0.00
4.28,1.76,-8.57,-0.00,0.01,-0.00
4.28,1.76,-8.57,-0.00,0.01,-0.00
4.28,1.75,-8.57,-0.00,0.01,-0.00
4.28,1.75,-8.57,-0.00,0.01,-0.00
4.28,1.75,-8.57,-0.00,0.01,-0.00
4.28,1.75,-8.57,-0.00,0.01,-0.00
4.28,1.75,-8.57,-0.00,0.01,-0.00
4.28,1.75,-8.57,-0.00,0.01,-0.00
4.28,1.76,-8.57,-0.01,0.01,-0.00
4.28,1.76,-8.57,-0.01,0.01,-0.00
4.28,1.76,-8.57,-0.01,0.01,-0.00
4.28,1.76,-8.57,-0.01,0.01,-0.00
4.28,1.76,-8.57,-0.01,0.01,-0.00
4.28,1.76,-8.57,-0.01,0.01,-0.00
4.29,1.76,-8.57,-0.01,0.01,-0.00
4.29,1.76,-8.57,-0.01,0.01,-0.00
4.29,1.76,-8.57,-0.01,0.01,-0.00
4.29,1.76,-8.57,-0.01,0.01,-0.00
4.29,1.76,-8.57,-0.01,0.01,-0.00
4.29,1.76,-8.57,-0.01,0.01,-0.00
4.29,1.76,-8.57,-0.01,0.01,-0.00
4.29,1.76,-8.57,-0.01,0.01,-0.00
4.29,1.76,-8.57,-0.01,0.01,-0.00
4.29,1.76,-8.57,-0.01,0.01,-0.00
4.29,1.76,-8.57,-0.01,0.01,-0.00
4.30,1.76,-8.57,-0.01,0.00,-0.00
4.30,1.76,-8.57,-0.01,0.00,-0.00
4.30,1.76,-8.57,-0.01,0.00,-0.00
4.30,1.76,-8.57,-0.01,0.00,-0.00
4.30,1.76,-8.57,-0.01,0.00,-0.00
4.30,1.76,-8.57,-0.01,0.00,-0.00
4.28,1.75,-8.57,-0.00,0.00,0.00
4.28,1.75,-8.57,-0.00,0.00,0.00
4.28,1.75,-8.57,-0.00,0.00,0.00
4.28,1.75,-8.57,-0.00,0.00,0.00
4.28,1.75,-8.57,-0.00,0.00,0.00
4.28,1.75,-8.57,-0.00,0.01,-0.00
4.28,1.75,-8.57,-0.00,0.01,-0.00
4.28,1.75,-8.57,-0.00,0.01,-0.00
4.28,1.75,-8.57,-0.00,0.01,-0.00
4.28,1.75,-8.57,-0.00,0.01,-0.00
4.28,1.75,-8.57,-0.00,0.01,-0.00
4.29,1.76,-8.57,-0.01,0.01,-0.00
4.29,1.76,-8.57,-0.01,0.01,-0.00
4.29,1.76,-8.57,-0.01,0.01,-0.00
4.29,1.76,-8.57,-0.01,0.01,-0.00
4.29,1.76,-8.57,-0.01,0.01,-0.00
4.29,1.76,-8.57,-0.01,0.01,-0.00
4.29,1.76,-8.57,-0.01,0.01,-0.00
4.29,1.76,-8.57,-0.01,0.01,-0.00
4.29,1.76,-8.57,-0.01,0.01,-0.00
4.29,1.76,-8.57,-0.01,0.01,-0.00
4.29,1.76,-8.57,-0.01,0.01,-0.00
4.29,1.76,-8.57,-0.01,0.01,-0.00
4.29,1.75,-8.57,-0.01,0.01,0.00
4.29,1.75,-8.57,-0.01,0.01,0.00
4.29,1.75,-8.57,-0.01,0.01,0.00
4.29,1.75,-8.57,-0.01,0.01,0.00
4.29,1.75,-8.57,-0.01,0.01,0.00
4.29,1.76,-8.57,-0.00,0.00,-0.00
4.29,1.76,-8.57,-0.00,0.00,-0.00
4.29,1.76,-8.57,-0.00,0.00,-0.00
4.29,1.76,-8.57,-0.00,0.00,-0.00
4.29,1.76,-8.57,-0.00,0.00,-0.00
4.29,1.76,-8.57,-0.00,0.00,-0.00
4.28,1.76,-8.57,-0.00,0.00,0.00
4.28,1.76,-8.57,-0.00,0.00,0.00
4.28,1.76,-8.57,-0.00,0.00,0.00
4.28,1.76,-8.57,-0.00,0.00,0.00
4.28,1.76,-8.57,-0.00,0.00,0.00
4.28,1.76,-8.57,-0.00,0.00,0.00
4.28,1.75,-8.57,-0.00,0.01,0.00
4.28,1.75,-8.57,-0.00,0.01,0.00
4.28,1.75,-8.57,-0.00,0.01,0.00
4.28,1.75,-8.57,-0.00,0.01,0.00
4.28,1.75,-8.57,-0.00,0.01,0.00
4.29,1.75,-8.57,-0.01,0.01,-0.00
4.29,1.75,-8.57,-0.01,0.01,-0.00
4.29,1.75,-8.57,-0.01,0.01,-0.00
4.29,1.75,-8.57,-0.01,0.01,-0.00
4.29,1.75,-8.57,-0.01,0.01,-0.00
4.29,1.75,-8.57,-0.01,0.01,-0.00
4.29,1.76,-8.57,-0.01,0.01,-0.00
4.29,1.76,-8.57,-0.01,0.01,-0.00
4.29,1.76,-8.57,-0.01,0.01,-0.00
4.29,1.76,-8.57,-0.01,0.01,-0.00
4.29,1.76,-8.57,-0.01,0.01,-0.00
4.29,1.76,-8.57,-0.01,0.01,-0.00
4.29,1.76,-8.57,-0.01,0.01,-0.00
4.29,1.76,-8.57,-0.01,0.01,-0.00
4.29,1.76,-8.57,-0.01,0.01,-0.00
4.29,1.76,-8.57,-0.01,0.01,-0.00
4.29,1.76,-8.57,-0.01,0.01,-0.00
4.29,1.76,-8.57,-0.01,0.00,-0.00
4.29,1.76,-8.57,-0.01,0.00,-0.00
4.29,1.76,-8.57,-0.01,0.00,-0.00
4.29,1.76,-8.57,-0.01,0.00,-0.00
4.29,1.76,-8.57,-0.01,0.00,-0.00
4.29,1.76,-8.57,-0.01,0.00,-0.00
4.29,1.77,-8.57,-0.01,0.00,-0.00
4.29,1.77,-8.57,-0.01,0.00,-0.00
4.29,1.77,-8.57,-0.01,0.00,-0.00
4.29,1.77,-8.57,-0.01,0.00,-0.00
4.29,1.77,-8.57,-0.01,0.00,-0.00
4.29,1.77,-8.57,-0.01,0.00,-0.00
4.29,1.74,-8.57,-0.00,0.01,0.00
4.29,1.74,-8.57,-0.00,0.01,0.00
4.29,1.74,-8.57,-0.00,0.01,0.00
4.29,1.74,-8.57,-0.00,0.01,0.00
4.29,1.74,-8.57,-0.00,0.01,0.00
4.29,1.76,-8.57,-0.01,0.01,-0.00
4.29,1.76,-8.57,-0.01,0.01,-0.00
4.29,1.76,-8.57,-0.01,0.01,-0.00
4.29,1.76,-8.57,-0.01,0.01,-0.00
4.29,1.76,-8.57,-0.01,0.01,-0.00
4.29,1.76,-8.57,-0.01,0.01,-0.00
4.29,1.76,-8.57,-0.01,0.01,-0.00
4.29,1.76,-8.57,-0.01,0.01,-0.00
4.29,1.76,-8.57,-0.01,0.01,-0.00
4.29,1.76,-8.57,-0.01,0.01,-0.00
4.29,1.76,-8.57,-0.01,0.01,-0.00
4.29,1.76,-8.57,-0.01,0.01,-0.00
4.29,1.76,-8.57,-0.01,0.01,-0.00
4.29,1.76,-8.57,-0.01,0.01,-0.00
4.29,1.76,-8.57,-0.01,0.01,-0.00
4.29,1.76,-8.57,-0.01,0.01,-0.00
4.29,1.76,-8.57,-0.01,0.01,-0.00
4.29,1.76,-8.57,-0.01,0.01,-0.00
4.29,1.76,-8.57,-0.01,0.01,-0.00
4.29,1.76,-8.57,-0.01,0.01,-0.00
4.29,1.76,-8.57,-0.01,0.01,-0.00
4.29,1.76,-8.57,-0.01,0.01,-0.00
4.29,1.76,-8.57,-0.01,0.01,-0.00
4.29,1.76,-8.57,-0.00,0.00,0.00
4.29,1.76,-8.57,-0.00,0.00,0.00
4.29,1.76,-8.57,-0.00,0.00,0.00
4.29,1.76,-8.57,-0.00,0.00,0.00
4.29,1.76,-8.57,-0.00,0.00,0.00
4.29,1.76,-8.57,-0.00,0.00,0.00
4.29,1.76,-8.57,-0.00,0.00,0.00
4.29,1.76,-8.57,-0.00,0.00,0.00
4.29,1.76,-8.57,-0.00,0.00,0.00
4.29,1.76,-8.57,-0.00,0.00,0.00
4.29,1.76,-8.57,-0.00,0.00,0.00
4.29,1.76,-8.57,-0.00,0.00,0.00
4.28,1.75,-8.57,-0.00,0.00,0.00
4.28,1.75,-8.57,-0.00,0.00,0.00
4.28,1.75,-8.57,-0.00,0.00,0.00
4.28,1.75,-8.57,-0.00,0.00,0.00
4.28,1.75,-8.57,-0.00,0.00,0.00
4.29,1.75,-8.57,-0.01,0.01,-0.00
4.29,1.75,-8.57,-0.01,0.01,-0.00
4.29,1.75,-8.57,-0.01,0.01,-0.00
4.29,1.75,-8.57,-0.01,0.01,-0.00
4.29,1.75,-8.57,-0.01,0.01,-0.00
4.29,1.75,-8.57,-0.01,0.01,-0.00
4.29,1.76,-8.56,-0.01,0.01,-0.00
4.29,1.76,-8.56,-0.01,0.01,-0.00
4.29,1.76,-8.56,-0.01,0.01,-0.00
4.29,1.76,-8.56,-0.01,0.01,-0.00
4.29,1.76,-8.56,-0.01,0.01,-0.00
4.29,1.76,-8.56,-0.01,0.01,-0.00
4.29,1.77,-8.57,-0.01,0.01,-0.00
4.29,1.77,-8.57,-0.01,0.01,-0.00
4.29,1.77,-8.57,-0.01,0.01,-0.00
4.29,1.77,-8.57,-0.01,0.01,-0.00
4.29,1.77,-8.57,-0.01,0.01,-0.00
4.29,1.75,-8.57,-0.00,0.00,0.00
4.29,1.75,-8.57,-0.00,0.00,0.00
4.29,1.75,-8.57,-0.00,0.00,0.00
4.29,1.75,-8.57,-0.00,0.00,0.00
4.29,1.75,-8.57,-0.00,0.00,0.00
4.29,1.75,-8.57,-0.00,0.00,0.00
4.29,1.76,-8.56,-0.00,0.00,0.00
4.29,1.76,-8.56,-0.00,0.00,0.00
4.29,1.76,-8.56,-0.00,0.00,0.00
4.29,1.76,-8.56,-0.00,0.00,0.00
4.29,1.76,-8.56,-0.00,0.00,0.00
4.29,1.76,-8.56,-0.00,0.00,0.00
4.28,1.74,-8.58,-0.00,0.01,0.00
4.28,1.74,-8.58,-0.00,0.01,0.00
4.28,1.74,-8.58,-0.00,0.01,0.00
4.28,1.74,-8.58,-0.00,0.01,0.00
4.28,1.74,-8.58,-0.00,0.01,0.00
4.28,1.75,-8.56,-0.01,0.01,-0.00
4.28,1.75,-8.56,-0.01,0.01,-0.00
4.28,1.75,-8.56,-0.01,0.01,-0.00
4.28,1.75,-8.56,-0.01,0.01,-0.00
4.28,1.75,-8.56,-0.01,0.01,-0.00
4.28,1.75,-8.56,-0.01,0.01,-0.00
4.30,1.77,-8.57,-0.01,0.01,-0.00
4.30,1.77,-8.57,-0.01,0.01,-0.00
4.30,1.77,-8.57,-0.01,0.01,-0.00
4.30,1.77,-8.57,-0.01,0.01,-0.00
4.30,1.77,-8.57,-0.01,0.01,-0.00
4.30,1.77,-8.57,-0.01,0.01,-0.00
4.28,1.76,-8.57,-0.01,0.01,-0.00
4.28,1.76,-8.57,-0.01,0.01,-0.00
4.28,1.76,-8.57,-0.01,0.01,-0.00
4.28,1.76,-8.57,-0.01,0.01,-0.00
4.28,1.76,-8.57,-0.01,0.01,-0.00
4.29,1.74,-8.57,-0.01,0.00,0.00
4.29,1.74,-8.57,-0.00,0.00,0.00
4.29,1.74,-8.57,-0.00,0.00,0.00
4.29,1.74,-8.57,-0.00,0.00,0.00
4.29,1.74,-8.57,-0.00,0.00,0.00
4.29,1.74,-8.57,-0.00,0.00,0.00
4.29,1.76,-8.57,-0.00,0.00,0.00
4.29,1.76,-8.57,-0.00,0.00,0.00
4.29,1.76,-8.57,-0.00,0.00,0.00
4.29,1.76,-8.57,-0.00,0.00,0.00
4.29,1.76,-8.57,-0.00,0.00,0.00
4.29,1.76,-8.57,-0.00,0.00,0.00
4.29,1.76,-8.57,-0.00,0.00,0.00
4.29,1.76,-8.57,-0.00,0.00,0.00
4.29,1.76,-8.57,-0.00,0.00,0.00
4.29,1.76,-8.57,-0.00,0.00,0.00
4.29,1.76,-8.57,-0.00,0.00,0.00
4.29,1.76,-8.57,-0.00,0.00,0.00
4.29,1.75,-8.58,-0.01,0.00,-0.00
4.29,1.75,-8.58,-0.01,0.00,-0.00
4.29,1.75,-8.58,-0.01,0.00,-0.00
4.29,1.75,-8.58,-0.01,0.00,-0.00
4.29,1.75,-8.58,-0.01,0.00,-0.00
4.29,1.74,-8.55,-0.01,0.01,-0.00
4.29,1.74,-8.55,-0.01,0.01,-0.00
4.29,1.74,-8.55,-0.01,0.01,-0.00
4.29,1.74,-8.55,-0.01,0.01,-0.00
4.29,1.74,-8.55,-0.01,0.01,-0.00
4.29,1.74,-8.55,-0.01,0.01,-0.00
4.30,1.78,-8.58,-0.01,0.01,-0.00
4.30,1.78,-8.58,-0.01,0.01,-0.00
4.30,1.78,-8.58,-0.01,0.01,-0.00
4.30,1.78,-8.58,-0.01,0.01,-0.00
4.30,1.78,-8.58,-0.01,0.01,-0.00
4.30,1.78,-8.58,-0.01,0.01,-0.00
4.28,1.74,-8.56,-0.00,0.00,-0.00
4.28,1.74,-8.56,-0.00,0.00,-0.00
4.28,1.74,-8.56,-0.00,0.00,-0.00
4.28,1.74,-8.56,-0.00,0.00,-0.00
4.28,1.74,-8.56,-0.00,0.00,-0.00
4.29,1.75,-8.56,-0.00,0.00,0.00
4.29,1.75,-8.56,-0.00,0.00,0.00
4.29,1.75,-8.56,-0.00,0.00,0.00
4.29,1.75,-8.56,-0.00,0.00,0.00
4.29,1.75,-8.56,-0.00,0.00,0.00
4.29,1.75,-8.56,-0.00,0.00,0.00
4.30,1.77,-8.57,-0.00,0.00,0.00
4.30,1.77,-8.57,-0.00,0.00,0.00
4.30,1.77,-8.57,-0.00,0.00,0.00
4.30,1.77,-8.57,-0.00,0.00,0.00
4.30,1.77,-8.57,-0.00,0.00,0.00
4.30,1.77,-8.57,-0.00,0.00,0.00
4.28,1.74,-8.57,-0.00,0.01,0.00
4.28,1.74,-8.57,-0.00,0.01,0.00
4.28,1.74,-8.57,-0.00,0.01,0.00
4.28,1.74,-8.57,-0.00,0.01,0.00
4.28,1.74,-8.57,-0.00,0.01,0.00
4.29,1.76,-8.57,-0.01,0.01,-0.00
4.29,1.76,-8.57,-0.01,0.01,-0.00
4.29,1.76,-8.57,-0.01,0.01,-0.00
4.29,1.76,-8.57,-0.01,0.01,-0.00
4.29,1.76,-8.57,-0.01,0.01,-0.00
4.29,1.76,-8.57,-0.01,0.01,-0.00
4.29,1.75,-8.57,-0.01,0.01,-0.00
4.29,1.75,-8.57,-0.01,0.01,-0.00
4.29,1.75,-8.57,-0.01,0.01,-0.00
4.29,1.75,-8.57,-0.01,0.01,-0.00
4.29,1.75,-8.57,-0.01,0.01,-0.00
4.29,1.75,-8.57,-0.01,0.01,-0.00
4.29,1.76,-8.57,-0.01,0.01,-0.00
4.29,1.76,-8.57,-0.01,0.01,-0.00
4.29,1.76,-8.57,-0.01,0.01,-0.00
4.29,1.76,-8.57,-0.01,0.01,-0.00
4.29,1.76,-8.57,-0.01,0.01,-0.00
4.29,1.76,-8.57,-0.01,0.01,0.00
4.29,1.76,-8.57,-0.01,0.01,0.00
4.29,1.76,-8.57,-0.01,0.01,0.00
4.29,1.76,-8.57,-0.01,0.01,0.00
4.29,1.76,-8.57,-0.01,0.01,0.00
4.29,1.76,-8.57,-0.01,0.01,0.00
4.29,1.76,-8.57,-0.00,0.00,0.00
4.29,1.76,-8.57,-0.00,0.00,0.00
4.29,1.76,-8.57,-0.00,0.00,0.00
4.29,1.76,-8.57,-0.00,0.00,0.00
4.29,1.76,-8.57,-0.00,0.00,0.00
4.29,1.76,-8.57,-0.00,0.00,0.00
4.28,1.75,-8.57,-0.00,0.01,0.00
4.28,1.75,-8.57,-0.00,0.01,0.00
4.28,1.75,-8.57,-0.00,0.01,0.00
4.28,1.75,-8.57,-0.00,0.01,0.00
4.28,1.75,-8.57,-0.00,0.01,0.00
4.28,1.75,-8.57,-0.00,0.01,0.00
4.29,1.75,-8.57,-0.01,0.01,0.00
4.29,1.75,-8.57,-0.01,0.01,0.00
4.29,1.75,-8.57,-0.01,0.01,0.00
4.29,1.75,-8.57,-0.01,0.01,0.00
4.29,1.75,-8.57,-0.01,0.01,0.00
4.30,1.76,-8.57,-0.01,0.01,-0.00
4.30,1.76,-8.57,-0.01,0.01,-0.00
4.30,1.76,-8.57,-0.01,0.01,-0.00
4.30,1.76,-8.57,-0.01,0.01,-0.00
4.30,1.76,-8.57,-0.01,0.01,-0.00
4.30,1.76,-8.57,-0.01,0.01,-0.00
4.29,1.75,-8.57,-0.01,0.00,0.00
4.29,1.75,-8.57,-0.01,0.00,0.00
4.29,1.75,-8.57,-0.01,0.00,0.00
4.29,1.75,-8.57,-0.01,0.00,0.00
4.29,1.75,-8.57,-0.01,0.00,0.00
4.29,1.75,-8.57,-0.01,0.00,0.00
4.29,1.76,-8.57,-0.00,0.00,0.00
4.29,1.76,-8.57,-0.00,0.00,0.00
4.29,1.76,-8.57,-0.00,0.00,0.00
4.29,1.76,-8.57,-0.00,0.00,0.00
4.29,1.76,-8.57,-0.00,0.00,0.00
4.29,1.75,-8.57,-0.00,0.00,0.00
4.29,1.75,-8.57,-0.00,0.00,0.00
4.29,1.75,-8.57,-0.00,0.00,0.00
4.29,1.75,-8.57,-0.00,0.00,0.00
4.29,1.75,-8.57,-0.00,0.00,0.00
4.29,1.75,-8.57,-0.00,0.00,0.00
4.29,1.76,-8.57,-0.00,0.00,0.00
4.29,1.76,-8.57,-0.00,0.00,0.00
4.29,1.76,-8.57,-0.00,0.00,0.00
4.29,1.76,-8.57,-0.00,0.00,0.00
4.29,1.76,-8.57,-0.00,0.00,0.00
4.29,1.76,-8.57,-0.00,0.00,0.00
4.29,1.74,-8.57,-0.00,0.01,0.00
4.29,1.74,-8.57,-0.00,0.01,0.00
4.29,1.74,-8.57,-0.00,0.01,0.00
4.29,1.74,-8.57,-0.00,0.01,0.00
4.29,1.74,-8.57,-0.00,0.01,0.00
4.29,1.75,-8.57,-0.01,0.01,-0.00
4.29,1.75,-8.57,-0.01,0.01,-0.00
4.29,1.75,-8.57,-0.01,0.01,-0.00
4.29,1.75,-8.57,-0.01,0.01,-0.00
4.29,1.75,-8.57,-0.01,0.01,-0.00
4.29,1.75,-8.57,-0.01,0.01,-0.00
4.29,1.75,-8.57,-0.01,0.01,-0.00
4.29,1.75,-8.57,-0.01,0.01,-0.00
4.29,1.75,-8.57,-0.01,0.01,-0.00
4.29,1.75,-8.57,-0.01,0.01,-0.00
4.29,1.75,-8.57,-0.01,0.01,-0.00
4.29,1.75,-8.57,-0.01,0.01,-0.00
4.29,1.76,-8.57,-0.01,0.01,-0.00
4.29,1.76,-8.57,-0.01,0.01,-0.00
4.29,1.76,-8.57,-0.01,0.01,-0.00
4.29,1.76,-8.57,-0.01,0.01,-0.00
4.29,1.76,-8.57,-0.01,0.01,-0.00
4.29,1.77,-8.57,-0.01,0.00,0.00
4.29,1.77,-8.57,-0.01,0.00,0.00
4.29,1.77,-8.57,-0.01,0.00,0.00
4.29,1.77,-8.57,-0.01,0.00,0.00
4.29,1.77,-8.57,-0.01,0.00,0.00
4.29,1.77,-8.57,-0.01,0.00,0.00
4.28,1.74,-8.57,-0.00,0.00,0.00
4.28,1.74,-8.57,-0.00,0.00,0.00
4.28,1.74,-8.57,-0.00,0.00,0.00
4.28,1.74,-8.57,-0.00,0.00,0.00
4.28,1.74,-8.57,-0.00,0.00,0.00
4.28,1.74,-8.57,-0.00,0.00,0.00
4.29,1.75,-8.57,-0.00,0.01,0.00
4.29,1.75,-8.57,-0.00,0.01,0.00
4.29,1.75,-8.57,-0.00,0.01,0.00
4.29,1.75,-8.57,-0.00,0.01,0.00
4.29,1.75,-8.57,-0.00,0.01,0.00
4.29,1.75,-8.58,-0.00,0.01,0.00
4.29,1.75,-8.58,-0.01,0.01,-0.00
4.29,1.75,-8.58,-0.01,0.01,-0.00
4.29,1.75,-8.58,-0.01,0.01,-0.00
4.29,1.75,-8.58,-0.01,0.01,-0.00
4.29,1.75,-8.58,-0.01,0.01,-0.00
4.29,1.75,-8.56,-0.01,0.01,-0.00
4.29,1.75,-8.56,-0.01,0.01,-0.00
4.29,1.75,-8.56,-0.01,0.01,-0.00
4.29,1.75,-8.56,-0.01,0.01,-0.00
4.29,1.75,-8.56,-0.01,0.01,-0.00
4.29,1.75,-8.56,-0.01,0.01,-0.00
4.29,1.76,-8.57,-0.01,0.01,-0.00
4.29,1.76,-8.57,-0.01,0.01,-0.00
4.29,1.76,-8.57,-0.01,0.01,-0.00
4.29,1.76,-8.57,-0.01,0.01,-0.00
4.29,1.76,-8.57,-0.01,0.01,-0.00
4.29,1.76,-8.57,-0.01,0.01,-0.00
4.29,1.75,-8.56,-0.01,0.01,-0.00
4.29,1.75,-8.56,-0.01,0.01,-0.00
4.29,1.75,-8.56,-0.01,0.01,-0.00
4.29,1.75,-8.56,-0.01,0.01,-0.00
4.29,1.75,-8.56,-0.01,0.01,-0.00
4.30,1.76,-8.57,-0.01,0.01,0.00
4.30,1.76,-8.57,-0.01,0.01,0.00
4.30,1.76,-8.57,-0.01,0.01,0.00
4.30,1.76,-8.57,-0.01,0.01,0.00
4.30,1.76,-8.57,-0.01,0.01,0.00
4.30,1.76,-8.57,-0.01,0.01,0.00
4.30,1.77,-8.57,-0.00,0.01,0.00
4.30,1.77,-8.57,-0.00,0.01,0.00
4.30,1.77,-8.57,-0.00,0.01,0.00
4.30,1.77,-8.57,-0.00,0.01,0.00
4.30,1.77,-8.57,-0.00,0.01,0.00
4.30,1.77,-8.57,-0.00,0.01,0.00
4.30,1.75,-8.57,-0.00,0.01,-0.00
4.30,1.75,-8.57,-0.00,0.01,-0.00
4.30,1.75,-8.57,-0.00,0.01,-0.00
4.30,1.75,-8.57,-0.00,0.01,-0.00
4.30,1.75,-8.57,-0.00,0.01,-0.00
4.30,1.75,-8.56,-0.01,0.01,-0.00
4.30,1.75,-8.56,-0.01,0.01,-0.00
4.30,1.75,-8.56,-0.01,0.01,-0.00
4.30,1.75,-8.56,-0.01,0.01,-0.00
4.30,1.75,-8.56,-0.01,0.01,-0.00
4.30,1.75,-8.56,-0.01,0.01,-0.00
4.31,1.76,-8.56,-0.01,0.01,-0.00
4.31,1.76,-8.56,-0.01,0.01,-0.00
4.31,1.76,-8.56,-0.01,0.01,-0.00
4.31,1.76,-8.56,-0.01,0.01,-0.00
4.31,1.76,-8.56,-0.01,0.01,-0.00
4.31,1.76,-8.56,-0.01,0.01,-0.00
4.30,1.78,-8.56,-0.01,0.01,-0.00
4.30,1.78,-8.56,-0.01,0.01,-0.00
4.30,1.78,-8.56,-0.01,0.01,-0.00
4.30,1.78,-8.56,-0.01,0.01,-0.00
4.30,1.78,-8.56,-0.01,0.01,-0.00
4.30,1.76,-8.57,-0.01,0.00,0.00
4.30,1.76,-8.57,-0.01,0.00,0.00
4.30,1.76,-8.57,-0.01,0.00,0.00
4.30,1.76,-8.57,-0.01,0.00,0.00
4.30,1.76,-8.57,-0.01,0.00,0.00
4.30,1.76,-8.57,-0.01,0.00,0.00
4.30,1.75,-8.56,-0.00,0.00,0.00
4.30,1.75,-8.56,-0.00,0.00,0.00
4.30,1.75,-8.56,-0.00,0.00,0.00
4.30,1.75,-8.56,-0.00,0.00,0.00
4.30,1.75,-8.56,-0.00,0.00,0.00
4.30,1.75,-8.56,-0.00,0.00,0.00
4.30,1.76,-8.57,-0.00,0.01,0.00
4.30,1.76,-8.57,-0.00,0.01,0.00
4.30,1.76,-8.57,-0.00,0.01,0.00
4.30,1.76,-8.57,-0.00,0.01,0.00
4.30,1.76,-8.57,-0.00,0.01,0.00
4.30,1.75,-8.57,-0.00,0.01,0.00
4.30,1.75,-8.57,-0.01,0.01,-0.00
4.30,1.75,-8.57,-0.01,0.01,-0.00
4.30,1.75,-8.57,-0.01,0.01,-0.00
4.30,1.75,-8.57,-0.01,0.01,-0.00
4.30,1.75,-8.57,-0.01,0.01,-0.00
4.30,1.78,-8.56,-0.01,0.01,-0.00
4.30,1.78,-8.56,-0.01,0.01,-0.00
4.30,1.78,-8.56,-0.01,0.01,-0.00
4.30,1.78,-8.56,-0.01,0.01,-0.00
4.30,1.78,-8.56,-0.01,0.01,-0.00
4.30,1.78,-8.56,-0.01,0.01,-0.00
4.29,1.76,-8.57,-0.01,0.00,0.00
4.29,1.76,-8.57,-0.01,0.00,0.00
4.29,1.76,-8.57,-0.01,0.00,0.00
4.29,1.76,-8.57,-0.01,0.00,0.00
4.29,1.76,-8.57,-0.01,0.00,0.00
4.29,1.76,-8.57,-0.01,0.00,0.00
4.30,1.76,-8.56,-0.00,0.00,-0.00
4.30,1.76,-8.56,-0.00,0.00,-0.00
4.30,1.76,-8.56,-0.00,0.00,-0.00
4.30,1.76,-8.56,-0.00,0.00,-0.00
4.30,1.76,-8.56,-0.00,0.00,-0.00
4.30,1.76,-8.57,-0.00,0.00,0.00
4.30,1.76,-8.57,-0.00,0.00,0.00
4.30,1.76,-8.57,-0.00,0.00,0.00
4.30,1.76,-8.57,-0.00,0.00,0.00
4.30,1.76,-8.57,-0.00,0.00,0.00
4.30,1.76,-8.57,-0.00,0.00,0.00
4.30,1.77,-8.57,-0.00,0.00,0.00
4.30,1.77,-8.57,-0.00,0.00,0.00
4.30,1.77,-8.57,-0.00,0.00,0.00
4.30,1.77,-8.57,-0.00,0.00,0.00
4.30,1.77,-8.57,-0.00,0.00,0.00
4.30,1.77,-8.57,-0.00,0.00,0.00
4.29,1.75,-8.56,-0.00,0.01,0.00
4.29,1.75,-8.56,-0.00,0.01,0.00
4.29,1.75,-8.56,-0.00,0.01,0.00
4.29,1.75,-8.56,-0.00,0.01,0.00
4.29,1.75,-8.56,-0.00,0.01,0.00
4.30,1.76,-8.57,-0.01,0.01,-0.00
4.30,1.76,-8.57,-0.01,0.01,-0.00
4.30,1.76,-8.57,-0.01,0.01,-0.00
4.30,1.76,-8.57,-0.01,0.01,-0.00
4.30,1.76,-8.57,-0.01,0.01,-0.00
4.30,1.76,-8.57,-0.01,0.01,-0.00
4.31,1.77,-8.56,-0.01,0.01,-0.00
4.31,1.77,-8.56,-0.01,0.01,-0.00
4.31,1.77,-8.56,-0.01,0.01,-0.00
4.31,1.77,-8.56,-0.01,0.01,-0.00
4.31,1.77,-8.56,-0.01,0.01,-0.00
4.31,1.77,-8.56,-0.01,0.01,-0.00
4.30,1.77,-8.57,-0.01,0.01,0.00
4.30,1.77,-8.57,-0.01,0.01,0.00
4.30,1.77,-8.57,-0.01,0.01,0.00
4.30,1.77,-8.57,-0.01,0.01,0.00
4.30,1.77,-8.57,-0.01,0.01,0.00
4.30,1.76,-8.56,-0.01,0.00,0.00
4.30,1.76,-8.56,-0.01,0.00,0.00
4.30,1.76,-8.56,-0.01,0.00,0.00
4.30,1.76,-8.56,-0.01,0.00,0.00
4.30,1.76,-8.56,-0.01,0.00,0.00
4.30,1.76,-8.56,-0.01,0.00,0.00
4.30,1.75,-8.57,-0.00,0.00,0.00
4.30,1.75,-8.57,-0.00,0.00,0.00
4.30,1.75,-8.57,-0.00,0.00,0.00
4.30,1.75,-8.57,-0.00,0.00,0.00
4.30,1.75,-8.57,-0.00,0.00,0.00
4.30,1.75,-8.57,-0.00,0.00,0.00
4.30,1.76,-8.56,-0.00,0.00,0.00
4.30,1.76,-8.56,-0.00,0.00,0.00
4.30,1.76,-8.56,-0.00,0.00,0.00
4.30,1.76,-8.56,-0.00,0.00,0.00
4.30,1.76,-8.56,-0.00,0.00,0.00
4.29,1.75,-8.57,-0.01,0.00,-0.00
4.29,1.75,-8.57,-0.01,0.00,-0.00
4.29,1.75,-8.57,-0.01,0.00,-0.00
4.29,1.75,-8.57,-0.01,0.00,-0.00
4.29,1.75,-8.57,-0.01,0.00,-0.00
4.29,1.75,-8.57,-0.01,0.00,-0.00
4.30,1.76,-8.56,-0.01,0.01,-0.00
4.30,1.76,-8.56,-0.01,0.01,-0.00
4.30,1.76,-8.56,-0.01,0.01,-0.00
4.30,1.76,-8.56,-0.01,0.01,-0.00
4.30,1.76,-8.56,-0.01,0.01,-0.00
4.30,1.76,-8.56,-0.01,0.01,-0.00
4.30,1.76,-8.57,-0.01,0.00,0.00
4.30,1.76,-8.57,-0.01,0.00,0.00
4.30,1.76,-8.57,-0.01,0.00,0.00
4.30,1.76,-8.57,-0.01,0.00,0.00
4.30,1.76,-8.57,-0.01,0.00,0.00
4.30,1.76,-8.56,-0.01,0.00,0.00
4.30,1.76,-8.56,-0.00,0.00,0.00
4.30,1.76,-8.56,-0.00,0.00,0.00
4.30,1.76,-8.56,-0.00,0.00,0.00
4.30,1.76,-8.56,-0.00,0.00,0.00
4.30,1.76,-8.56,-0.00,0.00,0.00
4.30,1.75,-8.57,-0.00,0.00,0.00
4.30,1.75,-8.57,-0.00,0.00,0.00
4.30,1.75,-8.57,-0.00,0.00,0.00
4.30,1.75,-8.57,-0.00,0.00,0.00
4.30,1.75,-8.57,-0.00,0.00,0.00
4.30,1.75,-8.57,-0.00,0.00,0.00
4.29,1.76,-8.57,-0.01,0.00,0.00
4.29,1.76,-8.57,-0.01,0.00,0.00
4.29,1.76,-8.57,-0.01,0.00,0.00
4.29,1.76,-8.57,-0.01,0.00,0.00
4.29,1.76,-8.57,-0.01,0.00,0.00
4.29,1.76,-8.57,-0.01,0.00,0.00
4.30,1.75,-8.56,-0.01,0.01,0.00
4.30,1.75,-8.56,-0.01,0.01,0.00
4.30,1.75,-8.56,-0.01,0.01,0.00
4.30,1.75,-8.56,-0.01,0.01,0.00
4.30,1.75,-8.56,-0.01,0.01,0.00
4.30,1.76,-8.56,-0.01,0.01,-0.00
4.30,1.76,-8.56,-0.01,0.01,-0.00
4.30,1.76,-8.56,-0.01,0.01,-0.00
4.30,1.76,-8.56,-0.01,0.01,-0.00
4.30,1.76,-8.56,-0.01,0.01,-0.00
4.30,1.76,-8.56,-0.01,0.01,-0.00
4.31,1.77,-8.56,-0.01,0.01,-0.00
4.31,1.77,-8.56,-0.01,0.01,-0.00
4.31,1.77,-8.56,-0.01,0.01,-0.00
4.31,1.77,-8.56,-0.01,0.01,-0.00
4.31,1.77,-8.56,-0.01,0.01,-0.00
4.31,1.77,-8.56,-0.01,0.01,-0.00
4.30,1.76,-8.56,-0.01,0.01,-0.00
4.30,1.76,-8.56,-0.01,0.01,-0.00
4.30,1.76,-8.56,-0.01,0.01,-0.00
4.30,1.76,-8.56,-0.01,0.01,-0.00
4.30,1.76,-8.56,-0.01,0.01,-0.00
4.31,1.78,-8.55,-0.01,0.01,0.00
4.31,1.78,-8.55,-0.01,0.01,0.00
4.31,1.78,-8.55,-0.01,0.01,0.00
4.31,1.78,-8.55,-0.01,0.01,0.00
4.31,1.78,-8.55,-0.01,0.01,0.00
4.31,1.78,-8.55,-0.01,0.01,0.00
4.30,1.76,-8.57,-0.00,0.00,0.00
4.30,1.76,-8.57,-0.00,0.00,0.00
4.30,1.76,-8.57,-0.00,0.00,0.00
4.30,1.76,-8.57,-0.00,0.00,0.00
4.30,1.76,-8.57,-0.00,0.00,0.00
4.30,1.76,-8.57,-0.00,0.00,0.00
4.30,1.76,-8.56,-0.00,0.00,0.00
4.30,1.76,-8.56,-0.00,0.00,0.00
4.30,1.76,-8.56,-0.00,0.00,0.00
4.30,1.76,-8.56,-0.00,0.00,0.00
4.30,1.76,-8.56,-0.00,0.00,0.00
4.30,1.76,-8.56,-0.00,0.01,-0.00
4.30,1.76,-8.56,-0.00,0.01,-0.00
4.30,1.76,-8.56,-0.00,0.01,-0.00
4.30,1.76,-8.56,-0.00,0.01,-0.00
4.30,1.76,-8.56,-0.00,0.01,-0.00
4.30,1.76,-8.56,-0.00,0.01,-0.00
4.30,1.76,-8.56,-0.01,0.01,-0.00
4.30,1.76,-8.56,-0.01,0.01,-0.00
4.30,1.76,-8.56,-0.01,0.01,-0.00
4.30,1.76,-8.56,-0.01,0.01,-0.00
4.30,1.76,-8.56,-0.01,0.01,-0.00
4.30,1.76,-8.56,-0.01,0.01,-0.00
4.30,1.77,-8.56,-0.01,0.01,-0.00
4.30,1.77,-8.56,-0.01,0.01,-0.00
4.30,1.77,-8.56,-0.01,0.01,-0.00
4.30,1.77,-8.56,-0.01,0.01,-0.00
4.30,1.77,-8.56,-0.01,0.01,-0.00
4.30,1.77,-8.56,-0.01,0.01,-0.00
4.30,1.77,-8.56,-0.01,0.00,0.00
4.30,1.77,-8.56,-0.01,0.00,0.00
4.30,1.77,-8.56,-0.01,0.00,0.00
4.30,1.77,-8.56,-0.01,0.00,0.00
4.30,1.77,-8.56,-0.01,0.00,0.00
4.30,1.76,-8.56,-0.00,0.00,0.00
4.30,1.76,-8.56,-0.00,0.00,0.00
4.30,1.76,-8.56,-0.00,0.00,0.00
4.30,1.76,-8.56,-0.00,0.00,0.00
4.30,1.76,-8.56,-0.00,0.00,0.00
4.30,1.76,-8.56,-0.00,0.00,0.00
4.30,1.77,-8.56,-0.00,0.00,0.00
4.30,1.77,-8.56,-0.00,0.00,0.00
4.30,1.77,-8.56,-0.00,0.00,0.00
4.30,1.77,-8.56,-0.00,0.00,0.00
4.30,1.77,-8.56,-0.00,0.00,0.00
4.30,1.77,-8.56,-0.00,0.00,0.00
4.30,1.75,-8.56,-0.00,0.01,0.00
4.30,1.75,-8.56,-0.00,0.01,0.00
4.30,1.75,-8.56,-0.00,0.01,0.00
4.30,1.75,-8.56,-0.00,0.01,0.00
4.30,1.75,-8.56,-0.00,0.01,0.00
4.30,1.75,-8.57,-0.01,0.00,0.00
4.30,1.75,-8.57,-0.01,0.00,0.00
4.30,1.75,-8.57,-0.01,0.00,0.00
4.30,1.75,-8.57,-0.01,0.00,0.00
4.30,1.75,-8.57,-0.01,0.00,0.00
4.30,1.75,-8.57,-0.01,0.00,0.00
4.31,1.75,-8.56,-0.01,0.01,-0.00
4.31,1.75,-8.56,-0.01,0.01,-0.00
4.31,1.75,-8.56,-0.01,0.01,-0.00
4.31,1.75,-8.56,-0.01,0.01,-0.00
4.31,1.75,-8.56,-0.01,0.01,-0.00
4.31,1.75,-8.56,-0.01,0.01,-0.00
4.30,1.75,-8.57,-0.01,0.01,-0.00
4.30,1.75,-8.57,-0.01,0.01,-0.00
4.30,1.75,-8.57,-0.01,0.01,-0.00
4.30,1.75,-8.57,-0.01,0.01,-0.00
4.30,1.75,-8.57,-0.01,0.01,-0.00
4.31,1.76,-8.56,-0.01,0.01,0.00
4.31,1.76,-8.56,-0.01,0.01,0.00
4.31,1.76,-8.56,-0.01,0.01,0.00
4.31,1.76,-8.56,-0.01,0.01,0.00
4.31,1.76,-8.56,-0.01,0.01,0.00
4.31,1.76,-8.56,-0.01,0.01,0.00
4.30,1.75,-8.57,-0.00,0.00,0.00
4.30,1.75,-8.57,-0.00,0.00,0.00
4.30,1.75,-8.57,-0.00,0.00,0.00
4.30,1.75,-8.57,-0.00,0.00,0.00
4.30,1.75,-8.57,-0.00,0.00,0.00
4.30,1.75,-8.57,-0.00,0.00,0.00
4.29,1.74,-8.57,-0.00,0.00,0.00
4.29,1.74,-8.57,-0.00,0.00,0.00
4.29,1.74,-8.57,-0.00,0.00,0.00
4.29,1.74,-8.57,-0.00,0.00,0.00
4.29,1.74,-8.57,-0.00,0.00,0.00
4.26,1.76,-8.61,-0.00,-0.02,-0.01
4.26,1.76,-8.61,-0.00,-0.02,-0.01
4.26,1.76,-8.61,-0.00,-0.02,-0.01
4.26,1.76,-8.61,-0.00,-0.02,-0.01
4.26,1.76,-8.61,-0.00,-0.02,-0.01
4.26,1.76,-8.61,-0.00,-0.02,-0.01
4.26,1.71,-8.59,0.02,-0.04,-0.02
4.26,1.71,-8.59,0.02,-0.04,-0.02
4.26,1.71,-8.59,0.02,-0.04,-0.02
4.26,1.71,-8.59,0.02,-0.04,-0.02
4.26,1.71,-8.59,0.02,-0.04,-0.02
4.26,1.71,-8.59,0.02,-0.04,-0.02
4.22,1.78,-8.60,0.02,-0.04,-0.04
4.22,1.78,-8.60,0.02,-0.04,-0.04
4.22,1.78,-8.60,0.02,-0.04,-0.04
4.22,1.78,-8.60,0.02,-0.04,-0.04
4.22,1.78,-8.60,0.02,-0.04,-0.04
4.29,1.75,-8.57,0.02,-0.05,-0.04
4.29,1.75,-8.57,0.01,-0.05,-0.04
4.29,1.75,-8.57,0.01,-0.05,-0.04
4.29,1.75,-8.57,0.01,-0.05,-0.04
4.29,1.75,-8.57,0.01,-0.05,-0.04
4.29,1.75,-8.57,0.01,-0.05,-0.04
4.58,1.73,-8.63,-0.03,-0.14,-0.03
4.58,1.73,-8.63,-0.03,-0.14,-0.03
4.58,1.73,-8.63,-0.03,-0.14,-0.03
4.58,1.73,-8.63,-0.03,-0.14,-0.03
4.58,1.73,-8.63,-0.03,-0.14,-0.03
4.58,1.73,-8.63,-0.03,-0.14,-0.03
3.66,1.83,-8.78,0.02,-0.59,-0.14
3.66,1.83,-8.78,0.02,-0.59,-0.14
3.66,1.83,-8.78,0.02,-0.59,-0.14
3.66,1.83,-8.78,0.02,-0.59,-0.14
3.66,1.83,-8.78,0.02,-0.59,-0.14
3.66,1.83,-9.02,0.02,-0.59,-0.14
2.85,1.67,-9.02,0.14,-0.50,-0.17
2.85,1.67,-9.02,0.14,-0.50,-0.17
2.85,1.67,-9.02,0.14,-0.50,-0.17
2.85,1.67,-9.02,0.14,-0.50,-0.17
2.85,1.67,-9.02,0.14,-0.50,-0.17
2.88,1.77,-9.03,0.04,-0.08,-0.06
2.88,1.77,-9.03,0.04,-0.08,-0.06
2.88,1.77,-9.03,0.04,-0.08,-0.06
2.88,1.77,-9.03,0.04,-0.08,-0.06
2.88,1.77,-9.03,0.04,-0.08,-0.06
2.88,1.77,-9.03,0.04,-0.08,-0.06
2.87,1.62,-8.95,-0.02,0.22,0.04
2.87,1.62,-8.95,-0.02,0.22,0.04
2.87,1.62,-8.95,-0.02,0.22,0.04
2.87,1.62,-8.95,-0.02,0.22,0.04
2.87,1.62,-8.95,-0.02,0.22,0.04
2.87,1.62,-8.95,-0.02,0.22,0.04
3.70,1.65,-8.95,-0.06,0.62,0.07
3.70,1.65,-8.95,-0.06,0.62,0.07
3.70,1.65,-8.95,-0.06,0.62,0.07
3.70,1.65,-8.95,-0.06,0.62,0.07
3.70,1.65,-8.95,-0.06,0.62,0.07
4.65,1.89,-8.59,-0.04,0.48,0.01
4.65,1.89,-8.59,-0.04,0.48,0.01
4.65,1.89,-8.59,-0.04,0.48,0.01
4.65,1.89,-8.59,-0.04,0.48,0.01
4.65,1.89,-8.59,-0.04,0.48,0.01
4.65,1.89,-8.59,-0.04,0.48,0.01
4.27,1.84,-8.55,0.00,0.07,-0.03
4.27,1.84,-8.55,0.00,0.07,-0.03
4.27,1.84,-8.55,0.00,0.07,-0.03
4.27,1.84,-8.55,0.00,0.07,-0.03
4.27,1.84,-8.55,0.00,0.07,-0.03
4.27,1.84,-8.55,0.00,0.07,-0.03
4.05,1.63,-8.73,-0.00,-0.01,0.00
4.05,1.63,-8.73,-0.00,-0.01,0.00
4.05,1.63,-8.73,-0.00,-0.01,0.00
4.05,1.63,-8.73,-0.00,-0.01,0.00
4.05,1.63,-8.73,-0.00,-0.01,0.00
3.97,1.54,-9.32,-0.12,0.08,-0.05
3.97,1.54,-9.32,-0.12,0.08,-0.05
3.97,1.54,-9.32,-0.12,0.08,-0.05
3.97,1.54,-9.32,-0.12,0.08,-0.05
3.97,1.54,-9.32,-0.12,0.08,-0.05
3.97,1.54,-9.32,-0.12,0.08,-0.05
4.82,1.95,-9.04,-0.39,0.43,-0.13
4.82,1.95,-9.04,-0.39,0.43,-0.13
4.82,1.95,-9.04,-0.39,0.43,-0.13
4.82,1.95,-9.04,-0.39,0.43,-0.13
4.82,1.95,-9.04,-0.39,0.43,-0.13
4.82,1.95,-9.04,-0.39,0.43,-0.13
5.32,2.52,-8.25,-0.61,0.27,-0.05
5.32,2.52,-8.25,-0.61,0.27,-0.05
5.32,2.52,-8.25,-0.61,0.27,-0.05
5.32,2.52,-8.25,-0.61,0.27,-0.05
5.32,2.52,-8.25,-0.61,0.27,-0.05
4.24,2.88,-7.26,-0.53,-0.31,-0.04
4.24,2.88,-7.26,-0.53,-0.31,-0.04
4.24,2.88,-7.26,-0.53,-0.31,-0.04
4.24,2.88,-7.26,-0.53,-0.31,-0.04
4.24,2.88,-7.26,-0.53,-0.31,-0.04
4.24,2.88,-7.26,-0.53,-0.31,-0.04
3.81,3.34,-6.96,-0.26,-0.21,0.12
3.81,3.34,-6.96,-0.26,-0.21,0.12
3.81,3.34,-6.96,-0.26,-0.21,0.12
3.81,3.34,-6.96,-0.26,-0.21,0.12
3.81,3.34,-6.96,-0.26,-0.21,0.12
3.81,3.34,-6.96,-0.26,-0.21,0.12
3.79,3.08,-7.57,0.19,-0.21,0.27
3.79,3.08,-7.57,0.19,-0.21,0.27
3.79,3.08,-7.57,0.19,-0.21,0.27
3.79,3.08,-7.57,0.19,-0.21,0.27
3.79,3.08,-7.57,0.19,-0.21,0.27
4.21,2.67,-8.81,0.19,-0.21,0.26
4.21,2.67,-8.81,0.43,-0.19,0.26
4.21,2.67,-8.81,0.43,-0.19,0.26
4.21,2.67,-8.81,0.43,-0.19,0.26
4.21,2.67,-8.81,0.43,-0.19,0.26
4.21,2.67,-8.81,0.43,-0.19,0.26
4.36,2.08,-9.10,0.30,0.01,0.13
4.36,2.08,-9.10,0.30,0.01,0.13
4.36,2.08,-9.10,0.30,0.01,0.13
4.36,2.08,-9.10,0.30,0.01,0.13
4.36,2.08,-9.10,0.30,0.01,0.13
4.36,2.08,-9.10,0.30,0.01,0.13
4.02,1.92,-8.81,0.14,0.02,0.02
4.02,1.92,-8.81,0.14,0.02,0.02
4.02,1.92,-8.81,0.14,0.02,0.02
4.02,1.92,-8.81,0.14,0.02,0.02
4.02,1.92,-8.81,0.14,0.02,0.02
4.02,1.92,-8.81,0.14,0.02,0.02
4.43,2.15,-8.48,0.09,-0.00,-0.02
4.43,2.15,-8.48,0.09,-0.00,-0.02
4.43,2.15,-8.48,0.09,-0.00,-0.02
4.43,2.15,-8.48,0.09,-0.00,-0.02
4.43,2.15,-8.48,0.09,-0.00,-0.02
4.46,1.89,-8.48,0.14,-0.11,0.02
4.46,1.89,-8.48,0.14,-0.11,0.02
4.46,1.89,-8.48,0.14,-0.11,0.02
4.46,1.89,-8.48,0.14,-0.11,0.02
4.46,1.89,-8.48,0.14,-0.11,0.02
4.46,1.89,-8.48,0.14,-0.11,0.02
3.71,1.53,-8.86,0.13,-0.25,-0.04
3.71,1.53,-8.86,0.13,-0.25,-0.04
3.71,1.53,-8.86,0.13,-0.25,-0.04
3.71,1.53,-8.86,0.13,-0.25,-0.04
3.71,1.53,-8.86,0.13,-0.25,-0.04
3.71,1.53,-8.86,0.13,-0.25,-0.04
3.77,1.97,-8.93,0.06,-0.19,-0.22
3.77,1.97,-8.93,0.06,-0.19,-0.22
3.77,1.97,-8.93,0.06,-0.19,-0.22
3.77,1.97,-8.93,0.06,-0.19,-0.22
3.77,1.97,-8.93,0.06,-0.19,-0.22
3.63,2.22,-8.91,0.09,-0.13,-0.18
3.63,2.22,-8.91,0.09,-0.13,-0.18
3.63,2.22,-8.91,0.09,-0.13,-0.18
3.63,2.22,-8.91,0.09,-0.13,-0.18
3.63,2.22,-8.91,0.09,-0.13,-0.18
3.63,2.22,-8.91,0.09,-0.13,-0.18
3.35,1.75,-8.89,0.04,-0.05,-0.02
3.35,1.75,-8.89,0.04,-0.05,-0.02
3.35,1.75,-8.89,0.04,-0.05,-0.02
3.35,1.75,-8.89,0.04,-0.05,-0.02
3.35,1.75,-8.89,0.04,-0.05,-0.02
3.35,1.75,-8.89,0.04,-0.05,-0.02
3.56,1.80,-8.87,-0.03,0.05,-0.02
3.56,1.80,-8.87,-0.03,0.05,-0.02
3.56,1.80,-8.87,-0.03,0.05,-0.02
3.56,1.80,-8.87,-0.03,0.05,-0.02
3.56,1.80,-8.87,-0.03,0.05,-0.02
3.85,1.85,-8.79,-0.04,0.04,-0.05
3.85,1.85,-8.79,-0.04,0.04,-0.05
3.85,1.85,-8.79,-0.04,0.04,-0.05
3.85,1.85,-8.79,-0.04,0.04,-0.05
3.85,1.85,-8.79,-0.04,0.04,-0.05
3.85,1.85,-8.79,-0.04,0.04,-0.05
3.40,1.97,-8.87,0.03,-0.11,-0.08
3.40,1.97,-8.87,0.03,-0.11,-0.08
3.40,1.97,-8.87,0.03,-0.11,-0.08
3.40,1.97,-8.87,0.03,-0.11,-0.08
3.40,1.97,-8.87,0.03,-0.11,-0.08
3.40,1.97,-8.87,0.03,-0.11,-0.08
3.71,1.94,-8.83,0.08,-0.04,-0.07
3.71,1.94,-8.83,0.08,-0.04,-0.07
3.71,1.94,-8.83,0.08,-0.04,-0.07
3.71,1.94,-8.83,0.08,-0.04,-0.07
3.71,1.94,-8.83,0.08,-0.04,-0.07
3.35,1.82,-8.89,0.08,-0.04,-0.05
3.35,1.82,-8.89,0.01,-0.04,-0.05
3.35,1.82,-8.89,0.01,-0.04,-0.05
3.35,1.82,-8.89,0.01,-0.04,-0.05
3.35,1.82,-8.89,0.01,-0.04,-0.05
3.35,1.82,-8.89,0.01,-0.04,-0.05
3.55,1.88,-8.79,0.00,0.02,-0.05
3.55,1.88,-8.79,0.00,0.02,-0.05
3.55,1.88,-8.79,0.00,0.02,-0.05
3.55,1.88,-8.79,0.00,0.02,-0.05
3.55,1.88,-8.79,0.00,0.02,-0.05
3.55,1.88,-8.79,0.00,0.02,-0.05
3.45,1.75,-8.98,0.06,-0.10,-0.06
3.45,1.75,-8.98,0.06,-0.10,-0.06
3.45,1.75,-8.98,0.06,-0.10,-0.06
3.45,1.75,-8.98,0.06,-0.10,-0.06
3.45,1.75,-8.98,0.06,-0.10,-0.06
3.45,1.75,-8.98,0.06,-0.10,-0.06
3.29,1.91,-9.02,0.05,-0.18,-0.06
3.29,1.91,-9.02,0.05,-0.18,-0.06
3.29,1.91,-9.02,0.05,-0.18,-0.06
3.29,1.91,-9.02,0.05,-0.18,-0.06
3.29,1.91,-9.02,0.05,-0.18,-0.06
3.00,1.76,-9.06,0.02,-0.09,-0.02
3.00,1.76,-9.06,0.02,-0.09,-0.02
3.00,1.76,-9.06,0.02,-0.09,-0.02
3.00,1.76,-9.06,0.02,-0.09,-0.02
3.00,1.76,-9.06,0.02,-0.09,-0.02
3.00,1.76,-9.06,0.02,-0.09,-0.02
3.18,1.84,-8.99,-0.04,0.04,-0.01
3.18,1.84,-8.99,-0.04,0.04,-0.01
3.18,1.84,-8.99,-0.04,0.04,-0.01
3.18,1.84,-8.99,-0.04,0.04,-0.01
3.18,1.84,-8.99,-0.04,0.04,-0.01
3.18,1.84,-8.99,-0.04,0.04,-0.01
3.14,1.92,-8.96,-0.01,0.04,-0.02
3.14,1.92,-8.96,-0.01,0.04,-0.02
3.14,1.92,-8.96,-0.01,0.04,-0.02
3.14,1.92,-8.96,-0.01,0.04,-0.02
3.14,1.92,-8.96,-0.01,0.04,-0.02
3.21,2.08,-9.12,0.05,0.07,-0.04
3.21,2.08,-9.12,0.05,0.07,-0.04
3.21,2.08,-9.12,0.05,0.07,-0.04
3.21,2.08,-9.12,0.05,0.07,-0.04
3.21,2.08,-9.12,0.05,0.07,-0.04
3.21,2.08,-9.12,0.05,0.07,-0.04
3.11,1.49,-8.98,0.19,-0.03,-0.20
3.11,1.49,-8.98,0.19,-0.03,-0.20
3.11,1.49,-8.98,0.19,-0.03,-0.20
3.11,1.49,-8.98,0.19,-0.03,-0.20
3.11,1.49,-8.98,0.19,-0.03,-0.20
3.11,1.49,-8.98,0.19,-0.03,-0.20
3.35,1.74,-9.04,0.13,-0.08,-0.20
3.35,1.74,-9.04,0.13,-0.08,-0.20
3.35,1.74,-9.04,0.13,-0.08,-0.20
3.35,1.74,-9.04,0.13,-0.08,-0.20
3.35,1.74,-9.04,0.13,-0.08,-0.20
2.91,1.49,-9.02,0.13,-0.07,-0.19
2.91,1.49,-9.02,0.13,-0.07,-0.19
2.91,1.49,-9.02,0.13,-0.07,-0.19
2.91,1.49,-9.02,0.13,-0.07,-0.19
2.91,1.49,-9.02,0.13,-0.07,-0.19
2.91,1.49,-9.02,0.13,-0.07,-0.19
3.28,1.65,-8.97,-0.02,0.10,-0.12
3.28,1.65,-8.97,-0.02,0.10,-0.12
3.28,1.65,-8.97,-0.02,0.10,-0.12
3.28,1.65,-8.97,-0.02,0.10,-0.12
3.28,1.65,-8.97,-0.02,0.10,-0.12
3.28,1.65,-8.97,-0.02,0.10,-0.12
3.19,1.57,-9.06,-0.11,0.08,-0.04
3.19,1.57,-9.06,-0.11,0.08,-0.04
3.19,1.57,-9.06,-0.11,0.08,-0.04
3.19,1.57,-9.06,-0.11,0.08,-0.04
3.19,1.57,-9.06,-0.11,0.08,-0.04
3.30,1.81,-8.99,-0.08,0.05,0.00
3.30,1.81,-8.99,-0.08,0.05,0.00
3.30,1.81,-8.99,-0.08,0.05,0.00
3.30,1.81,-8.99,-0.08,0.05,0.00
3.30,1.81,-8.99,-0.08,0.05,0.00
3.30,1.81,-8.99,-0.08,0.05,0.00
3.14,1.80,-9.07,-0.02,-0.12,0.03
3.14,1.80,-9.07,-0.02,-0.12,0.03
3.14,1.80,-9.07,-0.02,-0.12,0.03
3.14,1.80,-9.07,-0.02,-0.12,0.03
3.14,1.80,-9.07,-0.02,-0.12,0.03
3.14,1.80,-9.07,-0.02,-0.12,0.03
2.75,1.68,-9.13,0.01,-0.15,0.09
2.75,1.68,-9.13,0.01,-0.15,0.09
2.75,1.68,-9.13,0.01,-0.15,0.09
2.75,1.68,-9.13,0.01,-0.15,0.09
2.75,1.68,-9.13,0.01,-0.15,0.09
3.07,1.97,-9.06,0.01,-0.02,0.09
3.07,1.97,-9.06,-0.06,-0.02,0.09
3.07,1.97,-9.06,-0.06,-0.02,0.09
3.07,1.97,-9.06,-0.06,-0.02,0.09
3.07,1.97,-9.06,-0.06,-0.02,0.09
3.07,1.97,-9.06,-0.06,-0.02,0.09
2.95,1.79,-9.00,0.01,0.03,0.02
2.95,1.79,-9.00,0.01,0.03,0.02
2.95,1.79,-9.00,0.01,0.03,0.02
2.95,1.79,-9.00,0.01,0.03,0.02
2.95,1.79,-9.00,0.01,0.03,0.02
2.95,1.79,-9.00,0.01,0.03,0.02
3.08,1.73,-9.08,0.01,0.10,0.01
3.08,1.73,-9.08,0.01,0.10,0.01
3.08,1.73,-9.08,0.01,0.10,0.01
3.08,1.73,-9.08,0.01,0.10,0.01
3.08,1.73,-9.08,0.01,0.10,0.01
3.08,1.73,-9.08,0.01,0.10,0.01
3.14,1.75,-9.03,0.00,0.07,0.01
3.14,1.75,-9.03,0.00,0.07,0.01
3.14,1.75,-9.03,0.00,0.07,0.01
3.14,1.75,-9.03,0.00,0.07,0.01
3.14,1.75,-9.03,0.00,0.07,0.01
3.18,1.73,-9.02,0.00,0.06,0.02
3.18,1.73,-9.02,0.00,0.06,0.02
3.18,1.73,-9.02,0.00,0.06,0.02
3.18,1.73,-9.02,0.00,0.06,0.02
3.18,1.73,-9.02,0.00,0.06,0.02
3.18,1.73,-9.02,0.00,0.06,0.02
3.27,1.71,-9.01,-0.00,0.07,0.02
3.27,1.71,-9.01,-0.00,0.07,0.02
3.27,1.71,-9.01,-0.00,0.07,0.02
3.27,1.71,-9.01,-0.00,0.07,0.02
3.27,1.71,-9.01,-0.00,0.07,0.02
3.27,1.71,-9.01,-0.00,0.07,0.02
3.30,1.74,-9.00,-0.01,0.04,0.03
3.30,1.74,-9.00,-0.01,0.04,0.03
3.30,1.74,-9.00,-0.01,0.04,0.03
3.30,1.74,-9.00,-0.01,0.04,0.03
3.30,1.74,-9.00,-0.01,0.04,0.03
3.33,1.73,-8.96,-0.01,0.03,0.04
3.33,1.73,-8.96,-0.01,0.03,0.04
3.33,1.73,-8.96,-0.01,0.03,0.04
3.33,1.73,-8.96,-0.01,0.03,0.04
3.33,1.73,-8.96,-0.01,0.03,0.04
3.33,1.73,-8.96,-0.01,0.03,0.04
3.41,1.72,-8.93,-0.01,0.04,0.06
3.41,1.72,-8.93,-0.01,0.04,0.06
3.41,1.72,-8.93,-0.01,0.04,0.06
3.41,1.72,-8.93,-0.01,0.04,0.06
3.41,1.72,-8.93,-0.01,0.04,0.06
3.41,1.72,-8.93,-0.01,0.04,0.06
3.43,1.74,-8.95,-0.04,0.04,0.09
3.43,1.74,-8.95,-0.04,0.04,0.09
3.43,1.74,-8.95,-0.04,0.04,0.09
3.43,1.74,-8.95,-0.04,0.04,0.09
3.43,1.74,-8.95,-0.04,0.04,0.09
3.47,1.64,-8.94,-0.04,0.01,0.08
3.47,1.64,-8.94,-0.04,0.01,0.08
3.47,1.64,-8.94,-0.04,0.01,0.08
3.47,1.64,-8.94,-0.04,0.01,0.08
3.47,1.64,-8.94,-0.04,0.01,0.08
3.47,1.64,-8.94,-0.04,0.01,0.08
3.06,1.75,-9.06,0.01,-0.03,-0.00
3.06,1.75,-9.06,0.01,-0.03,-0.00
3.06,1.75,-9.06,0.01,-0.03,-0.00
3.06,1.75,-9.06,0.01,-0.03,-0.00
3.06,1.75,-9.06,0.01,-0.03,-0.00
3.06,1.75,-9.06,0.01,-0.03,-0.00
3.25,1.69,-9.01,0.02,0.02,0.02
3.25,1.69,-9.01,0.02,0.02,0.02
3.25,1.69,-9.01,0.02,0.02,0.02
3.25,1.69,-9.01,0.02,0.02,0.02
3.25,1.69,-9.01,0.02,0.02,0.02
3.36,1.66,-8.98,0.02,0.02,0.02
3.36,1.66,-8.98,-0.01,0.03,0.03
3.36,1.66,-8.98,-0.01,0.03,0.03
3.36,1.66,-8.98,-0.01,0.03,0.03
3.36,1.66,-8.98,-0.01,0.03,0.03
3.36,1.66,-8.98,-0.01,0.03,0.03
3.39,1.69,-8.97,-0.02,0.03,0.01
3.39,1.69,-8.97,-0.02,0.03,0.01
3.39,1.69,-8.97,-0.02,0.03,0.01
3.39,1.69,-8.97,-0.02,0.03,0.01
3.39,1.69,-8.97,-0.02,0.03,0.01
3.39,1.69,-8.97,-0.02,0.03,0.01
3.41,1.68,-8.95,-0.01,0.03,0.00
3.41,1.68,-8.95,-0.01,0.03,0.00
3.41,1.68,-8.95,-0.01,0.03,0.00
3.41,1.68,-8.95,-0.01,0.03,0.00
3.41,1.68,-8.95,-0.01,0.03,0.00
3.41,1.68,-8.95,-0.01,0.03,0.00
3.45,1.71,-8.94,-0.01,0.03,0.01
3.45,1.71,-8.94,-0.01,0.03,0.01
3.45,1.71,-8.94,-0.01,0.03,0.01
3.45,1.71,-8.94,-0.01,0.03,0.01
3.45,1.71,-8.94,-0.01,0.03,0.01
3.43,1.68,-8.93,-0.01,0.02,0.00
3.43,1.68,-8.93,-0.01,0.02,0.00
3.43,1.68,-8.93,-0.01,0.02,0.00
3.43,1.68,-8.93,-0.01,0.02,0.00
3.43,1.68,-8.93,-0.01,0.02,0.00
3.43,1.68,-8.93,-0.01,0.02,0.00
3.46,1.70,-8.93,-0.01,0.02,0.00
3.46,1.70,-8.93,-0.01,0.02,0.00
3.46,1.70,-8.93,-0.01,0.02,0.00
3.46,1.70,-8.93,-0.01,0.02,0.00
3.46,1.70,-8.93,-0.01,0.02,0.00
3.46,1.70,-8.93,-0.01,0.02,0.00
3.47,1.69,-8.93,-0.01,0.01,0.00
3.47,1.69,-8.93,-0.01,0.01,0.00
3.47,1.69,-8.93,-0.01,0.01,0.00
3.47,1.69,-8.93,-0.01,0.01,0.00
3.47,1.69,-8.93,-0.01,0.01,0.00
3.49,1.70,-8.92,-0.01,0.02,0.01
3.49,1.70,-8.92,-0.01,0.02,0.01
3.49,1.70,-8.92,-0.01,0.02,0.01
3.49,1.70,-8.92,-0.01,0.02,0.01
3.49,1.70,-8.92,-0.01,0.02,0.01
3.49,1.70,-8.92,-0.01,0.02,0.01
3.47,1.69,-8.92,-0.01,0.01,0.00
3.47,1.69,-8.92,-0.01,0.01,0.00
3.47,1.69,-8.92,-0.01,0.01,0.00
3.47,1.69,-8.92,-0.01,0.01,0.00
3.47,1.69,-8.92,-0.01,0.01,0.00
3.47,1.69,-8.92,-0.01,0.01,0.00
3.47,1.69,-8.93,-0.01,0.01,0.00
3.47,1.69,-8.93,-0.01,0.01,0.00
3.47,1.69,-8.93,-0.01,0.01,0.00
3.47,1.69,-8.93,-0.01,0.01,0.00
3.47,1.69,-8.93,-0.01,0.01,0.00
3.49,1.69,-8.92,-0.00,0.01,0.00
3.49,1.69,-8.92,-0.00,0.01,0.00
3.49,1.69,-8.92,-0.00,0.01,0.00
3.49,1.69,-8.92,-0.00,0.01,0.00
3.49,1.69,-8.92,-0.00,0.01,0.00
3.49,1.69,-8.92,-0.00,0.01,0.00
3.50,1.70,-8.92,-0.01,0.01,-0.00
3.50,1.70,-8.92,-0.01,0.01,-0.00
3.50,1.70,-8.92,-0.01,0.01,-0.00
3.50,1.70,-8.92,-0.01,0.01,-0.00
3.50,1.70,-8.92,-0.01,0.01,-0.00
3.50,1.70,-8.92,-0.01,0.01,-0.00
3.49,1.70,-8.92,-0.01,0.01,0.00
3.49,1.70,-8.92,-0.01,0.01,0.00
3.49,1.70,-8.92,-0.01,0.01,0.00
3.49,1.70,-8.92,-0.01,0.01,0.00
3.49,1.70,-8.92,-0.01,0.01,0.00
3.49,1.70,-8.92,-0.01,0.01,0.00
3.51,1.70,-8.92,-0.01,0.01,0.00
3.51,1.70,-8.92,-0.01,0.01,0.00
3.51,1.70,-8.92,-0.01,0.01,0.00
3.51,1.70,-8.92,-0.01,0.01,0.00
3.51,1.70,-8.92,-0.01,0.01,0.00
3.51,1.69,-8.91,-0.01,0.01,0.00
3.51,1.69,-8.91,-0.01,0.01,0.00
3.51,1.69,-8.91,-0.01,0.01,0.00
3.51,1.69,-8.91,-0.01,0.01,0.00
3.51,1.69,-8.91,-0.01,0.01,0.00
3.51,1.69,-8.91,-0.01,0.01,0.00
3.51,1.70,-8.91,-0.01,0.01,-0.00
3.51,1.70,-8.91,-0.01,0.01,-0.00
3.51,1.70,-8.91,-0.01,0.01,-0.00
3.51,1.70,-8.91,-0.01,0.01,-0.00
3.51,1.70,-8.91,-0.01,0.01,-0.00
3.51,1.70,-8.91,-0.01,0.01,-0.00
3.51,1.70,-8.91,-0.01,0.01,0.00
3.51,1.70,-8.91,-0.01,0.01,0.00
3.51,1.70,-8.91,-0.01,0.01,0.00
3.51,1.70,-8.91,-0.01,0.01,0.00
3.51,1.70,-8.91,-0.01,0.01,0.00
3.51,1.70,-8.92,-0.01,0.01,0.00
3.51,1.70,-8.92,-0.01,0.01,0.00
3.51,1.70,-8.92,-0.01,0.01,0.00
3.51,1.70,-8.92,-0.01,0.01,0.00
3.51,1.70,-8.92,-0.01,0.01,0.00
3.51,1.70,-8.92,-0.01,0.01,0.00
3.50,1.70,-8.91,-0.01,0.01,0.00
3.50,1.70,-8.91,-0.01,0.01,0.00
3.50,1.70,-8.91,-0.01,0.01,0.00
3.50,1.70,-8.91,-0.01,0.01,0.00
3.50,1.70,-8.91,-0.01,0.01,0.00
3.50,1.70,-8.91,-0.01,0.01,0.00
3.50,1.69,-8.91,-0.01,0.01,0.00
3.50,1.69,-8.91,-0.01,0.01,0.00
3.50,1.69,-8.91,-0.01,0.01,0.00
3.50,1.69,-8.91,-0.01,0.01,0.00
3.50,1.69,-8.91,-0.01,0.01,0.00
3.52,1.70,-8.91,-0.01,0.01,0.00
3.52,1.70,-8.91,-0.01,0.01,0.00
3.52,1.70,-8.91,-0.01,0.01,0.00
3.52,1.70,-8.91,-0.01,0.01,0.00
3.52,1.70,-8.91,-0.01,0.01,0.00
3.52,1.70,-8.91,-0.01,0.01,0.00
3.53,1.71,-8.91,-0.01,0.01,0.00
3.53,1.71,-8.91,-0.01,0.01,0.00
3.53,1.71,-8.91,-0.01,0.01,0.00
3.53,1.71,-8.91,-0.01,0.01,0.00
3.53,1.71,-8.91,-0.01,0.01,0.00
3.53,1.71,-8.91,-0.01,0.01,0.00
3.52,1.69,-8.91,-0.01,0.01,0.00
3.52,1.69,-8.91,-0.01,0.01,0.00
3.52,1.69,-8.91,-0.01,0.01,0.00
3.52,1.69,-8.91,-0.01,0.01,0.00
3.52,1.69,-8.91,-0.01,0.01,0.00
3.51,1.71,-8.91,-0.01,0.00,0.00
3.51,1.71,-8.91,-0.01,0.00,0.00
3.51,1.71,-8.91,-0.01,0.00,0.00
3.51,1.71,-8.91,-0.01,0.00,0.00
3.51,1.71,-8.91,-0.01,0.00,0.00
3.51,1.71,-8.91,-0.01,0.00,0.00
3.51,1.69,-8.90,-0.01,0.01,0.00
3.51,1.69,-8.90,-0.01,0.01,0.00
3.51,1.69,-8.90,-0.01,0.01,0.00
3.51,1.69,-8.90,-0.01,0.01,0.00
3.51,1.69,-8.90,-0.01,0.01,0.00
3.51,1.69,-8.90,-0.01,0.01,0.00
3.53,1.69,-8.90,-0.00,0.01,-0.00
3.53,1.69,-8.90,-0.00,0.01,-0.00
3.53,1.69,-8.90,-0.00,0.01,-0.00
3.53,1.69,-8.90,-0.00,0.01,-0.00
3.53,1.69,-8.90,-0.00,0.01,-0.00
3.53,1.70,-8.91,-0.00,0.01,-0.00
3.53,1.70,-8.91,-0.01,0.01,-0.00
3.53,1.70,-8.91,-0.01,0.01,-0.00
3.53,1.70,-8.91,-0.01,0.01,-0.00
3.53,1.70,-8.91,-0.01,0.01,-0.00
3.53,1.70,-8.91,-0.01,0.01,-0.00
3.53,1.71,-8.90,-0.01,0.01,-0.00
3.53,1.71,-8.90,-0.01,0.01,-0.00
3.53,1.71,-8.90,-0.01,0.01,-0.00
3.53,1.71,-8.90,-0.01,0.01,-0.00
3.53,1.71,-8.90,-0.01,0.01,-0.00
3.53,1.71,-8.90,-0.01,0.01,-0.00
3.54,1.69,-8.91,-0.00,0.00,0.00
3.54,1.69,-8.91,-0.00,0.00,0.00
3.54,1.69,-8.91,-0.00,0.00,0.00
3.54,1.69,-8.91,-0.00,0.00,0.00
3.54,1.69,-8.91,-0.00,0.00,0.00
3.54,1.69,-8.91,-0.00,0.00,0.00
3.55,1.75,-8.95,0.02,-0.02,0.02
3.55,1.75,-8.95,0.02,-0.02,0.02
3.55,1.75,-8.95,0.02,-0.02,0.02
3.55,1.75,-8.95,0.02,-0.02,0.02
3.55,1.75,-8.95,0.02,-0.02,0.02
4.29,1.68,-8.66,0.03,0.00,0.01
4.29,1.68,-8.66,0.03,0.00,0.01
4.29,1.68,-8.66,0.03,0.00,0.01
4.29,1.68,-8.66,0.03,0.00,0.01
4.29,1.68,-8.66,0.03,0.00,0.01
4.29,1.68,-8.66,0.03,0.00,0.01
2.88,1.54,-9.05,0.07,-0.13,-0.10
2.88,1.54,-9.05,0.07,-0.13,-0.10
2.88,1.54,-9.05,0.07,-0.13,-0.10
2.88,1.54,-9.05,0.07,-0.13,-0.10
2.88,1.54,-9.05,0.07,-0.13,-0.10
2.88,1.54,-9.05,0.07,-0.13,-0.10
3.09,1.51,-9.05,0.05,-0.04,-0.03
3.09,1.51,-9.05,0.05,-0.04,-0.03
3.09,1.51,-9.05,0.05,-0.04,-0.03
3.09,1.51,-9.05,0.05,-0.04,-0.03
3.09,1.51,-9.05,0.05,-0.04,-0.03
3.33,1.60,-9.02,0.00,0.02,0.02
3.33,1.60,-9.02,0.00,0.02,0.02
3.33,1.60,-9.02,0.00,0.02,0.02
3.33,1.60,-9.02,0.00,0.02,0.02
3.33,1.60,-9.02,0.00,0.02,0.02
3.33,1.60,-9.02,0.00,0.02,0.02
3.39,1.56,-9.01,0.01,0.02,0.01
3.39,1.56,-9.01,0.01,0.02,0.01
3.39,1.56,-9.01,0.01,0.02,0.01
3.39,1.56,-9.01,0.01,0.02,0.01
3.39,1.56,-9.01,0.01,0.02,0.01
3.39,1.56,-9.01,0.01,0.02,0.01
3.73,1.64,-8.85,0.01,0.05,0.00
3.73,1.64,-8.85,0.01,0.05,0.00
3.73,1.64,-8.85,0.01,0.05,0.00
3.73,1.64,-8.85,0.01,0.05,0.00
3.73,1.64,-8.85,0.01,0.05,0.00
3.53,1.55,-8.87,0.02,0.06,-0.05
3.53,1.55,-8.87,0.02,0.06,-0.05
3.53,1.55,-8.87,0.02,0.06,-0.05
3.53,1.55,-8.87,0.02,0.06,-0.05
3.53,1.55,-8.87,0.02,0.06,-0.05
3.53,1.55,-8.87,0.02,0.06,-0.05
3.70,1.61,-8.94,0.03,0.05,-0.10
3.70,1.61,-8.94,0.03,0.05,-0.10
3.70,1.61,-8.94,0.03,0.05,-0.10
3.70,1.61,-8.94,0.03,0.05,-0.10
3.70,1.61,-8.94,0.03,0.05,-0.10
3.70,1.61,-8.94,0.03,0.05,-0.10
3.11,1.45,-9.03,0.06,-0.01,-0.10
3.11,1.45,-9.03,0.06,-0.01,-0.10
3.11,1.45,-9.03,0.06,-0.01,-0.10
3.11,1.45,-9.03,0.06,-0.01,-0.10
3.11,1.45,-9.03,0.06,-0.01,-0.10
3.76,1.56,-8.83,0.06,-0.01,-0.09
3.76,1.56,-8.83,0.01,0.09,-0.09
3.76,1.56,-8.83,0.01,0.09,-0.09
3.76,1.56,-8.83,0.01,0.09,-0.09
3.76,1.56,-8.83,0.01,0.09,-0.09
3.76,1.56,-8.83,0.01,0.09,-0.09
3.22,1.48,-9.05,0.04,-0.00,-0.08
3.22,1.48,-9.05,0.04,-0.00,-0.08
3.22,1.48,-9.05,0.04,-0.00,-0.08
3.22,1.48,-9.05,0.04,-0.00,-0.08
3.22,1.48,-9.05,0.04,-0.00,-0.08
3.22,1.48,-9.05,0.04,-0.00,-0.08
3.29,1.47,-9.06,0.02,0.02,-0.04
3.29,1.47,-9.06,0.02,0.02,-0.04
3.29,1.47,-9.06,0.02,0.02,-0.04
3.29,1.47,-9.06,0.02,0.02,-0.04
3.29,1.47,-9.06,0.02,0.02,-0.04
3.29,1.47,-9.06,0.02,0.02,-0.04
2.83,1.25,-9.26,-0.01,0.03,-0.00
2.83,1.25,-9.26,-0.01,0.03,-0.00
2.83,1.25,-9.26,-0.01,0.03,-0.00
2.83,1.25,-9.26,-0.01,0.03,-0.00
2.83,1.25,-9.26,-0.01,0.03,-0.00
3.96,1.69,-8.82,-0.09,0.14,0.01
3.96,1.69,-8.82,-0.09,0.14,0.01
3.96,1.69,-8.82,-0.09,0.14,0.01
3.96,1.69,-8.82,-0.09,0.14,0.01
3.96,1.69,-8.82,-0.09,0.14,0.01
3.96,1.69,-8.82,-0.09,0.14,0.01
3.76,1.75,-8.86,-0.07,0.05,-0.03
3.76,1.75,-8.86,-0.07,0.05,-0.03
3.76,1.75,-8.86,-0.07,0.05,-0.03
3.76,1.75,-8.86,-0.07,0.05,-0.03
3.76,1.75,-8.86,-0.07,0.05,-0.03
3.76,1.75,-8.86,-0.07,0.05,-0.03
3.36,1.60,-9.06,-0.13,0.05,-0.02
3.36,1.60,-9.06,-0.13,0.05,-0.02
3.36,1.60,-9.06,-0.13,0.05,-0.02
3.36,1.60,-9.06,-0.13,0.05,-0.02
3.36,1.60,-9.06,-0.13,0.05,-0.02
3.21,1.71,-8.97,-0.19,0.02,0.04
3.21,1.71,-8.97,-0.19,0.02,0.04
3.21,1.71,-8.97,-0.19,0.02,0.04
3.21,1.71,-8.97,-0.19,0.02,0.04
3.21,1.71,-8.97,-0.19,0.02,0.04
3.21,1.71,-8.97,-0.19,0.02,0.04
3.68,1.95,-8.82,-0.26,0.02,0.17
3.68,1.95,-8.82,-0.26,0.02,0.17
3.68,1.95,-8.82,-0.26,0.02,0.17
3.68,1.95,-8.82,-0.26,0.02,0.17
3.68,1.95,-8.82,-0.26,0.02,0.17
3.68,1.95,-8.82,-0.26,0.02,0.17
4.13,2.18,-8.33,-0.27,0.11,0.22
4.13,2.18,-8.33,-0.27,0.11,0.22
4.13,2.18,-8.33,-0.27,0.11,0.22
4.13,2.18,-8.33,-0.27,0.11,0.22
4.13,2.18,-8.33,-0.27,0.11,0.22
4.00,2.15,-8.21,-0.15,0.10,0.19
4.00,2.15,-8.21,-0.15,0.10,0.19
4.00,2.15,-8.21,-0.15,0.10,0.19
4.00,2.15,-8.21,-0.15,0.10,0.19
4.00,2.15,-8.21,-0.15,0.10,0.19
4.00,2.15,-8.21,-0.15,0.10,0.19
4.78,2.12,-8.65,0.03,0.03,0.16
4.78,2.12,-8.65,0.03,0.03,0.16
4.78,2.12,-8.65,0.03,0.03,0.16
4.78,2.12,-8.65,0.03,0.03,0.16
4.78,2.12,-8.65,0.03,0.03,0.16
4.78,2.12,-8.65,0.03,0.03,0.16
4.27,2.05,-8.52,0.13,-0.11,0.00
4.27,2.05,-8.52,0.13,-0.11,0.00
4.27,2.05,-8.52,0.13,-0.11,0.00
4.27,2.05,-8.52,0.13,-0.11,0.00
4.27,2.05,-8.52,0.13,-0.11,0.00
3.41,1.81,-9.04,0.13,-0.17,-0.11
3.41,1.81,-9.04,0.15,-0.17,-0.11
3.41,1.81,-9.04,0.15,-0.17,-0.11
3.41,1.81,-9.04,0.15,-0.17,-0.11
3.41,1.81,-9.04,0.15,-0.17,-0.11
3.41,1.81,-9.04,0.15,-0.17,-0.11
3.59,1.86,-8.89,0.04,-0.04,-0.04
3.59,1.86,-8.89,0.04,-0.04,-0.04
3.59,1.86,-8.89,0.04,-0.04,-0.04
3.59,1.86,-8.89,0.04,-0.04,-0.04
3.59,1.86,-8.89,0.04,-0.04,-0.04
3.59,1.86,-8.89,0.04,-0.04,-0.04
3.75,1.91,-8.85,-0.04,0.03,-0.01
3.75,1.91,-8.85,-0.04,0.03,-0.01
3.75,1.91,-8.85,-0.04,0.03,-0.01
3.75,1.91,-8.85,-0.04,0.03,-0.01
3.75,1.91,-8.85,-0.04,0.03,-0.01
3.75,1.91,-8.85,-0.04,0.03,-0.01
3.76,1.92,-8.85,-0.06,0.05,-0.01
3.76,1.92,-8.85,-0.06,0.05,-0.01
3.76,1.92,-8.85,-0.06,0.05,-0.01
3.76,1.92,-8.85,-0.06,0.05,-0.01
3.76,1.92,-8.85,-0.06,0.05,-0.01
3.95,2.01,-8.62,-0.06,0.11,-0.01
3.95,2.01,-8.62,-0.06,0.11,-0.01
3.95,2.01,-8.62,-0.06,0.11,-0.01
3.95,2.01,-8.62,-0.06,0.11,-0.01
3.95,2.01,-8.62,-0.06,0.11,-0.01
3.95,2.01,-8.62,-0.06,0.11,-0.01
3.80,2.01,-8.48,-0.02,0.09,-0.02
3.80,2.01,-8.48,-0.02,0.09,-0.02
3.80,2.01,-8.48,-0.02,0.09,-0.02
3.80,2.01,-8.48,-0.02,0.09,-0.02
3.80,2.01,-8.48,-0.02,0.09,-0.02
3.80,2.01,-8.48,-0.02,0.09,-0.02
4.05,2.00,-8.53,0.04,0.02,0.01
4.05,2.00,-8.53,0.04,0.02,0.01
4.05,2.00,-8.53,0.04,0.02,0.01
4.05,2.00,-8.53,0.04,0.02,0.01
4.05,2.00,-8.53,0.04,0.02,0.01
3.83,1.90,-8.83,0.12,-0.10,-0.01
3.83,1.90,-8.83,0.12,-0.10,-0.01
3.83,1.90,-8.83,0.12,-0.10,-0.01
3.83,1.90,-8.83,0.12,-0.10,-0.01
3.83,1.90,-8.83,0.12,-0.10,-0.01
3.83,1.90,-8.83,0.12,-0.10,-0.01
3.59,1.74,-8.95,0.14,-0.15,-0.01
3.59,1.74,-8.95,0.14,-0.15,-0.01
3.59,1.74,-8.95,0.14,-0.15,-0.01
3.59,1.74,-8.95,0.14,-0.15,-0.01
3.59,1.74,-8.95,0.14,-0.15,-0.01
3.59,1.74,-8.95,0.14,-0.15,-0.01
3.64,1.74,-8.91,0.05,-0.08,0.01
3.64,1.74,-8.91,0.05,-0.08,0.01
3.64,1.74,-8.91,0.05,-0.08,0.01
3.64,1.74,-8.91,0.05,-0.08,0.01
3.64,1.74,-8.91,0.05,-0.08,0.01
3.60,1.75,-8.90,0.01,-0.02,0.01
3.60,1.75,-8.90,0.01,-0.02,0.01
3.60,1.75,-8.90,0.01,-0.02,0.01
3.60,1.75,-8.90,0.01,-0.02,0.01
3.60,1.75,-8.90,0.01,-0.02,0.01
3.60,1.75,-8.90,0.01,-0.02,0.01
3.69,1.72,-8.82,-0.01,0.01,0.01
3.69,1.72,-8.82,-0.01,0.01,0.01
3.69,1.72,-8.82,-0.01,0.01,0.01
3.69,1.72,-8.82,-0.01,0.01,0.01
3.69,1.72,-8.82,-0.01,0.01,0.01
3.69,1.72,-8.82,-0.01,0.01,0.01
3.59,1.74,-8.85,-0.00,-0.00,-0.00
3.59,1.74,-8.85,-0.00,-0.00,-0.00
3.59,1.74,-8.85,-0.00,-0.00,-0.00
3.59,1.74,-8.85,-0.00,-0.00,-0.00
3.59,1.74,-8.85,-0.00,-0.00,-0.00
3.64,1.72,-8.88,-0.00,0.00,-0.01
3.64,1.72,-8.88,0.00,0.00,-0.01
3.64,1.72,-8.88,0.00,0.00,-0.01
3.64,1.72,-8.88,0.00,0.00,-0.01
3.64,1.72,-8.88,0.00,0.00,-0.01
3.64,1.72,-8.88,0.00,0.00,-0.01
3.65,1.73,-8.87,-0.00,0.01,-0.01
3.65,1.73,-8.87,-0.00,0.01,-0.01
3.65,1.73,-8.87,-0.00,0.01,-0.01
3.65,1.73,-8.87,-0.00,0.01,-0.01
3.65,1.73,-8.87,-0.00,0.01,-0.01
3.65,1.73,-8.87,-0.00,0.01,-0.01
3.62,1.76,-8.87,-0.02,0.02,-0.01
3.62,1.76,-8.87,-0.02,0.02,-0.01
3.62,1.76,-8.87,-0.02,0.02,-0.01
3.62,1.76,-8.87,-0.02,0.02,-0.01
3.62,1.76,-8.87,-0.02,0.02,-0.01
3.62,1.76,-8.87,-0.02,0.02,-0.01
3.66,1.75,-8.88,-0.02,0.02,-0.00
3.66,1.75,-8.88,-0.02,0.02,-0.00
3.66,1.75,-8.88,-0.02,0.02,-0.00
3.66,1.75,-8.88,-0.02,0.02,-0.00
3.66,1.75,-8.88,-0.02,0.02,-0.00
3.69,1.68,-8.91,-0.05,0.06,-0.03
3.69,1.68,-8.91,-0.05,0.06,-0.03
3.69,1.68,-8.91,-0.05,0.06,-0.03
3.69,1.68,-8.91,-0.05,0.06,-0.03
3.69,1.68,-8.91,-0.05,0.06,-0.03
3.69,1.68,-8.91,-0.05,0.06,-0.03
4.06,2.01,-8.59,-0.11,0.31,-0.08
4.06,2.01,-8.59,-0.11,0.31,-0.08
4.06,2.01,-8.59,-0.11,0.31,-0.08
4.06,2.01,-8.59,-0.11,0.31,-0.08
4.06,2.01,-8.59,-0.11,0.31,-0.08
4.06,2.01,-8.59,-0.11,0.31,-0.08
4.25,2.13,-8.23,0.01,0.75,-0.14
4.25,2.13,-8.23,0.01,0.75,-0.14
4.25,2.13,-8.23,0.01,0.75,-0.14
4.25,2.13,-8.23,0.01,0.75,-0.14
4.25,2.13,-8.23,0.01,0.75,-0.14
4.30,1.45,-8.84,0.09,0.81,-0.12
4.30,1.45,-8.84,0.09,0.81,-0.12
4.30,1.45,-8.84,0.09,0.81,-0.12
4.30,1.45,-8.84,0.09,0.81,-0.12
4.30,1.45,-8.84,0.09,0.81,-0.12
4.30,1.45,-8.84,0.09,0.81,-0.12
5.07,2.15,-8.06,-0.15,0.87,-0.08
5.07,2.15,-8.06,-0.15,0.87,-0.08
5.07,2.15,-8.06,-0.15,0.87,-0.08
5.07,2.15,-8.06,-0.15,0.87,-0.08
5.07,2.15,-8.06,-0.15,0.87,-0.08
5.07,2.15,-8.06,-0.15,0.87,-0.08
6.27,2.01,-7.20,0.07,0.68,-0.19
6.27,2.01,-7.20,0.07,0.68,-0.19
6.27,2.01,-7.20,0.07,0.68,-0.19
6.27,2.01,-7.20,0.07,0.68,-0.19
6.27,2.01,-7.20,0.07,0.68,-0.19
6.41,2.27,-6.96,0.06,0.12,-0.06
6.41,2.27,-6.96,0.06,0.12,-0.06
6.41,2.27,-6.96,0.06,0.12,-0.06
6.41,2.27,-6.96,0.06,0.12,-0.06
6.41,2.27,-6.96,0.06,0.12,-0.06
6.41,2.27,-6.96,0.06,0.12,-0.06
6.11,1.85,-7.56,0.35,-0.72,0.05
6.11,1.85,-7.56,0.35,-0.72,0.05
6.11,1.85,-7.56,0.35,-0.72,0.05
6.11,1.85,-7.56,0.35,-0.72,0.05
6.11,1.85,-7.56,0.35,-0.72,0.05
6.11,1.85,-7.56,0.35,-0.72,0.05
5.28,1.37,-8.54,0.21,-1.35,0.11
5.28,1.37,-8.54,0.21,-1.35,0.11
5.28,1.37,-8.54,0.21,-1.35,0.11
5.28,1.37,-8.54,0.21,-1.35,0.11
5.28,1.37,-8.54,0.21,-1.35,0.11
3.09,1.97,-9.40,0.21,-1.81,-0.08
3.09,1.97,-9.40,0.02,-1.81,-0.08
3.09,1.97,-9.40,0.02,-1.81,-0.08
3.09,1.97,-9.40,0.02,-1.81,-0.08
3.09,1.97,-9.40,0.02,-1.81,-0.08
3.09,1.97,-9.40,0.02,-1.81,-0.08
1.74,1.37,-9.33,0.07,-1.18,-0.26
1.74,1.37,-9.33,0.07,-1.18,-0.26
1.74,1.37,-9.33,0.07,-1.18,-0.26
1.74,1.37,-9.33,0.07,-1.18,-0.26
1.74,1.37,-9.33,0.07,-1.18,-0.26
1.74,1.37,-9.33,0.07,-1.18,-0.26
1.59,1.61,-8.71,-0.06,-0.36,-0.13
1.59,1.61,-8.71,-0.06,-0.36,-0.13
1.59,1.61,-8.71,-0.06,-0.36,-0.13
1.59,1.61,-8.71,-0.06,-0.36,-0.13
1.59,1.61,-8.71,-0.06,-0.36,-0.13
1.59,1.61,-9.28,-0.06,-0.36,-0.13
2.01,1.73,-9.28,-0.00,0.01,-0.04
2.01,1.73,-9.28,-0.00,0.01,-0.04
2.01,1.73,-9.28,-0.00,0.01,-0.04
2.01,1.73,-9.28,-0.00,0.01,-0.04
2.01,1.73,-9.28,-0.00,0.01,-0.04
1.90,1.65,-9.19,0.03,0.11,0.00
1.90,1.65,-9.19,0.03,0.11,0.00
1.90,1.65,-9.19,0.03,0.11,0.00
1.90,1.65,-9.19,0.03,0.11,0.00
1.90,1.65,-9.19,0.03,0.11,0.00
1.90,1.65,-9.19,0.03,0.11,0.00
2.27,1.58,-9.35,0.02,0.36,0.09
2.27,1.58,-9.35,0.02,0.36,0.09
2.27,1.58,-9.35,0.02,0.36,0.09
2.27,1.58,-9.35,0.02,0.36,0.09
2.27,1.58,-9.35,0.02,0.36,0.09
2.27,1.58,-9.35,0.02,0.36,0.09
3.25,1.73,-9.62,-0.02,0.36,0.11
3.25,1.73,-9.62,-0.02,0.36,0.11
3.25,1.73,-9.62,-0.02,0.36,0.11
3.25,1.73,-9.62,-0.02,0.36,0.11
3.25,1.73,-9.62,-0.02,0.36,0.11
2.48,1.70,-9.65,-0.06,-0.02,-0.05
2.48,1.70,-9.65,-0.06,-0.02,-0.05
2.48,1.70,-9.65,-0.06,-0.02,-0.05
2.48,1.70,-9.65,-0.06,-0.02,-0.05
2.48,1.70,-9.65,-0.06,-0.02,-0.05
2.48,1.70,-9.65,-0.06,-0.02,-0.05
2.19,1.88,-9.49,-0.16,-0.10,-0.05
2.19,1.88,-9.49,-0.16,-0.10,-0.05
2.19,1.88,-9.49,-0.16,-0.10,-0.05
2.19,1.88,-9.49,-0.16,-0.10,-0.05
2.19,1.88,-9.49,-0.16,-0.10,-0.05
2.19,1.88,-9.49,-0.16,-0.10,-0.05
2.47,2.07,-8.74,-0.15,-0.08,-0.03
2.47,2.07,-8.74,-0.15,-0.08,-0.03
2.47,2.07,-8.74,-0.15,-0.08,-0.03
2.47,2.07,-8.74,-0.15,-0.08,-0.03
2.47,2.07,-8.74,-0.15,-0.08,-0.03
2.32,2.26,-8.31,0.09,-0.19,-0.05
2.32,2.26,-8.31,0.09,-0.19,-0.05
2.32,2.26,-8.31,0.09,-0.19,-0.05
2.32,2.26,-8.31,0.09,-0.19,-0.05
2.32,2.26,-8.31,0.09,-0.19,-0.05
2.32,2.26,-8.31,0.09,-0.19,-0.05
2.64,1.71,-8.72,0.40,-0.28,-0.08
2.64,1.71,-8.72,0.40,-0.28,-0.08
2.64,1.71,-8.72,0.40,-0.28,-0.08
2.64,1.71,-8.72,0.40,-0.28,-0.08
2.64,1.71,-8.72,0.40,-0.28,-0.08
2.64,1.71,-8.72,0.40,-0.28,-0.08
2.47,0.85,-9.50,0.48,-0.18,-0.21
2.47,0.85,-9.50,0.48,-0.18,-0.21
2.47,0.85,-9.50,0.48,-0.18,-0.21
2.47,0.85,-9.50,0.48,-0.18,-0.21
2.47,0.85,-9.50,0.48,-0.18,-0.21
2.52,0.75,-9.79,0.16,0.22,-0.37
2.52,0.75,-9.79,0.16,0.22,-0.37
2.52,0.75,-9.79,0.16,0.22,-0.37
2.52,0.75,-9.79,0.16,0.22,-0.37
2.52,0.75,-9.79,0.16,0.22,-0.37
2.52,0.75,-9.79,0.16,0.22,-0.37
2.45,0.92,-9.46,-0.05,0.21,-0.38
2.45,0.92,-9.46,-0.05,0.21,-0.38
2.45,0.92,-9.46,-0.05,0.21,-0.38
2.45,0.92,-9.46,-0.05,0.21,-0.38
2.45,0.92,-9.46,-0.05,0.21,-0.38
2.45,0.92,-9.46,-0.05,0.21,-0.38
2.65,1.46,-9.31,-0.07,0.33,-0.37
2.65,1.46,-9.31,-0.07,0.33,-0.37
2.65,1.46,-9.31,-0.07,0.33,-0.37
2.65,1.46,-9.31,-0.07,0.33,-0.37
2.65,1.46,-9.31,-0.07,0.33,-0.37
2.55,1.51,-9.24,-0.01,0.28,-0.22
2.55,1.51,-9.24,-0.01,0.28,-0.22
2.55,1.51,-9.24,-0.01,0.28,-0.22
2.55,1.51,-9.24,-0.01,0.28,-0.22
2.55,1.51,-9.24,-0.01,0.28,-0.22
2.55,1.51,-9.24,-0.01,0.28,-0.22
2.83,1.36,-9.14,0.03,0.10,-0.09
2.83,1.36,-9.14,0.03,0.10,-0.09
2.83,1.36,-9.14,0.03,0.10,-0.09
2.83,1.36,-9.14,0.03,0.10,-0.09
2.83,1.36,-9.14,0.03,0.10,-0.09
2.83,1.36,-9.14,0.03,0.10,-0.09
2.38,1.68,-9.35,0.03,0.05,-0.05
2.38,1.68,-9.35,0.03,0.05,-0.05
2.38,1.68,-9.35,0.03,0.05,-0.05
2.38,1.68,-9.35,0.03,0.05,-0.05
2.38,1.68,-9.35,0.03,0.05,-0.05
2.38,1.68,-9.23,0.03,0.05,-0.05
2.55,1.53,-9.23,0.02,0.07,0.05
2.55,1.53,-9.23,0.02,0.07,0.05
2.55,1.53,-9.23,0.02,0.07,0.05
2.55,1.53,-9.23,0.02,0.07,0.05
2.55,1.53,-9.23,0.02,0.07,0.05
2.90,1.34,-9.20,-0.01,0.17,0.04
2.90,1.34,-9.20,-0.01,0.17,0.04
2.90,1.34,-9.20,-0.01,0.17,0.04
2.90,1.34,-9.20,-0.01,0.17,0.04
2.90,1.34,-9.20,-0.01,0.17,0.04
2.90,1.34,-9.20,-0.01,0.17,0.04
3.09,1.22,-9.13,-0.01,0.14,-0.01
3.09,1.22,-9.13,-0.01,0.14,-0.01
3.09,1.22,-9.13,-0.01,0.14,-0.01
3.09,1.22,-9.13,-0.01,0.14,-0.01
3.09,1.22,-9.13,-0.01,0.14,-0.01
3.09,1.22,-9.13,-0.01,0.14,-0.01
3.07,1.52,-9.14,-0.03,0.09,0.01
3.07,1.52,-9.14,-0.03,0.09,0.01
3.07,1.52,-9.14,-0.03,0.09,0.01
3.07,1.52,-9.14,-0.03,0.09,0.01
3.07,1.52,-9.14,-0.03,0.09,0.01
3.26,1.35,-9.07,-0.03,0.07,-0.03
3.26,1.35,-9.07,-0.03,0.07,-0.03
3.26,1.35,-9.07,-0.03,0.07,-0.03
3.26,1.35,-9.07,-0.03,0.07,-0.03
3.26,1.35,-9.07,-0.03,0.07,-0.03
3.26,1.35,-9.07,-0.03,0.07,-0.03
3.17,1.40,-9.08,-0.02,0.05,-0.04
3.17,1.40,-9.08,-0.02,0.05,-0.04
3.17,1.40,-9.08,-0.02,0.05,-0.04
3.17,1.40,-9.08,-0.02,0.05,-0.04
3.17,1.40,-9.08,-0.02,0.05,-0.04
3.17,1.40,-9.08,-0.02,0.05,-0.04
3.21,1.43,-9.08,-0.01,0.02,-0.03
3.21,1.43,-9.08,-0.01,0.02,-0.03
3.21,1.43,-9.08,-0.01,0.02,-0.03
3.21,1.43,-9.08,-0.01,0.02,-0.03
3.21,1.43,-9.08,-0.01,0.02,-0.03
3.23,1.43,-9.08,-0.00,-0.00,-0.01
3.23,1.43,-9.08,-0.00,-0.00,-0.01
3.23,1.43,-9.08,-0.00,-0.00,-0.01
3.23,1.43,-9.08,-0.00,-0.00,-0.01
3.23,1.43,-9.08,-0.00,-0.00,-0.01
3.23,1.43,-9.08,-0.00,-0.00,-0.01
3.21,1.43,-9.08,0.01,-0.02,0.02
3.21,1.43,-9.08,0.01,-0.02,0.02
3.21,1.43,-9.08,0.01,-0.02,0.02
3.21,1.43,-9.08,0.01,-0.02,0.02
3.21,1.43,-9.08,0.01,-0.02,0.02
3.21,1.43,-9.08,0.01,-0.02,0.02
3.14,1.41,-9.10,0.01,-0.05,0.05
3.14,1.41,-9.10,0.01,-0.05,0.05
3.14,1.41,-9.10,0.01,-0.05,0.05
3.14,1.41,-9.10,0.01,-0.05,0.05
3.14,1.41,-9.10,0.01,-0.05,0.05
3.10,1.39,-9.12,0.01,-0.08,0.06
3.10,1.39,-9.12,0.01,-0.08,0.06
3.10,1.39,-9.12,0.01,-0.08,0.06
3.10,1.39,-9.12,0.01,-0.08,0.06
3.10,1.39,-9.12,0.01,-0.08,0.06
3.10,1.39,-9.12,0.01,-0.08,0.06
3.03,1.34,-9.13,0.01,-0.09,0.08
3.03,1.34,-9.13,0.01,-0.09,0.08
3.03,1.34,-9.13,0.01,-0.09,0.08
3.03,1.34,-9.13,0.01,-0.09,0.08
3.03,1.34,-9.13,0.01,-0.09,0.08
3.03,1.34,-9.13,0.01,-0.09,0.08
2.82,1.26,-9.14,0.01,-0.11,0.11
2.82,1.26,-9.14,0.01,-0.11,0.11
2.82,1.26,-9.14,0.01,-0.11,0.11
2.82,1.26,-9.14,0.01,-0.11,0.11
2.82,1.26,-9.14,0.01,-0.11,0.11
2.82,1.26,-9.14,0.01,-0.11,0.11
2.96,1.32,-9.17,-0.01,-0.05,0.11
2.96,1.32,-9.17,-0.01,-0.05,0.11
2.96,1.32,-9.17,-0.01,-0.05,0.11
2.96,1.32,-9.17,-0.01,-0.05,0.11
2.96,1.32,-9.17,-0.01,-0.05,0.11
2.92,1.38,-9.23,-0.02,-0.03,0.10
2.92,1.38,-9.23,-0.02,-0.03,0.10
2.92,1.38,-9.23,-0.02,-0.03,0.10
2.92,1.38,-9.23,-0.02,-0.03,0.10
2.92,1.38,-9.23,-0.02,-0.03,0.10
2.92,1.38,-9.23,-0.02,-0.03,0.10
2.88,1.24,-9.18,-0.02,-0.05,0.08
2.88,1.24,-9.18,-0.02,-0.05,0.08
2.88,1.24,-9.18,-0.02,-0.05,0.08
2.88,1.24,-9.18,-0.02,-0.05,0.08
2.88,1.24,-9.18,-0.02,-0.05,0.08
2.88,1.24,-9.18,-0.02,-0.05,0.08
2.73,1.25,-9.20,-0.02,-0.06,0.08
2.73,1.25,-9.20,-0.02,-0.06,0.08
2.73,1.25,-9.20,-0.02,-0.06,0.08
2.73,1.25,-9.20,-0.02,-0.06,0.08
2.73,1.25,-9.20,-0.02,-0.06,0.08
2.82,1.29,-9.21,-0.02,-0.01,0.07
2.82,1.29,-9.21,-0.02,-0.01,0.07
2.82,1.29,-9.21,-0.02,-0.01,0.07
2.82,1.29,-9.21,-0.02,-0.01,0.07
2.82,1.29,-9.21,-0.02,-0.01,0.07
2.82,1.29,-9.21,-0.02,-0.01,0.07
2.81,1.25,-9.21,-0.01,-0.01,0.06
2.81,1.25,-9.21,-0.01,-0.01,0.06
2.81,1.25,-9.21,-0.01,-0.01,0.06
2.81,1.25,-9.21,-0.01,-0.01,0.06
2.81,1.25,-9.21,-0.01,-0.01,0.06
2.81,1.25,-9.21,-0.01,-0.01,0.06
2.75,1.23,-9.21,-0.00,-0.02,0.05
2.75,1.23,-9.21,-0.00,-0.02,0.05
2.75,1.23,-9.21,-0.00,-0.02,0.05
2.75,1.23,-9.21,-0.00,-0.02,0.05
2.75,1.23,-9.21,-0.00,-0.02,0.05
2.77,1.25,-9.22,-0.01,-0.01,0.04
2.77,1.25,-9.22,-0.01,-0.01,0.04
2.77,1.25,-9.22,-0.01,-0.01,0.04
2.77,1.25,-9.22,-0.01,-0.01,0.04
2.77,1.25,-9.22,-0.01,-0.01,0.04
2.77,1.25,-9.22,-0.01,-0.01,0.04
2.74,1.20,-9.24,-0.00,-0.01,0.02
2.74,1.20,-9.24,-0.00,-0.01,0.02
2.74,1.20,-9.24,-0.00,-0.01,0.02
2.74,1.20,-9.24,-0.00,-0.01,0.02
2.74,1.20,-9.24,-0.00,-0.01,0.02
2.74,1.20,-9.24,-0.00,-0.01,0.02
2.78,1.27,-9.24,-0.01,0.01,0.02
2.78,1.27,-9.24,-0.01,0.01,0.02
2.78,1.27,-9.24,-0.01,0.01,0.02
2.78,1.27,-9.24,-0.01,0.01,0.02
2.78,1.27,-9.24,-0.01,0.01,0.02
2.79,1.23,-9.21,-0.02,0.01,0.02
2.79,1.23,-9.21,-0.02,0.01,0.02
2.79,1.23,-9.21,-0.02,0.01,0.02
2.79,1.23,-9.21,-0.02,0.01,0.02
2.79,1.23,-9.21,-0.02,0.01,0.02
2.79,1.23,-9.21,-0.02,0.01,0.02
2.81,1.26,-9.22,-0.02,-0.00,0.02
2.81,1.26,-9.22,-0.02,-0.00,0.02
2.81,1.26,-9.22,-0.02,-0.00,0.02
2.81,1.26,-9.22,-0.02,-0.00,0.02
2.81,1.26,-9.22,-0.02,-0.00,0.02
2.81,1.26,-9.22,-0.02,-0.00,0.02
2.74,1.24,-9.22,-0.00,-0.02,0.02
2.74,1.24,-9.22,-0.00,-0.02,0.02
2.74,1.24,-9.22,-0.00,-0.02,0.02
2.74,1.24,-9.22,-0.00,-0.02,0.02
2.74,1.24,-9.22,-0.00,-0.02,0.02
2.74,1.24,-9.23,-0.00,-0.02,0.02
2.75,1.25,-9.23,-0.00,-0.02,0.01
2.75,1.25,-9.23,-0.00,-0.02,0.01
2.75,1.25,-9.23,-0.00,-0.02,0.01
2.75,1.25,-9.23,-0.00,-0.02,0.01
2.75,1.25,-9.23,-0.00,-0.02,0.01
2.74,1.23,-9.23,-0.00,-0.01,0.01
2.74,1.23,-9.23,-0.00,-0.01,0.01
2.74,1.23,-9.23,-0.00,-0.01,0.01
2.74,1.23,-9.23,-0.00,-0.01,0.01
2.74,1.23,-9.23,-0.00,-0.01,0.01
2.74,1.23,-9.23,-0.00,-0.01,0.01
2.71,1.22,-9.24,-0.00,-0.00,0.01
2.71,1.22,-9.24,-0.00,-0.00,0.01
2.71,1.22,-9.24,-0.00,-0.00,0.01
2.71,1.22,-9.24,-0.00,-0.00,0.01
2.71,1.22,-9.24,-0.00,-0.00,0.01
2.71,1.22,-9.24,-0.00,-0.00,0.01
2.72,1.22,-9.24,-0.00,0.00,0.01
2.72,1.22,-9.24,-0.00,0.00,0.01
2.72,1.22,-9.24,-0.00,0.00,0.01
2.72,1.22,-9.24,-0.00,0.00,0.01
2.72,1.22,-9.24,-0.00,0.00,0.01
2.73,1.21,-9.24,-0.01,0.00,0.01
2.73,1.21,-9.24,-0.01,0.00,0.01
2.73,1.21,-9.24,-0.01,0.00,0.01
2.73,1.21,-9.24,-0.01,0.00,0.01
2.73,1.21,-9.24,-0.01,0.00,0.01
2.73,1.21,-9.24,-0.01,0.00,0.01
2.73,1.21,-9.23,-0.01,0.01,0.00
2.73,1.21,-9.23,-0.01,0.01,0.00
2.73,1.21,-9.23,-0.01,0.01,0.00
2.73,1.21,-9.23,-0.01,0.01,0.00
2.73,1.21,-9.23,-0.01,0.01,0.00
2.73,1.21,-9.23,-0.01,0.01,0.00
2.72,1.23,-9.24,-0.01,0.01,0.00
2.72,1.23,-9.24,-0.01,0.01,0.00
2.72,1.23,-9.24,-0.01,0.01,0.00
2.72,1.23,-9.24,-0.01,0.01,0.00
2.72,1.23,-9.24,-0.01,0.01,0.00
2.74,1.22,-9.24,-0.01,0.01,0.00
2.74,1.22,-9.24,-0.01,0.01,0.00
2.74,1.22,-9.24,-0.01,0.01,0.00
2.74,1.22,-9.24,-0.01,0.01,0.00
2.74,1.22,-9.24,-0.01,0.01,0.00
2.74,1.22,-9.24,-0.01,0.01,0.00
2.74,1.22,-9.24,-0.01,0.01,0.00
2.74,1.22,-9.24,-0.01,0.01,0.00
2.74,1.22,-9.24,-0.01,0.01,0.00
2.74,1.22,-9.24,-0.01,0.01,0.00
2.74,1.22,-9.24,-0.01,0.01,0.00
2.74,1.22,-9.24,-0.01,0.01,0.00
2.73,1.22,-9.24,-0.01,0.01,-0.00
2.73,1.22,-9.24,-0.01,0.01,-0.00
2.73,1.22,-9.24,-0.01,0.01,-0.00
2.73,1.22,-9.24,-0.01,0.01,-0.00
2.73,1.22,-9.24,-0.01,0.01,-0.00
2.72,1.22,-9.24,-0.01,0.01,-0.00
2.72,1.22,-9.24,-0.01,0.01,-0.00
2.72,1.22,-9.24,-0.01,0.01,-0.00
2.72,1.22,-9.24,-0.01,0.01,-0.00
2.72,1.22,-9.24,-0.01,0.01,-0.00
2.72,1.22,-9.24,-0.01,0.01,-0.00
2.75,1.22,-9.24,-0.01,0.01,-0.00
2.75,1.22,-9.24,-0.01,0.01,-0.00
2.75,1.22,-9.24,-0.01,0.01,-0.00
2.75,1.22,-9.24,-0.01,0.01,-0.00
2.75,1.22,-9.24,-0.01,0.01,-0.00
2.75,1.22,-9.24,-0.01,0.01,-0.00
2.76,1.23,-9.23,-0.01,0.01,-0.00
2.76,1.23,-9.23,-0.01,0.01,-0.00
2.76,1.23,-9.23,-0.01,0.01,-0.00
2.76,1.23,-9.23,-0.01,0.01,-0.00
2.76,1.23,-9.23,-0.01,0.01,-0.00
2.74,1.22,-9.24,-0.01,0.01,-0.00
2.74,1.22,-9.24,-0.01,0.01,-0.00
2.74,1.22,-9.24,-0.01,0.01,-0.00
2.74,1.22,-9.24,-0.01,0.01,-0.00
2.74,1.22,-9.24,-0.01,0.01,-0.00
2.74,1.22,-9.24,-0.01,0.01,-0.00
2.74,1.22,-9.22,-0.01,0.01,0.00
2.74,1.22,-9.22,-0.01,0.01,0.00
2.74,1.22,-9.22,-0.01,0.01,0.00
2.74,1.22,-9.22,-0.01,0.01,0.00
2.74,1.22,-9.22,-0.01,0.01,0.00
2.74,1.22,-9.22,-0.01,0.01,0.00
2.75,1.21,-9.23,-0.01,0.02,0.00
2.75,1.21,-9.23,-0.01,0.02,0.00
2.75,1.21,-9.23,-0.01,0.02,0.00
2.75,1.21,-9.23,-0.01,0.02,0.00
2.75,1.21,-9.23,-0.01,0.02,0.00
2.75,1.21,-9.23,-0.01,0.02,0.00
2.78,1.23,-9.22,-0.01,0.02,-0.00
2.78,1.23,-9.22,-0.01,0.02,-0.00
2.78,1.23,-9.22,-0.01,0.02,-0.00
2.78,1.23,-9.22,-0.01,0.02,-0.00
2.78,1.23,-9.22,-0.01,0.02,-0.00
2.79,1.26,-9.23,-0.01,0.01,-0.00
2.79,1.26,-9.23,-0.01,0.01,-0.00
2.79,1.26,-9.23,-0.01,0.01,-0.00
2.79,1.26,-9.23,-0.01,0.01,-0.00
2.79,1.26,-9.23,-0.01,0.01,-0.00
2.79,1.26,-9.23,-0.01,0.01,-0.00
2.79,1.23,-9.23,-0.00,0.00,0.00
2.79,1.23,-9.23,-0.00,0.00,0.00
2.79,1.23,-9.23,-0.00,0.00,0.00
2.79,1.23,-9.23,-0.00,0.00,0.00
2.79,1.23,-9.23,-0.00,0.00,0.00
2.79,1.23,-9.23,-0.00,0.00,0.00
2.76,1.23,-9.23,-0.00,-0.00,0.01
2.76,1.23,-9.23,-0.00,-0.00,0.01
2.76,1.23,-9.23,-0.00,-0.00,0.01
2.76,1.23,-9.23,-0.00,-0.00,0.01
2.76,1.23,-9.23,-0.00,-0.00,0.01
2.76,1.22,-9.23,-0.00,-0.00,0.01
2.76,1.22,-9.23,-0.00,-0.00,0.01
2.76,1.22,-9.23,-0.00,-0.00,0.01
2.76,1.22,-9.23,-0.00,-0.00,0.01
2.76,1.22,-9.23,-0.00,-0.00,0.01
2.76,1.22,-9.23,-0.00,-0.00,0.01
2.75,1.22,-9.23,-0.01,0.00,0.00
2.75,1.22,-9.23,-0.01,0.00,0.00
2.75,1.22,-9.23,-0.01,0.00,0.00
2.75,1.22,-9.23,-0.01,0.00,0.00
2.75,1.22,-9.23,-0.01,0.00,0.00
2.75,1.22,-9.23,-0.01,0.00,0.00
2.76,1.23,-9.23,-0.01,0.00,-0.00
2.76,1.23,-9.23,-0.01,0.00,-0.00
2.76,1.23,-9.23,-0.01,0.00,-0.00
2.76,1.23,-9.23,-0.01,0.00,-0.00
2.76,1.23,-9.23,-0.01,0.00,-0.00
2.77,1.23,-9.23,-0.01,0.00,-0.00
2.77,1.23,-9.23,-0.01,0.00,-0.00
2.77,1.23,-9.23,-0.01,0.00,-0.00
2.77,1.23,-9.23,-0.01,0.00,-0.00
2.77,1.23,-9.23,-0.01,0.00,-0.00
2.77,1.23,-9.23,-0.01,0.00,-0.00
2.75,1.22,-9.23,-0.00,-0.01,-0.00
2.75,1.22,-9.23,-0.00,-0.01,-0.00
2.75,1.22,-9.23,-0.00,-0.01,-0.00
2.75,1.22,-9.23,-0.00,-0.01,-0.00
2.75,1.22,-9.23,-0.00,-0.01,-0.00
2.75,1.22,-9.23,-0.00,-0.01,-0.00
2.74,1.22,-9.23,-0.00,-0.01,-0.00
2.74,1.22,-9.23,-0.00,-0.01,-0.00
2.74,1.22,-9.23,-0.00,-0.01,-0.00
2.74,1.22,-9.23,-0.00,-0.01,-0.00
2.74,1.22,-9.23,-0.00,-0.01,-0.00
2.73,1.24,-9.24,-0.00,-0.01,0.00
2.73,1.24,-9.24,-0.01,-0.00,0.00
2.73,1.24,-9.24,-0.01,-0.00,0.00
2.73,1.24,-9.24,-0.01,-0.00,0.00
2.73,1.24,-9.24,-0.01,-0.00,0.00
2.73,1.24,-9.24,-0.01,-0.00,0.00
2.74,1.21,-9.23,-0.00,0.00,0.00
2.74,1.21,-9.23,-0.00,0.00,0.00
2.74,1.21,-9.23,-0.00,0.00,0.00
2.74,1.21,-9.23,-0.00,0.00,0.00
2.74,1.21,-9.23,-0.00,0.00,0.00
2.74,1.21,-9.23,-0.00,0.00,0.00
2.74,1.22,-9.24,-0.01,-0.00,-0.00
2.74,1.22,-9.24,-0.01,-0.00,-0.00
2.74,1.22,-9.24,-0.01,-0.00,-0.00
2.74,1.22,-9.24,-0.01,-0.00,-0.00
2.74,1.22,-9.24,-0.01,-0.00,-0.00
2.74,1.22,-9.24,-0.01,-0.00,-0.00
2.72,1.21,-9.24,-0.01,-0.00,-0.00
2.72,1.21,-9.24,-0.01,-0.00,-0.00
2.72,1.21,-9.24,-0.01,-0.00,-0.00
2.72,1.21,-9.24,-0.01,-0.00,-0.00
2.72,1.21,-9.24,-0.01,-0.00,-0.00
2.71,1.23,-9.24,-0.01,0.00,-0.00
2.71,1.23,-9.24,-0.01,0.00,-0.00
2.71,1.23,-9.24,-0.01,0.00,-0.00
2.71,1.23,-9.24,-0.01,0.00,-0.00
2.71,1.23,-9.24,-0.01,0.00,-0.00
2.71,1.23,-9.24,-0.01,0.00,-0.00
2.71,1.20,-9.24,-0.01,0.01,-0.00
2.71,1.20,-9.24,-0.01,0.01,-0.00
2.71,1.20,-9.24,-0.01,0.01,-0.00
2.71,1.20,-9.24,-0.01,0.01,-0.00
2.71,1.20,-9.24,-0.01,0.01,-0.00
2.71,1.20,-9.24,-0.01,0.01,-0.00
2.71,1.23,-9.24,-0.01,0.01,-0.00
2.71,1.23,-9.24,-0.01,0.01,-0.00
2.71,1.23,-9.24,-0.01,0.01,-0.00
2.71,1.23,-9.24,-0.01,0.01,-0.00
2.71,1.23,-9.24,-0.01,0.01,-0.00
2.73,1.27,-9.24,-0.01,0.01,-0.00
2.73,1.27,-9.24,-0.01,0.01,-0.00
2.73,1.27,-9.24,-0.01,0.01,-0.00
2.73,1.27,-9.24,-0.01,0.01,-0.00
2.73,1.27,-9.24,-0.01,0.01,-0.00
2.73,1.27,-9.24,-0.01,0.01,-0.00
2.74,1.20,-9.24,-0.00,0.00,-0.00
2.74,1.20,-9.24,-0.00,0.00,-0.00
2.74,1.20,-9.24,-0.00,0.00,-0.00
2.74,1.20,-9.24,-0.00,0.00,-0.00
2.74,1.20,-9.24,-0.00,0.00,-0.00
2.74,1.20,-9.24,-0.00,0.00,-0.00
2.72,1.22,-9.24,-0.01,-0.00,0.00
2.72,1.22,-9.24,-0.01,-0.00,0.00
2.72,1.22,-9.24,-0.01,-0.00,0.00
2.72,1.22,-9.24,-0.01,-0.00,0.00
2.72,1.22,-9.24,-0.01,-0.00,0.00
2.70,1.23,-9.24,-0.01,0.00,0.00
2.70,1.23,-9.24,-0.01,0.00,0.00
2.70,1.23,-9.24,-0.01,0.00,0.00
2.70,1.23,-9.24,-0.01,0.00,0.00
2.70,1.23,-9.24,-0.01,0.00,0.00
2.70,1.23,-9.24,-0.01,0.00,0.00
2.71,1.22,-9.24,-0.01,0.01,0.00
2.71,1.22,-9.24,-0.01,0.01,0.00
2.71,1.22,-9.24,-0.01,0.01,0.00
2.71,1.22,-9.24,-0.01,0.01,0.00
2.71,1.22,-9.24,-0.01,0.01,0.00
2.71,1.22,-9.24,-0.01,0.01,0.00
2.72,1.25,-9.24,-0.01,0.01,-0.01
2.72,1.25,-9.24,-0.01,0.01,-0.01
2.72,1.25,-9.24,-0.01,0.01,-0.01
2.72,1.25,-9.24,-0.01,0.01,-0.01
2.72,1.25,-9.24,-0.01,0.01,-0.01
2.73,1.24,-9.25,-0.00,0.01,-0.00
2.73,1.24,-9.25,-0.00,0.01,-0.00
2.73,1.24,-9.25,-0.00,0.01,-0.00
2.73,1.24,-9.25,-0.00,0.01,-0.00
2.73,1.24,-9.25,-0.00,0.01,-0.00
2.73,1.24,-9.25,-0.00,0.01,-0.00
2.75,1.22,-9.24,-0.00,0.01,0.01
2.75,1.22,-9.24,-0.00,0.01,0.01
2.75,1.22,-9.24,-0.00,0.01,0.01
2.75,1.22,-9.24,-0.00,0.01,0.01
2.75,1.22,-9.24,-0.00,0.01,0.01
2.75,1.22,-9.24,-0.00,0.01,0.01
2.70,1.20,-9.24,-0.00,-0.01,0.02
2.70,1.20,-9.24,-0.00,-0.01,0.02
2.70,1.20,-9.24,-0.00,-0.01,0.02
2.70,1.20,-9.24,-0.00,-0.01,0.02
2.70,1.20,-9.24,-0.00,-0.01,0.02
2.71,1.23,-9.25,-0.00,-0.01,0.02
2.71,1.23,-9.25,-0.00,-0.01,0.02
2.71,1.23,-9.25,-0.00,-0.01,0.02
2.71,1.23,-9.25,-0.00,-0.01,0.02
2.71,1.23,-9.25,-0.00,-0.01,0.02
2.71,1.23,-9.25,-0.00,-0.01,0.02
2.67,1.19,-9.25,-0.00,-0.01,0.01
2.67,1.19,-9.25,-0.00,-0.01,0.01
2.67,1.19,-9.25,-0.00,-0.01,0.01
2.67,1.19,-9.25,-0.00,-0.01,0.01
2.67,1.19,-9.25,-0.00,-0.01,0.01
2.67,1.19,-9.25,-0.00,-0.01,0.01
2.68,1.20,-9.25,-0.01,0.00,-0.00
2.68,1.20,-9.25,-0.01,0.00,-0.00
2.68,1.20,-9.25,-0.01,0.00,-0.00
2.68,1.20,-9.25,-0.01,0.00,-0.00
2.68,1.20,-9.25,-0.01,0.00,-0.00
2.68,1.20,-9.25,-0.01,0.00,-0.00
2.69,1.22,-9.24,-0.01,0.01,-0.01
2.69,1.22,-9.24,-0.01,0.01,-0.01
2.69,1.22,-9.24,-0.01,0.01,-0.01
2.69,1.22,-9.24,-0.01,0.01,-0.01
2.69,1.22,-9.24,-0.01,0.01,-0.01
2.73,1.23,-9.25,-0.01,0.02,-0.02
2.73,1.23,-9.25,-0.01,0.02,-0.02
2.73,1.23,-9.25,-0.01,0.02,-0.02
2.73,1.23,-9.25,-0.01,0.02,-0.02
2.73,1.23,-9.25,-0.01,0.02,-0.02
2.73,1.23,-9.25,-0.01,0.02,-0.02
2.73,1.21,-9.24,-0.01,0.01,-0.01
2.73,1.21,-9.24,-0.01,0.01,-0.01
2.73,1.21,-9.24,-0.01,0.01,-0.01
2.73,1.21,-9.24,-0.01,0.01,-0.01
2.73,1.21,-9.24,-0.01,0.01,-0.01
2.73,1.21,-9.24,-0.01,0.01,-0.01
2.72,1.26,-9.24,-0.01,0.00,-0.00
2.72,1.26,-9.24,-0.01,0.00,-0.00
2.72,1.26,-9.24,-0.01,0.00,-0.00
2.72,1.26,-9.24,-0.01,0.00,-0.00
2.72,1.26,-9.24,-0.01,0.00,-0.00
2.71,1.24,-9.25,-0.00,-0.00,0.00
2.71,1.24,-9.25,-0.00,-0.00,0.00
2.71,1.24,-9.25,-0.00,-0.00,0.00
2.71,1.24,-9.25,-0.00,-0.00,0.00
2.71,1.24,-9.25,-0.00,-0.00,0.00
2.71,1.24,-9.25,-0.00,-0.00,0.00
2.67,1.18,-9.25,-0.00,0.00,-0.00
2.67,1.18,-9.25,-0.00,0.00,-0.00
2.67,1.18,-9.25,-0.00,0.00,-0.00
2.67,1.18,-9.25,-0.00,0.00,-0.00
2.67,1.18,-9.25,-0.00,0.00,-0.00
2.67,1.18,-9.25,-0.00,0.00,-0.00
2.69,1.20,-9.24,-0.01,0.01,-0.02
2.69,1.20,-9.24,-0.01,0.01,-0.02
2.69,1.20,-9.24,-0.01,0.01,-0.02
2.69,1.20,-9.24,-0.01,0.01,-0.02
2.69,1.20,-9.24,-0.01,0.01,-0.02
2.70,1.28,-9.24,-0.02,0.01,-0.03
2.70,1.28,-9.24,-0.02,0.01,-0.03
2.70,1.28,-9.24,-0.02,0.01,-0.03
2.70,1.28,-9.24,-0.02,0.01,-0.03
2.70,1.28,-9.24,-0.02,0.01,-0.03
2.70,1.28,-9.24,-0.02,0.01,-0.03
2.72,1.28,-9.24,-0.02,0.02,-0.04
2.72,1.28,-9.24,-0.02,0.02,-0.04
2.72,1.28,-9.24,-0.02,0.02,-0.04
2.72,1.28,-9.24,-0.02,0.02,-0.04
2.72,1.28,-9.24,-0.02,0.02,-0.04
2.72,1.28,-9.24,-0.02,0.02,-0.04
2.73,1.23,-9.23,-0.01,0.02,-0.03
2.73,1.23,-9.23,-0.01,0.02,-0.03
2.73,1.23,-9.23,-0.01,0.02,-0.03
2.73,1.23,-9.23,-0.01,0.02,-0.03
2.73,1.23,-9.23,-0.01,0.02,-0.03
2.74,1.30,-9.24,-0.01,0.01,-0.02
2.74,1.30,-9.24,-0.01,0.01,-0.02
2.74,1.30,-9.24,-0.01,0.01,-0.02
2.74,1.30,-9.24,-0.01,0.01,-0.02
2.74,1.30,-9.24,-0.01,0.01,-0.02
2.74,1.30,-9.24,-0.01,0.01,-0.02
2.76,1.32,-9.23,-0.01,0.01,-0.01
2.76,1.32,-9.23,-0.01,0.01,-0.01
2.76,1.32,-9.23,-0.01,0.01,-0.01
2.76,1.32,-9.23,-0.01,0.01,-0.01
2.76,1.32,-9.23,-0.01,0.01,-0.01
2.76,1.32,-9.23,-0.01,0.01,-0.01
2.74,1.31,-9.23,-0.00,0.01,-0.00
2.74,1.31,-9.23,-0.00,0.01,-0.00
2.74,1.31,-9.23,-0.00,0.01,-0.00
2.74,1.31,-9.23,-0.00,0.01,-0.00
2.74,1.31,-9.23,-0.00,0.01,-0.00
2.72,1.26,-9.23,-0.00,0.01,0.01
2.72,1.26,-9.23,0.00,-0.00,0.01
2.72,1.26,-9.23,0.00,-0.00,0.01
2.72,1.26,-9.23,0.00,-0.00,0.01
2.72,1.26,-9.23,0.00,-0.00,0.01
2.72,1.26,-9.23,0.00,-0.00,0.01
2.72,1.29,-9.23,-0.00,0.00,0.01
2.72,1.29,-9.23,-0.00,0.00,0.01
2.72,1.29,-9.23,-0.00,0.00,0.01
2.72,1.29,-9.23,-0.00,0.00,0.01
2.72,1.29,-9.23,-0.00,0.00,0.01
2.72,1.29,-9.23,-0.00,0.00,0.01
2.71,1.27,-9.23,-0.00,0.01,0.01
2.71,1.27,-9.23,-0.00,0.01,0.01
2.71,1.27,-9.23,-0.00,0.01,0.01
2.71,1.27,-9.23,-0.00,0.01,0.01
2.71,1.27,-9.23,-0.00,0.01,0.01
2.71,1.27,-9.23,-0.00,0.01,0.01
2.71,1.25,-9.23,-0.00,0.01,0.00
2.71,1.25,-9.23,-0.00,0.01,0.00
2.71,1.25,-9.23,-0.00,0.01,0.00
2.71,1.25,-9.23,-0.00,0.01,0.00
2.71,1.25,-9.23,-0.00,0.01,0.00
2.73,1.28,-9.23,-0.01,0.01,-0.00
2.73,1.28,-9.23,-0.01,0.01,-0.00
2.73,1.28,-9.23,-0.01,0.01,-0.00
2.73,1.28,-9.23,-0.01,0.01,-0.00
2.73,1.28,-9.23,-0.01,0.01,-0.00
2.73,1.28,-9.23,-0.01,0.01,-0.00
2.75,1.29,-9.23,-0.01,0.01,-0.00
2.75,1.29,-9.23,-0.01,0.01,-0.00
2.75,1.29,-9.23,-0.01,0.01,-0.00
2.75,1.29,-9.23,-0.01,0.01,-0.00
2.75,1.29,-9.23,-0.01,0.01,-0.00
2.75,1.29,-9.23,-0.01,0.01,-0.00
2.75,1.27,-9.23,-0.01,0.01,-0.00
2.75,1.27,-9.23,-0.01,0.01,-0.00
2.75,1.27,-9.23,-0.01,0.01,-0.00
2.75,1.27,-9.23,-0.01,0.01,-0.00
2.75,1.27,-9.23,-0.01,0.01,-0.00
2.73,1.27,-9.23,-0.01,0.01,0.00
2.73,1.27,-9.23,-0.01,0.01,0.00
2.73,1.27,-9.23,-0.01,0.01,0.00
2.73,1.27,-9.23,-0.01,0.01,0.00
2.73,1.27,-9.23,-0.01,0.01,0.00
2.73,1.27,-9.23,-0.01,0.01,0.00
2.72,1.27,-9.22,-0.01,0.01,-0.00
2.72,1.27,-9.22,-0.01,0.01,-0.00
2.72,1.27,-9.22,-0.01,0.01,-0.00
2.72,1.27,-9.22,-0.01,0.01,-0.00
2.72,1.27,-9.22,-0.01,0.01,-0.00
2.72,1.27,-9.22,-0.01,0.01,-0.00
2.76,1.32,-9.21,-0.01,0.02,0.00
2.76,1.32,-9.21,-0.01,0.02,0.00
2.76,1.32,-9.21,-0.01,0.02,0.00
2.76,1.32,-9.21,-0.01,0.02,0.00
2.76,1.32,-9.21,-0.01,0.02,0.00
2.79,1.27,-9.22,-0.00,0.01,0.00
2.79,1.27,-9.22,-0.00,0.01,0.00
2.79,1.27,-9.22,-0.00,0.01,0.00
2.79,1.27,-9.22,-0.00,0.01,0.00
2.79,1.27,-9.22,-0.00,0.01,0.00
2.79,1.27,-9.22,-0.00,0.01,0.00
2.76,1.28,-9.22,-0.00,0.00,0.01
2.76,1.28,-9.22,-0.00,0.00,0.01
2.76,1.28,-9.22,-0.00,0.00,0.01
2.76,1.28,-9.22,-0.00,0.00,0.01
2.76,1.28,-9.22,-0.00,0.00,0.01
2.76,1.28,-9.22,-0.00,0.00,0.01
2.75,1.29,-9.22,-0.00,0.00,0.01
2.75,1.29,-9.22,-0.00,0.00,0.01
2.75,1.29,-9.22,-0.00,0.00,0.01
2.75,1.29,-9.22,-0.00,0.00,0.01
2.75,1.29,-9.22,-0.00,0.00,0.01
2.77,1.25,-9.22,-0.00,0.01,0.00
2.77,1.25,-9.22,-0.00,0.01,0.00
